[2023-12-22T19:02:56.856+0000] {processor.py:157} INFO - Started process (PID=31) to work on /opt/airflow/dags/dag0001.py
[2023-12-22T19:02:56.880+0000] {processor.py:829} INFO - Processing file /opt/airflow/dags/dag0001.py for tasks to queue
[2023-12-22T19:02:56.928+0000] {logging_mixin.py:154} INFO - [2023-12-22T19:02:56.928+0000] {dagbag.py:536} INFO - Filling up the DagBag from /opt/airflow/dags/dag0001.py
[2023-12-22T19:02:57.008+0000] {processor.py:839} INFO - DAG(s) dict_keys(['my_dag']) retrieved from /opt/airflow/dags/dag0001.py
[2023-12-22T19:02:57.743+0000] {logging_mixin.py:154} INFO - [2023-12-22T19:02:57.742+0000] {dag.py:2941} INFO - Sync 1 DAGs
[2023-12-22T19:02:57.823+0000] {logging_mixin.py:154} INFO - [2023-12-22T19:02:57.822+0000] {dag.py:3722} INFO - Setting next_dagrun for my_dag to 2023-12-14T00:00:00+00:00, run_after=2023-12-15T00:00:00+00:00
[2023-12-22T19:02:57.873+0000] {processor.py:179} INFO - Processing /opt/airflow/dags/dag0001.py took 1.101 seconds
[2023-12-22T19:03:27.979+0000] {processor.py:157} INFO - Started process (PID=88) to work on /opt/airflow/dags/dag0001.py
[2023-12-22T19:03:27.981+0000] {processor.py:829} INFO - Processing file /opt/airflow/dags/dag0001.py for tasks to queue
[2023-12-22T19:03:27.986+0000] {logging_mixin.py:154} INFO - [2023-12-22T19:03:27.986+0000] {dagbag.py:536} INFO - Filling up the DagBag from /opt/airflow/dags/dag0001.py
[2023-12-22T19:03:28.004+0000] {processor.py:839} INFO - DAG(s) dict_keys(['my_dag']) retrieved from /opt/airflow/dags/dag0001.py
[2023-12-22T19:03:28.042+0000] {logging_mixin.py:154} INFO - [2023-12-22T19:03:28.042+0000] {dag.py:2941} INFO - Sync 1 DAGs
[2023-12-22T19:03:28.078+0000] {logging_mixin.py:154} INFO - [2023-12-22T19:03:28.078+0000] {dag.py:3722} INFO - Setting next_dagrun for my_dag to 2023-12-14T00:00:00+00:00, run_after=2023-12-15T00:00:00+00:00
[2023-12-22T19:03:28.159+0000] {processor.py:179} INFO - Processing /opt/airflow/dags/dag0001.py took 0.187 seconds
[2023-12-22T19:03:58.697+0000] {processor.py:157} INFO - Started process (PID=144) to work on /opt/airflow/dags/dag0001.py
[2023-12-22T19:03:58.700+0000] {processor.py:829} INFO - Processing file /opt/airflow/dags/dag0001.py for tasks to queue
[2023-12-22T19:03:58.704+0000] {logging_mixin.py:154} INFO - [2023-12-22T19:03:58.704+0000] {dagbag.py:536} INFO - Filling up the DagBag from /opt/airflow/dags/dag0001.py
[2023-12-22T19:03:58.718+0000] {processor.py:839} INFO - DAG(s) dict_keys(['my_dag']) retrieved from /opt/airflow/dags/dag0001.py
[2023-12-22T19:03:58.765+0000] {logging_mixin.py:154} INFO - [2023-12-22T19:03:58.763+0000] {dag.py:2941} INFO - Sync 1 DAGs
[2023-12-22T19:03:58.807+0000] {logging_mixin.py:154} INFO - [2023-12-22T19:03:58.807+0000] {dag.py:3722} INFO - Setting next_dagrun for my_dag to 2023-12-14T00:00:00+00:00, run_after=2023-12-15T00:00:00+00:00
[2023-12-22T19:03:58.873+0000] {processor.py:179} INFO - Processing /opt/airflow/dags/dag0001.py took 0.181 seconds
[2023-12-22T19:04:29.201+0000] {processor.py:157} INFO - Started process (PID=198) to work on /opt/airflow/dags/dag0001.py
[2023-12-22T19:04:29.204+0000] {processor.py:829} INFO - Processing file /opt/airflow/dags/dag0001.py for tasks to queue
[2023-12-22T19:04:29.209+0000] {logging_mixin.py:154} INFO - [2023-12-22T19:04:29.208+0000] {dagbag.py:536} INFO - Filling up the DagBag from /opt/airflow/dags/dag0001.py
[2023-12-22T19:04:29.224+0000] {processor.py:839} INFO - DAG(s) dict_keys(['my_dag']) retrieved from /opt/airflow/dags/dag0001.py
[2023-12-22T19:04:29.270+0000] {logging_mixin.py:154} INFO - [2023-12-22T19:04:29.270+0000] {dag.py:2941} INFO - Sync 1 DAGs
[2023-12-22T19:04:29.311+0000] {logging_mixin.py:154} INFO - [2023-12-22T19:04:29.305+0000] {dag.py:3722} INFO - Setting next_dagrun for my_dag to 2023-12-14T00:00:00+00:00, run_after=2023-12-15T00:00:00+00:00
[2023-12-22T19:04:29.342+0000] {processor.py:179} INFO - Processing /opt/airflow/dags/dag0001.py took 0.146 seconds
[2023-12-22T19:05:00.094+0000] {processor.py:157} INFO - Started process (PID=254) to work on /opt/airflow/dags/dag0001.py
[2023-12-22T19:05:00.097+0000] {processor.py:829} INFO - Processing file /opt/airflow/dags/dag0001.py for tasks to queue
[2023-12-22T19:05:00.101+0000] {logging_mixin.py:154} INFO - [2023-12-22T19:05:00.101+0000] {dagbag.py:536} INFO - Filling up the DagBag from /opt/airflow/dags/dag0001.py
[2023-12-22T19:05:00.116+0000] {processor.py:839} INFO - DAG(s) dict_keys(['my_dag']) retrieved from /opt/airflow/dags/dag0001.py
[2023-12-22T19:05:00.153+0000] {logging_mixin.py:154} INFO - [2023-12-22T19:05:00.153+0000] {dag.py:2941} INFO - Sync 1 DAGs
[2023-12-22T19:05:00.187+0000] {logging_mixin.py:154} INFO - [2023-12-22T19:05:00.187+0000] {dag.py:3722} INFO - Setting next_dagrun for my_dag to 2023-12-14T00:00:00+00:00, run_after=2023-12-15T00:00:00+00:00
[2023-12-22T19:05:00.228+0000] {processor.py:179} INFO - Processing /opt/airflow/dags/dag0001.py took 0.142 seconds
[2023-12-22T19:05:31.011+0000] {processor.py:157} INFO - Started process (PID=310) to work on /opt/airflow/dags/dag0001.py
[2023-12-22T19:05:31.015+0000] {processor.py:829} INFO - Processing file /opt/airflow/dags/dag0001.py for tasks to queue
[2023-12-22T19:05:31.021+0000] {logging_mixin.py:154} INFO - [2023-12-22T19:05:31.020+0000] {dagbag.py:536} INFO - Filling up the DagBag from /opt/airflow/dags/dag0001.py
[2023-12-22T19:05:31.034+0000] {processor.py:839} INFO - DAG(s) dict_keys(['my_dag']) retrieved from /opt/airflow/dags/dag0001.py
[2023-12-22T19:05:31.076+0000] {logging_mixin.py:154} INFO - [2023-12-22T19:05:31.076+0000] {dag.py:2941} INFO - Sync 1 DAGs
[2023-12-22T19:05:31.111+0000] {logging_mixin.py:154} INFO - [2023-12-22T19:05:31.111+0000] {dag.py:3722} INFO - Setting next_dagrun for my_dag to 2023-12-14T00:00:00+00:00, run_after=2023-12-15T00:00:00+00:00
[2023-12-22T19:05:31.154+0000] {processor.py:179} INFO - Processing /opt/airflow/dags/dag0001.py took 0.148 seconds
[2023-12-22T19:06:01.234+0000] {processor.py:157} INFO - Started process (PID=366) to work on /opt/airflow/dags/dag0001.py
[2023-12-22T19:06:01.236+0000] {processor.py:829} INFO - Processing file /opt/airflow/dags/dag0001.py for tasks to queue
[2023-12-22T19:06:01.241+0000] {logging_mixin.py:154} INFO - [2023-12-22T19:06:01.240+0000] {dagbag.py:536} INFO - Filling up the DagBag from /opt/airflow/dags/dag0001.py
[2023-12-22T19:06:01.254+0000] {processor.py:839} INFO - DAG(s) dict_keys(['my_dag']) retrieved from /opt/airflow/dags/dag0001.py
[2023-12-22T19:06:01.288+0000] {logging_mixin.py:154} INFO - [2023-12-22T19:06:01.287+0000] {dag.py:2941} INFO - Sync 1 DAGs
[2023-12-22T19:06:01.321+0000] {logging_mixin.py:154} INFO - [2023-12-22T19:06:01.321+0000] {dag.py:3722} INFO - Setting next_dagrun for my_dag to 2023-12-14T00:00:00+00:00, run_after=2023-12-15T00:00:00+00:00
[2023-12-22T19:06:01.352+0000] {processor.py:179} INFO - Processing /opt/airflow/dags/dag0001.py took 0.127 seconds
[2023-12-22T19:06:31.731+0000] {processor.py:157} INFO - Started process (PID=422) to work on /opt/airflow/dags/dag0001.py
[2023-12-22T19:06:31.735+0000] {processor.py:829} INFO - Processing file /opt/airflow/dags/dag0001.py for tasks to queue
[2023-12-22T19:06:31.741+0000] {logging_mixin.py:154} INFO - [2023-12-22T19:06:31.739+0000] {dagbag.py:536} INFO - Filling up the DagBag from /opt/airflow/dags/dag0001.py
[2023-12-22T19:06:31.754+0000] {processor.py:839} INFO - DAG(s) dict_keys(['my_dag']) retrieved from /opt/airflow/dags/dag0001.py
[2023-12-22T19:06:31.797+0000] {logging_mixin.py:154} INFO - [2023-12-22T19:06:31.796+0000] {dag.py:2941} INFO - Sync 1 DAGs
[2023-12-22T19:06:31.836+0000] {logging_mixin.py:154} INFO - [2023-12-22T19:06:31.836+0000] {dag.py:3722} INFO - Setting next_dagrun for my_dag to 2023-12-14T00:00:00+00:00, run_after=2023-12-15T00:00:00+00:00
[2023-12-22T19:06:31.869+0000] {processor.py:179} INFO - Processing /opt/airflow/dags/dag0001.py took 0.143 seconds
[2023-12-22T19:07:01.971+0000] {processor.py:157} INFO - Started process (PID=478) to work on /opt/airflow/dags/dag0001.py
[2023-12-22T19:07:01.975+0000] {processor.py:829} INFO - Processing file /opt/airflow/dags/dag0001.py for tasks to queue
[2023-12-22T19:07:01.984+0000] {logging_mixin.py:154} INFO - [2023-12-22T19:07:01.982+0000] {dagbag.py:536} INFO - Filling up the DagBag from /opt/airflow/dags/dag0001.py
[2023-12-22T19:07:02.002+0000] {processor.py:839} INFO - DAG(s) dict_keys(['my_dag']) retrieved from /opt/airflow/dags/dag0001.py
[2023-12-22T19:07:02.034+0000] {logging_mixin.py:154} INFO - [2023-12-22T19:07:02.033+0000] {dag.py:2941} INFO - Sync 1 DAGs
[2023-12-22T19:07:02.070+0000] {logging_mixin.py:154} INFO - [2023-12-22T19:07:02.069+0000] {dag.py:3722} INFO - Setting next_dagrun for my_dag to 2023-12-14T00:00:00+00:00, run_after=2023-12-15T00:00:00+00:00
[2023-12-22T19:07:02.109+0000] {processor.py:179} INFO - Processing /opt/airflow/dags/dag0001.py took 0.150 seconds
[2023-12-22T19:07:32.293+0000] {processor.py:157} INFO - Started process (PID=534) to work on /opt/airflow/dags/dag0001.py
[2023-12-22T19:07:32.297+0000] {processor.py:829} INFO - Processing file /opt/airflow/dags/dag0001.py for tasks to queue
[2023-12-22T19:07:32.302+0000] {logging_mixin.py:154} INFO - [2023-12-22T19:07:32.301+0000] {dagbag.py:536} INFO - Filling up the DagBag from /opt/airflow/dags/dag0001.py
[2023-12-22T19:07:32.319+0000] {processor.py:839} INFO - DAG(s) dict_keys(['my_dag']) retrieved from /opt/airflow/dags/dag0001.py
[2023-12-22T19:07:32.358+0000] {logging_mixin.py:154} INFO - [2023-12-22T19:07:32.357+0000] {dag.py:2941} INFO - Sync 1 DAGs
[2023-12-22T19:07:32.399+0000] {logging_mixin.py:154} INFO - [2023-12-22T19:07:32.399+0000] {dag.py:3722} INFO - Setting next_dagrun for my_dag to 2023-12-14T00:00:00+00:00, run_after=2023-12-15T00:00:00+00:00
[2023-12-22T19:07:32.434+0000] {processor.py:179} INFO - Processing /opt/airflow/dags/dag0001.py took 0.152 seconds
[2023-12-22T19:08:03.086+0000] {processor.py:157} INFO - Started process (PID=590) to work on /opt/airflow/dags/dag0001.py
[2023-12-22T19:08:03.089+0000] {processor.py:829} INFO - Processing file /opt/airflow/dags/dag0001.py for tasks to queue
[2023-12-22T19:08:03.096+0000] {logging_mixin.py:154} INFO - [2023-12-22T19:08:03.095+0000] {dagbag.py:536} INFO - Filling up the DagBag from /opt/airflow/dags/dag0001.py
[2023-12-22T19:08:03.116+0000] {processor.py:839} INFO - DAG(s) dict_keys(['my_dag']) retrieved from /opt/airflow/dags/dag0001.py
[2023-12-22T19:08:03.173+0000] {logging_mixin.py:154} INFO - [2023-12-22T19:08:03.170+0000] {dag.py:2941} INFO - Sync 1 DAGs
[2023-12-22T19:08:03.213+0000] {logging_mixin.py:154} INFO - [2023-12-22T19:08:03.213+0000] {dag.py:3722} INFO - Setting next_dagrun for my_dag to 2023-12-14T00:00:00+00:00, run_after=2023-12-15T00:00:00+00:00
[2023-12-22T19:08:03.240+0000] {processor.py:179} INFO - Processing /opt/airflow/dags/dag0001.py took 0.161 seconds
[2023-12-22T19:08:33.301+0000] {processor.py:157} INFO - Started process (PID=646) to work on /opt/airflow/dags/dag0001.py
[2023-12-22T19:08:33.305+0000] {processor.py:829} INFO - Processing file /opt/airflow/dags/dag0001.py for tasks to queue
[2023-12-22T19:08:33.312+0000] {logging_mixin.py:154} INFO - [2023-12-22T19:08:33.311+0000] {dagbag.py:536} INFO - Filling up the DagBag from /opt/airflow/dags/dag0001.py
[2023-12-22T19:08:33.326+0000] {processor.py:839} INFO - DAG(s) dict_keys(['my_dag']) retrieved from /opt/airflow/dags/dag0001.py
[2023-12-22T19:08:33.363+0000] {logging_mixin.py:154} INFO - [2023-12-22T19:08:33.363+0000] {dag.py:2941} INFO - Sync 1 DAGs
[2023-12-22T19:08:33.397+0000] {logging_mixin.py:154} INFO - [2023-12-22T19:08:33.397+0000] {dag.py:3722} INFO - Setting next_dagrun for my_dag to 2023-12-14T00:00:00+00:00, run_after=2023-12-15T00:00:00+00:00
[2023-12-22T19:08:33.428+0000] {processor.py:179} INFO - Processing /opt/airflow/dags/dag0001.py took 0.135 seconds
[2023-12-22T19:09:03.817+0000] {processor.py:157} INFO - Started process (PID=702) to work on /opt/airflow/dags/dag0001.py
[2023-12-22T19:09:03.820+0000] {processor.py:829} INFO - Processing file /opt/airflow/dags/dag0001.py for tasks to queue
[2023-12-22T19:09:03.826+0000] {logging_mixin.py:154} INFO - [2023-12-22T19:09:03.826+0000] {dagbag.py:536} INFO - Filling up the DagBag from /opt/airflow/dags/dag0001.py
[2023-12-22T19:09:03.847+0000] {processor.py:839} INFO - DAG(s) dict_keys(['my_dag']) retrieved from /opt/airflow/dags/dag0001.py
[2023-12-22T19:09:03.889+0000] {logging_mixin.py:154} INFO - [2023-12-22T19:09:03.889+0000] {dag.py:2941} INFO - Sync 1 DAGs
[2023-12-22T19:09:03.932+0000] {logging_mixin.py:154} INFO - [2023-12-22T19:09:03.932+0000] {dag.py:3722} INFO - Setting next_dagrun for my_dag to 2023-12-14T00:00:00+00:00, run_after=2023-12-15T00:00:00+00:00
[2023-12-22T19:09:03.967+0000] {processor.py:179} INFO - Processing /opt/airflow/dags/dag0001.py took 0.160 seconds
[2023-12-22T19:09:34.136+0000] {processor.py:157} INFO - Started process (PID=758) to work on /opt/airflow/dags/dag0001.py
[2023-12-22T19:09:34.139+0000] {processor.py:829} INFO - Processing file /opt/airflow/dags/dag0001.py for tasks to queue
[2023-12-22T19:09:34.144+0000] {logging_mixin.py:154} INFO - [2023-12-22T19:09:34.143+0000] {dagbag.py:536} INFO - Filling up the DagBag from /opt/airflow/dags/dag0001.py
[2023-12-22T19:09:34.161+0000] {processor.py:839} INFO - DAG(s) dict_keys(['my_dag']) retrieved from /opt/airflow/dags/dag0001.py
[2023-12-22T19:09:34.200+0000] {logging_mixin.py:154} INFO - [2023-12-22T19:09:34.200+0000] {dag.py:2941} INFO - Sync 1 DAGs
[2023-12-22T19:09:34.235+0000] {logging_mixin.py:154} INFO - [2023-12-22T19:09:34.235+0000] {dag.py:3722} INFO - Setting next_dagrun for my_dag to 2023-12-14T00:00:00+00:00, run_after=2023-12-15T00:00:00+00:00
[2023-12-22T19:09:34.268+0000] {processor.py:179} INFO - Processing /opt/airflow/dags/dag0001.py took 0.138 seconds
[2023-12-22T19:10:04.997+0000] {processor.py:157} INFO - Started process (PID=813) to work on /opt/airflow/dags/dag0001.py
[2023-12-22T19:10:05.002+0000] {processor.py:829} INFO - Processing file /opt/airflow/dags/dag0001.py for tasks to queue
[2023-12-22T19:10:05.013+0000] {logging_mixin.py:154} INFO - [2023-12-22T19:10:05.012+0000] {dagbag.py:536} INFO - Filling up the DagBag from /opt/airflow/dags/dag0001.py
[2023-12-22T19:10:05.032+0000] {processor.py:839} INFO - DAG(s) dict_keys(['my_dag']) retrieved from /opt/airflow/dags/dag0001.py
[2023-12-22T19:10:05.115+0000] {logging_mixin.py:154} INFO - [2023-12-22T19:10:05.115+0000] {dag.py:2941} INFO - Sync 1 DAGs
[2023-12-22T19:10:05.172+0000] {logging_mixin.py:154} INFO - [2023-12-22T19:10:05.171+0000] {dag.py:3722} INFO - Setting next_dagrun for my_dag to 2023-12-14T00:00:00+00:00, run_after=2023-12-15T00:00:00+00:00
[2023-12-22T19:10:05.221+0000] {processor.py:179} INFO - Processing /opt/airflow/dags/dag0001.py took 0.251 seconds
[2023-12-22T19:10:35.512+0000] {processor.py:157} INFO - Started process (PID=870) to work on /opt/airflow/dags/dag0001.py
[2023-12-22T19:10:35.515+0000] {processor.py:829} INFO - Processing file /opt/airflow/dags/dag0001.py for tasks to queue
[2023-12-22T19:10:35.519+0000] {logging_mixin.py:154} INFO - [2023-12-22T19:10:35.519+0000] {dagbag.py:536} INFO - Filling up the DagBag from /opt/airflow/dags/dag0001.py
[2023-12-22T19:10:35.536+0000] {processor.py:839} INFO - DAG(s) dict_keys(['my_dag']) retrieved from /opt/airflow/dags/dag0001.py
[2023-12-22T19:10:35.576+0000] {logging_mixin.py:154} INFO - [2023-12-22T19:10:35.576+0000] {dag.py:2941} INFO - Sync 1 DAGs
[2023-12-22T19:10:35.611+0000] {logging_mixin.py:154} INFO - [2023-12-22T19:10:35.611+0000] {dag.py:3722} INFO - Setting next_dagrun for my_dag to 2023-12-14T00:00:00+00:00, run_after=2023-12-15T00:00:00+00:00
[2023-12-22T19:10:35.643+0000] {processor.py:179} INFO - Processing /opt/airflow/dags/dag0001.py took 0.141 seconds
[2023-12-22T19:11:06.525+0000] {processor.py:157} INFO - Started process (PID=926) to work on /opt/airflow/dags/dag0001.py
[2023-12-22T19:11:06.528+0000] {processor.py:829} INFO - Processing file /opt/airflow/dags/dag0001.py for tasks to queue
[2023-12-22T19:11:06.534+0000] {logging_mixin.py:154} INFO - [2023-12-22T19:11:06.534+0000] {dagbag.py:536} INFO - Filling up the DagBag from /opt/airflow/dags/dag0001.py
[2023-12-22T19:11:06.551+0000] {processor.py:839} INFO - DAG(s) dict_keys(['my_dag']) retrieved from /opt/airflow/dags/dag0001.py
[2023-12-22T19:11:06.587+0000] {logging_mixin.py:154} INFO - [2023-12-22T19:11:06.586+0000] {dag.py:2941} INFO - Sync 1 DAGs
[2023-12-22T19:11:06.620+0000] {logging_mixin.py:154} INFO - [2023-12-22T19:11:06.619+0000] {dag.py:3722} INFO - Setting next_dagrun for my_dag to 2023-12-14T00:00:00+00:00, run_after=2023-12-15T00:00:00+00:00
[2023-12-22T19:11:06.654+0000] {processor.py:179} INFO - Processing /opt/airflow/dags/dag0001.py took 0.135 seconds
[2023-12-22T19:11:37.520+0000] {processor.py:157} INFO - Started process (PID=982) to work on /opt/airflow/dags/dag0001.py
[2023-12-22T19:11:37.523+0000] {processor.py:829} INFO - Processing file /opt/airflow/dags/dag0001.py for tasks to queue
[2023-12-22T19:11:37.529+0000] {logging_mixin.py:154} INFO - [2023-12-22T19:11:37.528+0000] {dagbag.py:536} INFO - Filling up the DagBag from /opt/airflow/dags/dag0001.py
[2023-12-22T19:11:37.543+0000] {processor.py:839} INFO - DAG(s) dict_keys(['my_dag']) retrieved from /opt/airflow/dags/dag0001.py
[2023-12-22T19:11:37.580+0000] {logging_mixin.py:154} INFO - [2023-12-22T19:11:37.580+0000] {dag.py:2941} INFO - Sync 1 DAGs
[2023-12-22T19:11:37.614+0000] {logging_mixin.py:154} INFO - [2023-12-22T19:11:37.614+0000] {dag.py:3722} INFO - Setting next_dagrun for my_dag to 2023-12-14T00:00:00+00:00, run_after=2023-12-15T00:00:00+00:00
[2023-12-22T19:11:37.645+0000] {processor.py:179} INFO - Processing /opt/airflow/dags/dag0001.py took 0.130 seconds
[2023-12-22T19:12:08.386+0000] {processor.py:157} INFO - Started process (PID=1038) to work on /opt/airflow/dags/dag0001.py
[2023-12-22T19:12:08.389+0000] {processor.py:829} INFO - Processing file /opt/airflow/dags/dag0001.py for tasks to queue
[2023-12-22T19:12:08.393+0000] {logging_mixin.py:154} INFO - [2023-12-22T19:12:08.393+0000] {dagbag.py:536} INFO - Filling up the DagBag from /opt/airflow/dags/dag0001.py
[2023-12-22T19:12:08.407+0000] {processor.py:839} INFO - DAG(s) dict_keys(['my_dag']) retrieved from /opt/airflow/dags/dag0001.py
[2023-12-22T19:12:08.454+0000] {logging_mixin.py:154} INFO - [2023-12-22T19:12:08.454+0000] {dag.py:2941} INFO - Sync 1 DAGs
[2023-12-22T19:12:08.493+0000] {logging_mixin.py:154} INFO - [2023-12-22T19:12:08.492+0000] {dag.py:3722} INFO - Setting next_dagrun for my_dag to 2023-12-14T00:00:00+00:00, run_after=2023-12-15T00:00:00+00:00
[2023-12-22T19:12:08.539+0000] {processor.py:179} INFO - Processing /opt/airflow/dags/dag0001.py took 0.161 seconds
[2023-12-22T19:12:38.914+0000] {processor.py:157} INFO - Started process (PID=1095) to work on /opt/airflow/dags/dag0001.py
[2023-12-22T19:12:38.916+0000] {processor.py:829} INFO - Processing file /opt/airflow/dags/dag0001.py for tasks to queue
[2023-12-22T19:12:38.921+0000] {logging_mixin.py:154} INFO - [2023-12-22T19:12:38.920+0000] {dagbag.py:536} INFO - Filling up the DagBag from /opt/airflow/dags/dag0001.py
[2023-12-22T19:12:38.935+0000] {processor.py:839} INFO - DAG(s) dict_keys(['my_dag']) retrieved from /opt/airflow/dags/dag0001.py
[2023-12-22T19:12:38.981+0000] {logging_mixin.py:154} INFO - [2023-12-22T19:12:38.981+0000] {dag.py:2941} INFO - Sync 1 DAGs
[2023-12-22T19:12:39.033+0000] {logging_mixin.py:154} INFO - [2023-12-22T19:12:39.033+0000] {dag.py:3722} INFO - Setting next_dagrun for my_dag to 2023-12-14T00:00:00+00:00, run_after=2023-12-15T00:00:00+00:00
[2023-12-22T19:12:39.082+0000] {processor.py:179} INFO - Processing /opt/airflow/dags/dag0001.py took 0.175 seconds
[2023-12-22T19:13:09.155+0000] {processor.py:157} INFO - Started process (PID=1151) to work on /opt/airflow/dags/dag0001.py
[2023-12-22T19:13:09.157+0000] {processor.py:829} INFO - Processing file /opt/airflow/dags/dag0001.py for tasks to queue
[2023-12-22T19:13:09.163+0000] {logging_mixin.py:154} INFO - [2023-12-22T19:13:09.163+0000] {dagbag.py:536} INFO - Filling up the DagBag from /opt/airflow/dags/dag0001.py
[2023-12-22T19:13:09.176+0000] {processor.py:839} INFO - DAG(s) dict_keys(['my_dag']) retrieved from /opt/airflow/dags/dag0001.py
[2023-12-22T19:13:09.214+0000] {logging_mixin.py:154} INFO - [2023-12-22T19:13:09.214+0000] {dag.py:2941} INFO - Sync 1 DAGs
[2023-12-22T19:13:09.248+0000] {logging_mixin.py:154} INFO - [2023-12-22T19:13:09.248+0000] {dag.py:3722} INFO - Setting next_dagrun for my_dag to 2023-12-14T00:00:00+00:00, run_after=2023-12-15T00:00:00+00:00
[2023-12-22T19:13:09.278+0000] {processor.py:179} INFO - Processing /opt/airflow/dags/dag0001.py took 0.129 seconds
[2023-12-22T19:13:39.655+0000] {processor.py:157} INFO - Started process (PID=1207) to work on /opt/airflow/dags/dag0001.py
[2023-12-22T19:13:39.657+0000] {processor.py:829} INFO - Processing file /opt/airflow/dags/dag0001.py for tasks to queue
[2023-12-22T19:13:39.663+0000] {logging_mixin.py:154} INFO - [2023-12-22T19:13:39.662+0000] {dagbag.py:536} INFO - Filling up the DagBag from /opt/airflow/dags/dag0001.py
[2023-12-22T19:13:39.675+0000] {processor.py:839} INFO - DAG(s) dict_keys(['my_dag']) retrieved from /opt/airflow/dags/dag0001.py
[2023-12-22T19:13:39.713+0000] {logging_mixin.py:154} INFO - [2023-12-22T19:13:39.713+0000] {dag.py:2941} INFO - Sync 1 DAGs
[2023-12-22T19:13:39.747+0000] {logging_mixin.py:154} INFO - [2023-12-22T19:13:39.747+0000] {dag.py:3722} INFO - Setting next_dagrun for my_dag to 2023-12-14T00:00:00+00:00, run_after=2023-12-15T00:00:00+00:00
[2023-12-22T19:13:39.778+0000] {processor.py:179} INFO - Processing /opt/airflow/dags/dag0001.py took 0.129 seconds
[2023-12-22T19:14:10.376+0000] {processor.py:157} INFO - Started process (PID=1263) to work on /opt/airflow/dags/dag0001.py
[2023-12-22T19:14:10.381+0000] {processor.py:829} INFO - Processing file /opt/airflow/dags/dag0001.py for tasks to queue
[2023-12-22T19:14:10.399+0000] {logging_mixin.py:154} INFO - [2023-12-22T19:14:10.398+0000] {dagbag.py:536} INFO - Filling up the DagBag from /opt/airflow/dags/dag0001.py
[2023-12-22T19:14:10.427+0000] {processor.py:839} INFO - DAG(s) dict_keys(['my_dag']) retrieved from /opt/airflow/dags/dag0001.py
[2023-12-22T19:14:10.476+0000] {logging_mixin.py:154} INFO - [2023-12-22T19:14:10.476+0000] {dag.py:2941} INFO - Sync 1 DAGs
[2023-12-22T19:14:10.516+0000] {logging_mixin.py:154} INFO - [2023-12-22T19:14:10.515+0000] {dag.py:3722} INFO - Setting next_dagrun for my_dag to 2023-12-14T00:00:00+00:00, run_after=2023-12-15T00:00:00+00:00
[2023-12-22T19:14:10.577+0000] {processor.py:179} INFO - Processing /opt/airflow/dags/dag0001.py took 0.207 seconds
[2023-12-22T19:14:40.674+0000] {processor.py:157} INFO - Started process (PID=1327) to work on /opt/airflow/dags/dag0001.py
[2023-12-22T19:14:40.679+0000] {processor.py:829} INFO - Processing file /opt/airflow/dags/dag0001.py for tasks to queue
[2023-12-22T19:14:40.693+0000] {logging_mixin.py:154} INFO - [2023-12-22T19:14:40.692+0000] {dagbag.py:536} INFO - Filling up the DagBag from /opt/airflow/dags/dag0001.py
[2023-12-22T19:14:40.713+0000] {processor.py:839} INFO - DAG(s) dict_keys(['my_dag']) retrieved from /opt/airflow/dags/dag0001.py
[2023-12-22T19:14:40.753+0000] {logging_mixin.py:154} INFO - [2023-12-22T19:14:40.753+0000] {dag.py:2941} INFO - Sync 1 DAGs
[2023-12-22T19:14:40.788+0000] {logging_mixin.py:154} INFO - [2023-12-22T19:14:40.788+0000] {dag.py:3722} INFO - Setting next_dagrun for my_dag to 2023-12-14T00:00:00+00:00, run_after=2023-12-15T00:00:00+00:00
[2023-12-22T19:14:40.816+0000] {processor.py:179} INFO - Processing /opt/airflow/dags/dag0001.py took 0.159 seconds
[2023-12-22T19:15:11.198+0000] {processor.py:157} INFO - Started process (PID=1383) to work on /opt/airflow/dags/dag0001.py
[2023-12-22T19:15:11.202+0000] {processor.py:829} INFO - Processing file /opt/airflow/dags/dag0001.py for tasks to queue
[2023-12-22T19:15:11.210+0000] {logging_mixin.py:154} INFO - [2023-12-22T19:15:11.209+0000] {dagbag.py:536} INFO - Filling up the DagBag from /opt/airflow/dags/dag0001.py
[2023-12-22T19:15:11.223+0000] {processor.py:839} INFO - DAG(s) dict_keys(['my_dag']) retrieved from /opt/airflow/dags/dag0001.py
[2023-12-22T19:15:11.263+0000] {logging_mixin.py:154} INFO - [2023-12-22T19:15:11.263+0000] {dag.py:2941} INFO - Sync 1 DAGs
[2023-12-22T19:15:11.299+0000] {logging_mixin.py:154} INFO - [2023-12-22T19:15:11.299+0000] {dag.py:3722} INFO - Setting next_dagrun for my_dag to 2023-12-14T00:00:00+00:00, run_after=2023-12-15T00:00:00+00:00
[2023-12-22T19:15:11.348+0000] {processor.py:179} INFO - Processing /opt/airflow/dags/dag0001.py took 0.156 seconds
[2023-12-22T19:15:41.466+0000] {processor.py:157} INFO - Started process (PID=1439) to work on /opt/airflow/dags/dag0001.py
[2023-12-22T19:15:41.470+0000] {processor.py:829} INFO - Processing file /opt/airflow/dags/dag0001.py for tasks to queue
[2023-12-22T19:15:41.475+0000] {logging_mixin.py:154} INFO - [2023-12-22T19:15:41.475+0000] {dagbag.py:536} INFO - Filling up the DagBag from /opt/airflow/dags/dag0001.py
[2023-12-22T19:15:41.488+0000] {processor.py:839} INFO - DAG(s) dict_keys(['my_dag']) retrieved from /opt/airflow/dags/dag0001.py
[2023-12-22T19:15:41.528+0000] {logging_mixin.py:154} INFO - [2023-12-22T19:15:41.527+0000] {dag.py:2941} INFO - Sync 1 DAGs
[2023-12-22T19:15:41.566+0000] {logging_mixin.py:154} INFO - [2023-12-22T19:15:41.566+0000] {dag.py:3722} INFO - Setting next_dagrun for my_dag to 2023-12-14T00:00:00+00:00, run_after=2023-12-15T00:00:00+00:00
[2023-12-22T19:15:41.617+0000] {processor.py:179} INFO - Processing /opt/airflow/dags/dag0001.py took 0.157 seconds
[2023-12-22T19:16:11.673+0000] {processor.py:157} INFO - Started process (PID=1495) to work on /opt/airflow/dags/dag0001.py
[2023-12-22T19:16:11.675+0000] {processor.py:829} INFO - Processing file /opt/airflow/dags/dag0001.py for tasks to queue
[2023-12-22T19:16:11.681+0000] {logging_mixin.py:154} INFO - [2023-12-22T19:16:11.681+0000] {dagbag.py:536} INFO - Filling up the DagBag from /opt/airflow/dags/dag0001.py
[2023-12-22T19:16:11.696+0000] {processor.py:839} INFO - DAG(s) dict_keys(['my_dag']) retrieved from /opt/airflow/dags/dag0001.py
[2023-12-22T19:16:11.739+0000] {logging_mixin.py:154} INFO - [2023-12-22T19:16:11.739+0000] {dag.py:2941} INFO - Sync 1 DAGs
[2023-12-22T19:16:11.781+0000] {logging_mixin.py:154} INFO - [2023-12-22T19:16:11.781+0000] {dag.py:3722} INFO - Setting next_dagrun for my_dag to 2023-12-14T00:00:00+00:00, run_after=2023-12-15T00:00:00+00:00
[2023-12-22T19:16:11.813+0000] {processor.py:179} INFO - Processing /opt/airflow/dags/dag0001.py took 0.146 seconds
[2023-12-22T19:16:41.927+0000] {processor.py:157} INFO - Started process (PID=1551) to work on /opt/airflow/dags/dag0001.py
[2023-12-22T19:16:41.930+0000] {processor.py:829} INFO - Processing file /opt/airflow/dags/dag0001.py for tasks to queue
[2023-12-22T19:16:41.935+0000] {logging_mixin.py:154} INFO - [2023-12-22T19:16:41.934+0000] {dagbag.py:536} INFO - Filling up the DagBag from /opt/airflow/dags/dag0001.py
[2023-12-22T19:16:41.947+0000] {processor.py:839} INFO - DAG(s) dict_keys(['my_dag']) retrieved from /opt/airflow/dags/dag0001.py
[2023-12-22T19:16:41.985+0000] {logging_mixin.py:154} INFO - [2023-12-22T19:16:41.984+0000] {dag.py:2941} INFO - Sync 1 DAGs
[2023-12-22T19:16:42.023+0000] {logging_mixin.py:154} INFO - [2023-12-22T19:16:42.023+0000] {dag.py:3722} INFO - Setting next_dagrun for my_dag to 2023-12-14T00:00:00+00:00, run_after=2023-12-15T00:00:00+00:00
[2023-12-22T19:16:42.063+0000] {processor.py:179} INFO - Processing /opt/airflow/dags/dag0001.py took 0.142 seconds
[2023-12-22T19:17:12.215+0000] {processor.py:157} INFO - Started process (PID=1607) to work on /opt/airflow/dags/dag0001.py
[2023-12-22T19:17:12.217+0000] {processor.py:829} INFO - Processing file /opt/airflow/dags/dag0001.py for tasks to queue
[2023-12-22T19:17:12.222+0000] {logging_mixin.py:154} INFO - [2023-12-22T19:17:12.222+0000] {dagbag.py:536} INFO - Filling up the DagBag from /opt/airflow/dags/dag0001.py
[2023-12-22T19:17:12.236+0000] {processor.py:839} INFO - DAG(s) dict_keys(['my_dag']) retrieved from /opt/airflow/dags/dag0001.py
[2023-12-22T19:17:12.273+0000] {logging_mixin.py:154} INFO - [2023-12-22T19:17:12.272+0000] {dag.py:2941} INFO - Sync 1 DAGs
[2023-12-22T19:17:12.309+0000] {logging_mixin.py:154} INFO - [2023-12-22T19:17:12.309+0000] {dag.py:3722} INFO - Setting next_dagrun for my_dag to 2023-12-14T00:00:00+00:00, run_after=2023-12-15T00:00:00+00:00
[2023-12-22T19:17:12.349+0000] {processor.py:179} INFO - Processing /opt/airflow/dags/dag0001.py took 0.141 seconds
[2023-12-22T19:17:42.639+0000] {processor.py:157} INFO - Started process (PID=1663) to work on /opt/airflow/dags/dag0001.py
[2023-12-22T19:17:42.642+0000] {processor.py:829} INFO - Processing file /opt/airflow/dags/dag0001.py for tasks to queue
[2023-12-22T19:17:42.647+0000] {logging_mixin.py:154} INFO - [2023-12-22T19:17:42.647+0000] {dagbag.py:536} INFO - Filling up the DagBag from /opt/airflow/dags/dag0001.py
[2023-12-22T19:17:42.661+0000] {processor.py:839} INFO - DAG(s) dict_keys(['my_dag']) retrieved from /opt/airflow/dags/dag0001.py
[2023-12-22T19:17:42.719+0000] {logging_mixin.py:154} INFO - [2023-12-22T19:17:42.719+0000] {dag.py:2941} INFO - Sync 1 DAGs
[2023-12-22T19:17:42.753+0000] {logging_mixin.py:154} INFO - [2023-12-22T19:17:42.753+0000] {dag.py:3722} INFO - Setting next_dagrun for my_dag to 2023-12-14T00:00:00+00:00, run_after=2023-12-15T00:00:00+00:00
[2023-12-22T19:17:42.783+0000] {processor.py:179} INFO - Processing /opt/airflow/dags/dag0001.py took 0.151 seconds
[2023-12-22T19:18:13.027+0000] {processor.py:157} INFO - Started process (PID=1720) to work on /opt/airflow/dags/dag0001.py
[2023-12-22T19:18:13.030+0000] {processor.py:829} INFO - Processing file /opt/airflow/dags/dag0001.py for tasks to queue
[2023-12-22T19:18:13.036+0000] {logging_mixin.py:154} INFO - [2023-12-22T19:18:13.035+0000] {dagbag.py:536} INFO - Filling up the DagBag from /opt/airflow/dags/dag0001.py
[2023-12-22T19:18:13.049+0000] {processor.py:839} INFO - DAG(s) dict_keys(['my_dag']) retrieved from /opt/airflow/dags/dag0001.py
[2023-12-22T19:18:13.081+0000] {logging_mixin.py:154} INFO - [2023-12-22T19:18:13.081+0000] {dag.py:2941} INFO - Sync 1 DAGs
[2023-12-22T19:18:13.115+0000] {logging_mixin.py:154} INFO - [2023-12-22T19:18:13.115+0000] {dag.py:3722} INFO - Setting next_dagrun for my_dag to 2023-12-14T00:00:00+00:00, run_after=2023-12-15T00:00:00+00:00
[2023-12-22T19:18:13.154+0000] {processor.py:179} INFO - Processing /opt/airflow/dags/dag0001.py took 0.135 seconds
[2023-12-22T19:18:43.331+0000] {processor.py:157} INFO - Started process (PID=1776) to work on /opt/airflow/dags/dag0001.py
[2023-12-22T19:18:43.334+0000] {processor.py:829} INFO - Processing file /opt/airflow/dags/dag0001.py for tasks to queue
[2023-12-22T19:18:43.339+0000] {logging_mixin.py:154} INFO - [2023-12-22T19:18:43.339+0000] {dagbag.py:536} INFO - Filling up the DagBag from /opt/airflow/dags/dag0001.py
[2023-12-22T19:18:43.353+0000] {processor.py:839} INFO - DAG(s) dict_keys(['my_dag']) retrieved from /opt/airflow/dags/dag0001.py
[2023-12-22T19:18:43.396+0000] {logging_mixin.py:154} INFO - [2023-12-22T19:18:43.395+0000] {dag.py:2941} INFO - Sync 1 DAGs
[2023-12-22T19:18:43.428+0000] {logging_mixin.py:154} INFO - [2023-12-22T19:18:43.428+0000] {dag.py:3722} INFO - Setting next_dagrun for my_dag to 2023-12-14T00:00:00+00:00, run_after=2023-12-15T00:00:00+00:00
[2023-12-22T19:18:43.455+0000] {processor.py:179} INFO - Processing /opt/airflow/dags/dag0001.py took 0.131 seconds
[2023-12-22T19:19:13.666+0000] {processor.py:157} INFO - Started process (PID=1832) to work on /opt/airflow/dags/dag0001.py
[2023-12-22T19:19:13.668+0000] {processor.py:829} INFO - Processing file /opt/airflow/dags/dag0001.py for tasks to queue
[2023-12-22T19:19:13.678+0000] {logging_mixin.py:154} INFO - [2023-12-22T19:19:13.677+0000] {dagbag.py:536} INFO - Filling up the DagBag from /opt/airflow/dags/dag0001.py
[2023-12-22T19:19:13.692+0000] {processor.py:839} INFO - DAG(s) dict_keys(['my_dag']) retrieved from /opt/airflow/dags/dag0001.py
[2023-12-22T19:19:13.730+0000] {logging_mixin.py:154} INFO - [2023-12-22T19:19:13.729+0000] {dag.py:2941} INFO - Sync 1 DAGs
[2023-12-22T19:19:13.764+0000] {logging_mixin.py:154} INFO - [2023-12-22T19:19:13.763+0000] {dag.py:3722} INFO - Setting next_dagrun for my_dag to 2023-12-14T00:00:00+00:00, run_after=2023-12-15T00:00:00+00:00
[2023-12-22T19:19:13.796+0000] {processor.py:179} INFO - Processing /opt/airflow/dags/dag0001.py took 0.135 seconds
[2023-12-22T19:19:43.890+0000] {processor.py:157} INFO - Started process (PID=1888) to work on /opt/airflow/dags/dag0001.py
[2023-12-22T19:19:43.893+0000] {processor.py:829} INFO - Processing file /opt/airflow/dags/dag0001.py for tasks to queue
[2023-12-22T19:19:43.898+0000] {logging_mixin.py:154} INFO - [2023-12-22T19:19:43.898+0000] {dagbag.py:536} INFO - Filling up the DagBag from /opt/airflow/dags/dag0001.py
[2023-12-22T19:19:43.915+0000] {processor.py:839} INFO - DAG(s) dict_keys(['my_dag']) retrieved from /opt/airflow/dags/dag0001.py
[2023-12-22T19:19:43.958+0000] {logging_mixin.py:154} INFO - [2023-12-22T19:19:43.957+0000] {dag.py:2941} INFO - Sync 1 DAGs
[2023-12-22T19:19:43.994+0000] {logging_mixin.py:154} INFO - [2023-12-22T19:19:43.994+0000] {dag.py:3722} INFO - Setting next_dagrun for my_dag to 2023-12-14T00:00:00+00:00, run_after=2023-12-15T00:00:00+00:00
[2023-12-22T19:19:44.028+0000] {processor.py:179} INFO - Processing /opt/airflow/dags/dag0001.py took 0.145 seconds
[2023-12-22T19:20:14.516+0000] {processor.py:157} INFO - Started process (PID=1944) to work on /opt/airflow/dags/dag0001.py
[2023-12-22T19:20:14.519+0000] {processor.py:829} INFO - Processing file /opt/airflow/dags/dag0001.py for tasks to queue
[2023-12-22T19:20:14.525+0000] {logging_mixin.py:154} INFO - [2023-12-22T19:20:14.525+0000] {dagbag.py:536} INFO - Filling up the DagBag from /opt/airflow/dags/dag0001.py
[2023-12-22T19:20:14.548+0000] {processor.py:839} INFO - DAG(s) dict_keys(['my_dag']) retrieved from /opt/airflow/dags/dag0001.py
[2023-12-22T19:20:14.592+0000] {logging_mixin.py:154} INFO - [2023-12-22T19:20:14.592+0000] {dag.py:2941} INFO - Sync 1 DAGs
[2023-12-22T19:20:14.640+0000] {logging_mixin.py:154} INFO - [2023-12-22T19:20:14.640+0000] {dag.py:3722} INFO - Setting next_dagrun for my_dag to 2023-12-14T00:00:00+00:00, run_after=2023-12-15T00:00:00+00:00
[2023-12-22T19:20:14.680+0000] {processor.py:179} INFO - Processing /opt/airflow/dags/dag0001.py took 0.171 seconds
[2023-12-22T20:13:57.569+0000] {processor.py:157} INFO - Started process (PID=30) to work on /opt/airflow/dags/dag0001.py
[2023-12-22T20:13:57.577+0000] {processor.py:829} INFO - Processing file /opt/airflow/dags/dag0001.py for tasks to queue
[2023-12-22T20:13:57.600+0000] {logging_mixin.py:154} INFO - [2023-12-22T20:13:57.599+0000] {dagbag.py:536} INFO - Filling up the DagBag from /opt/airflow/dags/dag0001.py
[2023-12-22T20:13:57.806+0000] {processor.py:839} INFO - DAG(s) dict_keys(['my_dag']) retrieved from /opt/airflow/dags/dag0001.py
[2023-12-22T20:13:58.297+0000] {logging_mixin.py:154} INFO - [2023-12-22T20:13:58.296+0000] {dag.py:2941} INFO - Sync 1 DAGs
[2023-12-22T20:13:58.423+0000] {logging_mixin.py:154} INFO - [2023-12-22T20:13:58.422+0000] {dag.py:3722} INFO - Setting next_dagrun for my_dag to 2023-12-14T00:00:00+00:00, run_after=2023-12-15T00:00:00+00:00
[2023-12-22T20:13:58.509+0000] {processor.py:179} INFO - Processing /opt/airflow/dags/dag0001.py took 0.960 seconds
[2023-12-22T20:14:28.644+0000] {processor.py:157} INFO - Started process (PID=85) to work on /opt/airflow/dags/dag0001.py
[2023-12-22T20:14:28.651+0000] {processor.py:829} INFO - Processing file /opt/airflow/dags/dag0001.py for tasks to queue
[2023-12-22T20:14:28.666+0000] {logging_mixin.py:154} INFO - [2023-12-22T20:14:28.664+0000] {dagbag.py:536} INFO - Filling up the DagBag from /opt/airflow/dags/dag0001.py
[2023-12-22T20:14:28.700+0000] {processor.py:839} INFO - DAG(s) dict_keys(['my_dag']) retrieved from /opt/airflow/dags/dag0001.py
[2023-12-22T20:14:28.772+0000] {logging_mixin.py:154} INFO - [2023-12-22T20:14:28.771+0000] {dag.py:2941} INFO - Sync 1 DAGs
[2023-12-22T20:14:28.829+0000] {logging_mixin.py:154} INFO - [2023-12-22T20:14:28.828+0000] {dag.py:3722} INFO - Setting next_dagrun for my_dag to 2023-12-14T00:00:00+00:00, run_after=2023-12-15T00:00:00+00:00
[2023-12-22T20:14:28.894+0000] {processor.py:179} INFO - Processing /opt/airflow/dags/dag0001.py took 0.271 seconds
[2023-12-22T20:14:59.187+0000] {processor.py:157} INFO - Started process (PID=141) to work on /opt/airflow/dags/dag0001.py
[2023-12-22T20:14:59.190+0000] {processor.py:829} INFO - Processing file /opt/airflow/dags/dag0001.py for tasks to queue
[2023-12-22T20:14:59.195+0000] {logging_mixin.py:154} INFO - [2023-12-22T20:14:59.194+0000] {dagbag.py:536} INFO - Filling up the DagBag from /opt/airflow/dags/dag0001.py
[2023-12-22T20:14:59.210+0000] {processor.py:839} INFO - DAG(s) dict_keys(['my_dag']) retrieved from /opt/airflow/dags/dag0001.py
[2023-12-22T20:14:59.250+0000] {logging_mixin.py:154} INFO - [2023-12-22T20:14:59.249+0000] {dag.py:2941} INFO - Sync 1 DAGs
[2023-12-22T20:14:59.284+0000] {logging_mixin.py:154} INFO - [2023-12-22T20:14:59.283+0000] {dag.py:3722} INFO - Setting next_dagrun for my_dag to 2023-12-14T00:00:00+00:00, run_after=2023-12-15T00:00:00+00:00
[2023-12-22T20:14:59.315+0000] {processor.py:179} INFO - Processing /opt/airflow/dags/dag0001.py took 0.135 seconds
[2023-12-22T20:15:29.610+0000] {processor.py:157} INFO - Started process (PID=197) to work on /opt/airflow/dags/dag0001.py
[2023-12-22T20:15:29.617+0000] {processor.py:829} INFO - Processing file /opt/airflow/dags/dag0001.py for tasks to queue
[2023-12-22T20:15:29.634+0000] {logging_mixin.py:154} INFO - [2023-12-22T20:15:29.633+0000] {dagbag.py:536} INFO - Filling up the DagBag from /opt/airflow/dags/dag0001.py
[2023-12-22T20:15:29.675+0000] {processor.py:839} INFO - DAG(s) dict_keys(['my_dag']) retrieved from /opt/airflow/dags/dag0001.py
[2023-12-22T20:15:29.770+0000] {logging_mixin.py:154} INFO - [2023-12-22T20:15:29.769+0000] {dag.py:2941} INFO - Sync 1 DAGs
[2023-12-22T20:15:29.830+0000] {logging_mixin.py:154} INFO - [2023-12-22T20:15:29.829+0000] {dag.py:3722} INFO - Setting next_dagrun for my_dag to 2023-12-14T00:00:00+00:00, run_after=2023-12-15T00:00:00+00:00
[2023-12-22T20:15:29.875+0000] {processor.py:179} INFO - Processing /opt/airflow/dags/dag0001.py took 0.275 seconds
[2023-12-22T20:16:00.261+0000] {processor.py:157} INFO - Started process (PID=253) to work on /opt/airflow/dags/dag0001.py
[2023-12-22T20:16:00.264+0000] {processor.py:829} INFO - Processing file /opt/airflow/dags/dag0001.py for tasks to queue
[2023-12-22T20:16:00.269+0000] {logging_mixin.py:154} INFO - [2023-12-22T20:16:00.269+0000] {dagbag.py:536} INFO - Filling up the DagBag from /opt/airflow/dags/dag0001.py
[2023-12-22T20:16:00.285+0000] {processor.py:839} INFO - DAG(s) dict_keys(['my_dag']) retrieved from /opt/airflow/dags/dag0001.py
[2023-12-22T20:16:00.327+0000] {logging_mixin.py:154} INFO - [2023-12-22T20:16:00.327+0000] {dag.py:2941} INFO - Sync 1 DAGs
[2023-12-22T20:16:00.370+0000] {logging_mixin.py:154} INFO - [2023-12-22T20:16:00.369+0000] {dag.py:3722} INFO - Setting next_dagrun for my_dag to 2023-12-14T00:00:00+00:00, run_after=2023-12-15T00:00:00+00:00
[2023-12-22T20:16:00.406+0000] {processor.py:179} INFO - Processing /opt/airflow/dags/dag0001.py took 0.151 seconds
[2023-12-22T20:17:44.453+0000] {processor.py:157} INFO - Started process (PID=31) to work on /opt/airflow/dags/dag0001.py
[2023-12-22T20:17:44.458+0000] {processor.py:829} INFO - Processing file /opt/airflow/dags/dag0001.py for tasks to queue
[2023-12-22T20:17:44.469+0000] {logging_mixin.py:154} INFO - [2023-12-22T20:17:44.469+0000] {dagbag.py:536} INFO - Filling up the DagBag from /opt/airflow/dags/dag0001.py
[2023-12-22T20:17:44.532+0000] {processor.py:839} INFO - DAG(s) dict_keys(['my_dag']) retrieved from /opt/airflow/dags/dag0001.py
[2023-12-22T20:17:44.884+0000] {logging_mixin.py:154} INFO - [2023-12-22T20:17:44.883+0000] {dag.py:2941} INFO - Sync 1 DAGs
[2023-12-22T20:17:44.947+0000] {logging_mixin.py:154} INFO - [2023-12-22T20:17:44.947+0000] {dag.py:3722} INFO - Setting next_dagrun for my_dag to 2023-12-14T00:00:00+00:00, run_after=2023-12-15T00:00:00+00:00
[2023-12-22T20:17:45.011+0000] {processor.py:179} INFO - Processing /opt/airflow/dags/dag0001.py took 0.581 seconds
[2023-12-22T20:18:15.634+0000] {processor.py:157} INFO - Started process (PID=86) to work on /opt/airflow/dags/dag0001.py
[2023-12-22T20:18:15.642+0000] {processor.py:829} INFO - Processing file /opt/airflow/dags/dag0001.py for tasks to queue
[2023-12-22T20:18:15.651+0000] {logging_mixin.py:154} INFO - [2023-12-22T20:18:15.650+0000] {dagbag.py:536} INFO - Filling up the DagBag from /opt/airflow/dags/dag0001.py
[2023-12-22T20:18:15.683+0000] {processor.py:839} INFO - DAG(s) dict_keys(['my_dag']) retrieved from /opt/airflow/dags/dag0001.py
[2023-12-22T20:18:15.798+0000] {logging_mixin.py:154} INFO - [2023-12-22T20:18:15.797+0000] {dag.py:2941} INFO - Sync 1 DAGs
[2023-12-22T20:18:15.874+0000] {logging_mixin.py:154} INFO - [2023-12-22T20:18:15.874+0000] {dag.py:3722} INFO - Setting next_dagrun for my_dag to 2023-12-14T00:00:00+00:00, run_after=2023-12-15T00:00:00+00:00
[2023-12-22T20:18:15.914+0000] {processor.py:179} INFO - Processing /opt/airflow/dags/dag0001.py took 0.322 seconds
[2023-12-22T20:18:46.616+0000] {processor.py:157} INFO - Started process (PID=142) to work on /opt/airflow/dags/dag0001.py
[2023-12-22T20:18:46.619+0000] {processor.py:829} INFO - Processing file /opt/airflow/dags/dag0001.py for tasks to queue
[2023-12-22T20:18:46.629+0000] {logging_mixin.py:154} INFO - [2023-12-22T20:18:46.628+0000] {dagbag.py:536} INFO - Filling up the DagBag from /opt/airflow/dags/dag0001.py
[2023-12-22T20:18:46.651+0000] {processor.py:839} INFO - DAG(s) dict_keys(['my_dag']) retrieved from /opt/airflow/dags/dag0001.py
[2023-12-22T20:18:46.766+0000] {logging_mixin.py:154} INFO - [2023-12-22T20:18:46.766+0000] {dag.py:2941} INFO - Sync 1 DAGs
[2023-12-22T20:18:46.808+0000] {logging_mixin.py:154} INFO - [2023-12-22T20:18:46.808+0000] {dag.py:3722} INFO - Setting next_dagrun for my_dag to 2023-12-14T00:00:00+00:00, run_after=2023-12-15T00:00:00+00:00
[2023-12-22T20:18:46.845+0000] {processor.py:179} INFO - Processing /opt/airflow/dags/dag0001.py took 0.255 seconds
[2023-12-22T20:19:17.496+0000] {processor.py:157} INFO - Started process (PID=198) to work on /opt/airflow/dags/dag0001.py
[2023-12-22T20:19:17.499+0000] {processor.py:829} INFO - Processing file /opt/airflow/dags/dag0001.py for tasks to queue
[2023-12-22T20:19:17.506+0000] {logging_mixin.py:154} INFO - [2023-12-22T20:19:17.505+0000] {dagbag.py:536} INFO - Filling up the DagBag from /opt/airflow/dags/dag0001.py
[2023-12-22T20:19:17.524+0000] {processor.py:839} INFO - DAG(s) dict_keys(['my_dag']) retrieved from /opt/airflow/dags/dag0001.py
[2023-12-22T20:19:17.570+0000] {logging_mixin.py:154} INFO - [2023-12-22T20:19:17.570+0000] {dag.py:2941} INFO - Sync 1 DAGs
[2023-12-22T20:19:17.621+0000] {logging_mixin.py:154} INFO - [2023-12-22T20:19:17.620+0000] {dag.py:3722} INFO - Setting next_dagrun for my_dag to 2023-12-14T00:00:00+00:00, run_after=2023-12-15T00:00:00+00:00
[2023-12-22T20:19:17.653+0000] {processor.py:179} INFO - Processing /opt/airflow/dags/dag0001.py took 0.164 seconds
[2023-12-22T20:19:47.985+0000] {processor.py:157} INFO - Started process (PID=254) to work on /opt/airflow/dags/dag0001.py
[2023-12-22T20:19:47.988+0000] {processor.py:829} INFO - Processing file /opt/airflow/dags/dag0001.py for tasks to queue
[2023-12-22T20:19:47.993+0000] {logging_mixin.py:154} INFO - [2023-12-22T20:19:47.992+0000] {dagbag.py:536} INFO - Filling up the DagBag from /opt/airflow/dags/dag0001.py
[2023-12-22T20:19:48.007+0000] {processor.py:839} INFO - DAG(s) dict_keys(['my_dag']) retrieved from /opt/airflow/dags/dag0001.py
[2023-12-22T20:19:48.051+0000] {logging_mixin.py:154} INFO - [2023-12-22T20:19:48.051+0000] {dag.py:2941} INFO - Sync 1 DAGs
[2023-12-22T20:19:48.086+0000] {logging_mixin.py:154} INFO - [2023-12-22T20:19:48.086+0000] {dag.py:3722} INFO - Setting next_dagrun for my_dag to 2023-12-14T00:00:00+00:00, run_after=2023-12-15T00:00:00+00:00
[2023-12-22T20:19:48.114+0000] {processor.py:179} INFO - Processing /opt/airflow/dags/dag0001.py took 0.136 seconds
[2023-12-22T20:20:18.487+0000] {processor.py:157} INFO - Started process (PID=310) to work on /opt/airflow/dags/dag0001.py
[2023-12-22T20:20:18.491+0000] {processor.py:829} INFO - Processing file /opt/airflow/dags/dag0001.py for tasks to queue
[2023-12-22T20:20:18.499+0000] {logging_mixin.py:154} INFO - [2023-12-22T20:20:18.498+0000] {dagbag.py:536} INFO - Filling up the DagBag from /opt/airflow/dags/dag0001.py
[2023-12-22T20:20:18.524+0000] {processor.py:839} INFO - DAG(s) dict_keys(['my_dag']) retrieved from /opt/airflow/dags/dag0001.py
[2023-12-22T20:20:18.570+0000] {logging_mixin.py:154} INFO - [2023-12-22T20:20:18.569+0000] {dag.py:2941} INFO - Sync 1 DAGs
[2023-12-22T20:20:18.609+0000] {logging_mixin.py:154} INFO - [2023-12-22T20:20:18.609+0000] {dag.py:3722} INFO - Setting next_dagrun for my_dag to 2023-12-14T00:00:00+00:00, run_after=2023-12-15T00:00:00+00:00
[2023-12-22T20:20:18.656+0000] {processor.py:179} INFO - Processing /opt/airflow/dags/dag0001.py took 0.177 seconds
[2023-12-22T20:20:48.791+0000] {processor.py:157} INFO - Started process (PID=367) to work on /opt/airflow/dags/dag0001.py
[2023-12-22T20:20:48.793+0000] {processor.py:829} INFO - Processing file /opt/airflow/dags/dag0001.py for tasks to queue
[2023-12-22T20:20:48.798+0000] {logging_mixin.py:154} INFO - [2023-12-22T20:20:48.797+0000] {dagbag.py:536} INFO - Filling up the DagBag from /opt/airflow/dags/dag0001.py
[2023-12-22T20:20:48.810+0000] {processor.py:839} INFO - DAG(s) dict_keys(['my_dag']) retrieved from /opt/airflow/dags/dag0001.py
[2023-12-22T20:20:48.844+0000] {logging_mixin.py:154} INFO - [2023-12-22T20:20:48.844+0000] {dag.py:2941} INFO - Sync 1 DAGs
[2023-12-22T20:20:48.878+0000] {logging_mixin.py:154} INFO - [2023-12-22T20:20:48.878+0000] {dag.py:3722} INFO - Setting next_dagrun for my_dag to 2023-12-14T00:00:00+00:00, run_after=2023-12-15T00:00:00+00:00
[2023-12-22T20:20:48.910+0000] {processor.py:179} INFO - Processing /opt/airflow/dags/dag0001.py took 0.125 seconds
[2023-12-22T20:21:18.996+0000] {processor.py:157} INFO - Started process (PID=421) to work on /opt/airflow/dags/dag0001.py
[2023-12-22T20:21:18.999+0000] {processor.py:829} INFO - Processing file /opt/airflow/dags/dag0001.py for tasks to queue
[2023-12-22T20:21:19.005+0000] {logging_mixin.py:154} INFO - [2023-12-22T20:21:19.004+0000] {dagbag.py:536} INFO - Filling up the DagBag from /opt/airflow/dags/dag0001.py
[2023-12-22T20:21:19.018+0000] {processor.py:839} INFO - DAG(s) dict_keys(['my_dag']) retrieved from /opt/airflow/dags/dag0001.py
[2023-12-22T20:21:19.054+0000] {logging_mixin.py:154} INFO - [2023-12-22T20:21:19.054+0000] {dag.py:2941} INFO - Sync 1 DAGs
[2023-12-22T20:21:19.095+0000] {logging_mixin.py:154} INFO - [2023-12-22T20:21:19.094+0000] {dag.py:3722} INFO - Setting next_dagrun for my_dag to 2023-12-14T00:00:00+00:00, run_after=2023-12-15T00:00:00+00:00
[2023-12-22T20:21:19.136+0000] {processor.py:179} INFO - Processing /opt/airflow/dags/dag0001.py took 0.145 seconds
[2023-12-22T20:21:49.545+0000] {processor.py:157} INFO - Started process (PID=477) to work on /opt/airflow/dags/dag0001.py
[2023-12-22T20:21:49.548+0000] {processor.py:829} INFO - Processing file /opt/airflow/dags/dag0001.py for tasks to queue
[2023-12-22T20:21:49.554+0000] {logging_mixin.py:154} INFO - [2023-12-22T20:21:49.554+0000] {dagbag.py:536} INFO - Filling up the DagBag from /opt/airflow/dags/dag0001.py
[2023-12-22T20:21:49.568+0000] {processor.py:839} INFO - DAG(s) dict_keys(['my_dag']) retrieved from /opt/airflow/dags/dag0001.py
[2023-12-22T20:21:49.612+0000] {logging_mixin.py:154} INFO - [2023-12-22T20:21:49.612+0000] {dag.py:2941} INFO - Sync 1 DAGs
[2023-12-22T20:21:49.646+0000] {logging_mixin.py:154} INFO - [2023-12-22T20:21:49.646+0000] {dag.py:3722} INFO - Setting next_dagrun for my_dag to 2023-12-14T00:00:00+00:00, run_after=2023-12-15T00:00:00+00:00
[2023-12-22T20:21:49.692+0000] {processor.py:179} INFO - Processing /opt/airflow/dags/dag0001.py took 0.153 seconds
[2023-12-22T20:22:20.246+0000] {processor.py:157} INFO - Started process (PID=533) to work on /opt/airflow/dags/dag0001.py
[2023-12-22T20:22:20.251+0000] {processor.py:829} INFO - Processing file /opt/airflow/dags/dag0001.py for tasks to queue
[2023-12-22T20:22:20.267+0000] {logging_mixin.py:154} INFO - [2023-12-22T20:22:20.264+0000] {dagbag.py:536} INFO - Filling up the DagBag from /opt/airflow/dags/dag0001.py
[2023-12-22T20:22:20.361+0000] {processor.py:839} INFO - DAG(s) dict_keys(['my_dag']) retrieved from /opt/airflow/dags/dag0001.py
[2023-12-22T20:22:20.605+0000] {logging_mixin.py:154} INFO - [2023-12-22T20:22:20.604+0000] {dag.py:2941} INFO - Sync 1 DAGs
[2023-12-22T20:22:20.870+0000] {logging_mixin.py:154} INFO - [2023-12-22T20:22:20.869+0000] {dag.py:3722} INFO - Setting next_dagrun for my_dag to 2023-12-14T00:00:00+00:00, run_after=2023-12-15T00:00:00+00:00
[2023-12-22T20:22:21.026+0000] {processor.py:179} INFO - Processing /opt/airflow/dags/dag0001.py took 0.788 seconds
[2023-12-22T20:22:51.776+0000] {processor.py:157} INFO - Started process (PID=588) to work on /opt/airflow/dags/dag0001.py
[2023-12-22T20:22:51.778+0000] {processor.py:829} INFO - Processing file /opt/airflow/dags/dag0001.py for tasks to queue
[2023-12-22T20:22:51.790+0000] {logging_mixin.py:154} INFO - [2023-12-22T20:22:51.789+0000] {dagbag.py:536} INFO - Filling up the DagBag from /opt/airflow/dags/dag0001.py
[2023-12-22T20:22:51.812+0000] {processor.py:839} INFO - DAG(s) dict_keys(['my_dag']) retrieved from /opt/airflow/dags/dag0001.py
[2023-12-22T20:22:51.880+0000] {logging_mixin.py:154} INFO - [2023-12-22T20:22:51.879+0000] {dag.py:2941} INFO - Sync 1 DAGs
[2023-12-22T20:22:51.946+0000] {logging_mixin.py:154} INFO - [2023-12-22T20:22:51.946+0000] {dag.py:3722} INFO - Setting next_dagrun for my_dag to 2023-12-14T00:00:00+00:00, run_after=2023-12-15T00:00:00+00:00
[2023-12-22T20:22:52.000+0000] {processor.py:179} INFO - Processing /opt/airflow/dags/dag0001.py took 0.233 seconds
[2023-12-22T20:24:31.964+0000] {processor.py:157} INFO - Started process (PID=694) to work on /opt/airflow/dags/dag0001.py
[2023-12-22T20:24:32.149+0000] {processor.py:829} INFO - Processing file /opt/airflow/dags/dag0001.py for tasks to queue
[2023-12-22T20:24:32.335+0000] {logging_mixin.py:154} INFO - [2023-12-22T20:24:32.332+0000] {dagbag.py:536} INFO - Filling up the DagBag from /opt/airflow/dags/dag0001.py
[2023-12-22T20:24:32.570+0000] {processor.py:839} INFO - DAG(s) dict_keys(['my_dag']) retrieved from /opt/airflow/dags/dag0001.py
[2023-12-22T20:24:35.397+0000] {logging_mixin.py:154} INFO - [2023-12-22T20:24:35.377+0000] {dag.py:2941} INFO - Sync 1 DAGs
[2023-12-22T20:24:36.024+0000] {logging_mixin.py:154} INFO - [2023-12-22T20:24:36.023+0000] {dag.py:3722} INFO - Setting next_dagrun for my_dag to 2023-12-14T00:00:00+00:00, run_after=2023-12-15T00:00:00+00:00
[2023-12-22T20:24:36.587+0000] {processor.py:179} INFO - Processing /opt/airflow/dags/dag0001.py took 5.513 seconds
[2023-12-22T20:25:36.369+0000] {processor.py:157} INFO - Started process (PID=769) to work on /opt/airflow/dags/dag0001.py
[2023-12-22T20:25:36.422+0000] {processor.py:829} INFO - Processing file /opt/airflow/dags/dag0001.py for tasks to queue
[2023-12-22T20:25:36.760+0000] {logging_mixin.py:154} INFO - [2023-12-22T20:25:36.720+0000] {dagbag.py:536} INFO - Filling up the DagBag from /opt/airflow/dags/dag0001.py
[2023-12-22T20:25:37.127+0000] {processor.py:839} INFO - DAG(s) dict_keys(['my_dag']) retrieved from /opt/airflow/dags/dag0001.py
[2023-12-22T20:25:37.694+0000] {logging_mixin.py:154} INFO - [2023-12-22T20:25:37.692+0000] {dag.py:2941} INFO - Sync 1 DAGs
[2023-12-22T20:25:38.777+0000] {logging_mixin.py:154} INFO - [2023-12-22T20:25:38.764+0000] {dag.py:3722} INFO - Setting next_dagrun for my_dag to 2023-12-14T00:00:00+00:00, run_after=2023-12-15T00:00:00+00:00
[2023-12-22T20:25:40.339+0000] {processor.py:179} INFO - Processing /opt/airflow/dags/dag0001.py took 3.782 seconds
