[2023-12-19T09:58:57.312+0000] {processor.py:157} INFO - Started process (PID=30262) to work on /home/airflow/.local/lib/python3.8/site-packages/airflow/example_dags/example_dag_decorator.py
[2023-12-19T09:58:57.316+0000] {processor.py:829} INFO - Processing file /home/airflow/.local/lib/python3.8/site-packages/airflow/example_dags/example_dag_decorator.py for tasks to queue
[2023-12-19T09:58:57.319+0000] {logging_mixin.py:154} INFO - [2023-12-19T09:58:57.319+0000] {dagbag.py:536} INFO - Filling up the DagBag from /home/airflow/.local/lib/python3.8/site-packages/airflow/example_dags/example_dag_decorator.py
[2023-12-19T09:58:57.558+0000] {processor.py:839} INFO - DAG(s) dict_keys(['example_dag_decorator']) retrieved from /home/airflow/.local/lib/python3.8/site-packages/airflow/example_dags/example_dag_decorator.py
[2023-12-19T09:58:57.924+0000] {logging_mixin.py:154} INFO - [2023-12-19T09:58:57.924+0000] {dag.py:2941} INFO - Sync 1 DAGs
[2023-12-19T09:58:57.960+0000] {logging_mixin.py:154} INFO - [2023-12-19T09:58:57.960+0000] {dag.py:3722} INFO - Setting next_dagrun for example_dag_decorator to None, run_after=None
[2023-12-19T09:58:58.033+0000] {processor.py:179} INFO - Processing /home/airflow/.local/lib/python3.8/site-packages/airflow/example_dags/example_dag_decorator.py took 0.732 seconds
[2023-12-19T09:59:28.171+0000] {processor.py:157} INFO - Started process (PID=30316) to work on /home/airflow/.local/lib/python3.8/site-packages/airflow/example_dags/example_dag_decorator.py
[2023-12-19T09:59:28.174+0000] {processor.py:829} INFO - Processing file /home/airflow/.local/lib/python3.8/site-packages/airflow/example_dags/example_dag_decorator.py for tasks to queue
[2023-12-19T09:59:28.176+0000] {logging_mixin.py:154} INFO - [2023-12-19T09:59:28.176+0000] {dagbag.py:536} INFO - Filling up the DagBag from /home/airflow/.local/lib/python3.8/site-packages/airflow/example_dags/example_dag_decorator.py
[2023-12-19T09:59:28.438+0000] {processor.py:839} INFO - DAG(s) dict_keys(['example_dag_decorator']) retrieved from /home/airflow/.local/lib/python3.8/site-packages/airflow/example_dags/example_dag_decorator.py
[2023-12-19T09:59:28.670+0000] {logging_mixin.py:154} INFO - [2023-12-19T09:59:28.670+0000] {dag.py:2941} INFO - Sync 1 DAGs
[2023-12-19T09:59:28.698+0000] {logging_mixin.py:154} INFO - [2023-12-19T09:59:28.697+0000] {dag.py:3722} INFO - Setting next_dagrun for example_dag_decorator to None, run_after=None
[2023-12-19T09:59:28.744+0000] {processor.py:179} INFO - Processing /home/airflow/.local/lib/python3.8/site-packages/airflow/example_dags/example_dag_decorator.py took 0.591 seconds
[2023-12-19T09:59:58.860+0000] {processor.py:157} INFO - Started process (PID=30372) to work on /home/airflow/.local/lib/python3.8/site-packages/airflow/example_dags/example_dag_decorator.py
[2023-12-19T09:59:58.862+0000] {processor.py:829} INFO - Processing file /home/airflow/.local/lib/python3.8/site-packages/airflow/example_dags/example_dag_decorator.py for tasks to queue
[2023-12-19T09:59:58.865+0000] {logging_mixin.py:154} INFO - [2023-12-19T09:59:58.865+0000] {dagbag.py:536} INFO - Filling up the DagBag from /home/airflow/.local/lib/python3.8/site-packages/airflow/example_dags/example_dag_decorator.py
[2023-12-19T09:59:59.000+0000] {processor.py:839} INFO - DAG(s) dict_keys(['example_dag_decorator']) retrieved from /home/airflow/.local/lib/python3.8/site-packages/airflow/example_dags/example_dag_decorator.py
[2023-12-19T09:59:59.191+0000] {logging_mixin.py:154} INFO - [2023-12-19T09:59:59.190+0000] {dag.py:2941} INFO - Sync 1 DAGs
[2023-12-19T09:59:59.213+0000] {logging_mixin.py:154} INFO - [2023-12-19T09:59:59.213+0000] {dag.py:3722} INFO - Setting next_dagrun for example_dag_decorator to None, run_after=None
[2023-12-19T09:59:59.261+0000] {processor.py:179} INFO - Processing /home/airflow/.local/lib/python3.8/site-packages/airflow/example_dags/example_dag_decorator.py took 0.410 seconds
[2023-12-19T10:00:29.546+0000] {processor.py:157} INFO - Started process (PID=30427) to work on /home/airflow/.local/lib/python3.8/site-packages/airflow/example_dags/example_dag_decorator.py
[2023-12-19T10:00:29.549+0000] {processor.py:829} INFO - Processing file /home/airflow/.local/lib/python3.8/site-packages/airflow/example_dags/example_dag_decorator.py for tasks to queue
[2023-12-19T10:00:29.551+0000] {logging_mixin.py:154} INFO - [2023-12-19T10:00:29.550+0000] {dagbag.py:536} INFO - Filling up the DagBag from /home/airflow/.local/lib/python3.8/site-packages/airflow/example_dags/example_dag_decorator.py
[2023-12-19T10:00:29.671+0000] {processor.py:839} INFO - DAG(s) dict_keys(['example_dag_decorator']) retrieved from /home/airflow/.local/lib/python3.8/site-packages/airflow/example_dags/example_dag_decorator.py
[2023-12-19T10:00:29.845+0000] {logging_mixin.py:154} INFO - [2023-12-19T10:00:29.844+0000] {dag.py:2941} INFO - Sync 1 DAGs
[2023-12-19T10:00:29.865+0000] {logging_mixin.py:154} INFO - [2023-12-19T10:00:29.864+0000] {dag.py:3722} INFO - Setting next_dagrun for example_dag_decorator to None, run_after=None
[2023-12-19T10:00:29.899+0000] {processor.py:179} INFO - Processing /home/airflow/.local/lib/python3.8/site-packages/airflow/example_dags/example_dag_decorator.py took 0.360 seconds
[2023-12-19T10:01:01.122+0000] {processor.py:157} INFO - Started process (PID=30482) to work on /home/airflow/.local/lib/python3.8/site-packages/airflow/example_dags/example_dag_decorator.py
[2023-12-19T10:01:01.127+0000] {processor.py:829} INFO - Processing file /home/airflow/.local/lib/python3.8/site-packages/airflow/example_dags/example_dag_decorator.py for tasks to queue
[2023-12-19T10:01:01.133+0000] {logging_mixin.py:154} INFO - [2023-12-19T10:01:01.131+0000] {dagbag.py:536} INFO - Filling up the DagBag from /home/airflow/.local/lib/python3.8/site-packages/airflow/example_dags/example_dag_decorator.py
[2023-12-19T10:01:01.899+0000] {processor.py:839} INFO - DAG(s) dict_keys(['example_dag_decorator']) retrieved from /home/airflow/.local/lib/python3.8/site-packages/airflow/example_dags/example_dag_decorator.py
[2023-12-19T10:01:04.854+0000] {logging_mixin.py:154} INFO - [2023-12-19T10:01:04.851+0000] {dag.py:2941} INFO - Sync 1 DAGs
[2023-12-19T10:01:04.996+0000] {logging_mixin.py:154} INFO - [2023-12-19T10:01:04.995+0000] {dag.py:3722} INFO - Setting next_dagrun for example_dag_decorator to None, run_after=None
[2023-12-19T10:01:05.947+0000] {processor.py:179} INFO - Processing /home/airflow/.local/lib/python3.8/site-packages/airflow/example_dags/example_dag_decorator.py took 4.836 seconds
[2023-12-19T10:01:36.934+0000] {processor.py:157} INFO - Started process (PID=30538) to work on /home/airflow/.local/lib/python3.8/site-packages/airflow/example_dags/example_dag_decorator.py
[2023-12-19T10:01:36.939+0000] {processor.py:829} INFO - Processing file /home/airflow/.local/lib/python3.8/site-packages/airflow/example_dags/example_dag_decorator.py for tasks to queue
[2023-12-19T10:01:36.942+0000] {logging_mixin.py:154} INFO - [2023-12-19T10:01:36.941+0000] {dagbag.py:536} INFO - Filling up the DagBag from /home/airflow/.local/lib/python3.8/site-packages/airflow/example_dags/example_dag_decorator.py
[2023-12-19T10:01:37.122+0000] {processor.py:839} INFO - DAG(s) dict_keys(['example_dag_decorator']) retrieved from /home/airflow/.local/lib/python3.8/site-packages/airflow/example_dags/example_dag_decorator.py
[2023-12-19T10:01:37.328+0000] {logging_mixin.py:154} INFO - [2023-12-19T10:01:37.328+0000] {dag.py:2941} INFO - Sync 1 DAGs
[2023-12-19T10:01:37.349+0000] {logging_mixin.py:154} INFO - [2023-12-19T10:01:37.349+0000] {dag.py:3722} INFO - Setting next_dagrun for example_dag_decorator to None, run_after=None
[2023-12-19T10:01:37.395+0000] {processor.py:179} INFO - Processing /home/airflow/.local/lib/python3.8/site-packages/airflow/example_dags/example_dag_decorator.py took 0.471 seconds
[2023-12-19T10:02:07.485+0000] {processor.py:157} INFO - Started process (PID=30594) to work on /home/airflow/.local/lib/python3.8/site-packages/airflow/example_dags/example_dag_decorator.py
[2023-12-19T10:02:07.488+0000] {processor.py:829} INFO - Processing file /home/airflow/.local/lib/python3.8/site-packages/airflow/example_dags/example_dag_decorator.py for tasks to queue
[2023-12-19T10:02:07.493+0000] {logging_mixin.py:154} INFO - [2023-12-19T10:02:07.492+0000] {dagbag.py:536} INFO - Filling up the DagBag from /home/airflow/.local/lib/python3.8/site-packages/airflow/example_dags/example_dag_decorator.py
[2023-12-19T10:02:07.636+0000] {processor.py:839} INFO - DAG(s) dict_keys(['example_dag_decorator']) retrieved from /home/airflow/.local/lib/python3.8/site-packages/airflow/example_dags/example_dag_decorator.py
[2023-12-19T10:02:07.802+0000] {logging_mixin.py:154} INFO - [2023-12-19T10:02:07.801+0000] {dag.py:2941} INFO - Sync 1 DAGs
[2023-12-19T10:02:07.823+0000] {logging_mixin.py:154} INFO - [2023-12-19T10:02:07.823+0000] {dag.py:3722} INFO - Setting next_dagrun for example_dag_decorator to None, run_after=None
[2023-12-19T10:02:07.858+0000] {processor.py:179} INFO - Processing /home/airflow/.local/lib/python3.8/site-packages/airflow/example_dags/example_dag_decorator.py took 0.383 seconds
[2023-12-19T10:02:38.631+0000] {processor.py:157} INFO - Started process (PID=30650) to work on /home/airflow/.local/lib/python3.8/site-packages/airflow/example_dags/example_dag_decorator.py
[2023-12-19T10:02:38.635+0000] {processor.py:829} INFO - Processing file /home/airflow/.local/lib/python3.8/site-packages/airflow/example_dags/example_dag_decorator.py for tasks to queue
[2023-12-19T10:02:38.638+0000] {logging_mixin.py:154} INFO - [2023-12-19T10:02:38.637+0000] {dagbag.py:536} INFO - Filling up the DagBag from /home/airflow/.local/lib/python3.8/site-packages/airflow/example_dags/example_dag_decorator.py
[2023-12-19T10:02:38.754+0000] {processor.py:839} INFO - DAG(s) dict_keys(['example_dag_decorator']) retrieved from /home/airflow/.local/lib/python3.8/site-packages/airflow/example_dags/example_dag_decorator.py
[2023-12-19T10:02:38.927+0000] {logging_mixin.py:154} INFO - [2023-12-19T10:02:38.927+0000] {dag.py:2941} INFO - Sync 1 DAGs
[2023-12-19T10:02:38.946+0000] {logging_mixin.py:154} INFO - [2023-12-19T10:02:38.946+0000] {dag.py:3722} INFO - Setting next_dagrun for example_dag_decorator to None, run_after=None
[2023-12-19T10:02:38.984+0000] {processor.py:179} INFO - Processing /home/airflow/.local/lib/python3.8/site-packages/airflow/example_dags/example_dag_decorator.py took 0.359 seconds
[2023-12-19T10:03:09.256+0000] {processor.py:157} INFO - Started process (PID=30704) to work on /home/airflow/.local/lib/python3.8/site-packages/airflow/example_dags/example_dag_decorator.py
[2023-12-19T10:03:09.265+0000] {processor.py:829} INFO - Processing file /home/airflow/.local/lib/python3.8/site-packages/airflow/example_dags/example_dag_decorator.py for tasks to queue
[2023-12-19T10:03:09.271+0000] {logging_mixin.py:154} INFO - [2023-12-19T10:03:09.270+0000] {dagbag.py:536} INFO - Filling up the DagBag from /home/airflow/.local/lib/python3.8/site-packages/airflow/example_dags/example_dag_decorator.py
[2023-12-19T10:03:09.451+0000] {processor.py:839} INFO - DAG(s) dict_keys(['example_dag_decorator']) retrieved from /home/airflow/.local/lib/python3.8/site-packages/airflow/example_dags/example_dag_decorator.py
[2023-12-19T10:03:09.639+0000] {logging_mixin.py:154} INFO - [2023-12-19T10:03:09.638+0000] {dag.py:2941} INFO - Sync 1 DAGs
[2023-12-19T10:03:09.659+0000] {logging_mixin.py:154} INFO - [2023-12-19T10:03:09.659+0000] {dag.py:3722} INFO - Setting next_dagrun for example_dag_decorator to None, run_after=None
[2023-12-19T10:03:09.695+0000] {processor.py:179} INFO - Processing /home/airflow/.local/lib/python3.8/site-packages/airflow/example_dags/example_dag_decorator.py took 0.458 seconds
[2023-12-19T10:03:39.815+0000] {processor.py:157} INFO - Started process (PID=30759) to work on /home/airflow/.local/lib/python3.8/site-packages/airflow/example_dags/example_dag_decorator.py
[2023-12-19T10:03:39.821+0000] {processor.py:829} INFO - Processing file /home/airflow/.local/lib/python3.8/site-packages/airflow/example_dags/example_dag_decorator.py for tasks to queue
[2023-12-19T10:03:39.829+0000] {logging_mixin.py:154} INFO - [2023-12-19T10:03:39.828+0000] {dagbag.py:536} INFO - Filling up the DagBag from /home/airflow/.local/lib/python3.8/site-packages/airflow/example_dags/example_dag_decorator.py
[2023-12-19T10:03:40.139+0000] {processor.py:839} INFO - DAG(s) dict_keys(['example_dag_decorator']) retrieved from /home/airflow/.local/lib/python3.8/site-packages/airflow/example_dags/example_dag_decorator.py
[2023-12-19T10:03:40.408+0000] {logging_mixin.py:154} INFO - [2023-12-19T10:03:40.408+0000] {dag.py:2941} INFO - Sync 1 DAGs
[2023-12-19T10:03:40.427+0000] {logging_mixin.py:154} INFO - [2023-12-19T10:03:40.427+0000] {dag.py:3722} INFO - Setting next_dagrun for example_dag_decorator to None, run_after=None
[2023-12-19T10:03:40.469+0000] {processor.py:179} INFO - Processing /home/airflow/.local/lib/python3.8/site-packages/airflow/example_dags/example_dag_decorator.py took 0.671 seconds
[2023-12-19T10:04:11.130+0000] {processor.py:157} INFO - Started process (PID=30814) to work on /home/airflow/.local/lib/python3.8/site-packages/airflow/example_dags/example_dag_decorator.py
[2023-12-19T10:04:11.136+0000] {processor.py:829} INFO - Processing file /home/airflow/.local/lib/python3.8/site-packages/airflow/example_dags/example_dag_decorator.py for tasks to queue
[2023-12-19T10:04:11.140+0000] {logging_mixin.py:154} INFO - [2023-12-19T10:04:11.139+0000] {dagbag.py:536} INFO - Filling up the DagBag from /home/airflow/.local/lib/python3.8/site-packages/airflow/example_dags/example_dag_decorator.py
[2023-12-19T10:04:11.439+0000] {processor.py:839} INFO - DAG(s) dict_keys(['example_dag_decorator']) retrieved from /home/airflow/.local/lib/python3.8/site-packages/airflow/example_dags/example_dag_decorator.py
[2023-12-19T10:04:11.818+0000] {logging_mixin.py:154} INFO - [2023-12-19T10:04:11.818+0000] {dag.py:2941} INFO - Sync 1 DAGs
[2023-12-19T10:04:11.842+0000] {logging_mixin.py:154} INFO - [2023-12-19T10:04:11.841+0000] {dag.py:3722} INFO - Setting next_dagrun for example_dag_decorator to None, run_after=None
[2023-12-19T10:04:11.892+0000] {processor.py:179} INFO - Processing /home/airflow/.local/lib/python3.8/site-packages/airflow/example_dags/example_dag_decorator.py took 0.777 seconds
[2023-12-19T10:04:41.985+0000] {processor.py:157} INFO - Started process (PID=30870) to work on /home/airflow/.local/lib/python3.8/site-packages/airflow/example_dags/example_dag_decorator.py
[2023-12-19T10:04:41.991+0000] {processor.py:829} INFO - Processing file /home/airflow/.local/lib/python3.8/site-packages/airflow/example_dags/example_dag_decorator.py for tasks to queue
[2023-12-19T10:04:41.993+0000] {logging_mixin.py:154} INFO - [2023-12-19T10:04:41.993+0000] {dagbag.py:536} INFO - Filling up the DagBag from /home/airflow/.local/lib/python3.8/site-packages/airflow/example_dags/example_dag_decorator.py
[2023-12-19T10:04:42.153+0000] {processor.py:839} INFO - DAG(s) dict_keys(['example_dag_decorator']) retrieved from /home/airflow/.local/lib/python3.8/site-packages/airflow/example_dags/example_dag_decorator.py
[2023-12-19T10:04:42.210+0000] {logging_mixin.py:154} INFO - [2023-12-19T10:04:42.209+0000] {dag.py:2941} INFO - Sync 1 DAGs
[2023-12-19T10:04:42.241+0000] {logging_mixin.py:154} INFO - [2023-12-19T10:04:42.241+0000] {dag.py:3722} INFO - Setting next_dagrun for example_dag_decorator to None, run_after=None
[2023-12-19T10:04:42.354+0000] {processor.py:179} INFO - Processing /home/airflow/.local/lib/python3.8/site-packages/airflow/example_dags/example_dag_decorator.py took 0.382 seconds
[2023-12-19T10:05:12.885+0000] {processor.py:157} INFO - Started process (PID=30925) to work on /home/airflow/.local/lib/python3.8/site-packages/airflow/example_dags/example_dag_decorator.py
[2023-12-19T10:05:12.888+0000] {processor.py:829} INFO - Processing file /home/airflow/.local/lib/python3.8/site-packages/airflow/example_dags/example_dag_decorator.py for tasks to queue
[2023-12-19T10:05:12.890+0000] {logging_mixin.py:154} INFO - [2023-12-19T10:05:12.889+0000] {dagbag.py:536} INFO - Filling up the DagBag from /home/airflow/.local/lib/python3.8/site-packages/airflow/example_dags/example_dag_decorator.py
[2023-12-19T10:05:13.017+0000] {processor.py:839} INFO - DAG(s) dict_keys(['example_dag_decorator']) retrieved from /home/airflow/.local/lib/python3.8/site-packages/airflow/example_dags/example_dag_decorator.py
[2023-12-19T10:05:13.062+0000] {logging_mixin.py:154} INFO - [2023-12-19T10:05:13.062+0000] {dag.py:2941} INFO - Sync 1 DAGs
[2023-12-19T10:05:13.086+0000] {logging_mixin.py:154} INFO - [2023-12-19T10:05:13.086+0000] {dag.py:3722} INFO - Setting next_dagrun for example_dag_decorator to None, run_after=None
[2023-12-19T10:05:13.123+0000] {processor.py:179} INFO - Processing /home/airflow/.local/lib/python3.8/site-packages/airflow/example_dags/example_dag_decorator.py took 0.244 seconds
[2023-12-19T10:05:43.872+0000] {processor.py:157} INFO - Started process (PID=30980) to work on /home/airflow/.local/lib/python3.8/site-packages/airflow/example_dags/example_dag_decorator.py
[2023-12-19T10:05:43.874+0000] {processor.py:829} INFO - Processing file /home/airflow/.local/lib/python3.8/site-packages/airflow/example_dags/example_dag_decorator.py for tasks to queue
[2023-12-19T10:05:43.876+0000] {logging_mixin.py:154} INFO - [2023-12-19T10:05:43.876+0000] {dagbag.py:536} INFO - Filling up the DagBag from /home/airflow/.local/lib/python3.8/site-packages/airflow/example_dags/example_dag_decorator.py
[2023-12-19T10:05:44.000+0000] {processor.py:839} INFO - DAG(s) dict_keys(['example_dag_decorator']) retrieved from /home/airflow/.local/lib/python3.8/site-packages/airflow/example_dags/example_dag_decorator.py
[2023-12-19T10:05:44.167+0000] {logging_mixin.py:154} INFO - [2023-12-19T10:05:44.167+0000] {dag.py:2941} INFO - Sync 1 DAGs
[2023-12-19T10:05:44.190+0000] {logging_mixin.py:154} INFO - [2023-12-19T10:05:44.190+0000] {dag.py:3722} INFO - Setting next_dagrun for example_dag_decorator to None, run_after=None
[2023-12-19T10:05:44.230+0000] {processor.py:179} INFO - Processing /home/airflow/.local/lib/python3.8/site-packages/airflow/example_dags/example_dag_decorator.py took 0.364 seconds
[2023-12-19T10:06:14.317+0000] {processor.py:157} INFO - Started process (PID=31036) to work on /home/airflow/.local/lib/python3.8/site-packages/airflow/example_dags/example_dag_decorator.py
[2023-12-19T10:06:14.320+0000] {processor.py:829} INFO - Processing file /home/airflow/.local/lib/python3.8/site-packages/airflow/example_dags/example_dag_decorator.py for tasks to queue
[2023-12-19T10:06:14.322+0000] {logging_mixin.py:154} INFO - [2023-12-19T10:06:14.321+0000] {dagbag.py:536} INFO - Filling up the DagBag from /home/airflow/.local/lib/python3.8/site-packages/airflow/example_dags/example_dag_decorator.py
[2023-12-19T10:06:14.466+0000] {processor.py:839} INFO - DAG(s) dict_keys(['example_dag_decorator']) retrieved from /home/airflow/.local/lib/python3.8/site-packages/airflow/example_dags/example_dag_decorator.py
[2023-12-19T10:06:14.646+0000] {logging_mixin.py:154} INFO - [2023-12-19T10:06:14.645+0000] {dag.py:2941} INFO - Sync 1 DAGs
[2023-12-19T10:06:14.665+0000] {logging_mixin.py:154} INFO - [2023-12-19T10:06:14.665+0000] {dag.py:3722} INFO - Setting next_dagrun for example_dag_decorator to None, run_after=None
[2023-12-19T10:06:14.703+0000] {processor.py:179} INFO - Processing /home/airflow/.local/lib/python3.8/site-packages/airflow/example_dags/example_dag_decorator.py took 0.392 seconds
[2023-12-19T10:06:44.854+0000] {processor.py:157} INFO - Started process (PID=31092) to work on /home/airflow/.local/lib/python3.8/site-packages/airflow/example_dags/example_dag_decorator.py
[2023-12-19T10:06:44.858+0000] {processor.py:829} INFO - Processing file /home/airflow/.local/lib/python3.8/site-packages/airflow/example_dags/example_dag_decorator.py for tasks to queue
[2023-12-19T10:06:44.860+0000] {logging_mixin.py:154} INFO - [2023-12-19T10:06:44.860+0000] {dagbag.py:536} INFO - Filling up the DagBag from /home/airflow/.local/lib/python3.8/site-packages/airflow/example_dags/example_dag_decorator.py
[2023-12-19T10:06:44.972+0000] {processor.py:839} INFO - DAG(s) dict_keys(['example_dag_decorator']) retrieved from /home/airflow/.local/lib/python3.8/site-packages/airflow/example_dags/example_dag_decorator.py
[2023-12-19T10:06:45.135+0000] {logging_mixin.py:154} INFO - [2023-12-19T10:06:45.134+0000] {dag.py:2941} INFO - Sync 1 DAGs
[2023-12-19T10:06:45.155+0000] {logging_mixin.py:154} INFO - [2023-12-19T10:06:45.154+0000] {dag.py:3722} INFO - Setting next_dagrun for example_dag_decorator to None, run_after=None
[2023-12-19T10:06:45.189+0000] {processor.py:179} INFO - Processing /home/airflow/.local/lib/python3.8/site-packages/airflow/example_dags/example_dag_decorator.py took 0.342 seconds
[2023-12-19T10:07:15.344+0000] {processor.py:157} INFO - Started process (PID=31147) to work on /home/airflow/.local/lib/python3.8/site-packages/airflow/example_dags/example_dag_decorator.py
[2023-12-19T10:07:15.347+0000] {processor.py:829} INFO - Processing file /home/airflow/.local/lib/python3.8/site-packages/airflow/example_dags/example_dag_decorator.py for tasks to queue
[2023-12-19T10:07:15.349+0000] {logging_mixin.py:154} INFO - [2023-12-19T10:07:15.349+0000] {dagbag.py:536} INFO - Filling up the DagBag from /home/airflow/.local/lib/python3.8/site-packages/airflow/example_dags/example_dag_decorator.py
[2023-12-19T10:07:15.468+0000] {processor.py:839} INFO - DAG(s) dict_keys(['example_dag_decorator']) retrieved from /home/airflow/.local/lib/python3.8/site-packages/airflow/example_dags/example_dag_decorator.py
[2023-12-19T10:07:15.510+0000] {logging_mixin.py:154} INFO - [2023-12-19T10:07:15.510+0000] {dag.py:2941} INFO - Sync 1 DAGs
[2023-12-19T10:07:15.531+0000] {logging_mixin.py:154} INFO - [2023-12-19T10:07:15.531+0000] {dag.py:3722} INFO - Setting next_dagrun for example_dag_decorator to None, run_after=None
[2023-12-19T10:07:15.567+0000] {processor.py:179} INFO - Processing /home/airflow/.local/lib/python3.8/site-packages/airflow/example_dags/example_dag_decorator.py took 0.230 seconds
[2023-12-19T10:07:45.677+0000] {processor.py:157} INFO - Started process (PID=31200) to work on /home/airflow/.local/lib/python3.8/site-packages/airflow/example_dags/example_dag_decorator.py
[2023-12-19T10:07:45.680+0000] {processor.py:829} INFO - Processing file /home/airflow/.local/lib/python3.8/site-packages/airflow/example_dags/example_dag_decorator.py for tasks to queue
[2023-12-19T10:07:45.683+0000] {logging_mixin.py:154} INFO - [2023-12-19T10:07:45.682+0000] {dagbag.py:536} INFO - Filling up the DagBag from /home/airflow/.local/lib/python3.8/site-packages/airflow/example_dags/example_dag_decorator.py
[2023-12-19T10:07:45.803+0000] {processor.py:839} INFO - DAG(s) dict_keys(['example_dag_decorator']) retrieved from /home/airflow/.local/lib/python3.8/site-packages/airflow/example_dags/example_dag_decorator.py
[2023-12-19T10:07:45.986+0000] {logging_mixin.py:154} INFO - [2023-12-19T10:07:45.986+0000] {dag.py:2941} INFO - Sync 1 DAGs
[2023-12-19T10:07:46.008+0000] {logging_mixin.py:154} INFO - [2023-12-19T10:07:46.008+0000] {dag.py:3722} INFO - Setting next_dagrun for example_dag_decorator to None, run_after=None
[2023-12-19T10:07:46.039+0000] {processor.py:179} INFO - Processing /home/airflow/.local/lib/python3.8/site-packages/airflow/example_dags/example_dag_decorator.py took 0.368 seconds
[2023-12-19T10:08:16.337+0000] {processor.py:157} INFO - Started process (PID=31255) to work on /home/airflow/.local/lib/python3.8/site-packages/airflow/example_dags/example_dag_decorator.py
[2023-12-19T10:08:16.341+0000] {processor.py:829} INFO - Processing file /home/airflow/.local/lib/python3.8/site-packages/airflow/example_dags/example_dag_decorator.py for tasks to queue
[2023-12-19T10:08:16.344+0000] {logging_mixin.py:154} INFO - [2023-12-19T10:08:16.343+0000] {dagbag.py:536} INFO - Filling up the DagBag from /home/airflow/.local/lib/python3.8/site-packages/airflow/example_dags/example_dag_decorator.py
[2023-12-19T10:08:16.471+0000] {processor.py:839} INFO - DAG(s) dict_keys(['example_dag_decorator']) retrieved from /home/airflow/.local/lib/python3.8/site-packages/airflow/example_dags/example_dag_decorator.py
[2023-12-19T10:08:16.520+0000] {logging_mixin.py:154} INFO - [2023-12-19T10:08:16.520+0000] {dag.py:2941} INFO - Sync 1 DAGs
[2023-12-19T10:08:16.550+0000] {logging_mixin.py:154} INFO - [2023-12-19T10:08:16.550+0000] {dag.py:3722} INFO - Setting next_dagrun for example_dag_decorator to None, run_after=None
[2023-12-19T10:08:16.590+0000] {processor.py:179} INFO - Processing /home/airflow/.local/lib/python3.8/site-packages/airflow/example_dags/example_dag_decorator.py took 0.264 seconds
[2023-12-19T10:08:46.935+0000] {processor.py:157} INFO - Started process (PID=31310) to work on /home/airflow/.local/lib/python3.8/site-packages/airflow/example_dags/example_dag_decorator.py
[2023-12-19T10:08:46.948+0000] {processor.py:829} INFO - Processing file /home/airflow/.local/lib/python3.8/site-packages/airflow/example_dags/example_dag_decorator.py for tasks to queue
[2023-12-19T10:08:46.962+0000] {logging_mixin.py:154} INFO - [2023-12-19T10:08:46.959+0000] {dagbag.py:536} INFO - Filling up the DagBag from /home/airflow/.local/lib/python3.8/site-packages/airflow/example_dags/example_dag_decorator.py
[2023-12-19T10:08:47.220+0000] {processor.py:839} INFO - DAG(s) dict_keys(['example_dag_decorator']) retrieved from /home/airflow/.local/lib/python3.8/site-packages/airflow/example_dags/example_dag_decorator.py
[2023-12-19T10:08:47.878+0000] {logging_mixin.py:154} INFO - [2023-12-19T10:08:47.877+0000] {dag.py:2941} INFO - Sync 1 DAGs
[2023-12-19T10:08:47.900+0000] {logging_mixin.py:154} INFO - [2023-12-19T10:08:47.900+0000] {dag.py:3722} INFO - Setting next_dagrun for example_dag_decorator to None, run_after=None
[2023-12-19T10:08:47.944+0000] {processor.py:179} INFO - Processing /home/airflow/.local/lib/python3.8/site-packages/airflow/example_dags/example_dag_decorator.py took 1.026 seconds
[2023-12-19T10:09:18.241+0000] {processor.py:157} INFO - Started process (PID=31366) to work on /home/airflow/.local/lib/python3.8/site-packages/airflow/example_dags/example_dag_decorator.py
[2023-12-19T10:09:18.243+0000] {processor.py:829} INFO - Processing file /home/airflow/.local/lib/python3.8/site-packages/airflow/example_dags/example_dag_decorator.py for tasks to queue
[2023-12-19T10:09:18.246+0000] {logging_mixin.py:154} INFO - [2023-12-19T10:09:18.245+0000] {dagbag.py:536} INFO - Filling up the DagBag from /home/airflow/.local/lib/python3.8/site-packages/airflow/example_dags/example_dag_decorator.py
[2023-12-19T10:09:18.529+0000] {processor.py:839} INFO - DAG(s) dict_keys(['example_dag_decorator']) retrieved from /home/airflow/.local/lib/python3.8/site-packages/airflow/example_dags/example_dag_decorator.py
[2023-12-19T10:09:18.755+0000] {logging_mixin.py:154} INFO - [2023-12-19T10:09:18.755+0000] {dag.py:2941} INFO - Sync 1 DAGs
[2023-12-19T10:09:18.774+0000] {logging_mixin.py:154} INFO - [2023-12-19T10:09:18.773+0000] {dag.py:3722} INFO - Setting next_dagrun for example_dag_decorator to None, run_after=None
[2023-12-19T10:09:18.804+0000] {processor.py:179} INFO - Processing /home/airflow/.local/lib/python3.8/site-packages/airflow/example_dags/example_dag_decorator.py took 0.577 seconds
[2023-12-19T10:09:48.918+0000] {processor.py:157} INFO - Started process (PID=31420) to work on /home/airflow/.local/lib/python3.8/site-packages/airflow/example_dags/example_dag_decorator.py
[2023-12-19T10:09:48.921+0000] {processor.py:829} INFO - Processing file /home/airflow/.local/lib/python3.8/site-packages/airflow/example_dags/example_dag_decorator.py for tasks to queue
[2023-12-19T10:09:48.925+0000] {logging_mixin.py:154} INFO - [2023-12-19T10:09:48.923+0000] {dagbag.py:536} INFO - Filling up the DagBag from /home/airflow/.local/lib/python3.8/site-packages/airflow/example_dags/example_dag_decorator.py
[2023-12-19T10:09:49.051+0000] {processor.py:839} INFO - DAG(s) dict_keys(['example_dag_decorator']) retrieved from /home/airflow/.local/lib/python3.8/site-packages/airflow/example_dags/example_dag_decorator.py
[2023-12-19T10:09:49.246+0000] {logging_mixin.py:154} INFO - [2023-12-19T10:09:49.246+0000] {dag.py:2941} INFO - Sync 1 DAGs
[2023-12-19T10:09:49.270+0000] {logging_mixin.py:154} INFO - [2023-12-19T10:09:49.270+0000] {dag.py:3722} INFO - Setting next_dagrun for example_dag_decorator to None, run_after=None
[2023-12-19T10:09:49.319+0000] {processor.py:179} INFO - Processing /home/airflow/.local/lib/python3.8/site-packages/airflow/example_dags/example_dag_decorator.py took 0.411 seconds
[2023-12-19T10:10:19.512+0000] {processor.py:157} INFO - Started process (PID=31477) to work on /home/airflow/.local/lib/python3.8/site-packages/airflow/example_dags/example_dag_decorator.py
[2023-12-19T10:10:19.518+0000] {processor.py:829} INFO - Processing file /home/airflow/.local/lib/python3.8/site-packages/airflow/example_dags/example_dag_decorator.py for tasks to queue
[2023-12-19T10:10:19.529+0000] {logging_mixin.py:154} INFO - [2023-12-19T10:10:19.527+0000] {dagbag.py:536} INFO - Filling up the DagBag from /home/airflow/.local/lib/python3.8/site-packages/airflow/example_dags/example_dag_decorator.py
[2023-12-19T10:10:19.759+0000] {processor.py:839} INFO - DAG(s) dict_keys(['example_dag_decorator']) retrieved from /home/airflow/.local/lib/python3.8/site-packages/airflow/example_dags/example_dag_decorator.py
[2023-12-19T10:10:19.968+0000] {logging_mixin.py:154} INFO - [2023-12-19T10:10:19.968+0000] {dag.py:2941} INFO - Sync 1 DAGs
[2023-12-19T10:10:19.992+0000] {logging_mixin.py:154} INFO - [2023-12-19T10:10:19.992+0000] {dag.py:3722} INFO - Setting next_dagrun for example_dag_decorator to None, run_after=None
[2023-12-19T10:10:20.027+0000] {processor.py:179} INFO - Processing /home/airflow/.local/lib/python3.8/site-packages/airflow/example_dags/example_dag_decorator.py took 0.534 seconds
[2023-12-19T10:10:50.277+0000] {processor.py:157} INFO - Started process (PID=31532) to work on /home/airflow/.local/lib/python3.8/site-packages/airflow/example_dags/example_dag_decorator.py
[2023-12-19T10:10:50.280+0000] {processor.py:829} INFO - Processing file /home/airflow/.local/lib/python3.8/site-packages/airflow/example_dags/example_dag_decorator.py for tasks to queue
[2023-12-19T10:10:50.283+0000] {logging_mixin.py:154} INFO - [2023-12-19T10:10:50.283+0000] {dagbag.py:536} INFO - Filling up the DagBag from /home/airflow/.local/lib/python3.8/site-packages/airflow/example_dags/example_dag_decorator.py
[2023-12-19T10:10:50.477+0000] {processor.py:839} INFO - DAG(s) dict_keys(['example_dag_decorator']) retrieved from /home/airflow/.local/lib/python3.8/site-packages/airflow/example_dags/example_dag_decorator.py
[2023-12-19T10:10:50.825+0000] {logging_mixin.py:154} INFO - [2023-12-19T10:10:50.825+0000] {dag.py:2941} INFO - Sync 1 DAGs
[2023-12-19T10:10:50.845+0000] {logging_mixin.py:154} INFO - [2023-12-19T10:10:50.845+0000] {dag.py:3722} INFO - Setting next_dagrun for example_dag_decorator to None, run_after=None
[2023-12-19T10:10:50.880+0000] {processor.py:179} INFO - Processing /home/airflow/.local/lib/python3.8/site-packages/airflow/example_dags/example_dag_decorator.py took 0.611 seconds
[2023-12-19T10:11:21.307+0000] {processor.py:157} INFO - Started process (PID=31587) to work on /home/airflow/.local/lib/python3.8/site-packages/airflow/example_dags/example_dag_decorator.py
[2023-12-19T10:11:21.310+0000] {processor.py:829} INFO - Processing file /home/airflow/.local/lib/python3.8/site-packages/airflow/example_dags/example_dag_decorator.py for tasks to queue
[2023-12-19T10:11:21.313+0000] {logging_mixin.py:154} INFO - [2023-12-19T10:11:21.312+0000] {dagbag.py:536} INFO - Filling up the DagBag from /home/airflow/.local/lib/python3.8/site-packages/airflow/example_dags/example_dag_decorator.py
[2023-12-19T10:11:21.450+0000] {processor.py:839} INFO - DAG(s) dict_keys(['example_dag_decorator']) retrieved from /home/airflow/.local/lib/python3.8/site-packages/airflow/example_dags/example_dag_decorator.py
[2023-12-19T10:11:21.619+0000] {logging_mixin.py:154} INFO - [2023-12-19T10:11:21.619+0000] {dag.py:2941} INFO - Sync 1 DAGs
[2023-12-19T10:11:21.639+0000] {logging_mixin.py:154} INFO - [2023-12-19T10:11:21.638+0000] {dag.py:3722} INFO - Setting next_dagrun for example_dag_decorator to None, run_after=None
[2023-12-19T10:11:21.674+0000] {processor.py:179} INFO - Processing /home/airflow/.local/lib/python3.8/site-packages/airflow/example_dags/example_dag_decorator.py took 0.374 seconds
[2023-12-19T10:11:51.886+0000] {processor.py:157} INFO - Started process (PID=31642) to work on /home/airflow/.local/lib/python3.8/site-packages/airflow/example_dags/example_dag_decorator.py
[2023-12-19T10:11:51.894+0000] {processor.py:829} INFO - Processing file /home/airflow/.local/lib/python3.8/site-packages/airflow/example_dags/example_dag_decorator.py for tasks to queue
[2023-12-19T10:11:51.903+0000] {logging_mixin.py:154} INFO - [2023-12-19T10:11:51.900+0000] {dagbag.py:536} INFO - Filling up the DagBag from /home/airflow/.local/lib/python3.8/site-packages/airflow/example_dags/example_dag_decorator.py
[2023-12-19T10:11:52.215+0000] {processor.py:839} INFO - DAG(s) dict_keys(['example_dag_decorator']) retrieved from /home/airflow/.local/lib/python3.8/site-packages/airflow/example_dags/example_dag_decorator.py
[2023-12-19T10:11:52.731+0000] {logging_mixin.py:154} INFO - [2023-12-19T10:11:52.730+0000] {dag.py:2941} INFO - Sync 1 DAGs
[2023-12-19T10:11:52.762+0000] {logging_mixin.py:154} INFO - [2023-12-19T10:11:52.762+0000] {dag.py:3722} INFO - Setting next_dagrun for example_dag_decorator to None, run_after=None
[2023-12-19T10:11:52.801+0000] {processor.py:179} INFO - Processing /home/airflow/.local/lib/python3.8/site-packages/airflow/example_dags/example_dag_decorator.py took 0.926 seconds
[2023-12-19T10:12:23.448+0000] {processor.py:157} INFO - Started process (PID=31698) to work on /home/airflow/.local/lib/python3.8/site-packages/airflow/example_dags/example_dag_decorator.py
[2023-12-19T10:12:23.451+0000] {processor.py:829} INFO - Processing file /home/airflow/.local/lib/python3.8/site-packages/airflow/example_dags/example_dag_decorator.py for tasks to queue
[2023-12-19T10:12:23.453+0000] {logging_mixin.py:154} INFO - [2023-12-19T10:12:23.453+0000] {dagbag.py:536} INFO - Filling up the DagBag from /home/airflow/.local/lib/python3.8/site-packages/airflow/example_dags/example_dag_decorator.py
[2023-12-19T10:12:23.585+0000] {processor.py:839} INFO - DAG(s) dict_keys(['example_dag_decorator']) retrieved from /home/airflow/.local/lib/python3.8/site-packages/airflow/example_dags/example_dag_decorator.py
[2023-12-19T10:12:23.775+0000] {logging_mixin.py:154} INFO - [2023-12-19T10:12:23.774+0000] {dag.py:2941} INFO - Sync 1 DAGs
[2023-12-19T10:12:23.796+0000] {logging_mixin.py:154} INFO - [2023-12-19T10:12:23.795+0000] {dag.py:3722} INFO - Setting next_dagrun for example_dag_decorator to None, run_after=None
[2023-12-19T10:12:23.831+0000] {processor.py:179} INFO - Processing /home/airflow/.local/lib/python3.8/site-packages/airflow/example_dags/example_dag_decorator.py took 0.391 seconds
[2023-12-19T10:12:53.896+0000] {processor.py:157} INFO - Started process (PID=31754) to work on /home/airflow/.local/lib/python3.8/site-packages/airflow/example_dags/example_dag_decorator.py
[2023-12-19T10:12:53.898+0000] {processor.py:829} INFO - Processing file /home/airflow/.local/lib/python3.8/site-packages/airflow/example_dags/example_dag_decorator.py for tasks to queue
[2023-12-19T10:12:53.899+0000] {logging_mixin.py:154} INFO - [2023-12-19T10:12:53.899+0000] {dagbag.py:536} INFO - Filling up the DagBag from /home/airflow/.local/lib/python3.8/site-packages/airflow/example_dags/example_dag_decorator.py
[2023-12-19T10:12:54.016+0000] {processor.py:839} INFO - DAG(s) dict_keys(['example_dag_decorator']) retrieved from /home/airflow/.local/lib/python3.8/site-packages/airflow/example_dags/example_dag_decorator.py
[2023-12-19T10:12:54.182+0000] {logging_mixin.py:154} INFO - [2023-12-19T10:12:54.182+0000] {dag.py:2941} INFO - Sync 1 DAGs
[2023-12-19T10:12:54.201+0000] {logging_mixin.py:154} INFO - [2023-12-19T10:12:54.201+0000] {dag.py:3722} INFO - Setting next_dagrun for example_dag_decorator to None, run_after=None
[2023-12-19T10:12:54.235+0000] {processor.py:179} INFO - Processing /home/airflow/.local/lib/python3.8/site-packages/airflow/example_dags/example_dag_decorator.py took 0.345 seconds
[2023-12-19T10:13:24.607+0000] {processor.py:157} INFO - Started process (PID=31811) to work on /home/airflow/.local/lib/python3.8/site-packages/airflow/example_dags/example_dag_decorator.py
[2023-12-19T10:13:24.610+0000] {processor.py:829} INFO - Processing file /home/airflow/.local/lib/python3.8/site-packages/airflow/example_dags/example_dag_decorator.py for tasks to queue
[2023-12-19T10:13:24.612+0000] {logging_mixin.py:154} INFO - [2023-12-19T10:13:24.611+0000] {dagbag.py:536} INFO - Filling up the DagBag from /home/airflow/.local/lib/python3.8/site-packages/airflow/example_dags/example_dag_decorator.py
[2023-12-19T10:13:24.728+0000] {processor.py:839} INFO - DAG(s) dict_keys(['example_dag_decorator']) retrieved from /home/airflow/.local/lib/python3.8/site-packages/airflow/example_dags/example_dag_decorator.py
[2023-12-19T10:13:24.900+0000] {logging_mixin.py:154} INFO - [2023-12-19T10:13:24.899+0000] {dag.py:2941} INFO - Sync 1 DAGs
[2023-12-19T10:13:24.919+0000] {logging_mixin.py:154} INFO - [2023-12-19T10:13:24.919+0000] {dag.py:3722} INFO - Setting next_dagrun for example_dag_decorator to None, run_after=None
[2023-12-19T10:13:24.962+0000] {processor.py:179} INFO - Processing /home/airflow/.local/lib/python3.8/site-packages/airflow/example_dags/example_dag_decorator.py took 0.362 seconds
[2023-12-19T10:13:55.080+0000] {processor.py:157} INFO - Started process (PID=31864) to work on /home/airflow/.local/lib/python3.8/site-packages/airflow/example_dags/example_dag_decorator.py
[2023-12-19T10:13:55.083+0000] {processor.py:829} INFO - Processing file /home/airflow/.local/lib/python3.8/site-packages/airflow/example_dags/example_dag_decorator.py for tasks to queue
[2023-12-19T10:13:55.085+0000] {logging_mixin.py:154} INFO - [2023-12-19T10:13:55.085+0000] {dagbag.py:536} INFO - Filling up the DagBag from /home/airflow/.local/lib/python3.8/site-packages/airflow/example_dags/example_dag_decorator.py
[2023-12-19T10:13:55.208+0000] {processor.py:839} INFO - DAG(s) dict_keys(['example_dag_decorator']) retrieved from /home/airflow/.local/lib/python3.8/site-packages/airflow/example_dags/example_dag_decorator.py
[2023-12-19T10:13:55.377+0000] {logging_mixin.py:154} INFO - [2023-12-19T10:13:55.377+0000] {dag.py:2941} INFO - Sync 1 DAGs
[2023-12-19T10:13:55.400+0000] {logging_mixin.py:154} INFO - [2023-12-19T10:13:55.400+0000] {dag.py:3722} INFO - Setting next_dagrun for example_dag_decorator to None, run_after=None
[2023-12-19T10:13:55.433+0000] {processor.py:179} INFO - Processing /home/airflow/.local/lib/python3.8/site-packages/airflow/example_dags/example_dag_decorator.py took 0.359 seconds
[2023-12-19T10:14:25.508+0000] {processor.py:157} INFO - Started process (PID=31920) to work on /home/airflow/.local/lib/python3.8/site-packages/airflow/example_dags/example_dag_decorator.py
[2023-12-19T10:14:25.511+0000] {processor.py:829} INFO - Processing file /home/airflow/.local/lib/python3.8/site-packages/airflow/example_dags/example_dag_decorator.py for tasks to queue
[2023-12-19T10:14:25.513+0000] {logging_mixin.py:154} INFO - [2023-12-19T10:14:25.512+0000] {dagbag.py:536} INFO - Filling up the DagBag from /home/airflow/.local/lib/python3.8/site-packages/airflow/example_dags/example_dag_decorator.py
[2023-12-19T10:14:25.645+0000] {processor.py:839} INFO - DAG(s) dict_keys(['example_dag_decorator']) retrieved from /home/airflow/.local/lib/python3.8/site-packages/airflow/example_dags/example_dag_decorator.py
[2023-12-19T10:14:25.842+0000] {logging_mixin.py:154} INFO - [2023-12-19T10:14:25.842+0000] {dag.py:2941} INFO - Sync 1 DAGs
[2023-12-19T10:14:25.863+0000] {logging_mixin.py:154} INFO - [2023-12-19T10:14:25.862+0000] {dag.py:3722} INFO - Setting next_dagrun for example_dag_decorator to None, run_after=None
[2023-12-19T10:14:25.899+0000] {processor.py:179} INFO - Processing /home/airflow/.local/lib/python3.8/site-packages/airflow/example_dags/example_dag_decorator.py took 0.398 seconds
[2023-12-19T10:14:56.315+0000] {processor.py:157} INFO - Started process (PID=31974) to work on /home/airflow/.local/lib/python3.8/site-packages/airflow/example_dags/example_dag_decorator.py
[2023-12-19T10:14:56.322+0000] {processor.py:829} INFO - Processing file /home/airflow/.local/lib/python3.8/site-packages/airflow/example_dags/example_dag_decorator.py for tasks to queue
[2023-12-19T10:14:56.326+0000] {logging_mixin.py:154} INFO - [2023-12-19T10:14:56.325+0000] {dagbag.py:536} INFO - Filling up the DagBag from /home/airflow/.local/lib/python3.8/site-packages/airflow/example_dags/example_dag_decorator.py
[2023-12-19T10:14:56.498+0000] {processor.py:839} INFO - DAG(s) dict_keys(['example_dag_decorator']) retrieved from /home/airflow/.local/lib/python3.8/site-packages/airflow/example_dags/example_dag_decorator.py
[2023-12-19T10:14:56.784+0000] {logging_mixin.py:154} INFO - [2023-12-19T10:14:56.783+0000] {dag.py:2941} INFO - Sync 1 DAGs
[2023-12-19T10:14:56.823+0000] {logging_mixin.py:154} INFO - [2023-12-19T10:14:56.823+0000] {dag.py:3722} INFO - Setting next_dagrun for example_dag_decorator to None, run_after=None
[2023-12-19T10:14:56.875+0000] {processor.py:179} INFO - Processing /home/airflow/.local/lib/python3.8/site-packages/airflow/example_dags/example_dag_decorator.py took 0.570 seconds
[2023-12-19T10:15:27.091+0000] {processor.py:157} INFO - Started process (PID=32032) to work on /home/airflow/.local/lib/python3.8/site-packages/airflow/example_dags/example_dag_decorator.py
[2023-12-19T10:15:27.094+0000] {processor.py:829} INFO - Processing file /home/airflow/.local/lib/python3.8/site-packages/airflow/example_dags/example_dag_decorator.py for tasks to queue
[2023-12-19T10:15:27.096+0000] {logging_mixin.py:154} INFO - [2023-12-19T10:15:27.096+0000] {dagbag.py:536} INFO - Filling up the DagBag from /home/airflow/.local/lib/python3.8/site-packages/airflow/example_dags/example_dag_decorator.py
[2023-12-19T10:15:27.227+0000] {processor.py:839} INFO - DAG(s) dict_keys(['example_dag_decorator']) retrieved from /home/airflow/.local/lib/python3.8/site-packages/airflow/example_dags/example_dag_decorator.py
[2023-12-19T10:15:27.426+0000] {logging_mixin.py:154} INFO - [2023-12-19T10:15:27.426+0000] {dag.py:2941} INFO - Sync 1 DAGs
[2023-12-19T10:15:27.445+0000] {logging_mixin.py:154} INFO - [2023-12-19T10:15:27.445+0000] {dag.py:3722} INFO - Setting next_dagrun for example_dag_decorator to None, run_after=None
[2023-12-19T10:15:27.479+0000] {processor.py:179} INFO - Processing /home/airflow/.local/lib/python3.8/site-packages/airflow/example_dags/example_dag_decorator.py took 0.395 seconds
[2023-12-19T10:15:58.266+0000] {processor.py:157} INFO - Started process (PID=32087) to work on /home/airflow/.local/lib/python3.8/site-packages/airflow/example_dags/example_dag_decorator.py
[2023-12-19T10:15:58.269+0000] {processor.py:829} INFO - Processing file /home/airflow/.local/lib/python3.8/site-packages/airflow/example_dags/example_dag_decorator.py for tasks to queue
[2023-12-19T10:15:58.271+0000] {logging_mixin.py:154} INFO - [2023-12-19T10:15:58.270+0000] {dagbag.py:536} INFO - Filling up the DagBag from /home/airflow/.local/lib/python3.8/site-packages/airflow/example_dags/example_dag_decorator.py
[2023-12-19T10:15:58.390+0000] {processor.py:839} INFO - DAG(s) dict_keys(['example_dag_decorator']) retrieved from /home/airflow/.local/lib/python3.8/site-packages/airflow/example_dags/example_dag_decorator.py
[2023-12-19T10:15:58.559+0000] {logging_mixin.py:154} INFO - [2023-12-19T10:15:58.559+0000] {dag.py:2941} INFO - Sync 1 DAGs
[2023-12-19T10:15:58.577+0000] {logging_mixin.py:154} INFO - [2023-12-19T10:15:58.576+0000] {dag.py:3722} INFO - Setting next_dagrun for example_dag_decorator to None, run_after=None
[2023-12-19T10:15:58.612+0000] {processor.py:179} INFO - Processing /home/airflow/.local/lib/python3.8/site-packages/airflow/example_dags/example_dag_decorator.py took 0.352 seconds
[2023-12-19T10:16:28.786+0000] {processor.py:157} INFO - Started process (PID=32142) to work on /home/airflow/.local/lib/python3.8/site-packages/airflow/example_dags/example_dag_decorator.py
[2023-12-19T10:16:28.790+0000] {processor.py:829} INFO - Processing file /home/airflow/.local/lib/python3.8/site-packages/airflow/example_dags/example_dag_decorator.py for tasks to queue
[2023-12-19T10:16:28.793+0000] {logging_mixin.py:154} INFO - [2023-12-19T10:16:28.793+0000] {dagbag.py:536} INFO - Filling up the DagBag from /home/airflow/.local/lib/python3.8/site-packages/airflow/example_dags/example_dag_decorator.py
[2023-12-19T10:16:28.910+0000] {processor.py:839} INFO - DAG(s) dict_keys(['example_dag_decorator']) retrieved from /home/airflow/.local/lib/python3.8/site-packages/airflow/example_dags/example_dag_decorator.py
[2023-12-19T10:16:28.955+0000] {logging_mixin.py:154} INFO - [2023-12-19T10:16:28.955+0000] {dag.py:2941} INFO - Sync 1 DAGs
[2023-12-19T10:16:28.978+0000] {logging_mixin.py:154} INFO - [2023-12-19T10:16:28.977+0000] {dag.py:3722} INFO - Setting next_dagrun for example_dag_decorator to None, run_after=None
[2023-12-19T10:16:29.019+0000] {processor.py:179} INFO - Processing /home/airflow/.local/lib/python3.8/site-packages/airflow/example_dags/example_dag_decorator.py took 0.239 seconds
[2023-12-19T10:16:59.674+0000] {processor.py:157} INFO - Started process (PID=32197) to work on /home/airflow/.local/lib/python3.8/site-packages/airflow/example_dags/example_dag_decorator.py
[2023-12-19T10:16:59.677+0000] {processor.py:829} INFO - Processing file /home/airflow/.local/lib/python3.8/site-packages/airflow/example_dags/example_dag_decorator.py for tasks to queue
[2023-12-19T10:16:59.679+0000] {logging_mixin.py:154} INFO - [2023-12-19T10:16:59.678+0000] {dagbag.py:536} INFO - Filling up the DagBag from /home/airflow/.local/lib/python3.8/site-packages/airflow/example_dags/example_dag_decorator.py
[2023-12-19T10:16:59.799+0000] {processor.py:839} INFO - DAG(s) dict_keys(['example_dag_decorator']) retrieved from /home/airflow/.local/lib/python3.8/site-packages/airflow/example_dags/example_dag_decorator.py
[2023-12-19T10:17:00.060+0000] {logging_mixin.py:154} INFO - [2023-12-19T10:17:00.060+0000] {dag.py:2941} INFO - Sync 1 DAGs
[2023-12-19T10:17:00.091+0000] {logging_mixin.py:154} INFO - [2023-12-19T10:17:00.091+0000] {dag.py:3722} INFO - Setting next_dagrun for example_dag_decorator to None, run_after=None
[2023-12-19T10:17:00.147+0000] {processor.py:179} INFO - Processing /home/airflow/.local/lib/python3.8/site-packages/airflow/example_dags/example_dag_decorator.py took 0.483 seconds
[2023-12-19T10:17:30.616+0000] {processor.py:157} INFO - Started process (PID=32252) to work on /home/airflow/.local/lib/python3.8/site-packages/airflow/example_dags/example_dag_decorator.py
[2023-12-19T10:17:30.619+0000] {processor.py:829} INFO - Processing file /home/airflow/.local/lib/python3.8/site-packages/airflow/example_dags/example_dag_decorator.py for tasks to queue
[2023-12-19T10:17:30.621+0000] {logging_mixin.py:154} INFO - [2023-12-19T10:17:30.621+0000] {dagbag.py:536} INFO - Filling up the DagBag from /home/airflow/.local/lib/python3.8/site-packages/airflow/example_dags/example_dag_decorator.py
[2023-12-19T10:17:30.746+0000] {processor.py:839} INFO - DAG(s) dict_keys(['example_dag_decorator']) retrieved from /home/airflow/.local/lib/python3.8/site-packages/airflow/example_dags/example_dag_decorator.py
[2023-12-19T10:17:30.937+0000] {logging_mixin.py:154} INFO - [2023-12-19T10:17:30.936+0000] {dag.py:2941} INFO - Sync 1 DAGs
[2023-12-19T10:17:30.955+0000] {logging_mixin.py:154} INFO - [2023-12-19T10:17:30.955+0000] {dag.py:3722} INFO - Setting next_dagrun for example_dag_decorator to None, run_after=None
[2023-12-19T10:17:30.993+0000] {processor.py:179} INFO - Processing /home/airflow/.local/lib/python3.8/site-packages/airflow/example_dags/example_dag_decorator.py took 0.384 seconds
[2023-12-19T10:18:01.112+0000] {processor.py:157} INFO - Started process (PID=32307) to work on /home/airflow/.local/lib/python3.8/site-packages/airflow/example_dags/example_dag_decorator.py
[2023-12-19T10:18:01.115+0000] {processor.py:829} INFO - Processing file /home/airflow/.local/lib/python3.8/site-packages/airflow/example_dags/example_dag_decorator.py for tasks to queue
[2023-12-19T10:18:01.119+0000] {logging_mixin.py:154} INFO - [2023-12-19T10:18:01.118+0000] {dagbag.py:536} INFO - Filling up the DagBag from /home/airflow/.local/lib/python3.8/site-packages/airflow/example_dags/example_dag_decorator.py
[2023-12-19T10:18:01.255+0000] {processor.py:839} INFO - DAG(s) dict_keys(['example_dag_decorator']) retrieved from /home/airflow/.local/lib/python3.8/site-packages/airflow/example_dags/example_dag_decorator.py
[2023-12-19T10:18:01.424+0000] {logging_mixin.py:154} INFO - [2023-12-19T10:18:01.424+0000] {dag.py:2941} INFO - Sync 1 DAGs
[2023-12-19T10:18:01.444+0000] {logging_mixin.py:154} INFO - [2023-12-19T10:18:01.443+0000] {dag.py:3722} INFO - Setting next_dagrun for example_dag_decorator to None, run_after=None
[2023-12-19T10:18:01.479+0000] {processor.py:179} INFO - Processing /home/airflow/.local/lib/python3.8/site-packages/airflow/example_dags/example_dag_decorator.py took 0.381 seconds
[2023-12-19T10:18:31.607+0000] {processor.py:157} INFO - Started process (PID=32363) to work on /home/airflow/.local/lib/python3.8/site-packages/airflow/example_dags/example_dag_decorator.py
[2023-12-19T10:18:31.611+0000] {processor.py:829} INFO - Processing file /home/airflow/.local/lib/python3.8/site-packages/airflow/example_dags/example_dag_decorator.py for tasks to queue
[2023-12-19T10:18:31.613+0000] {logging_mixin.py:154} INFO - [2023-12-19T10:18:31.613+0000] {dagbag.py:536} INFO - Filling up the DagBag from /home/airflow/.local/lib/python3.8/site-packages/airflow/example_dags/example_dag_decorator.py
[2023-12-19T10:18:31.734+0000] {processor.py:839} INFO - DAG(s) dict_keys(['example_dag_decorator']) retrieved from /home/airflow/.local/lib/python3.8/site-packages/airflow/example_dags/example_dag_decorator.py
[2023-12-19T10:18:31.912+0000] {logging_mixin.py:154} INFO - [2023-12-19T10:18:31.912+0000] {dag.py:2941} INFO - Sync 1 DAGs
[2023-12-19T10:18:31.930+0000] {logging_mixin.py:154} INFO - [2023-12-19T10:18:31.930+0000] {dag.py:3722} INFO - Setting next_dagrun for example_dag_decorator to None, run_after=None
[2023-12-19T10:18:31.966+0000] {processor.py:179} INFO - Processing /home/airflow/.local/lib/python3.8/site-packages/airflow/example_dags/example_dag_decorator.py took 0.367 seconds
[2023-12-19T10:19:02.110+0000] {processor.py:157} INFO - Started process (PID=32419) to work on /home/airflow/.local/lib/python3.8/site-packages/airflow/example_dags/example_dag_decorator.py
[2023-12-19T10:19:02.112+0000] {processor.py:829} INFO - Processing file /home/airflow/.local/lib/python3.8/site-packages/airflow/example_dags/example_dag_decorator.py for tasks to queue
[2023-12-19T10:19:02.115+0000] {logging_mixin.py:154} INFO - [2023-12-19T10:19:02.114+0000] {dagbag.py:536} INFO - Filling up the DagBag from /home/airflow/.local/lib/python3.8/site-packages/airflow/example_dags/example_dag_decorator.py
[2023-12-19T10:19:02.246+0000] {processor.py:839} INFO - DAG(s) dict_keys(['example_dag_decorator']) retrieved from /home/airflow/.local/lib/python3.8/site-packages/airflow/example_dags/example_dag_decorator.py
[2023-12-19T10:19:02.434+0000] {logging_mixin.py:154} INFO - [2023-12-19T10:19:02.433+0000] {dag.py:2941} INFO - Sync 1 DAGs
[2023-12-19T10:19:02.455+0000] {logging_mixin.py:154} INFO - [2023-12-19T10:19:02.455+0000] {dag.py:3722} INFO - Setting next_dagrun for example_dag_decorator to None, run_after=None
[2023-12-19T10:19:02.493+0000] {processor.py:179} INFO - Processing /home/airflow/.local/lib/python3.8/site-packages/airflow/example_dags/example_dag_decorator.py took 0.389 seconds
[2023-12-19T10:19:32.545+0000] {processor.py:157} INFO - Started process (PID=32475) to work on /home/airflow/.local/lib/python3.8/site-packages/airflow/example_dags/example_dag_decorator.py
[2023-12-19T10:19:32.547+0000] {processor.py:829} INFO - Processing file /home/airflow/.local/lib/python3.8/site-packages/airflow/example_dags/example_dag_decorator.py for tasks to queue
[2023-12-19T10:19:32.549+0000] {logging_mixin.py:154} INFO - [2023-12-19T10:19:32.549+0000] {dagbag.py:536} INFO - Filling up the DagBag from /home/airflow/.local/lib/python3.8/site-packages/airflow/example_dags/example_dag_decorator.py
[2023-12-19T10:19:32.667+0000] {processor.py:839} INFO - DAG(s) dict_keys(['example_dag_decorator']) retrieved from /home/airflow/.local/lib/python3.8/site-packages/airflow/example_dags/example_dag_decorator.py
[2023-12-19T10:19:32.834+0000] {logging_mixin.py:154} INFO - [2023-12-19T10:19:32.834+0000] {dag.py:2941} INFO - Sync 1 DAGs
[2023-12-19T10:19:32.853+0000] {logging_mixin.py:154} INFO - [2023-12-19T10:19:32.853+0000] {dag.py:3722} INFO - Setting next_dagrun for example_dag_decorator to None, run_after=None
[2023-12-19T10:19:32.889+0000] {processor.py:179} INFO - Processing /home/airflow/.local/lib/python3.8/site-packages/airflow/example_dags/example_dag_decorator.py took 0.349 seconds
[2023-12-19T10:20:03.110+0000] {processor.py:157} INFO - Started process (PID=32532) to work on /home/airflow/.local/lib/python3.8/site-packages/airflow/example_dags/example_dag_decorator.py
[2023-12-19T10:20:03.114+0000] {processor.py:829} INFO - Processing file /home/airflow/.local/lib/python3.8/site-packages/airflow/example_dags/example_dag_decorator.py for tasks to queue
[2023-12-19T10:20:03.116+0000] {logging_mixin.py:154} INFO - [2023-12-19T10:20:03.115+0000] {dagbag.py:536} INFO - Filling up the DagBag from /home/airflow/.local/lib/python3.8/site-packages/airflow/example_dags/example_dag_decorator.py
[2023-12-19T10:20:03.242+0000] {processor.py:839} INFO - DAG(s) dict_keys(['example_dag_decorator']) retrieved from /home/airflow/.local/lib/python3.8/site-packages/airflow/example_dags/example_dag_decorator.py
[2023-12-19T10:20:03.426+0000] {logging_mixin.py:154} INFO - [2023-12-19T10:20:03.426+0000] {dag.py:2941} INFO - Sync 1 DAGs
[2023-12-19T10:20:03.444+0000] {logging_mixin.py:154} INFO - [2023-12-19T10:20:03.444+0000] {dag.py:3722} INFO - Setting next_dagrun for example_dag_decorator to None, run_after=None
[2023-12-19T10:20:03.476+0000] {processor.py:179} INFO - Processing /home/airflow/.local/lib/python3.8/site-packages/airflow/example_dags/example_dag_decorator.py took 0.386 seconds
[2023-12-19T10:20:33.804+0000] {processor.py:157} INFO - Started process (PID=32587) to work on /home/airflow/.local/lib/python3.8/site-packages/airflow/example_dags/example_dag_decorator.py
[2023-12-19T10:20:33.807+0000] {processor.py:829} INFO - Processing file /home/airflow/.local/lib/python3.8/site-packages/airflow/example_dags/example_dag_decorator.py for tasks to queue
[2023-12-19T10:20:33.810+0000] {logging_mixin.py:154} INFO - [2023-12-19T10:20:33.809+0000] {dagbag.py:536} INFO - Filling up the DagBag from /home/airflow/.local/lib/python3.8/site-packages/airflow/example_dags/example_dag_decorator.py
[2023-12-19T10:20:33.926+0000] {processor.py:839} INFO - DAG(s) dict_keys(['example_dag_decorator']) retrieved from /home/airflow/.local/lib/python3.8/site-packages/airflow/example_dags/example_dag_decorator.py
[2023-12-19T10:20:33.971+0000] {logging_mixin.py:154} INFO - [2023-12-19T10:20:33.971+0000] {dag.py:2941} INFO - Sync 1 DAGs
[2023-12-19T10:20:33.995+0000] {logging_mixin.py:154} INFO - [2023-12-19T10:20:33.994+0000] {dag.py:3722} INFO - Setting next_dagrun for example_dag_decorator to None, run_after=None
[2023-12-19T10:20:34.033+0000] {processor.py:179} INFO - Processing /home/airflow/.local/lib/python3.8/site-packages/airflow/example_dags/example_dag_decorator.py took 0.241 seconds
[2023-12-19T10:21:05.064+0000] {processor.py:157} INFO - Started process (PID=32650) to work on /home/airflow/.local/lib/python3.8/site-packages/airflow/example_dags/example_dag_decorator.py
[2023-12-19T10:21:05.067+0000] {processor.py:829} INFO - Processing file /home/airflow/.local/lib/python3.8/site-packages/airflow/example_dags/example_dag_decorator.py for tasks to queue
[2023-12-19T10:21:05.070+0000] {logging_mixin.py:154} INFO - [2023-12-19T10:21:05.069+0000] {dagbag.py:536} INFO - Filling up the DagBag from /home/airflow/.local/lib/python3.8/site-packages/airflow/example_dags/example_dag_decorator.py
[2023-12-19T10:21:05.231+0000] {processor.py:839} INFO - DAG(s) dict_keys(['example_dag_decorator']) retrieved from /home/airflow/.local/lib/python3.8/site-packages/airflow/example_dags/example_dag_decorator.py
[2023-12-19T10:21:05.528+0000] {logging_mixin.py:154} INFO - [2023-12-19T10:21:05.528+0000] {dag.py:2941} INFO - Sync 1 DAGs
[2023-12-19T10:21:05.554+0000] {logging_mixin.py:154} INFO - [2023-12-19T10:21:05.554+0000] {dag.py:3722} INFO - Setting next_dagrun for example_dag_decorator to None, run_after=None
[2023-12-19T10:21:05.597+0000] {processor.py:179} INFO - Processing /home/airflow/.local/lib/python3.8/site-packages/airflow/example_dags/example_dag_decorator.py took 0.542 seconds
[2023-12-19T10:21:36.246+0000] {processor.py:157} INFO - Started process (PID=32707) to work on /home/airflow/.local/lib/python3.8/site-packages/airflow/example_dags/example_dag_decorator.py
[2023-12-19T10:21:36.249+0000] {processor.py:829} INFO - Processing file /home/airflow/.local/lib/python3.8/site-packages/airflow/example_dags/example_dag_decorator.py for tasks to queue
[2023-12-19T10:21:36.252+0000] {logging_mixin.py:154} INFO - [2023-12-19T10:21:36.252+0000] {dagbag.py:536} INFO - Filling up the DagBag from /home/airflow/.local/lib/python3.8/site-packages/airflow/example_dags/example_dag_decorator.py
[2023-12-19T10:21:36.375+0000] {processor.py:839} INFO - DAG(s) dict_keys(['example_dag_decorator']) retrieved from /home/airflow/.local/lib/python3.8/site-packages/airflow/example_dags/example_dag_decorator.py
[2023-12-19T10:21:36.549+0000] {logging_mixin.py:154} INFO - [2023-12-19T10:21:36.549+0000] {dag.py:2941} INFO - Sync 1 DAGs
[2023-12-19T10:21:36.570+0000] {logging_mixin.py:154} INFO - [2023-12-19T10:21:36.570+0000] {dag.py:3722} INFO - Setting next_dagrun for example_dag_decorator to None, run_after=None
[2023-12-19T10:21:36.612+0000] {processor.py:179} INFO - Processing /home/airflow/.local/lib/python3.8/site-packages/airflow/example_dags/example_dag_decorator.py took 0.372 seconds
[2023-12-19T10:22:06.687+0000] {processor.py:157} INFO - Started process (PID=32763) to work on /home/airflow/.local/lib/python3.8/site-packages/airflow/example_dags/example_dag_decorator.py
[2023-12-19T10:22:06.690+0000] {processor.py:829} INFO - Processing file /home/airflow/.local/lib/python3.8/site-packages/airflow/example_dags/example_dag_decorator.py for tasks to queue
[2023-12-19T10:22:06.693+0000] {logging_mixin.py:154} INFO - [2023-12-19T10:22:06.692+0000] {dagbag.py:536} INFO - Filling up the DagBag from /home/airflow/.local/lib/python3.8/site-packages/airflow/example_dags/example_dag_decorator.py
[2023-12-19T10:22:06.811+0000] {processor.py:839} INFO - DAG(s) dict_keys(['example_dag_decorator']) retrieved from /home/airflow/.local/lib/python3.8/site-packages/airflow/example_dags/example_dag_decorator.py
[2023-12-19T10:22:06.999+0000] {logging_mixin.py:154} INFO - [2023-12-19T10:22:06.999+0000] {dag.py:2941} INFO - Sync 1 DAGs
[2023-12-19T10:22:07.035+0000] {logging_mixin.py:154} INFO - [2023-12-19T10:22:07.035+0000] {dag.py:3722} INFO - Setting next_dagrun for example_dag_decorator to None, run_after=None
[2023-12-19T10:22:07.072+0000] {processor.py:179} INFO - Processing /home/airflow/.local/lib/python3.8/site-packages/airflow/example_dags/example_dag_decorator.py took 0.391 seconds
[2023-12-19T10:22:37.146+0000] {processor.py:157} INFO - Started process (PID=32819) to work on /home/airflow/.local/lib/python3.8/site-packages/airflow/example_dags/example_dag_decorator.py
[2023-12-19T10:22:37.148+0000] {processor.py:829} INFO - Processing file /home/airflow/.local/lib/python3.8/site-packages/airflow/example_dags/example_dag_decorator.py for tasks to queue
[2023-12-19T10:22:37.150+0000] {logging_mixin.py:154} INFO - [2023-12-19T10:22:37.150+0000] {dagbag.py:536} INFO - Filling up the DagBag from /home/airflow/.local/lib/python3.8/site-packages/airflow/example_dags/example_dag_decorator.py
[2023-12-19T10:22:37.291+0000] {processor.py:839} INFO - DAG(s) dict_keys(['example_dag_decorator']) retrieved from /home/airflow/.local/lib/python3.8/site-packages/airflow/example_dags/example_dag_decorator.py
[2023-12-19T10:22:37.488+0000] {logging_mixin.py:154} INFO - [2023-12-19T10:22:37.488+0000] {dag.py:2941} INFO - Sync 1 DAGs
[2023-12-19T10:22:37.509+0000] {logging_mixin.py:154} INFO - [2023-12-19T10:22:37.508+0000] {dag.py:3722} INFO - Setting next_dagrun for example_dag_decorator to None, run_after=None
[2023-12-19T10:22:37.550+0000] {processor.py:179} INFO - Processing /home/airflow/.local/lib/python3.8/site-packages/airflow/example_dags/example_dag_decorator.py took 0.411 seconds
[2023-12-19T10:23:07.779+0000] {processor.py:157} INFO - Started process (PID=32875) to work on /home/airflow/.local/lib/python3.8/site-packages/airflow/example_dags/example_dag_decorator.py
[2023-12-19T10:23:07.784+0000] {processor.py:829} INFO - Processing file /home/airflow/.local/lib/python3.8/site-packages/airflow/example_dags/example_dag_decorator.py for tasks to queue
[2023-12-19T10:23:07.786+0000] {logging_mixin.py:154} INFO - [2023-12-19T10:23:07.785+0000] {dagbag.py:536} INFO - Filling up the DagBag from /home/airflow/.local/lib/python3.8/site-packages/airflow/example_dags/example_dag_decorator.py
[2023-12-19T10:23:07.938+0000] {processor.py:839} INFO - DAG(s) dict_keys(['example_dag_decorator']) retrieved from /home/airflow/.local/lib/python3.8/site-packages/airflow/example_dags/example_dag_decorator.py
[2023-12-19T10:23:08.117+0000] {logging_mixin.py:154} INFO - [2023-12-19T10:23:08.117+0000] {dag.py:2941} INFO - Sync 1 DAGs
[2023-12-19T10:23:08.135+0000] {logging_mixin.py:154} INFO - [2023-12-19T10:23:08.135+0000] {dag.py:3722} INFO - Setting next_dagrun for example_dag_decorator to None, run_after=None
[2023-12-19T10:23:08.170+0000] {processor.py:179} INFO - Processing /home/airflow/.local/lib/python3.8/site-packages/airflow/example_dags/example_dag_decorator.py took 0.399 seconds
