[2023-12-19T09:59:00.326+0000] {processor.py:157} INFO - Started process (PID=30273) to work on /home/airflow/.local/lib/python3.8/site-packages/airflow/example_dags/example_branch_day_of_week_operator.py
[2023-12-19T09:59:00.376+0000] {processor.py:829} INFO - Processing file /home/airflow/.local/lib/python3.8/site-packages/airflow/example_dags/example_branch_day_of_week_operator.py for tasks to queue
[2023-12-19T09:59:00.392+0000] {logging_mixin.py:154} INFO - [2023-12-19T09:59:00.390+0000] {dagbag.py:536} INFO - Filling up the DagBag from /home/airflow/.local/lib/python3.8/site-packages/airflow/example_dags/example_branch_day_of_week_operator.py
[2023-12-19T09:59:00.475+0000] {processor.py:839} INFO - DAG(s) dict_keys(['example_weekday_branch_operator']) retrieved from /home/airflow/.local/lib/python3.8/site-packages/airflow/example_dags/example_branch_day_of_week_operator.py
[2023-12-19T09:59:00.539+0000] {logging_mixin.py:154} INFO - [2023-12-19T09:59:00.538+0000] {dag.py:2941} INFO - Sync 1 DAGs
[2023-12-19T09:59:00.622+0000] {logging_mixin.py:154} INFO - [2023-12-19T09:59:00.621+0000] {dag.py:3722} INFO - Setting next_dagrun for example_weekday_branch_operator to 2023-12-18T00:00:00+00:00, run_after=2023-12-19T00:00:00+00:00
[2023-12-19T09:59:00.689+0000] {processor.py:179} INFO - Processing /home/airflow/.local/lib/python3.8/site-packages/airflow/example_dags/example_branch_day_of_week_operator.py took 0.384 seconds
[2023-12-19T09:59:31.068+0000] {processor.py:157} INFO - Started process (PID=30328) to work on /home/airflow/.local/lib/python3.8/site-packages/airflow/example_dags/example_branch_day_of_week_operator.py
[2023-12-19T09:59:31.072+0000] {processor.py:829} INFO - Processing file /home/airflow/.local/lib/python3.8/site-packages/airflow/example_dags/example_branch_day_of_week_operator.py for tasks to queue
[2023-12-19T09:59:31.075+0000] {logging_mixin.py:154} INFO - [2023-12-19T09:59:31.075+0000] {dagbag.py:536} INFO - Filling up the DagBag from /home/airflow/.local/lib/python3.8/site-packages/airflow/example_dags/example_branch_day_of_week_operator.py
[2023-12-19T09:59:31.093+0000] {processor.py:839} INFO - DAG(s) dict_keys(['example_weekday_branch_operator']) retrieved from /home/airflow/.local/lib/python3.8/site-packages/airflow/example_dags/example_branch_day_of_week_operator.py
[2023-12-19T09:59:31.151+0000] {logging_mixin.py:154} INFO - [2023-12-19T09:59:31.150+0000] {dag.py:2941} INFO - Sync 1 DAGs
[2023-12-19T09:59:31.208+0000] {logging_mixin.py:154} INFO - [2023-12-19T09:59:31.207+0000] {dag.py:3722} INFO - Setting next_dagrun for example_weekday_branch_operator to 2023-12-18T00:00:00+00:00, run_after=2023-12-19T00:00:00+00:00
[2023-12-19T09:59:31.262+0000] {processor.py:179} INFO - Processing /home/airflow/.local/lib/python3.8/site-packages/airflow/example_dags/example_branch_day_of_week_operator.py took 0.205 seconds
[2023-12-19T10:00:01.454+0000] {processor.py:157} INFO - Started process (PID=30383) to work on /home/airflow/.local/lib/python3.8/site-packages/airflow/example_dags/example_branch_day_of_week_operator.py
[2023-12-19T10:00:01.456+0000] {processor.py:829} INFO - Processing file /home/airflow/.local/lib/python3.8/site-packages/airflow/example_dags/example_branch_day_of_week_operator.py for tasks to queue
[2023-12-19T10:00:01.458+0000] {logging_mixin.py:154} INFO - [2023-12-19T10:00:01.458+0000] {dagbag.py:536} INFO - Filling up the DagBag from /home/airflow/.local/lib/python3.8/site-packages/airflow/example_dags/example_branch_day_of_week_operator.py
[2023-12-19T10:00:01.483+0000] {processor.py:839} INFO - DAG(s) dict_keys(['example_weekday_branch_operator']) retrieved from /home/airflow/.local/lib/python3.8/site-packages/airflow/example_dags/example_branch_day_of_week_operator.py
[2023-12-19T10:00:01.530+0000] {logging_mixin.py:154} INFO - [2023-12-19T10:00:01.530+0000] {dag.py:2941} INFO - Sync 1 DAGs
[2023-12-19T10:00:01.585+0000] {logging_mixin.py:154} INFO - [2023-12-19T10:00:01.585+0000] {dag.py:3722} INFO - Setting next_dagrun for example_weekday_branch_operator to 2023-12-18T00:00:00+00:00, run_after=2023-12-19T00:00:00+00:00
[2023-12-19T10:00:01.624+0000] {processor.py:179} INFO - Processing /home/airflow/.local/lib/python3.8/site-packages/airflow/example_dags/example_branch_day_of_week_operator.py took 0.176 seconds
[2023-12-19T10:00:31.844+0000] {processor.py:157} INFO - Started process (PID=30438) to work on /home/airflow/.local/lib/python3.8/site-packages/airflow/example_dags/example_branch_day_of_week_operator.py
[2023-12-19T10:00:31.846+0000] {processor.py:829} INFO - Processing file /home/airflow/.local/lib/python3.8/site-packages/airflow/example_dags/example_branch_day_of_week_operator.py for tasks to queue
[2023-12-19T10:00:31.848+0000] {logging_mixin.py:154} INFO - [2023-12-19T10:00:31.848+0000] {dagbag.py:536} INFO - Filling up the DagBag from /home/airflow/.local/lib/python3.8/site-packages/airflow/example_dags/example_branch_day_of_week_operator.py
[2023-12-19T10:00:31.863+0000] {processor.py:839} INFO - DAG(s) dict_keys(['example_weekday_branch_operator']) retrieved from /home/airflow/.local/lib/python3.8/site-packages/airflow/example_dags/example_branch_day_of_week_operator.py
[2023-12-19T10:00:31.907+0000] {logging_mixin.py:154} INFO - [2023-12-19T10:00:31.907+0000] {dag.py:2941} INFO - Sync 1 DAGs
[2023-12-19T10:00:31.949+0000] {logging_mixin.py:154} INFO - [2023-12-19T10:00:31.948+0000] {dag.py:3722} INFO - Setting next_dagrun for example_weekday_branch_operator to 2023-12-18T00:00:00+00:00, run_after=2023-12-19T00:00:00+00:00
[2023-12-19T10:00:31.986+0000] {processor.py:179} INFO - Processing /home/airflow/.local/lib/python3.8/site-packages/airflow/example_dags/example_branch_day_of_week_operator.py took 0.150 seconds
[2023-12-19T10:01:07.840+0000] {processor.py:157} INFO - Started process (PID=30493) to work on /home/airflow/.local/lib/python3.8/site-packages/airflow/example_dags/example_branch_day_of_week_operator.py
[2023-12-19T10:01:07.846+0000] {processor.py:829} INFO - Processing file /home/airflow/.local/lib/python3.8/site-packages/airflow/example_dags/example_branch_day_of_week_operator.py for tasks to queue
[2023-12-19T10:01:07.854+0000] {logging_mixin.py:154} INFO - [2023-12-19T10:01:07.851+0000] {dagbag.py:536} INFO - Filling up the DagBag from /home/airflow/.local/lib/python3.8/site-packages/airflow/example_dags/example_branch_day_of_week_operator.py
[2023-12-19T10:01:07.877+0000] {processor.py:839} INFO - DAG(s) dict_keys(['example_weekday_branch_operator']) retrieved from /home/airflow/.local/lib/python3.8/site-packages/airflow/example_dags/example_branch_day_of_week_operator.py
[2023-12-19T10:01:07.961+0000] {logging_mixin.py:154} INFO - [2023-12-19T10:01:07.960+0000] {dag.py:2941} INFO - Sync 1 DAGs
[2023-12-19T10:01:08.012+0000] {logging_mixin.py:154} INFO - [2023-12-19T10:01:08.012+0000] {dag.py:3722} INFO - Setting next_dagrun for example_weekday_branch_operator to 2023-12-18T00:00:00+00:00, run_after=2023-12-19T00:00:00+00:00
[2023-12-19T10:01:08.088+0000] {processor.py:179} INFO - Processing /home/airflow/.local/lib/python3.8/site-packages/airflow/example_dags/example_branch_day_of_week_operator.py took 0.265 seconds
[2023-12-19T10:01:38.296+0000] {processor.py:157} INFO - Started process (PID=30548) to work on /home/airflow/.local/lib/python3.8/site-packages/airflow/example_dags/example_branch_day_of_week_operator.py
[2023-12-19T10:01:38.298+0000] {processor.py:829} INFO - Processing file /home/airflow/.local/lib/python3.8/site-packages/airflow/example_dags/example_branch_day_of_week_operator.py for tasks to queue
[2023-12-19T10:01:38.300+0000] {logging_mixin.py:154} INFO - [2023-12-19T10:01:38.300+0000] {dagbag.py:536} INFO - Filling up the DagBag from /home/airflow/.local/lib/python3.8/site-packages/airflow/example_dags/example_branch_day_of_week_operator.py
[2023-12-19T10:01:38.315+0000] {processor.py:839} INFO - DAG(s) dict_keys(['example_weekday_branch_operator']) retrieved from /home/airflow/.local/lib/python3.8/site-packages/airflow/example_dags/example_branch_day_of_week_operator.py
[2023-12-19T10:01:38.361+0000] {logging_mixin.py:154} INFO - [2023-12-19T10:01:38.360+0000] {dag.py:2941} INFO - Sync 1 DAGs
[2023-12-19T10:01:38.405+0000] {logging_mixin.py:154} INFO - [2023-12-19T10:01:38.405+0000] {dag.py:3722} INFO - Setting next_dagrun for example_weekday_branch_operator to 2023-12-18T00:00:00+00:00, run_after=2023-12-19T00:00:00+00:00
[2023-12-19T10:01:38.462+0000] {processor.py:179} INFO - Processing /home/airflow/.local/lib/python3.8/site-packages/airflow/example_dags/example_branch_day_of_week_operator.py took 0.173 seconds
[2023-12-19T10:02:08.680+0000] {processor.py:157} INFO - Started process (PID=30603) to work on /home/airflow/.local/lib/python3.8/site-packages/airflow/example_dags/example_branch_day_of_week_operator.py
[2023-12-19T10:02:08.682+0000] {processor.py:829} INFO - Processing file /home/airflow/.local/lib/python3.8/site-packages/airflow/example_dags/example_branch_day_of_week_operator.py for tasks to queue
[2023-12-19T10:02:08.684+0000] {logging_mixin.py:154} INFO - [2023-12-19T10:02:08.683+0000] {dagbag.py:536} INFO - Filling up the DagBag from /home/airflow/.local/lib/python3.8/site-packages/airflow/example_dags/example_branch_day_of_week_operator.py
[2023-12-19T10:02:08.704+0000] {processor.py:839} INFO - DAG(s) dict_keys(['example_weekday_branch_operator']) retrieved from /home/airflow/.local/lib/python3.8/site-packages/airflow/example_dags/example_branch_day_of_week_operator.py
[2023-12-19T10:02:08.752+0000] {logging_mixin.py:154} INFO - [2023-12-19T10:02:08.751+0000] {dag.py:2941} INFO - Sync 1 DAGs
[2023-12-19T10:02:08.800+0000] {logging_mixin.py:154} INFO - [2023-12-19T10:02:08.800+0000] {dag.py:3722} INFO - Setting next_dagrun for example_weekday_branch_operator to 2023-12-18T00:00:00+00:00, run_after=2023-12-19T00:00:00+00:00
[2023-12-19T10:02:08.833+0000] {processor.py:179} INFO - Processing /home/airflow/.local/lib/python3.8/site-packages/airflow/example_dags/example_branch_day_of_week_operator.py took 0.161 seconds
[2023-12-19T10:02:39.603+0000] {processor.py:157} INFO - Started process (PID=30659) to work on /home/airflow/.local/lib/python3.8/site-packages/airflow/example_dags/example_branch_day_of_week_operator.py
[2023-12-19T10:02:39.605+0000] {processor.py:829} INFO - Processing file /home/airflow/.local/lib/python3.8/site-packages/airflow/example_dags/example_branch_day_of_week_operator.py for tasks to queue
[2023-12-19T10:02:39.608+0000] {logging_mixin.py:154} INFO - [2023-12-19T10:02:39.607+0000] {dagbag.py:536} INFO - Filling up the DagBag from /home/airflow/.local/lib/python3.8/site-packages/airflow/example_dags/example_branch_day_of_week_operator.py
[2023-12-19T10:02:39.622+0000] {processor.py:839} INFO - DAG(s) dict_keys(['example_weekday_branch_operator']) retrieved from /home/airflow/.local/lib/python3.8/site-packages/airflow/example_dags/example_branch_day_of_week_operator.py
[2023-12-19T10:02:39.681+0000] {logging_mixin.py:154} INFO - [2023-12-19T10:02:39.681+0000] {dag.py:2941} INFO - Sync 1 DAGs
[2023-12-19T10:02:39.729+0000] {logging_mixin.py:154} INFO - [2023-12-19T10:02:39.729+0000] {dag.py:3722} INFO - Setting next_dagrun for example_weekday_branch_operator to 2023-12-18T00:00:00+00:00, run_after=2023-12-19T00:00:00+00:00
[2023-12-19T10:02:39.766+0000] {processor.py:179} INFO - Processing /home/airflow/.local/lib/python3.8/site-packages/airflow/example_dags/example_branch_day_of_week_operator.py took 0.170 seconds
[2023-12-19T10:03:10.377+0000] {processor.py:157} INFO - Started process (PID=30713) to work on /home/airflow/.local/lib/python3.8/site-packages/airflow/example_dags/example_branch_day_of_week_operator.py
[2023-12-19T10:03:10.380+0000] {processor.py:829} INFO - Processing file /home/airflow/.local/lib/python3.8/site-packages/airflow/example_dags/example_branch_day_of_week_operator.py for tasks to queue
[2023-12-19T10:03:10.382+0000] {logging_mixin.py:154} INFO - [2023-12-19T10:03:10.381+0000] {dagbag.py:536} INFO - Filling up the DagBag from /home/airflow/.local/lib/python3.8/site-packages/airflow/example_dags/example_branch_day_of_week_operator.py
[2023-12-19T10:03:10.398+0000] {processor.py:839} INFO - DAG(s) dict_keys(['example_weekday_branch_operator']) retrieved from /home/airflow/.local/lib/python3.8/site-packages/airflow/example_dags/example_branch_day_of_week_operator.py
[2023-12-19T10:03:10.446+0000] {logging_mixin.py:154} INFO - [2023-12-19T10:03:10.446+0000] {dag.py:2941} INFO - Sync 1 DAGs
[2023-12-19T10:03:10.496+0000] {logging_mixin.py:154} INFO - [2023-12-19T10:03:10.495+0000] {dag.py:3722} INFO - Setting next_dagrun for example_weekday_branch_operator to 2023-12-18T00:00:00+00:00, run_after=2023-12-19T00:00:00+00:00
[2023-12-19T10:03:10.536+0000] {processor.py:179} INFO - Processing /home/airflow/.local/lib/python3.8/site-packages/airflow/example_dags/example_branch_day_of_week_operator.py took 0.166 seconds
[2023-12-19T10:03:41.154+0000] {processor.py:157} INFO - Started process (PID=30768) to work on /home/airflow/.local/lib/python3.8/site-packages/airflow/example_dags/example_branch_day_of_week_operator.py
[2023-12-19T10:03:41.157+0000] {processor.py:829} INFO - Processing file /home/airflow/.local/lib/python3.8/site-packages/airflow/example_dags/example_branch_day_of_week_operator.py for tasks to queue
[2023-12-19T10:03:41.159+0000] {logging_mixin.py:154} INFO - [2023-12-19T10:03:41.159+0000] {dagbag.py:536} INFO - Filling up the DagBag from /home/airflow/.local/lib/python3.8/site-packages/airflow/example_dags/example_branch_day_of_week_operator.py
[2023-12-19T10:03:41.176+0000] {processor.py:839} INFO - DAG(s) dict_keys(['example_weekday_branch_operator']) retrieved from /home/airflow/.local/lib/python3.8/site-packages/airflow/example_dags/example_branch_day_of_week_operator.py
[2023-12-19T10:03:41.238+0000] {logging_mixin.py:154} INFO - [2023-12-19T10:03:41.238+0000] {dag.py:2941} INFO - Sync 1 DAGs
[2023-12-19T10:03:41.279+0000] {logging_mixin.py:154} INFO - [2023-12-19T10:03:41.279+0000] {dag.py:3722} INFO - Setting next_dagrun for example_weekday_branch_operator to 2023-12-18T00:00:00+00:00, run_after=2023-12-19T00:00:00+00:00
[2023-12-19T10:03:41.317+0000] {processor.py:179} INFO - Processing /home/airflow/.local/lib/python3.8/site-packages/airflow/example_dags/example_branch_day_of_week_operator.py took 0.170 seconds
[2023-12-19T10:04:12.729+0000] {processor.py:157} INFO - Started process (PID=30823) to work on /home/airflow/.local/lib/python3.8/site-packages/airflow/example_dags/example_branch_day_of_week_operator.py
[2023-12-19T10:04:12.732+0000] {processor.py:829} INFO - Processing file /home/airflow/.local/lib/python3.8/site-packages/airflow/example_dags/example_branch_day_of_week_operator.py for tasks to queue
[2023-12-19T10:04:12.734+0000] {logging_mixin.py:154} INFO - [2023-12-19T10:04:12.734+0000] {dagbag.py:536} INFO - Filling up the DagBag from /home/airflow/.local/lib/python3.8/site-packages/airflow/example_dags/example_branch_day_of_week_operator.py
[2023-12-19T10:04:12.751+0000] {processor.py:839} INFO - DAG(s) dict_keys(['example_weekday_branch_operator']) retrieved from /home/airflow/.local/lib/python3.8/site-packages/airflow/example_dags/example_branch_day_of_week_operator.py
[2023-12-19T10:04:12.797+0000] {logging_mixin.py:154} INFO - [2023-12-19T10:04:12.796+0000] {dag.py:2941} INFO - Sync 1 DAGs
[2023-12-19T10:04:12.859+0000] {logging_mixin.py:154} INFO - [2023-12-19T10:04:12.859+0000] {dag.py:3722} INFO - Setting next_dagrun for example_weekday_branch_operator to 2023-12-18T00:00:00+00:00, run_after=2023-12-19T00:00:00+00:00
[2023-12-19T10:04:12.915+0000] {processor.py:179} INFO - Processing /home/airflow/.local/lib/python3.8/site-packages/airflow/example_dags/example_branch_day_of_week_operator.py took 0.194 seconds
[2023-12-19T10:04:43.300+0000] {processor.py:157} INFO - Started process (PID=30879) to work on /home/airflow/.local/lib/python3.8/site-packages/airflow/example_dags/example_branch_day_of_week_operator.py
[2023-12-19T10:04:43.302+0000] {processor.py:829} INFO - Processing file /home/airflow/.local/lib/python3.8/site-packages/airflow/example_dags/example_branch_day_of_week_operator.py for tasks to queue
[2023-12-19T10:04:43.304+0000] {logging_mixin.py:154} INFO - [2023-12-19T10:04:43.304+0000] {dagbag.py:536} INFO - Filling up the DagBag from /home/airflow/.local/lib/python3.8/site-packages/airflow/example_dags/example_branch_day_of_week_operator.py
[2023-12-19T10:04:43.319+0000] {processor.py:839} INFO - DAG(s) dict_keys(['example_weekday_branch_operator']) retrieved from /home/airflow/.local/lib/python3.8/site-packages/airflow/example_dags/example_branch_day_of_week_operator.py
[2023-12-19T10:04:43.364+0000] {logging_mixin.py:154} INFO - [2023-12-19T10:04:43.364+0000] {dag.py:2941} INFO - Sync 1 DAGs
[2023-12-19T10:04:43.411+0000] {logging_mixin.py:154} INFO - [2023-12-19T10:04:43.411+0000] {dag.py:3722} INFO - Setting next_dagrun for example_weekday_branch_operator to 2023-12-18T00:00:00+00:00, run_after=2023-12-19T00:00:00+00:00
[2023-12-19T10:04:43.467+0000] {processor.py:179} INFO - Processing /home/airflow/.local/lib/python3.8/site-packages/airflow/example_dags/example_branch_day_of_week_operator.py took 0.176 seconds
[2023-12-19T10:05:13.964+0000] {processor.py:157} INFO - Started process (PID=30934) to work on /home/airflow/.local/lib/python3.8/site-packages/airflow/example_dags/example_branch_day_of_week_operator.py
[2023-12-19T10:05:13.967+0000] {processor.py:829} INFO - Processing file /home/airflow/.local/lib/python3.8/site-packages/airflow/example_dags/example_branch_day_of_week_operator.py for tasks to queue
[2023-12-19T10:05:13.969+0000] {logging_mixin.py:154} INFO - [2023-12-19T10:05:13.968+0000] {dagbag.py:536} INFO - Filling up the DagBag from /home/airflow/.local/lib/python3.8/site-packages/airflow/example_dags/example_branch_day_of_week_operator.py
[2023-12-19T10:05:13.987+0000] {processor.py:839} INFO - DAG(s) dict_keys(['example_weekday_branch_operator']) retrieved from /home/airflow/.local/lib/python3.8/site-packages/airflow/example_dags/example_branch_day_of_week_operator.py
[2023-12-19T10:05:14.029+0000] {logging_mixin.py:154} INFO - [2023-12-19T10:05:14.029+0000] {dag.py:2941} INFO - Sync 1 DAGs
[2023-12-19T10:05:14.074+0000] {logging_mixin.py:154} INFO - [2023-12-19T10:05:14.074+0000] {dag.py:3722} INFO - Setting next_dagrun for example_weekday_branch_operator to 2023-12-18T00:00:00+00:00, run_after=2023-12-19T00:00:00+00:00
[2023-12-19T10:05:14.113+0000] {processor.py:179} INFO - Processing /home/airflow/.local/lib/python3.8/site-packages/airflow/example_dags/example_branch_day_of_week_operator.py took 0.157 seconds
[2023-12-19T10:05:44.836+0000] {processor.py:157} INFO - Started process (PID=30989) to work on /home/airflow/.local/lib/python3.8/site-packages/airflow/example_dags/example_branch_day_of_week_operator.py
[2023-12-19T10:05:44.838+0000] {processor.py:829} INFO - Processing file /home/airflow/.local/lib/python3.8/site-packages/airflow/example_dags/example_branch_day_of_week_operator.py for tasks to queue
[2023-12-19T10:05:44.840+0000] {logging_mixin.py:154} INFO - [2023-12-19T10:05:44.839+0000] {dagbag.py:536} INFO - Filling up the DagBag from /home/airflow/.local/lib/python3.8/site-packages/airflow/example_dags/example_branch_day_of_week_operator.py
[2023-12-19T10:05:44.858+0000] {processor.py:839} INFO - DAG(s) dict_keys(['example_weekday_branch_operator']) retrieved from /home/airflow/.local/lib/python3.8/site-packages/airflow/example_dags/example_branch_day_of_week_operator.py
[2023-12-19T10:05:44.903+0000] {logging_mixin.py:154} INFO - [2023-12-19T10:05:44.903+0000] {dag.py:2941} INFO - Sync 1 DAGs
[2023-12-19T10:05:44.945+0000] {logging_mixin.py:154} INFO - [2023-12-19T10:05:44.944+0000] {dag.py:3722} INFO - Setting next_dagrun for example_weekday_branch_operator to 2023-12-18T00:00:00+00:00, run_after=2023-12-19T00:00:00+00:00
[2023-12-19T10:05:44.973+0000] {processor.py:179} INFO - Processing /home/airflow/.local/lib/python3.8/site-packages/airflow/example_dags/example_branch_day_of_week_operator.py took 0.145 seconds
[2023-12-19T10:06:15.206+0000] {processor.py:157} INFO - Started process (PID=31044) to work on /home/airflow/.local/lib/python3.8/site-packages/airflow/example_dags/example_branch_day_of_week_operator.py
[2023-12-19T10:06:15.209+0000] {processor.py:829} INFO - Processing file /home/airflow/.local/lib/python3.8/site-packages/airflow/example_dags/example_branch_day_of_week_operator.py for tasks to queue
[2023-12-19T10:06:15.212+0000] {logging_mixin.py:154} INFO - [2023-12-19T10:06:15.211+0000] {dagbag.py:536} INFO - Filling up the DagBag from /home/airflow/.local/lib/python3.8/site-packages/airflow/example_dags/example_branch_day_of_week_operator.py
[2023-12-19T10:06:15.226+0000] {processor.py:839} INFO - DAG(s) dict_keys(['example_weekday_branch_operator']) retrieved from /home/airflow/.local/lib/python3.8/site-packages/airflow/example_dags/example_branch_day_of_week_operator.py
[2023-12-19T10:06:15.268+0000] {logging_mixin.py:154} INFO - [2023-12-19T10:06:15.268+0000] {dag.py:2941} INFO - Sync 1 DAGs
[2023-12-19T10:06:15.321+0000] {logging_mixin.py:154} INFO - [2023-12-19T10:06:15.321+0000] {dag.py:3722} INFO - Setting next_dagrun for example_weekday_branch_operator to 2023-12-18T00:00:00+00:00, run_after=2023-12-19T00:00:00+00:00
[2023-12-19T10:06:15.355+0000] {processor.py:179} INFO - Processing /home/airflow/.local/lib/python3.8/site-packages/airflow/example_dags/example_branch_day_of_week_operator.py took 0.158 seconds
[2023-12-19T10:06:45.993+0000] {processor.py:157} INFO - Started process (PID=31099) to work on /home/airflow/.local/lib/python3.8/site-packages/airflow/example_dags/example_branch_day_of_week_operator.py
[2023-12-19T10:06:45.997+0000] {processor.py:829} INFO - Processing file /home/airflow/.local/lib/python3.8/site-packages/airflow/example_dags/example_branch_day_of_week_operator.py for tasks to queue
[2023-12-19T10:06:46.000+0000] {logging_mixin.py:154} INFO - [2023-12-19T10:06:45.999+0000] {dagbag.py:536} INFO - Filling up the DagBag from /home/airflow/.local/lib/python3.8/site-packages/airflow/example_dags/example_branch_day_of_week_operator.py
[2023-12-19T10:06:46.015+0000] {processor.py:839} INFO - DAG(s) dict_keys(['example_weekday_branch_operator']) retrieved from /home/airflow/.local/lib/python3.8/site-packages/airflow/example_dags/example_branch_day_of_week_operator.py
[2023-12-19T10:06:46.056+0000] {logging_mixin.py:154} INFO - [2023-12-19T10:06:46.056+0000] {dag.py:2941} INFO - Sync 1 DAGs
[2023-12-19T10:06:46.094+0000] {logging_mixin.py:154} INFO - [2023-12-19T10:06:46.094+0000] {dag.py:3722} INFO - Setting next_dagrun for example_weekday_branch_operator to 2023-12-18T00:00:00+00:00, run_after=2023-12-19T00:00:00+00:00
[2023-12-19T10:06:46.131+0000] {processor.py:179} INFO - Processing /home/airflow/.local/lib/python3.8/site-packages/airflow/example_dags/example_branch_day_of_week_operator.py took 0.145 seconds
[2023-12-19T10:07:16.386+0000] {processor.py:157} INFO - Started process (PID=31154) to work on /home/airflow/.local/lib/python3.8/site-packages/airflow/example_dags/example_branch_day_of_week_operator.py
[2023-12-19T10:07:16.389+0000] {processor.py:829} INFO - Processing file /home/airflow/.local/lib/python3.8/site-packages/airflow/example_dags/example_branch_day_of_week_operator.py for tasks to queue
[2023-12-19T10:07:16.392+0000] {logging_mixin.py:154} INFO - [2023-12-19T10:07:16.390+0000] {dagbag.py:536} INFO - Filling up the DagBag from /home/airflow/.local/lib/python3.8/site-packages/airflow/example_dags/example_branch_day_of_week_operator.py
[2023-12-19T10:07:16.407+0000] {processor.py:839} INFO - DAG(s) dict_keys(['example_weekday_branch_operator']) retrieved from /home/airflow/.local/lib/python3.8/site-packages/airflow/example_dags/example_branch_day_of_week_operator.py
[2023-12-19T10:07:16.454+0000] {logging_mixin.py:154} INFO - [2023-12-19T10:07:16.454+0000] {dag.py:2941} INFO - Sync 1 DAGs
[2023-12-19T10:07:16.496+0000] {logging_mixin.py:154} INFO - [2023-12-19T10:07:16.495+0000] {dag.py:3722} INFO - Setting next_dagrun for example_weekday_branch_operator to 2023-12-18T00:00:00+00:00, run_after=2023-12-19T00:00:00+00:00
[2023-12-19T10:07:16.527+0000] {processor.py:179} INFO - Processing /home/airflow/.local/lib/python3.8/site-packages/airflow/example_dags/example_branch_day_of_week_operator.py took 0.148 seconds
[2023-12-19T10:07:46.711+0000] {processor.py:157} INFO - Started process (PID=31209) to work on /home/airflow/.local/lib/python3.8/site-packages/airflow/example_dags/example_branch_day_of_week_operator.py
[2023-12-19T10:07:46.714+0000] {processor.py:829} INFO - Processing file /home/airflow/.local/lib/python3.8/site-packages/airflow/example_dags/example_branch_day_of_week_operator.py for tasks to queue
[2023-12-19T10:07:46.716+0000] {logging_mixin.py:154} INFO - [2023-12-19T10:07:46.715+0000] {dagbag.py:536} INFO - Filling up the DagBag from /home/airflow/.local/lib/python3.8/site-packages/airflow/example_dags/example_branch_day_of_week_operator.py
[2023-12-19T10:07:46.731+0000] {processor.py:839} INFO - DAG(s) dict_keys(['example_weekday_branch_operator']) retrieved from /home/airflow/.local/lib/python3.8/site-packages/airflow/example_dags/example_branch_day_of_week_operator.py
[2023-12-19T10:07:46.770+0000] {logging_mixin.py:154} INFO - [2023-12-19T10:07:46.770+0000] {dag.py:2941} INFO - Sync 1 DAGs
[2023-12-19T10:07:46.810+0000] {logging_mixin.py:154} INFO - [2023-12-19T10:07:46.809+0000] {dag.py:3722} INFO - Setting next_dagrun for example_weekday_branch_operator to 2023-12-18T00:00:00+00:00, run_after=2023-12-19T00:00:00+00:00
[2023-12-19T10:07:46.843+0000] {processor.py:179} INFO - Processing /home/airflow/.local/lib/python3.8/site-packages/airflow/example_dags/example_branch_day_of_week_operator.py took 0.141 seconds
[2023-12-19T10:08:17.416+0000] {processor.py:157} INFO - Started process (PID=31264) to work on /home/airflow/.local/lib/python3.8/site-packages/airflow/example_dags/example_branch_day_of_week_operator.py
[2023-12-19T10:08:17.419+0000] {processor.py:829} INFO - Processing file /home/airflow/.local/lib/python3.8/site-packages/airflow/example_dags/example_branch_day_of_week_operator.py for tasks to queue
[2023-12-19T10:08:17.421+0000] {logging_mixin.py:154} INFO - [2023-12-19T10:08:17.421+0000] {dagbag.py:536} INFO - Filling up the DagBag from /home/airflow/.local/lib/python3.8/site-packages/airflow/example_dags/example_branch_day_of_week_operator.py
[2023-12-19T10:08:17.441+0000] {processor.py:839} INFO - DAG(s) dict_keys(['example_weekday_branch_operator']) retrieved from /home/airflow/.local/lib/python3.8/site-packages/airflow/example_dags/example_branch_day_of_week_operator.py
[2023-12-19T10:08:17.484+0000] {logging_mixin.py:154} INFO - [2023-12-19T10:08:17.484+0000] {dag.py:2941} INFO - Sync 1 DAGs
[2023-12-19T10:08:17.525+0000] {logging_mixin.py:154} INFO - [2023-12-19T10:08:17.524+0000] {dag.py:3722} INFO - Setting next_dagrun for example_weekday_branch_operator to 2023-12-18T00:00:00+00:00, run_after=2023-12-19T00:00:00+00:00
[2023-12-19T10:08:17.558+0000] {processor.py:179} INFO - Processing /home/airflow/.local/lib/python3.8/site-packages/airflow/example_dags/example_branch_day_of_week_operator.py took 0.149 seconds
[2023-12-19T10:08:48.796+0000] {processor.py:157} INFO - Started process (PID=31319) to work on /home/airflow/.local/lib/python3.8/site-packages/airflow/example_dags/example_branch_day_of_week_operator.py
[2023-12-19T10:08:48.800+0000] {processor.py:829} INFO - Processing file /home/airflow/.local/lib/python3.8/site-packages/airflow/example_dags/example_branch_day_of_week_operator.py for tasks to queue
[2023-12-19T10:08:48.805+0000] {logging_mixin.py:154} INFO - [2023-12-19T10:08:48.804+0000] {dagbag.py:536} INFO - Filling up the DagBag from /home/airflow/.local/lib/python3.8/site-packages/airflow/example_dags/example_branch_day_of_week_operator.py
[2023-12-19T10:08:48.824+0000] {processor.py:839} INFO - DAG(s) dict_keys(['example_weekday_branch_operator']) retrieved from /home/airflow/.local/lib/python3.8/site-packages/airflow/example_dags/example_branch_day_of_week_operator.py
[2023-12-19T10:08:48.898+0000] {logging_mixin.py:154} INFO - [2023-12-19T10:08:48.898+0000] {dag.py:2941} INFO - Sync 1 DAGs
[2023-12-19T10:08:48.963+0000] {logging_mixin.py:154} INFO - [2023-12-19T10:08:48.963+0000] {dag.py:3722} INFO - Setting next_dagrun for example_weekday_branch_operator to 2023-12-18T00:00:00+00:00, run_after=2023-12-19T00:00:00+00:00
[2023-12-19T10:08:49.016+0000] {processor.py:179} INFO - Processing /home/airflow/.local/lib/python3.8/site-packages/airflow/example_dags/example_branch_day_of_week_operator.py took 0.234 seconds
[2023-12-19T10:09:19.875+0000] {processor.py:157} INFO - Started process (PID=31374) to work on /home/airflow/.local/lib/python3.8/site-packages/airflow/example_dags/example_branch_day_of_week_operator.py
[2023-12-19T10:09:19.877+0000] {processor.py:829} INFO - Processing file /home/airflow/.local/lib/python3.8/site-packages/airflow/example_dags/example_branch_day_of_week_operator.py for tasks to queue
[2023-12-19T10:09:19.879+0000] {logging_mixin.py:154} INFO - [2023-12-19T10:09:19.879+0000] {dagbag.py:536} INFO - Filling up the DagBag from /home/airflow/.local/lib/python3.8/site-packages/airflow/example_dags/example_branch_day_of_week_operator.py
[2023-12-19T10:09:19.893+0000] {processor.py:839} INFO - DAG(s) dict_keys(['example_weekday_branch_operator']) retrieved from /home/airflow/.local/lib/python3.8/site-packages/airflow/example_dags/example_branch_day_of_week_operator.py
[2023-12-19T10:09:19.941+0000] {logging_mixin.py:154} INFO - [2023-12-19T10:09:19.940+0000] {dag.py:2941} INFO - Sync 1 DAGs
[2023-12-19T10:09:20.008+0000] {logging_mixin.py:154} INFO - [2023-12-19T10:09:20.008+0000] {dag.py:3722} INFO - Setting next_dagrun for example_weekday_branch_operator to 2023-12-18T00:00:00+00:00, run_after=2023-12-19T00:00:00+00:00
[2023-12-19T10:09:20.083+0000] {processor.py:179} INFO - Processing /home/airflow/.local/lib/python3.8/site-packages/airflow/example_dags/example_branch_day_of_week_operator.py took 0.215 seconds
[2023-12-19T10:09:50.206+0000] {processor.py:157} INFO - Started process (PID=31429) to work on /home/airflow/.local/lib/python3.8/site-packages/airflow/example_dags/example_branch_day_of_week_operator.py
[2023-12-19T10:09:50.210+0000] {processor.py:829} INFO - Processing file /home/airflow/.local/lib/python3.8/site-packages/airflow/example_dags/example_branch_day_of_week_operator.py for tasks to queue
[2023-12-19T10:09:50.213+0000] {logging_mixin.py:154} INFO - [2023-12-19T10:09:50.212+0000] {dagbag.py:536} INFO - Filling up the DagBag from /home/airflow/.local/lib/python3.8/site-packages/airflow/example_dags/example_branch_day_of_week_operator.py
[2023-12-19T10:09:50.237+0000] {processor.py:839} INFO - DAG(s) dict_keys(['example_weekday_branch_operator']) retrieved from /home/airflow/.local/lib/python3.8/site-packages/airflow/example_dags/example_branch_day_of_week_operator.py
[2023-12-19T10:09:50.285+0000] {logging_mixin.py:154} INFO - [2023-12-19T10:09:50.284+0000] {dag.py:2941} INFO - Sync 1 DAGs
[2023-12-19T10:09:50.331+0000] {logging_mixin.py:154} INFO - [2023-12-19T10:09:50.331+0000] {dag.py:3722} INFO - Setting next_dagrun for example_weekday_branch_operator to 2023-12-18T00:00:00+00:00, run_after=2023-12-19T00:00:00+00:00
[2023-12-19T10:09:50.373+0000] {processor.py:179} INFO - Processing /home/airflow/.local/lib/python3.8/site-packages/airflow/example_dags/example_branch_day_of_week_operator.py took 0.174 seconds
[2023-12-19T10:10:20.652+0000] {processor.py:157} INFO - Started process (PID=31485) to work on /home/airflow/.local/lib/python3.8/site-packages/airflow/example_dags/example_branch_day_of_week_operator.py
[2023-12-19T10:10:20.654+0000] {processor.py:829} INFO - Processing file /home/airflow/.local/lib/python3.8/site-packages/airflow/example_dags/example_branch_day_of_week_operator.py for tasks to queue
[2023-12-19T10:10:20.657+0000] {logging_mixin.py:154} INFO - [2023-12-19T10:10:20.656+0000] {dagbag.py:536} INFO - Filling up the DagBag from /home/airflow/.local/lib/python3.8/site-packages/airflow/example_dags/example_branch_day_of_week_operator.py
[2023-12-19T10:10:20.671+0000] {processor.py:839} INFO - DAG(s) dict_keys(['example_weekday_branch_operator']) retrieved from /home/airflow/.local/lib/python3.8/site-packages/airflow/example_dags/example_branch_day_of_week_operator.py
[2023-12-19T10:10:20.714+0000] {logging_mixin.py:154} INFO - [2023-12-19T10:10:20.714+0000] {dag.py:2941} INFO - Sync 1 DAGs
[2023-12-19T10:10:20.754+0000] {logging_mixin.py:154} INFO - [2023-12-19T10:10:20.753+0000] {dag.py:3722} INFO - Setting next_dagrun for example_weekday_branch_operator to 2023-12-18T00:00:00+00:00, run_after=2023-12-19T00:00:00+00:00
[2023-12-19T10:10:20.789+0000] {processor.py:179} INFO - Processing /home/airflow/.local/lib/python3.8/site-packages/airflow/example_dags/example_branch_day_of_week_operator.py took 0.144 seconds
[2023-12-19T10:10:51.354+0000] {processor.py:157} INFO - Started process (PID=31540) to work on /home/airflow/.local/lib/python3.8/site-packages/airflow/example_dags/example_branch_day_of_week_operator.py
[2023-12-19T10:10:51.356+0000] {processor.py:829} INFO - Processing file /home/airflow/.local/lib/python3.8/site-packages/airflow/example_dags/example_branch_day_of_week_operator.py for tasks to queue
[2023-12-19T10:10:51.358+0000] {logging_mixin.py:154} INFO - [2023-12-19T10:10:51.358+0000] {dagbag.py:536} INFO - Filling up the DagBag from /home/airflow/.local/lib/python3.8/site-packages/airflow/example_dags/example_branch_day_of_week_operator.py
[2023-12-19T10:10:51.373+0000] {processor.py:839} INFO - DAG(s) dict_keys(['example_weekday_branch_operator']) retrieved from /home/airflow/.local/lib/python3.8/site-packages/airflow/example_dags/example_branch_day_of_week_operator.py
[2023-12-19T10:10:51.415+0000] {logging_mixin.py:154} INFO - [2023-12-19T10:10:51.415+0000] {dag.py:2941} INFO - Sync 1 DAGs
[2023-12-19T10:10:51.454+0000] {logging_mixin.py:154} INFO - [2023-12-19T10:10:51.454+0000] {dag.py:3722} INFO - Setting next_dagrun for example_weekday_branch_operator to 2023-12-18T00:00:00+00:00, run_after=2023-12-19T00:00:00+00:00
[2023-12-19T10:10:51.489+0000] {processor.py:179} INFO - Processing /home/airflow/.local/lib/python3.8/site-packages/airflow/example_dags/example_branch_day_of_week_operator.py took 0.143 seconds
[2023-12-19T10:11:22.104+0000] {processor.py:157} INFO - Started process (PID=31595) to work on /home/airflow/.local/lib/python3.8/site-packages/airflow/example_dags/example_branch_day_of_week_operator.py
[2023-12-19T10:11:22.106+0000] {processor.py:829} INFO - Processing file /home/airflow/.local/lib/python3.8/site-packages/airflow/example_dags/example_branch_day_of_week_operator.py for tasks to queue
[2023-12-19T10:11:22.108+0000] {logging_mixin.py:154} INFO - [2023-12-19T10:11:22.108+0000] {dagbag.py:536} INFO - Filling up the DagBag from /home/airflow/.local/lib/python3.8/site-packages/airflow/example_dags/example_branch_day_of_week_operator.py
[2023-12-19T10:11:22.123+0000] {processor.py:839} INFO - DAG(s) dict_keys(['example_weekday_branch_operator']) retrieved from /home/airflow/.local/lib/python3.8/site-packages/airflow/example_dags/example_branch_day_of_week_operator.py
[2023-12-19T10:11:22.168+0000] {logging_mixin.py:154} INFO - [2023-12-19T10:11:22.168+0000] {dag.py:2941} INFO - Sync 1 DAGs
[2023-12-19T10:11:22.208+0000] {logging_mixin.py:154} INFO - [2023-12-19T10:11:22.208+0000] {dag.py:3722} INFO - Setting next_dagrun for example_weekday_branch_operator to 2023-12-18T00:00:00+00:00, run_after=2023-12-19T00:00:00+00:00
[2023-12-19T10:11:22.244+0000] {processor.py:179} INFO - Processing /home/airflow/.local/lib/python3.8/site-packages/airflow/example_dags/example_branch_day_of_week_operator.py took 0.147 seconds
[2023-12-19T10:11:53.413+0000] {processor.py:157} INFO - Started process (PID=31650) to work on /home/airflow/.local/lib/python3.8/site-packages/airflow/example_dags/example_branch_day_of_week_operator.py
[2023-12-19T10:11:53.416+0000] {processor.py:829} INFO - Processing file /home/airflow/.local/lib/python3.8/site-packages/airflow/example_dags/example_branch_day_of_week_operator.py for tasks to queue
[2023-12-19T10:11:53.418+0000] {logging_mixin.py:154} INFO - [2023-12-19T10:11:53.417+0000] {dagbag.py:536} INFO - Filling up the DagBag from /home/airflow/.local/lib/python3.8/site-packages/airflow/example_dags/example_branch_day_of_week_operator.py
[2023-12-19T10:11:53.433+0000] {processor.py:839} INFO - DAG(s) dict_keys(['example_weekday_branch_operator']) retrieved from /home/airflow/.local/lib/python3.8/site-packages/airflow/example_dags/example_branch_day_of_week_operator.py
[2023-12-19T10:11:53.478+0000] {logging_mixin.py:154} INFO - [2023-12-19T10:11:53.477+0000] {dag.py:2941} INFO - Sync 1 DAGs
[2023-12-19T10:11:53.524+0000] {logging_mixin.py:154} INFO - [2023-12-19T10:11:53.523+0000] {dag.py:3722} INFO - Setting next_dagrun for example_weekday_branch_operator to 2023-12-18T00:00:00+00:00, run_after=2023-12-19T00:00:00+00:00
[2023-12-19T10:11:53.565+0000] {processor.py:179} INFO - Processing /home/airflow/.local/lib/python3.8/site-packages/airflow/example_dags/example_branch_day_of_week_operator.py took 0.158 seconds
[2023-12-19T10:12:24.210+0000] {processor.py:157} INFO - Started process (PID=31705) to work on /home/airflow/.local/lib/python3.8/site-packages/airflow/example_dags/example_branch_day_of_week_operator.py
[2023-12-19T10:12:24.212+0000] {processor.py:829} INFO - Processing file /home/airflow/.local/lib/python3.8/site-packages/airflow/example_dags/example_branch_day_of_week_operator.py for tasks to queue
[2023-12-19T10:12:24.214+0000] {logging_mixin.py:154} INFO - [2023-12-19T10:12:24.214+0000] {dagbag.py:536} INFO - Filling up the DagBag from /home/airflow/.local/lib/python3.8/site-packages/airflow/example_dags/example_branch_day_of_week_operator.py
[2023-12-19T10:12:24.230+0000] {processor.py:839} INFO - DAG(s) dict_keys(['example_weekday_branch_operator']) retrieved from /home/airflow/.local/lib/python3.8/site-packages/airflow/example_dags/example_branch_day_of_week_operator.py
[2023-12-19T10:12:24.284+0000] {logging_mixin.py:154} INFO - [2023-12-19T10:12:24.284+0000] {dag.py:2941} INFO - Sync 1 DAGs
[2023-12-19T10:12:24.337+0000] {logging_mixin.py:154} INFO - [2023-12-19T10:12:24.337+0000] {dag.py:3722} INFO - Setting next_dagrun for example_weekday_branch_operator to 2023-12-18T00:00:00+00:00, run_after=2023-12-19T00:00:00+00:00
[2023-12-19T10:12:24.369+0000] {processor.py:179} INFO - Processing /home/airflow/.local/lib/python3.8/site-packages/airflow/example_dags/example_branch_day_of_week_operator.py took 0.167 seconds
[2023-12-19T10:12:54.486+0000] {processor.py:157} INFO - Started process (PID=31760) to work on /home/airflow/.local/lib/python3.8/site-packages/airflow/example_dags/example_branch_day_of_week_operator.py
[2023-12-19T10:12:54.489+0000] {processor.py:829} INFO - Processing file /home/airflow/.local/lib/python3.8/site-packages/airflow/example_dags/example_branch_day_of_week_operator.py for tasks to queue
[2023-12-19T10:12:54.493+0000] {logging_mixin.py:154} INFO - [2023-12-19T10:12:54.492+0000] {dagbag.py:536} INFO - Filling up the DagBag from /home/airflow/.local/lib/python3.8/site-packages/airflow/example_dags/example_branch_day_of_week_operator.py
[2023-12-19T10:12:54.509+0000] {processor.py:839} INFO - DAG(s) dict_keys(['example_weekday_branch_operator']) retrieved from /home/airflow/.local/lib/python3.8/site-packages/airflow/example_dags/example_branch_day_of_week_operator.py
[2023-12-19T10:12:54.550+0000] {logging_mixin.py:154} INFO - [2023-12-19T10:12:54.550+0000] {dag.py:2941} INFO - Sync 1 DAGs
[2023-12-19T10:12:54.589+0000] {logging_mixin.py:154} INFO - [2023-12-19T10:12:54.588+0000] {dag.py:3722} INFO - Setting next_dagrun for example_weekday_branch_operator to 2023-12-18T00:00:00+00:00, run_after=2023-12-19T00:00:00+00:00
[2023-12-19T10:12:54.627+0000] {processor.py:179} INFO - Processing /home/airflow/.local/lib/python3.8/site-packages/airflow/example_dags/example_branch_day_of_week_operator.py took 0.148 seconds
[2023-12-19T10:13:25.171+0000] {processor.py:157} INFO - Started process (PID=31815) to work on /home/airflow/.local/lib/python3.8/site-packages/airflow/example_dags/example_branch_day_of_week_operator.py
[2023-12-19T10:13:25.173+0000] {processor.py:829} INFO - Processing file /home/airflow/.local/lib/python3.8/site-packages/airflow/example_dags/example_branch_day_of_week_operator.py for tasks to queue
[2023-12-19T10:13:25.176+0000] {logging_mixin.py:154} INFO - [2023-12-19T10:13:25.176+0000] {dagbag.py:536} INFO - Filling up the DagBag from /home/airflow/.local/lib/python3.8/site-packages/airflow/example_dags/example_branch_day_of_week_operator.py
[2023-12-19T10:13:25.192+0000] {processor.py:839} INFO - DAG(s) dict_keys(['example_weekday_branch_operator']) retrieved from /home/airflow/.local/lib/python3.8/site-packages/airflow/example_dags/example_branch_day_of_week_operator.py
[2023-12-19T10:13:25.242+0000] {logging_mixin.py:154} INFO - [2023-12-19T10:13:25.241+0000] {dag.py:2941} INFO - Sync 1 DAGs
[2023-12-19T10:13:25.299+0000] {logging_mixin.py:154} INFO - [2023-12-19T10:13:25.299+0000] {dag.py:3722} INFO - Setting next_dagrun for example_weekday_branch_operator to 2023-12-18T00:00:00+00:00, run_after=2023-12-19T00:00:00+00:00
[2023-12-19T10:13:25.341+0000] {processor.py:179} INFO - Processing /home/airflow/.local/lib/python3.8/site-packages/airflow/example_dags/example_branch_day_of_week_operator.py took 0.176 seconds
[2023-12-19T10:13:55.867+0000] {processor.py:157} INFO - Started process (PID=31871) to work on /home/airflow/.local/lib/python3.8/site-packages/airflow/example_dags/example_branch_day_of_week_operator.py
[2023-12-19T10:13:55.870+0000] {processor.py:829} INFO - Processing file /home/airflow/.local/lib/python3.8/site-packages/airflow/example_dags/example_branch_day_of_week_operator.py for tasks to queue
[2023-12-19T10:13:55.871+0000] {logging_mixin.py:154} INFO - [2023-12-19T10:13:55.871+0000] {dagbag.py:536} INFO - Filling up the DagBag from /home/airflow/.local/lib/python3.8/site-packages/airflow/example_dags/example_branch_day_of_week_operator.py
[2023-12-19T10:13:55.886+0000] {processor.py:839} INFO - DAG(s) dict_keys(['example_weekday_branch_operator']) retrieved from /home/airflow/.local/lib/python3.8/site-packages/airflow/example_dags/example_branch_day_of_week_operator.py
[2023-12-19T10:13:55.927+0000] {logging_mixin.py:154} INFO - [2023-12-19T10:13:55.927+0000] {dag.py:2941} INFO - Sync 1 DAGs
[2023-12-19T10:13:55.968+0000] {logging_mixin.py:154} INFO - [2023-12-19T10:13:55.968+0000] {dag.py:3722} INFO - Setting next_dagrun for example_weekday_branch_operator to 2023-12-18T00:00:00+00:00, run_after=2023-12-19T00:00:00+00:00
[2023-12-19T10:13:56.006+0000] {processor.py:179} INFO - Processing /home/airflow/.local/lib/python3.8/site-packages/airflow/example_dags/example_branch_day_of_week_operator.py took 0.144 seconds
[2023-12-19T10:14:26.211+0000] {processor.py:157} INFO - Started process (PID=31926) to work on /home/airflow/.local/lib/python3.8/site-packages/airflow/example_dags/example_branch_day_of_week_operator.py
[2023-12-19T10:14:26.214+0000] {processor.py:829} INFO - Processing file /home/airflow/.local/lib/python3.8/site-packages/airflow/example_dags/example_branch_day_of_week_operator.py for tasks to queue
[2023-12-19T10:14:26.216+0000] {logging_mixin.py:154} INFO - [2023-12-19T10:14:26.216+0000] {dagbag.py:536} INFO - Filling up the DagBag from /home/airflow/.local/lib/python3.8/site-packages/airflow/example_dags/example_branch_day_of_week_operator.py
[2023-12-19T10:14:26.232+0000] {processor.py:839} INFO - DAG(s) dict_keys(['example_weekday_branch_operator']) retrieved from /home/airflow/.local/lib/python3.8/site-packages/airflow/example_dags/example_branch_day_of_week_operator.py
[2023-12-19T10:14:26.277+0000] {logging_mixin.py:154} INFO - [2023-12-19T10:14:26.277+0000] {dag.py:2941} INFO - Sync 1 DAGs
[2023-12-19T10:14:26.320+0000] {logging_mixin.py:154} INFO - [2023-12-19T10:14:26.320+0000] {dag.py:3722} INFO - Setting next_dagrun for example_weekday_branch_operator to 2023-12-18T00:00:00+00:00, run_after=2023-12-19T00:00:00+00:00
[2023-12-19T10:14:26.360+0000] {processor.py:179} INFO - Processing /home/airflow/.local/lib/python3.8/site-packages/airflow/example_dags/example_branch_day_of_week_operator.py took 0.155 seconds
[2023-12-19T10:14:57.353+0000] {processor.py:157} INFO - Started process (PID=31981) to work on /home/airflow/.local/lib/python3.8/site-packages/airflow/example_dags/example_branch_day_of_week_operator.py
[2023-12-19T10:14:57.356+0000] {processor.py:829} INFO - Processing file /home/airflow/.local/lib/python3.8/site-packages/airflow/example_dags/example_branch_day_of_week_operator.py for tasks to queue
[2023-12-19T10:14:57.358+0000] {logging_mixin.py:154} INFO - [2023-12-19T10:14:57.358+0000] {dagbag.py:536} INFO - Filling up the DagBag from /home/airflow/.local/lib/python3.8/site-packages/airflow/example_dags/example_branch_day_of_week_operator.py
[2023-12-19T10:14:57.372+0000] {processor.py:839} INFO - DAG(s) dict_keys(['example_weekday_branch_operator']) retrieved from /home/airflow/.local/lib/python3.8/site-packages/airflow/example_dags/example_branch_day_of_week_operator.py
[2023-12-19T10:14:57.430+0000] {logging_mixin.py:154} INFO - [2023-12-19T10:14:57.429+0000] {dag.py:2941} INFO - Sync 1 DAGs
[2023-12-19T10:14:57.471+0000] {logging_mixin.py:154} INFO - [2023-12-19T10:14:57.471+0000] {dag.py:3722} INFO - Setting next_dagrun for example_weekday_branch_operator to 2023-12-18T00:00:00+00:00, run_after=2023-12-19T00:00:00+00:00
[2023-12-19T10:14:57.511+0000] {processor.py:179} INFO - Processing /home/airflow/.local/lib/python3.8/site-packages/airflow/example_dags/example_branch_day_of_week_operator.py took 0.165 seconds
[2023-12-19T10:15:27.957+0000] {processor.py:157} INFO - Started process (PID=32037) to work on /home/airflow/.local/lib/python3.8/site-packages/airflow/example_dags/example_branch_day_of_week_operator.py
[2023-12-19T10:15:27.960+0000] {processor.py:829} INFO - Processing file /home/airflow/.local/lib/python3.8/site-packages/airflow/example_dags/example_branch_day_of_week_operator.py for tasks to queue
[2023-12-19T10:15:27.962+0000] {logging_mixin.py:154} INFO - [2023-12-19T10:15:27.961+0000] {dagbag.py:536} INFO - Filling up the DagBag from /home/airflow/.local/lib/python3.8/site-packages/airflow/example_dags/example_branch_day_of_week_operator.py
[2023-12-19T10:15:27.977+0000] {processor.py:839} INFO - DAG(s) dict_keys(['example_weekday_branch_operator']) retrieved from /home/airflow/.local/lib/python3.8/site-packages/airflow/example_dags/example_branch_day_of_week_operator.py
[2023-12-19T10:15:28.023+0000] {logging_mixin.py:154} INFO - [2023-12-19T10:15:28.023+0000] {dag.py:2941} INFO - Sync 1 DAGs
[2023-12-19T10:15:28.066+0000] {logging_mixin.py:154} INFO - [2023-12-19T10:15:28.065+0000] {dag.py:3722} INFO - Setting next_dagrun for example_weekday_branch_operator to 2023-12-18T00:00:00+00:00, run_after=2023-12-19T00:00:00+00:00
[2023-12-19T10:15:28.102+0000] {processor.py:179} INFO - Processing /home/airflow/.local/lib/python3.8/site-packages/airflow/example_dags/example_branch_day_of_week_operator.py took 0.152 seconds
[2023-12-19T10:15:58.822+0000] {processor.py:157} INFO - Started process (PID=32092) to work on /home/airflow/.local/lib/python3.8/site-packages/airflow/example_dags/example_branch_day_of_week_operator.py
[2023-12-19T10:15:58.825+0000] {processor.py:829} INFO - Processing file /home/airflow/.local/lib/python3.8/site-packages/airflow/example_dags/example_branch_day_of_week_operator.py for tasks to queue
[2023-12-19T10:15:58.828+0000] {logging_mixin.py:154} INFO - [2023-12-19T10:15:58.827+0000] {dagbag.py:536} INFO - Filling up the DagBag from /home/airflow/.local/lib/python3.8/site-packages/airflow/example_dags/example_branch_day_of_week_operator.py
[2023-12-19T10:15:58.845+0000] {processor.py:839} INFO - DAG(s) dict_keys(['example_weekday_branch_operator']) retrieved from /home/airflow/.local/lib/python3.8/site-packages/airflow/example_dags/example_branch_day_of_week_operator.py
[2023-12-19T10:15:58.892+0000] {logging_mixin.py:154} INFO - [2023-12-19T10:15:58.892+0000] {dag.py:2941} INFO - Sync 1 DAGs
[2023-12-19T10:15:58.934+0000] {logging_mixin.py:154} INFO - [2023-12-19T10:15:58.934+0000] {dag.py:3722} INFO - Setting next_dagrun for example_weekday_branch_operator to 2023-12-18T00:00:00+00:00, run_after=2023-12-19T00:00:00+00:00
[2023-12-19T10:15:58.973+0000] {processor.py:179} INFO - Processing /home/airflow/.local/lib/python3.8/site-packages/airflow/example_dags/example_branch_day_of_week_operator.py took 0.160 seconds
[2023-12-19T10:16:29.265+0000] {processor.py:157} INFO - Started process (PID=32147) to work on /home/airflow/.local/lib/python3.8/site-packages/airflow/example_dags/example_branch_day_of_week_operator.py
[2023-12-19T10:16:29.269+0000] {processor.py:829} INFO - Processing file /home/airflow/.local/lib/python3.8/site-packages/airflow/example_dags/example_branch_day_of_week_operator.py for tasks to queue
[2023-12-19T10:16:29.273+0000] {logging_mixin.py:154} INFO - [2023-12-19T10:16:29.272+0000] {dagbag.py:536} INFO - Filling up the DagBag from /home/airflow/.local/lib/python3.8/site-packages/airflow/example_dags/example_branch_day_of_week_operator.py
[2023-12-19T10:16:29.293+0000] {processor.py:839} INFO - DAG(s) dict_keys(['example_weekday_branch_operator']) retrieved from /home/airflow/.local/lib/python3.8/site-packages/airflow/example_dags/example_branch_day_of_week_operator.py
[2023-12-19T10:16:29.342+0000] {logging_mixin.py:154} INFO - [2023-12-19T10:16:29.341+0000] {dag.py:2941} INFO - Sync 1 DAGs
[2023-12-19T10:16:29.385+0000] {logging_mixin.py:154} INFO - [2023-12-19T10:16:29.385+0000] {dag.py:3722} INFO - Setting next_dagrun for example_weekday_branch_operator to 2023-12-18T00:00:00+00:00, run_after=2023-12-19T00:00:00+00:00
[2023-12-19T10:16:29.414+0000] {processor.py:179} INFO - Processing /home/airflow/.local/lib/python3.8/site-packages/airflow/example_dags/example_branch_day_of_week_operator.py took 0.155 seconds
[2023-12-19T10:17:00.359+0000] {processor.py:157} INFO - Started process (PID=32202) to work on /home/airflow/.local/lib/python3.8/site-packages/airflow/example_dags/example_branch_day_of_week_operator.py
[2023-12-19T10:17:00.362+0000] {processor.py:829} INFO - Processing file /home/airflow/.local/lib/python3.8/site-packages/airflow/example_dags/example_branch_day_of_week_operator.py for tasks to queue
[2023-12-19T10:17:00.364+0000] {logging_mixin.py:154} INFO - [2023-12-19T10:17:00.363+0000] {dagbag.py:536} INFO - Filling up the DagBag from /home/airflow/.local/lib/python3.8/site-packages/airflow/example_dags/example_branch_day_of_week_operator.py
[2023-12-19T10:17:00.381+0000] {processor.py:839} INFO - DAG(s) dict_keys(['example_weekday_branch_operator']) retrieved from /home/airflow/.local/lib/python3.8/site-packages/airflow/example_dags/example_branch_day_of_week_operator.py
[2023-12-19T10:17:00.431+0000] {logging_mixin.py:154} INFO - [2023-12-19T10:17:00.431+0000] {dag.py:2941} INFO - Sync 1 DAGs
[2023-12-19T10:17:00.475+0000] {logging_mixin.py:154} INFO - [2023-12-19T10:17:00.474+0000] {dag.py:3722} INFO - Setting next_dagrun for example_weekday_branch_operator to 2023-12-18T00:00:00+00:00, run_after=2023-12-19T00:00:00+00:00
[2023-12-19T10:17:00.512+0000] {processor.py:179} INFO - Processing /home/airflow/.local/lib/python3.8/site-packages/airflow/example_dags/example_branch_day_of_week_operator.py took 0.161 seconds
[2023-12-19T10:17:31.194+0000] {processor.py:157} INFO - Started process (PID=32257) to work on /home/airflow/.local/lib/python3.8/site-packages/airflow/example_dags/example_branch_day_of_week_operator.py
[2023-12-19T10:17:31.196+0000] {processor.py:829} INFO - Processing file /home/airflow/.local/lib/python3.8/site-packages/airflow/example_dags/example_branch_day_of_week_operator.py for tasks to queue
[2023-12-19T10:17:31.198+0000] {logging_mixin.py:154} INFO - [2023-12-19T10:17:31.198+0000] {dagbag.py:536} INFO - Filling up the DagBag from /home/airflow/.local/lib/python3.8/site-packages/airflow/example_dags/example_branch_day_of_week_operator.py
[2023-12-19T10:17:31.213+0000] {processor.py:839} INFO - DAG(s) dict_keys(['example_weekday_branch_operator']) retrieved from /home/airflow/.local/lib/python3.8/site-packages/airflow/example_dags/example_branch_day_of_week_operator.py
[2023-12-19T10:17:31.256+0000] {logging_mixin.py:154} INFO - [2023-12-19T10:17:31.256+0000] {dag.py:2941} INFO - Sync 1 DAGs
[2023-12-19T10:17:31.299+0000] {logging_mixin.py:154} INFO - [2023-12-19T10:17:31.298+0000] {dag.py:3722} INFO - Setting next_dagrun for example_weekday_branch_operator to 2023-12-18T00:00:00+00:00, run_after=2023-12-19T00:00:00+00:00
[2023-12-19T10:17:31.334+0000] {processor.py:179} INFO - Processing /home/airflow/.local/lib/python3.8/site-packages/airflow/example_dags/example_branch_day_of_week_operator.py took 0.148 seconds
[2023-12-19T10:18:01.668+0000] {processor.py:157} INFO - Started process (PID=32312) to work on /home/airflow/.local/lib/python3.8/site-packages/airflow/example_dags/example_branch_day_of_week_operator.py
[2023-12-19T10:18:01.670+0000] {processor.py:829} INFO - Processing file /home/airflow/.local/lib/python3.8/site-packages/airflow/example_dags/example_branch_day_of_week_operator.py for tasks to queue
[2023-12-19T10:18:01.672+0000] {logging_mixin.py:154} INFO - [2023-12-19T10:18:01.672+0000] {dagbag.py:536} INFO - Filling up the DagBag from /home/airflow/.local/lib/python3.8/site-packages/airflow/example_dags/example_branch_day_of_week_operator.py
[2023-12-19T10:18:01.688+0000] {processor.py:839} INFO - DAG(s) dict_keys(['example_weekday_branch_operator']) retrieved from /home/airflow/.local/lib/python3.8/site-packages/airflow/example_dags/example_branch_day_of_week_operator.py
[2023-12-19T10:18:01.736+0000] {logging_mixin.py:154} INFO - [2023-12-19T10:18:01.735+0000] {dag.py:2941} INFO - Sync 1 DAGs
[2023-12-19T10:18:01.779+0000] {logging_mixin.py:154} INFO - [2023-12-19T10:18:01.779+0000] {dag.py:3722} INFO - Setting next_dagrun for example_weekday_branch_operator to 2023-12-18T00:00:00+00:00, run_after=2023-12-19T00:00:00+00:00
[2023-12-19T10:18:01.809+0000] {processor.py:179} INFO - Processing /home/airflow/.local/lib/python3.8/site-packages/airflow/example_dags/example_branch_day_of_week_operator.py took 0.149 seconds
[2023-12-19T10:18:32.020+0000] {processor.py:157} INFO - Started process (PID=32367) to work on /home/airflow/.local/lib/python3.8/site-packages/airflow/example_dags/example_branch_day_of_week_operator.py
[2023-12-19T10:18:32.023+0000] {processor.py:829} INFO - Processing file /home/airflow/.local/lib/python3.8/site-packages/airflow/example_dags/example_branch_day_of_week_operator.py for tasks to queue
[2023-12-19T10:18:32.025+0000] {logging_mixin.py:154} INFO - [2023-12-19T10:18:32.025+0000] {dagbag.py:536} INFO - Filling up the DagBag from /home/airflow/.local/lib/python3.8/site-packages/airflow/example_dags/example_branch_day_of_week_operator.py
[2023-12-19T10:18:32.048+0000] {processor.py:839} INFO - DAG(s) dict_keys(['example_weekday_branch_operator']) retrieved from /home/airflow/.local/lib/python3.8/site-packages/airflow/example_dags/example_branch_day_of_week_operator.py
[2023-12-19T10:18:32.090+0000] {logging_mixin.py:154} INFO - [2023-12-19T10:18:32.090+0000] {dag.py:2941} INFO - Sync 1 DAGs
[2023-12-19T10:18:32.131+0000] {logging_mixin.py:154} INFO - [2023-12-19T10:18:32.131+0000] {dag.py:3722} INFO - Setting next_dagrun for example_weekday_branch_operator to 2023-12-18T00:00:00+00:00, run_after=2023-12-19T00:00:00+00:00
[2023-12-19T10:18:32.166+0000] {processor.py:179} INFO - Processing /home/airflow/.local/lib/python3.8/site-packages/airflow/example_dags/example_branch_day_of_week_operator.py took 0.152 seconds
[2023-12-19T10:19:02.501+0000] {processor.py:157} INFO - Started process (PID=32422) to work on /home/airflow/.local/lib/python3.8/site-packages/airflow/example_dags/example_branch_day_of_week_operator.py
[2023-12-19T10:19:02.505+0000] {processor.py:829} INFO - Processing file /home/airflow/.local/lib/python3.8/site-packages/airflow/example_dags/example_branch_day_of_week_operator.py for tasks to queue
[2023-12-19T10:19:02.509+0000] {logging_mixin.py:154} INFO - [2023-12-19T10:19:02.508+0000] {dagbag.py:536} INFO - Filling up the DagBag from /home/airflow/.local/lib/python3.8/site-packages/airflow/example_dags/example_branch_day_of_week_operator.py
[2023-12-19T10:19:02.532+0000] {processor.py:839} INFO - DAG(s) dict_keys(['example_weekday_branch_operator']) retrieved from /home/airflow/.local/lib/python3.8/site-packages/airflow/example_dags/example_branch_day_of_week_operator.py
[2023-12-19T10:19:02.577+0000] {logging_mixin.py:154} INFO - [2023-12-19T10:19:02.577+0000] {dag.py:2941} INFO - Sync 1 DAGs
[2023-12-19T10:19:02.619+0000] {logging_mixin.py:154} INFO - [2023-12-19T10:19:02.619+0000] {dag.py:3722} INFO - Setting next_dagrun for example_weekday_branch_operator to 2023-12-18T00:00:00+00:00, run_after=2023-12-19T00:00:00+00:00
[2023-12-19T10:19:02.650+0000] {processor.py:179} INFO - Processing /home/airflow/.local/lib/python3.8/site-packages/airflow/example_dags/example_branch_day_of_week_operator.py took 0.161 seconds
[2023-12-19T10:19:32.744+0000] {processor.py:157} INFO - Started process (PID=32477) to work on /home/airflow/.local/lib/python3.8/site-packages/airflow/example_dags/example_branch_day_of_week_operator.py
[2023-12-19T10:19:32.747+0000] {processor.py:829} INFO - Processing file /home/airflow/.local/lib/python3.8/site-packages/airflow/example_dags/example_branch_day_of_week_operator.py for tasks to queue
[2023-12-19T10:19:32.749+0000] {logging_mixin.py:154} INFO - [2023-12-19T10:19:32.749+0000] {dagbag.py:536} INFO - Filling up the DagBag from /home/airflow/.local/lib/python3.8/site-packages/airflow/example_dags/example_branch_day_of_week_operator.py
[2023-12-19T10:19:32.764+0000] {processor.py:839} INFO - DAG(s) dict_keys(['example_weekday_branch_operator']) retrieved from /home/airflow/.local/lib/python3.8/site-packages/airflow/example_dags/example_branch_day_of_week_operator.py
[2023-12-19T10:19:32.805+0000] {logging_mixin.py:154} INFO - [2023-12-19T10:19:32.805+0000] {dag.py:2941} INFO - Sync 1 DAGs
[2023-12-19T10:19:32.845+0000] {logging_mixin.py:154} INFO - [2023-12-19T10:19:32.844+0000] {dag.py:3722} INFO - Setting next_dagrun for example_weekday_branch_operator to 2023-12-18T00:00:00+00:00, run_after=2023-12-19T00:00:00+00:00
[2023-12-19T10:19:32.877+0000] {processor.py:179} INFO - Processing /home/airflow/.local/lib/python3.8/site-packages/airflow/example_dags/example_branch_day_of_week_operator.py took 0.139 seconds
[2023-12-19T10:20:03.113+0000] {processor.py:157} INFO - Started process (PID=32533) to work on /home/airflow/.local/lib/python3.8/site-packages/airflow/example_dags/example_branch_day_of_week_operator.py
[2023-12-19T10:20:03.115+0000] {processor.py:829} INFO - Processing file /home/airflow/.local/lib/python3.8/site-packages/airflow/example_dags/example_branch_day_of_week_operator.py for tasks to queue
[2023-12-19T10:20:03.117+0000] {logging_mixin.py:154} INFO - [2023-12-19T10:20:03.117+0000] {dagbag.py:536} INFO - Filling up the DagBag from /home/airflow/.local/lib/python3.8/site-packages/airflow/example_dags/example_branch_day_of_week_operator.py
[2023-12-19T10:20:03.133+0000] {processor.py:839} INFO - DAG(s) dict_keys(['example_weekday_branch_operator']) retrieved from /home/airflow/.local/lib/python3.8/site-packages/airflow/example_dags/example_branch_day_of_week_operator.py
[2023-12-19T10:20:03.177+0000] {logging_mixin.py:154} INFO - [2023-12-19T10:20:03.176+0000] {dag.py:2941} INFO - Sync 1 DAGs
[2023-12-19T10:20:03.219+0000] {logging_mixin.py:154} INFO - [2023-12-19T10:20:03.219+0000] {dag.py:3722} INFO - Setting next_dagrun for example_weekday_branch_operator to 2023-12-18T00:00:00+00:00, run_after=2023-12-19T00:00:00+00:00
[2023-12-19T10:20:03.258+0000] {processor.py:179} INFO - Processing /home/airflow/.local/lib/python3.8/site-packages/airflow/example_dags/example_branch_day_of_week_operator.py took 0.153 seconds
[2023-12-19T10:20:33.810+0000] {processor.py:157} INFO - Started process (PID=32588) to work on /home/airflow/.local/lib/python3.8/site-packages/airflow/example_dags/example_branch_day_of_week_operator.py
[2023-12-19T10:20:33.813+0000] {processor.py:829} INFO - Processing file /home/airflow/.local/lib/python3.8/site-packages/airflow/example_dags/example_branch_day_of_week_operator.py for tasks to queue
[2023-12-19T10:20:33.814+0000] {logging_mixin.py:154} INFO - [2023-12-19T10:20:33.814+0000] {dagbag.py:536} INFO - Filling up the DagBag from /home/airflow/.local/lib/python3.8/site-packages/airflow/example_dags/example_branch_day_of_week_operator.py
[2023-12-19T10:20:33.830+0000] {processor.py:839} INFO - DAG(s) dict_keys(['example_weekday_branch_operator']) retrieved from /home/airflow/.local/lib/python3.8/site-packages/airflow/example_dags/example_branch_day_of_week_operator.py
[2023-12-19T10:20:33.871+0000] {logging_mixin.py:154} INFO - [2023-12-19T10:20:33.871+0000] {dag.py:2941} INFO - Sync 1 DAGs
[2023-12-19T10:20:33.912+0000] {logging_mixin.py:154} INFO - [2023-12-19T10:20:33.911+0000] {dag.py:3722} INFO - Setting next_dagrun for example_weekday_branch_operator to 2023-12-18T00:00:00+00:00, run_after=2023-12-19T00:00:00+00:00
[2023-12-19T10:20:33.946+0000] {processor.py:179} INFO - Processing /home/airflow/.local/lib/python3.8/site-packages/airflow/example_dags/example_branch_day_of_week_operator.py took 0.143 seconds
[2023-12-19T10:21:05.075+0000] {processor.py:157} INFO - Started process (PID=32651) to work on /home/airflow/.local/lib/python3.8/site-packages/airflow/example_dags/example_branch_day_of_week_operator.py
[2023-12-19T10:21:05.078+0000] {processor.py:829} INFO - Processing file /home/airflow/.local/lib/python3.8/site-packages/airflow/example_dags/example_branch_day_of_week_operator.py for tasks to queue
[2023-12-19T10:21:05.081+0000] {logging_mixin.py:154} INFO - [2023-12-19T10:21:05.080+0000] {dagbag.py:536} INFO - Filling up the DagBag from /home/airflow/.local/lib/python3.8/site-packages/airflow/example_dags/example_branch_day_of_week_operator.py
[2023-12-19T10:21:05.097+0000] {processor.py:839} INFO - DAG(s) dict_keys(['example_weekday_branch_operator']) retrieved from /home/airflow/.local/lib/python3.8/site-packages/airflow/example_dags/example_branch_day_of_week_operator.py
[2023-12-19T10:21:05.143+0000] {logging_mixin.py:154} INFO - [2023-12-19T10:21:05.143+0000] {dag.py:2941} INFO - Sync 1 DAGs
[2023-12-19T10:21:05.188+0000] {logging_mixin.py:154} INFO - [2023-12-19T10:21:05.188+0000] {dag.py:3722} INFO - Setting next_dagrun for example_weekday_branch_operator to 2023-12-18T00:00:00+00:00, run_after=2023-12-19T00:00:00+00:00
[2023-12-19T10:21:05.241+0000] {processor.py:179} INFO - Processing /home/airflow/.local/lib/python3.8/site-packages/airflow/example_dags/example_branch_day_of_week_operator.py took 0.174 seconds
[2023-12-19T10:21:35.908+0000] {processor.py:157} INFO - Started process (PID=32705) to work on /home/airflow/.local/lib/python3.8/site-packages/airflow/example_dags/example_branch_day_of_week_operator.py
[2023-12-19T10:21:35.910+0000] {processor.py:829} INFO - Processing file /home/airflow/.local/lib/python3.8/site-packages/airflow/example_dags/example_branch_day_of_week_operator.py for tasks to queue
[2023-12-19T10:21:35.912+0000] {logging_mixin.py:154} INFO - [2023-12-19T10:21:35.911+0000] {dagbag.py:536} INFO - Filling up the DagBag from /home/airflow/.local/lib/python3.8/site-packages/airflow/example_dags/example_branch_day_of_week_operator.py
[2023-12-19T10:21:35.927+0000] {processor.py:839} INFO - DAG(s) dict_keys(['example_weekday_branch_operator']) retrieved from /home/airflow/.local/lib/python3.8/site-packages/airflow/example_dags/example_branch_day_of_week_operator.py
[2023-12-19T10:21:35.969+0000] {logging_mixin.py:154} INFO - [2023-12-19T10:21:35.968+0000] {dag.py:2941} INFO - Sync 1 DAGs
[2023-12-19T10:21:36.010+0000] {logging_mixin.py:154} INFO - [2023-12-19T10:21:36.010+0000] {dag.py:3722} INFO - Setting next_dagrun for example_weekday_branch_operator to 2023-12-18T00:00:00+00:00, run_after=2023-12-19T00:00:00+00:00
[2023-12-19T10:21:36.045+0000] {processor.py:179} INFO - Processing /home/airflow/.local/lib/python3.8/site-packages/airflow/example_dags/example_branch_day_of_week_operator.py took 0.144 seconds
[2023-12-19T10:22:06.165+0000] {processor.py:157} INFO - Started process (PID=32760) to work on /home/airflow/.local/lib/python3.8/site-packages/airflow/example_dags/example_branch_day_of_week_operator.py
[2023-12-19T10:22:06.168+0000] {processor.py:829} INFO - Processing file /home/airflow/.local/lib/python3.8/site-packages/airflow/example_dags/example_branch_day_of_week_operator.py for tasks to queue
[2023-12-19T10:22:06.172+0000] {logging_mixin.py:154} INFO - [2023-12-19T10:22:06.171+0000] {dagbag.py:536} INFO - Filling up the DagBag from /home/airflow/.local/lib/python3.8/site-packages/airflow/example_dags/example_branch_day_of_week_operator.py
[2023-12-19T10:22:06.191+0000] {processor.py:839} INFO - DAG(s) dict_keys(['example_weekday_branch_operator']) retrieved from /home/airflow/.local/lib/python3.8/site-packages/airflow/example_dags/example_branch_day_of_week_operator.py
[2023-12-19T10:22:06.233+0000] {logging_mixin.py:154} INFO - [2023-12-19T10:22:06.232+0000] {dag.py:2941} INFO - Sync 1 DAGs
[2023-12-19T10:22:06.274+0000] {logging_mixin.py:154} INFO - [2023-12-19T10:22:06.273+0000] {dag.py:3722} INFO - Setting next_dagrun for example_weekday_branch_operator to 2023-12-18T00:00:00+00:00, run_after=2023-12-19T00:00:00+00:00
[2023-12-19T10:22:06.309+0000] {processor.py:179} INFO - Processing /home/airflow/.local/lib/python3.8/site-packages/airflow/example_dags/example_branch_day_of_week_operator.py took 0.150 seconds
[2023-12-19T10:22:36.567+0000] {processor.py:157} INFO - Started process (PID=32815) to work on /home/airflow/.local/lib/python3.8/site-packages/airflow/example_dags/example_branch_day_of_week_operator.py
[2023-12-19T10:22:36.570+0000] {processor.py:829} INFO - Processing file /home/airflow/.local/lib/python3.8/site-packages/airflow/example_dags/example_branch_day_of_week_operator.py for tasks to queue
[2023-12-19T10:22:36.573+0000] {logging_mixin.py:154} INFO - [2023-12-19T10:22:36.573+0000] {dagbag.py:536} INFO - Filling up the DagBag from /home/airflow/.local/lib/python3.8/site-packages/airflow/example_dags/example_branch_day_of_week_operator.py
[2023-12-19T10:22:36.594+0000] {processor.py:839} INFO - DAG(s) dict_keys(['example_weekday_branch_operator']) retrieved from /home/airflow/.local/lib/python3.8/site-packages/airflow/example_dags/example_branch_day_of_week_operator.py
[2023-12-19T10:22:36.649+0000] {logging_mixin.py:154} INFO - [2023-12-19T10:22:36.649+0000] {dag.py:2941} INFO - Sync 1 DAGs
[2023-12-19T10:22:36.700+0000] {logging_mixin.py:154} INFO - [2023-12-19T10:22:36.700+0000] {dag.py:3722} INFO - Setting next_dagrun for example_weekday_branch_operator to 2023-12-18T00:00:00+00:00, run_after=2023-12-19T00:00:00+00:00
[2023-12-19T10:22:36.735+0000] {processor.py:179} INFO - Processing /home/airflow/.local/lib/python3.8/site-packages/airflow/example_dags/example_branch_day_of_week_operator.py took 0.178 seconds
[2023-12-19T10:23:06.973+0000] {processor.py:157} INFO - Started process (PID=32870) to work on /home/airflow/.local/lib/python3.8/site-packages/airflow/example_dags/example_branch_day_of_week_operator.py
[2023-12-19T10:23:06.975+0000] {processor.py:829} INFO - Processing file /home/airflow/.local/lib/python3.8/site-packages/airflow/example_dags/example_branch_day_of_week_operator.py for tasks to queue
[2023-12-19T10:23:06.977+0000] {logging_mixin.py:154} INFO - [2023-12-19T10:23:06.977+0000] {dagbag.py:536} INFO - Filling up the DagBag from /home/airflow/.local/lib/python3.8/site-packages/airflow/example_dags/example_branch_day_of_week_operator.py
[2023-12-19T10:23:06.992+0000] {processor.py:839} INFO - DAG(s) dict_keys(['example_weekday_branch_operator']) retrieved from /home/airflow/.local/lib/python3.8/site-packages/airflow/example_dags/example_branch_day_of_week_operator.py
[2023-12-19T10:23:07.038+0000] {logging_mixin.py:154} INFO - [2023-12-19T10:23:07.038+0000] {dag.py:2941} INFO - Sync 1 DAGs
[2023-12-19T10:23:07.080+0000] {logging_mixin.py:154} INFO - [2023-12-19T10:23:07.080+0000] {dag.py:3722} INFO - Setting next_dagrun for example_weekday_branch_operator to 2023-12-18T00:00:00+00:00, run_after=2023-12-19T00:00:00+00:00
[2023-12-19T10:23:07.113+0000] {processor.py:179} INFO - Processing /home/airflow/.local/lib/python3.8/site-packages/airflow/example_dags/example_branch_day_of_week_operator.py took 0.147 seconds
