[2023-12-19T09:58:56.906+0000] {processor.py:157} INFO - Started process (PID=30260) to work on /home/airflow/.local/lib/python3.8/site-packages/airflow/example_dags/example_params_trigger_ui.py
[2023-12-19T09:58:56.912+0000] {processor.py:829} INFO - Processing file /home/airflow/.local/lib/python3.8/site-packages/airflow/example_dags/example_params_trigger_ui.py for tasks to queue
[2023-12-19T09:58:56.922+0000] {logging_mixin.py:154} INFO - [2023-12-19T09:58:56.920+0000] {dagbag.py:536} INFO - Filling up the DagBag from /home/airflow/.local/lib/python3.8/site-packages/airflow/example_dags/example_params_trigger_ui.py
[2023-12-19T09:58:57.033+0000] {processor.py:839} INFO - DAG(s) dict_keys(['example_params_trigger_ui']) retrieved from /home/airflow/.local/lib/python3.8/site-packages/airflow/example_dags/example_params_trigger_ui.py
[2023-12-19T09:58:57.156+0000] {logging_mixin.py:154} INFO - [2023-12-19T09:58:57.155+0000] {dag.py:2941} INFO - Sync 1 DAGs
[2023-12-19T09:58:57.192+0000] {logging_mixin.py:154} INFO - [2023-12-19T09:58:57.191+0000] {dag.py:3722} INFO - Setting next_dagrun for example_params_trigger_ui to None, run_after=None
[2023-12-19T09:58:57.246+0000] {processor.py:179} INFO - Processing /home/airflow/.local/lib/python3.8/site-packages/airflow/example_dags/example_params_trigger_ui.py took 0.366 seconds
[2023-12-19T09:59:27.794+0000] {processor.py:157} INFO - Started process (PID=30308) to work on /home/airflow/.local/lib/python3.8/site-packages/airflow/example_dags/example_params_trigger_ui.py
[2023-12-19T09:59:27.796+0000] {processor.py:829} INFO - Processing file /home/airflow/.local/lib/python3.8/site-packages/airflow/example_dags/example_params_trigger_ui.py for tasks to queue
[2023-12-19T09:59:27.798+0000] {logging_mixin.py:154} INFO - [2023-12-19T09:59:27.798+0000] {dagbag.py:536} INFO - Filling up the DagBag from /home/airflow/.local/lib/python3.8/site-packages/airflow/example_dags/example_params_trigger_ui.py
[2023-12-19T09:59:27.857+0000] {processor.py:839} INFO - DAG(s) dict_keys(['example_params_trigger_ui']) retrieved from /home/airflow/.local/lib/python3.8/site-packages/airflow/example_dags/example_params_trigger_ui.py
[2023-12-19T09:59:27.951+0000] {logging_mixin.py:154} INFO - [2023-12-19T09:59:27.951+0000] {dag.py:2941} INFO - Sync 1 DAGs
[2023-12-19T09:59:27.978+0000] {logging_mixin.py:154} INFO - [2023-12-19T09:59:27.978+0000] {dag.py:3722} INFO - Setting next_dagrun for example_params_trigger_ui to None, run_after=None
[2023-12-19T09:59:28.061+0000] {processor.py:179} INFO - Processing /home/airflow/.local/lib/python3.8/site-packages/airflow/example_dags/example_params_trigger_ui.py took 0.274 seconds
[2023-12-19T09:59:58.516+0000] {processor.py:157} INFO - Started process (PID=30370) to work on /home/airflow/.local/lib/python3.8/site-packages/airflow/example_dags/example_params_trigger_ui.py
[2023-12-19T09:59:58.519+0000] {processor.py:829} INFO - Processing file /home/airflow/.local/lib/python3.8/site-packages/airflow/example_dags/example_params_trigger_ui.py for tasks to queue
[2023-12-19T09:59:58.521+0000] {logging_mixin.py:154} INFO - [2023-12-19T09:59:58.521+0000] {dagbag.py:536} INFO - Filling up the DagBag from /home/airflow/.local/lib/python3.8/site-packages/airflow/example_dags/example_params_trigger_ui.py
[2023-12-19T09:59:58.570+0000] {processor.py:839} INFO - DAG(s) dict_keys(['example_params_trigger_ui']) retrieved from /home/airflow/.local/lib/python3.8/site-packages/airflow/example_dags/example_params_trigger_ui.py
[2023-12-19T09:59:58.692+0000] {logging_mixin.py:154} INFO - [2023-12-19T09:59:58.691+0000] {dag.py:2941} INFO - Sync 1 DAGs
[2023-12-19T09:59:58.734+0000] {logging_mixin.py:154} INFO - [2023-12-19T09:59:58.734+0000] {dag.py:3722} INFO - Setting next_dagrun for example_params_trigger_ui to None, run_after=None
[2023-12-19T09:59:58.766+0000] {processor.py:179} INFO - Processing /home/airflow/.local/lib/python3.8/site-packages/airflow/example_dags/example_params_trigger_ui.py took 0.259 seconds
[2023-12-19T10:00:29.294+0000] {processor.py:157} INFO - Started process (PID=30425) to work on /home/airflow/.local/lib/python3.8/site-packages/airflow/example_dags/example_params_trigger_ui.py
[2023-12-19T10:00:29.297+0000] {processor.py:829} INFO - Processing file /home/airflow/.local/lib/python3.8/site-packages/airflow/example_dags/example_params_trigger_ui.py for tasks to queue
[2023-12-19T10:00:29.299+0000] {logging_mixin.py:154} INFO - [2023-12-19T10:00:29.299+0000] {dagbag.py:536} INFO - Filling up the DagBag from /home/airflow/.local/lib/python3.8/site-packages/airflow/example_dags/example_params_trigger_ui.py
[2023-12-19T10:00:29.339+0000] {processor.py:839} INFO - DAG(s) dict_keys(['example_params_trigger_ui']) retrieved from /home/airflow/.local/lib/python3.8/site-packages/airflow/example_dags/example_params_trigger_ui.py
[2023-12-19T10:00:29.472+0000] {logging_mixin.py:154} INFO - [2023-12-19T10:00:29.471+0000] {dag.py:2941} INFO - Sync 1 DAGs
[2023-12-19T10:00:29.499+0000] {logging_mixin.py:154} INFO - [2023-12-19T10:00:29.498+0000] {dag.py:3722} INFO - Setting next_dagrun for example_params_trigger_ui to None, run_after=None
[2023-12-19T10:00:29.544+0000] {processor.py:179} INFO - Processing /home/airflow/.local/lib/python3.8/site-packages/airflow/example_dags/example_params_trigger_ui.py took 0.256 seconds
[2023-12-19T10:01:00.818+0000] {processor.py:157} INFO - Started process (PID=30480) to work on /home/airflow/.local/lib/python3.8/site-packages/airflow/example_dags/example_params_trigger_ui.py
[2023-12-19T10:01:00.825+0000] {processor.py:829} INFO - Processing file /home/airflow/.local/lib/python3.8/site-packages/airflow/example_dags/example_params_trigger_ui.py for tasks to queue
[2023-12-19T10:01:00.830+0000] {logging_mixin.py:154} INFO - [2023-12-19T10:01:00.829+0000] {dagbag.py:536} INFO - Filling up the DagBag from /home/airflow/.local/lib/python3.8/site-packages/airflow/example_dags/example_params_trigger_ui.py
[2023-12-19T10:01:00.912+0000] {processor.py:839} INFO - DAG(s) dict_keys(['example_params_trigger_ui']) retrieved from /home/airflow/.local/lib/python3.8/site-packages/airflow/example_dags/example_params_trigger_ui.py
[2023-12-19T10:01:01.089+0000] {logging_mixin.py:154} INFO - [2023-12-19T10:01:01.089+0000] {dag.py:2941} INFO - Sync 1 DAGs
[2023-12-19T10:01:01.126+0000] {logging_mixin.py:154} INFO - [2023-12-19T10:01:01.126+0000] {dag.py:3722} INFO - Setting next_dagrun for example_params_trigger_ui to None, run_after=None
[2023-12-19T10:01:01.278+0000] {processor.py:179} INFO - Processing /home/airflow/.local/lib/python3.8/site-packages/airflow/example_dags/example_params_trigger_ui.py took 0.480 seconds
[2023-12-19T10:01:31.563+0000] {processor.py:157} INFO - Started process (PID=30535) to work on /home/airflow/.local/lib/python3.8/site-packages/airflow/example_dags/example_params_trigger_ui.py
[2023-12-19T10:01:31.568+0000] {processor.py:829} INFO - Processing file /home/airflow/.local/lib/python3.8/site-packages/airflow/example_dags/example_params_trigger_ui.py for tasks to queue
[2023-12-19T10:01:31.572+0000] {logging_mixin.py:154} INFO - [2023-12-19T10:01:31.571+0000] {dagbag.py:536} INFO - Filling up the DagBag from /home/airflow/.local/lib/python3.8/site-packages/airflow/example_dags/example_params_trigger_ui.py
[2023-12-19T10:01:31.625+0000] {processor.py:839} INFO - DAG(s) dict_keys(['example_params_trigger_ui']) retrieved from /home/airflow/.local/lib/python3.8/site-packages/airflow/example_dags/example_params_trigger_ui.py
[2023-12-19T10:01:31.799+0000] {logging_mixin.py:154} INFO - [2023-12-19T10:01:31.799+0000] {dag.py:2941} INFO - Sync 1 DAGs
[2023-12-19T10:01:31.940+0000] {logging_mixin.py:154} INFO - [2023-12-19T10:01:31.937+0000] {dag.py:3722} INFO - Setting next_dagrun for example_params_trigger_ui to None, run_after=None
[2023-12-19T10:01:32.068+0000] {processor.py:179} INFO - Processing /home/airflow/.local/lib/python3.8/site-packages/airflow/example_dags/example_params_trigger_ui.py took 0.515 seconds
[2023-12-19T10:02:02.863+0000] {processor.py:157} INFO - Started process (PID=30591) to work on /home/airflow/.local/lib/python3.8/site-packages/airflow/example_dags/example_params_trigger_ui.py
[2023-12-19T10:02:02.866+0000] {processor.py:829} INFO - Processing file /home/airflow/.local/lib/python3.8/site-packages/airflow/example_dags/example_params_trigger_ui.py for tasks to queue
[2023-12-19T10:02:02.867+0000] {logging_mixin.py:154} INFO - [2023-12-19T10:02:02.867+0000] {dagbag.py:536} INFO - Filling up the DagBag from /home/airflow/.local/lib/python3.8/site-packages/airflow/example_dags/example_params_trigger_ui.py
[2023-12-19T10:02:02.901+0000] {processor.py:839} INFO - DAG(s) dict_keys(['example_params_trigger_ui']) retrieved from /home/airflow/.local/lib/python3.8/site-packages/airflow/example_dags/example_params_trigger_ui.py
[2023-12-19T10:02:02.988+0000] {logging_mixin.py:154} INFO - [2023-12-19T10:02:02.988+0000] {dag.py:2941} INFO - Sync 1 DAGs
[2023-12-19T10:02:03.010+0000] {logging_mixin.py:154} INFO - [2023-12-19T10:02:03.010+0000] {dag.py:3722} INFO - Setting next_dagrun for example_params_trigger_ui to None, run_after=None
[2023-12-19T10:02:03.042+0000] {processor.py:179} INFO - Processing /home/airflow/.local/lib/python3.8/site-packages/airflow/example_dags/example_params_trigger_ui.py took 0.186 seconds
[2023-12-19T10:02:33.247+0000] {processor.py:157} INFO - Started process (PID=30647) to work on /home/airflow/.local/lib/python3.8/site-packages/airflow/example_dags/example_params_trigger_ui.py
[2023-12-19T10:02:33.250+0000] {processor.py:829} INFO - Processing file /home/airflow/.local/lib/python3.8/site-packages/airflow/example_dags/example_params_trigger_ui.py for tasks to queue
[2023-12-19T10:02:33.253+0000] {logging_mixin.py:154} INFO - [2023-12-19T10:02:33.252+0000] {dagbag.py:536} INFO - Filling up the DagBag from /home/airflow/.local/lib/python3.8/site-packages/airflow/example_dags/example_params_trigger_ui.py
[2023-12-19T10:02:33.289+0000] {processor.py:839} INFO - DAG(s) dict_keys(['example_params_trigger_ui']) retrieved from /home/airflow/.local/lib/python3.8/site-packages/airflow/example_dags/example_params_trigger_ui.py
[2023-12-19T10:02:33.372+0000] {logging_mixin.py:154} INFO - [2023-12-19T10:02:33.372+0000] {dag.py:2941} INFO - Sync 1 DAGs
[2023-12-19T10:02:33.396+0000] {logging_mixin.py:154} INFO - [2023-12-19T10:02:33.396+0000] {dag.py:3722} INFO - Setting next_dagrun for example_params_trigger_ui to None, run_after=None
[2023-12-19T10:02:33.429+0000] {processor.py:179} INFO - Processing /home/airflow/.local/lib/python3.8/site-packages/airflow/example_dags/example_params_trigger_ui.py took 0.192 seconds
[2023-12-19T10:03:03.959+0000] {processor.py:157} INFO - Started process (PID=30701) to work on /home/airflow/.local/lib/python3.8/site-packages/airflow/example_dags/example_params_trigger_ui.py
[2023-12-19T10:03:03.962+0000] {processor.py:829} INFO - Processing file /home/airflow/.local/lib/python3.8/site-packages/airflow/example_dags/example_params_trigger_ui.py for tasks to queue
[2023-12-19T10:03:03.966+0000] {logging_mixin.py:154} INFO - [2023-12-19T10:03:03.965+0000] {dagbag.py:536} INFO - Filling up the DagBag from /home/airflow/.local/lib/python3.8/site-packages/airflow/example_dags/example_params_trigger_ui.py
[2023-12-19T10:03:03.996+0000] {processor.py:839} INFO - DAG(s) dict_keys(['example_params_trigger_ui']) retrieved from /home/airflow/.local/lib/python3.8/site-packages/airflow/example_dags/example_params_trigger_ui.py
[2023-12-19T10:03:04.077+0000] {logging_mixin.py:154} INFO - [2023-12-19T10:03:04.077+0000] {dag.py:2941} INFO - Sync 1 DAGs
[2023-12-19T10:03:04.098+0000] {logging_mixin.py:154} INFO - [2023-12-19T10:03:04.098+0000] {dag.py:3722} INFO - Setting next_dagrun for example_params_trigger_ui to None, run_after=None
[2023-12-19T10:03:04.139+0000] {processor.py:179} INFO - Processing /home/airflow/.local/lib/python3.8/site-packages/airflow/example_dags/example_params_trigger_ui.py took 0.185 seconds
[2023-12-19T10:03:34.380+0000] {processor.py:157} INFO - Started process (PID=30756) to work on /home/airflow/.local/lib/python3.8/site-packages/airflow/example_dags/example_params_trigger_ui.py
[2023-12-19T10:03:34.384+0000] {processor.py:829} INFO - Processing file /home/airflow/.local/lib/python3.8/site-packages/airflow/example_dags/example_params_trigger_ui.py for tasks to queue
[2023-12-19T10:03:34.387+0000] {logging_mixin.py:154} INFO - [2023-12-19T10:03:34.387+0000] {dagbag.py:536} INFO - Filling up the DagBag from /home/airflow/.local/lib/python3.8/site-packages/airflow/example_dags/example_params_trigger_ui.py
[2023-12-19T10:03:34.422+0000] {processor.py:839} INFO - DAG(s) dict_keys(['example_params_trigger_ui']) retrieved from /home/airflow/.local/lib/python3.8/site-packages/airflow/example_dags/example_params_trigger_ui.py
[2023-12-19T10:03:34.508+0000] {logging_mixin.py:154} INFO - [2023-12-19T10:03:34.508+0000] {dag.py:2941} INFO - Sync 1 DAGs
[2023-12-19T10:03:34.530+0000] {logging_mixin.py:154} INFO - [2023-12-19T10:03:34.530+0000] {dag.py:3722} INFO - Setting next_dagrun for example_params_trigger_ui to None, run_after=None
[2023-12-19T10:03:34.565+0000] {processor.py:179} INFO - Processing /home/airflow/.local/lib/python3.8/site-packages/airflow/example_dags/example_params_trigger_ui.py took 0.192 seconds
[2023-12-19T10:04:04.679+0000] {processor.py:157} INFO - Started process (PID=30811) to work on /home/airflow/.local/lib/python3.8/site-packages/airflow/example_dags/example_params_trigger_ui.py
[2023-12-19T10:04:04.682+0000] {processor.py:829} INFO - Processing file /home/airflow/.local/lib/python3.8/site-packages/airflow/example_dags/example_params_trigger_ui.py for tasks to queue
[2023-12-19T10:04:04.684+0000] {logging_mixin.py:154} INFO - [2023-12-19T10:04:04.683+0000] {dagbag.py:536} INFO - Filling up the DagBag from /home/airflow/.local/lib/python3.8/site-packages/airflow/example_dags/example_params_trigger_ui.py
[2023-12-19T10:04:04.714+0000] {processor.py:839} INFO - DAG(s) dict_keys(['example_params_trigger_ui']) retrieved from /home/airflow/.local/lib/python3.8/site-packages/airflow/example_dags/example_params_trigger_ui.py
[2023-12-19T10:04:04.799+0000] {logging_mixin.py:154} INFO - [2023-12-19T10:04:04.799+0000] {dag.py:2941} INFO - Sync 1 DAGs
[2023-12-19T10:04:04.823+0000] {logging_mixin.py:154} INFO - [2023-12-19T10:04:04.823+0000] {dag.py:3722} INFO - Setting next_dagrun for example_params_trigger_ui to None, run_after=None
[2023-12-19T10:04:04.858+0000] {processor.py:179} INFO - Processing /home/airflow/.local/lib/python3.8/site-packages/airflow/example_dags/example_params_trigger_ui.py took 0.185 seconds
[2023-12-19T10:04:35.381+0000] {processor.py:157} INFO - Started process (PID=30867) to work on /home/airflow/.local/lib/python3.8/site-packages/airflow/example_dags/example_params_trigger_ui.py
[2023-12-19T10:04:35.383+0000] {processor.py:829} INFO - Processing file /home/airflow/.local/lib/python3.8/site-packages/airflow/example_dags/example_params_trigger_ui.py for tasks to queue
[2023-12-19T10:04:35.386+0000] {logging_mixin.py:154} INFO - [2023-12-19T10:04:35.385+0000] {dagbag.py:536} INFO - Filling up the DagBag from /home/airflow/.local/lib/python3.8/site-packages/airflow/example_dags/example_params_trigger_ui.py
[2023-12-19T10:04:35.417+0000] {processor.py:839} INFO - DAG(s) dict_keys(['example_params_trigger_ui']) retrieved from /home/airflow/.local/lib/python3.8/site-packages/airflow/example_dags/example_params_trigger_ui.py
[2023-12-19T10:04:35.500+0000] {logging_mixin.py:154} INFO - [2023-12-19T10:04:35.500+0000] {dag.py:2941} INFO - Sync 1 DAGs
[2023-12-19T10:04:35.521+0000] {logging_mixin.py:154} INFO - [2023-12-19T10:04:35.521+0000] {dag.py:3722} INFO - Setting next_dagrun for example_params_trigger_ui to None, run_after=None
[2023-12-19T10:04:35.561+0000] {processor.py:179} INFO - Processing /home/airflow/.local/lib/python3.8/site-packages/airflow/example_dags/example_params_trigger_ui.py took 0.186 seconds
[2023-12-19T10:05:05.618+0000] {processor.py:157} INFO - Started process (PID=30922) to work on /home/airflow/.local/lib/python3.8/site-packages/airflow/example_dags/example_params_trigger_ui.py
[2023-12-19T10:05:05.620+0000] {processor.py:829} INFO - Processing file /home/airflow/.local/lib/python3.8/site-packages/airflow/example_dags/example_params_trigger_ui.py for tasks to queue
[2023-12-19T10:05:05.622+0000] {logging_mixin.py:154} INFO - [2023-12-19T10:05:05.622+0000] {dagbag.py:536} INFO - Filling up the DagBag from /home/airflow/.local/lib/python3.8/site-packages/airflow/example_dags/example_params_trigger_ui.py
[2023-12-19T10:05:05.657+0000] {processor.py:839} INFO - DAG(s) dict_keys(['example_params_trigger_ui']) retrieved from /home/airflow/.local/lib/python3.8/site-packages/airflow/example_dags/example_params_trigger_ui.py
[2023-12-19T10:05:05.747+0000] {logging_mixin.py:154} INFO - [2023-12-19T10:05:05.747+0000] {dag.py:2941} INFO - Sync 1 DAGs
[2023-12-19T10:05:05.773+0000] {logging_mixin.py:154} INFO - [2023-12-19T10:05:05.772+0000] {dag.py:3722} INFO - Setting next_dagrun for example_params_trigger_ui to None, run_after=None
[2023-12-19T10:05:05.819+0000] {processor.py:179} INFO - Processing /home/airflow/.local/lib/python3.8/site-packages/airflow/example_dags/example_params_trigger_ui.py took 0.208 seconds
[2023-12-19T10:05:36.335+0000] {processor.py:157} INFO - Started process (PID=30976) to work on /home/airflow/.local/lib/python3.8/site-packages/airflow/example_dags/example_params_trigger_ui.py
[2023-12-19T10:05:36.338+0000] {processor.py:829} INFO - Processing file /home/airflow/.local/lib/python3.8/site-packages/airflow/example_dags/example_params_trigger_ui.py for tasks to queue
[2023-12-19T10:05:36.342+0000] {logging_mixin.py:154} INFO - [2023-12-19T10:05:36.340+0000] {dagbag.py:536} INFO - Filling up the DagBag from /home/airflow/.local/lib/python3.8/site-packages/airflow/example_dags/example_params_trigger_ui.py
[2023-12-19T10:05:36.387+0000] {processor.py:839} INFO - DAG(s) dict_keys(['example_params_trigger_ui']) retrieved from /home/airflow/.local/lib/python3.8/site-packages/airflow/example_dags/example_params_trigger_ui.py
[2023-12-19T10:05:36.520+0000] {logging_mixin.py:154} INFO - [2023-12-19T10:05:36.520+0000] {dag.py:2941} INFO - Sync 1 DAGs
[2023-12-19T10:05:36.552+0000] {logging_mixin.py:154} INFO - [2023-12-19T10:05:36.551+0000] {dag.py:3722} INFO - Setting next_dagrun for example_params_trigger_ui to None, run_after=None
[2023-12-19T10:05:36.584+0000] {processor.py:179} INFO - Processing /home/airflow/.local/lib/python3.8/site-packages/airflow/example_dags/example_params_trigger_ui.py took 0.258 seconds
[2023-12-19T10:06:06.694+0000] {processor.py:157} INFO - Started process (PID=31031) to work on /home/airflow/.local/lib/python3.8/site-packages/airflow/example_dags/example_params_trigger_ui.py
[2023-12-19T10:06:06.696+0000] {processor.py:829} INFO - Processing file /home/airflow/.local/lib/python3.8/site-packages/airflow/example_dags/example_params_trigger_ui.py for tasks to queue
[2023-12-19T10:06:06.698+0000] {logging_mixin.py:154} INFO - [2023-12-19T10:06:06.697+0000] {dagbag.py:536} INFO - Filling up the DagBag from /home/airflow/.local/lib/python3.8/site-packages/airflow/example_dags/example_params_trigger_ui.py
[2023-12-19T10:06:06.729+0000] {processor.py:839} INFO - DAG(s) dict_keys(['example_params_trigger_ui']) retrieved from /home/airflow/.local/lib/python3.8/site-packages/airflow/example_dags/example_params_trigger_ui.py
[2023-12-19T10:06:06.813+0000] {logging_mixin.py:154} INFO - [2023-12-19T10:06:06.812+0000] {dag.py:2941} INFO - Sync 1 DAGs
[2023-12-19T10:06:06.835+0000] {logging_mixin.py:154} INFO - [2023-12-19T10:06:06.835+0000] {dag.py:3722} INFO - Setting next_dagrun for example_params_trigger_ui to None, run_after=None
[2023-12-19T10:06:06.867+0000] {processor.py:179} INFO - Processing /home/airflow/.local/lib/python3.8/site-packages/airflow/example_dags/example_params_trigger_ui.py took 0.179 seconds
[2023-12-19T10:06:37.083+0000] {processor.py:157} INFO - Started process (PID=31086) to work on /home/airflow/.local/lib/python3.8/site-packages/airflow/example_dags/example_params_trigger_ui.py
[2023-12-19T10:06:37.085+0000] {processor.py:829} INFO - Processing file /home/airflow/.local/lib/python3.8/site-packages/airflow/example_dags/example_params_trigger_ui.py for tasks to queue
[2023-12-19T10:06:37.088+0000] {logging_mixin.py:154} INFO - [2023-12-19T10:06:37.088+0000] {dagbag.py:536} INFO - Filling up the DagBag from /home/airflow/.local/lib/python3.8/site-packages/airflow/example_dags/example_params_trigger_ui.py
[2023-12-19T10:06:37.121+0000] {processor.py:839} INFO - DAG(s) dict_keys(['example_params_trigger_ui']) retrieved from /home/airflow/.local/lib/python3.8/site-packages/airflow/example_dags/example_params_trigger_ui.py
[2023-12-19T10:06:37.209+0000] {logging_mixin.py:154} INFO - [2023-12-19T10:06:37.209+0000] {dag.py:2941} INFO - Sync 1 DAGs
[2023-12-19T10:06:37.231+0000] {logging_mixin.py:154} INFO - [2023-12-19T10:06:37.231+0000] {dag.py:3722} INFO - Setting next_dagrun for example_params_trigger_ui to None, run_after=None
[2023-12-19T10:06:37.266+0000] {processor.py:179} INFO - Processing /home/airflow/.local/lib/python3.8/site-packages/airflow/example_dags/example_params_trigger_ui.py took 0.189 seconds
[2023-12-19T10:07:07.667+0000] {processor.py:157} INFO - Started process (PID=31141) to work on /home/airflow/.local/lib/python3.8/site-packages/airflow/example_dags/example_params_trigger_ui.py
[2023-12-19T10:07:07.669+0000] {processor.py:829} INFO - Processing file /home/airflow/.local/lib/python3.8/site-packages/airflow/example_dags/example_params_trigger_ui.py for tasks to queue
[2023-12-19T10:07:07.671+0000] {logging_mixin.py:154} INFO - [2023-12-19T10:07:07.671+0000] {dagbag.py:536} INFO - Filling up the DagBag from /home/airflow/.local/lib/python3.8/site-packages/airflow/example_dags/example_params_trigger_ui.py
[2023-12-19T10:07:07.703+0000] {processor.py:839} INFO - DAG(s) dict_keys(['example_params_trigger_ui']) retrieved from /home/airflow/.local/lib/python3.8/site-packages/airflow/example_dags/example_params_trigger_ui.py
[2023-12-19T10:07:07.797+0000] {logging_mixin.py:154} INFO - [2023-12-19T10:07:07.797+0000] {dag.py:2941} INFO - Sync 1 DAGs
[2023-12-19T10:07:07.820+0000] {logging_mixin.py:154} INFO - [2023-12-19T10:07:07.820+0000] {dag.py:3722} INFO - Setting next_dagrun for example_params_trigger_ui to None, run_after=None
[2023-12-19T10:07:07.854+0000] {processor.py:179} INFO - Processing /home/airflow/.local/lib/python3.8/site-packages/airflow/example_dags/example_params_trigger_ui.py took 0.194 seconds
[2023-12-19T10:07:38.197+0000] {processor.py:157} INFO - Started process (PID=31196) to work on /home/airflow/.local/lib/python3.8/site-packages/airflow/example_dags/example_params_trigger_ui.py
[2023-12-19T10:07:38.200+0000] {processor.py:829} INFO - Processing file /home/airflow/.local/lib/python3.8/site-packages/airflow/example_dags/example_params_trigger_ui.py for tasks to queue
[2023-12-19T10:07:38.202+0000] {logging_mixin.py:154} INFO - [2023-12-19T10:07:38.202+0000] {dagbag.py:536} INFO - Filling up the DagBag from /home/airflow/.local/lib/python3.8/site-packages/airflow/example_dags/example_params_trigger_ui.py
[2023-12-19T10:07:38.234+0000] {processor.py:839} INFO - DAG(s) dict_keys(['example_params_trigger_ui']) retrieved from /home/airflow/.local/lib/python3.8/site-packages/airflow/example_dags/example_params_trigger_ui.py
[2023-12-19T10:07:38.322+0000] {logging_mixin.py:154} INFO - [2023-12-19T10:07:38.321+0000] {dag.py:2941} INFO - Sync 1 DAGs
[2023-12-19T10:07:38.344+0000] {logging_mixin.py:154} INFO - [2023-12-19T10:07:38.344+0000] {dag.py:3722} INFO - Setting next_dagrun for example_params_trigger_ui to None, run_after=None
[2023-12-19T10:07:38.378+0000] {processor.py:179} INFO - Processing /home/airflow/.local/lib/python3.8/site-packages/airflow/example_dags/example_params_trigger_ui.py took 0.190 seconds
[2023-12-19T10:08:08.849+0000] {processor.py:157} INFO - Started process (PID=31251) to work on /home/airflow/.local/lib/python3.8/site-packages/airflow/example_dags/example_params_trigger_ui.py
[2023-12-19T10:08:08.852+0000] {processor.py:829} INFO - Processing file /home/airflow/.local/lib/python3.8/site-packages/airflow/example_dags/example_params_trigger_ui.py for tasks to queue
[2023-12-19T10:08:08.856+0000] {logging_mixin.py:154} INFO - [2023-12-19T10:08:08.855+0000] {dagbag.py:536} INFO - Filling up the DagBag from /home/airflow/.local/lib/python3.8/site-packages/airflow/example_dags/example_params_trigger_ui.py
[2023-12-19T10:08:08.893+0000] {processor.py:839} INFO - DAG(s) dict_keys(['example_params_trigger_ui']) retrieved from /home/airflow/.local/lib/python3.8/site-packages/airflow/example_dags/example_params_trigger_ui.py
[2023-12-19T10:08:08.984+0000] {logging_mixin.py:154} INFO - [2023-12-19T10:08:08.984+0000] {dag.py:2941} INFO - Sync 1 DAGs
[2023-12-19T10:08:09.016+0000] {logging_mixin.py:154} INFO - [2023-12-19T10:08:09.016+0000] {dag.py:3722} INFO - Setting next_dagrun for example_params_trigger_ui to None, run_after=None
[2023-12-19T10:08:09.050+0000] {processor.py:179} INFO - Processing /home/airflow/.local/lib/python3.8/site-packages/airflow/example_dags/example_params_trigger_ui.py took 0.212 seconds
[2023-12-19T10:08:39.435+0000] {processor.py:157} INFO - Started process (PID=31306) to work on /home/airflow/.local/lib/python3.8/site-packages/airflow/example_dags/example_params_trigger_ui.py
[2023-12-19T10:08:39.442+0000] {processor.py:829} INFO - Processing file /home/airflow/.local/lib/python3.8/site-packages/airflow/example_dags/example_params_trigger_ui.py for tasks to queue
[2023-12-19T10:08:39.448+0000] {logging_mixin.py:154} INFO - [2023-12-19T10:08:39.447+0000] {dagbag.py:536} INFO - Filling up the DagBag from /home/airflow/.local/lib/python3.8/site-packages/airflow/example_dags/example_params_trigger_ui.py
[2023-12-19T10:08:39.538+0000] {processor.py:839} INFO - DAG(s) dict_keys(['example_params_trigger_ui']) retrieved from /home/airflow/.local/lib/python3.8/site-packages/airflow/example_dags/example_params_trigger_ui.py
[2023-12-19T10:08:40.184+0000] {logging_mixin.py:154} INFO - [2023-12-19T10:08:40.178+0000] {dag.py:2941} INFO - Sync 1 DAGs
[2023-12-19T10:08:40.369+0000] {logging_mixin.py:154} INFO - [2023-12-19T10:08:40.367+0000] {dag.py:3722} INFO - Setting next_dagrun for example_params_trigger_ui to None, run_after=None
[2023-12-19T10:08:40.498+0000] {processor.py:179} INFO - Processing /home/airflow/.local/lib/python3.8/site-packages/airflow/example_dags/example_params_trigger_ui.py took 1.077 seconds
[2023-12-19T10:09:10.896+0000] {processor.py:157} INFO - Started process (PID=31361) to work on /home/airflow/.local/lib/python3.8/site-packages/airflow/example_dags/example_params_trigger_ui.py
[2023-12-19T10:09:10.898+0000] {processor.py:829} INFO - Processing file /home/airflow/.local/lib/python3.8/site-packages/airflow/example_dags/example_params_trigger_ui.py for tasks to queue
[2023-12-19T10:09:10.900+0000] {logging_mixin.py:154} INFO - [2023-12-19T10:09:10.900+0000] {dagbag.py:536} INFO - Filling up the DagBag from /home/airflow/.local/lib/python3.8/site-packages/airflow/example_dags/example_params_trigger_ui.py
[2023-12-19T10:09:10.944+0000] {processor.py:839} INFO - DAG(s) dict_keys(['example_params_trigger_ui']) retrieved from /home/airflow/.local/lib/python3.8/site-packages/airflow/example_dags/example_params_trigger_ui.py
[2023-12-19T10:09:11.062+0000] {logging_mixin.py:154} INFO - [2023-12-19T10:09:11.062+0000] {dag.py:2941} INFO - Sync 1 DAGs
[2023-12-19T10:09:11.085+0000] {logging_mixin.py:154} INFO - [2023-12-19T10:09:11.084+0000] {dag.py:3722} INFO - Setting next_dagrun for example_params_trigger_ui to None, run_after=None
[2023-12-19T10:09:11.118+0000] {processor.py:179} INFO - Processing /home/airflow/.local/lib/python3.8/site-packages/airflow/example_dags/example_params_trigger_ui.py took 0.228 seconds
[2023-12-19T10:09:41.315+0000] {processor.py:157} INFO - Started process (PID=31416) to work on /home/airflow/.local/lib/python3.8/site-packages/airflow/example_dags/example_params_trigger_ui.py
[2023-12-19T10:09:41.318+0000] {processor.py:829} INFO - Processing file /home/airflow/.local/lib/python3.8/site-packages/airflow/example_dags/example_params_trigger_ui.py for tasks to queue
[2023-12-19T10:09:41.321+0000] {logging_mixin.py:154} INFO - [2023-12-19T10:09:41.320+0000] {dagbag.py:536} INFO - Filling up the DagBag from /home/airflow/.local/lib/python3.8/site-packages/airflow/example_dags/example_params_trigger_ui.py
[2023-12-19T10:09:41.366+0000] {processor.py:839} INFO - DAG(s) dict_keys(['example_params_trigger_ui']) retrieved from /home/airflow/.local/lib/python3.8/site-packages/airflow/example_dags/example_params_trigger_ui.py
[2023-12-19T10:09:41.456+0000] {logging_mixin.py:154} INFO - [2023-12-19T10:09:41.456+0000] {dag.py:2941} INFO - Sync 1 DAGs
[2023-12-19T10:09:41.498+0000] {logging_mixin.py:154} INFO - [2023-12-19T10:09:41.498+0000] {dag.py:3722} INFO - Setting next_dagrun for example_params_trigger_ui to None, run_after=None
[2023-12-19T10:09:41.570+0000] {processor.py:179} INFO - Processing /home/airflow/.local/lib/python3.8/site-packages/airflow/example_dags/example_params_trigger_ui.py took 0.268 seconds
[2023-12-19T10:10:11.846+0000] {processor.py:157} INFO - Started process (PID=31472) to work on /home/airflow/.local/lib/python3.8/site-packages/airflow/example_dags/example_params_trigger_ui.py
[2023-12-19T10:10:11.848+0000] {processor.py:829} INFO - Processing file /home/airflow/.local/lib/python3.8/site-packages/airflow/example_dags/example_params_trigger_ui.py for tasks to queue
[2023-12-19T10:10:11.850+0000] {logging_mixin.py:154} INFO - [2023-12-19T10:10:11.850+0000] {dagbag.py:536} INFO - Filling up the DagBag from /home/airflow/.local/lib/python3.8/site-packages/airflow/example_dags/example_params_trigger_ui.py
[2023-12-19T10:10:11.882+0000] {processor.py:839} INFO - DAG(s) dict_keys(['example_params_trigger_ui']) retrieved from /home/airflow/.local/lib/python3.8/site-packages/airflow/example_dags/example_params_trigger_ui.py
[2023-12-19T10:10:11.969+0000] {logging_mixin.py:154} INFO - [2023-12-19T10:10:11.969+0000] {dag.py:2941} INFO - Sync 1 DAGs
[2023-12-19T10:10:11.991+0000] {logging_mixin.py:154} INFO - [2023-12-19T10:10:11.991+0000] {dag.py:3722} INFO - Setting next_dagrun for example_params_trigger_ui to None, run_after=None
[2023-12-19T10:10:12.024+0000] {processor.py:179} INFO - Processing /home/airflow/.local/lib/python3.8/site-packages/airflow/example_dags/example_params_trigger_ui.py took 0.184 seconds
[2023-12-19T10:10:42.302+0000] {processor.py:157} INFO - Started process (PID=31527) to work on /home/airflow/.local/lib/python3.8/site-packages/airflow/example_dags/example_params_trigger_ui.py
[2023-12-19T10:10:42.304+0000] {processor.py:829} INFO - Processing file /home/airflow/.local/lib/python3.8/site-packages/airflow/example_dags/example_params_trigger_ui.py for tasks to queue
[2023-12-19T10:10:42.306+0000] {logging_mixin.py:154} INFO - [2023-12-19T10:10:42.305+0000] {dagbag.py:536} INFO - Filling up the DagBag from /home/airflow/.local/lib/python3.8/site-packages/airflow/example_dags/example_params_trigger_ui.py
[2023-12-19T10:10:42.339+0000] {processor.py:839} INFO - DAG(s) dict_keys(['example_params_trigger_ui']) retrieved from /home/airflow/.local/lib/python3.8/site-packages/airflow/example_dags/example_params_trigger_ui.py
[2023-12-19T10:10:42.428+0000] {logging_mixin.py:154} INFO - [2023-12-19T10:10:42.428+0000] {dag.py:2941} INFO - Sync 1 DAGs
[2023-12-19T10:10:42.450+0000] {logging_mixin.py:154} INFO - [2023-12-19T10:10:42.450+0000] {dag.py:3722} INFO - Setting next_dagrun for example_params_trigger_ui to None, run_after=None
[2023-12-19T10:10:42.482+0000] {processor.py:179} INFO - Processing /home/airflow/.local/lib/python3.8/site-packages/airflow/example_dags/example_params_trigger_ui.py took 0.188 seconds
[2023-12-19T10:11:12.766+0000] {processor.py:157} INFO - Started process (PID=31582) to work on /home/airflow/.local/lib/python3.8/site-packages/airflow/example_dags/example_params_trigger_ui.py
[2023-12-19T10:11:12.769+0000] {processor.py:829} INFO - Processing file /home/airflow/.local/lib/python3.8/site-packages/airflow/example_dags/example_params_trigger_ui.py for tasks to queue
[2023-12-19T10:11:12.771+0000] {logging_mixin.py:154} INFO - [2023-12-19T10:11:12.771+0000] {dagbag.py:536} INFO - Filling up the DagBag from /home/airflow/.local/lib/python3.8/site-packages/airflow/example_dags/example_params_trigger_ui.py
[2023-12-19T10:11:12.805+0000] {processor.py:839} INFO - DAG(s) dict_keys(['example_params_trigger_ui']) retrieved from /home/airflow/.local/lib/python3.8/site-packages/airflow/example_dags/example_params_trigger_ui.py
[2023-12-19T10:11:12.895+0000] {logging_mixin.py:154} INFO - [2023-12-19T10:11:12.895+0000] {dag.py:2941} INFO - Sync 1 DAGs
[2023-12-19T10:11:12.918+0000] {logging_mixin.py:154} INFO - [2023-12-19T10:11:12.918+0000] {dag.py:3722} INFO - Setting next_dagrun for example_params_trigger_ui to None, run_after=None
[2023-12-19T10:11:12.955+0000] {processor.py:179} INFO - Processing /home/airflow/.local/lib/python3.8/site-packages/airflow/example_dags/example_params_trigger_ui.py took 0.195 seconds
[2023-12-19T10:11:43.168+0000] {processor.py:157} INFO - Started process (PID=31637) to work on /home/airflow/.local/lib/python3.8/site-packages/airflow/example_dags/example_params_trigger_ui.py
[2023-12-19T10:11:43.171+0000] {processor.py:829} INFO - Processing file /home/airflow/.local/lib/python3.8/site-packages/airflow/example_dags/example_params_trigger_ui.py for tasks to queue
[2023-12-19T10:11:43.175+0000] {logging_mixin.py:154} INFO - [2023-12-19T10:11:43.174+0000] {dagbag.py:536} INFO - Filling up the DagBag from /home/airflow/.local/lib/python3.8/site-packages/airflow/example_dags/example_params_trigger_ui.py
[2023-12-19T10:11:43.215+0000] {processor.py:839} INFO - DAG(s) dict_keys(['example_params_trigger_ui']) retrieved from /home/airflow/.local/lib/python3.8/site-packages/airflow/example_dags/example_params_trigger_ui.py
[2023-12-19T10:11:43.306+0000] {logging_mixin.py:154} INFO - [2023-12-19T10:11:43.306+0000] {dag.py:2941} INFO - Sync 1 DAGs
[2023-12-19T10:11:43.341+0000] {logging_mixin.py:154} INFO - [2023-12-19T10:11:43.340+0000] {dag.py:3722} INFO - Setting next_dagrun for example_params_trigger_ui to None, run_after=None
[2023-12-19T10:11:43.391+0000] {processor.py:179} INFO - Processing /home/airflow/.local/lib/python3.8/site-packages/airflow/example_dags/example_params_trigger_ui.py took 0.229 seconds
[2023-12-19T10:12:13.601+0000] {processor.py:157} INFO - Started process (PID=31693) to work on /home/airflow/.local/lib/python3.8/site-packages/airflow/example_dags/example_params_trigger_ui.py
[2023-12-19T10:12:13.603+0000] {processor.py:829} INFO - Processing file /home/airflow/.local/lib/python3.8/site-packages/airflow/example_dags/example_params_trigger_ui.py for tasks to queue
[2023-12-19T10:12:13.606+0000] {logging_mixin.py:154} INFO - [2023-12-19T10:12:13.605+0000] {dagbag.py:536} INFO - Filling up the DagBag from /home/airflow/.local/lib/python3.8/site-packages/airflow/example_dags/example_params_trigger_ui.py
[2023-12-19T10:12:13.637+0000] {processor.py:839} INFO - DAG(s) dict_keys(['example_params_trigger_ui']) retrieved from /home/airflow/.local/lib/python3.8/site-packages/airflow/example_dags/example_params_trigger_ui.py
[2023-12-19T10:12:13.721+0000] {logging_mixin.py:154} INFO - [2023-12-19T10:12:13.721+0000] {dag.py:2941} INFO - Sync 1 DAGs
[2023-12-19T10:12:13.746+0000] {logging_mixin.py:154} INFO - [2023-12-19T10:12:13.746+0000] {dag.py:3722} INFO - Setting next_dagrun for example_params_trigger_ui to None, run_after=None
[2023-12-19T10:12:13.779+0000] {processor.py:179} INFO - Processing /home/airflow/.local/lib/python3.8/site-packages/airflow/example_dags/example_params_trigger_ui.py took 0.185 seconds
[2023-12-19T10:12:44.764+0000] {processor.py:157} INFO - Started process (PID=31746) to work on /home/airflow/.local/lib/python3.8/site-packages/airflow/example_dags/example_params_trigger_ui.py
[2023-12-19T10:12:44.768+0000] {processor.py:829} INFO - Processing file /home/airflow/.local/lib/python3.8/site-packages/airflow/example_dags/example_params_trigger_ui.py for tasks to queue
[2023-12-19T10:12:44.771+0000] {logging_mixin.py:154} INFO - [2023-12-19T10:12:44.770+0000] {dagbag.py:536} INFO - Filling up the DagBag from /home/airflow/.local/lib/python3.8/site-packages/airflow/example_dags/example_params_trigger_ui.py
[2023-12-19T10:12:44.806+0000] {processor.py:839} INFO - DAG(s) dict_keys(['example_params_trigger_ui']) retrieved from /home/airflow/.local/lib/python3.8/site-packages/airflow/example_dags/example_params_trigger_ui.py
[2023-12-19T10:12:44.894+0000] {logging_mixin.py:154} INFO - [2023-12-19T10:12:44.894+0000] {dag.py:2941} INFO - Sync 1 DAGs
[2023-12-19T10:12:44.919+0000] {logging_mixin.py:154} INFO - [2023-12-19T10:12:44.919+0000] {dag.py:3722} INFO - Setting next_dagrun for example_params_trigger_ui to None, run_after=None
[2023-12-19T10:12:44.955+0000] {processor.py:179} INFO - Processing /home/airflow/.local/lib/python3.8/site-packages/airflow/example_dags/example_params_trigger_ui.py took 0.207 seconds
[2023-12-19T10:13:15.097+0000] {processor.py:157} INFO - Started process (PID=31801) to work on /home/airflow/.local/lib/python3.8/site-packages/airflow/example_dags/example_params_trigger_ui.py
[2023-12-19T10:13:15.100+0000] {processor.py:829} INFO - Processing file /home/airflow/.local/lib/python3.8/site-packages/airflow/example_dags/example_params_trigger_ui.py for tasks to queue
[2023-12-19T10:13:15.102+0000] {logging_mixin.py:154} INFO - [2023-12-19T10:13:15.101+0000] {dagbag.py:536} INFO - Filling up the DagBag from /home/airflow/.local/lib/python3.8/site-packages/airflow/example_dags/example_params_trigger_ui.py
[2023-12-19T10:13:15.133+0000] {processor.py:839} INFO - DAG(s) dict_keys(['example_params_trigger_ui']) retrieved from /home/airflow/.local/lib/python3.8/site-packages/airflow/example_dags/example_params_trigger_ui.py
[2023-12-19T10:13:15.226+0000] {logging_mixin.py:154} INFO - [2023-12-19T10:13:15.226+0000] {dag.py:2941} INFO - Sync 1 DAGs
[2023-12-19T10:13:15.249+0000] {logging_mixin.py:154} INFO - [2023-12-19T10:13:15.248+0000] {dag.py:3722} INFO - Setting next_dagrun for example_params_trigger_ui to None, run_after=None
[2023-12-19T10:13:15.287+0000] {processor.py:179} INFO - Processing /home/airflow/.local/lib/python3.8/site-packages/airflow/example_dags/example_params_trigger_ui.py took 0.196 seconds
[2023-12-19T10:13:45.489+0000] {processor.py:157} INFO - Started process (PID=31857) to work on /home/airflow/.local/lib/python3.8/site-packages/airflow/example_dags/example_params_trigger_ui.py
[2023-12-19T10:13:45.491+0000] {processor.py:829} INFO - Processing file /home/airflow/.local/lib/python3.8/site-packages/airflow/example_dags/example_params_trigger_ui.py for tasks to queue
[2023-12-19T10:13:45.494+0000] {logging_mixin.py:154} INFO - [2023-12-19T10:13:45.493+0000] {dagbag.py:536} INFO - Filling up the DagBag from /home/airflow/.local/lib/python3.8/site-packages/airflow/example_dags/example_params_trigger_ui.py
[2023-12-19T10:13:45.542+0000] {processor.py:839} INFO - DAG(s) dict_keys(['example_params_trigger_ui']) retrieved from /home/airflow/.local/lib/python3.8/site-packages/airflow/example_dags/example_params_trigger_ui.py
[2023-12-19T10:13:45.642+0000] {logging_mixin.py:154} INFO - [2023-12-19T10:13:45.641+0000] {dag.py:2941} INFO - Sync 1 DAGs
[2023-12-19T10:13:45.666+0000] {logging_mixin.py:154} INFO - [2023-12-19T10:13:45.666+0000] {dag.py:3722} INFO - Setting next_dagrun for example_params_trigger_ui to None, run_after=None
[2023-12-19T10:13:45.719+0000] {processor.py:179} INFO - Processing /home/airflow/.local/lib/python3.8/site-packages/airflow/example_dags/example_params_trigger_ui.py took 0.236 seconds
[2023-12-19T10:14:15.960+0000] {processor.py:157} INFO - Started process (PID=31912) to work on /home/airflow/.local/lib/python3.8/site-packages/airflow/example_dags/example_params_trigger_ui.py
[2023-12-19T10:14:15.962+0000] {processor.py:829} INFO - Processing file /home/airflow/.local/lib/python3.8/site-packages/airflow/example_dags/example_params_trigger_ui.py for tasks to queue
[2023-12-19T10:14:15.964+0000] {logging_mixin.py:154} INFO - [2023-12-19T10:14:15.964+0000] {dagbag.py:536} INFO - Filling up the DagBag from /home/airflow/.local/lib/python3.8/site-packages/airflow/example_dags/example_params_trigger_ui.py
[2023-12-19T10:14:15.996+0000] {processor.py:839} INFO - DAG(s) dict_keys(['example_params_trigger_ui']) retrieved from /home/airflow/.local/lib/python3.8/site-packages/airflow/example_dags/example_params_trigger_ui.py
[2023-12-19T10:14:16.083+0000] {logging_mixin.py:154} INFO - [2023-12-19T10:14:16.083+0000] {dag.py:2941} INFO - Sync 1 DAGs
[2023-12-19T10:14:16.104+0000] {logging_mixin.py:154} INFO - [2023-12-19T10:14:16.104+0000] {dag.py:3722} INFO - Setting next_dagrun for example_params_trigger_ui to None, run_after=None
[2023-12-19T10:14:16.147+0000] {processor.py:179} INFO - Processing /home/airflow/.local/lib/python3.8/site-packages/airflow/example_dags/example_params_trigger_ui.py took 0.195 seconds
[2023-12-19T10:14:46.817+0000] {processor.py:157} INFO - Started process (PID=31967) to work on /home/airflow/.local/lib/python3.8/site-packages/airflow/example_dags/example_params_trigger_ui.py
[2023-12-19T10:14:46.820+0000] {processor.py:829} INFO - Processing file /home/airflow/.local/lib/python3.8/site-packages/airflow/example_dags/example_params_trigger_ui.py for tasks to queue
[2023-12-19T10:14:46.822+0000] {logging_mixin.py:154} INFO - [2023-12-19T10:14:46.822+0000] {dagbag.py:536} INFO - Filling up the DagBag from /home/airflow/.local/lib/python3.8/site-packages/airflow/example_dags/example_params_trigger_ui.py
[2023-12-19T10:14:46.858+0000] {processor.py:839} INFO - DAG(s) dict_keys(['example_params_trigger_ui']) retrieved from /home/airflow/.local/lib/python3.8/site-packages/airflow/example_dags/example_params_trigger_ui.py
[2023-12-19T10:14:46.952+0000] {logging_mixin.py:154} INFO - [2023-12-19T10:14:46.952+0000] {dag.py:2941} INFO - Sync 1 DAGs
[2023-12-19T10:14:47.106+0000] {logging_mixin.py:154} INFO - [2023-12-19T10:14:47.105+0000] {dag.py:3722} INFO - Setting next_dagrun for example_params_trigger_ui to None, run_after=None
[2023-12-19T10:14:47.180+0000] {processor.py:179} INFO - Processing /home/airflow/.local/lib/python3.8/site-packages/airflow/example_dags/example_params_trigger_ui.py took 0.370 seconds
[2023-12-19T10:15:18.062+0000] {processor.py:157} INFO - Started process (PID=32023) to work on /home/airflow/.local/lib/python3.8/site-packages/airflow/example_dags/example_params_trigger_ui.py
[2023-12-19T10:15:18.065+0000] {processor.py:829} INFO - Processing file /home/airflow/.local/lib/python3.8/site-packages/airflow/example_dags/example_params_trigger_ui.py for tasks to queue
[2023-12-19T10:15:18.067+0000] {logging_mixin.py:154} INFO - [2023-12-19T10:15:18.066+0000] {dagbag.py:536} INFO - Filling up the DagBag from /home/airflow/.local/lib/python3.8/site-packages/airflow/example_dags/example_params_trigger_ui.py
[2023-12-19T10:15:18.101+0000] {processor.py:839} INFO - DAG(s) dict_keys(['example_params_trigger_ui']) retrieved from /home/airflow/.local/lib/python3.8/site-packages/airflow/example_dags/example_params_trigger_ui.py
[2023-12-19T10:15:18.223+0000] {logging_mixin.py:154} INFO - [2023-12-19T10:15:18.222+0000] {dag.py:2941} INFO - Sync 1 DAGs
[2023-12-19T10:15:18.245+0000] {logging_mixin.py:154} INFO - [2023-12-19T10:15:18.245+0000] {dag.py:3722} INFO - Setting next_dagrun for example_params_trigger_ui to None, run_after=None
[2023-12-19T10:15:18.279+0000] {processor.py:179} INFO - Processing /home/airflow/.local/lib/python3.8/site-packages/airflow/example_dags/example_params_trigger_ui.py took 0.223 seconds
[2023-12-19T10:15:48.413+0000] {processor.py:157} INFO - Started process (PID=32078) to work on /home/airflow/.local/lib/python3.8/site-packages/airflow/example_dags/example_params_trigger_ui.py
[2023-12-19T10:15:48.415+0000] {processor.py:829} INFO - Processing file /home/airflow/.local/lib/python3.8/site-packages/airflow/example_dags/example_params_trigger_ui.py for tasks to queue
[2023-12-19T10:15:48.418+0000] {logging_mixin.py:154} INFO - [2023-12-19T10:15:48.417+0000] {dagbag.py:536} INFO - Filling up the DagBag from /home/airflow/.local/lib/python3.8/site-packages/airflow/example_dags/example_params_trigger_ui.py
[2023-12-19T10:15:48.448+0000] {processor.py:839} INFO - DAG(s) dict_keys(['example_params_trigger_ui']) retrieved from /home/airflow/.local/lib/python3.8/site-packages/airflow/example_dags/example_params_trigger_ui.py
[2023-12-19T10:15:48.528+0000] {logging_mixin.py:154} INFO - [2023-12-19T10:15:48.528+0000] {dag.py:2941} INFO - Sync 1 DAGs
[2023-12-19T10:15:48.551+0000] {logging_mixin.py:154} INFO - [2023-12-19T10:15:48.551+0000] {dag.py:3722} INFO - Setting next_dagrun for example_params_trigger_ui to None, run_after=None
[2023-12-19T10:15:48.656+0000] {processor.py:179} INFO - Processing /home/airflow/.local/lib/python3.8/site-packages/airflow/example_dags/example_params_trigger_ui.py took 0.248 seconds
[2023-12-19T10:16:19.493+0000] {processor.py:157} INFO - Started process (PID=32133) to work on /home/airflow/.local/lib/python3.8/site-packages/airflow/example_dags/example_params_trigger_ui.py
[2023-12-19T10:16:19.497+0000] {processor.py:829} INFO - Processing file /home/airflow/.local/lib/python3.8/site-packages/airflow/example_dags/example_params_trigger_ui.py for tasks to queue
[2023-12-19T10:16:19.500+0000] {logging_mixin.py:154} INFO - [2023-12-19T10:16:19.499+0000] {dagbag.py:536} INFO - Filling up the DagBag from /home/airflow/.local/lib/python3.8/site-packages/airflow/example_dags/example_params_trigger_ui.py
[2023-12-19T10:16:19.534+0000] {processor.py:839} INFO - DAG(s) dict_keys(['example_params_trigger_ui']) retrieved from /home/airflow/.local/lib/python3.8/site-packages/airflow/example_dags/example_params_trigger_ui.py
[2023-12-19T10:16:19.619+0000] {logging_mixin.py:154} INFO - [2023-12-19T10:16:19.619+0000] {dag.py:2941} INFO - Sync 1 DAGs
[2023-12-19T10:16:19.640+0000] {logging_mixin.py:154} INFO - [2023-12-19T10:16:19.640+0000] {dag.py:3722} INFO - Setting next_dagrun for example_params_trigger_ui to None, run_after=None
[2023-12-19T10:16:19.673+0000] {processor.py:179} INFO - Processing /home/airflow/.local/lib/python3.8/site-packages/airflow/example_dags/example_params_trigger_ui.py took 0.187 seconds
[2023-12-19T10:16:50.002+0000] {processor.py:157} INFO - Started process (PID=32188) to work on /home/airflow/.local/lib/python3.8/site-packages/airflow/example_dags/example_params_trigger_ui.py
[2023-12-19T10:16:50.005+0000] {processor.py:829} INFO - Processing file /home/airflow/.local/lib/python3.8/site-packages/airflow/example_dags/example_params_trigger_ui.py for tasks to queue
[2023-12-19T10:16:50.008+0000] {logging_mixin.py:154} INFO - [2023-12-19T10:16:50.008+0000] {dagbag.py:536} INFO - Filling up the DagBag from /home/airflow/.local/lib/python3.8/site-packages/airflow/example_dags/example_params_trigger_ui.py
[2023-12-19T10:16:50.041+0000] {processor.py:839} INFO - DAG(s) dict_keys(['example_params_trigger_ui']) retrieved from /home/airflow/.local/lib/python3.8/site-packages/airflow/example_dags/example_params_trigger_ui.py
[2023-12-19T10:16:50.134+0000] {logging_mixin.py:154} INFO - [2023-12-19T10:16:50.134+0000] {dag.py:2941} INFO - Sync 1 DAGs
[2023-12-19T10:16:50.164+0000] {logging_mixin.py:154} INFO - [2023-12-19T10:16:50.163+0000] {dag.py:3722} INFO - Setting next_dagrun for example_params_trigger_ui to None, run_after=None
[2023-12-19T10:16:50.198+0000] {processor.py:179} INFO - Processing /home/airflow/.local/lib/python3.8/site-packages/airflow/example_dags/example_params_trigger_ui.py took 0.202 seconds
[2023-12-19T10:17:20.839+0000] {processor.py:157} INFO - Started process (PID=32243) to work on /home/airflow/.local/lib/python3.8/site-packages/airflow/example_dags/example_params_trigger_ui.py
[2023-12-19T10:17:20.841+0000] {processor.py:829} INFO - Processing file /home/airflow/.local/lib/python3.8/site-packages/airflow/example_dags/example_params_trigger_ui.py for tasks to queue
[2023-12-19T10:17:20.844+0000] {logging_mixin.py:154} INFO - [2023-12-19T10:17:20.843+0000] {dagbag.py:536} INFO - Filling up the DagBag from /home/airflow/.local/lib/python3.8/site-packages/airflow/example_dags/example_params_trigger_ui.py
[2023-12-19T10:17:20.882+0000] {processor.py:839} INFO - DAG(s) dict_keys(['example_params_trigger_ui']) retrieved from /home/airflow/.local/lib/python3.8/site-packages/airflow/example_dags/example_params_trigger_ui.py
[2023-12-19T10:17:20.972+0000] {logging_mixin.py:154} INFO - [2023-12-19T10:17:20.972+0000] {dag.py:2941} INFO - Sync 1 DAGs
[2023-12-19T10:17:20.993+0000] {logging_mixin.py:154} INFO - [2023-12-19T10:17:20.992+0000] {dag.py:3722} INFO - Setting next_dagrun for example_params_trigger_ui to None, run_after=None
[2023-12-19T10:17:21.035+0000] {processor.py:179} INFO - Processing /home/airflow/.local/lib/python3.8/site-packages/airflow/example_dags/example_params_trigger_ui.py took 0.203 seconds
[2023-12-19T10:17:51.424+0000] {processor.py:157} INFO - Started process (PID=32298) to work on /home/airflow/.local/lib/python3.8/site-packages/airflow/example_dags/example_params_trigger_ui.py
[2023-12-19T10:17:51.427+0000] {processor.py:829} INFO - Processing file /home/airflow/.local/lib/python3.8/site-packages/airflow/example_dags/example_params_trigger_ui.py for tasks to queue
[2023-12-19T10:17:51.430+0000] {logging_mixin.py:154} INFO - [2023-12-19T10:17:51.429+0000] {dagbag.py:536} INFO - Filling up the DagBag from /home/airflow/.local/lib/python3.8/site-packages/airflow/example_dags/example_params_trigger_ui.py
[2023-12-19T10:17:51.464+0000] {processor.py:839} INFO - DAG(s) dict_keys(['example_params_trigger_ui']) retrieved from /home/airflow/.local/lib/python3.8/site-packages/airflow/example_dags/example_params_trigger_ui.py
[2023-12-19T10:17:51.558+0000] {logging_mixin.py:154} INFO - [2023-12-19T10:17:51.558+0000] {dag.py:2941} INFO - Sync 1 DAGs
[2023-12-19T10:17:51.580+0000] {logging_mixin.py:154} INFO - [2023-12-19T10:17:51.580+0000] {dag.py:3722} INFO - Setting next_dagrun for example_params_trigger_ui to None, run_after=None
[2023-12-19T10:17:51.615+0000] {processor.py:179} INFO - Processing /home/airflow/.local/lib/python3.8/site-packages/airflow/example_dags/example_params_trigger_ui.py took 0.198 seconds
[2023-12-19T10:18:21.776+0000] {processor.py:157} INFO - Started process (PID=32353) to work on /home/airflow/.local/lib/python3.8/site-packages/airflow/example_dags/example_params_trigger_ui.py
[2023-12-19T10:18:21.779+0000] {processor.py:829} INFO - Processing file /home/airflow/.local/lib/python3.8/site-packages/airflow/example_dags/example_params_trigger_ui.py for tasks to queue
[2023-12-19T10:18:21.782+0000] {logging_mixin.py:154} INFO - [2023-12-19T10:18:21.781+0000] {dagbag.py:536} INFO - Filling up the DagBag from /home/airflow/.local/lib/python3.8/site-packages/airflow/example_dags/example_params_trigger_ui.py
[2023-12-19T10:18:21.816+0000] {processor.py:839} INFO - DAG(s) dict_keys(['example_params_trigger_ui']) retrieved from /home/airflow/.local/lib/python3.8/site-packages/airflow/example_dags/example_params_trigger_ui.py
[2023-12-19T10:18:21.904+0000] {logging_mixin.py:154} INFO - [2023-12-19T10:18:21.904+0000] {dag.py:2941} INFO - Sync 1 DAGs
[2023-12-19T10:18:21.926+0000] {logging_mixin.py:154} INFO - [2023-12-19T10:18:21.926+0000] {dag.py:3722} INFO - Setting next_dagrun for example_params_trigger_ui to None, run_after=None
[2023-12-19T10:18:21.961+0000] {processor.py:179} INFO - Processing /home/airflow/.local/lib/python3.8/site-packages/airflow/example_dags/example_params_trigger_ui.py took 0.191 seconds
[2023-12-19T10:18:52.094+0000] {processor.py:157} INFO - Started process (PID=32408) to work on /home/airflow/.local/lib/python3.8/site-packages/airflow/example_dags/example_params_trigger_ui.py
[2023-12-19T10:18:52.096+0000] {processor.py:829} INFO - Processing file /home/airflow/.local/lib/python3.8/site-packages/airflow/example_dags/example_params_trigger_ui.py for tasks to queue
[2023-12-19T10:18:52.098+0000] {logging_mixin.py:154} INFO - [2023-12-19T10:18:52.098+0000] {dagbag.py:536} INFO - Filling up the DagBag from /home/airflow/.local/lib/python3.8/site-packages/airflow/example_dags/example_params_trigger_ui.py
[2023-12-19T10:18:52.133+0000] {processor.py:839} INFO - DAG(s) dict_keys(['example_params_trigger_ui']) retrieved from /home/airflow/.local/lib/python3.8/site-packages/airflow/example_dags/example_params_trigger_ui.py
[2023-12-19T10:18:52.219+0000] {logging_mixin.py:154} INFO - [2023-12-19T10:18:52.219+0000] {dag.py:2941} INFO - Sync 1 DAGs
[2023-12-19T10:18:52.240+0000] {logging_mixin.py:154} INFO - [2023-12-19T10:18:52.240+0000] {dag.py:3722} INFO - Setting next_dagrun for example_params_trigger_ui to None, run_after=None
[2023-12-19T10:18:52.277+0000] {processor.py:179} INFO - Processing /home/airflow/.local/lib/python3.8/site-packages/airflow/example_dags/example_params_trigger_ui.py took 0.189 seconds
[2023-12-19T10:19:22.474+0000] {processor.py:157} INFO - Started process (PID=32463) to work on /home/airflow/.local/lib/python3.8/site-packages/airflow/example_dags/example_params_trigger_ui.py
[2023-12-19T10:19:22.477+0000] {processor.py:829} INFO - Processing file /home/airflow/.local/lib/python3.8/site-packages/airflow/example_dags/example_params_trigger_ui.py for tasks to queue
[2023-12-19T10:19:22.479+0000] {logging_mixin.py:154} INFO - [2023-12-19T10:19:22.479+0000] {dagbag.py:536} INFO - Filling up the DagBag from /home/airflow/.local/lib/python3.8/site-packages/airflow/example_dags/example_params_trigger_ui.py
[2023-12-19T10:19:22.515+0000] {processor.py:839} INFO - DAG(s) dict_keys(['example_params_trigger_ui']) retrieved from /home/airflow/.local/lib/python3.8/site-packages/airflow/example_dags/example_params_trigger_ui.py
[2023-12-19T10:19:22.605+0000] {logging_mixin.py:154} INFO - [2023-12-19T10:19:22.605+0000] {dag.py:2941} INFO - Sync 1 DAGs
[2023-12-19T10:19:22.628+0000] {logging_mixin.py:154} INFO - [2023-12-19T10:19:22.627+0000] {dag.py:3722} INFO - Setting next_dagrun for example_params_trigger_ui to None, run_after=None
[2023-12-19T10:19:22.668+0000] {processor.py:179} INFO - Processing /home/airflow/.local/lib/python3.8/site-packages/airflow/example_dags/example_params_trigger_ui.py took 0.200 seconds
[2023-12-19T10:19:53.246+0000] {processor.py:157} INFO - Started process (PID=32519) to work on /home/airflow/.local/lib/python3.8/site-packages/airflow/example_dags/example_params_trigger_ui.py
[2023-12-19T10:19:53.248+0000] {processor.py:829} INFO - Processing file /home/airflow/.local/lib/python3.8/site-packages/airflow/example_dags/example_params_trigger_ui.py for tasks to queue
[2023-12-19T10:19:53.251+0000] {logging_mixin.py:154} INFO - [2023-12-19T10:19:53.250+0000] {dagbag.py:536} INFO - Filling up the DagBag from /home/airflow/.local/lib/python3.8/site-packages/airflow/example_dags/example_params_trigger_ui.py
[2023-12-19T10:19:53.286+0000] {processor.py:839} INFO - DAG(s) dict_keys(['example_params_trigger_ui']) retrieved from /home/airflow/.local/lib/python3.8/site-packages/airflow/example_dags/example_params_trigger_ui.py
[2023-12-19T10:19:53.373+0000] {logging_mixin.py:154} INFO - [2023-12-19T10:19:53.373+0000] {dag.py:2941} INFO - Sync 1 DAGs
[2023-12-19T10:19:53.395+0000] {logging_mixin.py:154} INFO - [2023-12-19T10:19:53.394+0000] {dag.py:3722} INFO - Setting next_dagrun for example_params_trigger_ui to None, run_after=None
[2023-12-19T10:19:53.439+0000] {processor.py:179} INFO - Processing /home/airflow/.local/lib/python3.8/site-packages/airflow/example_dags/example_params_trigger_ui.py took 0.200 seconds
[2023-12-19T10:20:23.682+0000] {processor.py:157} INFO - Started process (PID=32574) to work on /home/airflow/.local/lib/python3.8/site-packages/airflow/example_dags/example_params_trigger_ui.py
[2023-12-19T10:20:23.684+0000] {processor.py:829} INFO - Processing file /home/airflow/.local/lib/python3.8/site-packages/airflow/example_dags/example_params_trigger_ui.py for tasks to queue
[2023-12-19T10:20:23.686+0000] {logging_mixin.py:154} INFO - [2023-12-19T10:20:23.685+0000] {dagbag.py:536} INFO - Filling up the DagBag from /home/airflow/.local/lib/python3.8/site-packages/airflow/example_dags/example_params_trigger_ui.py
[2023-12-19T10:20:23.724+0000] {processor.py:839} INFO - DAG(s) dict_keys(['example_params_trigger_ui']) retrieved from /home/airflow/.local/lib/python3.8/site-packages/airflow/example_dags/example_params_trigger_ui.py
[2023-12-19T10:20:23.820+0000] {logging_mixin.py:154} INFO - [2023-12-19T10:20:23.820+0000] {dag.py:2941} INFO - Sync 1 DAGs
[2023-12-19T10:20:23.843+0000] {logging_mixin.py:154} INFO - [2023-12-19T10:20:23.842+0000] {dag.py:3722} INFO - Setting next_dagrun for example_params_trigger_ui to None, run_after=None
[2023-12-19T10:20:23.878+0000] {processor.py:179} INFO - Processing /home/airflow/.local/lib/python3.8/site-packages/airflow/example_dags/example_params_trigger_ui.py took 0.203 seconds
[2023-12-19T10:20:54.129+0000] {processor.py:157} INFO - Started process (PID=32630) to work on /home/airflow/.local/lib/python3.8/site-packages/airflow/example_dags/example_params_trigger_ui.py
[2023-12-19T10:20:54.132+0000] {processor.py:829} INFO - Processing file /home/airflow/.local/lib/python3.8/site-packages/airflow/example_dags/example_params_trigger_ui.py for tasks to queue
[2023-12-19T10:20:54.134+0000] {logging_mixin.py:154} INFO - [2023-12-19T10:20:54.134+0000] {dagbag.py:536} INFO - Filling up the DagBag from /home/airflow/.local/lib/python3.8/site-packages/airflow/example_dags/example_params_trigger_ui.py
[2023-12-19T10:20:54.171+0000] {processor.py:839} INFO - DAG(s) dict_keys(['example_params_trigger_ui']) retrieved from /home/airflow/.local/lib/python3.8/site-packages/airflow/example_dags/example_params_trigger_ui.py
[2023-12-19T10:20:54.276+0000] {logging_mixin.py:154} INFO - [2023-12-19T10:20:54.276+0000] {dag.py:2941} INFO - Sync 1 DAGs
[2023-12-19T10:20:54.301+0000] {logging_mixin.py:154} INFO - [2023-12-19T10:20:54.300+0000] {dag.py:3722} INFO - Setting next_dagrun for example_params_trigger_ui to None, run_after=None
[2023-12-19T10:20:54.336+0000] {processor.py:179} INFO - Processing /home/airflow/.local/lib/python3.8/site-packages/airflow/example_dags/example_params_trigger_ui.py took 0.215 seconds
[2023-12-19T10:21:24.455+0000] {processor.py:157} INFO - Started process (PID=32686) to work on /home/airflow/.local/lib/python3.8/site-packages/airflow/example_dags/example_params_trigger_ui.py
[2023-12-19T10:21:24.457+0000] {processor.py:829} INFO - Processing file /home/airflow/.local/lib/python3.8/site-packages/airflow/example_dags/example_params_trigger_ui.py for tasks to queue
[2023-12-19T10:21:24.459+0000] {logging_mixin.py:154} INFO - [2023-12-19T10:21:24.459+0000] {dagbag.py:536} INFO - Filling up the DagBag from /home/airflow/.local/lib/python3.8/site-packages/airflow/example_dags/example_params_trigger_ui.py
[2023-12-19T10:21:24.493+0000] {processor.py:839} INFO - DAG(s) dict_keys(['example_params_trigger_ui']) retrieved from /home/airflow/.local/lib/python3.8/site-packages/airflow/example_dags/example_params_trigger_ui.py
[2023-12-19T10:21:24.574+0000] {logging_mixin.py:154} INFO - [2023-12-19T10:21:24.573+0000] {dag.py:2941} INFO - Sync 1 DAGs
[2023-12-19T10:21:24.596+0000] {logging_mixin.py:154} INFO - [2023-12-19T10:21:24.596+0000] {dag.py:3722} INFO - Setting next_dagrun for example_params_trigger_ui to None, run_after=None
[2023-12-19T10:21:24.629+0000] {processor.py:179} INFO - Processing /home/airflow/.local/lib/python3.8/site-packages/airflow/example_dags/example_params_trigger_ui.py took 0.181 seconds
[2023-12-19T10:21:54.834+0000] {processor.py:157} INFO - Started process (PID=32740) to work on /home/airflow/.local/lib/python3.8/site-packages/airflow/example_dags/example_params_trigger_ui.py
[2023-12-19T10:21:54.836+0000] {processor.py:829} INFO - Processing file /home/airflow/.local/lib/python3.8/site-packages/airflow/example_dags/example_params_trigger_ui.py for tasks to queue
[2023-12-19T10:21:54.839+0000] {logging_mixin.py:154} INFO - [2023-12-19T10:21:54.838+0000] {dagbag.py:536} INFO - Filling up the DagBag from /home/airflow/.local/lib/python3.8/site-packages/airflow/example_dags/example_params_trigger_ui.py
[2023-12-19T10:21:54.872+0000] {processor.py:839} INFO - DAG(s) dict_keys(['example_params_trigger_ui']) retrieved from /home/airflow/.local/lib/python3.8/site-packages/airflow/example_dags/example_params_trigger_ui.py
[2023-12-19T10:21:54.965+0000] {logging_mixin.py:154} INFO - [2023-12-19T10:21:54.964+0000] {dag.py:2941} INFO - Sync 1 DAGs
[2023-12-19T10:21:54.986+0000] {logging_mixin.py:154} INFO - [2023-12-19T10:21:54.985+0000] {dag.py:3722} INFO - Setting next_dagrun for example_params_trigger_ui to None, run_after=None
[2023-12-19T10:21:55.020+0000] {processor.py:179} INFO - Processing /home/airflow/.local/lib/python3.8/site-packages/airflow/example_dags/example_params_trigger_ui.py took 0.193 seconds
[2023-12-19T10:22:25.466+0000] {processor.py:157} INFO - Started process (PID=32795) to work on /home/airflow/.local/lib/python3.8/site-packages/airflow/example_dags/example_params_trigger_ui.py
[2023-12-19T10:22:25.470+0000] {processor.py:829} INFO - Processing file /home/airflow/.local/lib/python3.8/site-packages/airflow/example_dags/example_params_trigger_ui.py for tasks to queue
[2023-12-19T10:22:25.472+0000] {logging_mixin.py:154} INFO - [2023-12-19T10:22:25.471+0000] {dagbag.py:536} INFO - Filling up the DagBag from /home/airflow/.local/lib/python3.8/site-packages/airflow/example_dags/example_params_trigger_ui.py
[2023-12-19T10:22:25.509+0000] {processor.py:839} INFO - DAG(s) dict_keys(['example_params_trigger_ui']) retrieved from /home/airflow/.local/lib/python3.8/site-packages/airflow/example_dags/example_params_trigger_ui.py
[2023-12-19T10:22:25.601+0000] {logging_mixin.py:154} INFO - [2023-12-19T10:22:25.600+0000] {dag.py:2941} INFO - Sync 1 DAGs
[2023-12-19T10:22:25.623+0000] {logging_mixin.py:154} INFO - [2023-12-19T10:22:25.623+0000] {dag.py:3722} INFO - Setting next_dagrun for example_params_trigger_ui to None, run_after=None
[2023-12-19T10:22:25.663+0000] {processor.py:179} INFO - Processing /home/airflow/.local/lib/python3.8/site-packages/airflow/example_dags/example_params_trigger_ui.py took 0.204 seconds
[2023-12-19T10:22:55.845+0000] {processor.py:157} INFO - Started process (PID=32851) to work on /home/airflow/.local/lib/python3.8/site-packages/airflow/example_dags/example_params_trigger_ui.py
[2023-12-19T10:22:55.848+0000] {processor.py:829} INFO - Processing file /home/airflow/.local/lib/python3.8/site-packages/airflow/example_dags/example_params_trigger_ui.py for tasks to queue
[2023-12-19T10:22:55.850+0000] {logging_mixin.py:154} INFO - [2023-12-19T10:22:55.850+0000] {dagbag.py:536} INFO - Filling up the DagBag from /home/airflow/.local/lib/python3.8/site-packages/airflow/example_dags/example_params_trigger_ui.py
[2023-12-19T10:22:55.882+0000] {processor.py:839} INFO - DAG(s) dict_keys(['example_params_trigger_ui']) retrieved from /home/airflow/.local/lib/python3.8/site-packages/airflow/example_dags/example_params_trigger_ui.py
[2023-12-19T10:22:55.963+0000] {logging_mixin.py:154} INFO - [2023-12-19T10:22:55.963+0000] {dag.py:2941} INFO - Sync 1 DAGs
[2023-12-19T10:22:55.984+0000] {logging_mixin.py:154} INFO - [2023-12-19T10:22:55.984+0000] {dag.py:3722} INFO - Setting next_dagrun for example_params_trigger_ui to None, run_after=None
[2023-12-19T10:22:56.018+0000] {processor.py:179} INFO - Processing /home/airflow/.local/lib/python3.8/site-packages/airflow/example_dags/example_params_trigger_ui.py took 0.181 seconds
[2023-12-19T10:23:26.223+0000] {processor.py:157} INFO - Started process (PID=32906) to work on /home/airflow/.local/lib/python3.8/site-packages/airflow/example_dags/example_params_trigger_ui.py
[2023-12-19T10:23:26.227+0000] {processor.py:829} INFO - Processing file /home/airflow/.local/lib/python3.8/site-packages/airflow/example_dags/example_params_trigger_ui.py for tasks to queue
[2023-12-19T10:23:26.229+0000] {logging_mixin.py:154} INFO - [2023-12-19T10:23:26.229+0000] {dagbag.py:536} INFO - Filling up the DagBag from /home/airflow/.local/lib/python3.8/site-packages/airflow/example_dags/example_params_trigger_ui.py
[2023-12-19T10:23:26.264+0000] {processor.py:839} INFO - DAG(s) dict_keys(['example_params_trigger_ui']) retrieved from /home/airflow/.local/lib/python3.8/site-packages/airflow/example_dags/example_params_trigger_ui.py
[2023-12-19T10:23:26.357+0000] {logging_mixin.py:154} INFO - [2023-12-19T10:23:26.356+0000] {dag.py:2941} INFO - Sync 1 DAGs
[2023-12-19T10:23:26.384+0000] {logging_mixin.py:154} INFO - [2023-12-19T10:23:26.384+0000] {dag.py:3722} INFO - Setting next_dagrun for example_params_trigger_ui to None, run_after=None
[2023-12-19T10:23:26.427+0000] {processor.py:179} INFO - Processing /home/airflow/.local/lib/python3.8/site-packages/airflow/example_dags/example_params_trigger_ui.py took 0.210 seconds
