[2023-12-19T09:59:10.051+0000] {processor.py:157} INFO - Started process (PID=30295) to work on /home/airflow/.local/lib/python3.8/site-packages/airflow/example_dags/example_branch_datetime_operator.py
[2023-12-19T09:59:10.062+0000] {processor.py:829} INFO - Processing file /home/airflow/.local/lib/python3.8/site-packages/airflow/example_dags/example_branch_datetime_operator.py for tasks to queue
[2023-12-19T09:59:10.067+0000] {logging_mixin.py:154} INFO - [2023-12-19T09:59:10.066+0000] {dagbag.py:536} INFO - Filling up the DagBag from /home/airflow/.local/lib/python3.8/site-packages/airflow/example_dags/example_branch_datetime_operator.py
[2023-12-19T09:59:10.099+0000] {processor.py:839} INFO - DAG(s) dict_keys(['example_branch_datetime_operator_2', 'example_branch_datetime_operator_3', 'example_branch_datetime_operator']) retrieved from /home/airflow/.local/lib/python3.8/site-packages/airflow/example_dags/example_branch_datetime_operator.py
[2023-12-19T09:59:10.202+0000] {logging_mixin.py:154} INFO - [2023-12-19T09:59:10.202+0000] {dag.py:2941} INFO - Sync 3 DAGs
[2023-12-19T09:59:10.255+0000] {logging_mixin.py:154} INFO - [2023-12-19T09:59:10.255+0000] {dag.py:3722} INFO - Setting next_dagrun for example_branch_datetime_operator to 2023-12-18T00:00:00+00:00, run_after=2023-12-19T00:00:00+00:00
[2023-12-19T09:59:10.272+0000] {logging_mixin.py:154} INFO - [2023-12-19T09:59:10.271+0000] {dag.py:3722} INFO - Setting next_dagrun for example_branch_datetime_operator_2 to 2023-12-18T00:00:00+00:00, run_after=2023-12-19T00:00:00+00:00
[2023-12-19T09:59:10.277+0000] {logging_mixin.py:154} INFO - [2023-12-19T09:59:10.276+0000] {dag.py:3722} INFO - Setting next_dagrun for example_branch_datetime_operator_3 to 2023-12-18T00:00:00+00:00, run_after=2023-12-19T00:00:00+00:00
[2023-12-19T09:59:10.334+0000] {processor.py:179} INFO - Processing /home/airflow/.local/lib/python3.8/site-packages/airflow/example_dags/example_branch_datetime_operator.py took 0.295 seconds
[2023-12-19T09:59:40.492+0000] {processor.py:157} INFO - Started process (PID=30350) to work on /home/airflow/.local/lib/python3.8/site-packages/airflow/example_dags/example_branch_datetime_operator.py
[2023-12-19T09:59:40.495+0000] {processor.py:829} INFO - Processing file /home/airflow/.local/lib/python3.8/site-packages/airflow/example_dags/example_branch_datetime_operator.py for tasks to queue
[2023-12-19T09:59:40.498+0000] {logging_mixin.py:154} INFO - [2023-12-19T09:59:40.497+0000] {dagbag.py:536} INFO - Filling up the DagBag from /home/airflow/.local/lib/python3.8/site-packages/airflow/example_dags/example_branch_datetime_operator.py
[2023-12-19T09:59:40.517+0000] {processor.py:839} INFO - DAG(s) dict_keys(['example_branch_datetime_operator', 'example_branch_datetime_operator_3', 'example_branch_datetime_operator_2']) retrieved from /home/airflow/.local/lib/python3.8/site-packages/airflow/example_dags/example_branch_datetime_operator.py
[2023-12-19T09:59:40.570+0000] {logging_mixin.py:154} INFO - [2023-12-19T09:59:40.570+0000] {dag.py:2941} INFO - Sync 3 DAGs
[2023-12-19T09:59:40.613+0000] {logging_mixin.py:154} INFO - [2023-12-19T09:59:40.612+0000] {dag.py:3722} INFO - Setting next_dagrun for example_branch_datetime_operator to 2023-12-18T00:00:00+00:00, run_after=2023-12-19T00:00:00+00:00
[2023-12-19T09:59:40.621+0000] {logging_mixin.py:154} INFO - [2023-12-19T09:59:40.621+0000] {dag.py:3722} INFO - Setting next_dagrun for example_branch_datetime_operator_2 to 2023-12-18T00:00:00+00:00, run_after=2023-12-19T00:00:00+00:00
[2023-12-19T09:59:40.626+0000] {logging_mixin.py:154} INFO - [2023-12-19T09:59:40.626+0000] {dag.py:3722} INFO - Setting next_dagrun for example_branch_datetime_operator_3 to 2023-12-18T00:00:00+00:00, run_after=2023-12-19T00:00:00+00:00
[2023-12-19T09:59:40.657+0000] {processor.py:179} INFO - Processing /home/airflow/.local/lib/python3.8/site-packages/airflow/example_dags/example_branch_datetime_operator.py took 0.172 seconds
[2023-12-19T10:00:11.275+0000] {processor.py:157} INFO - Started process (PID=30405) to work on /home/airflow/.local/lib/python3.8/site-packages/airflow/example_dags/example_branch_datetime_operator.py
[2023-12-19T10:00:11.278+0000] {processor.py:829} INFO - Processing file /home/airflow/.local/lib/python3.8/site-packages/airflow/example_dags/example_branch_datetime_operator.py for tasks to queue
[2023-12-19T10:00:11.280+0000] {logging_mixin.py:154} INFO - [2023-12-19T10:00:11.280+0000] {dagbag.py:536} INFO - Filling up the DagBag from /home/airflow/.local/lib/python3.8/site-packages/airflow/example_dags/example_branch_datetime_operator.py
[2023-12-19T10:00:11.300+0000] {processor.py:839} INFO - DAG(s) dict_keys(['example_branch_datetime_operator_3', 'example_branch_datetime_operator', 'example_branch_datetime_operator_2']) retrieved from /home/airflow/.local/lib/python3.8/site-packages/airflow/example_dags/example_branch_datetime_operator.py
[2023-12-19T10:00:11.352+0000] {logging_mixin.py:154} INFO - [2023-12-19T10:00:11.351+0000] {dag.py:2941} INFO - Sync 3 DAGs
[2023-12-19T10:00:11.394+0000] {logging_mixin.py:154} INFO - [2023-12-19T10:00:11.393+0000] {dag.py:3722} INFO - Setting next_dagrun for example_branch_datetime_operator to 2023-12-18T00:00:00+00:00, run_after=2023-12-19T00:00:00+00:00
[2023-12-19T10:00:11.410+0000] {logging_mixin.py:154} INFO - [2023-12-19T10:00:11.409+0000] {dag.py:3722} INFO - Setting next_dagrun for example_branch_datetime_operator_2 to 2023-12-18T00:00:00+00:00, run_after=2023-12-19T00:00:00+00:00
[2023-12-19T10:00:11.419+0000] {logging_mixin.py:154} INFO - [2023-12-19T10:00:11.419+0000] {dag.py:3722} INFO - Setting next_dagrun for example_branch_datetime_operator_3 to 2023-12-18T00:00:00+00:00, run_after=2023-12-19T00:00:00+00:00
[2023-12-19T10:00:11.467+0000] {processor.py:179} INFO - Processing /home/airflow/.local/lib/python3.8/site-packages/airflow/example_dags/example_branch_datetime_operator.py took 0.198 seconds
[2023-12-19T10:00:41.519+0000] {processor.py:157} INFO - Started process (PID=30459) to work on /home/airflow/.local/lib/python3.8/site-packages/airflow/example_dags/example_branch_datetime_operator.py
[2023-12-19T10:00:41.521+0000] {processor.py:829} INFO - Processing file /home/airflow/.local/lib/python3.8/site-packages/airflow/example_dags/example_branch_datetime_operator.py for tasks to queue
[2023-12-19T10:00:41.523+0000] {logging_mixin.py:154} INFO - [2023-12-19T10:00:41.523+0000] {dagbag.py:536} INFO - Filling up the DagBag from /home/airflow/.local/lib/python3.8/site-packages/airflow/example_dags/example_branch_datetime_operator.py
[2023-12-19T10:00:41.542+0000] {processor.py:839} INFO - DAG(s) dict_keys(['example_branch_datetime_operator', 'example_branch_datetime_operator_3', 'example_branch_datetime_operator_2']) retrieved from /home/airflow/.local/lib/python3.8/site-packages/airflow/example_dags/example_branch_datetime_operator.py
[2023-12-19T10:00:41.596+0000] {logging_mixin.py:154} INFO - [2023-12-19T10:00:41.596+0000] {dag.py:2941} INFO - Sync 3 DAGs
[2023-12-19T10:00:41.640+0000] {logging_mixin.py:154} INFO - [2023-12-19T10:00:41.640+0000] {dag.py:3722} INFO - Setting next_dagrun for example_branch_datetime_operator to 2023-12-18T00:00:00+00:00, run_after=2023-12-19T00:00:00+00:00
[2023-12-19T10:00:41.655+0000] {logging_mixin.py:154} INFO - [2023-12-19T10:00:41.654+0000] {dag.py:3722} INFO - Setting next_dagrun for example_branch_datetime_operator_2 to 2023-12-18T00:00:00+00:00, run_after=2023-12-19T00:00:00+00:00
[2023-12-19T10:00:41.669+0000] {logging_mixin.py:154} INFO - [2023-12-19T10:00:41.668+0000] {dag.py:3722} INFO - Setting next_dagrun for example_branch_datetime_operator_3 to 2023-12-18T00:00:00+00:00, run_after=2023-12-19T00:00:00+00:00
[2023-12-19T10:00:41.711+0000] {processor.py:179} INFO - Processing /home/airflow/.local/lib/python3.8/site-packages/airflow/example_dags/example_branch_datetime_operator.py took 0.200 seconds
[2023-12-19T10:01:12.026+0000] {processor.py:157} INFO - Started process (PID=30515) to work on /home/airflow/.local/lib/python3.8/site-packages/airflow/example_dags/example_branch_datetime_operator.py
[2023-12-19T10:01:12.030+0000] {processor.py:829} INFO - Processing file /home/airflow/.local/lib/python3.8/site-packages/airflow/example_dags/example_branch_datetime_operator.py for tasks to queue
[2023-12-19T10:01:12.034+0000] {logging_mixin.py:154} INFO - [2023-12-19T10:01:12.033+0000] {dagbag.py:536} INFO - Filling up the DagBag from /home/airflow/.local/lib/python3.8/site-packages/airflow/example_dags/example_branch_datetime_operator.py
[2023-12-19T10:01:12.055+0000] {processor.py:839} INFO - DAG(s) dict_keys(['example_branch_datetime_operator_2', 'example_branch_datetime_operator', 'example_branch_datetime_operator_3']) retrieved from /home/airflow/.local/lib/python3.8/site-packages/airflow/example_dags/example_branch_datetime_operator.py
[2023-12-19T10:01:12.127+0000] {logging_mixin.py:154} INFO - [2023-12-19T10:01:12.127+0000] {dag.py:2941} INFO - Sync 3 DAGs
[2023-12-19T10:01:12.198+0000] {logging_mixin.py:154} INFO - [2023-12-19T10:01:12.198+0000] {dag.py:3722} INFO - Setting next_dagrun for example_branch_datetime_operator to 2023-12-18T00:00:00+00:00, run_after=2023-12-19T00:00:00+00:00
[2023-12-19T10:01:12.213+0000] {logging_mixin.py:154} INFO - [2023-12-19T10:01:12.212+0000] {dag.py:3722} INFO - Setting next_dagrun for example_branch_datetime_operator_2 to 2023-12-18T00:00:00+00:00, run_after=2023-12-19T00:00:00+00:00
[2023-12-19T10:01:12.230+0000] {logging_mixin.py:154} INFO - [2023-12-19T10:01:12.229+0000] {dag.py:3722} INFO - Setting next_dagrun for example_branch_datetime_operator_3 to 2023-12-18T00:00:00+00:00, run_after=2023-12-19T00:00:00+00:00
[2023-12-19T10:01:12.573+0000] {processor.py:179} INFO - Processing /home/airflow/.local/lib/python3.8/site-packages/airflow/example_dags/example_branch_datetime_operator.py took 0.555 seconds
[2023-12-19T10:01:43.578+0000] {processor.py:157} INFO - Started process (PID=30570) to work on /home/airflow/.local/lib/python3.8/site-packages/airflow/example_dags/example_branch_datetime_operator.py
[2023-12-19T10:01:43.580+0000] {processor.py:829} INFO - Processing file /home/airflow/.local/lib/python3.8/site-packages/airflow/example_dags/example_branch_datetime_operator.py for tasks to queue
[2023-12-19T10:01:43.583+0000] {logging_mixin.py:154} INFO - [2023-12-19T10:01:43.582+0000] {dagbag.py:536} INFO - Filling up the DagBag from /home/airflow/.local/lib/python3.8/site-packages/airflow/example_dags/example_branch_datetime_operator.py
[2023-12-19T10:01:43.604+0000] {processor.py:839} INFO - DAG(s) dict_keys(['example_branch_datetime_operator_3', 'example_branch_datetime_operator', 'example_branch_datetime_operator_2']) retrieved from /home/airflow/.local/lib/python3.8/site-packages/airflow/example_dags/example_branch_datetime_operator.py
[2023-12-19T10:01:43.655+0000] {logging_mixin.py:154} INFO - [2023-12-19T10:01:43.655+0000] {dag.py:2941} INFO - Sync 3 DAGs
[2023-12-19T10:01:43.699+0000] {logging_mixin.py:154} INFO - [2023-12-19T10:01:43.699+0000] {dag.py:3722} INFO - Setting next_dagrun for example_branch_datetime_operator to 2023-12-18T00:00:00+00:00, run_after=2023-12-19T00:00:00+00:00
[2023-12-19T10:01:43.709+0000] {logging_mixin.py:154} INFO - [2023-12-19T10:01:43.709+0000] {dag.py:3722} INFO - Setting next_dagrun for example_branch_datetime_operator_2 to 2023-12-18T00:00:00+00:00, run_after=2023-12-19T00:00:00+00:00
[2023-12-19T10:01:43.715+0000] {logging_mixin.py:154} INFO - [2023-12-19T10:01:43.714+0000] {dag.py:3722} INFO - Setting next_dagrun for example_branch_datetime_operator_3 to 2023-12-18T00:00:00+00:00, run_after=2023-12-19T00:00:00+00:00
[2023-12-19T10:01:43.749+0000] {processor.py:179} INFO - Processing /home/airflow/.local/lib/python3.8/site-packages/airflow/example_dags/example_branch_datetime_operator.py took 0.177 seconds
[2023-12-19T10:02:13.798+0000] {processor.py:157} INFO - Started process (PID=30624) to work on /home/airflow/.local/lib/python3.8/site-packages/airflow/example_dags/example_branch_datetime_operator.py
[2023-12-19T10:02:13.801+0000] {processor.py:829} INFO - Processing file /home/airflow/.local/lib/python3.8/site-packages/airflow/example_dags/example_branch_datetime_operator.py for tasks to queue
[2023-12-19T10:02:13.805+0000] {logging_mixin.py:154} INFO - [2023-12-19T10:02:13.804+0000] {dagbag.py:536} INFO - Filling up the DagBag from /home/airflow/.local/lib/python3.8/site-packages/airflow/example_dags/example_branch_datetime_operator.py
[2023-12-19T10:02:13.830+0000] {processor.py:839} INFO - DAG(s) dict_keys(['example_branch_datetime_operator', 'example_branch_datetime_operator_2', 'example_branch_datetime_operator_3']) retrieved from /home/airflow/.local/lib/python3.8/site-packages/airflow/example_dags/example_branch_datetime_operator.py
[2023-12-19T10:02:13.882+0000] {logging_mixin.py:154} INFO - [2023-12-19T10:02:13.882+0000] {dag.py:2941} INFO - Sync 3 DAGs
[2023-12-19T10:02:13.923+0000] {logging_mixin.py:154} INFO - [2023-12-19T10:02:13.923+0000] {dag.py:3722} INFO - Setting next_dagrun for example_branch_datetime_operator to 2023-12-18T00:00:00+00:00, run_after=2023-12-19T00:00:00+00:00
[2023-12-19T10:02:13.933+0000] {logging_mixin.py:154} INFO - [2023-12-19T10:02:13.932+0000] {dag.py:3722} INFO - Setting next_dagrun for example_branch_datetime_operator_2 to 2023-12-18T00:00:00+00:00, run_after=2023-12-19T00:00:00+00:00
[2023-12-19T10:02:13.939+0000] {logging_mixin.py:154} INFO - [2023-12-19T10:02:13.939+0000] {dag.py:3722} INFO - Setting next_dagrun for example_branch_datetime_operator_3 to 2023-12-18T00:00:00+00:00, run_after=2023-12-19T00:00:00+00:00
[2023-12-19T10:02:13.971+0000] {processor.py:179} INFO - Processing /home/airflow/.local/lib/python3.8/site-packages/airflow/example_dags/example_branch_datetime_operator.py took 0.182 seconds
[2023-12-19T10:02:44.596+0000] {processor.py:157} INFO - Started process (PID=30681) to work on /home/airflow/.local/lib/python3.8/site-packages/airflow/example_dags/example_branch_datetime_operator.py
[2023-12-19T10:02:44.598+0000] {processor.py:829} INFO - Processing file /home/airflow/.local/lib/python3.8/site-packages/airflow/example_dags/example_branch_datetime_operator.py for tasks to queue
[2023-12-19T10:02:44.600+0000] {logging_mixin.py:154} INFO - [2023-12-19T10:02:44.600+0000] {dagbag.py:536} INFO - Filling up the DagBag from /home/airflow/.local/lib/python3.8/site-packages/airflow/example_dags/example_branch_datetime_operator.py
[2023-12-19T10:02:44.624+0000] {processor.py:839} INFO - DAG(s) dict_keys(['example_branch_datetime_operator', 'example_branch_datetime_operator_3', 'example_branch_datetime_operator_2']) retrieved from /home/airflow/.local/lib/python3.8/site-packages/airflow/example_dags/example_branch_datetime_operator.py
[2023-12-19T10:02:44.675+0000] {logging_mixin.py:154} INFO - [2023-12-19T10:02:44.675+0000] {dag.py:2941} INFO - Sync 3 DAGs
[2023-12-19T10:02:44.714+0000] {logging_mixin.py:154} INFO - [2023-12-19T10:02:44.714+0000] {dag.py:3722} INFO - Setting next_dagrun for example_branch_datetime_operator to 2023-12-18T00:00:00+00:00, run_after=2023-12-19T00:00:00+00:00
[2023-12-19T10:02:44.729+0000] {logging_mixin.py:154} INFO - [2023-12-19T10:02:44.729+0000] {dag.py:3722} INFO - Setting next_dagrun for example_branch_datetime_operator_2 to 2023-12-18T00:00:00+00:00, run_after=2023-12-19T00:00:00+00:00
[2023-12-19T10:02:44.735+0000] {logging_mixin.py:154} INFO - [2023-12-19T10:02:44.734+0000] {dag.py:3722} INFO - Setting next_dagrun for example_branch_datetime_operator_3 to 2023-12-18T00:00:00+00:00, run_after=2023-12-19T00:00:00+00:00
[2023-12-19T10:02:44.775+0000] {processor.py:179} INFO - Processing /home/airflow/.local/lib/python3.8/site-packages/airflow/example_dags/example_branch_datetime_operator.py took 0.186 seconds
[2023-12-19T10:03:15.500+0000] {processor.py:157} INFO - Started process (PID=30735) to work on /home/airflow/.local/lib/python3.8/site-packages/airflow/example_dags/example_branch_datetime_operator.py
[2023-12-19T10:03:15.503+0000] {processor.py:829} INFO - Processing file /home/airflow/.local/lib/python3.8/site-packages/airflow/example_dags/example_branch_datetime_operator.py for tasks to queue
[2023-12-19T10:03:15.505+0000] {logging_mixin.py:154} INFO - [2023-12-19T10:03:15.505+0000] {dagbag.py:536} INFO - Filling up the DagBag from /home/airflow/.local/lib/python3.8/site-packages/airflow/example_dags/example_branch_datetime_operator.py
[2023-12-19T10:03:15.528+0000] {processor.py:839} INFO - DAG(s) dict_keys(['example_branch_datetime_operator', 'example_branch_datetime_operator_2', 'example_branch_datetime_operator_3']) retrieved from /home/airflow/.local/lib/python3.8/site-packages/airflow/example_dags/example_branch_datetime_operator.py
[2023-12-19T10:03:15.586+0000] {logging_mixin.py:154} INFO - [2023-12-19T10:03:15.586+0000] {dag.py:2941} INFO - Sync 3 DAGs
[2023-12-19T10:03:15.626+0000] {logging_mixin.py:154} INFO - [2023-12-19T10:03:15.626+0000] {dag.py:3722} INFO - Setting next_dagrun for example_branch_datetime_operator to 2023-12-18T00:00:00+00:00, run_after=2023-12-19T00:00:00+00:00
[2023-12-19T10:03:15.635+0000] {logging_mixin.py:154} INFO - [2023-12-19T10:03:15.635+0000] {dag.py:3722} INFO - Setting next_dagrun for example_branch_datetime_operator_2 to 2023-12-18T00:00:00+00:00, run_after=2023-12-19T00:00:00+00:00
[2023-12-19T10:03:15.640+0000] {logging_mixin.py:154} INFO - [2023-12-19T10:03:15.640+0000] {dag.py:3722} INFO - Setting next_dagrun for example_branch_datetime_operator_3 to 2023-12-18T00:00:00+00:00, run_after=2023-12-19T00:00:00+00:00
[2023-12-19T10:03:15.675+0000] {processor.py:179} INFO - Processing /home/airflow/.local/lib/python3.8/site-packages/airflow/example_dags/example_branch_datetime_operator.py took 0.182 seconds
[2023-12-19T10:03:46.288+0000] {processor.py:157} INFO - Started process (PID=30790) to work on /home/airflow/.local/lib/python3.8/site-packages/airflow/example_dags/example_branch_datetime_operator.py
[2023-12-19T10:03:46.291+0000] {processor.py:829} INFO - Processing file /home/airflow/.local/lib/python3.8/site-packages/airflow/example_dags/example_branch_datetime_operator.py for tasks to queue
[2023-12-19T10:03:46.292+0000] {logging_mixin.py:154} INFO - [2023-12-19T10:03:46.292+0000] {dagbag.py:536} INFO - Filling up the DagBag from /home/airflow/.local/lib/python3.8/site-packages/airflow/example_dags/example_branch_datetime_operator.py
[2023-12-19T10:03:46.312+0000] {processor.py:839} INFO - DAG(s) dict_keys(['example_branch_datetime_operator_3', 'example_branch_datetime_operator_2', 'example_branch_datetime_operator']) retrieved from /home/airflow/.local/lib/python3.8/site-packages/airflow/example_dags/example_branch_datetime_operator.py
[2023-12-19T10:03:46.358+0000] {logging_mixin.py:154} INFO - [2023-12-19T10:03:46.358+0000] {dag.py:2941} INFO - Sync 3 DAGs
[2023-12-19T10:03:46.397+0000] {logging_mixin.py:154} INFO - [2023-12-19T10:03:46.397+0000] {dag.py:3722} INFO - Setting next_dagrun for example_branch_datetime_operator to 2023-12-18T00:00:00+00:00, run_after=2023-12-19T00:00:00+00:00
[2023-12-19T10:03:46.406+0000] {logging_mixin.py:154} INFO - [2023-12-19T10:03:46.406+0000] {dag.py:3722} INFO - Setting next_dagrun for example_branch_datetime_operator_2 to 2023-12-18T00:00:00+00:00, run_after=2023-12-19T00:00:00+00:00
[2023-12-19T10:03:46.411+0000] {logging_mixin.py:154} INFO - [2023-12-19T10:03:46.411+0000] {dag.py:3722} INFO - Setting next_dagrun for example_branch_datetime_operator_3 to 2023-12-18T00:00:00+00:00, run_after=2023-12-19T00:00:00+00:00
[2023-12-19T10:03:46.443+0000] {processor.py:179} INFO - Processing /home/airflow/.local/lib/python3.8/site-packages/airflow/example_dags/example_branch_datetime_operator.py took 0.161 seconds
[2023-12-19T10:04:17.389+0000] {processor.py:157} INFO - Started process (PID=30845) to work on /home/airflow/.local/lib/python3.8/site-packages/airflow/example_dags/example_branch_datetime_operator.py
[2023-12-19T10:04:17.391+0000] {processor.py:829} INFO - Processing file /home/airflow/.local/lib/python3.8/site-packages/airflow/example_dags/example_branch_datetime_operator.py for tasks to queue
[2023-12-19T10:04:17.393+0000] {logging_mixin.py:154} INFO - [2023-12-19T10:04:17.393+0000] {dagbag.py:536} INFO - Filling up the DagBag from /home/airflow/.local/lib/python3.8/site-packages/airflow/example_dags/example_branch_datetime_operator.py
[2023-12-19T10:04:17.415+0000] {processor.py:839} INFO - DAG(s) dict_keys(['example_branch_datetime_operator_2', 'example_branch_datetime_operator', 'example_branch_datetime_operator_3']) retrieved from /home/airflow/.local/lib/python3.8/site-packages/airflow/example_dags/example_branch_datetime_operator.py
[2023-12-19T10:04:17.467+0000] {logging_mixin.py:154} INFO - [2023-12-19T10:04:17.467+0000] {dag.py:2941} INFO - Sync 3 DAGs
[2023-12-19T10:04:17.512+0000] {logging_mixin.py:154} INFO - [2023-12-19T10:04:17.512+0000] {dag.py:3722} INFO - Setting next_dagrun for example_branch_datetime_operator to 2023-12-18T00:00:00+00:00, run_after=2023-12-19T00:00:00+00:00
[2023-12-19T10:04:17.527+0000] {logging_mixin.py:154} INFO - [2023-12-19T10:04:17.527+0000] {dag.py:3722} INFO - Setting next_dagrun for example_branch_datetime_operator_2 to 2023-12-18T00:00:00+00:00, run_after=2023-12-19T00:00:00+00:00
[2023-12-19T10:04:17.532+0000] {logging_mixin.py:154} INFO - [2023-12-19T10:04:17.532+0000] {dag.py:3722} INFO - Setting next_dagrun for example_branch_datetime_operator_3 to 2023-12-18T00:00:00+00:00, run_after=2023-12-19T00:00:00+00:00
[2023-12-19T10:04:17.568+0000] {processor.py:179} INFO - Processing /home/airflow/.local/lib/python3.8/site-packages/airflow/example_dags/example_branch_datetime_operator.py took 0.186 seconds
[2023-12-19T10:04:47.929+0000] {processor.py:157} INFO - Started process (PID=30901) to work on /home/airflow/.local/lib/python3.8/site-packages/airflow/example_dags/example_branch_datetime_operator.py
[2023-12-19T10:04:47.933+0000] {processor.py:829} INFO - Processing file /home/airflow/.local/lib/python3.8/site-packages/airflow/example_dags/example_branch_datetime_operator.py for tasks to queue
[2023-12-19T10:04:47.936+0000] {logging_mixin.py:154} INFO - [2023-12-19T10:04:47.935+0000] {dagbag.py:536} INFO - Filling up the DagBag from /home/airflow/.local/lib/python3.8/site-packages/airflow/example_dags/example_branch_datetime_operator.py
[2023-12-19T10:04:47.976+0000] {processor.py:839} INFO - DAG(s) dict_keys(['example_branch_datetime_operator_3', 'example_branch_datetime_operator_2', 'example_branch_datetime_operator']) retrieved from /home/airflow/.local/lib/python3.8/site-packages/airflow/example_dags/example_branch_datetime_operator.py
[2023-12-19T10:04:48.039+0000] {logging_mixin.py:154} INFO - [2023-12-19T10:04:48.038+0000] {dag.py:2941} INFO - Sync 3 DAGs
[2023-12-19T10:04:48.084+0000] {logging_mixin.py:154} INFO - [2023-12-19T10:04:48.084+0000] {dag.py:3722} INFO - Setting next_dagrun for example_branch_datetime_operator to 2023-12-18T00:00:00+00:00, run_after=2023-12-19T00:00:00+00:00
[2023-12-19T10:04:48.094+0000] {logging_mixin.py:154} INFO - [2023-12-19T10:04:48.093+0000] {dag.py:3722} INFO - Setting next_dagrun for example_branch_datetime_operator_2 to 2023-12-18T00:00:00+00:00, run_after=2023-12-19T00:00:00+00:00
[2023-12-19T10:04:48.101+0000] {logging_mixin.py:154} INFO - [2023-12-19T10:04:48.101+0000] {dag.py:3722} INFO - Setting next_dagrun for example_branch_datetime_operator_3 to 2023-12-18T00:00:00+00:00, run_after=2023-12-19T00:00:00+00:00
[2023-12-19T10:04:48.142+0000] {processor.py:179} INFO - Processing /home/airflow/.local/lib/python3.8/site-packages/airflow/example_dags/example_branch_datetime_operator.py took 0.220 seconds
[2023-12-19T10:05:18.583+0000] {processor.py:157} INFO - Started process (PID=30956) to work on /home/airflow/.local/lib/python3.8/site-packages/airflow/example_dags/example_branch_datetime_operator.py
[2023-12-19T10:05:18.587+0000] {processor.py:829} INFO - Processing file /home/airflow/.local/lib/python3.8/site-packages/airflow/example_dags/example_branch_datetime_operator.py for tasks to queue
[2023-12-19T10:05:18.589+0000] {logging_mixin.py:154} INFO - [2023-12-19T10:05:18.589+0000] {dagbag.py:536} INFO - Filling up the DagBag from /home/airflow/.local/lib/python3.8/site-packages/airflow/example_dags/example_branch_datetime_operator.py
[2023-12-19T10:05:18.624+0000] {processor.py:839} INFO - DAG(s) dict_keys(['example_branch_datetime_operator_2', 'example_branch_datetime_operator_3', 'example_branch_datetime_operator']) retrieved from /home/airflow/.local/lib/python3.8/site-packages/airflow/example_dags/example_branch_datetime_operator.py
[2023-12-19T10:05:18.708+0000] {logging_mixin.py:154} INFO - [2023-12-19T10:05:18.708+0000] {dag.py:2941} INFO - Sync 3 DAGs
[2023-12-19T10:05:18.771+0000] {logging_mixin.py:154} INFO - [2023-12-19T10:05:18.771+0000] {dag.py:3722} INFO - Setting next_dagrun for example_branch_datetime_operator to 2023-12-18T00:00:00+00:00, run_after=2023-12-19T00:00:00+00:00
[2023-12-19T10:05:18.783+0000] {logging_mixin.py:154} INFO - [2023-12-19T10:05:18.783+0000] {dag.py:3722} INFO - Setting next_dagrun for example_branch_datetime_operator_2 to 2023-12-18T00:00:00+00:00, run_after=2023-12-19T00:00:00+00:00
[2023-12-19T10:05:18.789+0000] {logging_mixin.py:154} INFO - [2023-12-19T10:05:18.788+0000] {dag.py:3722} INFO - Setting next_dagrun for example_branch_datetime_operator_3 to 2023-12-18T00:00:00+00:00, run_after=2023-12-19T00:00:00+00:00
[2023-12-19T10:05:18.830+0000] {processor.py:179} INFO - Processing /home/airflow/.local/lib/python3.8/site-packages/airflow/example_dags/example_branch_datetime_operator.py took 0.260 seconds
[2023-12-19T10:05:48.932+0000] {processor.py:157} INFO - Started process (PID=31010) to work on /home/airflow/.local/lib/python3.8/site-packages/airflow/example_dags/example_branch_datetime_operator.py
[2023-12-19T10:05:48.935+0000] {processor.py:829} INFO - Processing file /home/airflow/.local/lib/python3.8/site-packages/airflow/example_dags/example_branch_datetime_operator.py for tasks to queue
[2023-12-19T10:05:48.937+0000] {logging_mixin.py:154} INFO - [2023-12-19T10:05:48.936+0000] {dagbag.py:536} INFO - Filling up the DagBag from /home/airflow/.local/lib/python3.8/site-packages/airflow/example_dags/example_branch_datetime_operator.py
[2023-12-19T10:05:48.959+0000] {processor.py:839} INFO - DAG(s) dict_keys(['example_branch_datetime_operator_2', 'example_branch_datetime_operator', 'example_branch_datetime_operator_3']) retrieved from /home/airflow/.local/lib/python3.8/site-packages/airflow/example_dags/example_branch_datetime_operator.py
[2023-12-19T10:05:49.034+0000] {logging_mixin.py:154} INFO - [2023-12-19T10:05:49.033+0000] {dag.py:2941} INFO - Sync 3 DAGs
[2023-12-19T10:05:49.088+0000] {logging_mixin.py:154} INFO - [2023-12-19T10:05:49.087+0000] {dag.py:3722} INFO - Setting next_dagrun for example_branch_datetime_operator to 2023-12-18T00:00:00+00:00, run_after=2023-12-19T00:00:00+00:00
[2023-12-19T10:05:49.096+0000] {logging_mixin.py:154} INFO - [2023-12-19T10:05:49.096+0000] {dag.py:3722} INFO - Setting next_dagrun for example_branch_datetime_operator_2 to 2023-12-18T00:00:00+00:00, run_after=2023-12-19T00:00:00+00:00
[2023-12-19T10:05:49.101+0000] {logging_mixin.py:154} INFO - [2023-12-19T10:05:49.101+0000] {dag.py:3722} INFO - Setting next_dagrun for example_branch_datetime_operator_3 to 2023-12-18T00:00:00+00:00, run_after=2023-12-19T00:00:00+00:00
[2023-12-19T10:05:49.136+0000] {processor.py:179} INFO - Processing /home/airflow/.local/lib/python3.8/site-packages/airflow/example_dags/example_branch_datetime_operator.py took 0.211 seconds
[2023-12-19T10:06:19.412+0000] {processor.py:157} INFO - Started process (PID=31066) to work on /home/airflow/.local/lib/python3.8/site-packages/airflow/example_dags/example_branch_datetime_operator.py
[2023-12-19T10:06:19.414+0000] {processor.py:829} INFO - Processing file /home/airflow/.local/lib/python3.8/site-packages/airflow/example_dags/example_branch_datetime_operator.py for tasks to queue
[2023-12-19T10:06:19.416+0000] {logging_mixin.py:154} INFO - [2023-12-19T10:06:19.415+0000] {dagbag.py:536} INFO - Filling up the DagBag from /home/airflow/.local/lib/python3.8/site-packages/airflow/example_dags/example_branch_datetime_operator.py
[2023-12-19T10:06:19.439+0000] {processor.py:839} INFO - DAG(s) dict_keys(['example_branch_datetime_operator_3', 'example_branch_datetime_operator_2', 'example_branch_datetime_operator']) retrieved from /home/airflow/.local/lib/python3.8/site-packages/airflow/example_dags/example_branch_datetime_operator.py
[2023-12-19T10:06:19.496+0000] {logging_mixin.py:154} INFO - [2023-12-19T10:06:19.496+0000] {dag.py:2941} INFO - Sync 3 DAGs
[2023-12-19T10:06:19.539+0000] {logging_mixin.py:154} INFO - [2023-12-19T10:06:19.538+0000] {dag.py:3722} INFO - Setting next_dagrun for example_branch_datetime_operator to 2023-12-18T00:00:00+00:00, run_after=2023-12-19T00:00:00+00:00
[2023-12-19T10:06:19.547+0000] {logging_mixin.py:154} INFO - [2023-12-19T10:06:19.547+0000] {dag.py:3722} INFO - Setting next_dagrun for example_branch_datetime_operator_2 to 2023-12-18T00:00:00+00:00, run_after=2023-12-19T00:00:00+00:00
[2023-12-19T10:06:19.553+0000] {logging_mixin.py:154} INFO - [2023-12-19T10:06:19.553+0000] {dag.py:3722} INFO - Setting next_dagrun for example_branch_datetime_operator_3 to 2023-12-18T00:00:00+00:00, run_after=2023-12-19T00:00:00+00:00
[2023-12-19T10:06:19.617+0000] {processor.py:179} INFO - Processing /home/airflow/.local/lib/python3.8/site-packages/airflow/example_dags/example_branch_datetime_operator.py took 0.211 seconds
[2023-12-19T10:06:50.035+0000] {processor.py:157} INFO - Started process (PID=31121) to work on /home/airflow/.local/lib/python3.8/site-packages/airflow/example_dags/example_branch_datetime_operator.py
[2023-12-19T10:06:50.037+0000] {processor.py:829} INFO - Processing file /home/airflow/.local/lib/python3.8/site-packages/airflow/example_dags/example_branch_datetime_operator.py for tasks to queue
[2023-12-19T10:06:50.040+0000] {logging_mixin.py:154} INFO - [2023-12-19T10:06:50.039+0000] {dagbag.py:536} INFO - Filling up the DagBag from /home/airflow/.local/lib/python3.8/site-packages/airflow/example_dags/example_branch_datetime_operator.py
[2023-12-19T10:06:50.059+0000] {processor.py:839} INFO - DAG(s) dict_keys(['example_branch_datetime_operator', 'example_branch_datetime_operator_2', 'example_branch_datetime_operator_3']) retrieved from /home/airflow/.local/lib/python3.8/site-packages/airflow/example_dags/example_branch_datetime_operator.py
[2023-12-19T10:06:50.112+0000] {logging_mixin.py:154} INFO - [2023-12-19T10:06:50.111+0000] {dag.py:2941} INFO - Sync 3 DAGs
[2023-12-19T10:06:50.156+0000] {logging_mixin.py:154} INFO - [2023-12-19T10:06:50.156+0000] {dag.py:3722} INFO - Setting next_dagrun for example_branch_datetime_operator to 2023-12-18T00:00:00+00:00, run_after=2023-12-19T00:00:00+00:00
[2023-12-19T10:06:50.166+0000] {logging_mixin.py:154} INFO - [2023-12-19T10:06:50.165+0000] {dag.py:3722} INFO - Setting next_dagrun for example_branch_datetime_operator_2 to 2023-12-18T00:00:00+00:00, run_after=2023-12-19T00:00:00+00:00
[2023-12-19T10:06:50.171+0000] {logging_mixin.py:154} INFO - [2023-12-19T10:06:50.171+0000] {dag.py:3722} INFO - Setting next_dagrun for example_branch_datetime_operator_3 to 2023-12-18T00:00:00+00:00, run_after=2023-12-19T00:00:00+00:00
[2023-12-19T10:06:50.209+0000] {processor.py:179} INFO - Processing /home/airflow/.local/lib/python3.8/site-packages/airflow/example_dags/example_branch_datetime_operator.py took 0.181 seconds
[2023-12-19T10:07:20.791+0000] {processor.py:157} INFO - Started process (PID=31176) to work on /home/airflow/.local/lib/python3.8/site-packages/airflow/example_dags/example_branch_datetime_operator.py
[2023-12-19T10:07:20.794+0000] {processor.py:829} INFO - Processing file /home/airflow/.local/lib/python3.8/site-packages/airflow/example_dags/example_branch_datetime_operator.py for tasks to queue
[2023-12-19T10:07:20.796+0000] {logging_mixin.py:154} INFO - [2023-12-19T10:07:20.795+0000] {dagbag.py:536} INFO - Filling up the DagBag from /home/airflow/.local/lib/python3.8/site-packages/airflow/example_dags/example_branch_datetime_operator.py
[2023-12-19T10:07:20.814+0000] {processor.py:839} INFO - DAG(s) dict_keys(['example_branch_datetime_operator_3', 'example_branch_datetime_operator_2', 'example_branch_datetime_operator']) retrieved from /home/airflow/.local/lib/python3.8/site-packages/airflow/example_dags/example_branch_datetime_operator.py
[2023-12-19T10:07:20.868+0000] {logging_mixin.py:154} INFO - [2023-12-19T10:07:20.867+0000] {dag.py:2941} INFO - Sync 3 DAGs
[2023-12-19T10:07:21.043+0000] {logging_mixin.py:154} INFO - [2023-12-19T10:07:21.042+0000] {dag.py:3722} INFO - Setting next_dagrun for example_branch_datetime_operator to 2023-12-18T00:00:00+00:00, run_after=2023-12-19T00:00:00+00:00
[2023-12-19T10:07:21.061+0000] {logging_mixin.py:154} INFO - [2023-12-19T10:07:21.060+0000] {dag.py:3722} INFO - Setting next_dagrun for example_branch_datetime_operator_2 to 2023-12-18T00:00:00+00:00, run_after=2023-12-19T00:00:00+00:00
[2023-12-19T10:07:21.078+0000] {logging_mixin.py:154} INFO - [2023-12-19T10:07:21.077+0000] {dag.py:3722} INFO - Setting next_dagrun for example_branch_datetime_operator_3 to 2023-12-18T00:00:00+00:00, run_after=2023-12-19T00:00:00+00:00
[2023-12-19T10:07:21.139+0000] {processor.py:179} INFO - Processing /home/airflow/.local/lib/python3.8/site-packages/airflow/example_dags/example_branch_datetime_operator.py took 0.353 seconds
[2023-12-19T10:07:52.106+0000] {processor.py:157} INFO - Started process (PID=31231) to work on /home/airflow/.local/lib/python3.8/site-packages/airflow/example_dags/example_branch_datetime_operator.py
[2023-12-19T10:07:52.109+0000] {processor.py:829} INFO - Processing file /home/airflow/.local/lib/python3.8/site-packages/airflow/example_dags/example_branch_datetime_operator.py for tasks to queue
[2023-12-19T10:07:52.111+0000] {logging_mixin.py:154} INFO - [2023-12-19T10:07:52.110+0000] {dagbag.py:536} INFO - Filling up the DagBag from /home/airflow/.local/lib/python3.8/site-packages/airflow/example_dags/example_branch_datetime_operator.py
[2023-12-19T10:07:52.130+0000] {processor.py:839} INFO - DAG(s) dict_keys(['example_branch_datetime_operator', 'example_branch_datetime_operator_3', 'example_branch_datetime_operator_2']) retrieved from /home/airflow/.local/lib/python3.8/site-packages/airflow/example_dags/example_branch_datetime_operator.py
[2023-12-19T10:07:52.183+0000] {logging_mixin.py:154} INFO - [2023-12-19T10:07:52.182+0000] {dag.py:2941} INFO - Sync 3 DAGs
[2023-12-19T10:07:52.234+0000] {logging_mixin.py:154} INFO - [2023-12-19T10:07:52.234+0000] {dag.py:3722} INFO - Setting next_dagrun for example_branch_datetime_operator to 2023-12-18T00:00:00+00:00, run_after=2023-12-19T00:00:00+00:00
[2023-12-19T10:07:52.246+0000] {logging_mixin.py:154} INFO - [2023-12-19T10:07:52.246+0000] {dag.py:3722} INFO - Setting next_dagrun for example_branch_datetime_operator_2 to 2023-12-18T00:00:00+00:00, run_after=2023-12-19T00:00:00+00:00
[2023-12-19T10:07:52.252+0000] {logging_mixin.py:154} INFO - [2023-12-19T10:07:52.251+0000] {dag.py:3722} INFO - Setting next_dagrun for example_branch_datetime_operator_3 to 2023-12-18T00:00:00+00:00, run_after=2023-12-19T00:00:00+00:00
[2023-12-19T10:07:52.284+0000] {processor.py:179} INFO - Processing /home/airflow/.local/lib/python3.8/site-packages/airflow/example_dags/example_branch_datetime_operator.py took 0.188 seconds
[2023-12-19T10:08:22.676+0000] {processor.py:157} INFO - Started process (PID=31286) to work on /home/airflow/.local/lib/python3.8/site-packages/airflow/example_dags/example_branch_datetime_operator.py
[2023-12-19T10:08:22.679+0000] {processor.py:829} INFO - Processing file /home/airflow/.local/lib/python3.8/site-packages/airflow/example_dags/example_branch_datetime_operator.py for tasks to queue
[2023-12-19T10:08:22.683+0000] {logging_mixin.py:154} INFO - [2023-12-19T10:08:22.681+0000] {dagbag.py:536} INFO - Filling up the DagBag from /home/airflow/.local/lib/python3.8/site-packages/airflow/example_dags/example_branch_datetime_operator.py
[2023-12-19T10:08:22.716+0000] {processor.py:839} INFO - DAG(s) dict_keys(['example_branch_datetime_operator_3', 'example_branch_datetime_operator', 'example_branch_datetime_operator_2']) retrieved from /home/airflow/.local/lib/python3.8/site-packages/airflow/example_dags/example_branch_datetime_operator.py
[2023-12-19T10:08:22.784+0000] {logging_mixin.py:154} INFO - [2023-12-19T10:08:22.783+0000] {dag.py:2941} INFO - Sync 3 DAGs
[2023-12-19T10:08:22.840+0000] {logging_mixin.py:154} INFO - [2023-12-19T10:08:22.839+0000] {dag.py:3722} INFO - Setting next_dagrun for example_branch_datetime_operator to 2023-12-18T00:00:00+00:00, run_after=2023-12-19T00:00:00+00:00
[2023-12-19T10:08:22.855+0000] {logging_mixin.py:154} INFO - [2023-12-19T10:08:22.855+0000] {dag.py:3722} INFO - Setting next_dagrun for example_branch_datetime_operator_2 to 2023-12-18T00:00:00+00:00, run_after=2023-12-19T00:00:00+00:00
[2023-12-19T10:08:22.862+0000] {logging_mixin.py:154} INFO - [2023-12-19T10:08:22.862+0000] {dag.py:3722} INFO - Setting next_dagrun for example_branch_datetime_operator_3 to 2023-12-18T00:00:00+00:00, run_after=2023-12-19T00:00:00+00:00
[2023-12-19T10:08:22.910+0000] {processor.py:179} INFO - Processing /home/airflow/.local/lib/python3.8/site-packages/airflow/example_dags/example_branch_datetime_operator.py took 0.246 seconds
[2023-12-19T10:08:53.061+0000] {processor.py:157} INFO - Started process (PID=31341) to work on /home/airflow/.local/lib/python3.8/site-packages/airflow/example_dags/example_branch_datetime_operator.py
[2023-12-19T10:08:53.064+0000] {processor.py:829} INFO - Processing file /home/airflow/.local/lib/python3.8/site-packages/airflow/example_dags/example_branch_datetime_operator.py for tasks to queue
[2023-12-19T10:08:53.066+0000] {logging_mixin.py:154} INFO - [2023-12-19T10:08:53.065+0000] {dagbag.py:536} INFO - Filling up the DagBag from /home/airflow/.local/lib/python3.8/site-packages/airflow/example_dags/example_branch_datetime_operator.py
[2023-12-19T10:08:53.090+0000] {processor.py:839} INFO - DAG(s) dict_keys(['example_branch_datetime_operator_2', 'example_branch_datetime_operator', 'example_branch_datetime_operator_3']) retrieved from /home/airflow/.local/lib/python3.8/site-packages/airflow/example_dags/example_branch_datetime_operator.py
[2023-12-19T10:08:53.142+0000] {logging_mixin.py:154} INFO - [2023-12-19T10:08:53.142+0000] {dag.py:2941} INFO - Sync 3 DAGs
[2023-12-19T10:08:53.202+0000] {logging_mixin.py:154} INFO - [2023-12-19T10:08:53.201+0000] {dag.py:3722} INFO - Setting next_dagrun for example_branch_datetime_operator to 2023-12-18T00:00:00+00:00, run_after=2023-12-19T00:00:00+00:00
[2023-12-19T10:08:53.211+0000] {logging_mixin.py:154} INFO - [2023-12-19T10:08:53.210+0000] {dag.py:3722} INFO - Setting next_dagrun for example_branch_datetime_operator_2 to 2023-12-18T00:00:00+00:00, run_after=2023-12-19T00:00:00+00:00
[2023-12-19T10:08:53.217+0000] {logging_mixin.py:154} INFO - [2023-12-19T10:08:53.217+0000] {dag.py:3722} INFO - Setting next_dagrun for example_branch_datetime_operator_3 to 2023-12-18T00:00:00+00:00, run_after=2023-12-19T00:00:00+00:00
[2023-12-19T10:08:53.247+0000] {processor.py:179} INFO - Processing /home/airflow/.local/lib/python3.8/site-packages/airflow/example_dags/example_branch_datetime_operator.py took 0.196 seconds
[2023-12-19T10:09:24.138+0000] {processor.py:157} INFO - Started process (PID=31396) to work on /home/airflow/.local/lib/python3.8/site-packages/airflow/example_dags/example_branch_datetime_operator.py
[2023-12-19T10:09:24.140+0000] {processor.py:829} INFO - Processing file /home/airflow/.local/lib/python3.8/site-packages/airflow/example_dags/example_branch_datetime_operator.py for tasks to queue
[2023-12-19T10:09:24.143+0000] {logging_mixin.py:154} INFO - [2023-12-19T10:09:24.142+0000] {dagbag.py:536} INFO - Filling up the DagBag from /home/airflow/.local/lib/python3.8/site-packages/airflow/example_dags/example_branch_datetime_operator.py
[2023-12-19T10:09:24.161+0000] {processor.py:839} INFO - DAG(s) dict_keys(['example_branch_datetime_operator_2', 'example_branch_datetime_operator_3', 'example_branch_datetime_operator']) retrieved from /home/airflow/.local/lib/python3.8/site-packages/airflow/example_dags/example_branch_datetime_operator.py
[2023-12-19T10:09:24.212+0000] {logging_mixin.py:154} INFO - [2023-12-19T10:09:24.212+0000] {dag.py:2941} INFO - Sync 3 DAGs
[2023-12-19T10:09:24.252+0000] {logging_mixin.py:154} INFO - [2023-12-19T10:09:24.252+0000] {dag.py:3722} INFO - Setting next_dagrun for example_branch_datetime_operator to 2023-12-18T00:00:00+00:00, run_after=2023-12-19T00:00:00+00:00
[2023-12-19T10:09:24.262+0000] {logging_mixin.py:154} INFO - [2023-12-19T10:09:24.262+0000] {dag.py:3722} INFO - Setting next_dagrun for example_branch_datetime_operator_2 to 2023-12-18T00:00:00+00:00, run_after=2023-12-19T00:00:00+00:00
[2023-12-19T10:09:24.267+0000] {logging_mixin.py:154} INFO - [2023-12-19T10:09:24.267+0000] {dag.py:3722} INFO - Setting next_dagrun for example_branch_datetime_operator_3 to 2023-12-18T00:00:00+00:00, run_after=2023-12-19T00:00:00+00:00
[2023-12-19T10:09:24.299+0000] {processor.py:179} INFO - Processing /home/airflow/.local/lib/python3.8/site-packages/airflow/example_dags/example_branch_datetime_operator.py took 0.167 seconds
[2023-12-19T10:09:54.903+0000] {processor.py:157} INFO - Started process (PID=31451) to work on /home/airflow/.local/lib/python3.8/site-packages/airflow/example_dags/example_branch_datetime_operator.py
[2023-12-19T10:09:54.905+0000] {processor.py:829} INFO - Processing file /home/airflow/.local/lib/python3.8/site-packages/airflow/example_dags/example_branch_datetime_operator.py for tasks to queue
[2023-12-19T10:09:54.907+0000] {logging_mixin.py:154} INFO - [2023-12-19T10:09:54.906+0000] {dagbag.py:536} INFO - Filling up the DagBag from /home/airflow/.local/lib/python3.8/site-packages/airflow/example_dags/example_branch_datetime_operator.py
[2023-12-19T10:09:54.933+0000] {processor.py:839} INFO - DAG(s) dict_keys(['example_branch_datetime_operator', 'example_branch_datetime_operator_3', 'example_branch_datetime_operator_2']) retrieved from /home/airflow/.local/lib/python3.8/site-packages/airflow/example_dags/example_branch_datetime_operator.py
[2023-12-19T10:09:54.987+0000] {logging_mixin.py:154} INFO - [2023-12-19T10:09:54.987+0000] {dag.py:2941} INFO - Sync 3 DAGs
[2023-12-19T10:09:55.035+0000] {logging_mixin.py:154} INFO - [2023-12-19T10:09:55.035+0000] {dag.py:3722} INFO - Setting next_dagrun for example_branch_datetime_operator to 2023-12-18T00:00:00+00:00, run_after=2023-12-19T00:00:00+00:00
[2023-12-19T10:09:55.045+0000] {logging_mixin.py:154} INFO - [2023-12-19T10:09:55.044+0000] {dag.py:3722} INFO - Setting next_dagrun for example_branch_datetime_operator_2 to 2023-12-18T00:00:00+00:00, run_after=2023-12-19T00:00:00+00:00
[2023-12-19T10:09:55.052+0000] {logging_mixin.py:154} INFO - [2023-12-19T10:09:55.052+0000] {dag.py:3722} INFO - Setting next_dagrun for example_branch_datetime_operator_3 to 2023-12-18T00:00:00+00:00, run_after=2023-12-19T00:00:00+00:00
[2023-12-19T10:09:55.091+0000] {processor.py:179} INFO - Processing /home/airflow/.local/lib/python3.8/site-packages/airflow/example_dags/example_branch_datetime_operator.py took 0.195 seconds
[2023-12-19T10:10:25.177+0000] {processor.py:157} INFO - Started process (PID=31507) to work on /home/airflow/.local/lib/python3.8/site-packages/airflow/example_dags/example_branch_datetime_operator.py
[2023-12-19T10:10:25.179+0000] {processor.py:829} INFO - Processing file /home/airflow/.local/lib/python3.8/site-packages/airflow/example_dags/example_branch_datetime_operator.py for tasks to queue
[2023-12-19T10:10:25.182+0000] {logging_mixin.py:154} INFO - [2023-12-19T10:10:25.181+0000] {dagbag.py:536} INFO - Filling up the DagBag from /home/airflow/.local/lib/python3.8/site-packages/airflow/example_dags/example_branch_datetime_operator.py
[2023-12-19T10:10:25.222+0000] {processor.py:839} INFO - DAG(s) dict_keys(['example_branch_datetime_operator_3', 'example_branch_datetime_operator', 'example_branch_datetime_operator_2']) retrieved from /home/airflow/.local/lib/python3.8/site-packages/airflow/example_dags/example_branch_datetime_operator.py
[2023-12-19T10:10:25.288+0000] {logging_mixin.py:154} INFO - [2023-12-19T10:10:25.288+0000] {dag.py:2941} INFO - Sync 3 DAGs
[2023-12-19T10:10:25.332+0000] {logging_mixin.py:154} INFO - [2023-12-19T10:10:25.332+0000] {dag.py:3722} INFO - Setting next_dagrun for example_branch_datetime_operator to 2023-12-18T00:00:00+00:00, run_after=2023-12-19T00:00:00+00:00
[2023-12-19T10:10:25.340+0000] {logging_mixin.py:154} INFO - [2023-12-19T10:10:25.340+0000] {dag.py:3722} INFO - Setting next_dagrun for example_branch_datetime_operator_2 to 2023-12-18T00:00:00+00:00, run_after=2023-12-19T00:00:00+00:00
[2023-12-19T10:10:25.347+0000] {logging_mixin.py:154} INFO - [2023-12-19T10:10:25.347+0000] {dag.py:3722} INFO - Setting next_dagrun for example_branch_datetime_operator_3 to 2023-12-18T00:00:00+00:00, run_after=2023-12-19T00:00:00+00:00
[2023-12-19T10:10:25.375+0000] {processor.py:179} INFO - Processing /home/airflow/.local/lib/python3.8/site-packages/airflow/example_dags/example_branch_datetime_operator.py took 0.206 seconds
[2023-12-19T10:10:55.550+0000] {processor.py:157} INFO - Started process (PID=31562) to work on /home/airflow/.local/lib/python3.8/site-packages/airflow/example_dags/example_branch_datetime_operator.py
[2023-12-19T10:10:55.553+0000] {processor.py:829} INFO - Processing file /home/airflow/.local/lib/python3.8/site-packages/airflow/example_dags/example_branch_datetime_operator.py for tasks to queue
[2023-12-19T10:10:55.554+0000] {logging_mixin.py:154} INFO - [2023-12-19T10:10:55.554+0000] {dagbag.py:536} INFO - Filling up the DagBag from /home/airflow/.local/lib/python3.8/site-packages/airflow/example_dags/example_branch_datetime_operator.py
[2023-12-19T10:10:55.576+0000] {processor.py:839} INFO - DAG(s) dict_keys(['example_branch_datetime_operator_2', 'example_branch_datetime_operator_3', 'example_branch_datetime_operator']) retrieved from /home/airflow/.local/lib/python3.8/site-packages/airflow/example_dags/example_branch_datetime_operator.py
[2023-12-19T10:10:55.630+0000] {logging_mixin.py:154} INFO - [2023-12-19T10:10:55.629+0000] {dag.py:2941} INFO - Sync 3 DAGs
[2023-12-19T10:10:55.671+0000] {logging_mixin.py:154} INFO - [2023-12-19T10:10:55.670+0000] {dag.py:3722} INFO - Setting next_dagrun for example_branch_datetime_operator to 2023-12-18T00:00:00+00:00, run_after=2023-12-19T00:00:00+00:00
[2023-12-19T10:10:55.679+0000] {logging_mixin.py:154} INFO - [2023-12-19T10:10:55.679+0000] {dag.py:3722} INFO - Setting next_dagrun for example_branch_datetime_operator_2 to 2023-12-18T00:00:00+00:00, run_after=2023-12-19T00:00:00+00:00
[2023-12-19T10:10:55.685+0000] {logging_mixin.py:154} INFO - [2023-12-19T10:10:55.685+0000] {dag.py:3722} INFO - Setting next_dagrun for example_branch_datetime_operator_3 to 2023-12-18T00:00:00+00:00, run_after=2023-12-19T00:00:00+00:00
[2023-12-19T10:10:55.720+0000] {processor.py:179} INFO - Processing /home/airflow/.local/lib/python3.8/site-packages/airflow/example_dags/example_branch_datetime_operator.py took 0.176 seconds
[2023-12-19T10:11:25.804+0000] {processor.py:157} INFO - Started process (PID=31616) to work on /home/airflow/.local/lib/python3.8/site-packages/airflow/example_dags/example_branch_datetime_operator.py
[2023-12-19T10:11:25.806+0000] {processor.py:829} INFO - Processing file /home/airflow/.local/lib/python3.8/site-packages/airflow/example_dags/example_branch_datetime_operator.py for tasks to queue
[2023-12-19T10:11:25.808+0000] {logging_mixin.py:154} INFO - [2023-12-19T10:11:25.808+0000] {dagbag.py:536} INFO - Filling up the DagBag from /home/airflow/.local/lib/python3.8/site-packages/airflow/example_dags/example_branch_datetime_operator.py
[2023-12-19T10:11:25.831+0000] {processor.py:839} INFO - DAG(s) dict_keys(['example_branch_datetime_operator_3', 'example_branch_datetime_operator_2', 'example_branch_datetime_operator']) retrieved from /home/airflow/.local/lib/python3.8/site-packages/airflow/example_dags/example_branch_datetime_operator.py
[2023-12-19T10:11:25.882+0000] {logging_mixin.py:154} INFO - [2023-12-19T10:11:25.882+0000] {dag.py:2941} INFO - Sync 3 DAGs
[2023-12-19T10:11:25.926+0000] {logging_mixin.py:154} INFO - [2023-12-19T10:11:25.926+0000] {dag.py:3722} INFO - Setting next_dagrun for example_branch_datetime_operator to 2023-12-18T00:00:00+00:00, run_after=2023-12-19T00:00:00+00:00
[2023-12-19T10:11:25.935+0000] {logging_mixin.py:154} INFO - [2023-12-19T10:11:25.935+0000] {dag.py:3722} INFO - Setting next_dagrun for example_branch_datetime_operator_2 to 2023-12-18T00:00:00+00:00, run_after=2023-12-19T00:00:00+00:00
[2023-12-19T10:11:25.941+0000] {logging_mixin.py:154} INFO - [2023-12-19T10:11:25.941+0000] {dag.py:3722} INFO - Setting next_dagrun for example_branch_datetime_operator_3 to 2023-12-18T00:00:00+00:00, run_after=2023-12-19T00:00:00+00:00
[2023-12-19T10:11:25.972+0000] {processor.py:179} INFO - Processing /home/airflow/.local/lib/python3.8/site-packages/airflow/example_dags/example_branch_datetime_operator.py took 0.175 seconds
[2023-12-19T10:11:56.033+0000] {processor.py:157} INFO - Started process (PID=31671) to work on /home/airflow/.local/lib/python3.8/site-packages/airflow/example_dags/example_branch_datetime_operator.py
[2023-12-19T10:11:56.036+0000] {processor.py:829} INFO - Processing file /home/airflow/.local/lib/python3.8/site-packages/airflow/example_dags/example_branch_datetime_operator.py for tasks to queue
[2023-12-19T10:11:56.038+0000] {logging_mixin.py:154} INFO - [2023-12-19T10:11:56.037+0000] {dagbag.py:536} INFO - Filling up the DagBag from /home/airflow/.local/lib/python3.8/site-packages/airflow/example_dags/example_branch_datetime_operator.py
[2023-12-19T10:11:56.058+0000] {processor.py:839} INFO - DAG(s) dict_keys(['example_branch_datetime_operator_3', 'example_branch_datetime_operator', 'example_branch_datetime_operator_2']) retrieved from /home/airflow/.local/lib/python3.8/site-packages/airflow/example_dags/example_branch_datetime_operator.py
[2023-12-19T10:11:56.112+0000] {logging_mixin.py:154} INFO - [2023-12-19T10:11:56.112+0000] {dag.py:2941} INFO - Sync 3 DAGs
[2023-12-19T10:11:56.154+0000] {logging_mixin.py:154} INFO - [2023-12-19T10:11:56.154+0000] {dag.py:3722} INFO - Setting next_dagrun for example_branch_datetime_operator to 2023-12-18T00:00:00+00:00, run_after=2023-12-19T00:00:00+00:00
[2023-12-19T10:11:56.163+0000] {logging_mixin.py:154} INFO - [2023-12-19T10:11:56.162+0000] {dag.py:3722} INFO - Setting next_dagrun for example_branch_datetime_operator_2 to 2023-12-18T00:00:00+00:00, run_after=2023-12-19T00:00:00+00:00
[2023-12-19T10:11:56.168+0000] {logging_mixin.py:154} INFO - [2023-12-19T10:11:56.168+0000] {dag.py:3722} INFO - Setting next_dagrun for example_branch_datetime_operator_3 to 2023-12-18T00:00:00+00:00, run_after=2023-12-19T00:00:00+00:00
[2023-12-19T10:11:56.202+0000] {processor.py:179} INFO - Processing /home/airflow/.local/lib/python3.8/site-packages/airflow/example_dags/example_branch_datetime_operator.py took 0.176 seconds
[2023-12-19T10:12:26.265+0000] {processor.py:157} INFO - Started process (PID=31726) to work on /home/airflow/.local/lib/python3.8/site-packages/airflow/example_dags/example_branch_datetime_operator.py
[2023-12-19T10:12:26.267+0000] {processor.py:829} INFO - Processing file /home/airflow/.local/lib/python3.8/site-packages/airflow/example_dags/example_branch_datetime_operator.py for tasks to queue
[2023-12-19T10:12:26.269+0000] {logging_mixin.py:154} INFO - [2023-12-19T10:12:26.269+0000] {dagbag.py:536} INFO - Filling up the DagBag from /home/airflow/.local/lib/python3.8/site-packages/airflow/example_dags/example_branch_datetime_operator.py
[2023-12-19T10:12:26.288+0000] {processor.py:839} INFO - DAG(s) dict_keys(['example_branch_datetime_operator_2', 'example_branch_datetime_operator', 'example_branch_datetime_operator_3']) retrieved from /home/airflow/.local/lib/python3.8/site-packages/airflow/example_dags/example_branch_datetime_operator.py
[2023-12-19T10:12:26.340+0000] {logging_mixin.py:154} INFO - [2023-12-19T10:12:26.340+0000] {dag.py:2941} INFO - Sync 3 DAGs
[2023-12-19T10:12:26.378+0000] {logging_mixin.py:154} INFO - [2023-12-19T10:12:26.378+0000] {dag.py:3722} INFO - Setting next_dagrun for example_branch_datetime_operator to 2023-12-18T00:00:00+00:00, run_after=2023-12-19T00:00:00+00:00
[2023-12-19T10:12:26.387+0000] {logging_mixin.py:154} INFO - [2023-12-19T10:12:26.387+0000] {dag.py:3722} INFO - Setting next_dagrun for example_branch_datetime_operator_2 to 2023-12-18T00:00:00+00:00, run_after=2023-12-19T00:00:00+00:00
[2023-12-19T10:12:26.392+0000] {logging_mixin.py:154} INFO - [2023-12-19T10:12:26.392+0000] {dag.py:3722} INFO - Setting next_dagrun for example_branch_datetime_operator_3 to 2023-12-18T00:00:00+00:00, run_after=2023-12-19T00:00:00+00:00
[2023-12-19T10:12:26.423+0000] {processor.py:179} INFO - Processing /home/airflow/.local/lib/python3.8/site-packages/airflow/example_dags/example_branch_datetime_operator.py took 0.165 seconds
[2023-12-19T10:12:56.512+0000] {processor.py:157} INFO - Started process (PID=31781) to work on /home/airflow/.local/lib/python3.8/site-packages/airflow/example_dags/example_branch_datetime_operator.py
[2023-12-19T10:12:56.514+0000] {processor.py:829} INFO - Processing file /home/airflow/.local/lib/python3.8/site-packages/airflow/example_dags/example_branch_datetime_operator.py for tasks to queue
[2023-12-19T10:12:56.516+0000] {logging_mixin.py:154} INFO - [2023-12-19T10:12:56.516+0000] {dagbag.py:536} INFO - Filling up the DagBag from /home/airflow/.local/lib/python3.8/site-packages/airflow/example_dags/example_branch_datetime_operator.py
[2023-12-19T10:12:56.536+0000] {processor.py:839} INFO - DAG(s) dict_keys(['example_branch_datetime_operator', 'example_branch_datetime_operator_2', 'example_branch_datetime_operator_3']) retrieved from /home/airflow/.local/lib/python3.8/site-packages/airflow/example_dags/example_branch_datetime_operator.py
[2023-12-19T10:12:56.590+0000] {logging_mixin.py:154} INFO - [2023-12-19T10:12:56.589+0000] {dag.py:2941} INFO - Sync 3 DAGs
[2023-12-19T10:12:56.641+0000] {logging_mixin.py:154} INFO - [2023-12-19T10:12:56.641+0000] {dag.py:3722} INFO - Setting next_dagrun for example_branch_datetime_operator to 2023-12-18T00:00:00+00:00, run_after=2023-12-19T00:00:00+00:00
[2023-12-19T10:12:56.655+0000] {logging_mixin.py:154} INFO - [2023-12-19T10:12:56.654+0000] {dag.py:3722} INFO - Setting next_dagrun for example_branch_datetime_operator_2 to 2023-12-18T00:00:00+00:00, run_after=2023-12-19T00:00:00+00:00
[2023-12-19T10:12:56.660+0000] {logging_mixin.py:154} INFO - [2023-12-19T10:12:56.660+0000] {dag.py:3722} INFO - Setting next_dagrun for example_branch_datetime_operator_3 to 2023-12-18T00:00:00+00:00, run_after=2023-12-19T00:00:00+00:00
[2023-12-19T10:12:56.692+0000] {processor.py:179} INFO - Processing /home/airflow/.local/lib/python3.8/site-packages/airflow/example_dags/example_branch_datetime_operator.py took 0.187 seconds
[2023-12-19T10:13:27.225+0000] {processor.py:157} INFO - Started process (PID=31836) to work on /home/airflow/.local/lib/python3.8/site-packages/airflow/example_dags/example_branch_datetime_operator.py
[2023-12-19T10:13:27.227+0000] {processor.py:829} INFO - Processing file /home/airflow/.local/lib/python3.8/site-packages/airflow/example_dags/example_branch_datetime_operator.py for tasks to queue
[2023-12-19T10:13:27.230+0000] {logging_mixin.py:154} INFO - [2023-12-19T10:13:27.229+0000] {dagbag.py:536} INFO - Filling up the DagBag from /home/airflow/.local/lib/python3.8/site-packages/airflow/example_dags/example_branch_datetime_operator.py
[2023-12-19T10:13:27.249+0000] {processor.py:839} INFO - DAG(s) dict_keys(['example_branch_datetime_operator', 'example_branch_datetime_operator_3', 'example_branch_datetime_operator_2']) retrieved from /home/airflow/.local/lib/python3.8/site-packages/airflow/example_dags/example_branch_datetime_operator.py
[2023-12-19T10:13:27.306+0000] {logging_mixin.py:154} INFO - [2023-12-19T10:13:27.306+0000] {dag.py:2941} INFO - Sync 3 DAGs
[2023-12-19T10:13:27.355+0000] {logging_mixin.py:154} INFO - [2023-12-19T10:13:27.355+0000] {dag.py:3722} INFO - Setting next_dagrun for example_branch_datetime_operator to 2023-12-18T00:00:00+00:00, run_after=2023-12-19T00:00:00+00:00
[2023-12-19T10:13:27.366+0000] {logging_mixin.py:154} INFO - [2023-12-19T10:13:27.365+0000] {dag.py:3722} INFO - Setting next_dagrun for example_branch_datetime_operator_2 to 2023-12-18T00:00:00+00:00, run_after=2023-12-19T00:00:00+00:00
[2023-12-19T10:13:27.373+0000] {logging_mixin.py:154} INFO - [2023-12-19T10:13:27.372+0000] {dag.py:3722} INFO - Setting next_dagrun for example_branch_datetime_operator_3 to 2023-12-18T00:00:00+00:00, run_after=2023-12-19T00:00:00+00:00
[2023-12-19T10:13:27.415+0000] {processor.py:179} INFO - Processing /home/airflow/.local/lib/python3.8/site-packages/airflow/example_dags/example_branch_datetime_operator.py took 0.198 seconds
[2023-12-19T10:13:57.926+0000] {processor.py:157} INFO - Started process (PID=31892) to work on /home/airflow/.local/lib/python3.8/site-packages/airflow/example_dags/example_branch_datetime_operator.py
[2023-12-19T10:13:57.929+0000] {processor.py:829} INFO - Processing file /home/airflow/.local/lib/python3.8/site-packages/airflow/example_dags/example_branch_datetime_operator.py for tasks to queue
[2023-12-19T10:13:57.931+0000] {logging_mixin.py:154} INFO - [2023-12-19T10:13:57.931+0000] {dagbag.py:536} INFO - Filling up the DagBag from /home/airflow/.local/lib/python3.8/site-packages/airflow/example_dags/example_branch_datetime_operator.py
[2023-12-19T10:13:57.950+0000] {processor.py:839} INFO - DAG(s) dict_keys(['example_branch_datetime_operator_2', 'example_branch_datetime_operator', 'example_branch_datetime_operator_3']) retrieved from /home/airflow/.local/lib/python3.8/site-packages/airflow/example_dags/example_branch_datetime_operator.py
[2023-12-19T10:13:58.001+0000] {logging_mixin.py:154} INFO - [2023-12-19T10:13:58.001+0000] {dag.py:2941} INFO - Sync 3 DAGs
[2023-12-19T10:13:58.040+0000] {logging_mixin.py:154} INFO - [2023-12-19T10:13:58.040+0000] {dag.py:3722} INFO - Setting next_dagrun for example_branch_datetime_operator to 2023-12-18T00:00:00+00:00, run_after=2023-12-19T00:00:00+00:00
[2023-12-19T10:13:58.049+0000] {logging_mixin.py:154} INFO - [2023-12-19T10:13:58.049+0000] {dag.py:3722} INFO - Setting next_dagrun for example_branch_datetime_operator_2 to 2023-12-18T00:00:00+00:00, run_after=2023-12-19T00:00:00+00:00
[2023-12-19T10:13:58.054+0000] {logging_mixin.py:154} INFO - [2023-12-19T10:13:58.054+0000] {dag.py:3722} INFO - Setting next_dagrun for example_branch_datetime_operator_3 to 2023-12-18T00:00:00+00:00, run_after=2023-12-19T00:00:00+00:00
[2023-12-19T10:13:58.082+0000] {processor.py:179} INFO - Processing /home/airflow/.local/lib/python3.8/site-packages/airflow/example_dags/example_branch_datetime_operator.py took 0.162 seconds
[2023-12-19T10:14:28.428+0000] {processor.py:157} INFO - Started process (PID=31947) to work on /home/airflow/.local/lib/python3.8/site-packages/airflow/example_dags/example_branch_datetime_operator.py
[2023-12-19T10:14:28.431+0000] {processor.py:829} INFO - Processing file /home/airflow/.local/lib/python3.8/site-packages/airflow/example_dags/example_branch_datetime_operator.py for tasks to queue
[2023-12-19T10:14:28.433+0000] {logging_mixin.py:154} INFO - [2023-12-19T10:14:28.433+0000] {dagbag.py:536} INFO - Filling up the DagBag from /home/airflow/.local/lib/python3.8/site-packages/airflow/example_dags/example_branch_datetime_operator.py
[2023-12-19T10:14:28.452+0000] {processor.py:839} INFO - DAG(s) dict_keys(['example_branch_datetime_operator_2', 'example_branch_datetime_operator', 'example_branch_datetime_operator_3']) retrieved from /home/airflow/.local/lib/python3.8/site-packages/airflow/example_dags/example_branch_datetime_operator.py
[2023-12-19T10:14:28.508+0000] {logging_mixin.py:154} INFO - [2023-12-19T10:14:28.508+0000] {dag.py:2941} INFO - Sync 3 DAGs
[2023-12-19T10:14:28.555+0000] {logging_mixin.py:154} INFO - [2023-12-19T10:14:28.555+0000] {dag.py:3722} INFO - Setting next_dagrun for example_branch_datetime_operator to 2023-12-18T00:00:00+00:00, run_after=2023-12-19T00:00:00+00:00
[2023-12-19T10:14:28.564+0000] {logging_mixin.py:154} INFO - [2023-12-19T10:14:28.564+0000] {dag.py:3722} INFO - Setting next_dagrun for example_branch_datetime_operator_2 to 2023-12-18T00:00:00+00:00, run_after=2023-12-19T00:00:00+00:00
[2023-12-19T10:14:28.569+0000] {logging_mixin.py:154} INFO - [2023-12-19T10:14:28.569+0000] {dag.py:3722} INFO - Setting next_dagrun for example_branch_datetime_operator_3 to 2023-12-18T00:00:00+00:00, run_after=2023-12-19T00:00:00+00:00
[2023-12-19T10:14:28.600+0000] {processor.py:179} INFO - Processing /home/airflow/.local/lib/python3.8/site-packages/airflow/example_dags/example_branch_datetime_operator.py took 0.178 seconds
[2023-12-19T10:14:59.756+0000] {processor.py:157} INFO - Started process (PID=32002) to work on /home/airflow/.local/lib/python3.8/site-packages/airflow/example_dags/example_branch_datetime_operator.py
[2023-12-19T10:14:59.759+0000] {processor.py:829} INFO - Processing file /home/airflow/.local/lib/python3.8/site-packages/airflow/example_dags/example_branch_datetime_operator.py for tasks to queue
[2023-12-19T10:14:59.762+0000] {logging_mixin.py:154} INFO - [2023-12-19T10:14:59.762+0000] {dagbag.py:536} INFO - Filling up the DagBag from /home/airflow/.local/lib/python3.8/site-packages/airflow/example_dags/example_branch_datetime_operator.py
[2023-12-19T10:14:59.785+0000] {processor.py:839} INFO - DAG(s) dict_keys(['example_branch_datetime_operator_3', 'example_branch_datetime_operator_2', 'example_branch_datetime_operator']) retrieved from /home/airflow/.local/lib/python3.8/site-packages/airflow/example_dags/example_branch_datetime_operator.py
[2023-12-19T10:14:59.856+0000] {logging_mixin.py:154} INFO - [2023-12-19T10:14:59.855+0000] {dag.py:2941} INFO - Sync 3 DAGs
[2023-12-19T10:14:59.899+0000] {logging_mixin.py:154} INFO - [2023-12-19T10:14:59.899+0000] {dag.py:3722} INFO - Setting next_dagrun for example_branch_datetime_operator to 2023-12-18T00:00:00+00:00, run_after=2023-12-19T00:00:00+00:00
[2023-12-19T10:14:59.908+0000] {logging_mixin.py:154} INFO - [2023-12-19T10:14:59.907+0000] {dag.py:3722} INFO - Setting next_dagrun for example_branch_datetime_operator_2 to 2023-12-18T00:00:00+00:00, run_after=2023-12-19T00:00:00+00:00
[2023-12-19T10:14:59.913+0000] {logging_mixin.py:154} INFO - [2023-12-19T10:14:59.913+0000] {dag.py:3722} INFO - Setting next_dagrun for example_branch_datetime_operator_3 to 2023-12-18T00:00:00+00:00, run_after=2023-12-19T00:00:00+00:00
[2023-12-19T10:14:59.950+0000] {processor.py:179} INFO - Processing /home/airflow/.local/lib/python3.8/site-packages/airflow/example_dags/example_branch_datetime_operator.py took 0.206 seconds
[2023-12-19T10:15:30.176+0000] {processor.py:157} INFO - Started process (PID=32058) to work on /home/airflow/.local/lib/python3.8/site-packages/airflow/example_dags/example_branch_datetime_operator.py
[2023-12-19T10:15:30.178+0000] {processor.py:829} INFO - Processing file /home/airflow/.local/lib/python3.8/site-packages/airflow/example_dags/example_branch_datetime_operator.py for tasks to queue
[2023-12-19T10:15:30.180+0000] {logging_mixin.py:154} INFO - [2023-12-19T10:15:30.179+0000] {dagbag.py:536} INFO - Filling up the DagBag from /home/airflow/.local/lib/python3.8/site-packages/airflow/example_dags/example_branch_datetime_operator.py
[2023-12-19T10:15:30.201+0000] {processor.py:839} INFO - DAG(s) dict_keys(['example_branch_datetime_operator_2', 'example_branch_datetime_operator', 'example_branch_datetime_operator_3']) retrieved from /home/airflow/.local/lib/python3.8/site-packages/airflow/example_dags/example_branch_datetime_operator.py
[2023-12-19T10:15:30.258+0000] {logging_mixin.py:154} INFO - [2023-12-19T10:15:30.258+0000] {dag.py:2941} INFO - Sync 3 DAGs
[2023-12-19T10:15:30.298+0000] {logging_mixin.py:154} INFO - [2023-12-19T10:15:30.298+0000] {dag.py:3722} INFO - Setting next_dagrun for example_branch_datetime_operator to 2023-12-18T00:00:00+00:00, run_after=2023-12-19T00:00:00+00:00
[2023-12-19T10:15:30.307+0000] {logging_mixin.py:154} INFO - [2023-12-19T10:15:30.307+0000] {dag.py:3722} INFO - Setting next_dagrun for example_branch_datetime_operator_2 to 2023-12-18T00:00:00+00:00, run_after=2023-12-19T00:00:00+00:00
[2023-12-19T10:15:30.312+0000] {logging_mixin.py:154} INFO - [2023-12-19T10:15:30.312+0000] {dag.py:3722} INFO - Setting next_dagrun for example_branch_datetime_operator_3 to 2023-12-18T00:00:00+00:00, run_after=2023-12-19T00:00:00+00:00
[2023-12-19T10:15:30.342+0000] {processor.py:179} INFO - Processing /home/airflow/.local/lib/python3.8/site-packages/airflow/example_dags/example_branch_datetime_operator.py took 0.173 seconds
[2023-12-19T10:16:01.101+0000] {processor.py:157} INFO - Started process (PID=32113) to work on /home/airflow/.local/lib/python3.8/site-packages/airflow/example_dags/example_branch_datetime_operator.py
[2023-12-19T10:16:01.105+0000] {processor.py:829} INFO - Processing file /home/airflow/.local/lib/python3.8/site-packages/airflow/example_dags/example_branch_datetime_operator.py for tasks to queue
[2023-12-19T10:16:01.108+0000] {logging_mixin.py:154} INFO - [2023-12-19T10:16:01.107+0000] {dagbag.py:536} INFO - Filling up the DagBag from /home/airflow/.local/lib/python3.8/site-packages/airflow/example_dags/example_branch_datetime_operator.py
[2023-12-19T10:16:01.138+0000] {processor.py:839} INFO - DAG(s) dict_keys(['example_branch_datetime_operator_2', 'example_branch_datetime_operator_3', 'example_branch_datetime_operator']) retrieved from /home/airflow/.local/lib/python3.8/site-packages/airflow/example_dags/example_branch_datetime_operator.py
[2023-12-19T10:16:01.225+0000] {logging_mixin.py:154} INFO - [2023-12-19T10:16:01.225+0000] {dag.py:2941} INFO - Sync 3 DAGs
[2023-12-19T10:16:01.270+0000] {logging_mixin.py:154} INFO - [2023-12-19T10:16:01.269+0000] {dag.py:3722} INFO - Setting next_dagrun for example_branch_datetime_operator to 2023-12-18T00:00:00+00:00, run_after=2023-12-19T00:00:00+00:00
[2023-12-19T10:16:01.282+0000] {logging_mixin.py:154} INFO - [2023-12-19T10:16:01.281+0000] {dag.py:3722} INFO - Setting next_dagrun for example_branch_datetime_operator_2 to 2023-12-18T00:00:00+00:00, run_after=2023-12-19T00:00:00+00:00
[2023-12-19T10:16:01.287+0000] {logging_mixin.py:154} INFO - [2023-12-19T10:16:01.286+0000] {dag.py:3722} INFO - Setting next_dagrun for example_branch_datetime_operator_3 to 2023-12-18T00:00:00+00:00, run_after=2023-12-19T00:00:00+00:00
[2023-12-19T10:16:01.317+0000] {processor.py:179} INFO - Processing /home/airflow/.local/lib/python3.8/site-packages/airflow/example_dags/example_branch_datetime_operator.py took 0.226 seconds
[2023-12-19T10:16:31.659+0000] {processor.py:157} INFO - Started process (PID=32168) to work on /home/airflow/.local/lib/python3.8/site-packages/airflow/example_dags/example_branch_datetime_operator.py
[2023-12-19T10:16:31.661+0000] {processor.py:829} INFO - Processing file /home/airflow/.local/lib/python3.8/site-packages/airflow/example_dags/example_branch_datetime_operator.py for tasks to queue
[2023-12-19T10:16:31.663+0000] {logging_mixin.py:154} INFO - [2023-12-19T10:16:31.663+0000] {dagbag.py:536} INFO - Filling up the DagBag from /home/airflow/.local/lib/python3.8/site-packages/airflow/example_dags/example_branch_datetime_operator.py
[2023-12-19T10:16:31.681+0000] {processor.py:839} INFO - DAG(s) dict_keys(['example_branch_datetime_operator_3', 'example_branch_datetime_operator', 'example_branch_datetime_operator_2']) retrieved from /home/airflow/.local/lib/python3.8/site-packages/airflow/example_dags/example_branch_datetime_operator.py
[2023-12-19T10:16:31.739+0000] {logging_mixin.py:154} INFO - [2023-12-19T10:16:31.739+0000] {dag.py:2941} INFO - Sync 3 DAGs
[2023-12-19T10:16:31.781+0000] {logging_mixin.py:154} INFO - [2023-12-19T10:16:31.781+0000] {dag.py:3722} INFO - Setting next_dagrun for example_branch_datetime_operator to 2023-12-18T00:00:00+00:00, run_after=2023-12-19T00:00:00+00:00
[2023-12-19T10:16:31.790+0000] {logging_mixin.py:154} INFO - [2023-12-19T10:16:31.790+0000] {dag.py:3722} INFO - Setting next_dagrun for example_branch_datetime_operator_2 to 2023-12-18T00:00:00+00:00, run_after=2023-12-19T00:00:00+00:00
[2023-12-19T10:16:31.796+0000] {logging_mixin.py:154} INFO - [2023-12-19T10:16:31.796+0000] {dag.py:3722} INFO - Setting next_dagrun for example_branch_datetime_operator_3 to 2023-12-18T00:00:00+00:00, run_after=2023-12-19T00:00:00+00:00
[2023-12-19T10:16:31.827+0000] {processor.py:179} INFO - Processing /home/airflow/.local/lib/python3.8/site-packages/airflow/example_dags/example_branch_datetime_operator.py took 0.175 seconds
[2023-12-19T10:17:02.591+0000] {processor.py:157} INFO - Started process (PID=32223) to work on /home/airflow/.local/lib/python3.8/site-packages/airflow/example_dags/example_branch_datetime_operator.py
[2023-12-19T10:17:02.595+0000] {processor.py:829} INFO - Processing file /home/airflow/.local/lib/python3.8/site-packages/airflow/example_dags/example_branch_datetime_operator.py for tasks to queue
[2023-12-19T10:17:02.598+0000] {logging_mixin.py:154} INFO - [2023-12-19T10:17:02.597+0000] {dagbag.py:536} INFO - Filling up the DagBag from /home/airflow/.local/lib/python3.8/site-packages/airflow/example_dags/example_branch_datetime_operator.py
[2023-12-19T10:17:02.618+0000] {processor.py:839} INFO - DAG(s) dict_keys(['example_branch_datetime_operator', 'example_branch_datetime_operator_3', 'example_branch_datetime_operator_2']) retrieved from /home/airflow/.local/lib/python3.8/site-packages/airflow/example_dags/example_branch_datetime_operator.py
[2023-12-19T10:17:02.665+0000] {logging_mixin.py:154} INFO - [2023-12-19T10:17:02.664+0000] {dag.py:2941} INFO - Sync 3 DAGs
[2023-12-19T10:17:02.703+0000] {logging_mixin.py:154} INFO - [2023-12-19T10:17:02.703+0000] {dag.py:3722} INFO - Setting next_dagrun for example_branch_datetime_operator to 2023-12-18T00:00:00+00:00, run_after=2023-12-19T00:00:00+00:00
[2023-12-19T10:17:02.712+0000] {logging_mixin.py:154} INFO - [2023-12-19T10:17:02.711+0000] {dag.py:3722} INFO - Setting next_dagrun for example_branch_datetime_operator_2 to 2023-12-18T00:00:00+00:00, run_after=2023-12-19T00:00:00+00:00
[2023-12-19T10:17:02.717+0000] {logging_mixin.py:154} INFO - [2023-12-19T10:17:02.717+0000] {dag.py:3722} INFO - Setting next_dagrun for example_branch_datetime_operator_3 to 2023-12-18T00:00:00+00:00, run_after=2023-12-19T00:00:00+00:00
[2023-12-19T10:17:02.754+0000] {processor.py:179} INFO - Processing /home/airflow/.local/lib/python3.8/site-packages/airflow/example_dags/example_branch_datetime_operator.py took 0.169 seconds
[2023-12-19T10:17:34.006+0000] {processor.py:157} INFO - Started process (PID=32278) to work on /home/airflow/.local/lib/python3.8/site-packages/airflow/example_dags/example_branch_datetime_operator.py
[2023-12-19T10:17:34.009+0000] {processor.py:829} INFO - Processing file /home/airflow/.local/lib/python3.8/site-packages/airflow/example_dags/example_branch_datetime_operator.py for tasks to queue
[2023-12-19T10:17:34.011+0000] {logging_mixin.py:154} INFO - [2023-12-19T10:17:34.010+0000] {dagbag.py:536} INFO - Filling up the DagBag from /home/airflow/.local/lib/python3.8/site-packages/airflow/example_dags/example_branch_datetime_operator.py
[2023-12-19T10:17:34.028+0000] {processor.py:839} INFO - DAG(s) dict_keys(['example_branch_datetime_operator_3', 'example_branch_datetime_operator', 'example_branch_datetime_operator_2']) retrieved from /home/airflow/.local/lib/python3.8/site-packages/airflow/example_dags/example_branch_datetime_operator.py
[2023-12-19T10:17:34.114+0000] {logging_mixin.py:154} INFO - [2023-12-19T10:17:34.113+0000] {dag.py:2941} INFO - Sync 3 DAGs
[2023-12-19T10:17:34.154+0000] {logging_mixin.py:154} INFO - [2023-12-19T10:17:34.154+0000] {dag.py:3722} INFO - Setting next_dagrun for example_branch_datetime_operator to 2023-12-18T00:00:00+00:00, run_after=2023-12-19T00:00:00+00:00
[2023-12-19T10:17:34.162+0000] {logging_mixin.py:154} INFO - [2023-12-19T10:17:34.162+0000] {dag.py:3722} INFO - Setting next_dagrun for example_branch_datetime_operator_2 to 2023-12-18T00:00:00+00:00, run_after=2023-12-19T00:00:00+00:00
[2023-12-19T10:17:34.174+0000] {logging_mixin.py:154} INFO - [2023-12-19T10:17:34.173+0000] {dag.py:3722} INFO - Setting next_dagrun for example_branch_datetime_operator_3 to 2023-12-18T00:00:00+00:00, run_after=2023-12-19T00:00:00+00:00
[2023-12-19T10:17:34.208+0000] {processor.py:179} INFO - Processing /home/airflow/.local/lib/python3.8/site-packages/airflow/example_dags/example_branch_datetime_operator.py took 0.208 seconds
[2023-12-19T10:18:05.244+0000] {processor.py:157} INFO - Started process (PID=32340) to work on /home/airflow/.local/lib/python3.8/site-packages/airflow/example_dags/example_branch_datetime_operator.py
[2023-12-19T10:18:05.246+0000] {processor.py:829} INFO - Processing file /home/airflow/.local/lib/python3.8/site-packages/airflow/example_dags/example_branch_datetime_operator.py for tasks to queue
[2023-12-19T10:18:05.250+0000] {logging_mixin.py:154} INFO - [2023-12-19T10:18:05.250+0000] {dagbag.py:536} INFO - Filling up the DagBag from /home/airflow/.local/lib/python3.8/site-packages/airflow/example_dags/example_branch_datetime_operator.py
[2023-12-19T10:18:05.270+0000] {processor.py:839} INFO - DAG(s) dict_keys(['example_branch_datetime_operator_2', 'example_branch_datetime_operator', 'example_branch_datetime_operator_3']) retrieved from /home/airflow/.local/lib/python3.8/site-packages/airflow/example_dags/example_branch_datetime_operator.py
[2023-12-19T10:18:05.325+0000] {logging_mixin.py:154} INFO - [2023-12-19T10:18:05.325+0000] {dag.py:2941} INFO - Sync 3 DAGs
[2023-12-19T10:18:05.366+0000] {logging_mixin.py:154} INFO - [2023-12-19T10:18:05.365+0000] {dag.py:3722} INFO - Setting next_dagrun for example_branch_datetime_operator to 2023-12-18T00:00:00+00:00, run_after=2023-12-19T00:00:00+00:00
[2023-12-19T10:18:05.375+0000] {logging_mixin.py:154} INFO - [2023-12-19T10:18:05.374+0000] {dag.py:3722} INFO - Setting next_dagrun for example_branch_datetime_operator_2 to 2023-12-18T00:00:00+00:00, run_after=2023-12-19T00:00:00+00:00
[2023-12-19T10:18:05.379+0000] {logging_mixin.py:154} INFO - [2023-12-19T10:18:05.379+0000] {dag.py:3722} INFO - Setting next_dagrun for example_branch_datetime_operator_3 to 2023-12-18T00:00:00+00:00, run_after=2023-12-19T00:00:00+00:00
[2023-12-19T10:18:05.413+0000] {processor.py:179} INFO - Processing /home/airflow/.local/lib/python3.8/site-packages/airflow/example_dags/example_branch_datetime_operator.py took 0.175 seconds
[2023-12-19T10:18:35.568+0000] {processor.py:157} INFO - Started process (PID=32395) to work on /home/airflow/.local/lib/python3.8/site-packages/airflow/example_dags/example_branch_datetime_operator.py
[2023-12-19T10:18:35.570+0000] {processor.py:829} INFO - Processing file /home/airflow/.local/lib/python3.8/site-packages/airflow/example_dags/example_branch_datetime_operator.py for tasks to queue
[2023-12-19T10:18:35.572+0000] {logging_mixin.py:154} INFO - [2023-12-19T10:18:35.572+0000] {dagbag.py:536} INFO - Filling up the DagBag from /home/airflow/.local/lib/python3.8/site-packages/airflow/example_dags/example_branch_datetime_operator.py
[2023-12-19T10:18:35.591+0000] {processor.py:839} INFO - DAG(s) dict_keys(['example_branch_datetime_operator_3', 'example_branch_datetime_operator_2', 'example_branch_datetime_operator']) retrieved from /home/airflow/.local/lib/python3.8/site-packages/airflow/example_dags/example_branch_datetime_operator.py
[2023-12-19T10:18:35.641+0000] {logging_mixin.py:154} INFO - [2023-12-19T10:18:35.640+0000] {dag.py:2941} INFO - Sync 3 DAGs
[2023-12-19T10:18:35.679+0000] {logging_mixin.py:154} INFO - [2023-12-19T10:18:35.679+0000] {dag.py:3722} INFO - Setting next_dagrun for example_branch_datetime_operator to 2023-12-18T00:00:00+00:00, run_after=2023-12-19T00:00:00+00:00
[2023-12-19T10:18:35.692+0000] {logging_mixin.py:154} INFO - [2023-12-19T10:18:35.692+0000] {dag.py:3722} INFO - Setting next_dagrun for example_branch_datetime_operator_2 to 2023-12-18T00:00:00+00:00, run_after=2023-12-19T00:00:00+00:00
[2023-12-19T10:18:35.700+0000] {logging_mixin.py:154} INFO - [2023-12-19T10:18:35.700+0000] {dag.py:3722} INFO - Setting next_dagrun for example_branch_datetime_operator_3 to 2023-12-18T00:00:00+00:00, run_after=2023-12-19T00:00:00+00:00
[2023-12-19T10:18:35.732+0000] {processor.py:179} INFO - Processing /home/airflow/.local/lib/python3.8/site-packages/airflow/example_dags/example_branch_datetime_operator.py took 0.170 seconds
[2023-12-19T10:19:06.200+0000] {processor.py:157} INFO - Started process (PID=32451) to work on /home/airflow/.local/lib/python3.8/site-packages/airflow/example_dags/example_branch_datetime_operator.py
[2023-12-19T10:19:06.203+0000] {processor.py:829} INFO - Processing file /home/airflow/.local/lib/python3.8/site-packages/airflow/example_dags/example_branch_datetime_operator.py for tasks to queue
[2023-12-19T10:19:06.206+0000] {logging_mixin.py:154} INFO - [2023-12-19T10:19:06.205+0000] {dagbag.py:536} INFO - Filling up the DagBag from /home/airflow/.local/lib/python3.8/site-packages/airflow/example_dags/example_branch_datetime_operator.py
[2023-12-19T10:19:06.230+0000] {processor.py:839} INFO - DAG(s) dict_keys(['example_branch_datetime_operator_3', 'example_branch_datetime_operator', 'example_branch_datetime_operator_2']) retrieved from /home/airflow/.local/lib/python3.8/site-packages/airflow/example_dags/example_branch_datetime_operator.py
[2023-12-19T10:19:06.280+0000] {logging_mixin.py:154} INFO - [2023-12-19T10:19:06.279+0000] {dag.py:2941} INFO - Sync 3 DAGs
[2023-12-19T10:19:06.319+0000] {logging_mixin.py:154} INFO - [2023-12-19T10:19:06.319+0000] {dag.py:3722} INFO - Setting next_dagrun for example_branch_datetime_operator to 2023-12-18T00:00:00+00:00, run_after=2023-12-19T00:00:00+00:00
[2023-12-19T10:19:06.328+0000] {logging_mixin.py:154} INFO - [2023-12-19T10:19:06.327+0000] {dag.py:3722} INFO - Setting next_dagrun for example_branch_datetime_operator_2 to 2023-12-18T00:00:00+00:00, run_after=2023-12-19T00:00:00+00:00
[2023-12-19T10:19:06.333+0000] {logging_mixin.py:154} INFO - [2023-12-19T10:19:06.332+0000] {dag.py:3722} INFO - Setting next_dagrun for example_branch_datetime_operator_3 to 2023-12-18T00:00:00+00:00, run_after=2023-12-19T00:00:00+00:00
[2023-12-19T10:19:06.372+0000] {processor.py:179} INFO - Processing /home/airflow/.local/lib/python3.8/site-packages/airflow/example_dags/example_branch_datetime_operator.py took 0.186 seconds
[2023-12-19T10:19:37.049+0000] {processor.py:157} INFO - Started process (PID=32506) to work on /home/airflow/.local/lib/python3.8/site-packages/airflow/example_dags/example_branch_datetime_operator.py
[2023-12-19T10:19:37.051+0000] {processor.py:829} INFO - Processing file /home/airflow/.local/lib/python3.8/site-packages/airflow/example_dags/example_branch_datetime_operator.py for tasks to queue
[2023-12-19T10:19:37.053+0000] {logging_mixin.py:154} INFO - [2023-12-19T10:19:37.053+0000] {dagbag.py:536} INFO - Filling up the DagBag from /home/airflow/.local/lib/python3.8/site-packages/airflow/example_dags/example_branch_datetime_operator.py
[2023-12-19T10:19:37.071+0000] {processor.py:839} INFO - DAG(s) dict_keys(['example_branch_datetime_operator_3', 'example_branch_datetime_operator', 'example_branch_datetime_operator_2']) retrieved from /home/airflow/.local/lib/python3.8/site-packages/airflow/example_dags/example_branch_datetime_operator.py
[2023-12-19T10:19:37.125+0000] {logging_mixin.py:154} INFO - [2023-12-19T10:19:37.125+0000] {dag.py:2941} INFO - Sync 3 DAGs
[2023-12-19T10:19:37.167+0000] {logging_mixin.py:154} INFO - [2023-12-19T10:19:37.167+0000] {dag.py:3722} INFO - Setting next_dagrun for example_branch_datetime_operator to 2023-12-18T00:00:00+00:00, run_after=2023-12-19T00:00:00+00:00
[2023-12-19T10:19:37.175+0000] {logging_mixin.py:154} INFO - [2023-12-19T10:19:37.175+0000] {dag.py:3722} INFO - Setting next_dagrun for example_branch_datetime_operator_2 to 2023-12-18T00:00:00+00:00, run_after=2023-12-19T00:00:00+00:00
[2023-12-19T10:19:37.180+0000] {logging_mixin.py:154} INFO - [2023-12-19T10:19:37.180+0000] {dag.py:3722} INFO - Setting next_dagrun for example_branch_datetime_operator_3 to 2023-12-18T00:00:00+00:00, run_after=2023-12-19T00:00:00+00:00
[2023-12-19T10:19:37.210+0000] {processor.py:179} INFO - Processing /home/airflow/.local/lib/python3.8/site-packages/airflow/example_dags/example_branch_datetime_operator.py took 0.168 seconds
[2023-12-19T10:20:07.774+0000] {processor.py:157} INFO - Started process (PID=32562) to work on /home/airflow/.local/lib/python3.8/site-packages/airflow/example_dags/example_branch_datetime_operator.py
[2023-12-19T10:20:07.776+0000] {processor.py:829} INFO - Processing file /home/airflow/.local/lib/python3.8/site-packages/airflow/example_dags/example_branch_datetime_operator.py for tasks to queue
[2023-12-19T10:20:07.778+0000] {logging_mixin.py:154} INFO - [2023-12-19T10:20:07.778+0000] {dagbag.py:536} INFO - Filling up the DagBag from /home/airflow/.local/lib/python3.8/site-packages/airflow/example_dags/example_branch_datetime_operator.py
[2023-12-19T10:20:07.798+0000] {processor.py:839} INFO - DAG(s) dict_keys(['example_branch_datetime_operator_2', 'example_branch_datetime_operator', 'example_branch_datetime_operator_3']) retrieved from /home/airflow/.local/lib/python3.8/site-packages/airflow/example_dags/example_branch_datetime_operator.py
[2023-12-19T10:20:07.854+0000] {logging_mixin.py:154} INFO - [2023-12-19T10:20:07.854+0000] {dag.py:2941} INFO - Sync 3 DAGs
[2023-12-19T10:20:07.902+0000] {logging_mixin.py:154} INFO - [2023-12-19T10:20:07.902+0000] {dag.py:3722} INFO - Setting next_dagrun for example_branch_datetime_operator to 2023-12-18T00:00:00+00:00, run_after=2023-12-19T00:00:00+00:00
[2023-12-19T10:20:07.911+0000] {logging_mixin.py:154} INFO - [2023-12-19T10:20:07.910+0000] {dag.py:3722} INFO - Setting next_dagrun for example_branch_datetime_operator_2 to 2023-12-18T00:00:00+00:00, run_after=2023-12-19T00:00:00+00:00
[2023-12-19T10:20:07.916+0000] {logging_mixin.py:154} INFO - [2023-12-19T10:20:07.916+0000] {dag.py:3722} INFO - Setting next_dagrun for example_branch_datetime_operator_3 to 2023-12-18T00:00:00+00:00, run_after=2023-12-19T00:00:00+00:00
[2023-12-19T10:20:07.946+0000] {processor.py:179} INFO - Processing /home/airflow/.local/lib/python3.8/site-packages/airflow/example_dags/example_branch_datetime_operator.py took 0.179 seconds
[2023-12-19T10:20:38.094+0000] {processor.py:157} INFO - Started process (PID=32618) to work on /home/airflow/.local/lib/python3.8/site-packages/airflow/example_dags/example_branch_datetime_operator.py
[2023-12-19T10:20:38.097+0000] {processor.py:829} INFO - Processing file /home/airflow/.local/lib/python3.8/site-packages/airflow/example_dags/example_branch_datetime_operator.py for tasks to queue
[2023-12-19T10:20:38.099+0000] {logging_mixin.py:154} INFO - [2023-12-19T10:20:38.099+0000] {dagbag.py:536} INFO - Filling up the DagBag from /home/airflow/.local/lib/python3.8/site-packages/airflow/example_dags/example_branch_datetime_operator.py
[2023-12-19T10:20:38.117+0000] {processor.py:839} INFO - DAG(s) dict_keys(['example_branch_datetime_operator', 'example_branch_datetime_operator_2', 'example_branch_datetime_operator_3']) retrieved from /home/airflow/.local/lib/python3.8/site-packages/airflow/example_dags/example_branch_datetime_operator.py
[2023-12-19T10:20:38.168+0000] {logging_mixin.py:154} INFO - [2023-12-19T10:20:38.168+0000] {dag.py:2941} INFO - Sync 3 DAGs
[2023-12-19T10:20:38.212+0000] {logging_mixin.py:154} INFO - [2023-12-19T10:20:38.212+0000] {dag.py:3722} INFO - Setting next_dagrun for example_branch_datetime_operator to 2023-12-18T00:00:00+00:00, run_after=2023-12-19T00:00:00+00:00
[2023-12-19T10:20:38.221+0000] {logging_mixin.py:154} INFO - [2023-12-19T10:20:38.221+0000] {dag.py:3722} INFO - Setting next_dagrun for example_branch_datetime_operator_2 to 2023-12-18T00:00:00+00:00, run_after=2023-12-19T00:00:00+00:00
[2023-12-19T10:20:38.226+0000] {logging_mixin.py:154} INFO - [2023-12-19T10:20:38.226+0000] {dag.py:3722} INFO - Setting next_dagrun for example_branch_datetime_operator_3 to 2023-12-18T00:00:00+00:00, run_after=2023-12-19T00:00:00+00:00
[2023-12-19T10:20:38.256+0000] {processor.py:179} INFO - Processing /home/airflow/.local/lib/python3.8/site-packages/airflow/example_dags/example_branch_datetime_operator.py took 0.168 seconds
[2023-12-19T10:21:09.146+0000] {processor.py:157} INFO - Started process (PID=32673) to work on /home/airflow/.local/lib/python3.8/site-packages/airflow/example_dags/example_branch_datetime_operator.py
[2023-12-19T10:21:09.148+0000] {processor.py:829} INFO - Processing file /home/airflow/.local/lib/python3.8/site-packages/airflow/example_dags/example_branch_datetime_operator.py for tasks to queue
[2023-12-19T10:21:09.151+0000] {logging_mixin.py:154} INFO - [2023-12-19T10:21:09.151+0000] {dagbag.py:536} INFO - Filling up the DagBag from /home/airflow/.local/lib/python3.8/site-packages/airflow/example_dags/example_branch_datetime_operator.py
[2023-12-19T10:21:09.169+0000] {processor.py:839} INFO - DAG(s) dict_keys(['example_branch_datetime_operator_2', 'example_branch_datetime_operator_3', 'example_branch_datetime_operator']) retrieved from /home/airflow/.local/lib/python3.8/site-packages/airflow/example_dags/example_branch_datetime_operator.py
[2023-12-19T10:21:09.223+0000] {logging_mixin.py:154} INFO - [2023-12-19T10:21:09.223+0000] {dag.py:2941} INFO - Sync 3 DAGs
[2023-12-19T10:21:09.265+0000] {logging_mixin.py:154} INFO - [2023-12-19T10:21:09.264+0000] {dag.py:3722} INFO - Setting next_dagrun for example_branch_datetime_operator to 2023-12-18T00:00:00+00:00, run_after=2023-12-19T00:00:00+00:00
[2023-12-19T10:21:09.274+0000] {logging_mixin.py:154} INFO - [2023-12-19T10:21:09.274+0000] {dag.py:3722} INFO - Setting next_dagrun for example_branch_datetime_operator_2 to 2023-12-18T00:00:00+00:00, run_after=2023-12-19T00:00:00+00:00
[2023-12-19T10:21:09.279+0000] {logging_mixin.py:154} INFO - [2023-12-19T10:21:09.279+0000] {dag.py:3722} INFO - Setting next_dagrun for example_branch_datetime_operator_3 to 2023-12-18T00:00:00+00:00, run_after=2023-12-19T00:00:00+00:00
[2023-12-19T10:21:09.310+0000] {processor.py:179} INFO - Processing /home/airflow/.local/lib/python3.8/site-packages/airflow/example_dags/example_branch_datetime_operator.py took 0.171 seconds
[2023-12-19T10:21:39.636+0000] {processor.py:157} INFO - Started process (PID=32728) to work on /home/airflow/.local/lib/python3.8/site-packages/airflow/example_dags/example_branch_datetime_operator.py
[2023-12-19T10:21:39.638+0000] {processor.py:829} INFO - Processing file /home/airflow/.local/lib/python3.8/site-packages/airflow/example_dags/example_branch_datetime_operator.py for tasks to queue
[2023-12-19T10:21:39.641+0000] {logging_mixin.py:154} INFO - [2023-12-19T10:21:39.640+0000] {dagbag.py:536} INFO - Filling up the DagBag from /home/airflow/.local/lib/python3.8/site-packages/airflow/example_dags/example_branch_datetime_operator.py
[2023-12-19T10:21:39.664+0000] {processor.py:839} INFO - DAG(s) dict_keys(['example_branch_datetime_operator_3', 'example_branch_datetime_operator', 'example_branch_datetime_operator_2']) retrieved from /home/airflow/.local/lib/python3.8/site-packages/airflow/example_dags/example_branch_datetime_operator.py
[2023-12-19T10:21:39.718+0000] {logging_mixin.py:154} INFO - [2023-12-19T10:21:39.717+0000] {dag.py:2941} INFO - Sync 3 DAGs
[2023-12-19T10:21:39.761+0000] {logging_mixin.py:154} INFO - [2023-12-19T10:21:39.760+0000] {dag.py:3722} INFO - Setting next_dagrun for example_branch_datetime_operator to 2023-12-18T00:00:00+00:00, run_after=2023-12-19T00:00:00+00:00
[2023-12-19T10:21:39.770+0000] {logging_mixin.py:154} INFO - [2023-12-19T10:21:39.770+0000] {dag.py:3722} INFO - Setting next_dagrun for example_branch_datetime_operator_2 to 2023-12-18T00:00:00+00:00, run_after=2023-12-19T00:00:00+00:00
[2023-12-19T10:21:39.776+0000] {logging_mixin.py:154} INFO - [2023-12-19T10:21:39.776+0000] {dag.py:3722} INFO - Setting next_dagrun for example_branch_datetime_operator_3 to 2023-12-18T00:00:00+00:00, run_after=2023-12-19T00:00:00+00:00
[2023-12-19T10:21:39.813+0000] {processor.py:179} INFO - Processing /home/airflow/.local/lib/python3.8/site-packages/airflow/example_dags/example_branch_datetime_operator.py took 0.184 seconds
[2023-12-19T10:22:10.261+0000] {processor.py:157} INFO - Started process (PID=32783) to work on /home/airflow/.local/lib/python3.8/site-packages/airflow/example_dags/example_branch_datetime_operator.py
[2023-12-19T10:22:10.263+0000] {processor.py:829} INFO - Processing file /home/airflow/.local/lib/python3.8/site-packages/airflow/example_dags/example_branch_datetime_operator.py for tasks to queue
[2023-12-19T10:22:10.265+0000] {logging_mixin.py:154} INFO - [2023-12-19T10:22:10.265+0000] {dagbag.py:536} INFO - Filling up the DagBag from /home/airflow/.local/lib/python3.8/site-packages/airflow/example_dags/example_branch_datetime_operator.py
[2023-12-19T10:22:10.288+0000] {processor.py:839} INFO - DAG(s) dict_keys(['example_branch_datetime_operator_2', 'example_branch_datetime_operator_3', 'example_branch_datetime_operator']) retrieved from /home/airflow/.local/lib/python3.8/site-packages/airflow/example_dags/example_branch_datetime_operator.py
[2023-12-19T10:22:10.345+0000] {logging_mixin.py:154} INFO - [2023-12-19T10:22:10.345+0000] {dag.py:2941} INFO - Sync 3 DAGs
[2023-12-19T10:22:10.386+0000] {logging_mixin.py:154} INFO - [2023-12-19T10:22:10.386+0000] {dag.py:3722} INFO - Setting next_dagrun for example_branch_datetime_operator to 2023-12-18T00:00:00+00:00, run_after=2023-12-19T00:00:00+00:00
[2023-12-19T10:22:10.396+0000] {logging_mixin.py:154} INFO - [2023-12-19T10:22:10.396+0000] {dag.py:3722} INFO - Setting next_dagrun for example_branch_datetime_operator_2 to 2023-12-18T00:00:00+00:00, run_after=2023-12-19T00:00:00+00:00
[2023-12-19T10:22:10.401+0000] {logging_mixin.py:154} INFO - [2023-12-19T10:22:10.401+0000] {dag.py:3722} INFO - Setting next_dagrun for example_branch_datetime_operator_3 to 2023-12-18T00:00:00+00:00, run_after=2023-12-19T00:00:00+00:00
[2023-12-19T10:22:10.451+0000] {processor.py:179} INFO - Processing /home/airflow/.local/lib/python3.8/site-packages/airflow/example_dags/example_branch_datetime_operator.py took 0.196 seconds
[2023-12-19T10:22:41.420+0000] {processor.py:157} INFO - Started process (PID=32838) to work on /home/airflow/.local/lib/python3.8/site-packages/airflow/example_dags/example_branch_datetime_operator.py
[2023-12-19T10:22:41.423+0000] {processor.py:829} INFO - Processing file /home/airflow/.local/lib/python3.8/site-packages/airflow/example_dags/example_branch_datetime_operator.py for tasks to queue
[2023-12-19T10:22:41.426+0000] {logging_mixin.py:154} INFO - [2023-12-19T10:22:41.426+0000] {dagbag.py:536} INFO - Filling up the DagBag from /home/airflow/.local/lib/python3.8/site-packages/airflow/example_dags/example_branch_datetime_operator.py
[2023-12-19T10:22:41.448+0000] {processor.py:839} INFO - DAG(s) dict_keys(['example_branch_datetime_operator_2', 'example_branch_datetime_operator_3', 'example_branch_datetime_operator']) retrieved from /home/airflow/.local/lib/python3.8/site-packages/airflow/example_dags/example_branch_datetime_operator.py
[2023-12-19T10:22:41.509+0000] {logging_mixin.py:154} INFO - [2023-12-19T10:22:41.509+0000] {dag.py:2941} INFO - Sync 3 DAGs
[2023-12-19T10:22:41.549+0000] {logging_mixin.py:154} INFO - [2023-12-19T10:22:41.549+0000] {dag.py:3722} INFO - Setting next_dagrun for example_branch_datetime_operator to 2023-12-18T00:00:00+00:00, run_after=2023-12-19T00:00:00+00:00
[2023-12-19T10:22:41.563+0000] {logging_mixin.py:154} INFO - [2023-12-19T10:22:41.563+0000] {dag.py:3722} INFO - Setting next_dagrun for example_branch_datetime_operator_2 to 2023-12-18T00:00:00+00:00, run_after=2023-12-19T00:00:00+00:00
[2023-12-19T10:22:41.572+0000] {logging_mixin.py:154} INFO - [2023-12-19T10:22:41.571+0000] {dag.py:3722} INFO - Setting next_dagrun for example_branch_datetime_operator_3 to 2023-12-18T00:00:00+00:00, run_after=2023-12-19T00:00:00+00:00
[2023-12-19T10:22:41.607+0000] {processor.py:179} INFO - Processing /home/airflow/.local/lib/python3.8/site-packages/airflow/example_dags/example_branch_datetime_operator.py took 0.196 seconds
[2023-12-19T10:23:11.875+0000] {processor.py:157} INFO - Started process (PID=32893) to work on /home/airflow/.local/lib/python3.8/site-packages/airflow/example_dags/example_branch_datetime_operator.py
[2023-12-19T10:23:11.877+0000] {processor.py:829} INFO - Processing file /home/airflow/.local/lib/python3.8/site-packages/airflow/example_dags/example_branch_datetime_operator.py for tasks to queue
[2023-12-19T10:23:11.879+0000] {logging_mixin.py:154} INFO - [2023-12-19T10:23:11.879+0000] {dagbag.py:536} INFO - Filling up the DagBag from /home/airflow/.local/lib/python3.8/site-packages/airflow/example_dags/example_branch_datetime_operator.py
[2023-12-19T10:23:11.898+0000] {processor.py:839} INFO - DAG(s) dict_keys(['example_branch_datetime_operator_2', 'example_branch_datetime_operator_3', 'example_branch_datetime_operator']) retrieved from /home/airflow/.local/lib/python3.8/site-packages/airflow/example_dags/example_branch_datetime_operator.py
[2023-12-19T10:23:11.965+0000] {logging_mixin.py:154} INFO - [2023-12-19T10:23:11.965+0000] {dag.py:2941} INFO - Sync 3 DAGs
[2023-12-19T10:23:12.019+0000] {logging_mixin.py:154} INFO - [2023-12-19T10:23:12.019+0000] {dag.py:3722} INFO - Setting next_dagrun for example_branch_datetime_operator to 2023-12-18T00:00:00+00:00, run_after=2023-12-19T00:00:00+00:00
[2023-12-19T10:23:12.028+0000] {logging_mixin.py:154} INFO - [2023-12-19T10:23:12.028+0000] {dag.py:3722} INFO - Setting next_dagrun for example_branch_datetime_operator_2 to 2023-12-18T00:00:00+00:00, run_after=2023-12-19T00:00:00+00:00
[2023-12-19T10:23:12.033+0000] {logging_mixin.py:154} INFO - [2023-12-19T10:23:12.033+0000] {dag.py:3722} INFO - Setting next_dagrun for example_branch_datetime_operator_3 to 2023-12-18T00:00:00+00:00, run_after=2023-12-19T00:00:00+00:00
[2023-12-19T10:23:12.066+0000] {processor.py:179} INFO - Processing /home/airflow/.local/lib/python3.8/site-packages/airflow/example_dags/example_branch_datetime_operator.py took 0.199 seconds
