[2023-12-19T09:58:59.461+0000] {processor.py:157} INFO - Started process (PID=30271) to work on /home/airflow/.local/lib/python3.8/site-packages/airflow/example_dags/example_xcom.py
[2023-12-19T09:58:59.464+0000] {processor.py:829} INFO - Processing file /home/airflow/.local/lib/python3.8/site-packages/airflow/example_dags/example_xcom.py for tasks to queue
[2023-12-19T09:58:59.468+0000] {logging_mixin.py:154} INFO - [2023-12-19T09:58:59.467+0000] {dagbag.py:536} INFO - Filling up the DagBag from /home/airflow/.local/lib/python3.8/site-packages/airflow/example_dags/example_xcom.py
[2023-12-19T09:58:59.507+0000] {processor.py:839} INFO - DAG(s) dict_keys(['example_xcom']) retrieved from /home/airflow/.local/lib/python3.8/site-packages/airflow/example_dags/example_xcom.py
[2023-12-19T09:58:59.589+0000] {logging_mixin.py:154} INFO - [2023-12-19T09:58:59.589+0000] {dag.py:2941} INFO - Sync 1 DAGs
[2023-12-19T09:58:59.898+0000] {logging_mixin.py:154} INFO - [2023-12-19T09:58:59.898+0000] {dag.py:3722} INFO - Setting next_dagrun for example_xcom to 2021-01-01T00:00:00+00:00, run_after=2021-01-01T00:00:00+00:00
[2023-12-19T09:59:00.130+0000] {processor.py:179} INFO - Processing /home/airflow/.local/lib/python3.8/site-packages/airflow/example_dags/example_xcom.py took 0.679 seconds
[2023-12-19T09:59:30.774+0000] {processor.py:157} INFO - Started process (PID=30326) to work on /home/airflow/.local/lib/python3.8/site-packages/airflow/example_dags/example_xcom.py
[2023-12-19T09:59:30.778+0000] {processor.py:829} INFO - Processing file /home/airflow/.local/lib/python3.8/site-packages/airflow/example_dags/example_xcom.py for tasks to queue
[2023-12-19T09:59:30.780+0000] {logging_mixin.py:154} INFO - [2023-12-19T09:59:30.779+0000] {dagbag.py:536} INFO - Filling up the DagBag from /home/airflow/.local/lib/python3.8/site-packages/airflow/example_dags/example_xcom.py
[2023-12-19T09:59:30.797+0000] {processor.py:839} INFO - DAG(s) dict_keys(['example_xcom']) retrieved from /home/airflow/.local/lib/python3.8/site-packages/airflow/example_dags/example_xcom.py
[2023-12-19T09:59:30.876+0000] {logging_mixin.py:154} INFO - [2023-12-19T09:59:30.876+0000] {dag.py:2941} INFO - Sync 1 DAGs
[2023-12-19T09:59:30.948+0000] {logging_mixin.py:154} INFO - [2023-12-19T09:59:30.947+0000] {dag.py:3722} INFO - Setting next_dagrun for example_xcom to 2021-01-01T00:00:00+00:00, run_after=2021-01-01T00:00:00+00:00
[2023-12-19T09:59:30.994+0000] {processor.py:179} INFO - Processing /home/airflow/.local/lib/python3.8/site-packages/airflow/example_dags/example_xcom.py took 0.229 seconds
[2023-12-19T10:00:01.239+0000] {processor.py:157} INFO - Started process (PID=30381) to work on /home/airflow/.local/lib/python3.8/site-packages/airflow/example_dags/example_xcom.py
[2023-12-19T10:00:01.245+0000] {processor.py:829} INFO - Processing file /home/airflow/.local/lib/python3.8/site-packages/airflow/example_dags/example_xcom.py for tasks to queue
[2023-12-19T10:00:01.253+0000] {logging_mixin.py:154} INFO - [2023-12-19T10:00:01.251+0000] {dagbag.py:536} INFO - Filling up the DagBag from /home/airflow/.local/lib/python3.8/site-packages/airflow/example_dags/example_xcom.py
[2023-12-19T10:00:01.274+0000] {processor.py:839} INFO - DAG(s) dict_keys(['example_xcom']) retrieved from /home/airflow/.local/lib/python3.8/site-packages/airflow/example_dags/example_xcom.py
[2023-12-19T10:00:01.318+0000] {logging_mixin.py:154} INFO - [2023-12-19T10:00:01.318+0000] {dag.py:2941} INFO - Sync 1 DAGs
[2023-12-19T10:00:01.354+0000] {logging_mixin.py:154} INFO - [2023-12-19T10:00:01.354+0000] {dag.py:3722} INFO - Setting next_dagrun for example_xcom to 2021-01-01T00:00:00+00:00, run_after=2021-01-01T00:00:00+00:00
[2023-12-19T10:00:01.398+0000] {processor.py:179} INFO - Processing /home/airflow/.local/lib/python3.8/site-packages/airflow/example_dags/example_xcom.py took 0.174 seconds
[2023-12-19T10:00:31.488+0000] {processor.py:157} INFO - Started process (PID=30436) to work on /home/airflow/.local/lib/python3.8/site-packages/airflow/example_dags/example_xcom.py
[2023-12-19T10:00:31.491+0000] {processor.py:829} INFO - Processing file /home/airflow/.local/lib/python3.8/site-packages/airflow/example_dags/example_xcom.py for tasks to queue
[2023-12-19T10:00:31.493+0000] {logging_mixin.py:154} INFO - [2023-12-19T10:00:31.493+0000] {dagbag.py:536} INFO - Filling up the DagBag from /home/airflow/.local/lib/python3.8/site-packages/airflow/example_dags/example_xcom.py
[2023-12-19T10:00:31.509+0000] {processor.py:839} INFO - DAG(s) dict_keys(['example_xcom']) retrieved from /home/airflow/.local/lib/python3.8/site-packages/airflow/example_dags/example_xcom.py
[2023-12-19T10:00:31.550+0000] {logging_mixin.py:154} INFO - [2023-12-19T10:00:31.550+0000] {dag.py:2941} INFO - Sync 1 DAGs
[2023-12-19T10:00:31.584+0000] {logging_mixin.py:154} INFO - [2023-12-19T10:00:31.584+0000] {dag.py:3722} INFO - Setting next_dagrun for example_xcom to 2021-01-01T00:00:00+00:00, run_after=2021-01-01T00:00:00+00:00
[2023-12-19T10:00:31.617+0000] {processor.py:179} INFO - Processing /home/airflow/.local/lib/python3.8/site-packages/airflow/example_dags/example_xcom.py took 0.136 seconds
[2023-12-19T10:01:07.494+0000] {processor.py:157} INFO - Started process (PID=30491) to work on /home/airflow/.local/lib/python3.8/site-packages/airflow/example_dags/example_xcom.py
[2023-12-19T10:01:07.500+0000] {processor.py:829} INFO - Processing file /home/airflow/.local/lib/python3.8/site-packages/airflow/example_dags/example_xcom.py for tasks to queue
[2023-12-19T10:01:07.502+0000] {logging_mixin.py:154} INFO - [2023-12-19T10:01:07.501+0000] {dagbag.py:536} INFO - Filling up the DagBag from /home/airflow/.local/lib/python3.8/site-packages/airflow/example_dags/example_xcom.py
[2023-12-19T10:01:07.519+0000] {processor.py:839} INFO - DAG(s) dict_keys(['example_xcom']) retrieved from /home/airflow/.local/lib/python3.8/site-packages/airflow/example_dags/example_xcom.py
[2023-12-19T10:01:07.640+0000] {logging_mixin.py:154} INFO - [2023-12-19T10:01:07.639+0000] {dag.py:2941} INFO - Sync 1 DAGs
[2023-12-19T10:01:07.688+0000] {logging_mixin.py:154} INFO - [2023-12-19T10:01:07.688+0000] {dag.py:3722} INFO - Setting next_dagrun for example_xcom to 2021-01-01T00:00:00+00:00, run_after=2021-01-01T00:00:00+00:00
[2023-12-19T10:01:07.739+0000] {processor.py:179} INFO - Processing /home/airflow/.local/lib/python3.8/site-packages/airflow/example_dags/example_xcom.py took 0.259 seconds
[2023-12-19T10:01:37.925+0000] {processor.py:157} INFO - Started process (PID=30546) to work on /home/airflow/.local/lib/python3.8/site-packages/airflow/example_dags/example_xcom.py
[2023-12-19T10:01:37.928+0000] {processor.py:829} INFO - Processing file /home/airflow/.local/lib/python3.8/site-packages/airflow/example_dags/example_xcom.py for tasks to queue
[2023-12-19T10:01:37.987+0000] {logging_mixin.py:154} INFO - [2023-12-19T10:01:37.986+0000] {dagbag.py:536} INFO - Filling up the DagBag from /home/airflow/.local/lib/python3.8/site-packages/airflow/example_dags/example_xcom.py
[2023-12-19T10:01:38.090+0000] {processor.py:839} INFO - DAG(s) dict_keys(['example_xcom']) retrieved from /home/airflow/.local/lib/python3.8/site-packages/airflow/example_dags/example_xcom.py
[2023-12-19T10:01:38.167+0000] {logging_mixin.py:154} INFO - [2023-12-19T10:01:38.166+0000] {dag.py:2941} INFO - Sync 1 DAGs
[2023-12-19T10:01:38.212+0000] {logging_mixin.py:154} INFO - [2023-12-19T10:01:38.212+0000] {dag.py:3722} INFO - Setting next_dagrun for example_xcom to 2021-01-01T00:00:00+00:00, run_after=2021-01-01T00:00:00+00:00
[2023-12-19T10:01:38.251+0000] {processor.py:179} INFO - Processing /home/airflow/.local/lib/python3.8/site-packages/airflow/example_dags/example_xcom.py took 0.337 seconds
[2023-12-19T10:02:08.479+0000] {processor.py:157} INFO - Started process (PID=30601) to work on /home/airflow/.local/lib/python3.8/site-packages/airflow/example_dags/example_xcom.py
[2023-12-19T10:02:08.482+0000] {processor.py:829} INFO - Processing file /home/airflow/.local/lib/python3.8/site-packages/airflow/example_dags/example_xcom.py for tasks to queue
[2023-12-19T10:02:08.484+0000] {logging_mixin.py:154} INFO - [2023-12-19T10:02:08.484+0000] {dagbag.py:536} INFO - Filling up the DagBag from /home/airflow/.local/lib/python3.8/site-packages/airflow/example_dags/example_xcom.py
[2023-12-19T10:02:08.502+0000] {processor.py:839} INFO - DAG(s) dict_keys(['example_xcom']) retrieved from /home/airflow/.local/lib/python3.8/site-packages/airflow/example_dags/example_xcom.py
[2023-12-19T10:02:08.547+0000] {logging_mixin.py:154} INFO - [2023-12-19T10:02:08.546+0000] {dag.py:2941} INFO - Sync 1 DAGs
[2023-12-19T10:02:08.589+0000] {logging_mixin.py:154} INFO - [2023-12-19T10:02:08.588+0000] {dag.py:3722} INFO - Setting next_dagrun for example_xcom to 2021-01-01T00:00:00+00:00, run_after=2021-01-01T00:00:00+00:00
[2023-12-19T10:02:08.632+0000] {processor.py:179} INFO - Processing /home/airflow/.local/lib/python3.8/site-packages/airflow/example_dags/example_xcom.py took 0.159 seconds
[2023-12-19T10:02:39.406+0000] {processor.py:157} INFO - Started process (PID=30657) to work on /home/airflow/.local/lib/python3.8/site-packages/airflow/example_dags/example_xcom.py
[2023-12-19T10:02:39.409+0000] {processor.py:829} INFO - Processing file /home/airflow/.local/lib/python3.8/site-packages/airflow/example_dags/example_xcom.py for tasks to queue
[2023-12-19T10:02:39.413+0000] {logging_mixin.py:154} INFO - [2023-12-19T10:02:39.412+0000] {dagbag.py:536} INFO - Filling up the DagBag from /home/airflow/.local/lib/python3.8/site-packages/airflow/example_dags/example_xcom.py
[2023-12-19T10:02:39.431+0000] {processor.py:839} INFO - DAG(s) dict_keys(['example_xcom']) retrieved from /home/airflow/.local/lib/python3.8/site-packages/airflow/example_dags/example_xcom.py
[2023-12-19T10:02:39.486+0000] {logging_mixin.py:154} INFO - [2023-12-19T10:02:39.485+0000] {dag.py:2941} INFO - Sync 1 DAGs
[2023-12-19T10:02:39.525+0000] {logging_mixin.py:154} INFO - [2023-12-19T10:02:39.524+0000] {dag.py:3722} INFO - Setting next_dagrun for example_xcom to 2021-01-01T00:00:00+00:00, run_after=2021-01-01T00:00:00+00:00
[2023-12-19T10:02:39.554+0000] {processor.py:179} INFO - Processing /home/airflow/.local/lib/python3.8/site-packages/airflow/example_dags/example_xcom.py took 0.157 seconds
[2023-12-19T10:03:10.168+0000] {processor.py:157} INFO - Started process (PID=30711) to work on /home/airflow/.local/lib/python3.8/site-packages/airflow/example_dags/example_xcom.py
[2023-12-19T10:03:10.171+0000] {processor.py:829} INFO - Processing file /home/airflow/.local/lib/python3.8/site-packages/airflow/example_dags/example_xcom.py for tasks to queue
[2023-12-19T10:03:10.174+0000] {logging_mixin.py:154} INFO - [2023-12-19T10:03:10.173+0000] {dagbag.py:536} INFO - Filling up the DagBag from /home/airflow/.local/lib/python3.8/site-packages/airflow/example_dags/example_xcom.py
[2023-12-19T10:03:10.192+0000] {processor.py:839} INFO - DAG(s) dict_keys(['example_xcom']) retrieved from /home/airflow/.local/lib/python3.8/site-packages/airflow/example_dags/example_xcom.py
[2023-12-19T10:03:10.240+0000] {logging_mixin.py:154} INFO - [2023-12-19T10:03:10.239+0000] {dag.py:2941} INFO - Sync 1 DAGs
[2023-12-19T10:03:10.284+0000] {logging_mixin.py:154} INFO - [2023-12-19T10:03:10.283+0000] {dag.py:3722} INFO - Setting next_dagrun for example_xcom to 2021-01-01T00:00:00+00:00, run_after=2021-01-01T00:00:00+00:00
[2023-12-19T10:03:10.322+0000] {processor.py:179} INFO - Processing /home/airflow/.local/lib/python3.8/site-packages/airflow/example_dags/example_xcom.py took 0.164 seconds
[2023-12-19T10:03:40.956+0000] {processor.py:157} INFO - Started process (PID=30766) to work on /home/airflow/.local/lib/python3.8/site-packages/airflow/example_dags/example_xcom.py
[2023-12-19T10:03:40.959+0000] {processor.py:829} INFO - Processing file /home/airflow/.local/lib/python3.8/site-packages/airflow/example_dags/example_xcom.py for tasks to queue
[2023-12-19T10:03:40.961+0000] {logging_mixin.py:154} INFO - [2023-12-19T10:03:40.961+0000] {dagbag.py:536} INFO - Filling up the DagBag from /home/airflow/.local/lib/python3.8/site-packages/airflow/example_dags/example_xcom.py
[2023-12-19T10:03:40.976+0000] {processor.py:839} INFO - DAG(s) dict_keys(['example_xcom']) retrieved from /home/airflow/.local/lib/python3.8/site-packages/airflow/example_dags/example_xcom.py
[2023-12-19T10:03:41.019+0000] {logging_mixin.py:154} INFO - [2023-12-19T10:03:41.019+0000] {dag.py:2941} INFO - Sync 1 DAGs
[2023-12-19T10:03:41.057+0000] {logging_mixin.py:154} INFO - [2023-12-19T10:03:41.057+0000] {dag.py:3722} INFO - Setting next_dagrun for example_xcom to 2021-01-01T00:00:00+00:00, run_after=2021-01-01T00:00:00+00:00
[2023-12-19T10:03:41.110+0000] {processor.py:179} INFO - Processing /home/airflow/.local/lib/python3.8/site-packages/airflow/example_dags/example_xcom.py took 0.162 seconds
[2023-12-19T10:04:12.467+0000] {processor.py:157} INFO - Started process (PID=30821) to work on /home/airflow/.local/lib/python3.8/site-packages/airflow/example_dags/example_xcom.py
[2023-12-19T10:04:12.471+0000] {processor.py:829} INFO - Processing file /home/airflow/.local/lib/python3.8/site-packages/airflow/example_dags/example_xcom.py for tasks to queue
[2023-12-19T10:04:12.477+0000] {logging_mixin.py:154} INFO - [2023-12-19T10:04:12.476+0000] {dagbag.py:536} INFO - Filling up the DagBag from /home/airflow/.local/lib/python3.8/site-packages/airflow/example_dags/example_xcom.py
[2023-12-19T10:04:12.532+0000] {processor.py:839} INFO - DAG(s) dict_keys(['example_xcom']) retrieved from /home/airflow/.local/lib/python3.8/site-packages/airflow/example_dags/example_xcom.py
[2023-12-19T10:04:12.602+0000] {logging_mixin.py:154} INFO - [2023-12-19T10:04:12.601+0000] {dag.py:2941} INFO - Sync 1 DAGs
[2023-12-19T10:04:12.642+0000] {logging_mixin.py:154} INFO - [2023-12-19T10:04:12.641+0000] {dag.py:3722} INFO - Setting next_dagrun for example_xcom to 2021-01-01T00:00:00+00:00, run_after=2021-01-01T00:00:00+00:00
[2023-12-19T10:04:12.673+0000] {processor.py:179} INFO - Processing /home/airflow/.local/lib/python3.8/site-packages/airflow/example_dags/example_xcom.py took 0.224 seconds
[2023-12-19T10:04:43.088+0000] {processor.py:157} INFO - Started process (PID=30877) to work on /home/airflow/.local/lib/python3.8/site-packages/airflow/example_dags/example_xcom.py
[2023-12-19T10:04:43.091+0000] {processor.py:829} INFO - Processing file /home/airflow/.local/lib/python3.8/site-packages/airflow/example_dags/example_xcom.py for tasks to queue
[2023-12-19T10:04:43.093+0000] {logging_mixin.py:154} INFO - [2023-12-19T10:04:43.092+0000] {dagbag.py:536} INFO - Filling up the DagBag from /home/airflow/.local/lib/python3.8/site-packages/airflow/example_dags/example_xcom.py
[2023-12-19T10:04:43.109+0000] {processor.py:839} INFO - DAG(s) dict_keys(['example_xcom']) retrieved from /home/airflow/.local/lib/python3.8/site-packages/airflow/example_dags/example_xcom.py
[2023-12-19T10:04:43.153+0000] {logging_mixin.py:154} INFO - [2023-12-19T10:04:43.153+0000] {dag.py:2941} INFO - Sync 1 DAGs
[2023-12-19T10:04:43.190+0000] {logging_mixin.py:154} INFO - [2023-12-19T10:04:43.190+0000] {dag.py:3722} INFO - Setting next_dagrun for example_xcom to 2021-01-01T00:00:00+00:00, run_after=2021-01-01T00:00:00+00:00
[2023-12-19T10:04:43.240+0000] {processor.py:179} INFO - Processing /home/airflow/.local/lib/python3.8/site-packages/airflow/example_dags/example_xcom.py took 0.158 seconds
[2023-12-19T10:05:13.767+0000] {processor.py:157} INFO - Started process (PID=30932) to work on /home/airflow/.local/lib/python3.8/site-packages/airflow/example_dags/example_xcom.py
[2023-12-19T10:05:13.769+0000] {processor.py:829} INFO - Processing file /home/airflow/.local/lib/python3.8/site-packages/airflow/example_dags/example_xcom.py for tasks to queue
[2023-12-19T10:05:13.771+0000] {logging_mixin.py:154} INFO - [2023-12-19T10:05:13.770+0000] {dagbag.py:536} INFO - Filling up the DagBag from /home/airflow/.local/lib/python3.8/site-packages/airflow/example_dags/example_xcom.py
[2023-12-19T10:05:13.785+0000] {processor.py:839} INFO - DAG(s) dict_keys(['example_xcom']) retrieved from /home/airflow/.local/lib/python3.8/site-packages/airflow/example_dags/example_xcom.py
[2023-12-19T10:05:13.826+0000] {logging_mixin.py:154} INFO - [2023-12-19T10:05:13.825+0000] {dag.py:2941} INFO - Sync 1 DAGs
[2023-12-19T10:05:13.862+0000] {logging_mixin.py:154} INFO - [2023-12-19T10:05:13.862+0000] {dag.py:3722} INFO - Setting next_dagrun for example_xcom to 2021-01-01T00:00:00+00:00, run_after=2021-01-01T00:00:00+00:00
[2023-12-19T10:05:13.900+0000] {processor.py:179} INFO - Processing /home/airflow/.local/lib/python3.8/site-packages/airflow/example_dags/example_xcom.py took 0.140 seconds
[2023-12-19T10:05:44.646+0000] {processor.py:157} INFO - Started process (PID=30987) to work on /home/airflow/.local/lib/python3.8/site-packages/airflow/example_dags/example_xcom.py
[2023-12-19T10:05:44.648+0000] {processor.py:829} INFO - Processing file /home/airflow/.local/lib/python3.8/site-packages/airflow/example_dags/example_xcom.py for tasks to queue
[2023-12-19T10:05:44.650+0000] {logging_mixin.py:154} INFO - [2023-12-19T10:05:44.649+0000] {dagbag.py:536} INFO - Filling up the DagBag from /home/airflow/.local/lib/python3.8/site-packages/airflow/example_dags/example_xcom.py
[2023-12-19T10:05:44.665+0000] {processor.py:839} INFO - DAG(s) dict_keys(['example_xcom']) retrieved from /home/airflow/.local/lib/python3.8/site-packages/airflow/example_dags/example_xcom.py
[2023-12-19T10:05:44.708+0000] {logging_mixin.py:154} INFO - [2023-12-19T10:05:44.708+0000] {dag.py:2941} INFO - Sync 1 DAGs
[2023-12-19T10:05:44.746+0000] {logging_mixin.py:154} INFO - [2023-12-19T10:05:44.746+0000] {dag.py:3722} INFO - Setting next_dagrun for example_xcom to 2021-01-01T00:00:00+00:00, run_after=2021-01-01T00:00:00+00:00
[2023-12-19T10:05:44.779+0000] {processor.py:179} INFO - Processing /home/airflow/.local/lib/python3.8/site-packages/airflow/example_dags/example_xcom.py took 0.140 seconds
[2023-12-19T10:06:15.019+0000] {processor.py:157} INFO - Started process (PID=31042) to work on /home/airflow/.local/lib/python3.8/site-packages/airflow/example_dags/example_xcom.py
[2023-12-19T10:06:15.022+0000] {processor.py:829} INFO - Processing file /home/airflow/.local/lib/python3.8/site-packages/airflow/example_dags/example_xcom.py for tasks to queue
[2023-12-19T10:06:15.024+0000] {logging_mixin.py:154} INFO - [2023-12-19T10:06:15.024+0000] {dagbag.py:536} INFO - Filling up the DagBag from /home/airflow/.local/lib/python3.8/site-packages/airflow/example_dags/example_xcom.py
[2023-12-19T10:06:15.041+0000] {processor.py:839} INFO - DAG(s) dict_keys(['example_xcom']) retrieved from /home/airflow/.local/lib/python3.8/site-packages/airflow/example_dags/example_xcom.py
[2023-12-19T10:06:15.087+0000] {logging_mixin.py:154} INFO - [2023-12-19T10:06:15.087+0000] {dag.py:2941} INFO - Sync 1 DAGs
[2023-12-19T10:06:15.124+0000] {logging_mixin.py:154} INFO - [2023-12-19T10:06:15.123+0000] {dag.py:3722} INFO - Setting next_dagrun for example_xcom to 2021-01-01T00:00:00+00:00, run_after=2021-01-01T00:00:00+00:00
[2023-12-19T10:06:15.160+0000] {processor.py:179} INFO - Processing /home/airflow/.local/lib/python3.8/site-packages/airflow/example_dags/example_xcom.py took 0.147 seconds
[2023-12-19T10:06:45.774+0000] {processor.py:157} INFO - Started process (PID=31097) to work on /home/airflow/.local/lib/python3.8/site-packages/airflow/example_dags/example_xcom.py
[2023-12-19T10:06:45.776+0000] {processor.py:829} INFO - Processing file /home/airflow/.local/lib/python3.8/site-packages/airflow/example_dags/example_xcom.py for tasks to queue
[2023-12-19T10:06:45.779+0000] {logging_mixin.py:154} INFO - [2023-12-19T10:06:45.778+0000] {dagbag.py:536} INFO - Filling up the DagBag from /home/airflow/.local/lib/python3.8/site-packages/airflow/example_dags/example_xcom.py
[2023-12-19T10:06:45.795+0000] {processor.py:839} INFO - DAG(s) dict_keys(['example_xcom']) retrieved from /home/airflow/.local/lib/python3.8/site-packages/airflow/example_dags/example_xcom.py
[2023-12-19T10:06:45.835+0000] {logging_mixin.py:154} INFO - [2023-12-19T10:06:45.834+0000] {dag.py:2941} INFO - Sync 1 DAGs
[2023-12-19T10:06:45.881+0000] {logging_mixin.py:154} INFO - [2023-12-19T10:06:45.879+0000] {dag.py:3722} INFO - Setting next_dagrun for example_xcom to 2021-01-01T00:00:00+00:00, run_after=2021-01-01T00:00:00+00:00
[2023-12-19T10:06:45.929+0000] {processor.py:179} INFO - Processing /home/airflow/.local/lib/python3.8/site-packages/airflow/example_dags/example_xcom.py took 0.161 seconds
[2023-12-19T10:07:15.985+0000] {processor.py:157} INFO - Started process (PID=31152) to work on /home/airflow/.local/lib/python3.8/site-packages/airflow/example_dags/example_xcom.py
[2023-12-19T10:07:15.987+0000] {processor.py:829} INFO - Processing file /home/airflow/.local/lib/python3.8/site-packages/airflow/example_dags/example_xcom.py for tasks to queue
[2023-12-19T10:07:15.989+0000] {logging_mixin.py:154} INFO - [2023-12-19T10:07:15.989+0000] {dagbag.py:536} INFO - Filling up the DagBag from /home/airflow/.local/lib/python3.8/site-packages/airflow/example_dags/example_xcom.py
[2023-12-19T10:07:16.004+0000] {processor.py:839} INFO - DAG(s) dict_keys(['example_xcom']) retrieved from /home/airflow/.local/lib/python3.8/site-packages/airflow/example_dags/example_xcom.py
[2023-12-19T10:07:16.046+0000] {logging_mixin.py:154} INFO - [2023-12-19T10:07:16.046+0000] {dag.py:2941} INFO - Sync 1 DAGs
[2023-12-19T10:07:16.080+0000] {logging_mixin.py:154} INFO - [2023-12-19T10:07:16.080+0000] {dag.py:3722} INFO - Setting next_dagrun for example_xcom to 2021-01-01T00:00:00+00:00, run_after=2021-01-01T00:00:00+00:00
[2023-12-19T10:07:16.116+0000] {processor.py:179} INFO - Processing /home/airflow/.local/lib/python3.8/site-packages/airflow/example_dags/example_xcom.py took 0.137 seconds
[2023-12-19T10:07:46.468+0000] {processor.py:157} INFO - Started process (PID=31207) to work on /home/airflow/.local/lib/python3.8/site-packages/airflow/example_dags/example_xcom.py
[2023-12-19T10:07:46.471+0000] {processor.py:829} INFO - Processing file /home/airflow/.local/lib/python3.8/site-packages/airflow/example_dags/example_xcom.py for tasks to queue
[2023-12-19T10:07:46.473+0000] {logging_mixin.py:154} INFO - [2023-12-19T10:07:46.473+0000] {dagbag.py:536} INFO - Filling up the DagBag from /home/airflow/.local/lib/python3.8/site-packages/airflow/example_dags/example_xcom.py
[2023-12-19T10:07:46.491+0000] {processor.py:839} INFO - DAG(s) dict_keys(['example_xcom']) retrieved from /home/airflow/.local/lib/python3.8/site-packages/airflow/example_dags/example_xcom.py
[2023-12-19T10:07:46.543+0000] {logging_mixin.py:154} INFO - [2023-12-19T10:07:46.542+0000] {dag.py:2941} INFO - Sync 1 DAGs
[2023-12-19T10:07:46.599+0000] {logging_mixin.py:154} INFO - [2023-12-19T10:07:46.598+0000] {dag.py:3722} INFO - Setting next_dagrun for example_xcom to 2021-01-01T00:00:00+00:00, run_after=2021-01-01T00:00:00+00:00
[2023-12-19T10:07:46.652+0000] {processor.py:179} INFO - Processing /home/airflow/.local/lib/python3.8/site-packages/airflow/example_dags/example_xcom.py took 0.191 seconds
[2023-12-19T10:08:17.237+0000] {processor.py:157} INFO - Started process (PID=31262) to work on /home/airflow/.local/lib/python3.8/site-packages/airflow/example_dags/example_xcom.py
[2023-12-19T10:08:17.239+0000] {processor.py:829} INFO - Processing file /home/airflow/.local/lib/python3.8/site-packages/airflow/example_dags/example_xcom.py for tasks to queue
[2023-12-19T10:08:17.241+0000] {logging_mixin.py:154} INFO - [2023-12-19T10:08:17.241+0000] {dagbag.py:536} INFO - Filling up the DagBag from /home/airflow/.local/lib/python3.8/site-packages/airflow/example_dags/example_xcom.py
[2023-12-19T10:08:17.255+0000] {processor.py:839} INFO - DAG(s) dict_keys(['example_xcom']) retrieved from /home/airflow/.local/lib/python3.8/site-packages/airflow/example_dags/example_xcom.py
[2023-12-19T10:08:17.295+0000] {logging_mixin.py:154} INFO - [2023-12-19T10:08:17.295+0000] {dag.py:2941} INFO - Sync 1 DAGs
[2023-12-19T10:08:17.333+0000] {logging_mixin.py:154} INFO - [2023-12-19T10:08:17.332+0000] {dag.py:3722} INFO - Setting next_dagrun for example_xcom to 2021-01-01T00:00:00+00:00, run_after=2021-01-01T00:00:00+00:00
[2023-12-19T10:08:17.366+0000] {processor.py:179} INFO - Processing /home/airflow/.local/lib/python3.8/site-packages/airflow/example_dags/example_xcom.py took 0.136 seconds
[2023-12-19T10:08:48.401+0000] {processor.py:157} INFO - Started process (PID=31317) to work on /home/airflow/.local/lib/python3.8/site-packages/airflow/example_dags/example_xcom.py
[2023-12-19T10:08:48.403+0000] {processor.py:829} INFO - Processing file /home/airflow/.local/lib/python3.8/site-packages/airflow/example_dags/example_xcom.py for tasks to queue
[2023-12-19T10:08:48.405+0000] {logging_mixin.py:154} INFO - [2023-12-19T10:08:48.405+0000] {dagbag.py:536} INFO - Filling up the DagBag from /home/airflow/.local/lib/python3.8/site-packages/airflow/example_dags/example_xcom.py
[2023-12-19T10:08:48.421+0000] {processor.py:839} INFO - DAG(s) dict_keys(['example_xcom']) retrieved from /home/airflow/.local/lib/python3.8/site-packages/airflow/example_dags/example_xcom.py
[2023-12-19T10:08:48.461+0000] {logging_mixin.py:154} INFO - [2023-12-19T10:08:48.461+0000] {dag.py:2941} INFO - Sync 1 DAGs
[2023-12-19T10:08:48.498+0000] {logging_mixin.py:154} INFO - [2023-12-19T10:08:48.498+0000] {dag.py:3722} INFO - Setting next_dagrun for example_xcom to 2021-01-01T00:00:00+00:00, run_after=2021-01-01T00:00:00+00:00
[2023-12-19T10:08:48.541+0000] {processor.py:179} INFO - Processing /home/airflow/.local/lib/python3.8/site-packages/airflow/example_dags/example_xcom.py took 0.146 seconds
[2023-12-19T10:09:19.384+0000] {processor.py:157} INFO - Started process (PID=31372) to work on /home/airflow/.local/lib/python3.8/site-packages/airflow/example_dags/example_xcom.py
[2023-12-19T10:09:19.389+0000] {processor.py:829} INFO - Processing file /home/airflow/.local/lib/python3.8/site-packages/airflow/example_dags/example_xcom.py for tasks to queue
[2023-12-19T10:09:19.398+0000] {logging_mixin.py:154} INFO - [2023-12-19T10:09:19.396+0000] {dagbag.py:536} INFO - Filling up the DagBag from /home/airflow/.local/lib/python3.8/site-packages/airflow/example_dags/example_xcom.py
[2023-12-19T10:09:19.434+0000] {processor.py:839} INFO - DAG(s) dict_keys(['example_xcom']) retrieved from /home/airflow/.local/lib/python3.8/site-packages/airflow/example_dags/example_xcom.py
[2023-12-19T10:09:19.537+0000] {logging_mixin.py:154} INFO - [2023-12-19T10:09:19.536+0000] {dag.py:2941} INFO - Sync 1 DAGs
[2023-12-19T10:09:19.596+0000] {logging_mixin.py:154} INFO - [2023-12-19T10:09:19.596+0000] {dag.py:3722} INFO - Setting next_dagrun for example_xcom to 2021-01-01T00:00:00+00:00, run_after=2021-01-01T00:00:00+00:00
[2023-12-19T10:09:19.635+0000] {processor.py:179} INFO - Processing /home/airflow/.local/lib/python3.8/site-packages/airflow/example_dags/example_xcom.py took 0.269 seconds
[2023-12-19T10:09:49.851+0000] {processor.py:157} INFO - Started process (PID=31427) to work on /home/airflow/.local/lib/python3.8/site-packages/airflow/example_dags/example_xcom.py
[2023-12-19T10:09:49.853+0000] {processor.py:829} INFO - Processing file /home/airflow/.local/lib/python3.8/site-packages/airflow/example_dags/example_xcom.py for tasks to queue
[2023-12-19T10:09:49.855+0000] {logging_mixin.py:154} INFO - [2023-12-19T10:09:49.855+0000] {dagbag.py:536} INFO - Filling up the DagBag from /home/airflow/.local/lib/python3.8/site-packages/airflow/example_dags/example_xcom.py
[2023-12-19T10:09:49.874+0000] {processor.py:839} INFO - DAG(s) dict_keys(['example_xcom']) retrieved from /home/airflow/.local/lib/python3.8/site-packages/airflow/example_dags/example_xcom.py
[2023-12-19T10:09:49.959+0000] {logging_mixin.py:154} INFO - [2023-12-19T10:09:49.958+0000] {dag.py:2941} INFO - Sync 1 DAGs
[2023-12-19T10:09:50.058+0000] {logging_mixin.py:154} INFO - [2023-12-19T10:09:50.057+0000] {dag.py:3722} INFO - Setting next_dagrun for example_xcom to 2021-01-01T00:00:00+00:00, run_after=2021-01-01T00:00:00+00:00
[2023-12-19T10:09:50.122+0000] {processor.py:179} INFO - Processing /home/airflow/.local/lib/python3.8/site-packages/airflow/example_dags/example_xcom.py took 0.284 seconds
[2023-12-19T10:10:20.468+0000] {processor.py:157} INFO - Started process (PID=31483) to work on /home/airflow/.local/lib/python3.8/site-packages/airflow/example_dags/example_xcom.py
[2023-12-19T10:10:20.470+0000] {processor.py:829} INFO - Processing file /home/airflow/.local/lib/python3.8/site-packages/airflow/example_dags/example_xcom.py for tasks to queue
[2023-12-19T10:10:20.473+0000] {logging_mixin.py:154} INFO - [2023-12-19T10:10:20.472+0000] {dagbag.py:536} INFO - Filling up the DagBag from /home/airflow/.local/lib/python3.8/site-packages/airflow/example_dags/example_xcom.py
[2023-12-19T10:10:20.487+0000] {processor.py:839} INFO - DAG(s) dict_keys(['example_xcom']) retrieved from /home/airflow/.local/lib/python3.8/site-packages/airflow/example_dags/example_xcom.py
[2023-12-19T10:10:20.526+0000] {logging_mixin.py:154} INFO - [2023-12-19T10:10:20.526+0000] {dag.py:2941} INFO - Sync 1 DAGs
[2023-12-19T10:10:20.561+0000] {logging_mixin.py:154} INFO - [2023-12-19T10:10:20.560+0000] {dag.py:3722} INFO - Setting next_dagrun for example_xcom to 2021-01-01T00:00:00+00:00, run_after=2021-01-01T00:00:00+00:00
[2023-12-19T10:10:20.596+0000] {processor.py:179} INFO - Processing /home/airflow/.local/lib/python3.8/site-packages/airflow/example_dags/example_xcom.py took 0.136 seconds
[2023-12-19T10:10:51.141+0000] {processor.py:157} INFO - Started process (PID=31538) to work on /home/airflow/.local/lib/python3.8/site-packages/airflow/example_dags/example_xcom.py
[2023-12-19T10:10:51.145+0000] {processor.py:829} INFO - Processing file /home/airflow/.local/lib/python3.8/site-packages/airflow/example_dags/example_xcom.py for tasks to queue
[2023-12-19T10:10:51.147+0000] {logging_mixin.py:154} INFO - [2023-12-19T10:10:51.146+0000] {dagbag.py:536} INFO - Filling up the DagBag from /home/airflow/.local/lib/python3.8/site-packages/airflow/example_dags/example_xcom.py
[2023-12-19T10:10:51.162+0000] {processor.py:839} INFO - DAG(s) dict_keys(['example_xcom']) retrieved from /home/airflow/.local/lib/python3.8/site-packages/airflow/example_dags/example_xcom.py
[2023-12-19T10:10:51.222+0000] {logging_mixin.py:154} INFO - [2023-12-19T10:10:51.222+0000] {dag.py:2941} INFO - Sync 1 DAGs
[2023-12-19T10:10:51.259+0000] {logging_mixin.py:154} INFO - [2023-12-19T10:10:51.258+0000] {dag.py:3722} INFO - Setting next_dagrun for example_xcom to 2021-01-01T00:00:00+00:00, run_after=2021-01-01T00:00:00+00:00
[2023-12-19T10:10:51.298+0000] {processor.py:179} INFO - Processing /home/airflow/.local/lib/python3.8/site-packages/airflow/example_dags/example_xcom.py took 0.164 seconds
[2023-12-19T10:11:21.909+0000] {processor.py:157} INFO - Started process (PID=31593) to work on /home/airflow/.local/lib/python3.8/site-packages/airflow/example_dags/example_xcom.py
[2023-12-19T10:11:21.912+0000] {processor.py:829} INFO - Processing file /home/airflow/.local/lib/python3.8/site-packages/airflow/example_dags/example_xcom.py for tasks to queue
[2023-12-19T10:11:21.914+0000] {logging_mixin.py:154} INFO - [2023-12-19T10:11:21.913+0000] {dagbag.py:536} INFO - Filling up the DagBag from /home/airflow/.local/lib/python3.8/site-packages/airflow/example_dags/example_xcom.py
[2023-12-19T10:11:21.929+0000] {processor.py:839} INFO - DAG(s) dict_keys(['example_xcom']) retrieved from /home/airflow/.local/lib/python3.8/site-packages/airflow/example_dags/example_xcom.py
[2023-12-19T10:11:21.970+0000] {logging_mixin.py:154} INFO - [2023-12-19T10:11:21.969+0000] {dag.py:2941} INFO - Sync 1 DAGs
[2023-12-19T10:11:22.012+0000] {logging_mixin.py:154} INFO - [2023-12-19T10:11:22.012+0000] {dag.py:3722} INFO - Setting next_dagrun for example_xcom to 2021-01-01T00:00:00+00:00, run_after=2021-01-01T00:00:00+00:00
[2023-12-19T10:11:22.053+0000] {processor.py:179} INFO - Processing /home/airflow/.local/lib/python3.8/site-packages/airflow/example_dags/example_xcom.py took 0.152 seconds
[2023-12-19T10:11:53.225+0000] {processor.py:157} INFO - Started process (PID=31648) to work on /home/airflow/.local/lib/python3.8/site-packages/airflow/example_dags/example_xcom.py
[2023-12-19T10:11:53.227+0000] {processor.py:829} INFO - Processing file /home/airflow/.local/lib/python3.8/site-packages/airflow/example_dags/example_xcom.py for tasks to queue
[2023-12-19T10:11:53.229+0000] {logging_mixin.py:154} INFO - [2023-12-19T10:11:53.229+0000] {dagbag.py:536} INFO - Filling up the DagBag from /home/airflow/.local/lib/python3.8/site-packages/airflow/example_dags/example_xcom.py
[2023-12-19T10:11:53.245+0000] {processor.py:839} INFO - DAG(s) dict_keys(['example_xcom']) retrieved from /home/airflow/.local/lib/python3.8/site-packages/airflow/example_dags/example_xcom.py
[2023-12-19T10:11:53.285+0000] {logging_mixin.py:154} INFO - [2023-12-19T10:11:53.285+0000] {dag.py:2941} INFO - Sync 1 DAGs
[2023-12-19T10:11:53.320+0000] {logging_mixin.py:154} INFO - [2023-12-19T10:11:53.320+0000] {dag.py:3722} INFO - Setting next_dagrun for example_xcom to 2021-01-01T00:00:00+00:00, run_after=2021-01-01T00:00:00+00:00
[2023-12-19T10:11:53.356+0000] {processor.py:179} INFO - Processing /home/airflow/.local/lib/python3.8/site-packages/airflow/example_dags/example_xcom.py took 0.137 seconds
[2023-12-19T10:12:24.033+0000] {processor.py:157} INFO - Started process (PID=31703) to work on /home/airflow/.local/lib/python3.8/site-packages/airflow/example_dags/example_xcom.py
[2023-12-19T10:12:24.035+0000] {processor.py:829} INFO - Processing file /home/airflow/.local/lib/python3.8/site-packages/airflow/example_dags/example_xcom.py for tasks to queue
[2023-12-19T10:12:24.038+0000] {logging_mixin.py:154} INFO - [2023-12-19T10:12:24.038+0000] {dagbag.py:536} INFO - Filling up the DagBag from /home/airflow/.local/lib/python3.8/site-packages/airflow/example_dags/example_xcom.py
[2023-12-19T10:12:24.052+0000] {processor.py:839} INFO - DAG(s) dict_keys(['example_xcom']) retrieved from /home/airflow/.local/lib/python3.8/site-packages/airflow/example_dags/example_xcom.py
[2023-12-19T10:12:24.095+0000] {logging_mixin.py:154} INFO - [2023-12-19T10:12:24.095+0000] {dag.py:2941} INFO - Sync 1 DAGs
[2023-12-19T10:12:24.129+0000] {logging_mixin.py:154} INFO - [2023-12-19T10:12:24.129+0000] {dag.py:3722} INFO - Setting next_dagrun for example_xcom to 2021-01-01T00:00:00+00:00, run_after=2021-01-01T00:00:00+00:00
[2023-12-19T10:12:24.160+0000] {processor.py:179} INFO - Processing /home/airflow/.local/lib/python3.8/site-packages/airflow/example_dags/example_xcom.py took 0.134 seconds
[2023-12-19T10:12:54.291+0000] {processor.py:157} INFO - Started process (PID=31758) to work on /home/airflow/.local/lib/python3.8/site-packages/airflow/example_dags/example_xcom.py
[2023-12-19T10:12:54.293+0000] {processor.py:829} INFO - Processing file /home/airflow/.local/lib/python3.8/site-packages/airflow/example_dags/example_xcom.py for tasks to queue
[2023-12-19T10:12:54.295+0000] {logging_mixin.py:154} INFO - [2023-12-19T10:12:54.295+0000] {dagbag.py:536} INFO - Filling up the DagBag from /home/airflow/.local/lib/python3.8/site-packages/airflow/example_dags/example_xcom.py
[2023-12-19T10:12:54.310+0000] {processor.py:839} INFO - DAG(s) dict_keys(['example_xcom']) retrieved from /home/airflow/.local/lib/python3.8/site-packages/airflow/example_dags/example_xcom.py
[2023-12-19T10:12:54.350+0000] {logging_mixin.py:154} INFO - [2023-12-19T10:12:54.350+0000] {dag.py:2941} INFO - Sync 1 DAGs
[2023-12-19T10:12:54.398+0000] {logging_mixin.py:154} INFO - [2023-12-19T10:12:54.398+0000] {dag.py:3722} INFO - Setting next_dagrun for example_xcom to 2021-01-01T00:00:00+00:00, run_after=2021-01-01T00:00:00+00:00
[2023-12-19T10:12:54.437+0000] {processor.py:179} INFO - Processing /home/airflow/.local/lib/python3.8/site-packages/airflow/example_dags/example_xcom.py took 0.152 seconds
[2023-12-19T10:13:24.802+0000] {processor.py:157} INFO - Started process (PID=31813) to work on /home/airflow/.local/lib/python3.8/site-packages/airflow/example_dags/example_xcom.py
[2023-12-19T10:13:24.806+0000] {processor.py:829} INFO - Processing file /home/airflow/.local/lib/python3.8/site-packages/airflow/example_dags/example_xcom.py for tasks to queue
[2023-12-19T10:13:24.809+0000] {logging_mixin.py:154} INFO - [2023-12-19T10:13:24.808+0000] {dagbag.py:536} INFO - Filling up the DagBag from /home/airflow/.local/lib/python3.8/site-packages/airflow/example_dags/example_xcom.py
[2023-12-19T10:13:24.828+0000] {processor.py:839} INFO - DAG(s) dict_keys(['example_xcom']) retrieved from /home/airflow/.local/lib/python3.8/site-packages/airflow/example_dags/example_xcom.py
[2023-12-19T10:13:24.872+0000] {logging_mixin.py:154} INFO - [2023-12-19T10:13:24.872+0000] {dag.py:2941} INFO - Sync 1 DAGs
[2023-12-19T10:13:24.917+0000] {logging_mixin.py:154} INFO - [2023-12-19T10:13:24.917+0000] {dag.py:3722} INFO - Setting next_dagrun for example_xcom to 2021-01-01T00:00:00+00:00, run_after=2021-01-01T00:00:00+00:00
[2023-12-19T10:13:24.961+0000] {processor.py:179} INFO - Processing /home/airflow/.local/lib/python3.8/site-packages/airflow/example_dags/example_xcom.py took 0.168 seconds
[2023-12-19T10:13:55.630+0000] {processor.py:157} INFO - Started process (PID=31869) to work on /home/airflow/.local/lib/python3.8/site-packages/airflow/example_dags/example_xcom.py
[2023-12-19T10:13:55.633+0000] {processor.py:829} INFO - Processing file /home/airflow/.local/lib/python3.8/site-packages/airflow/example_dags/example_xcom.py for tasks to queue
[2023-12-19T10:13:55.637+0000] {logging_mixin.py:154} INFO - [2023-12-19T10:13:55.636+0000] {dagbag.py:536} INFO - Filling up the DagBag from /home/airflow/.local/lib/python3.8/site-packages/airflow/example_dags/example_xcom.py
[2023-12-19T10:13:55.654+0000] {processor.py:839} INFO - DAG(s) dict_keys(['example_xcom']) retrieved from /home/airflow/.local/lib/python3.8/site-packages/airflow/example_dags/example_xcom.py
[2023-12-19T10:13:55.699+0000] {logging_mixin.py:154} INFO - [2023-12-19T10:13:55.699+0000] {dag.py:2941} INFO - Sync 1 DAGs
[2023-12-19T10:13:55.742+0000] {logging_mixin.py:154} INFO - [2023-12-19T10:13:55.742+0000] {dag.py:3722} INFO - Setting next_dagrun for example_xcom to 2021-01-01T00:00:00+00:00, run_after=2021-01-01T00:00:00+00:00
[2023-12-19T10:13:55.773+0000] {processor.py:179} INFO - Processing /home/airflow/.local/lib/python3.8/site-packages/airflow/example_dags/example_xcom.py took 0.152 seconds
[2023-12-19T10:14:26.012+0000] {processor.py:157} INFO - Started process (PID=31924) to work on /home/airflow/.local/lib/python3.8/site-packages/airflow/example_dags/example_xcom.py
[2023-12-19T10:14:26.015+0000] {processor.py:829} INFO - Processing file /home/airflow/.local/lib/python3.8/site-packages/airflow/example_dags/example_xcom.py for tasks to queue
[2023-12-19T10:14:26.017+0000] {logging_mixin.py:154} INFO - [2023-12-19T10:14:26.016+0000] {dagbag.py:536} INFO - Filling up the DagBag from /home/airflow/.local/lib/python3.8/site-packages/airflow/example_dags/example_xcom.py
[2023-12-19T10:14:26.032+0000] {processor.py:839} INFO - DAG(s) dict_keys(['example_xcom']) retrieved from /home/airflow/.local/lib/python3.8/site-packages/airflow/example_dags/example_xcom.py
[2023-12-19T10:14:26.075+0000] {logging_mixin.py:154} INFO - [2023-12-19T10:14:26.075+0000] {dag.py:2941} INFO - Sync 1 DAGs
[2023-12-19T10:14:26.122+0000] {logging_mixin.py:154} INFO - [2023-12-19T10:14:26.121+0000] {dag.py:3722} INFO - Setting next_dagrun for example_xcom to 2021-01-01T00:00:00+00:00, run_after=2021-01-01T00:00:00+00:00
[2023-12-19T10:14:26.160+0000] {processor.py:179} INFO - Processing /home/airflow/.local/lib/python3.8/site-packages/airflow/example_dags/example_xcom.py took 0.155 seconds
[2023-12-19T10:14:57.150+0000] {processor.py:157} INFO - Started process (PID=31979) to work on /home/airflow/.local/lib/python3.8/site-packages/airflow/example_dags/example_xcom.py
[2023-12-19T10:14:57.153+0000] {processor.py:829} INFO - Processing file /home/airflow/.local/lib/python3.8/site-packages/airflow/example_dags/example_xcom.py for tasks to queue
[2023-12-19T10:14:57.156+0000] {logging_mixin.py:154} INFO - [2023-12-19T10:14:57.155+0000] {dagbag.py:536} INFO - Filling up the DagBag from /home/airflow/.local/lib/python3.8/site-packages/airflow/example_dags/example_xcom.py
[2023-12-19T10:14:57.174+0000] {processor.py:839} INFO - DAG(s) dict_keys(['example_xcom']) retrieved from /home/airflow/.local/lib/python3.8/site-packages/airflow/example_dags/example_xcom.py
[2023-12-19T10:14:57.219+0000] {logging_mixin.py:154} INFO - [2023-12-19T10:14:57.219+0000] {dag.py:2941} INFO - Sync 1 DAGs
[2023-12-19T10:14:57.274+0000] {logging_mixin.py:154} INFO - [2023-12-19T10:14:57.274+0000] {dag.py:3722} INFO - Setting next_dagrun for example_xcom to 2021-01-01T00:00:00+00:00, run_after=2021-01-01T00:00:00+00:00
[2023-12-19T10:14:57.305+0000] {processor.py:179} INFO - Processing /home/airflow/.local/lib/python3.8/site-packages/airflow/example_dags/example_xcom.py took 0.162 seconds
[2023-12-19T10:15:27.735+0000] {processor.py:157} INFO - Started process (PID=32035) to work on /home/airflow/.local/lib/python3.8/site-packages/airflow/example_dags/example_xcom.py
[2023-12-19T10:15:27.737+0000] {processor.py:829} INFO - Processing file /home/airflow/.local/lib/python3.8/site-packages/airflow/example_dags/example_xcom.py for tasks to queue
[2023-12-19T10:15:27.739+0000] {logging_mixin.py:154} INFO - [2023-12-19T10:15:27.738+0000] {dagbag.py:536} INFO - Filling up the DagBag from /home/airflow/.local/lib/python3.8/site-packages/airflow/example_dags/example_xcom.py
[2023-12-19T10:15:27.753+0000] {processor.py:839} INFO - DAG(s) dict_keys(['example_xcom']) retrieved from /home/airflow/.local/lib/python3.8/site-packages/airflow/example_dags/example_xcom.py
[2023-12-19T10:15:27.811+0000] {logging_mixin.py:154} INFO - [2023-12-19T10:15:27.810+0000] {dag.py:2941} INFO - Sync 1 DAGs
[2023-12-19T10:15:27.853+0000] {logging_mixin.py:154} INFO - [2023-12-19T10:15:27.853+0000] {dag.py:3722} INFO - Setting next_dagrun for example_xcom to 2021-01-01T00:00:00+00:00, run_after=2021-01-01T00:00:00+00:00
[2023-12-19T10:15:27.893+0000] {processor.py:179} INFO - Processing /home/airflow/.local/lib/python3.8/site-packages/airflow/example_dags/example_xcom.py took 0.165 seconds
[2023-12-19T10:15:58.642+0000] {processor.py:157} INFO - Started process (PID=32090) to work on /home/airflow/.local/lib/python3.8/site-packages/airflow/example_dags/example_xcom.py
[2023-12-19T10:15:58.644+0000] {processor.py:829} INFO - Processing file /home/airflow/.local/lib/python3.8/site-packages/airflow/example_dags/example_xcom.py for tasks to queue
[2023-12-19T10:15:58.646+0000] {logging_mixin.py:154} INFO - [2023-12-19T10:15:58.645+0000] {dagbag.py:536} INFO - Filling up the DagBag from /home/airflow/.local/lib/python3.8/site-packages/airflow/example_dags/example_xcom.py
[2023-12-19T10:15:58.659+0000] {processor.py:839} INFO - DAG(s) dict_keys(['example_xcom']) retrieved from /home/airflow/.local/lib/python3.8/site-packages/airflow/example_dags/example_xcom.py
[2023-12-19T10:15:58.700+0000] {logging_mixin.py:154} INFO - [2023-12-19T10:15:58.700+0000] {dag.py:2941} INFO - Sync 1 DAGs
[2023-12-19T10:15:58.740+0000] {logging_mixin.py:154} INFO - [2023-12-19T10:15:58.740+0000] {dag.py:3722} INFO - Setting next_dagrun for example_xcom to 2021-01-01T00:00:00+00:00, run_after=2021-01-01T00:00:00+00:00
[2023-12-19T10:15:58.775+0000] {processor.py:179} INFO - Processing /home/airflow/.local/lib/python3.8/site-packages/airflow/example_dags/example_xcom.py took 0.140 seconds
[2023-12-19T10:16:29.068+0000] {processor.py:157} INFO - Started process (PID=32145) to work on /home/airflow/.local/lib/python3.8/site-packages/airflow/example_dags/example_xcom.py
[2023-12-19T10:16:29.070+0000] {processor.py:829} INFO - Processing file /home/airflow/.local/lib/python3.8/site-packages/airflow/example_dags/example_xcom.py for tasks to queue
[2023-12-19T10:16:29.072+0000] {logging_mixin.py:154} INFO - [2023-12-19T10:16:29.072+0000] {dagbag.py:536} INFO - Filling up the DagBag from /home/airflow/.local/lib/python3.8/site-packages/airflow/example_dags/example_xcom.py
[2023-12-19T10:16:29.088+0000] {processor.py:839} INFO - DAG(s) dict_keys(['example_xcom']) retrieved from /home/airflow/.local/lib/python3.8/site-packages/airflow/example_dags/example_xcom.py
[2023-12-19T10:16:29.136+0000] {logging_mixin.py:154} INFO - [2023-12-19T10:16:29.135+0000] {dag.py:2941} INFO - Sync 1 DAGs
[2023-12-19T10:16:29.186+0000] {logging_mixin.py:154} INFO - [2023-12-19T10:16:29.185+0000] {dag.py:3722} INFO - Setting next_dagrun for example_xcom to 2021-01-01T00:00:00+00:00, run_after=2021-01-01T00:00:00+00:00
[2023-12-19T10:16:29.220+0000] {processor.py:179} INFO - Processing /home/airflow/.local/lib/python3.8/site-packages/airflow/example_dags/example_xcom.py took 0.158 seconds
[2023-12-19T10:17:00.163+0000] {processor.py:157} INFO - Started process (PID=32200) to work on /home/airflow/.local/lib/python3.8/site-packages/airflow/example_dags/example_xcom.py
[2023-12-19T10:17:00.166+0000] {processor.py:829} INFO - Processing file /home/airflow/.local/lib/python3.8/site-packages/airflow/example_dags/example_xcom.py for tasks to queue
[2023-12-19T10:17:00.168+0000] {logging_mixin.py:154} INFO - [2023-12-19T10:17:00.167+0000] {dagbag.py:536} INFO - Filling up the DagBag from /home/airflow/.local/lib/python3.8/site-packages/airflow/example_dags/example_xcom.py
[2023-12-19T10:17:00.184+0000] {processor.py:839} INFO - DAG(s) dict_keys(['example_xcom']) retrieved from /home/airflow/.local/lib/python3.8/site-packages/airflow/example_dags/example_xcom.py
[2023-12-19T10:17:00.229+0000] {logging_mixin.py:154} INFO - [2023-12-19T10:17:00.228+0000] {dag.py:2941} INFO - Sync 1 DAGs
[2023-12-19T10:17:00.271+0000] {logging_mixin.py:154} INFO - [2023-12-19T10:17:00.271+0000] {dag.py:3722} INFO - Setting next_dagrun for example_xcom to 2021-01-01T00:00:00+00:00, run_after=2021-01-01T00:00:00+00:00
[2023-12-19T10:17:00.310+0000] {processor.py:179} INFO - Processing /home/airflow/.local/lib/python3.8/site-packages/airflow/example_dags/example_xcom.py took 0.153 seconds
[2023-12-19T10:17:31.005+0000] {processor.py:157} INFO - Started process (PID=32255) to work on /home/airflow/.local/lib/python3.8/site-packages/airflow/example_dags/example_xcom.py
[2023-12-19T10:17:31.007+0000] {processor.py:829} INFO - Processing file /home/airflow/.local/lib/python3.8/site-packages/airflow/example_dags/example_xcom.py for tasks to queue
[2023-12-19T10:17:31.010+0000] {logging_mixin.py:154} INFO - [2023-12-19T10:17:31.010+0000] {dagbag.py:536} INFO - Filling up the DagBag from /home/airflow/.local/lib/python3.8/site-packages/airflow/example_dags/example_xcom.py
[2023-12-19T10:17:31.024+0000] {processor.py:839} INFO - DAG(s) dict_keys(['example_xcom']) retrieved from /home/airflow/.local/lib/python3.8/site-packages/airflow/example_dags/example_xcom.py
[2023-12-19T10:17:31.068+0000] {logging_mixin.py:154} INFO - [2023-12-19T10:17:31.067+0000] {dag.py:2941} INFO - Sync 1 DAGs
[2023-12-19T10:17:31.108+0000] {logging_mixin.py:154} INFO - [2023-12-19T10:17:31.108+0000] {dag.py:3722} INFO - Setting next_dagrun for example_xcom to 2021-01-01T00:00:00+00:00, run_after=2021-01-01T00:00:00+00:00
[2023-12-19T10:17:31.145+0000] {processor.py:179} INFO - Processing /home/airflow/.local/lib/python3.8/site-packages/airflow/example_dags/example_xcom.py took 0.147 seconds
[2023-12-19T10:18:01.487+0000] {processor.py:157} INFO - Started process (PID=32310) to work on /home/airflow/.local/lib/python3.8/site-packages/airflow/example_dags/example_xcom.py
[2023-12-19T10:18:01.490+0000] {processor.py:829} INFO - Processing file /home/airflow/.local/lib/python3.8/site-packages/airflow/example_dags/example_xcom.py for tasks to queue
[2023-12-19T10:18:01.494+0000] {logging_mixin.py:154} INFO - [2023-12-19T10:18:01.493+0000] {dagbag.py:536} INFO - Filling up the DagBag from /home/airflow/.local/lib/python3.8/site-packages/airflow/example_dags/example_xcom.py
[2023-12-19T10:18:01.511+0000] {processor.py:839} INFO - DAG(s) dict_keys(['example_xcom']) retrieved from /home/airflow/.local/lib/python3.8/site-packages/airflow/example_dags/example_xcom.py
[2023-12-19T10:18:01.554+0000] {logging_mixin.py:154} INFO - [2023-12-19T10:18:01.554+0000] {dag.py:2941} INFO - Sync 1 DAGs
[2023-12-19T10:18:01.590+0000] {logging_mixin.py:154} INFO - [2023-12-19T10:18:01.589+0000] {dag.py:3722} INFO - Setting next_dagrun for example_xcom to 2021-01-01T00:00:00+00:00, run_after=2021-01-01T00:00:00+00:00
[2023-12-19T10:18:01.622+0000] {processor.py:179} INFO - Processing /home/airflow/.local/lib/python3.8/site-packages/airflow/example_dags/example_xcom.py took 0.145 seconds
[2023-12-19T10:18:31.802+0000] {processor.py:157} INFO - Started process (PID=32365) to work on /home/airflow/.local/lib/python3.8/site-packages/airflow/example_dags/example_xcom.py
[2023-12-19T10:18:31.805+0000] {processor.py:829} INFO - Processing file /home/airflow/.local/lib/python3.8/site-packages/airflow/example_dags/example_xcom.py for tasks to queue
[2023-12-19T10:18:31.808+0000] {logging_mixin.py:154} INFO - [2023-12-19T10:18:31.807+0000] {dagbag.py:536} INFO - Filling up the DagBag from /home/airflow/.local/lib/python3.8/site-packages/airflow/example_dags/example_xcom.py
[2023-12-19T10:18:31.826+0000] {processor.py:839} INFO - DAG(s) dict_keys(['example_xcom']) retrieved from /home/airflow/.local/lib/python3.8/site-packages/airflow/example_dags/example_xcom.py
[2023-12-19T10:18:31.871+0000] {logging_mixin.py:154} INFO - [2023-12-19T10:18:31.871+0000] {dag.py:2941} INFO - Sync 1 DAGs
[2023-12-19T10:18:31.913+0000] {logging_mixin.py:154} INFO - [2023-12-19T10:18:31.913+0000] {dag.py:3722} INFO - Setting next_dagrun for example_xcom to 2021-01-01T00:00:00+00:00, run_after=2021-01-01T00:00:00+00:00
[2023-12-19T10:18:31.950+0000] {processor.py:179} INFO - Processing /home/airflow/.local/lib/python3.8/site-packages/airflow/example_dags/example_xcom.py took 0.159 seconds
[2023-12-19T10:19:02.124+0000] {processor.py:157} INFO - Started process (PID=32420) to work on /home/airflow/.local/lib/python3.8/site-packages/airflow/example_dags/example_xcom.py
[2023-12-19T10:19:02.127+0000] {processor.py:829} INFO - Processing file /home/airflow/.local/lib/python3.8/site-packages/airflow/example_dags/example_xcom.py for tasks to queue
[2023-12-19T10:19:02.128+0000] {logging_mixin.py:154} INFO - [2023-12-19T10:19:02.128+0000] {dagbag.py:536} INFO - Filling up the DagBag from /home/airflow/.local/lib/python3.8/site-packages/airflow/example_dags/example_xcom.py
[2023-12-19T10:19:02.142+0000] {processor.py:839} INFO - DAG(s) dict_keys(['example_xcom']) retrieved from /home/airflow/.local/lib/python3.8/site-packages/airflow/example_dags/example_xcom.py
[2023-12-19T10:19:02.182+0000] {logging_mixin.py:154} INFO - [2023-12-19T10:19:02.181+0000] {dag.py:2941} INFO - Sync 1 DAGs
[2023-12-19T10:19:02.223+0000] {logging_mixin.py:154} INFO - [2023-12-19T10:19:02.222+0000] {dag.py:3722} INFO - Setting next_dagrun for example_xcom to 2021-01-01T00:00:00+00:00, run_after=2021-01-01T00:00:00+00:00
[2023-12-19T10:19:02.258+0000] {processor.py:179} INFO - Processing /home/airflow/.local/lib/python3.8/site-packages/airflow/example_dags/example_xcom.py took 0.141 seconds
[2023-12-19T10:19:32.376+0000] {processor.py:157} INFO - Started process (PID=32474) to work on /home/airflow/.local/lib/python3.8/site-packages/airflow/example_dags/example_xcom.py
[2023-12-19T10:19:32.379+0000] {processor.py:829} INFO - Processing file /home/airflow/.local/lib/python3.8/site-packages/airflow/example_dags/example_xcom.py for tasks to queue
[2023-12-19T10:19:32.382+0000] {logging_mixin.py:154} INFO - [2023-12-19T10:19:32.381+0000] {dagbag.py:536} INFO - Filling up the DagBag from /home/airflow/.local/lib/python3.8/site-packages/airflow/example_dags/example_xcom.py
[2023-12-19T10:19:32.398+0000] {processor.py:839} INFO - DAG(s) dict_keys(['example_xcom']) retrieved from /home/airflow/.local/lib/python3.8/site-packages/airflow/example_dags/example_xcom.py
[2023-12-19T10:19:32.435+0000] {logging_mixin.py:154} INFO - [2023-12-19T10:19:32.435+0000] {dag.py:2941} INFO - Sync 1 DAGs
[2023-12-19T10:19:32.470+0000] {logging_mixin.py:154} INFO - [2023-12-19T10:19:32.469+0000] {dag.py:3722} INFO - Setting next_dagrun for example_xcom to 2021-01-01T00:00:00+00:00, run_after=2021-01-01T00:00:00+00:00
[2023-12-19T10:19:32.504+0000] {processor.py:179} INFO - Processing /home/airflow/.local/lib/python3.8/site-packages/airflow/example_dags/example_xcom.py took 0.134 seconds
[2023-12-19T10:20:02.704+0000] {processor.py:157} INFO - Started process (PID=32530) to work on /home/airflow/.local/lib/python3.8/site-packages/airflow/example_dags/example_xcom.py
[2023-12-19T10:20:02.709+0000] {processor.py:829} INFO - Processing file /home/airflow/.local/lib/python3.8/site-packages/airflow/example_dags/example_xcom.py for tasks to queue
[2023-12-19T10:20:02.711+0000] {logging_mixin.py:154} INFO - [2023-12-19T10:20:02.710+0000] {dagbag.py:536} INFO - Filling up the DagBag from /home/airflow/.local/lib/python3.8/site-packages/airflow/example_dags/example_xcom.py
[2023-12-19T10:20:02.727+0000] {processor.py:839} INFO - DAG(s) dict_keys(['example_xcom']) retrieved from /home/airflow/.local/lib/python3.8/site-packages/airflow/example_dags/example_xcom.py
[2023-12-19T10:20:02.768+0000] {logging_mixin.py:154} INFO - [2023-12-19T10:20:02.768+0000] {dag.py:2941} INFO - Sync 1 DAGs
[2023-12-19T10:20:02.805+0000] {logging_mixin.py:154} INFO - [2023-12-19T10:20:02.805+0000] {dag.py:3722} INFO - Setting next_dagrun for example_xcom to 2021-01-01T00:00:00+00:00, run_after=2021-01-01T00:00:00+00:00
[2023-12-19T10:20:02.840+0000] {processor.py:179} INFO - Processing /home/airflow/.local/lib/python3.8/site-packages/airflow/example_dags/example_xcom.py took 0.143 seconds
[2023-12-19T10:20:33.421+0000] {processor.py:157} INFO - Started process (PID=32585) to work on /home/airflow/.local/lib/python3.8/site-packages/airflow/example_dags/example_xcom.py
[2023-12-19T10:20:33.424+0000] {processor.py:829} INFO - Processing file /home/airflow/.local/lib/python3.8/site-packages/airflow/example_dags/example_xcom.py for tasks to queue
[2023-12-19T10:20:33.426+0000] {logging_mixin.py:154} INFO - [2023-12-19T10:20:33.425+0000] {dagbag.py:536} INFO - Filling up the DagBag from /home/airflow/.local/lib/python3.8/site-packages/airflow/example_dags/example_xcom.py
[2023-12-19T10:20:33.440+0000] {processor.py:839} INFO - DAG(s) dict_keys(['example_xcom']) retrieved from /home/airflow/.local/lib/python3.8/site-packages/airflow/example_dags/example_xcom.py
[2023-12-19T10:20:33.480+0000] {logging_mixin.py:154} INFO - [2023-12-19T10:20:33.479+0000] {dag.py:2941} INFO - Sync 1 DAGs
[2023-12-19T10:20:33.521+0000] {logging_mixin.py:154} INFO - [2023-12-19T10:20:33.520+0000] {dag.py:3722} INFO - Setting next_dagrun for example_xcom to 2021-01-01T00:00:00+00:00, run_after=2021-01-01T00:00:00+00:00
[2023-12-19T10:20:33.559+0000] {processor.py:179} INFO - Processing /home/airflow/.local/lib/python3.8/site-packages/airflow/example_dags/example_xcom.py took 0.145 seconds
[2023-12-19T10:21:04.573+0000] {processor.py:157} INFO - Started process (PID=32641) to work on /home/airflow/.local/lib/python3.8/site-packages/airflow/example_dags/example_xcom.py
[2023-12-19T10:21:04.575+0000] {processor.py:829} INFO - Processing file /home/airflow/.local/lib/python3.8/site-packages/airflow/example_dags/example_xcom.py for tasks to queue
[2023-12-19T10:21:04.577+0000] {logging_mixin.py:154} INFO - [2023-12-19T10:21:04.577+0000] {dagbag.py:536} INFO - Filling up the DagBag from /home/airflow/.local/lib/python3.8/site-packages/airflow/example_dags/example_xcom.py
[2023-12-19T10:21:04.595+0000] {processor.py:839} INFO - DAG(s) dict_keys(['example_xcom']) retrieved from /home/airflow/.local/lib/python3.8/site-packages/airflow/example_dags/example_xcom.py
[2023-12-19T10:21:04.651+0000] {logging_mixin.py:154} INFO - [2023-12-19T10:21:04.651+0000] {dag.py:2941} INFO - Sync 1 DAGs
[2023-12-19T10:21:04.691+0000] {logging_mixin.py:154} INFO - [2023-12-19T10:21:04.691+0000] {dag.py:3722} INFO - Setting next_dagrun for example_xcom to 2021-01-01T00:00:00+00:00, run_after=2021-01-01T00:00:00+00:00
[2023-12-19T10:21:04.734+0000] {processor.py:179} INFO - Processing /home/airflow/.local/lib/python3.8/site-packages/airflow/example_dags/example_xcom.py took 0.169 seconds
[2023-12-19T10:21:35.710+0000] {processor.py:157} INFO - Started process (PID=32703) to work on /home/airflow/.local/lib/python3.8/site-packages/airflow/example_dags/example_xcom.py
[2023-12-19T10:21:35.712+0000] {processor.py:829} INFO - Processing file /home/airflow/.local/lib/python3.8/site-packages/airflow/example_dags/example_xcom.py for tasks to queue
[2023-12-19T10:21:35.716+0000] {logging_mixin.py:154} INFO - [2023-12-19T10:21:35.716+0000] {dagbag.py:536} INFO - Filling up the DagBag from /home/airflow/.local/lib/python3.8/site-packages/airflow/example_dags/example_xcom.py
[2023-12-19T10:21:35.731+0000] {processor.py:839} INFO - DAG(s) dict_keys(['example_xcom']) retrieved from /home/airflow/.local/lib/python3.8/site-packages/airflow/example_dags/example_xcom.py
[2023-12-19T10:21:35.771+0000] {logging_mixin.py:154} INFO - [2023-12-19T10:21:35.770+0000] {dag.py:2941} INFO - Sync 1 DAGs
[2023-12-19T10:21:35.806+0000] {logging_mixin.py:154} INFO - [2023-12-19T10:21:35.805+0000] {dag.py:3722} INFO - Setting next_dagrun for example_xcom to 2021-01-01T00:00:00+00:00, run_after=2021-01-01T00:00:00+00:00
[2023-12-19T10:21:35.843+0000] {processor.py:179} INFO - Processing /home/airflow/.local/lib/python3.8/site-packages/airflow/example_dags/example_xcom.py took 0.139 seconds
[2023-12-19T10:22:05.950+0000] {processor.py:157} INFO - Started process (PID=32758) to work on /home/airflow/.local/lib/python3.8/site-packages/airflow/example_dags/example_xcom.py
[2023-12-19T10:22:05.953+0000] {processor.py:829} INFO - Processing file /home/airflow/.local/lib/python3.8/site-packages/airflow/example_dags/example_xcom.py for tasks to queue
[2023-12-19T10:22:05.955+0000] {logging_mixin.py:154} INFO - [2023-12-19T10:22:05.955+0000] {dagbag.py:536} INFO - Filling up the DagBag from /home/airflow/.local/lib/python3.8/site-packages/airflow/example_dags/example_xcom.py
[2023-12-19T10:22:05.970+0000] {processor.py:839} INFO - DAG(s) dict_keys(['example_xcom']) retrieved from /home/airflow/.local/lib/python3.8/site-packages/airflow/example_dags/example_xcom.py
[2023-12-19T10:22:06.011+0000] {logging_mixin.py:154} INFO - [2023-12-19T10:22:06.010+0000] {dag.py:2941} INFO - Sync 1 DAGs
[2023-12-19T10:22:06.050+0000] {logging_mixin.py:154} INFO - [2023-12-19T10:22:06.049+0000] {dag.py:3722} INFO - Setting next_dagrun for example_xcom to 2021-01-01T00:00:00+00:00, run_after=2021-01-01T00:00:00+00:00
[2023-12-19T10:22:06.085+0000] {processor.py:179} INFO - Processing /home/airflow/.local/lib/python3.8/site-packages/airflow/example_dags/example_xcom.py took 0.141 seconds
[2023-12-19T10:22:36.357+0000] {processor.py:157} INFO - Started process (PID=32813) to work on /home/airflow/.local/lib/python3.8/site-packages/airflow/example_dags/example_xcom.py
[2023-12-19T10:22:36.362+0000] {processor.py:829} INFO - Processing file /home/airflow/.local/lib/python3.8/site-packages/airflow/example_dags/example_xcom.py for tasks to queue
[2023-12-19T10:22:36.365+0000] {logging_mixin.py:154} INFO - [2023-12-19T10:22:36.364+0000] {dagbag.py:536} INFO - Filling up the DagBag from /home/airflow/.local/lib/python3.8/site-packages/airflow/example_dags/example_xcom.py
[2023-12-19T10:22:36.380+0000] {processor.py:839} INFO - DAG(s) dict_keys(['example_xcom']) retrieved from /home/airflow/.local/lib/python3.8/site-packages/airflow/example_dags/example_xcom.py
[2023-12-19T10:22:36.419+0000] {logging_mixin.py:154} INFO - [2023-12-19T10:22:36.419+0000] {dag.py:2941} INFO - Sync 1 DAGs
[2023-12-19T10:22:36.455+0000] {logging_mixin.py:154} INFO - [2023-12-19T10:22:36.455+0000] {dag.py:3722} INFO - Setting next_dagrun for example_xcom to 2021-01-01T00:00:00+00:00, run_after=2021-01-01T00:00:00+00:00
[2023-12-19T10:22:36.490+0000] {processor.py:179} INFO - Processing /home/airflow/.local/lib/python3.8/site-packages/airflow/example_dags/example_xcom.py took 0.139 seconds
[2023-12-19T10:23:06.783+0000] {processor.py:157} INFO - Started process (PID=32868) to work on /home/airflow/.local/lib/python3.8/site-packages/airflow/example_dags/example_xcom.py
[2023-12-19T10:23:06.786+0000] {processor.py:829} INFO - Processing file /home/airflow/.local/lib/python3.8/site-packages/airflow/example_dags/example_xcom.py for tasks to queue
[2023-12-19T10:23:06.789+0000] {logging_mixin.py:154} INFO - [2023-12-19T10:23:06.788+0000] {dagbag.py:536} INFO - Filling up the DagBag from /home/airflow/.local/lib/python3.8/site-packages/airflow/example_dags/example_xcom.py
[2023-12-19T10:23:06.807+0000] {processor.py:839} INFO - DAG(s) dict_keys(['example_xcom']) retrieved from /home/airflow/.local/lib/python3.8/site-packages/airflow/example_dags/example_xcom.py
[2023-12-19T10:23:06.847+0000] {logging_mixin.py:154} INFO - [2023-12-19T10:23:06.846+0000] {dag.py:2941} INFO - Sync 1 DAGs
[2023-12-19T10:23:06.883+0000] {logging_mixin.py:154} INFO - [2023-12-19T10:23:06.883+0000] {dag.py:3722} INFO - Setting next_dagrun for example_xcom to 2021-01-01T00:00:00+00:00, run_after=2021-01-01T00:00:00+00:00
[2023-12-19T10:23:06.917+0000] {processor.py:179} INFO - Processing /home/airflow/.local/lib/python3.8/site-packages/airflow/example_dags/example_xcom.py took 0.144 seconds
[2023-12-19T10:23:37.329+0000] {processor.py:157} INFO - Started process (PID=32923) to work on /home/airflow/.local/lib/python3.8/site-packages/airflow/example_dags/example_xcom.py
[2023-12-19T10:23:37.332+0000] {processor.py:829} INFO - Processing file /home/airflow/.local/lib/python3.8/site-packages/airflow/example_dags/example_xcom.py for tasks to queue
[2023-12-19T10:23:37.334+0000] {logging_mixin.py:154} INFO - [2023-12-19T10:23:37.333+0000] {dagbag.py:536} INFO - Filling up the DagBag from /home/airflow/.local/lib/python3.8/site-packages/airflow/example_dags/example_xcom.py
[2023-12-19T10:23:37.348+0000] {processor.py:839} INFO - DAG(s) dict_keys(['example_xcom']) retrieved from /home/airflow/.local/lib/python3.8/site-packages/airflow/example_dags/example_xcom.py
[2023-12-19T10:23:37.393+0000] {logging_mixin.py:154} INFO - [2023-12-19T10:23:37.393+0000] {dag.py:2941} INFO - Sync 1 DAGs
[2023-12-19T10:23:37.440+0000] {logging_mixin.py:154} INFO - [2023-12-19T10:23:37.440+0000] {dag.py:3722} INFO - Setting next_dagrun for example_xcom to 2021-01-01T00:00:00+00:00, run_after=2021-01-01T00:00:00+00:00
[2023-12-19T10:23:37.499+0000] {processor.py:179} INFO - Processing /home/airflow/.local/lib/python3.8/site-packages/airflow/example_dags/example_xcom.py took 0.176 seconds
