[2023-12-19T09:58:58.064+0000] {processor.py:157} INFO - Started process (PID=30265) to work on /home/airflow/.local/lib/python3.8/site-packages/airflow/example_dags/example_params_ui_tutorial.py
[2023-12-19T09:58:58.067+0000] {processor.py:829} INFO - Processing file /home/airflow/.local/lib/python3.8/site-packages/airflow/example_dags/example_params_ui_tutorial.py for tasks to queue
[2023-12-19T09:58:58.069+0000] {logging_mixin.py:154} INFO - [2023-12-19T09:58:58.069+0000] {dagbag.py:536} INFO - Filling up the DagBag from /home/airflow/.local/lib/python3.8/site-packages/airflow/example_dags/example_params_ui_tutorial.py
[2023-12-19T09:58:58.170+0000] {processor.py:839} INFO - DAG(s) dict_keys(['example_params_ui_tutorial']) retrieved from /home/airflow/.local/lib/python3.8/site-packages/airflow/example_dags/example_params_ui_tutorial.py
[2023-12-19T09:58:58.571+0000] {logging_mixin.py:154} INFO - [2023-12-19T09:58:58.570+0000] {dag.py:2941} INFO - Sync 1 DAGs
[2023-12-19T09:58:58.609+0000] {logging_mixin.py:154} INFO - [2023-12-19T09:58:58.609+0000] {dag.py:3722} INFO - Setting next_dagrun for example_params_ui_tutorial to None, run_after=None
[2023-12-19T09:58:58.791+0000] {processor.py:179} INFO - Processing /home/airflow/.local/lib/python3.8/site-packages/airflow/example_dags/example_params_ui_tutorial.py took 0.735 seconds
[2023-12-19T09:59:29.074+0000] {processor.py:157} INFO - Started process (PID=30321) to work on /home/airflow/.local/lib/python3.8/site-packages/airflow/example_dags/example_params_ui_tutorial.py
[2023-12-19T09:59:29.078+0000] {processor.py:829} INFO - Processing file /home/airflow/.local/lib/python3.8/site-packages/airflow/example_dags/example_params_ui_tutorial.py for tasks to queue
[2023-12-19T09:59:29.081+0000] {logging_mixin.py:154} INFO - [2023-12-19T09:59:29.081+0000] {dagbag.py:536} INFO - Filling up the DagBag from /home/airflow/.local/lib/python3.8/site-packages/airflow/example_dags/example_params_ui_tutorial.py
[2023-12-19T09:59:29.211+0000] {processor.py:839} INFO - DAG(s) dict_keys(['example_params_ui_tutorial']) retrieved from /home/airflow/.local/lib/python3.8/site-packages/airflow/example_dags/example_params_ui_tutorial.py
[2023-12-19T09:59:29.384+0000] {logging_mixin.py:154} INFO - [2023-12-19T09:59:29.383+0000] {dag.py:2941} INFO - Sync 1 DAGs
[2023-12-19T09:59:29.435+0000] {logging_mixin.py:154} INFO - [2023-12-19T09:59:29.435+0000] {dag.py:3722} INFO - Setting next_dagrun for example_params_ui_tutorial to None, run_after=None
[2023-12-19T09:59:29.482+0000] {processor.py:179} INFO - Processing /home/airflow/.local/lib/python3.8/site-packages/airflow/example_dags/example_params_ui_tutorial.py took 0.420 seconds
[2023-12-19T10:00:00.372+0000] {processor.py:157} INFO - Started process (PID=30376) to work on /home/airflow/.local/lib/python3.8/site-packages/airflow/example_dags/example_params_ui_tutorial.py
[2023-12-19T10:00:00.378+0000] {processor.py:829} INFO - Processing file /home/airflow/.local/lib/python3.8/site-packages/airflow/example_dags/example_params_ui_tutorial.py for tasks to queue
[2023-12-19T10:00:00.383+0000] {logging_mixin.py:154} INFO - [2023-12-19T10:00:00.382+0000] {dagbag.py:536} INFO - Filling up the DagBag from /home/airflow/.local/lib/python3.8/site-packages/airflow/example_dags/example_params_ui_tutorial.py
[2023-12-19T10:00:00.484+0000] {processor.py:839} INFO - DAG(s) dict_keys(['example_params_ui_tutorial']) retrieved from /home/airflow/.local/lib/python3.8/site-packages/airflow/example_dags/example_params_ui_tutorial.py
[2023-12-19T10:00:00.620+0000] {logging_mixin.py:154} INFO - [2023-12-19T10:00:00.620+0000] {dag.py:2941} INFO - Sync 1 DAGs
[2023-12-19T10:00:00.651+0000] {logging_mixin.py:154} INFO - [2023-12-19T10:00:00.650+0000] {dag.py:3722} INFO - Setting next_dagrun for example_params_ui_tutorial to None, run_after=None
[2023-12-19T10:00:00.693+0000] {processor.py:179} INFO - Processing /home/airflow/.local/lib/python3.8/site-packages/airflow/example_dags/example_params_ui_tutorial.py took 0.338 seconds
[2023-12-19T10:00:31.005+0000] {processor.py:157} INFO - Started process (PID=30431) to work on /home/airflow/.local/lib/python3.8/site-packages/airflow/example_dags/example_params_ui_tutorial.py
[2023-12-19T10:00:31.009+0000] {processor.py:829} INFO - Processing file /home/airflow/.local/lib/python3.8/site-packages/airflow/example_dags/example_params_ui_tutorial.py for tasks to queue
[2023-12-19T10:00:31.011+0000] {logging_mixin.py:154} INFO - [2023-12-19T10:00:31.011+0000] {dagbag.py:536} INFO - Filling up the DagBag from /home/airflow/.local/lib/python3.8/site-packages/airflow/example_dags/example_params_ui_tutorial.py
[2023-12-19T10:00:31.089+0000] {processor.py:839} INFO - DAG(s) dict_keys(['example_params_ui_tutorial']) retrieved from /home/airflow/.local/lib/python3.8/site-packages/airflow/example_dags/example_params_ui_tutorial.py
[2023-12-19T10:00:31.195+0000] {logging_mixin.py:154} INFO - [2023-12-19T10:00:31.194+0000] {dag.py:2941} INFO - Sync 1 DAGs
[2023-12-19T10:00:31.220+0000] {logging_mixin.py:154} INFO - [2023-12-19T10:00:31.220+0000] {dag.py:3722} INFO - Setting next_dagrun for example_params_ui_tutorial to None, run_after=None
[2023-12-19T10:00:31.251+0000] {processor.py:179} INFO - Processing /home/airflow/.local/lib/python3.8/site-packages/airflow/example_dags/example_params_ui_tutorial.py took 0.252 seconds
[2023-12-19T10:01:06.478+0000] {processor.py:157} INFO - Started process (PID=30486) to work on /home/airflow/.local/lib/python3.8/site-packages/airflow/example_dags/example_params_ui_tutorial.py
[2023-12-19T10:01:06.482+0000] {processor.py:829} INFO - Processing file /home/airflow/.local/lib/python3.8/site-packages/airflow/example_dags/example_params_ui_tutorial.py for tasks to queue
[2023-12-19T10:01:06.485+0000] {logging_mixin.py:154} INFO - [2023-12-19T10:01:06.484+0000] {dagbag.py:536} INFO - Filling up the DagBag from /home/airflow/.local/lib/python3.8/site-packages/airflow/example_dags/example_params_ui_tutorial.py
[2023-12-19T10:01:06.587+0000] {processor.py:839} INFO - DAG(s) dict_keys(['example_params_ui_tutorial']) retrieved from /home/airflow/.local/lib/python3.8/site-packages/airflow/example_dags/example_params_ui_tutorial.py
[2023-12-19T10:01:06.730+0000] {logging_mixin.py:154} INFO - [2023-12-19T10:01:06.729+0000] {dag.py:2941} INFO - Sync 1 DAGs
[2023-12-19T10:01:06.783+0000] {logging_mixin.py:154} INFO - [2023-12-19T10:01:06.783+0000] {dag.py:3722} INFO - Setting next_dagrun for example_params_ui_tutorial to None, run_after=None
[2023-12-19T10:01:06.825+0000] {processor.py:179} INFO - Processing /home/airflow/.local/lib/python3.8/site-packages/airflow/example_dags/example_params_ui_tutorial.py took 0.356 seconds
[2023-12-19T10:01:37.190+0000] {processor.py:157} INFO - Started process (PID=30540) to work on /home/airflow/.local/lib/python3.8/site-packages/airflow/example_dags/example_params_ui_tutorial.py
[2023-12-19T10:01:37.193+0000] {processor.py:829} INFO - Processing file /home/airflow/.local/lib/python3.8/site-packages/airflow/example_dags/example_params_ui_tutorial.py for tasks to queue
[2023-12-19T10:01:37.196+0000] {logging_mixin.py:154} INFO - [2023-12-19T10:01:37.195+0000] {dagbag.py:536} INFO - Filling up the DagBag from /home/airflow/.local/lib/python3.8/site-packages/airflow/example_dags/example_params_ui_tutorial.py
[2023-12-19T10:01:37.264+0000] {processor.py:839} INFO - DAG(s) dict_keys(['example_params_ui_tutorial']) retrieved from /home/airflow/.local/lib/python3.8/site-packages/airflow/example_dags/example_params_ui_tutorial.py
[2023-12-19T10:01:37.368+0000] {logging_mixin.py:154} INFO - [2023-12-19T10:01:37.367+0000] {dag.py:2941} INFO - Sync 1 DAGs
[2023-12-19T10:01:37.402+0000] {logging_mixin.py:154} INFO - [2023-12-19T10:01:37.402+0000] {dag.py:3722} INFO - Setting next_dagrun for example_params_ui_tutorial to None, run_after=None
[2023-12-19T10:01:37.445+0000] {processor.py:179} INFO - Processing /home/airflow/.local/lib/python3.8/site-packages/airflow/example_dags/example_params_ui_tutorial.py took 0.264 seconds
[2023-12-19T10:02:07.906+0000] {processor.py:157} INFO - Started process (PID=30595) to work on /home/airflow/.local/lib/python3.8/site-packages/airflow/example_dags/example_params_ui_tutorial.py
[2023-12-19T10:02:07.910+0000] {processor.py:829} INFO - Processing file /home/airflow/.local/lib/python3.8/site-packages/airflow/example_dags/example_params_ui_tutorial.py for tasks to queue
[2023-12-19T10:02:07.912+0000] {logging_mixin.py:154} INFO - [2023-12-19T10:02:07.912+0000] {dagbag.py:536} INFO - Filling up the DagBag from /home/airflow/.local/lib/python3.8/site-packages/airflow/example_dags/example_params_ui_tutorial.py
[2023-12-19T10:02:07.978+0000] {processor.py:839} INFO - DAG(s) dict_keys(['example_params_ui_tutorial']) retrieved from /home/airflow/.local/lib/python3.8/site-packages/airflow/example_dags/example_params_ui_tutorial.py
[2023-12-19T10:02:08.089+0000] {logging_mixin.py:154} INFO - [2023-12-19T10:02:08.087+0000] {dag.py:2941} INFO - Sync 1 DAGs
[2023-12-19T10:02:08.115+0000] {logging_mixin.py:154} INFO - [2023-12-19T10:02:08.115+0000] {dag.py:3722} INFO - Setting next_dagrun for example_params_ui_tutorial to None, run_after=None
[2023-12-19T10:02:08.157+0000] {processor.py:179} INFO - Processing /home/airflow/.local/lib/python3.8/site-packages/airflow/example_dags/example_params_ui_tutorial.py took 0.258 seconds
[2023-12-19T10:02:38.648+0000] {processor.py:157} INFO - Started process (PID=30651) to work on /home/airflow/.local/lib/python3.8/site-packages/airflow/example_dags/example_params_ui_tutorial.py
[2023-12-19T10:02:38.650+0000] {processor.py:829} INFO - Processing file /home/airflow/.local/lib/python3.8/site-packages/airflow/example_dags/example_params_ui_tutorial.py for tasks to queue
[2023-12-19T10:02:38.652+0000] {logging_mixin.py:154} INFO - [2023-12-19T10:02:38.651+0000] {dagbag.py:536} INFO - Filling up the DagBag from /home/airflow/.local/lib/python3.8/site-packages/airflow/example_dags/example_params_ui_tutorial.py
[2023-12-19T10:02:38.714+0000] {processor.py:839} INFO - DAG(s) dict_keys(['example_params_ui_tutorial']) retrieved from /home/airflow/.local/lib/python3.8/site-packages/airflow/example_dags/example_params_ui_tutorial.py
[2023-12-19T10:02:38.807+0000] {logging_mixin.py:154} INFO - [2023-12-19T10:02:38.807+0000] {dag.py:2941} INFO - Sync 1 DAGs
[2023-12-19T10:02:38.830+0000] {logging_mixin.py:154} INFO - [2023-12-19T10:02:38.830+0000] {dag.py:3722} INFO - Setting next_dagrun for example_params_ui_tutorial to None, run_after=None
[2023-12-19T10:02:38.865+0000] {processor.py:179} INFO - Processing /home/airflow/.local/lib/python3.8/site-packages/airflow/example_dags/example_params_ui_tutorial.py took 0.224 seconds
[2023-12-19T10:03:09.320+0000] {processor.py:157} INFO - Started process (PID=30705) to work on /home/airflow/.local/lib/python3.8/site-packages/airflow/example_dags/example_params_ui_tutorial.py
[2023-12-19T10:03:09.324+0000] {processor.py:829} INFO - Processing file /home/airflow/.local/lib/python3.8/site-packages/airflow/example_dags/example_params_ui_tutorial.py for tasks to queue
[2023-12-19T10:03:09.327+0000] {logging_mixin.py:154} INFO - [2023-12-19T10:03:09.326+0000] {dagbag.py:536} INFO - Filling up the DagBag from /home/airflow/.local/lib/python3.8/site-packages/airflow/example_dags/example_params_ui_tutorial.py
[2023-12-19T10:03:09.409+0000] {processor.py:839} INFO - DAG(s) dict_keys(['example_params_ui_tutorial']) retrieved from /home/airflow/.local/lib/python3.8/site-packages/airflow/example_dags/example_params_ui_tutorial.py
[2023-12-19T10:03:09.524+0000] {logging_mixin.py:154} INFO - [2023-12-19T10:03:09.524+0000] {dag.py:2941} INFO - Sync 1 DAGs
[2023-12-19T10:03:09.548+0000] {logging_mixin.py:154} INFO - [2023-12-19T10:03:09.548+0000] {dag.py:3722} INFO - Setting next_dagrun for example_params_ui_tutorial to None, run_after=None
[2023-12-19T10:03:09.589+0000] {processor.py:179} INFO - Processing /home/airflow/.local/lib/python3.8/site-packages/airflow/example_dags/example_params_ui_tutorial.py took 0.297 seconds
[2023-12-19T10:03:39.930+0000] {processor.py:157} INFO - Started process (PID=30760) to work on /home/airflow/.local/lib/python3.8/site-packages/airflow/example_dags/example_params_ui_tutorial.py
[2023-12-19T10:03:39.946+0000] {processor.py:829} INFO - Processing file /home/airflow/.local/lib/python3.8/site-packages/airflow/example_dags/example_params_ui_tutorial.py for tasks to queue
[2023-12-19T10:03:39.951+0000] {logging_mixin.py:154} INFO - [2023-12-19T10:03:39.949+0000] {dagbag.py:536} INFO - Filling up the DagBag from /home/airflow/.local/lib/python3.8/site-packages/airflow/example_dags/example_params_ui_tutorial.py
[2023-12-19T10:03:40.226+0000] {processor.py:839} INFO - DAG(s) dict_keys(['example_params_ui_tutorial']) retrieved from /home/airflow/.local/lib/python3.8/site-packages/airflow/example_dags/example_params_ui_tutorial.py
[2023-12-19T10:03:40.350+0000] {logging_mixin.py:154} INFO - [2023-12-19T10:03:40.350+0000] {dag.py:2941} INFO - Sync 1 DAGs
[2023-12-19T10:03:40.372+0000] {logging_mixin.py:154} INFO - [2023-12-19T10:03:40.372+0000] {dag.py:3722} INFO - Setting next_dagrun for example_params_ui_tutorial to None, run_after=None
[2023-12-19T10:03:40.408+0000] {processor.py:179} INFO - Processing /home/airflow/.local/lib/python3.8/site-packages/airflow/example_dags/example_params_ui_tutorial.py took 0.512 seconds
[2023-12-19T10:04:11.172+0000] {processor.py:157} INFO - Started process (PID=30815) to work on /home/airflow/.local/lib/python3.8/site-packages/airflow/example_dags/example_params_ui_tutorial.py
[2023-12-19T10:04:11.177+0000] {processor.py:829} INFO - Processing file /home/airflow/.local/lib/python3.8/site-packages/airflow/example_dags/example_params_ui_tutorial.py for tasks to queue
[2023-12-19T10:04:11.183+0000] {logging_mixin.py:154} INFO - [2023-12-19T10:04:11.182+0000] {dagbag.py:536} INFO - Filling up the DagBag from /home/airflow/.local/lib/python3.8/site-packages/airflow/example_dags/example_params_ui_tutorial.py
[2023-12-19T10:04:11.384+0000] {processor.py:839} INFO - DAG(s) dict_keys(['example_params_ui_tutorial']) retrieved from /home/airflow/.local/lib/python3.8/site-packages/airflow/example_dags/example_params_ui_tutorial.py
[2023-12-19T10:04:11.553+0000] {logging_mixin.py:154} INFO - [2023-12-19T10:04:11.553+0000] {dag.py:2941} INFO - Sync 1 DAGs
[2023-12-19T10:04:11.637+0000] {logging_mixin.py:154} INFO - [2023-12-19T10:04:11.637+0000] {dag.py:3722} INFO - Setting next_dagrun for example_params_ui_tutorial to None, run_after=None
[2023-12-19T10:04:11.698+0000] {processor.py:179} INFO - Processing /home/airflow/.local/lib/python3.8/site-packages/airflow/example_dags/example_params_ui_tutorial.py took 0.538 seconds
[2023-12-19T10:04:42.001+0000] {processor.py:157} INFO - Started process (PID=30871) to work on /home/airflow/.local/lib/python3.8/site-packages/airflow/example_dags/example_params_ui_tutorial.py
[2023-12-19T10:04:42.004+0000] {processor.py:829} INFO - Processing file /home/airflow/.local/lib/python3.8/site-packages/airflow/example_dags/example_params_ui_tutorial.py for tasks to queue
[2023-12-19T10:04:42.007+0000] {logging_mixin.py:154} INFO - [2023-12-19T10:04:42.006+0000] {dagbag.py:536} INFO - Filling up the DagBag from /home/airflow/.local/lib/python3.8/site-packages/airflow/example_dags/example_params_ui_tutorial.py
[2023-12-19T10:04:42.089+0000] {processor.py:839} INFO - DAG(s) dict_keys(['example_params_ui_tutorial']) retrieved from /home/airflow/.local/lib/python3.8/site-packages/airflow/example_dags/example_params_ui_tutorial.py
[2023-12-19T10:04:42.218+0000] {logging_mixin.py:154} INFO - [2023-12-19T10:04:42.218+0000] {dag.py:2941} INFO - Sync 1 DAGs
[2023-12-19T10:04:42.254+0000] {logging_mixin.py:154} INFO - [2023-12-19T10:04:42.253+0000] {dag.py:3722} INFO - Setting next_dagrun for example_params_ui_tutorial to None, run_after=None
[2023-12-19T10:04:42.371+0000] {processor.py:179} INFO - Processing /home/airflow/.local/lib/python3.8/site-packages/airflow/example_dags/example_params_ui_tutorial.py took 0.378 seconds
[2023-12-19T10:05:12.908+0000] {processor.py:157} INFO - Started process (PID=30926) to work on /home/airflow/.local/lib/python3.8/site-packages/airflow/example_dags/example_params_ui_tutorial.py
[2023-12-19T10:05:12.911+0000] {processor.py:829} INFO - Processing file /home/airflow/.local/lib/python3.8/site-packages/airflow/example_dags/example_params_ui_tutorial.py for tasks to queue
[2023-12-19T10:05:12.915+0000] {logging_mixin.py:154} INFO - [2023-12-19T10:05:12.914+0000] {dagbag.py:536} INFO - Filling up the DagBag from /home/airflow/.local/lib/python3.8/site-packages/airflow/example_dags/example_params_ui_tutorial.py
[2023-12-19T10:05:12.979+0000] {processor.py:839} INFO - DAG(s) dict_keys(['example_params_ui_tutorial']) retrieved from /home/airflow/.local/lib/python3.8/site-packages/airflow/example_dags/example_params_ui_tutorial.py
[2023-12-19T10:05:13.084+0000] {logging_mixin.py:154} INFO - [2023-12-19T10:05:13.084+0000] {dag.py:2941} INFO - Sync 1 DAGs
[2023-12-19T10:05:13.108+0000] {logging_mixin.py:154} INFO - [2023-12-19T10:05:13.108+0000] {dag.py:3722} INFO - Setting next_dagrun for example_params_ui_tutorial to None, run_after=None
[2023-12-19T10:05:13.143+0000] {processor.py:179} INFO - Processing /home/airflow/.local/lib/python3.8/site-packages/airflow/example_dags/example_params_ui_tutorial.py took 0.242 seconds
[2023-12-19T10:05:43.890+0000] {processor.py:157} INFO - Started process (PID=30981) to work on /home/airflow/.local/lib/python3.8/site-packages/airflow/example_dags/example_params_ui_tutorial.py
[2023-12-19T10:05:43.892+0000] {processor.py:829} INFO - Processing file /home/airflow/.local/lib/python3.8/site-packages/airflow/example_dags/example_params_ui_tutorial.py for tasks to queue
[2023-12-19T10:05:43.894+0000] {logging_mixin.py:154} INFO - [2023-12-19T10:05:43.894+0000] {dagbag.py:536} INFO - Filling up the DagBag from /home/airflow/.local/lib/python3.8/site-packages/airflow/example_dags/example_params_ui_tutorial.py
[2023-12-19T10:05:43.959+0000] {processor.py:839} INFO - DAG(s) dict_keys(['example_params_ui_tutorial']) retrieved from /home/airflow/.local/lib/python3.8/site-packages/airflow/example_dags/example_params_ui_tutorial.py
[2023-12-19T10:05:44.051+0000] {logging_mixin.py:154} INFO - [2023-12-19T10:05:44.050+0000] {dag.py:2941} INFO - Sync 1 DAGs
[2023-12-19T10:05:44.072+0000] {logging_mixin.py:154} INFO - [2023-12-19T10:05:44.072+0000] {dag.py:3722} INFO - Setting next_dagrun for example_params_ui_tutorial to None, run_after=None
[2023-12-19T10:05:44.108+0000] {processor.py:179} INFO - Processing /home/airflow/.local/lib/python3.8/site-packages/airflow/example_dags/example_params_ui_tutorial.py took 0.224 seconds
[2023-12-19T10:06:14.166+0000] {processor.py:157} INFO - Started process (PID=31035) to work on /home/airflow/.local/lib/python3.8/site-packages/airflow/example_dags/example_params_ui_tutorial.py
[2023-12-19T10:06:14.168+0000] {processor.py:829} INFO - Processing file /home/airflow/.local/lib/python3.8/site-packages/airflow/example_dags/example_params_ui_tutorial.py for tasks to queue
[2023-12-19T10:06:14.170+0000] {logging_mixin.py:154} INFO - [2023-12-19T10:06:14.170+0000] {dagbag.py:536} INFO - Filling up the DagBag from /home/airflow/.local/lib/python3.8/site-packages/airflow/example_dags/example_params_ui_tutorial.py
[2023-12-19T10:06:14.230+0000] {processor.py:839} INFO - DAG(s) dict_keys(['example_params_ui_tutorial']) retrieved from /home/airflow/.local/lib/python3.8/site-packages/airflow/example_dags/example_params_ui_tutorial.py
[2023-12-19T10:06:14.327+0000] {logging_mixin.py:154} INFO - [2023-12-19T10:06:14.326+0000] {dag.py:2941} INFO - Sync 1 DAGs
[2023-12-19T10:06:14.352+0000] {logging_mixin.py:154} INFO - [2023-12-19T10:06:14.351+0000] {dag.py:3722} INFO - Setting next_dagrun for example_params_ui_tutorial to None, run_after=None
[2023-12-19T10:06:14.384+0000] {processor.py:179} INFO - Processing /home/airflow/.local/lib/python3.8/site-packages/airflow/example_dags/example_params_ui_tutorial.py took 0.225 seconds
[2023-12-19T10:06:44.578+0000] {processor.py:157} INFO - Started process (PID=31090) to work on /home/airflow/.local/lib/python3.8/site-packages/airflow/example_dags/example_params_ui_tutorial.py
[2023-12-19T10:06:44.581+0000] {processor.py:829} INFO - Processing file /home/airflow/.local/lib/python3.8/site-packages/airflow/example_dags/example_params_ui_tutorial.py for tasks to queue
[2023-12-19T10:06:44.583+0000] {logging_mixin.py:154} INFO - [2023-12-19T10:06:44.583+0000] {dagbag.py:536} INFO - Filling up the DagBag from /home/airflow/.local/lib/python3.8/site-packages/airflow/example_dags/example_params_ui_tutorial.py
[2023-12-19T10:06:44.645+0000] {processor.py:839} INFO - DAG(s) dict_keys(['example_params_ui_tutorial']) retrieved from /home/airflow/.local/lib/python3.8/site-packages/airflow/example_dags/example_params_ui_tutorial.py
[2023-12-19T10:06:44.744+0000] {logging_mixin.py:154} INFO - [2023-12-19T10:06:44.744+0000] {dag.py:2941} INFO - Sync 1 DAGs
[2023-12-19T10:06:44.765+0000] {logging_mixin.py:154} INFO - [2023-12-19T10:06:44.765+0000] {dag.py:3722} INFO - Setting next_dagrun for example_params_ui_tutorial to None, run_after=None
[2023-12-19T10:06:44.810+0000] {processor.py:179} INFO - Processing /home/airflow/.local/lib/python3.8/site-packages/airflow/example_dags/example_params_ui_tutorial.py took 0.238 seconds
[2023-12-19T10:07:15.140+0000] {processor.py:157} INFO - Started process (PID=31145) to work on /home/airflow/.local/lib/python3.8/site-packages/airflow/example_dags/example_params_ui_tutorial.py
[2023-12-19T10:07:15.144+0000] {processor.py:829} INFO - Processing file /home/airflow/.local/lib/python3.8/site-packages/airflow/example_dags/example_params_ui_tutorial.py for tasks to queue
[2023-12-19T10:07:15.147+0000] {logging_mixin.py:154} INFO - [2023-12-19T10:07:15.146+0000] {dagbag.py:536} INFO - Filling up the DagBag from /home/airflow/.local/lib/python3.8/site-packages/airflow/example_dags/example_params_ui_tutorial.py
[2023-12-19T10:07:15.217+0000] {processor.py:839} INFO - DAG(s) dict_keys(['example_params_ui_tutorial']) retrieved from /home/airflow/.local/lib/python3.8/site-packages/airflow/example_dags/example_params_ui_tutorial.py
[2023-12-19T10:07:15.309+0000] {logging_mixin.py:154} INFO - [2023-12-19T10:07:15.309+0000] {dag.py:2941} INFO - Sync 1 DAGs
[2023-12-19T10:07:15.331+0000] {logging_mixin.py:154} INFO - [2023-12-19T10:07:15.330+0000] {dag.py:3722} INFO - Setting next_dagrun for example_params_ui_tutorial to None, run_after=None
[2023-12-19T10:07:15.367+0000] {processor.py:179} INFO - Processing /home/airflow/.local/lib/python3.8/site-packages/airflow/example_dags/example_params_ui_tutorial.py took 0.240 seconds
[2023-12-19T10:07:45.698+0000] {processor.py:157} INFO - Started process (PID=31201) to work on /home/airflow/.local/lib/python3.8/site-packages/airflow/example_dags/example_params_ui_tutorial.py
[2023-12-19T10:07:45.701+0000] {processor.py:829} INFO - Processing file /home/airflow/.local/lib/python3.8/site-packages/airflow/example_dags/example_params_ui_tutorial.py for tasks to queue
[2023-12-19T10:07:45.703+0000] {logging_mixin.py:154} INFO - [2023-12-19T10:07:45.702+0000] {dagbag.py:536} INFO - Filling up the DagBag from /home/airflow/.local/lib/python3.8/site-packages/airflow/example_dags/example_params_ui_tutorial.py
[2023-12-19T10:07:45.764+0000] {processor.py:839} INFO - DAG(s) dict_keys(['example_params_ui_tutorial']) retrieved from /home/airflow/.local/lib/python3.8/site-packages/airflow/example_dags/example_params_ui_tutorial.py
[2023-12-19T10:07:45.866+0000] {logging_mixin.py:154} INFO - [2023-12-19T10:07:45.866+0000] {dag.py:2941} INFO - Sync 1 DAGs
[2023-12-19T10:07:45.894+0000] {logging_mixin.py:154} INFO - [2023-12-19T10:07:45.894+0000] {dag.py:3722} INFO - Setting next_dagrun for example_params_ui_tutorial to None, run_after=None
[2023-12-19T10:07:45.934+0000] {processor.py:179} INFO - Processing /home/airflow/.local/lib/python3.8/site-packages/airflow/example_dags/example_params_ui_tutorial.py took 0.243 seconds
[2023-12-19T10:08:16.348+0000] {processor.py:157} INFO - Started process (PID=31256) to work on /home/airflow/.local/lib/python3.8/site-packages/airflow/example_dags/example_params_ui_tutorial.py
[2023-12-19T10:08:16.350+0000] {processor.py:829} INFO - Processing file /home/airflow/.local/lib/python3.8/site-packages/airflow/example_dags/example_params_ui_tutorial.py for tasks to queue
[2023-12-19T10:08:16.353+0000] {logging_mixin.py:154} INFO - [2023-12-19T10:08:16.352+0000] {dagbag.py:536} INFO - Filling up the DagBag from /home/airflow/.local/lib/python3.8/site-packages/airflow/example_dags/example_params_ui_tutorial.py
[2023-12-19T10:08:16.414+0000] {processor.py:839} INFO - DAG(s) dict_keys(['example_params_ui_tutorial']) retrieved from /home/airflow/.local/lib/python3.8/site-packages/airflow/example_dags/example_params_ui_tutorial.py
[2023-12-19T10:08:16.513+0000] {logging_mixin.py:154} INFO - [2023-12-19T10:08:16.512+0000] {dag.py:2941} INFO - Sync 1 DAGs
[2023-12-19T10:08:16.536+0000] {logging_mixin.py:154} INFO - [2023-12-19T10:08:16.536+0000] {dag.py:3722} INFO - Setting next_dagrun for example_params_ui_tutorial to None, run_after=None
[2023-12-19T10:08:16.569+0000] {processor.py:179} INFO - Processing /home/airflow/.local/lib/python3.8/site-packages/airflow/example_dags/example_params_ui_tutorial.py took 0.228 seconds
[2023-12-19T10:08:46.995+0000] {processor.py:157} INFO - Started process (PID=31311) to work on /home/airflow/.local/lib/python3.8/site-packages/airflow/example_dags/example_params_ui_tutorial.py
[2023-12-19T10:08:47.002+0000] {processor.py:829} INFO - Processing file /home/airflow/.local/lib/python3.8/site-packages/airflow/example_dags/example_params_ui_tutorial.py for tasks to queue
[2023-12-19T10:08:47.004+0000] {logging_mixin.py:154} INFO - [2023-12-19T10:08:47.003+0000] {dagbag.py:536} INFO - Filling up the DagBag from /home/airflow/.local/lib/python3.8/site-packages/airflow/example_dags/example_params_ui_tutorial.py
[2023-12-19T10:08:47.185+0000] {processor.py:839} INFO - DAG(s) dict_keys(['example_params_ui_tutorial']) retrieved from /home/airflow/.local/lib/python3.8/site-packages/airflow/example_dags/example_params_ui_tutorial.py
[2023-12-19T10:08:47.376+0000] {logging_mixin.py:154} INFO - [2023-12-19T10:08:47.375+0000] {dag.py:2941} INFO - Sync 1 DAGs
[2023-12-19T10:08:47.454+0000] {logging_mixin.py:154} INFO - [2023-12-19T10:08:47.451+0000] {dag.py:3722} INFO - Setting next_dagrun for example_params_ui_tutorial to None, run_after=None
[2023-12-19T10:08:47.649+0000] {processor.py:179} INFO - Processing /home/airflow/.local/lib/python3.8/site-packages/airflow/example_dags/example_params_ui_tutorial.py took 0.668 seconds
[2023-12-19T10:09:17.811+0000] {processor.py:157} INFO - Started process (PID=31365) to work on /home/airflow/.local/lib/python3.8/site-packages/airflow/example_dags/example_params_ui_tutorial.py
[2023-12-19T10:09:17.815+0000] {processor.py:829} INFO - Processing file /home/airflow/.local/lib/python3.8/site-packages/airflow/example_dags/example_params_ui_tutorial.py for tasks to queue
[2023-12-19T10:09:17.821+0000] {logging_mixin.py:154} INFO - [2023-12-19T10:09:17.819+0000] {dagbag.py:536} INFO - Filling up the DagBag from /home/airflow/.local/lib/python3.8/site-packages/airflow/example_dags/example_params_ui_tutorial.py
[2023-12-19T10:09:17.886+0000] {processor.py:839} INFO - DAG(s) dict_keys(['example_params_ui_tutorial']) retrieved from /home/airflow/.local/lib/python3.8/site-packages/airflow/example_dags/example_params_ui_tutorial.py
[2023-12-19T10:09:18.014+0000] {logging_mixin.py:154} INFO - [2023-12-19T10:09:18.013+0000] {dag.py:2941} INFO - Sync 1 DAGs
[2023-12-19T10:09:18.069+0000] {logging_mixin.py:154} INFO - [2023-12-19T10:09:18.068+0000] {dag.py:3722} INFO - Setting next_dagrun for example_params_ui_tutorial to None, run_after=None
[2023-12-19T10:09:18.162+0000] {processor.py:179} INFO - Processing /home/airflow/.local/lib/python3.8/site-packages/airflow/example_dags/example_params_ui_tutorial.py took 0.377 seconds
[2023-12-19T10:09:48.935+0000] {processor.py:157} INFO - Started process (PID=31421) to work on /home/airflow/.local/lib/python3.8/site-packages/airflow/example_dags/example_params_ui_tutorial.py
[2023-12-19T10:09:48.938+0000] {processor.py:829} INFO - Processing file /home/airflow/.local/lib/python3.8/site-packages/airflow/example_dags/example_params_ui_tutorial.py for tasks to queue
[2023-12-19T10:09:48.941+0000] {logging_mixin.py:154} INFO - [2023-12-19T10:09:48.940+0000] {dagbag.py:536} INFO - Filling up the DagBag from /home/airflow/.local/lib/python3.8/site-packages/airflow/example_dags/example_params_ui_tutorial.py
[2023-12-19T10:09:49.004+0000] {processor.py:839} INFO - DAG(s) dict_keys(['example_params_ui_tutorial']) retrieved from /home/airflow/.local/lib/python3.8/site-packages/airflow/example_dags/example_params_ui_tutorial.py
[2023-12-19T10:09:49.093+0000] {logging_mixin.py:154} INFO - [2023-12-19T10:09:49.093+0000] {dag.py:2941} INFO - Sync 1 DAGs
[2023-12-19T10:09:49.115+0000] {logging_mixin.py:154} INFO - [2023-12-19T10:09:49.114+0000] {dag.py:3722} INFO - Setting next_dagrun for example_params_ui_tutorial to None, run_after=None
[2023-12-19T10:09:49.151+0000] {processor.py:179} INFO - Processing /home/airflow/.local/lib/python3.8/site-packages/airflow/example_dags/example_params_ui_tutorial.py took 0.222 seconds
[2023-12-19T10:10:19.423+0000] {processor.py:157} INFO - Started process (PID=31476) to work on /home/airflow/.local/lib/python3.8/site-packages/airflow/example_dags/example_params_ui_tutorial.py
[2023-12-19T10:10:19.430+0000] {processor.py:829} INFO - Processing file /home/airflow/.local/lib/python3.8/site-packages/airflow/example_dags/example_params_ui_tutorial.py for tasks to queue
[2023-12-19T10:10:19.437+0000] {logging_mixin.py:154} INFO - [2023-12-19T10:10:19.435+0000] {dagbag.py:536} INFO - Filling up the DagBag from /home/airflow/.local/lib/python3.8/site-packages/airflow/example_dags/example_params_ui_tutorial.py
[2023-12-19T10:10:19.610+0000] {processor.py:839} INFO - DAG(s) dict_keys(['example_params_ui_tutorial']) retrieved from /home/airflow/.local/lib/python3.8/site-packages/airflow/example_dags/example_params_ui_tutorial.py
[2023-12-19T10:10:19.771+0000] {logging_mixin.py:154} INFO - [2023-12-19T10:10:19.770+0000] {dag.py:2941} INFO - Sync 1 DAGs
[2023-12-19T10:10:19.796+0000] {logging_mixin.py:154} INFO - [2023-12-19T10:10:19.796+0000] {dag.py:3722} INFO - Setting next_dagrun for example_params_ui_tutorial to None, run_after=None
[2023-12-19T10:10:19.835+0000] {processor.py:179} INFO - Processing /home/airflow/.local/lib/python3.8/site-packages/airflow/example_dags/example_params_ui_tutorial.py took 0.431 seconds
[2023-12-19T10:10:49.910+0000] {processor.py:157} INFO - Started process (PID=31531) to work on /home/airflow/.local/lib/python3.8/site-packages/airflow/example_dags/example_params_ui_tutorial.py
[2023-12-19T10:10:49.912+0000] {processor.py:829} INFO - Processing file /home/airflow/.local/lib/python3.8/site-packages/airflow/example_dags/example_params_ui_tutorial.py for tasks to queue
[2023-12-19T10:10:49.914+0000] {logging_mixin.py:154} INFO - [2023-12-19T10:10:49.914+0000] {dagbag.py:536} INFO - Filling up the DagBag from /home/airflow/.local/lib/python3.8/site-packages/airflow/example_dags/example_params_ui_tutorial.py
[2023-12-19T10:10:49.996+0000] {processor.py:839} INFO - DAG(s) dict_keys(['example_params_ui_tutorial']) retrieved from /home/airflow/.local/lib/python3.8/site-packages/airflow/example_dags/example_params_ui_tutorial.py
[2023-12-19T10:10:50.148+0000] {logging_mixin.py:154} INFO - [2023-12-19T10:10:50.148+0000] {dag.py:2941} INFO - Sync 1 DAGs
[2023-12-19T10:10:50.183+0000] {logging_mixin.py:154} INFO - [2023-12-19T10:10:50.182+0000] {dag.py:3722} INFO - Setting next_dagrun for example_params_ui_tutorial to None, run_after=None
[2023-12-19T10:10:50.225+0000] {processor.py:179} INFO - Processing /home/airflow/.local/lib/python3.8/site-packages/airflow/example_dags/example_params_ui_tutorial.py took 0.325 seconds
[2023-12-19T10:11:20.290+0000] {processor.py:157} INFO - Started process (PID=31586) to work on /home/airflow/.local/lib/python3.8/site-packages/airflow/example_dags/example_params_ui_tutorial.py
[2023-12-19T10:11:20.293+0000] {processor.py:829} INFO - Processing file /home/airflow/.local/lib/python3.8/site-packages/airflow/example_dags/example_params_ui_tutorial.py for tasks to queue
[2023-12-19T10:11:20.296+0000] {logging_mixin.py:154} INFO - [2023-12-19T10:11:20.295+0000] {dagbag.py:536} INFO - Filling up the DagBag from /home/airflow/.local/lib/python3.8/site-packages/airflow/example_dags/example_params_ui_tutorial.py
[2023-12-19T10:11:20.356+0000] {processor.py:839} INFO - DAG(s) dict_keys(['example_params_ui_tutorial']) retrieved from /home/airflow/.local/lib/python3.8/site-packages/airflow/example_dags/example_params_ui_tutorial.py
[2023-12-19T10:11:20.446+0000] {logging_mixin.py:154} INFO - [2023-12-19T10:11:20.445+0000] {dag.py:2941} INFO - Sync 1 DAGs
[2023-12-19T10:11:20.467+0000] {logging_mixin.py:154} INFO - [2023-12-19T10:11:20.467+0000] {dag.py:3722} INFO - Setting next_dagrun for example_params_ui_tutorial to None, run_after=None
[2023-12-19T10:11:20.505+0000] {processor.py:179} INFO - Processing /home/airflow/.local/lib/python3.8/site-packages/airflow/example_dags/example_params_ui_tutorial.py took 0.221 seconds
[2023-12-19T10:11:50.634+0000] {processor.py:157} INFO - Started process (PID=31641) to work on /home/airflow/.local/lib/python3.8/site-packages/airflow/example_dags/example_params_ui_tutorial.py
[2023-12-19T10:11:50.637+0000] {processor.py:829} INFO - Processing file /home/airflow/.local/lib/python3.8/site-packages/airflow/example_dags/example_params_ui_tutorial.py for tasks to queue
[2023-12-19T10:11:50.639+0000] {logging_mixin.py:154} INFO - [2023-12-19T10:11:50.638+0000] {dagbag.py:536} INFO - Filling up the DagBag from /home/airflow/.local/lib/python3.8/site-packages/airflow/example_dags/example_params_ui_tutorial.py
[2023-12-19T10:11:50.700+0000] {processor.py:839} INFO - DAG(s) dict_keys(['example_params_ui_tutorial']) retrieved from /home/airflow/.local/lib/python3.8/site-packages/airflow/example_dags/example_params_ui_tutorial.py
[2023-12-19T10:11:50.790+0000] {logging_mixin.py:154} INFO - [2023-12-19T10:11:50.789+0000] {dag.py:2941} INFO - Sync 1 DAGs
[2023-12-19T10:11:50.811+0000] {logging_mixin.py:154} INFO - [2023-12-19T10:11:50.811+0000] {dag.py:3722} INFO - Setting next_dagrun for example_params_ui_tutorial to None, run_after=None
[2023-12-19T10:11:50.844+0000] {processor.py:179} INFO - Processing /home/airflow/.local/lib/python3.8/site-packages/airflow/example_dags/example_params_ui_tutorial.py took 0.217 seconds
[2023-12-19T10:12:21.119+0000] {processor.py:157} INFO - Started process (PID=31696) to work on /home/airflow/.local/lib/python3.8/site-packages/airflow/example_dags/example_params_ui_tutorial.py
[2023-12-19T10:12:21.126+0000] {processor.py:829} INFO - Processing file /home/airflow/.local/lib/python3.8/site-packages/airflow/example_dags/example_params_ui_tutorial.py for tasks to queue
[2023-12-19T10:12:21.130+0000] {logging_mixin.py:154} INFO - [2023-12-19T10:12:21.129+0000] {dagbag.py:536} INFO - Filling up the DagBag from /home/airflow/.local/lib/python3.8/site-packages/airflow/example_dags/example_params_ui_tutorial.py
[2023-12-19T10:12:21.203+0000] {processor.py:839} INFO - DAG(s) dict_keys(['example_params_ui_tutorial']) retrieved from /home/airflow/.local/lib/python3.8/site-packages/airflow/example_dags/example_params_ui_tutorial.py
[2023-12-19T10:12:21.300+0000] {logging_mixin.py:154} INFO - [2023-12-19T10:12:21.299+0000] {dag.py:2941} INFO - Sync 1 DAGs
[2023-12-19T10:12:21.323+0000] {logging_mixin.py:154} INFO - [2023-12-19T10:12:21.323+0000] {dag.py:3722} INFO - Setting next_dagrun for example_params_ui_tutorial to None, run_after=None
[2023-12-19T10:12:21.364+0000] {processor.py:179} INFO - Processing /home/airflow/.local/lib/python3.8/site-packages/airflow/example_dags/example_params_ui_tutorial.py took 0.253 seconds
[2023-12-19T10:12:51.423+0000] {processor.py:157} INFO - Started process (PID=31751) to work on /home/airflow/.local/lib/python3.8/site-packages/airflow/example_dags/example_params_ui_tutorial.py
[2023-12-19T10:12:51.426+0000] {processor.py:829} INFO - Processing file /home/airflow/.local/lib/python3.8/site-packages/airflow/example_dags/example_params_ui_tutorial.py for tasks to queue
[2023-12-19T10:12:51.428+0000] {logging_mixin.py:154} INFO - [2023-12-19T10:12:51.428+0000] {dagbag.py:536} INFO - Filling up the DagBag from /home/airflow/.local/lib/python3.8/site-packages/airflow/example_dags/example_params_ui_tutorial.py
[2023-12-19T10:12:51.489+0000] {processor.py:839} INFO - DAG(s) dict_keys(['example_params_ui_tutorial']) retrieved from /home/airflow/.local/lib/python3.8/site-packages/airflow/example_dags/example_params_ui_tutorial.py
[2023-12-19T10:12:51.583+0000] {logging_mixin.py:154} INFO - [2023-12-19T10:12:51.582+0000] {dag.py:2941} INFO - Sync 1 DAGs
[2023-12-19T10:12:51.608+0000] {logging_mixin.py:154} INFO - [2023-12-19T10:12:51.607+0000] {dag.py:3722} INFO - Setting next_dagrun for example_params_ui_tutorial to None, run_after=None
[2023-12-19T10:12:51.649+0000] {processor.py:179} INFO - Processing /home/airflow/.local/lib/python3.8/site-packages/airflow/example_dags/example_params_ui_tutorial.py took 0.232 seconds
[2023-12-19T10:13:21.789+0000] {processor.py:157} INFO - Started process (PID=31806) to work on /home/airflow/.local/lib/python3.8/site-packages/airflow/example_dags/example_params_ui_tutorial.py
[2023-12-19T10:13:21.792+0000] {processor.py:829} INFO - Processing file /home/airflow/.local/lib/python3.8/site-packages/airflow/example_dags/example_params_ui_tutorial.py for tasks to queue
[2023-12-19T10:13:21.795+0000] {logging_mixin.py:154} INFO - [2023-12-19T10:13:21.794+0000] {dagbag.py:536} INFO - Filling up the DagBag from /home/airflow/.local/lib/python3.8/site-packages/airflow/example_dags/example_params_ui_tutorial.py
[2023-12-19T10:13:21.856+0000] {processor.py:839} INFO - DAG(s) dict_keys(['example_params_ui_tutorial']) retrieved from /home/airflow/.local/lib/python3.8/site-packages/airflow/example_dags/example_params_ui_tutorial.py
[2023-12-19T10:13:21.947+0000] {logging_mixin.py:154} INFO - [2023-12-19T10:13:21.947+0000] {dag.py:2941} INFO - Sync 1 DAGs
[2023-12-19T10:13:21.968+0000] {logging_mixin.py:154} INFO - [2023-12-19T10:13:21.968+0000] {dag.py:3722} INFO - Setting next_dagrun for example_params_ui_tutorial to None, run_after=None
[2023-12-19T10:13:22.004+0000] {processor.py:179} INFO - Processing /home/airflow/.local/lib/python3.8/site-packages/airflow/example_dags/example_params_ui_tutorial.py took 0.221 seconds
[2023-12-19T10:13:52.828+0000] {processor.py:157} INFO - Started process (PID=31862) to work on /home/airflow/.local/lib/python3.8/site-packages/airflow/example_dags/example_params_ui_tutorial.py
[2023-12-19T10:13:52.831+0000] {processor.py:829} INFO - Processing file /home/airflow/.local/lib/python3.8/site-packages/airflow/example_dags/example_params_ui_tutorial.py for tasks to queue
[2023-12-19T10:13:52.833+0000] {logging_mixin.py:154} INFO - [2023-12-19T10:13:52.833+0000] {dagbag.py:536} INFO - Filling up the DagBag from /home/airflow/.local/lib/python3.8/site-packages/airflow/example_dags/example_params_ui_tutorial.py
[2023-12-19T10:13:52.894+0000] {processor.py:839} INFO - DAG(s) dict_keys(['example_params_ui_tutorial']) retrieved from /home/airflow/.local/lib/python3.8/site-packages/airflow/example_dags/example_params_ui_tutorial.py
[2023-12-19T10:13:52.982+0000] {logging_mixin.py:154} INFO - [2023-12-19T10:13:52.981+0000] {dag.py:2941} INFO - Sync 1 DAGs
[2023-12-19T10:13:53.003+0000] {logging_mixin.py:154} INFO - [2023-12-19T10:13:53.002+0000] {dag.py:3722} INFO - Setting next_dagrun for example_params_ui_tutorial to None, run_after=None
[2023-12-19T10:13:53.035+0000] {processor.py:179} INFO - Processing /home/airflow/.local/lib/python3.8/site-packages/airflow/example_dags/example_params_ui_tutorial.py took 0.213 seconds
[2023-12-19T10:14:23.125+0000] {processor.py:157} INFO - Started process (PID=31917) to work on /home/airflow/.local/lib/python3.8/site-packages/airflow/example_dags/example_params_ui_tutorial.py
[2023-12-19T10:14:23.128+0000] {processor.py:829} INFO - Processing file /home/airflow/.local/lib/python3.8/site-packages/airflow/example_dags/example_params_ui_tutorial.py for tasks to queue
[2023-12-19T10:14:23.133+0000] {logging_mixin.py:154} INFO - [2023-12-19T10:14:23.132+0000] {dagbag.py:536} INFO - Filling up the DagBag from /home/airflow/.local/lib/python3.8/site-packages/airflow/example_dags/example_params_ui_tutorial.py
[2023-12-19T10:14:23.213+0000] {processor.py:839} INFO - DAG(s) dict_keys(['example_params_ui_tutorial']) retrieved from /home/airflow/.local/lib/python3.8/site-packages/airflow/example_dags/example_params_ui_tutorial.py
[2023-12-19T10:14:23.342+0000] {logging_mixin.py:154} INFO - [2023-12-19T10:14:23.342+0000] {dag.py:2941} INFO - Sync 1 DAGs
[2023-12-19T10:14:23.373+0000] {logging_mixin.py:154} INFO - [2023-12-19T10:14:23.373+0000] {dag.py:3722} INFO - Setting next_dagrun for example_params_ui_tutorial to None, run_after=None
[2023-12-19T10:14:23.423+0000] {processor.py:179} INFO - Processing /home/airflow/.local/lib/python3.8/site-packages/airflow/example_dags/example_params_ui_tutorial.py took 0.305 seconds
[2023-12-19T10:14:53.968+0000] {processor.py:157} INFO - Started process (PID=31972) to work on /home/airflow/.local/lib/python3.8/site-packages/airflow/example_dags/example_params_ui_tutorial.py
[2023-12-19T10:14:53.972+0000] {processor.py:829} INFO - Processing file /home/airflow/.local/lib/python3.8/site-packages/airflow/example_dags/example_params_ui_tutorial.py for tasks to queue
[2023-12-19T10:14:53.974+0000] {logging_mixin.py:154} INFO - [2023-12-19T10:14:53.974+0000] {dagbag.py:536} INFO - Filling up the DagBag from /home/airflow/.local/lib/python3.8/site-packages/airflow/example_dags/example_params_ui_tutorial.py
[2023-12-19T10:14:54.047+0000] {processor.py:839} INFO - DAG(s) dict_keys(['example_params_ui_tutorial']) retrieved from /home/airflow/.local/lib/python3.8/site-packages/airflow/example_dags/example_params_ui_tutorial.py
[2023-12-19T10:14:54.184+0000] {logging_mixin.py:154} INFO - [2023-12-19T10:14:54.183+0000] {dag.py:2941} INFO - Sync 1 DAGs
[2023-12-19T10:14:54.211+0000] {logging_mixin.py:154} INFO - [2023-12-19T10:14:54.211+0000] {dag.py:3722} INFO - Setting next_dagrun for example_params_ui_tutorial to None, run_after=None
[2023-12-19T10:14:54.254+0000] {processor.py:179} INFO - Processing /home/airflow/.local/lib/python3.8/site-packages/airflow/example_dags/example_params_ui_tutorial.py took 0.294 seconds
[2023-12-19T10:15:24.567+0000] {processor.py:157} INFO - Started process (PID=32028) to work on /home/airflow/.local/lib/python3.8/site-packages/airflow/example_dags/example_params_ui_tutorial.py
[2023-12-19T10:15:24.571+0000] {processor.py:829} INFO - Processing file /home/airflow/.local/lib/python3.8/site-packages/airflow/example_dags/example_params_ui_tutorial.py for tasks to queue
[2023-12-19T10:15:24.574+0000] {logging_mixin.py:154} INFO - [2023-12-19T10:15:24.573+0000] {dagbag.py:536} INFO - Filling up the DagBag from /home/airflow/.local/lib/python3.8/site-packages/airflow/example_dags/example_params_ui_tutorial.py
[2023-12-19T10:15:24.635+0000] {processor.py:839} INFO - DAG(s) dict_keys(['example_params_ui_tutorial']) retrieved from /home/airflow/.local/lib/python3.8/site-packages/airflow/example_dags/example_params_ui_tutorial.py
[2023-12-19T10:15:24.751+0000] {logging_mixin.py:154} INFO - [2023-12-19T10:15:24.751+0000] {dag.py:2941} INFO - Sync 1 DAGs
[2023-12-19T10:15:24.779+0000] {logging_mixin.py:154} INFO - [2023-12-19T10:15:24.779+0000] {dag.py:3722} INFO - Setting next_dagrun for example_params_ui_tutorial to None, run_after=None
[2023-12-19T10:15:24.814+0000] {processor.py:179} INFO - Processing /home/airflow/.local/lib/python3.8/site-packages/airflow/example_dags/example_params_ui_tutorial.py took 0.256 seconds
[2023-12-19T10:15:54.947+0000] {processor.py:157} INFO - Started process (PID=32083) to work on /home/airflow/.local/lib/python3.8/site-packages/airflow/example_dags/example_params_ui_tutorial.py
[2023-12-19T10:15:54.951+0000] {processor.py:829} INFO - Processing file /home/airflow/.local/lib/python3.8/site-packages/airflow/example_dags/example_params_ui_tutorial.py for tasks to queue
[2023-12-19T10:15:54.953+0000] {logging_mixin.py:154} INFO - [2023-12-19T10:15:54.953+0000] {dagbag.py:536} INFO - Filling up the DagBag from /home/airflow/.local/lib/python3.8/site-packages/airflow/example_dags/example_params_ui_tutorial.py
[2023-12-19T10:15:55.016+0000] {processor.py:839} INFO - DAG(s) dict_keys(['example_params_ui_tutorial']) retrieved from /home/airflow/.local/lib/python3.8/site-packages/airflow/example_dags/example_params_ui_tutorial.py
[2023-12-19T10:15:55.054+0000] {logging_mixin.py:154} INFO - [2023-12-19T10:15:55.054+0000] {dag.py:2941} INFO - Sync 1 DAGs
[2023-12-19T10:15:55.077+0000] {logging_mixin.py:154} INFO - [2023-12-19T10:15:55.077+0000] {dag.py:3722} INFO - Setting next_dagrun for example_params_ui_tutorial to None, run_after=None
[2023-12-19T10:15:55.119+0000] {processor.py:179} INFO - Processing /home/airflow/.local/lib/python3.8/site-packages/airflow/example_dags/example_params_ui_tutorial.py took 0.245 seconds
[2023-12-19T10:16:25.461+0000] {processor.py:157} INFO - Started process (PID=32138) to work on /home/airflow/.local/lib/python3.8/site-packages/airflow/example_dags/example_params_ui_tutorial.py
[2023-12-19T10:16:25.465+0000] {processor.py:829} INFO - Processing file /home/airflow/.local/lib/python3.8/site-packages/airflow/example_dags/example_params_ui_tutorial.py for tasks to queue
[2023-12-19T10:16:25.470+0000] {logging_mixin.py:154} INFO - [2023-12-19T10:16:25.469+0000] {dagbag.py:536} INFO - Filling up the DagBag from /home/airflow/.local/lib/python3.8/site-packages/airflow/example_dags/example_params_ui_tutorial.py
[2023-12-19T10:16:25.553+0000] {processor.py:839} INFO - DAG(s) dict_keys(['example_params_ui_tutorial']) retrieved from /home/airflow/.local/lib/python3.8/site-packages/airflow/example_dags/example_params_ui_tutorial.py
[2023-12-19T10:16:25.649+0000] {logging_mixin.py:154} INFO - [2023-12-19T10:16:25.649+0000] {dag.py:2941} INFO - Sync 1 DAGs
[2023-12-19T10:16:25.672+0000] {logging_mixin.py:154} INFO - [2023-12-19T10:16:25.672+0000] {dag.py:3722} INFO - Setting next_dagrun for example_params_ui_tutorial to None, run_after=None
[2023-12-19T10:16:25.710+0000] {processor.py:179} INFO - Processing /home/airflow/.local/lib/python3.8/site-packages/airflow/example_dags/example_params_ui_tutorial.py took 0.262 seconds
[2023-12-19T10:16:55.783+0000] {processor.py:157} INFO - Started process (PID=32193) to work on /home/airflow/.local/lib/python3.8/site-packages/airflow/example_dags/example_params_ui_tutorial.py
[2023-12-19T10:16:55.787+0000] {processor.py:829} INFO - Processing file /home/airflow/.local/lib/python3.8/site-packages/airflow/example_dags/example_params_ui_tutorial.py for tasks to queue
[2023-12-19T10:16:55.790+0000] {logging_mixin.py:154} INFO - [2023-12-19T10:16:55.789+0000] {dagbag.py:536} INFO - Filling up the DagBag from /home/airflow/.local/lib/python3.8/site-packages/airflow/example_dags/example_params_ui_tutorial.py
[2023-12-19T10:16:55.860+0000] {processor.py:839} INFO - DAG(s) dict_keys(['example_params_ui_tutorial']) retrieved from /home/airflow/.local/lib/python3.8/site-packages/airflow/example_dags/example_params_ui_tutorial.py
[2023-12-19T10:16:55.956+0000] {logging_mixin.py:154} INFO - [2023-12-19T10:16:55.956+0000] {dag.py:2941} INFO - Sync 1 DAGs
[2023-12-19T10:16:55.978+0000] {logging_mixin.py:154} INFO - [2023-12-19T10:16:55.978+0000] {dag.py:3722} INFO - Setting next_dagrun for example_params_ui_tutorial to None, run_after=None
[2023-12-19T10:16:56.014+0000] {processor.py:179} INFO - Processing /home/airflow/.local/lib/python3.8/site-packages/airflow/example_dags/example_params_ui_tutorial.py took 0.237 seconds
[2023-12-19T10:17:26.113+0000] {processor.py:157} INFO - Started process (PID=32248) to work on /home/airflow/.local/lib/python3.8/site-packages/airflow/example_dags/example_params_ui_tutorial.py
[2023-12-19T10:17:26.116+0000] {processor.py:829} INFO - Processing file /home/airflow/.local/lib/python3.8/site-packages/airflow/example_dags/example_params_ui_tutorial.py for tasks to queue
[2023-12-19T10:17:26.118+0000] {logging_mixin.py:154} INFO - [2023-12-19T10:17:26.117+0000] {dagbag.py:536} INFO - Filling up the DagBag from /home/airflow/.local/lib/python3.8/site-packages/airflow/example_dags/example_params_ui_tutorial.py
[2023-12-19T10:17:26.180+0000] {processor.py:839} INFO - DAG(s) dict_keys(['example_params_ui_tutorial']) retrieved from /home/airflow/.local/lib/python3.8/site-packages/airflow/example_dags/example_params_ui_tutorial.py
[2023-12-19T10:17:26.271+0000] {logging_mixin.py:154} INFO - [2023-12-19T10:17:26.271+0000] {dag.py:2941} INFO - Sync 1 DAGs
[2023-12-19T10:17:26.293+0000] {logging_mixin.py:154} INFO - [2023-12-19T10:17:26.292+0000] {dag.py:3722} INFO - Setting next_dagrun for example_params_ui_tutorial to None, run_after=None
[2023-12-19T10:17:26.334+0000] {processor.py:179} INFO - Processing /home/airflow/.local/lib/python3.8/site-packages/airflow/example_dags/example_params_ui_tutorial.py took 0.227 seconds
[2023-12-19T10:17:56.693+0000] {processor.py:157} INFO - Started process (PID=32303) to work on /home/airflow/.local/lib/python3.8/site-packages/airflow/example_dags/example_params_ui_tutorial.py
[2023-12-19T10:17:56.697+0000] {processor.py:829} INFO - Processing file /home/airflow/.local/lib/python3.8/site-packages/airflow/example_dags/example_params_ui_tutorial.py for tasks to queue
[2023-12-19T10:17:56.699+0000] {logging_mixin.py:154} INFO - [2023-12-19T10:17:56.698+0000] {dagbag.py:536} INFO - Filling up the DagBag from /home/airflow/.local/lib/python3.8/site-packages/airflow/example_dags/example_params_ui_tutorial.py
[2023-12-19T10:17:56.766+0000] {processor.py:839} INFO - DAG(s) dict_keys(['example_params_ui_tutorial']) retrieved from /home/airflow/.local/lib/python3.8/site-packages/airflow/example_dags/example_params_ui_tutorial.py
[2023-12-19T10:17:56.869+0000] {logging_mixin.py:154} INFO - [2023-12-19T10:17:56.869+0000] {dag.py:2941} INFO - Sync 1 DAGs
[2023-12-19T10:17:56.892+0000] {logging_mixin.py:154} INFO - [2023-12-19T10:17:56.892+0000] {dag.py:3722} INFO - Setting next_dagrun for example_params_ui_tutorial to None, run_after=None
[2023-12-19T10:17:56.930+0000] {processor.py:179} INFO - Processing /home/airflow/.local/lib/python3.8/site-packages/airflow/example_dags/example_params_ui_tutorial.py took 0.243 seconds
[2023-12-19T10:18:27.207+0000] {processor.py:157} INFO - Started process (PID=32358) to work on /home/airflow/.local/lib/python3.8/site-packages/airflow/example_dags/example_params_ui_tutorial.py
[2023-12-19T10:18:27.209+0000] {processor.py:829} INFO - Processing file /home/airflow/.local/lib/python3.8/site-packages/airflow/example_dags/example_params_ui_tutorial.py for tasks to queue
[2023-12-19T10:18:27.211+0000] {logging_mixin.py:154} INFO - [2023-12-19T10:18:27.211+0000] {dagbag.py:536} INFO - Filling up the DagBag from /home/airflow/.local/lib/python3.8/site-packages/airflow/example_dags/example_params_ui_tutorial.py
[2023-12-19T10:18:27.272+0000] {processor.py:839} INFO - DAG(s) dict_keys(['example_params_ui_tutorial']) retrieved from /home/airflow/.local/lib/python3.8/site-packages/airflow/example_dags/example_params_ui_tutorial.py
[2023-12-19T10:18:27.398+0000] {logging_mixin.py:154} INFO - [2023-12-19T10:18:27.397+0000] {dag.py:2941} INFO - Sync 1 DAGs
[2023-12-19T10:18:27.420+0000] {logging_mixin.py:154} INFO - [2023-12-19T10:18:27.419+0000] {dag.py:3722} INFO - Setting next_dagrun for example_params_ui_tutorial to None, run_after=None
[2023-12-19T10:18:27.456+0000] {processor.py:179} INFO - Processing /home/airflow/.local/lib/python3.8/site-packages/airflow/example_dags/example_params_ui_tutorial.py took 0.256 seconds
[2023-12-19T10:18:57.511+0000] {processor.py:157} INFO - Started process (PID=32413) to work on /home/airflow/.local/lib/python3.8/site-packages/airflow/example_dags/example_params_ui_tutorial.py
[2023-12-19T10:18:57.514+0000] {processor.py:829} INFO - Processing file /home/airflow/.local/lib/python3.8/site-packages/airflow/example_dags/example_params_ui_tutorial.py for tasks to queue
[2023-12-19T10:18:57.516+0000] {logging_mixin.py:154} INFO - [2023-12-19T10:18:57.515+0000] {dagbag.py:536} INFO - Filling up the DagBag from /home/airflow/.local/lib/python3.8/site-packages/airflow/example_dags/example_params_ui_tutorial.py
[2023-12-19T10:18:57.576+0000] {processor.py:839} INFO - DAG(s) dict_keys(['example_params_ui_tutorial']) retrieved from /home/airflow/.local/lib/python3.8/site-packages/airflow/example_dags/example_params_ui_tutorial.py
[2023-12-19T10:18:57.665+0000] {logging_mixin.py:154} INFO - [2023-12-19T10:18:57.665+0000] {dag.py:2941} INFO - Sync 1 DAGs
[2023-12-19T10:18:57.689+0000] {logging_mixin.py:154} INFO - [2023-12-19T10:18:57.689+0000] {dag.py:3722} INFO - Setting next_dagrun for example_params_ui_tutorial to None, run_after=None
[2023-12-19T10:18:57.729+0000] {processor.py:179} INFO - Processing /home/airflow/.local/lib/python3.8/site-packages/airflow/example_dags/example_params_ui_tutorial.py took 0.224 seconds
[2023-12-19T10:19:27.980+0000] {processor.py:157} INFO - Started process (PID=32468) to work on /home/airflow/.local/lib/python3.8/site-packages/airflow/example_dags/example_params_ui_tutorial.py
[2023-12-19T10:19:27.983+0000] {processor.py:829} INFO - Processing file /home/airflow/.local/lib/python3.8/site-packages/airflow/example_dags/example_params_ui_tutorial.py for tasks to queue
[2023-12-19T10:19:27.985+0000] {logging_mixin.py:154} INFO - [2023-12-19T10:19:27.985+0000] {dagbag.py:536} INFO - Filling up the DagBag from /home/airflow/.local/lib/python3.8/site-packages/airflow/example_dags/example_params_ui_tutorial.py
[2023-12-19T10:19:28.046+0000] {processor.py:839} INFO - DAG(s) dict_keys(['example_params_ui_tutorial']) retrieved from /home/airflow/.local/lib/python3.8/site-packages/airflow/example_dags/example_params_ui_tutorial.py
[2023-12-19T10:19:28.135+0000] {logging_mixin.py:154} INFO - [2023-12-19T10:19:28.135+0000] {dag.py:2941} INFO - Sync 1 DAGs
[2023-12-19T10:19:28.157+0000] {logging_mixin.py:154} INFO - [2023-12-19T10:19:28.157+0000] {dag.py:3722} INFO - Setting next_dagrun for example_params_ui_tutorial to None, run_after=None
[2023-12-19T10:19:28.191+0000] {processor.py:179} INFO - Processing /home/airflow/.local/lib/python3.8/site-packages/airflow/example_dags/example_params_ui_tutorial.py took 0.217 seconds
[2023-12-19T10:19:58.248+0000] {processor.py:157} INFO - Started process (PID=32524) to work on /home/airflow/.local/lib/python3.8/site-packages/airflow/example_dags/example_params_ui_tutorial.py
[2023-12-19T10:19:58.250+0000] {processor.py:829} INFO - Processing file /home/airflow/.local/lib/python3.8/site-packages/airflow/example_dags/example_params_ui_tutorial.py for tasks to queue
[2023-12-19T10:19:58.254+0000] {logging_mixin.py:154} INFO - [2023-12-19T10:19:58.253+0000] {dagbag.py:536} INFO - Filling up the DagBag from /home/airflow/.local/lib/python3.8/site-packages/airflow/example_dags/example_params_ui_tutorial.py
[2023-12-19T10:19:58.320+0000] {processor.py:839} INFO - DAG(s) dict_keys(['example_params_ui_tutorial']) retrieved from /home/airflow/.local/lib/python3.8/site-packages/airflow/example_dags/example_params_ui_tutorial.py
[2023-12-19T10:19:58.423+0000] {logging_mixin.py:154} INFO - [2023-12-19T10:19:58.423+0000] {dag.py:2941} INFO - Sync 1 DAGs
[2023-12-19T10:19:58.449+0000] {logging_mixin.py:154} INFO - [2023-12-19T10:19:58.449+0000] {dag.py:3722} INFO - Setting next_dagrun for example_params_ui_tutorial to None, run_after=None
[2023-12-19T10:19:58.484+0000] {processor.py:179} INFO - Processing /home/airflow/.local/lib/python3.8/site-packages/airflow/example_dags/example_params_ui_tutorial.py took 0.245 seconds
[2023-12-19T10:20:29.004+0000] {processor.py:157} INFO - Started process (PID=32579) to work on /home/airflow/.local/lib/python3.8/site-packages/airflow/example_dags/example_params_ui_tutorial.py
[2023-12-19T10:20:29.007+0000] {processor.py:829} INFO - Processing file /home/airflow/.local/lib/python3.8/site-packages/airflow/example_dags/example_params_ui_tutorial.py for tasks to queue
[2023-12-19T10:20:29.010+0000] {logging_mixin.py:154} INFO - [2023-12-19T10:20:29.009+0000] {dagbag.py:536} INFO - Filling up the DagBag from /home/airflow/.local/lib/python3.8/site-packages/airflow/example_dags/example_params_ui_tutorial.py
[2023-12-19T10:20:29.079+0000] {processor.py:839} INFO - DAG(s) dict_keys(['example_params_ui_tutorial']) retrieved from /home/airflow/.local/lib/python3.8/site-packages/airflow/example_dags/example_params_ui_tutorial.py
[2023-12-19T10:20:29.173+0000] {logging_mixin.py:154} INFO - [2023-12-19T10:20:29.173+0000] {dag.py:2941} INFO - Sync 1 DAGs
[2023-12-19T10:20:29.201+0000] {logging_mixin.py:154} INFO - [2023-12-19T10:20:29.200+0000] {dag.py:3722} INFO - Setting next_dagrun for example_params_ui_tutorial to None, run_after=None
[2023-12-19T10:20:29.234+0000] {processor.py:179} INFO - Processing /home/airflow/.local/lib/python3.8/site-packages/airflow/example_dags/example_params_ui_tutorial.py took 0.236 seconds
[2023-12-19T10:20:59.626+0000] {processor.py:157} INFO - Started process (PID=32635) to work on /home/airflow/.local/lib/python3.8/site-packages/airflow/example_dags/example_params_ui_tutorial.py
[2023-12-19T10:20:59.629+0000] {processor.py:829} INFO - Processing file /home/airflow/.local/lib/python3.8/site-packages/airflow/example_dags/example_params_ui_tutorial.py for tasks to queue
[2023-12-19T10:20:59.632+0000] {logging_mixin.py:154} INFO - [2023-12-19T10:20:59.632+0000] {dagbag.py:536} INFO - Filling up the DagBag from /home/airflow/.local/lib/python3.8/site-packages/airflow/example_dags/example_params_ui_tutorial.py
[2023-12-19T10:20:59.699+0000] {processor.py:839} INFO - DAG(s) dict_keys(['example_params_ui_tutorial']) retrieved from /home/airflow/.local/lib/python3.8/site-packages/airflow/example_dags/example_params_ui_tutorial.py
[2023-12-19T10:20:59.796+0000] {logging_mixin.py:154} INFO - [2023-12-19T10:20:59.795+0000] {dag.py:2941} INFO - Sync 1 DAGs
[2023-12-19T10:20:59.817+0000] {logging_mixin.py:154} INFO - [2023-12-19T10:20:59.817+0000] {dag.py:3722} INFO - Setting next_dagrun for example_params_ui_tutorial to None, run_after=None
[2023-12-19T10:20:59.853+0000] {processor.py:179} INFO - Processing /home/airflow/.local/lib/python3.8/site-packages/airflow/example_dags/example_params_ui_tutorial.py took 0.237 seconds
[2023-12-19T10:21:29.914+0000] {processor.py:157} INFO - Started process (PID=32690) to work on /home/airflow/.local/lib/python3.8/site-packages/airflow/example_dags/example_params_ui_tutorial.py
[2023-12-19T10:21:29.917+0000] {processor.py:829} INFO - Processing file /home/airflow/.local/lib/python3.8/site-packages/airflow/example_dags/example_params_ui_tutorial.py for tasks to queue
[2023-12-19T10:21:29.920+0000] {logging_mixin.py:154} INFO - [2023-12-19T10:21:29.919+0000] {dagbag.py:536} INFO - Filling up the DagBag from /home/airflow/.local/lib/python3.8/site-packages/airflow/example_dags/example_params_ui_tutorial.py
[2023-12-19T10:21:29.983+0000] {processor.py:839} INFO - DAG(s) dict_keys(['example_params_ui_tutorial']) retrieved from /home/airflow/.local/lib/python3.8/site-packages/airflow/example_dags/example_params_ui_tutorial.py
[2023-12-19T10:21:30.087+0000] {logging_mixin.py:154} INFO - [2023-12-19T10:21:30.087+0000] {dag.py:2941} INFO - Sync 1 DAGs
[2023-12-19T10:21:30.110+0000] {logging_mixin.py:154} INFO - [2023-12-19T10:21:30.109+0000] {dag.py:3722} INFO - Setting next_dagrun for example_params_ui_tutorial to None, run_after=None
[2023-12-19T10:21:30.144+0000] {processor.py:179} INFO - Processing /home/airflow/.local/lib/python3.8/site-packages/airflow/example_dags/example_params_ui_tutorial.py took 0.240 seconds
[2023-12-19T10:22:00.257+0000] {processor.py:157} INFO - Started process (PID=32743) to work on /home/airflow/.local/lib/python3.8/site-packages/airflow/example_dags/example_params_ui_tutorial.py
[2023-12-19T10:22:00.260+0000] {processor.py:829} INFO - Processing file /home/airflow/.local/lib/python3.8/site-packages/airflow/example_dags/example_params_ui_tutorial.py for tasks to queue
[2023-12-19T10:22:00.262+0000] {logging_mixin.py:154} INFO - [2023-12-19T10:22:00.261+0000] {dagbag.py:536} INFO - Filling up the DagBag from /home/airflow/.local/lib/python3.8/site-packages/airflow/example_dags/example_params_ui_tutorial.py
[2023-12-19T10:22:00.322+0000] {processor.py:839} INFO - DAG(s) dict_keys(['example_params_ui_tutorial']) retrieved from /home/airflow/.local/lib/python3.8/site-packages/airflow/example_dags/example_params_ui_tutorial.py
[2023-12-19T10:22:00.415+0000] {logging_mixin.py:154} INFO - [2023-12-19T10:22:00.414+0000] {dag.py:2941} INFO - Sync 1 DAGs
[2023-12-19T10:22:00.436+0000] {logging_mixin.py:154} INFO - [2023-12-19T10:22:00.435+0000] {dag.py:3722} INFO - Setting next_dagrun for example_params_ui_tutorial to None, run_after=None
[2023-12-19T10:22:00.470+0000] {processor.py:179} INFO - Processing /home/airflow/.local/lib/python3.8/site-packages/airflow/example_dags/example_params_ui_tutorial.py took 0.221 seconds
[2023-12-19T10:22:30.756+0000] {processor.py:157} INFO - Started process (PID=32798) to work on /home/airflow/.local/lib/python3.8/site-packages/airflow/example_dags/example_params_ui_tutorial.py
[2023-12-19T10:22:30.761+0000] {processor.py:829} INFO - Processing file /home/airflow/.local/lib/python3.8/site-packages/airflow/example_dags/example_params_ui_tutorial.py for tasks to queue
[2023-12-19T10:22:30.764+0000] {logging_mixin.py:154} INFO - [2023-12-19T10:22:30.763+0000] {dagbag.py:536} INFO - Filling up the DagBag from /home/airflow/.local/lib/python3.8/site-packages/airflow/example_dags/example_params_ui_tutorial.py
[2023-12-19T10:22:30.835+0000] {processor.py:839} INFO - DAG(s) dict_keys(['example_params_ui_tutorial']) retrieved from /home/airflow/.local/lib/python3.8/site-packages/airflow/example_dags/example_params_ui_tutorial.py
[2023-12-19T10:22:30.942+0000] {logging_mixin.py:154} INFO - [2023-12-19T10:22:30.942+0000] {dag.py:2941} INFO - Sync 1 DAGs
[2023-12-19T10:22:30.966+0000] {logging_mixin.py:154} INFO - [2023-12-19T10:22:30.966+0000] {dag.py:3722} INFO - Setting next_dagrun for example_params_ui_tutorial to None, run_after=None
[2023-12-19T10:22:31.004+0000] {processor.py:179} INFO - Processing /home/airflow/.local/lib/python3.8/site-packages/airflow/example_dags/example_params_ui_tutorial.py took 0.254 seconds
[2023-12-19T10:23:01.111+0000] {processor.py:157} INFO - Started process (PID=32853) to work on /home/airflow/.local/lib/python3.8/site-packages/airflow/example_dags/example_params_ui_tutorial.py
[2023-12-19T10:23:01.115+0000] {processor.py:829} INFO - Processing file /home/airflow/.local/lib/python3.8/site-packages/airflow/example_dags/example_params_ui_tutorial.py for tasks to queue
[2023-12-19T10:23:01.116+0000] {logging_mixin.py:154} INFO - [2023-12-19T10:23:01.116+0000] {dagbag.py:536} INFO - Filling up the DagBag from /home/airflow/.local/lib/python3.8/site-packages/airflow/example_dags/example_params_ui_tutorial.py
[2023-12-19T10:23:01.175+0000] {processor.py:839} INFO - DAG(s) dict_keys(['example_params_ui_tutorial']) retrieved from /home/airflow/.local/lib/python3.8/site-packages/airflow/example_dags/example_params_ui_tutorial.py
[2023-12-19T10:23:01.275+0000] {logging_mixin.py:154} INFO - [2023-12-19T10:23:01.274+0000] {dag.py:2941} INFO - Sync 1 DAGs
[2023-12-19T10:23:01.299+0000] {logging_mixin.py:154} INFO - [2023-12-19T10:23:01.299+0000] {dag.py:3722} INFO - Setting next_dagrun for example_params_ui_tutorial to None, run_after=None
[2023-12-19T10:23:01.339+0000] {processor.py:179} INFO - Processing /home/airflow/.local/lib/python3.8/site-packages/airflow/example_dags/example_params_ui_tutorial.py took 0.234 seconds
[2023-12-19T10:23:31.529+0000] {processor.py:157} INFO - Started process (PID=32908) to work on /home/airflow/.local/lib/python3.8/site-packages/airflow/example_dags/example_params_ui_tutorial.py
[2023-12-19T10:23:31.532+0000] {processor.py:829} INFO - Processing file /home/airflow/.local/lib/python3.8/site-packages/airflow/example_dags/example_params_ui_tutorial.py for tasks to queue
[2023-12-19T10:23:31.536+0000] {logging_mixin.py:154} INFO - [2023-12-19T10:23:31.535+0000] {dagbag.py:536} INFO - Filling up the DagBag from /home/airflow/.local/lib/python3.8/site-packages/airflow/example_dags/example_params_ui_tutorial.py
[2023-12-19T10:23:31.604+0000] {processor.py:839} INFO - DAG(s) dict_keys(['example_params_ui_tutorial']) retrieved from /home/airflow/.local/lib/python3.8/site-packages/airflow/example_dags/example_params_ui_tutorial.py
[2023-12-19T10:23:31.705+0000] {logging_mixin.py:154} INFO - [2023-12-19T10:23:31.705+0000] {dag.py:2941} INFO - Sync 1 DAGs
[2023-12-19T10:23:31.729+0000] {logging_mixin.py:154} INFO - [2023-12-19T10:23:31.728+0000] {dag.py:3722} INFO - Setting next_dagrun for example_params_ui_tutorial to None, run_after=None
[2023-12-19T10:23:31.767+0000] {processor.py:179} INFO - Processing /home/airflow/.local/lib/python3.8/site-packages/airflow/example_dags/example_params_ui_tutorial.py took 0.249 seconds
