[2023-12-19T09:58:58.397+0000] {processor.py:157} INFO - Started process (PID=30267) to work on /home/airflow/.local/lib/python3.8/site-packages/airflow/example_dags/example_branch_operator_decorator.py
[2023-12-19T09:58:58.403+0000] {processor.py:829} INFO - Processing file /home/airflow/.local/lib/python3.8/site-packages/airflow/example_dags/example_branch_operator_decorator.py for tasks to queue
[2023-12-19T09:58:58.406+0000] {logging_mixin.py:154} INFO - [2023-12-19T09:58:58.405+0000] {dagbag.py:536} INFO - Filling up the DagBag from /home/airflow/.local/lib/python3.8/site-packages/airflow/example_dags/example_branch_operator_decorator.py
[2023-12-19T09:58:58.438+0000] {processor.py:839} INFO - DAG(s) dict_keys(['example_branch_python_operator_decorator']) retrieved from /home/airflow/.local/lib/python3.8/site-packages/airflow/example_dags/example_branch_operator_decorator.py
[2023-12-19T09:58:58.561+0000] {logging_mixin.py:154} INFO - [2023-12-19T09:58:58.561+0000] {dag.py:2941} INFO - Sync 1 DAGs
[2023-12-19T09:58:58.733+0000] {logging_mixin.py:154} INFO - [2023-12-19T09:58:58.733+0000] {dag.py:3722} INFO - Setting next_dagrun for example_branch_python_operator_decorator to 2023-12-18T00:00:00+00:00, run_after=2023-12-19T00:00:00+00:00
[2023-12-19T09:58:58.820+0000] {processor.py:179} INFO - Processing /home/airflow/.local/lib/python3.8/site-packages/airflow/example_dags/example_branch_operator_decorator.py took 0.433 seconds
[2023-12-19T09:59:29.247+0000] {processor.py:157} INFO - Started process (PID=30322) to work on /home/airflow/.local/lib/python3.8/site-packages/airflow/example_dags/example_branch_operator_decorator.py
[2023-12-19T09:59:29.250+0000] {processor.py:829} INFO - Processing file /home/airflow/.local/lib/python3.8/site-packages/airflow/example_dags/example_branch_operator_decorator.py for tasks to queue
[2023-12-19T09:59:29.253+0000] {logging_mixin.py:154} INFO - [2023-12-19T09:59:29.252+0000] {dagbag.py:536} INFO - Filling up the DagBag from /home/airflow/.local/lib/python3.8/site-packages/airflow/example_dags/example_branch_operator_decorator.py
[2023-12-19T09:59:29.290+0000] {processor.py:839} INFO - DAG(s) dict_keys(['example_branch_python_operator_decorator']) retrieved from /home/airflow/.local/lib/python3.8/site-packages/airflow/example_dags/example_branch_operator_decorator.py
[2023-12-19T09:59:29.360+0000] {logging_mixin.py:154} INFO - [2023-12-19T09:59:29.359+0000] {dag.py:2941} INFO - Sync 1 DAGs
[2023-12-19T09:59:29.448+0000] {logging_mixin.py:154} INFO - [2023-12-19T09:59:29.448+0000] {dag.py:3722} INFO - Setting next_dagrun for example_branch_python_operator_decorator to 2023-12-18T00:00:00+00:00, run_after=2023-12-19T00:00:00+00:00
[2023-12-19T09:59:29.498+0000] {processor.py:179} INFO - Processing /home/airflow/.local/lib/python3.8/site-packages/airflow/example_dags/example_branch_operator_decorator.py took 0.259 seconds
[2023-12-19T10:00:00.385+0000] {processor.py:157} INFO - Started process (PID=30377) to work on /home/airflow/.local/lib/python3.8/site-packages/airflow/example_dags/example_branch_operator_decorator.py
[2023-12-19T10:00:00.392+0000] {processor.py:829} INFO - Processing file /home/airflow/.local/lib/python3.8/site-packages/airflow/example_dags/example_branch_operator_decorator.py for tasks to queue
[2023-12-19T10:00:00.398+0000] {logging_mixin.py:154} INFO - [2023-12-19T10:00:00.397+0000] {dagbag.py:536} INFO - Filling up the DagBag from /home/airflow/.local/lib/python3.8/site-packages/airflow/example_dags/example_branch_operator_decorator.py
[2023-12-19T10:00:00.435+0000] {processor.py:839} INFO - DAG(s) dict_keys(['example_branch_python_operator_decorator']) retrieved from /home/airflow/.local/lib/python3.8/site-packages/airflow/example_dags/example_branch_operator_decorator.py
[2023-12-19T10:00:00.506+0000] {logging_mixin.py:154} INFO - [2023-12-19T10:00:00.505+0000] {dag.py:2941} INFO - Sync 1 DAGs
[2023-12-19T10:00:00.567+0000] {logging_mixin.py:154} INFO - [2023-12-19T10:00:00.566+0000] {dag.py:3722} INFO - Setting next_dagrun for example_branch_python_operator_decorator to 2023-12-18T00:00:00+00:00, run_after=2023-12-19T00:00:00+00:00
[2023-12-19T10:00:00.625+0000] {processor.py:179} INFO - Processing /home/airflow/.local/lib/python3.8/site-packages/airflow/example_dags/example_branch_operator_decorator.py took 0.250 seconds
[2023-12-19T10:00:31.020+0000] {processor.py:157} INFO - Started process (PID=30432) to work on /home/airflow/.local/lib/python3.8/site-packages/airflow/example_dags/example_branch_operator_decorator.py
[2023-12-19T10:00:31.023+0000] {processor.py:829} INFO - Processing file /home/airflow/.local/lib/python3.8/site-packages/airflow/example_dags/example_branch_operator_decorator.py for tasks to queue
[2023-12-19T10:00:31.027+0000] {logging_mixin.py:154} INFO - [2023-12-19T10:00:31.026+0000] {dagbag.py:536} INFO - Filling up the DagBag from /home/airflow/.local/lib/python3.8/site-packages/airflow/example_dags/example_branch_operator_decorator.py
[2023-12-19T10:00:31.053+0000] {processor.py:839} INFO - DAG(s) dict_keys(['example_branch_python_operator_decorator']) retrieved from /home/airflow/.local/lib/python3.8/site-packages/airflow/example_dags/example_branch_operator_decorator.py
[2023-12-19T10:00:31.102+0000] {logging_mixin.py:154} INFO - [2023-12-19T10:00:31.102+0000] {dag.py:2941} INFO - Sync 1 DAGs
[2023-12-19T10:00:31.144+0000] {logging_mixin.py:154} INFO - [2023-12-19T10:00:31.143+0000] {dag.py:3722} INFO - Setting next_dagrun for example_branch_python_operator_decorator to 2023-12-18T00:00:00+00:00, run_after=2023-12-19T00:00:00+00:00
[2023-12-19T10:00:31.183+0000] {processor.py:179} INFO - Processing /home/airflow/.local/lib/python3.8/site-packages/airflow/example_dags/example_branch_operator_decorator.py took 0.169 seconds
[2023-12-19T10:01:06.624+0000] {processor.py:157} INFO - Started process (PID=30487) to work on /home/airflow/.local/lib/python3.8/site-packages/airflow/example_dags/example_branch_operator_decorator.py
[2023-12-19T10:01:06.634+0000] {processor.py:829} INFO - Processing file /home/airflow/.local/lib/python3.8/site-packages/airflow/example_dags/example_branch_operator_decorator.py for tasks to queue
[2023-12-19T10:01:06.638+0000] {logging_mixin.py:154} INFO - [2023-12-19T10:01:06.637+0000] {dagbag.py:536} INFO - Filling up the DagBag from /home/airflow/.local/lib/python3.8/site-packages/airflow/example_dags/example_branch_operator_decorator.py
[2023-12-19T10:01:06.679+0000] {processor.py:839} INFO - DAG(s) dict_keys(['example_branch_python_operator_decorator']) retrieved from /home/airflow/.local/lib/python3.8/site-packages/airflow/example_dags/example_branch_operator_decorator.py
[2023-12-19T10:01:06.747+0000] {logging_mixin.py:154} INFO - [2023-12-19T10:01:06.746+0000] {dag.py:2941} INFO - Sync 1 DAGs
[2023-12-19T10:01:06.821+0000] {logging_mixin.py:154} INFO - [2023-12-19T10:01:06.821+0000] {dag.py:3722} INFO - Setting next_dagrun for example_branch_python_operator_decorator to 2023-12-18T00:00:00+00:00, run_after=2023-12-19T00:00:00+00:00
[2023-12-19T10:01:06.895+0000] {processor.py:179} INFO - Processing /home/airflow/.local/lib/python3.8/site-packages/airflow/example_dags/example_branch_operator_decorator.py took 0.293 seconds
[2023-12-19T10:01:37.499+0000] {processor.py:157} INFO - Started process (PID=30542) to work on /home/airflow/.local/lib/python3.8/site-packages/airflow/example_dags/example_branch_operator_decorator.py
[2023-12-19T10:01:37.501+0000] {processor.py:829} INFO - Processing file /home/airflow/.local/lib/python3.8/site-packages/airflow/example_dags/example_branch_operator_decorator.py for tasks to queue
[2023-12-19T10:01:37.503+0000] {logging_mixin.py:154} INFO - [2023-12-19T10:01:37.502+0000] {dagbag.py:536} INFO - Filling up the DagBag from /home/airflow/.local/lib/python3.8/site-packages/airflow/example_dags/example_branch_operator_decorator.py
[2023-12-19T10:01:37.524+0000] {processor.py:839} INFO - DAG(s) dict_keys(['example_branch_python_operator_decorator']) retrieved from /home/airflow/.local/lib/python3.8/site-packages/airflow/example_dags/example_branch_operator_decorator.py
[2023-12-19T10:01:37.577+0000] {logging_mixin.py:154} INFO - [2023-12-19T10:01:37.576+0000] {dag.py:2941} INFO - Sync 1 DAGs
[2023-12-19T10:01:37.620+0000] {logging_mixin.py:154} INFO - [2023-12-19T10:01:37.620+0000] {dag.py:3722} INFO - Setting next_dagrun for example_branch_python_operator_decorator to 2023-12-18T00:00:00+00:00, run_after=2023-12-19T00:00:00+00:00
[2023-12-19T10:01:37.659+0000] {processor.py:179} INFO - Processing /home/airflow/.local/lib/python3.8/site-packages/airflow/example_dags/example_branch_operator_decorator.py took 0.167 seconds
[2023-12-19T10:02:08.113+0000] {processor.py:157} INFO - Started process (PID=30597) to work on /home/airflow/.local/lib/python3.8/site-packages/airflow/example_dags/example_branch_operator_decorator.py
[2023-12-19T10:02:08.116+0000] {processor.py:829} INFO - Processing file /home/airflow/.local/lib/python3.8/site-packages/airflow/example_dags/example_branch_operator_decorator.py for tasks to queue
[2023-12-19T10:02:08.118+0000] {logging_mixin.py:154} INFO - [2023-12-19T10:02:08.118+0000] {dagbag.py:536} INFO - Filling up the DagBag from /home/airflow/.local/lib/python3.8/site-packages/airflow/example_dags/example_branch_operator_decorator.py
[2023-12-19T10:02:08.139+0000] {processor.py:839} INFO - DAG(s) dict_keys(['example_branch_python_operator_decorator']) retrieved from /home/airflow/.local/lib/python3.8/site-packages/airflow/example_dags/example_branch_operator_decorator.py
[2023-12-19T10:02:08.181+0000] {logging_mixin.py:154} INFO - [2023-12-19T10:02:08.181+0000] {dag.py:2941} INFO - Sync 1 DAGs
[2023-12-19T10:02:08.222+0000] {logging_mixin.py:154} INFO - [2023-12-19T10:02:08.221+0000] {dag.py:3722} INFO - Setting next_dagrun for example_branch_python_operator_decorator to 2023-12-18T00:00:00+00:00, run_after=2023-12-19T00:00:00+00:00
[2023-12-19T10:02:08.254+0000] {processor.py:179} INFO - Processing /home/airflow/.local/lib/python3.8/site-packages/airflow/example_dags/example_branch_operator_decorator.py took 0.147 seconds
[2023-12-19T10:02:39.034+0000] {processor.py:157} INFO - Started process (PID=30653) to work on /home/airflow/.local/lib/python3.8/site-packages/airflow/example_dags/example_branch_operator_decorator.py
[2023-12-19T10:02:39.037+0000] {processor.py:829} INFO - Processing file /home/airflow/.local/lib/python3.8/site-packages/airflow/example_dags/example_branch_operator_decorator.py for tasks to queue
[2023-12-19T10:02:39.040+0000] {logging_mixin.py:154} INFO - [2023-12-19T10:02:39.039+0000] {dagbag.py:536} INFO - Filling up the DagBag from /home/airflow/.local/lib/python3.8/site-packages/airflow/example_dags/example_branch_operator_decorator.py
[2023-12-19T10:02:39.061+0000] {processor.py:839} INFO - DAG(s) dict_keys(['example_branch_python_operator_decorator']) retrieved from /home/airflow/.local/lib/python3.8/site-packages/airflow/example_dags/example_branch_operator_decorator.py
[2023-12-19T10:02:39.106+0000] {logging_mixin.py:154} INFO - [2023-12-19T10:02:39.106+0000] {dag.py:2941} INFO - Sync 1 DAGs
[2023-12-19T10:02:39.146+0000] {logging_mixin.py:154} INFO - [2023-12-19T10:02:39.145+0000] {dag.py:3722} INFO - Setting next_dagrun for example_branch_python_operator_decorator to 2023-12-18T00:00:00+00:00, run_after=2023-12-19T00:00:00+00:00
[2023-12-19T10:02:39.178+0000] {processor.py:179} INFO - Processing /home/airflow/.local/lib/python3.8/site-packages/airflow/example_dags/example_branch_operator_decorator.py took 0.150 seconds
[2023-12-19T10:03:09.753+0000] {processor.py:157} INFO - Started process (PID=30707) to work on /home/airflow/.local/lib/python3.8/site-packages/airflow/example_dags/example_branch_operator_decorator.py
[2023-12-19T10:03:09.756+0000] {processor.py:829} INFO - Processing file /home/airflow/.local/lib/python3.8/site-packages/airflow/example_dags/example_branch_operator_decorator.py for tasks to queue
[2023-12-19T10:03:09.758+0000] {logging_mixin.py:154} INFO - [2023-12-19T10:03:09.757+0000] {dagbag.py:536} INFO - Filling up the DagBag from /home/airflow/.local/lib/python3.8/site-packages/airflow/example_dags/example_branch_operator_decorator.py
[2023-12-19T10:03:09.782+0000] {processor.py:839} INFO - DAG(s) dict_keys(['example_branch_python_operator_decorator']) retrieved from /home/airflow/.local/lib/python3.8/site-packages/airflow/example_dags/example_branch_operator_decorator.py
[2023-12-19T10:03:09.830+0000] {logging_mixin.py:154} INFO - [2023-12-19T10:03:09.830+0000] {dag.py:2941} INFO - Sync 1 DAGs
[2023-12-19T10:03:09.878+0000] {logging_mixin.py:154} INFO - [2023-12-19T10:03:09.878+0000] {dag.py:3722} INFO - Setting next_dagrun for example_branch_python_operator_decorator to 2023-12-18T00:00:00+00:00, run_after=2023-12-19T00:00:00+00:00
[2023-12-19T10:03:09.914+0000] {processor.py:179} INFO - Processing /home/airflow/.local/lib/python3.8/site-packages/airflow/example_dags/example_branch_operator_decorator.py took 0.168 seconds
[2023-12-19T10:03:40.527+0000] {processor.py:157} INFO - Started process (PID=30762) to work on /home/airflow/.local/lib/python3.8/site-packages/airflow/example_dags/example_branch_operator_decorator.py
[2023-12-19T10:03:40.530+0000] {processor.py:829} INFO - Processing file /home/airflow/.local/lib/python3.8/site-packages/airflow/example_dags/example_branch_operator_decorator.py for tasks to queue
[2023-12-19T10:03:40.532+0000] {logging_mixin.py:154} INFO - [2023-12-19T10:03:40.532+0000] {dagbag.py:536} INFO - Filling up the DagBag from /home/airflow/.local/lib/python3.8/site-packages/airflow/example_dags/example_branch_operator_decorator.py
[2023-12-19T10:03:40.554+0000] {processor.py:839} INFO - DAG(s) dict_keys(['example_branch_python_operator_decorator']) retrieved from /home/airflow/.local/lib/python3.8/site-packages/airflow/example_dags/example_branch_operator_decorator.py
[2023-12-19T10:03:40.604+0000] {logging_mixin.py:154} INFO - [2023-12-19T10:03:40.603+0000] {dag.py:2941} INFO - Sync 1 DAGs
[2023-12-19T10:03:40.665+0000] {logging_mixin.py:154} INFO - [2023-12-19T10:03:40.665+0000] {dag.py:3722} INFO - Setting next_dagrun for example_branch_python_operator_decorator to 2023-12-18T00:00:00+00:00, run_after=2023-12-19T00:00:00+00:00
[2023-12-19T10:03:40.709+0000] {processor.py:179} INFO - Processing /home/airflow/.local/lib/python3.8/site-packages/airflow/example_dags/example_branch_operator_decorator.py took 0.188 seconds
[2023-12-19T10:04:11.952+0000] {processor.py:157} INFO - Started process (PID=30817) to work on /home/airflow/.local/lib/python3.8/site-packages/airflow/example_dags/example_branch_operator_decorator.py
[2023-12-19T10:04:11.955+0000] {processor.py:829} INFO - Processing file /home/airflow/.local/lib/python3.8/site-packages/airflow/example_dags/example_branch_operator_decorator.py for tasks to queue
[2023-12-19T10:04:11.958+0000] {logging_mixin.py:154} INFO - [2023-12-19T10:04:11.958+0000] {dagbag.py:536} INFO - Filling up the DagBag from /home/airflow/.local/lib/python3.8/site-packages/airflow/example_dags/example_branch_operator_decorator.py
[2023-12-19T10:04:11.980+0000] {processor.py:839} INFO - DAG(s) dict_keys(['example_branch_python_operator_decorator']) retrieved from /home/airflow/.local/lib/python3.8/site-packages/airflow/example_dags/example_branch_operator_decorator.py
[2023-12-19T10:04:12.028+0000] {logging_mixin.py:154} INFO - [2023-12-19T10:04:12.027+0000] {dag.py:2941} INFO - Sync 1 DAGs
[2023-12-19T10:04:12.072+0000] {logging_mixin.py:154} INFO - [2023-12-19T10:04:12.072+0000] {dag.py:3722} INFO - Setting next_dagrun for example_branch_python_operator_decorator to 2023-12-18T00:00:00+00:00, run_after=2023-12-19T00:00:00+00:00
[2023-12-19T10:04:12.106+0000] {processor.py:179} INFO - Processing /home/airflow/.local/lib/python3.8/site-packages/airflow/example_dags/example_branch_operator_decorator.py took 0.161 seconds
[2023-12-19T10:04:42.671+0000] {processor.py:157} INFO - Started process (PID=30873) to work on /home/airflow/.local/lib/python3.8/site-packages/airflow/example_dags/example_branch_operator_decorator.py
[2023-12-19T10:04:42.673+0000] {processor.py:829} INFO - Processing file /home/airflow/.local/lib/python3.8/site-packages/airflow/example_dags/example_branch_operator_decorator.py for tasks to queue
[2023-12-19T10:04:42.676+0000] {logging_mixin.py:154} INFO - [2023-12-19T10:04:42.676+0000] {dagbag.py:536} INFO - Filling up the DagBag from /home/airflow/.local/lib/python3.8/site-packages/airflow/example_dags/example_branch_operator_decorator.py
[2023-12-19T10:04:42.697+0000] {processor.py:839} INFO - DAG(s) dict_keys(['example_branch_python_operator_decorator']) retrieved from /home/airflow/.local/lib/python3.8/site-packages/airflow/example_dags/example_branch_operator_decorator.py
[2023-12-19T10:04:42.739+0000] {logging_mixin.py:154} INFO - [2023-12-19T10:04:42.739+0000] {dag.py:2941} INFO - Sync 1 DAGs
[2023-12-19T10:04:42.782+0000] {logging_mixin.py:154} INFO - [2023-12-19T10:04:42.781+0000] {dag.py:3722} INFO - Setting next_dagrun for example_branch_python_operator_decorator to 2023-12-18T00:00:00+00:00, run_after=2023-12-19T00:00:00+00:00
[2023-12-19T10:04:42.832+0000] {processor.py:179} INFO - Processing /home/airflow/.local/lib/python3.8/site-packages/airflow/example_dags/example_branch_operator_decorator.py took 0.168 seconds
[2023-12-19T10:05:13.195+0000] {processor.py:157} INFO - Started process (PID=30928) to work on /home/airflow/.local/lib/python3.8/site-packages/airflow/example_dags/example_branch_operator_decorator.py
[2023-12-19T10:05:13.198+0000] {processor.py:829} INFO - Processing file /home/airflow/.local/lib/python3.8/site-packages/airflow/example_dags/example_branch_operator_decorator.py for tasks to queue
[2023-12-19T10:05:13.200+0000] {logging_mixin.py:154} INFO - [2023-12-19T10:05:13.199+0000] {dagbag.py:536} INFO - Filling up the DagBag from /home/airflow/.local/lib/python3.8/site-packages/airflow/example_dags/example_branch_operator_decorator.py
[2023-12-19T10:05:13.227+0000] {processor.py:839} INFO - DAG(s) dict_keys(['example_branch_python_operator_decorator']) retrieved from /home/airflow/.local/lib/python3.8/site-packages/airflow/example_dags/example_branch_operator_decorator.py
[2023-12-19T10:05:13.277+0000] {logging_mixin.py:154} INFO - [2023-12-19T10:05:13.277+0000] {dag.py:2941} INFO - Sync 1 DAGs
[2023-12-19T10:05:13.319+0000] {logging_mixin.py:154} INFO - [2023-12-19T10:05:13.318+0000] {dag.py:3722} INFO - Setting next_dagrun for example_branch_python_operator_decorator to 2023-12-18T00:00:00+00:00, run_after=2023-12-19T00:00:00+00:00
[2023-12-19T10:05:13.364+0000] {processor.py:179} INFO - Processing /home/airflow/.local/lib/python3.8/site-packages/airflow/example_dags/example_branch_operator_decorator.py took 0.175 seconds
[2023-12-19T10:05:44.278+0000] {processor.py:157} INFO - Started process (PID=30983) to work on /home/airflow/.local/lib/python3.8/site-packages/airflow/example_dags/example_branch_operator_decorator.py
[2023-12-19T10:05:44.281+0000] {processor.py:829} INFO - Processing file /home/airflow/.local/lib/python3.8/site-packages/airflow/example_dags/example_branch_operator_decorator.py for tasks to queue
[2023-12-19T10:05:44.283+0000] {logging_mixin.py:154} INFO - [2023-12-19T10:05:44.283+0000] {dagbag.py:536} INFO - Filling up the DagBag from /home/airflow/.local/lib/python3.8/site-packages/airflow/example_dags/example_branch_operator_decorator.py
[2023-12-19T10:05:44.304+0000] {processor.py:839} INFO - DAG(s) dict_keys(['example_branch_python_operator_decorator']) retrieved from /home/airflow/.local/lib/python3.8/site-packages/airflow/example_dags/example_branch_operator_decorator.py
[2023-12-19T10:05:44.352+0000] {logging_mixin.py:154} INFO - [2023-12-19T10:05:44.352+0000] {dag.py:2941} INFO - Sync 1 DAGs
[2023-12-19T10:05:44.394+0000] {logging_mixin.py:154} INFO - [2023-12-19T10:05:44.394+0000] {dag.py:3722} INFO - Setting next_dagrun for example_branch_python_operator_decorator to 2023-12-18T00:00:00+00:00, run_after=2023-12-19T00:00:00+00:00
[2023-12-19T10:05:44.428+0000] {processor.py:179} INFO - Processing /home/airflow/.local/lib/python3.8/site-packages/airflow/example_dags/example_branch_operator_decorator.py took 0.156 seconds
[2023-12-19T10:06:14.623+0000] {processor.py:157} INFO - Started process (PID=31038) to work on /home/airflow/.local/lib/python3.8/site-packages/airflow/example_dags/example_branch_operator_decorator.py
[2023-12-19T10:06:14.627+0000] {processor.py:829} INFO - Processing file /home/airflow/.local/lib/python3.8/site-packages/airflow/example_dags/example_branch_operator_decorator.py for tasks to queue
[2023-12-19T10:06:14.630+0000] {logging_mixin.py:154} INFO - [2023-12-19T10:06:14.629+0000] {dagbag.py:536} INFO - Filling up the DagBag from /home/airflow/.local/lib/python3.8/site-packages/airflow/example_dags/example_branch_operator_decorator.py
[2023-12-19T10:06:14.650+0000] {processor.py:839} INFO - DAG(s) dict_keys(['example_branch_python_operator_decorator']) retrieved from /home/airflow/.local/lib/python3.8/site-packages/airflow/example_dags/example_branch_operator_decorator.py
[2023-12-19T10:06:14.694+0000] {logging_mixin.py:154} INFO - [2023-12-19T10:06:14.693+0000] {dag.py:2941} INFO - Sync 1 DAGs
[2023-12-19T10:06:14.737+0000] {logging_mixin.py:154} INFO - [2023-12-19T10:06:14.737+0000] {dag.py:3722} INFO - Setting next_dagrun for example_branch_python_operator_decorator to 2023-12-18T00:00:00+00:00, run_after=2023-12-19T00:00:00+00:00
[2023-12-19T10:06:14.770+0000] {processor.py:179} INFO - Processing /home/airflow/.local/lib/python3.8/site-packages/airflow/example_dags/example_branch_operator_decorator.py took 0.153 seconds
[2023-12-19T10:06:45.234+0000] {processor.py:157} INFO - Started process (PID=31093) to work on /home/airflow/.local/lib/python3.8/site-packages/airflow/example_dags/example_branch_operator_decorator.py
[2023-12-19T10:06:45.236+0000] {processor.py:829} INFO - Processing file /home/airflow/.local/lib/python3.8/site-packages/airflow/example_dags/example_branch_operator_decorator.py for tasks to queue
[2023-12-19T10:06:45.238+0000] {logging_mixin.py:154} INFO - [2023-12-19T10:06:45.238+0000] {dagbag.py:536} INFO - Filling up the DagBag from /home/airflow/.local/lib/python3.8/site-packages/airflow/example_dags/example_branch_operator_decorator.py
[2023-12-19T10:06:45.258+0000] {processor.py:839} INFO - DAG(s) dict_keys(['example_branch_python_operator_decorator']) retrieved from /home/airflow/.local/lib/python3.8/site-packages/airflow/example_dags/example_branch_operator_decorator.py
[2023-12-19T10:06:45.301+0000] {logging_mixin.py:154} INFO - [2023-12-19T10:06:45.300+0000] {dag.py:2941} INFO - Sync 1 DAGs
[2023-12-19T10:06:45.338+0000] {logging_mixin.py:154} INFO - [2023-12-19T10:06:45.337+0000] {dag.py:3722} INFO - Setting next_dagrun for example_branch_python_operator_decorator to 2023-12-18T00:00:00+00:00, run_after=2023-12-19T00:00:00+00:00
[2023-12-19T10:06:45.371+0000] {processor.py:179} INFO - Processing /home/airflow/.local/lib/python3.8/site-packages/airflow/example_dags/example_branch_operator_decorator.py took 0.144 seconds
[2023-12-19T10:07:15.414+0000] {processor.py:157} INFO - Started process (PID=31148) to work on /home/airflow/.local/lib/python3.8/site-packages/airflow/example_dags/example_branch_operator_decorator.py
[2023-12-19T10:07:15.416+0000] {processor.py:829} INFO - Processing file /home/airflow/.local/lib/python3.8/site-packages/airflow/example_dags/example_branch_operator_decorator.py for tasks to queue
[2023-12-19T10:07:15.418+0000] {logging_mixin.py:154} INFO - [2023-12-19T10:07:15.417+0000] {dagbag.py:536} INFO - Filling up the DagBag from /home/airflow/.local/lib/python3.8/site-packages/airflow/example_dags/example_branch_operator_decorator.py
[2023-12-19T10:07:15.438+0000] {processor.py:839} INFO - DAG(s) dict_keys(['example_branch_python_operator_decorator']) retrieved from /home/airflow/.local/lib/python3.8/site-packages/airflow/example_dags/example_branch_operator_decorator.py
[2023-12-19T10:07:15.482+0000] {logging_mixin.py:154} INFO - [2023-12-19T10:07:15.481+0000] {dag.py:2941} INFO - Sync 1 DAGs
[2023-12-19T10:07:15.519+0000] {logging_mixin.py:154} INFO - [2023-12-19T10:07:15.518+0000] {dag.py:3722} INFO - Setting next_dagrun for example_branch_python_operator_decorator to 2023-12-18T00:00:00+00:00, run_after=2023-12-19T00:00:00+00:00
[2023-12-19T10:07:15.553+0000] {processor.py:179} INFO - Processing /home/airflow/.local/lib/python3.8/site-packages/airflow/example_dags/example_branch_operator_decorator.py took 0.145 seconds
[2023-12-19T10:07:46.089+0000] {processor.py:157} INFO - Started process (PID=31203) to work on /home/airflow/.local/lib/python3.8/site-packages/airflow/example_dags/example_branch_operator_decorator.py
[2023-12-19T10:07:46.091+0000] {processor.py:829} INFO - Processing file /home/airflow/.local/lib/python3.8/site-packages/airflow/example_dags/example_branch_operator_decorator.py for tasks to queue
[2023-12-19T10:07:46.094+0000] {logging_mixin.py:154} INFO - [2023-12-19T10:07:46.094+0000] {dagbag.py:536} INFO - Filling up the DagBag from /home/airflow/.local/lib/python3.8/site-packages/airflow/example_dags/example_branch_operator_decorator.py
[2023-12-19T10:07:46.115+0000] {processor.py:839} INFO - DAG(s) dict_keys(['example_branch_python_operator_decorator']) retrieved from /home/airflow/.local/lib/python3.8/site-packages/airflow/example_dags/example_branch_operator_decorator.py
[2023-12-19T10:07:46.159+0000] {logging_mixin.py:154} INFO - [2023-12-19T10:07:46.159+0000] {dag.py:2941} INFO - Sync 1 DAGs
[2023-12-19T10:07:46.201+0000] {logging_mixin.py:154} INFO - [2023-12-19T10:07:46.201+0000] {dag.py:3722} INFO - Setting next_dagrun for example_branch_python_operator_decorator to 2023-12-18T00:00:00+00:00, run_after=2023-12-19T00:00:00+00:00
[2023-12-19T10:07:46.235+0000] {processor.py:179} INFO - Processing /home/airflow/.local/lib/python3.8/site-packages/airflow/example_dags/example_branch_operator_decorator.py took 0.153 seconds
[2023-12-19T10:08:16.643+0000] {processor.py:157} INFO - Started process (PID=31258) to work on /home/airflow/.local/lib/python3.8/site-packages/airflow/example_dags/example_branch_operator_decorator.py
[2023-12-19T10:08:16.646+0000] {processor.py:829} INFO - Processing file /home/airflow/.local/lib/python3.8/site-packages/airflow/example_dags/example_branch_operator_decorator.py for tasks to queue
[2023-12-19T10:08:16.648+0000] {logging_mixin.py:154} INFO - [2023-12-19T10:08:16.648+0000] {dagbag.py:536} INFO - Filling up the DagBag from /home/airflow/.local/lib/python3.8/site-packages/airflow/example_dags/example_branch_operator_decorator.py
[2023-12-19T10:08:16.668+0000] {processor.py:839} INFO - DAG(s) dict_keys(['example_branch_python_operator_decorator']) retrieved from /home/airflow/.local/lib/python3.8/site-packages/airflow/example_dags/example_branch_operator_decorator.py
[2023-12-19T10:08:16.712+0000] {logging_mixin.py:154} INFO - [2023-12-19T10:08:16.711+0000] {dag.py:2941} INFO - Sync 1 DAGs
[2023-12-19T10:08:16.751+0000] {logging_mixin.py:154} INFO - [2023-12-19T10:08:16.751+0000] {dag.py:3722} INFO - Setting next_dagrun for example_branch_python_operator_decorator to 2023-12-18T00:00:00+00:00, run_after=2023-12-19T00:00:00+00:00
[2023-12-19T10:08:16.781+0000] {processor.py:179} INFO - Processing /home/airflow/.local/lib/python3.8/site-packages/airflow/example_dags/example_branch_operator_decorator.py took 0.145 seconds
[2023-12-19T10:08:48.009+0000] {processor.py:157} INFO - Started process (PID=31313) to work on /home/airflow/.local/lib/python3.8/site-packages/airflow/example_dags/example_branch_operator_decorator.py
[2023-12-19T10:08:48.012+0000] {processor.py:829} INFO - Processing file /home/airflow/.local/lib/python3.8/site-packages/airflow/example_dags/example_branch_operator_decorator.py for tasks to queue
[2023-12-19T10:08:48.015+0000] {logging_mixin.py:154} INFO - [2023-12-19T10:08:48.015+0000] {dagbag.py:536} INFO - Filling up the DagBag from /home/airflow/.local/lib/python3.8/site-packages/airflow/example_dags/example_branch_operator_decorator.py
[2023-12-19T10:08:48.043+0000] {processor.py:839} INFO - DAG(s) dict_keys(['example_branch_python_operator_decorator']) retrieved from /home/airflow/.local/lib/python3.8/site-packages/airflow/example_dags/example_branch_operator_decorator.py
[2023-12-19T10:08:48.091+0000] {logging_mixin.py:154} INFO - [2023-12-19T10:08:48.090+0000] {dag.py:2941} INFO - Sync 1 DAGs
[2023-12-19T10:08:48.129+0000] {logging_mixin.py:154} INFO - [2023-12-19T10:08:48.129+0000] {dag.py:3722} INFO - Setting next_dagrun for example_branch_python_operator_decorator to 2023-12-18T00:00:00+00:00, run_after=2023-12-19T00:00:00+00:00
[2023-12-19T10:08:48.163+0000] {processor.py:179} INFO - Processing /home/airflow/.local/lib/python3.8/site-packages/airflow/example_dags/example_branch_operator_decorator.py took 0.167 seconds
[2023-12-19T10:09:18.659+0000] {processor.py:157} INFO - Started process (PID=31368) to work on /home/airflow/.local/lib/python3.8/site-packages/airflow/example_dags/example_branch_operator_decorator.py
[2023-12-19T10:09:18.662+0000] {processor.py:829} INFO - Processing file /home/airflow/.local/lib/python3.8/site-packages/airflow/example_dags/example_branch_operator_decorator.py for tasks to queue
[2023-12-19T10:09:18.665+0000] {logging_mixin.py:154} INFO - [2023-12-19T10:09:18.664+0000] {dagbag.py:536} INFO - Filling up the DagBag from /home/airflow/.local/lib/python3.8/site-packages/airflow/example_dags/example_branch_operator_decorator.py
[2023-12-19T10:09:18.690+0000] {processor.py:839} INFO - DAG(s) dict_keys(['example_branch_python_operator_decorator']) retrieved from /home/airflow/.local/lib/python3.8/site-packages/airflow/example_dags/example_branch_operator_decorator.py
[2023-12-19T10:09:18.744+0000] {logging_mixin.py:154} INFO - [2023-12-19T10:09:18.744+0000] {dag.py:2941} INFO - Sync 1 DAGs
[2023-12-19T10:09:18.787+0000] {logging_mixin.py:154} INFO - [2023-12-19T10:09:18.786+0000] {dag.py:3722} INFO - Setting next_dagrun for example_branch_python_operator_decorator to 2023-12-18T00:00:00+00:00, run_after=2023-12-19T00:00:00+00:00
[2023-12-19T10:09:18.821+0000] {processor.py:179} INFO - Processing /home/airflow/.local/lib/python3.8/site-packages/airflow/example_dags/example_branch_operator_decorator.py took 0.170 seconds
[2023-12-19T10:09:49.374+0000] {processor.py:157} INFO - Started process (PID=31423) to work on /home/airflow/.local/lib/python3.8/site-packages/airflow/example_dags/example_branch_operator_decorator.py
[2023-12-19T10:09:49.379+0000] {processor.py:829} INFO - Processing file /home/airflow/.local/lib/python3.8/site-packages/airflow/example_dags/example_branch_operator_decorator.py for tasks to queue
[2023-12-19T10:09:49.387+0000] {logging_mixin.py:154} INFO - [2023-12-19T10:09:49.386+0000] {dagbag.py:536} INFO - Filling up the DagBag from /home/airflow/.local/lib/python3.8/site-packages/airflow/example_dags/example_branch_operator_decorator.py
[2023-12-19T10:09:49.421+0000] {processor.py:839} INFO - DAG(s) dict_keys(['example_branch_python_operator_decorator']) retrieved from /home/airflow/.local/lib/python3.8/site-packages/airflow/example_dags/example_branch_operator_decorator.py
[2023-12-19T10:09:49.464+0000] {logging_mixin.py:154} INFO - [2023-12-19T10:09:49.464+0000] {dag.py:2941} INFO - Sync 1 DAGs
[2023-12-19T10:09:49.503+0000] {logging_mixin.py:154} INFO - [2023-12-19T10:09:49.503+0000] {dag.py:3722} INFO - Setting next_dagrun for example_branch_python_operator_decorator to 2023-12-18T00:00:00+00:00, run_after=2023-12-19T00:00:00+00:00
[2023-12-19T10:09:49.541+0000] {processor.py:179} INFO - Processing /home/airflow/.local/lib/python3.8/site-packages/airflow/example_dags/example_branch_operator_decorator.py took 0.174 seconds
[2023-12-19T10:10:20.076+0000] {processor.py:157} INFO - Started process (PID=31479) to work on /home/airflow/.local/lib/python3.8/site-packages/airflow/example_dags/example_branch_operator_decorator.py
[2023-12-19T10:10:20.079+0000] {processor.py:829} INFO - Processing file /home/airflow/.local/lib/python3.8/site-packages/airflow/example_dags/example_branch_operator_decorator.py for tasks to queue
[2023-12-19T10:10:20.081+0000] {logging_mixin.py:154} INFO - [2023-12-19T10:10:20.081+0000] {dagbag.py:536} INFO - Filling up the DagBag from /home/airflow/.local/lib/python3.8/site-packages/airflow/example_dags/example_branch_operator_decorator.py
[2023-12-19T10:10:20.101+0000] {processor.py:839} INFO - DAG(s) dict_keys(['example_branch_python_operator_decorator']) retrieved from /home/airflow/.local/lib/python3.8/site-packages/airflow/example_dags/example_branch_operator_decorator.py
[2023-12-19T10:10:20.145+0000] {logging_mixin.py:154} INFO - [2023-12-19T10:10:20.144+0000] {dag.py:2941} INFO - Sync 1 DAGs
[2023-12-19T10:10:20.183+0000] {logging_mixin.py:154} INFO - [2023-12-19T10:10:20.183+0000] {dag.py:3722} INFO - Setting next_dagrun for example_branch_python_operator_decorator to 2023-12-18T00:00:00+00:00, run_after=2023-12-19T00:00:00+00:00
[2023-12-19T10:10:20.217+0000] {processor.py:179} INFO - Processing /home/airflow/.local/lib/python3.8/site-packages/airflow/example_dags/example_branch_operator_decorator.py took 0.148 seconds
[2023-12-19T10:10:50.717+0000] {processor.py:157} INFO - Started process (PID=31534) to work on /home/airflow/.local/lib/python3.8/site-packages/airflow/example_dags/example_branch_operator_decorator.py
[2023-12-19T10:10:50.720+0000] {processor.py:829} INFO - Processing file /home/airflow/.local/lib/python3.8/site-packages/airflow/example_dags/example_branch_operator_decorator.py for tasks to queue
[2023-12-19T10:10:50.722+0000] {logging_mixin.py:154} INFO - [2023-12-19T10:10:50.722+0000] {dagbag.py:536} INFO - Filling up the DagBag from /home/airflow/.local/lib/python3.8/site-packages/airflow/example_dags/example_branch_operator_decorator.py
[2023-12-19T10:10:50.745+0000] {processor.py:839} INFO - DAG(s) dict_keys(['example_branch_python_operator_decorator']) retrieved from /home/airflow/.local/lib/python3.8/site-packages/airflow/example_dags/example_branch_operator_decorator.py
[2023-12-19T10:10:50.790+0000] {logging_mixin.py:154} INFO - [2023-12-19T10:10:50.790+0000] {dag.py:2941} INFO - Sync 1 DAGs
[2023-12-19T10:10:50.832+0000] {logging_mixin.py:154} INFO - [2023-12-19T10:10:50.832+0000] {dag.py:3722} INFO - Setting next_dagrun for example_branch_python_operator_decorator to 2023-12-18T00:00:00+00:00, run_after=2023-12-19T00:00:00+00:00
[2023-12-19T10:10:50.868+0000] {processor.py:179} INFO - Processing /home/airflow/.local/lib/python3.8/site-packages/airflow/example_dags/example_branch_operator_decorator.py took 0.157 seconds
[2023-12-19T10:11:21.522+0000] {processor.py:157} INFO - Started process (PID=31589) to work on /home/airflow/.local/lib/python3.8/site-packages/airflow/example_dags/example_branch_operator_decorator.py
[2023-12-19T10:11:21.525+0000] {processor.py:829} INFO - Processing file /home/airflow/.local/lib/python3.8/site-packages/airflow/example_dags/example_branch_operator_decorator.py for tasks to queue
[2023-12-19T10:11:21.527+0000] {logging_mixin.py:154} INFO - [2023-12-19T10:11:21.526+0000] {dagbag.py:536} INFO - Filling up the DagBag from /home/airflow/.local/lib/python3.8/site-packages/airflow/example_dags/example_branch_operator_decorator.py
[2023-12-19T10:11:21.548+0000] {processor.py:839} INFO - DAG(s) dict_keys(['example_branch_python_operator_decorator']) retrieved from /home/airflow/.local/lib/python3.8/site-packages/airflow/example_dags/example_branch_operator_decorator.py
[2023-12-19T10:11:21.590+0000] {logging_mixin.py:154} INFO - [2023-12-19T10:11:21.590+0000] {dag.py:2941} INFO - Sync 1 DAGs
[2023-12-19T10:11:21.629+0000] {logging_mixin.py:154} INFO - [2023-12-19T10:11:21.629+0000] {dag.py:3722} INFO - Setting next_dagrun for example_branch_python_operator_decorator to 2023-12-18T00:00:00+00:00, run_after=2023-12-19T00:00:00+00:00
[2023-12-19T10:11:21.664+0000] {processor.py:179} INFO - Processing /home/airflow/.local/lib/python3.8/site-packages/airflow/example_dags/example_branch_operator_decorator.py took 0.148 seconds
[2023-12-19T10:11:52.472+0000] {processor.py:157} INFO - Started process (PID=31644) to work on /home/airflow/.local/lib/python3.8/site-packages/airflow/example_dags/example_branch_operator_decorator.py
[2023-12-19T10:11:52.479+0000] {processor.py:829} INFO - Processing file /home/airflow/.local/lib/python3.8/site-packages/airflow/example_dags/example_branch_operator_decorator.py for tasks to queue
[2023-12-19T10:11:52.487+0000] {logging_mixin.py:154} INFO - [2023-12-19T10:11:52.485+0000] {dagbag.py:536} INFO - Filling up the DagBag from /home/airflow/.local/lib/python3.8/site-packages/airflow/example_dags/example_branch_operator_decorator.py
[2023-12-19T10:11:52.550+0000] {processor.py:839} INFO - DAG(s) dict_keys(['example_branch_python_operator_decorator']) retrieved from /home/airflow/.local/lib/python3.8/site-packages/airflow/example_dags/example_branch_operator_decorator.py
[2023-12-19T10:11:52.666+0000] {logging_mixin.py:154} INFO - [2023-12-19T10:11:52.665+0000] {dag.py:2941} INFO - Sync 1 DAGs
[2023-12-19T10:11:52.758+0000] {logging_mixin.py:154} INFO - [2023-12-19T10:11:52.758+0000] {dag.py:3722} INFO - Setting next_dagrun for example_branch_python_operator_decorator to 2023-12-18T00:00:00+00:00, run_after=2023-12-19T00:00:00+00:00
[2023-12-19T10:11:52.796+0000] {processor.py:179} INFO - Processing /home/airflow/.local/lib/python3.8/site-packages/airflow/example_dags/example_branch_operator_decorator.py took 0.345 seconds
[2023-12-19T10:12:23.466+0000] {processor.py:157} INFO - Started process (PID=31699) to work on /home/airflow/.local/lib/python3.8/site-packages/airflow/example_dags/example_branch_operator_decorator.py
[2023-12-19T10:12:23.469+0000] {processor.py:829} INFO - Processing file /home/airflow/.local/lib/python3.8/site-packages/airflow/example_dags/example_branch_operator_decorator.py for tasks to queue
[2023-12-19T10:12:23.471+0000] {logging_mixin.py:154} INFO - [2023-12-19T10:12:23.471+0000] {dagbag.py:536} INFO - Filling up the DagBag from /home/airflow/.local/lib/python3.8/site-packages/airflow/example_dags/example_branch_operator_decorator.py
[2023-12-19T10:12:23.495+0000] {processor.py:839} INFO - DAG(s) dict_keys(['example_branch_python_operator_decorator']) retrieved from /home/airflow/.local/lib/python3.8/site-packages/airflow/example_dags/example_branch_operator_decorator.py
[2023-12-19T10:12:23.545+0000] {logging_mixin.py:154} INFO - [2023-12-19T10:12:23.545+0000] {dag.py:2941} INFO - Sync 1 DAGs
[2023-12-19T10:12:23.585+0000] {logging_mixin.py:154} INFO - [2023-12-19T10:12:23.585+0000] {dag.py:3722} INFO - Setting next_dagrun for example_branch_python_operator_decorator to 2023-12-18T00:00:00+00:00, run_after=2023-12-19T00:00:00+00:00
[2023-12-19T10:12:23.621+0000] {processor.py:179} INFO - Processing /home/airflow/.local/lib/python3.8/site-packages/airflow/example_dags/example_branch_operator_decorator.py took 0.165 seconds
[2023-12-19T10:12:53.727+0000] {processor.py:157} INFO - Started process (PID=31753) to work on /home/airflow/.local/lib/python3.8/site-packages/airflow/example_dags/example_branch_operator_decorator.py
[2023-12-19T10:12:53.730+0000] {processor.py:829} INFO - Processing file /home/airflow/.local/lib/python3.8/site-packages/airflow/example_dags/example_branch_operator_decorator.py for tasks to queue
[2023-12-19T10:12:53.732+0000] {logging_mixin.py:154} INFO - [2023-12-19T10:12:53.731+0000] {dagbag.py:536} INFO - Filling up the DagBag from /home/airflow/.local/lib/python3.8/site-packages/airflow/example_dags/example_branch_operator_decorator.py
[2023-12-19T10:12:53.751+0000] {processor.py:839} INFO - DAG(s) dict_keys(['example_branch_python_operator_decorator']) retrieved from /home/airflow/.local/lib/python3.8/site-packages/airflow/example_dags/example_branch_operator_decorator.py
[2023-12-19T10:12:53.794+0000] {logging_mixin.py:154} INFO - [2023-12-19T10:12:53.794+0000] {dag.py:2941} INFO - Sync 1 DAGs
[2023-12-19T10:12:53.832+0000] {logging_mixin.py:154} INFO - [2023-12-19T10:12:53.831+0000] {dag.py:3722} INFO - Setting next_dagrun for example_branch_python_operator_decorator to 2023-12-18T00:00:00+00:00, run_after=2023-12-19T00:00:00+00:00
[2023-12-19T10:12:53.868+0000] {processor.py:179} INFO - Processing /home/airflow/.local/lib/python3.8/site-packages/airflow/example_dags/example_branch_operator_decorator.py took 0.147 seconds
[2023-12-19T10:13:24.084+0000] {processor.py:157} INFO - Started process (PID=31808) to work on /home/airflow/.local/lib/python3.8/site-packages/airflow/example_dags/example_branch_operator_decorator.py
[2023-12-19T10:13:24.088+0000] {processor.py:829} INFO - Processing file /home/airflow/.local/lib/python3.8/site-packages/airflow/example_dags/example_branch_operator_decorator.py for tasks to queue
[2023-12-19T10:13:24.090+0000] {logging_mixin.py:154} INFO - [2023-12-19T10:13:24.089+0000] {dagbag.py:536} INFO - Filling up the DagBag from /home/airflow/.local/lib/python3.8/site-packages/airflow/example_dags/example_branch_operator_decorator.py
[2023-12-19T10:13:24.109+0000] {processor.py:839} INFO - DAG(s) dict_keys(['example_branch_python_operator_decorator']) retrieved from /home/airflow/.local/lib/python3.8/site-packages/airflow/example_dags/example_branch_operator_decorator.py
[2023-12-19T10:13:24.151+0000] {logging_mixin.py:154} INFO - [2023-12-19T10:13:24.151+0000] {dag.py:2941} INFO - Sync 1 DAGs
[2023-12-19T10:13:24.189+0000] {logging_mixin.py:154} INFO - [2023-12-19T10:13:24.189+0000] {dag.py:3722} INFO - Setting next_dagrun for example_branch_python_operator_decorator to 2023-12-18T00:00:00+00:00, run_after=2023-12-19T00:00:00+00:00
[2023-12-19T10:13:24.224+0000] {processor.py:179} INFO - Processing /home/airflow/.local/lib/python3.8/site-packages/airflow/example_dags/example_branch_operator_decorator.py took 0.146 seconds
[2023-12-19T10:13:55.092+0000] {processor.py:157} INFO - Started process (PID=31865) to work on /home/airflow/.local/lib/python3.8/site-packages/airflow/example_dags/example_branch_operator_decorator.py
[2023-12-19T10:13:55.095+0000] {processor.py:829} INFO - Processing file /home/airflow/.local/lib/python3.8/site-packages/airflow/example_dags/example_branch_operator_decorator.py for tasks to queue
[2023-12-19T10:13:55.097+0000] {logging_mixin.py:154} INFO - [2023-12-19T10:13:55.096+0000] {dagbag.py:536} INFO - Filling up the DagBag from /home/airflow/.local/lib/python3.8/site-packages/airflow/example_dags/example_branch_operator_decorator.py
[2023-12-19T10:13:55.116+0000] {processor.py:839} INFO - DAG(s) dict_keys(['example_branch_python_operator_decorator']) retrieved from /home/airflow/.local/lib/python3.8/site-packages/airflow/example_dags/example_branch_operator_decorator.py
[2023-12-19T10:13:55.163+0000] {logging_mixin.py:154} INFO - [2023-12-19T10:13:55.162+0000] {dag.py:2941} INFO - Sync 1 DAGs
[2023-12-19T10:13:55.203+0000] {logging_mixin.py:154} INFO - [2023-12-19T10:13:55.202+0000] {dag.py:3722} INFO - Setting next_dagrun for example_branch_python_operator_decorator to 2023-12-18T00:00:00+00:00, run_after=2023-12-19T00:00:00+00:00
[2023-12-19T10:13:55.239+0000] {processor.py:179} INFO - Processing /home/airflow/.local/lib/python3.8/site-packages/airflow/example_dags/example_branch_operator_decorator.py took 0.154 seconds
[2023-12-19T10:14:25.379+0000] {processor.py:157} INFO - Started process (PID=31919) to work on /home/airflow/.local/lib/python3.8/site-packages/airflow/example_dags/example_branch_operator_decorator.py
[2023-12-19T10:14:25.382+0000] {processor.py:829} INFO - Processing file /home/airflow/.local/lib/python3.8/site-packages/airflow/example_dags/example_branch_operator_decorator.py for tasks to queue
[2023-12-19T10:14:25.384+0000] {logging_mixin.py:154} INFO - [2023-12-19T10:14:25.383+0000] {dagbag.py:536} INFO - Filling up the DagBag from /home/airflow/.local/lib/python3.8/site-packages/airflow/example_dags/example_branch_operator_decorator.py
[2023-12-19T10:14:25.406+0000] {processor.py:839} INFO - DAG(s) dict_keys(['example_branch_python_operator_decorator']) retrieved from /home/airflow/.local/lib/python3.8/site-packages/airflow/example_dags/example_branch_operator_decorator.py
[2023-12-19T10:14:25.450+0000] {logging_mixin.py:154} INFO - [2023-12-19T10:14:25.449+0000] {dag.py:2941} INFO - Sync 1 DAGs
[2023-12-19T10:14:25.494+0000] {logging_mixin.py:154} INFO - [2023-12-19T10:14:25.493+0000] {dag.py:3722} INFO - Setting next_dagrun for example_branch_python_operator_decorator to 2023-12-18T00:00:00+00:00, run_after=2023-12-19T00:00:00+00:00
[2023-12-19T10:14:25.548+0000] {processor.py:179} INFO - Processing /home/airflow/.local/lib/python3.8/site-packages/airflow/example_dags/example_branch_operator_decorator.py took 0.176 seconds
[2023-12-19T10:14:56.340+0000] {processor.py:157} INFO - Started process (PID=31975) to work on /home/airflow/.local/lib/python3.8/site-packages/airflow/example_dags/example_branch_operator_decorator.py
[2023-12-19T10:14:56.344+0000] {processor.py:829} INFO - Processing file /home/airflow/.local/lib/python3.8/site-packages/airflow/example_dags/example_branch_operator_decorator.py for tasks to queue
[2023-12-19T10:14:56.348+0000] {logging_mixin.py:154} INFO - [2023-12-19T10:14:56.347+0000] {dagbag.py:536} INFO - Filling up the DagBag from /home/airflow/.local/lib/python3.8/site-packages/airflow/example_dags/example_branch_operator_decorator.py
[2023-12-19T10:14:56.380+0000] {processor.py:839} INFO - DAG(s) dict_keys(['example_branch_python_operator_decorator']) retrieved from /home/airflow/.local/lib/python3.8/site-packages/airflow/example_dags/example_branch_operator_decorator.py
[2023-12-19T10:14:56.430+0000] {logging_mixin.py:154} INFO - [2023-12-19T10:14:56.430+0000] {dag.py:2941} INFO - Sync 1 DAGs
[2023-12-19T10:14:56.478+0000] {logging_mixin.py:154} INFO - [2023-12-19T10:14:56.478+0000] {dag.py:3722} INFO - Setting next_dagrun for example_branch_python_operator_decorator to 2023-12-18T00:00:00+00:00, run_after=2023-12-19T00:00:00+00:00
[2023-12-19T10:14:56.521+0000] {processor.py:179} INFO - Processing /home/airflow/.local/lib/python3.8/site-packages/airflow/example_dags/example_branch_operator_decorator.py took 0.189 seconds
[2023-12-19T10:15:26.905+0000] {processor.py:157} INFO - Started process (PID=32030) to work on /home/airflow/.local/lib/python3.8/site-packages/airflow/example_dags/example_branch_operator_decorator.py
[2023-12-19T10:15:26.907+0000] {processor.py:829} INFO - Processing file /home/airflow/.local/lib/python3.8/site-packages/airflow/example_dags/example_branch_operator_decorator.py for tasks to queue
[2023-12-19T10:15:26.910+0000] {logging_mixin.py:154} INFO - [2023-12-19T10:15:26.909+0000] {dagbag.py:536} INFO - Filling up the DagBag from /home/airflow/.local/lib/python3.8/site-packages/airflow/example_dags/example_branch_operator_decorator.py
[2023-12-19T10:15:26.940+0000] {processor.py:839} INFO - DAG(s) dict_keys(['example_branch_python_operator_decorator']) retrieved from /home/airflow/.local/lib/python3.8/site-packages/airflow/example_dags/example_branch_operator_decorator.py
[2023-12-19T10:15:26.988+0000] {logging_mixin.py:154} INFO - [2023-12-19T10:15:26.988+0000] {dag.py:2941} INFO - Sync 1 DAGs
[2023-12-19T10:15:27.033+0000] {logging_mixin.py:154} INFO - [2023-12-19T10:15:27.033+0000] {dag.py:3722} INFO - Setting next_dagrun for example_branch_python_operator_decorator to 2023-12-18T00:00:00+00:00, run_after=2023-12-19T00:00:00+00:00
[2023-12-19T10:15:27.078+0000] {processor.py:179} INFO - Processing /home/airflow/.local/lib/python3.8/site-packages/airflow/example_dags/example_branch_operator_decorator.py took 0.187 seconds
[2023-12-19T10:15:57.181+0000] {processor.py:157} INFO - Started process (PID=32085) to work on /home/airflow/.local/lib/python3.8/site-packages/airflow/example_dags/example_branch_operator_decorator.py
[2023-12-19T10:15:57.183+0000] {processor.py:829} INFO - Processing file /home/airflow/.local/lib/python3.8/site-packages/airflow/example_dags/example_branch_operator_decorator.py for tasks to queue
[2023-12-19T10:15:57.185+0000] {logging_mixin.py:154} INFO - [2023-12-19T10:15:57.184+0000] {dagbag.py:536} INFO - Filling up the DagBag from /home/airflow/.local/lib/python3.8/site-packages/airflow/example_dags/example_branch_operator_decorator.py
[2023-12-19T10:15:57.204+0000] {processor.py:839} INFO - DAG(s) dict_keys(['example_branch_python_operator_decorator']) retrieved from /home/airflow/.local/lib/python3.8/site-packages/airflow/example_dags/example_branch_operator_decorator.py
[2023-12-19T10:15:57.252+0000] {logging_mixin.py:154} INFO - [2023-12-19T10:15:57.252+0000] {dag.py:2941} INFO - Sync 1 DAGs
[2023-12-19T10:15:57.293+0000] {logging_mixin.py:154} INFO - [2023-12-19T10:15:57.292+0000] {dag.py:3722} INFO - Setting next_dagrun for example_branch_python_operator_decorator to 2023-12-18T00:00:00+00:00, run_after=2023-12-19T00:00:00+00:00
[2023-12-19T10:15:57.332+0000] {processor.py:179} INFO - Processing /home/airflow/.local/lib/python3.8/site-packages/airflow/example_dags/example_branch_operator_decorator.py took 0.158 seconds
[2023-12-19T10:16:27.579+0000] {processor.py:157} INFO - Started process (PID=32140) to work on /home/airflow/.local/lib/python3.8/site-packages/airflow/example_dags/example_branch_operator_decorator.py
[2023-12-19T10:16:27.582+0000] {processor.py:829} INFO - Processing file /home/airflow/.local/lib/python3.8/site-packages/airflow/example_dags/example_branch_operator_decorator.py for tasks to queue
[2023-12-19T10:16:27.585+0000] {logging_mixin.py:154} INFO - [2023-12-19T10:16:27.584+0000] {dagbag.py:536} INFO - Filling up the DagBag from /home/airflow/.local/lib/python3.8/site-packages/airflow/example_dags/example_branch_operator_decorator.py
[2023-12-19T10:16:27.607+0000] {processor.py:839} INFO - DAG(s) dict_keys(['example_branch_python_operator_decorator']) retrieved from /home/airflow/.local/lib/python3.8/site-packages/airflow/example_dags/example_branch_operator_decorator.py
[2023-12-19T10:16:27.656+0000] {logging_mixin.py:154} INFO - [2023-12-19T10:16:27.655+0000] {dag.py:2941} INFO - Sync 1 DAGs
[2023-12-19T10:16:27.703+0000] {logging_mixin.py:154} INFO - [2023-12-19T10:16:27.702+0000] {dag.py:3722} INFO - Setting next_dagrun for example_branch_python_operator_decorator to 2023-12-18T00:00:00+00:00, run_after=2023-12-19T00:00:00+00:00
[2023-12-19T10:16:27.739+0000] {processor.py:179} INFO - Processing /home/airflow/.local/lib/python3.8/site-packages/airflow/example_dags/example_branch_operator_decorator.py took 0.166 seconds
[2023-12-19T10:16:58.088+0000] {processor.py:157} INFO - Started process (PID=32195) to work on /home/airflow/.local/lib/python3.8/site-packages/airflow/example_dags/example_branch_operator_decorator.py
[2023-12-19T10:16:58.094+0000] {processor.py:829} INFO - Processing file /home/airflow/.local/lib/python3.8/site-packages/airflow/example_dags/example_branch_operator_decorator.py for tasks to queue
[2023-12-19T10:16:58.101+0000] {logging_mixin.py:154} INFO - [2023-12-19T10:16:58.101+0000] {dagbag.py:536} INFO - Filling up the DagBag from /home/airflow/.local/lib/python3.8/site-packages/airflow/example_dags/example_branch_operator_decorator.py
[2023-12-19T10:16:58.129+0000] {processor.py:839} INFO - DAG(s) dict_keys(['example_branch_python_operator_decorator']) retrieved from /home/airflow/.local/lib/python3.8/site-packages/airflow/example_dags/example_branch_operator_decorator.py
[2023-12-19T10:16:58.317+0000] {logging_mixin.py:154} INFO - [2023-12-19T10:16:58.314+0000] {dag.py:2941} INFO - Sync 1 DAGs
[2023-12-19T10:16:58.479+0000] {logging_mixin.py:154} INFO - [2023-12-19T10:16:58.479+0000] {dag.py:3722} INFO - Setting next_dagrun for example_branch_python_operator_decorator to 2023-12-18T00:00:00+00:00, run_after=2023-12-19T00:00:00+00:00
[2023-12-19T10:16:58.587+0000] {processor.py:179} INFO - Processing /home/airflow/.local/lib/python3.8/site-packages/airflow/example_dags/example_branch_operator_decorator.py took 0.516 seconds
[2023-12-19T10:17:29.413+0000] {processor.py:157} INFO - Started process (PID=32250) to work on /home/airflow/.local/lib/python3.8/site-packages/airflow/example_dags/example_branch_operator_decorator.py
[2023-12-19T10:17:29.417+0000] {processor.py:829} INFO - Processing file /home/airflow/.local/lib/python3.8/site-packages/airflow/example_dags/example_branch_operator_decorator.py for tasks to queue
[2023-12-19T10:17:29.420+0000] {logging_mixin.py:154} INFO - [2023-12-19T10:17:29.419+0000] {dagbag.py:536} INFO - Filling up the DagBag from /home/airflow/.local/lib/python3.8/site-packages/airflow/example_dags/example_branch_operator_decorator.py
[2023-12-19T10:17:29.443+0000] {processor.py:839} INFO - DAG(s) dict_keys(['example_branch_python_operator_decorator']) retrieved from /home/airflow/.local/lib/python3.8/site-packages/airflow/example_dags/example_branch_operator_decorator.py
[2023-12-19T10:17:29.495+0000] {logging_mixin.py:154} INFO - [2023-12-19T10:17:29.494+0000] {dag.py:2941} INFO - Sync 1 DAGs
[2023-12-19T10:17:29.546+0000] {logging_mixin.py:154} INFO - [2023-12-19T10:17:29.546+0000] {dag.py:3722} INFO - Setting next_dagrun for example_branch_python_operator_decorator to 2023-12-18T00:00:00+00:00, run_after=2023-12-19T00:00:00+00:00
[2023-12-19T10:17:29.581+0000] {processor.py:179} INFO - Processing /home/airflow/.local/lib/python3.8/site-packages/airflow/example_dags/example_branch_operator_decorator.py took 0.176 seconds
[2023-12-19T10:18:00.012+0000] {processor.py:157} INFO - Started process (PID=32305) to work on /home/airflow/.local/lib/python3.8/site-packages/airflow/example_dags/example_branch_operator_decorator.py
[2023-12-19T10:18:00.017+0000] {processor.py:829} INFO - Processing file /home/airflow/.local/lib/python3.8/site-packages/airflow/example_dags/example_branch_operator_decorator.py for tasks to queue
[2023-12-19T10:18:00.019+0000] {logging_mixin.py:154} INFO - [2023-12-19T10:18:00.019+0000] {dagbag.py:536} INFO - Filling up the DagBag from /home/airflow/.local/lib/python3.8/site-packages/airflow/example_dags/example_branch_operator_decorator.py
[2023-12-19T10:18:00.043+0000] {processor.py:839} INFO - DAG(s) dict_keys(['example_branch_python_operator_decorator']) retrieved from /home/airflow/.local/lib/python3.8/site-packages/airflow/example_dags/example_branch_operator_decorator.py
[2023-12-19T10:18:00.093+0000] {logging_mixin.py:154} INFO - [2023-12-19T10:18:00.092+0000] {dag.py:2941} INFO - Sync 1 DAGs
[2023-12-19T10:18:00.143+0000] {logging_mixin.py:154} INFO - [2023-12-19T10:18:00.142+0000] {dag.py:3722} INFO - Setting next_dagrun for example_branch_python_operator_decorator to 2023-12-18T00:00:00+00:00, run_after=2023-12-19T00:00:00+00:00
[2023-12-19T10:18:00.177+0000] {processor.py:179} INFO - Processing /home/airflow/.local/lib/python3.8/site-packages/airflow/example_dags/example_branch_operator_decorator.py took 0.174 seconds
[2023-12-19T10:18:30.249+0000] {processor.py:157} INFO - Started process (PID=32360) to work on /home/airflow/.local/lib/python3.8/site-packages/airflow/example_dags/example_branch_operator_decorator.py
[2023-12-19T10:18:30.252+0000] {processor.py:829} INFO - Processing file /home/airflow/.local/lib/python3.8/site-packages/airflow/example_dags/example_branch_operator_decorator.py for tasks to queue
[2023-12-19T10:18:30.254+0000] {logging_mixin.py:154} INFO - [2023-12-19T10:18:30.254+0000] {dagbag.py:536} INFO - Filling up the DagBag from /home/airflow/.local/lib/python3.8/site-packages/airflow/example_dags/example_branch_operator_decorator.py
[2023-12-19T10:18:30.274+0000] {processor.py:839} INFO - DAG(s) dict_keys(['example_branch_python_operator_decorator']) retrieved from /home/airflow/.local/lib/python3.8/site-packages/airflow/example_dags/example_branch_operator_decorator.py
[2023-12-19T10:18:30.319+0000] {logging_mixin.py:154} INFO - [2023-12-19T10:18:30.318+0000] {dag.py:2941} INFO - Sync 1 DAGs
[2023-12-19T10:18:30.359+0000] {logging_mixin.py:154} INFO - [2023-12-19T10:18:30.359+0000] {dag.py:3722} INFO - Setting next_dagrun for example_branch_python_operator_decorator to 2023-12-18T00:00:00+00:00, run_after=2023-12-19T00:00:00+00:00
[2023-12-19T10:18:30.396+0000] {processor.py:179} INFO - Processing /home/airflow/.local/lib/python3.8/site-packages/airflow/example_dags/example_branch_operator_decorator.py took 0.153 seconds
[2023-12-19T10:19:00.556+0000] {processor.py:157} INFO - Started process (PID=32415) to work on /home/airflow/.local/lib/python3.8/site-packages/airflow/example_dags/example_branch_operator_decorator.py
[2023-12-19T10:19:00.560+0000] {processor.py:829} INFO - Processing file /home/airflow/.local/lib/python3.8/site-packages/airflow/example_dags/example_branch_operator_decorator.py for tasks to queue
[2023-12-19T10:19:00.561+0000] {logging_mixin.py:154} INFO - [2023-12-19T10:19:00.561+0000] {dagbag.py:536} INFO - Filling up the DagBag from /home/airflow/.local/lib/python3.8/site-packages/airflow/example_dags/example_branch_operator_decorator.py
[2023-12-19T10:19:00.582+0000] {processor.py:839} INFO - DAG(s) dict_keys(['example_branch_python_operator_decorator']) retrieved from /home/airflow/.local/lib/python3.8/site-packages/airflow/example_dags/example_branch_operator_decorator.py
[2023-12-19T10:19:00.628+0000] {logging_mixin.py:154} INFO - [2023-12-19T10:19:00.627+0000] {dag.py:2941} INFO - Sync 1 DAGs
[2023-12-19T10:19:00.672+0000] {logging_mixin.py:154} INFO - [2023-12-19T10:19:00.671+0000] {dag.py:3722} INFO - Setting next_dagrun for example_branch_python_operator_decorator to 2023-12-18T00:00:00+00:00, run_after=2023-12-19T00:00:00+00:00
[2023-12-19T10:19:00.717+0000] {processor.py:179} INFO - Processing /home/airflow/.local/lib/python3.8/site-packages/airflow/example_dags/example_branch_operator_decorator.py took 0.169 seconds
[2023-12-19T10:19:31.021+0000] {processor.py:157} INFO - Started process (PID=32470) to work on /home/airflow/.local/lib/python3.8/site-packages/airflow/example_dags/example_branch_operator_decorator.py
[2023-12-19T10:19:31.024+0000] {processor.py:829} INFO - Processing file /home/airflow/.local/lib/python3.8/site-packages/airflow/example_dags/example_branch_operator_decorator.py for tasks to queue
[2023-12-19T10:19:31.026+0000] {logging_mixin.py:154} INFO - [2023-12-19T10:19:31.026+0000] {dagbag.py:536} INFO - Filling up the DagBag from /home/airflow/.local/lib/python3.8/site-packages/airflow/example_dags/example_branch_operator_decorator.py
[2023-12-19T10:19:31.046+0000] {processor.py:839} INFO - DAG(s) dict_keys(['example_branch_python_operator_decorator']) retrieved from /home/airflow/.local/lib/python3.8/site-packages/airflow/example_dags/example_branch_operator_decorator.py
[2023-12-19T10:19:31.094+0000] {logging_mixin.py:154} INFO - [2023-12-19T10:19:31.093+0000] {dag.py:2941} INFO - Sync 1 DAGs
[2023-12-19T10:19:31.139+0000] {logging_mixin.py:154} INFO - [2023-12-19T10:19:31.139+0000] {dag.py:3722} INFO - Setting next_dagrun for example_branch_python_operator_decorator to 2023-12-18T00:00:00+00:00, run_after=2023-12-19T00:00:00+00:00
[2023-12-19T10:19:31.170+0000] {processor.py:179} INFO - Processing /home/airflow/.local/lib/python3.8/site-packages/airflow/example_dags/example_branch_operator_decorator.py took 0.157 seconds
[2023-12-19T10:20:01.292+0000] {processor.py:157} INFO - Started process (PID=32526) to work on /home/airflow/.local/lib/python3.8/site-packages/airflow/example_dags/example_branch_operator_decorator.py
[2023-12-19T10:20:01.295+0000] {processor.py:829} INFO - Processing file /home/airflow/.local/lib/python3.8/site-packages/airflow/example_dags/example_branch_operator_decorator.py for tasks to queue
[2023-12-19T10:20:01.297+0000] {logging_mixin.py:154} INFO - [2023-12-19T10:20:01.297+0000] {dagbag.py:536} INFO - Filling up the DagBag from /home/airflow/.local/lib/python3.8/site-packages/airflow/example_dags/example_branch_operator_decorator.py
[2023-12-19T10:20:01.319+0000] {processor.py:839} INFO - DAG(s) dict_keys(['example_branch_python_operator_decorator']) retrieved from /home/airflow/.local/lib/python3.8/site-packages/airflow/example_dags/example_branch_operator_decorator.py
[2023-12-19T10:20:01.365+0000] {logging_mixin.py:154} INFO - [2023-12-19T10:20:01.364+0000] {dag.py:2941} INFO - Sync 1 DAGs
[2023-12-19T10:20:01.407+0000] {logging_mixin.py:154} INFO - [2023-12-19T10:20:01.406+0000] {dag.py:3722} INFO - Setting next_dagrun for example_branch_python_operator_decorator to 2023-12-18T00:00:00+00:00, run_after=2023-12-19T00:00:00+00:00
[2023-12-19T10:20:01.443+0000] {processor.py:179} INFO - Processing /home/airflow/.local/lib/python3.8/site-packages/airflow/example_dags/example_branch_operator_decorator.py took 0.157 seconds
[2023-12-19T10:20:32.044+0000] {processor.py:157} INFO - Started process (PID=32581) to work on /home/airflow/.local/lib/python3.8/site-packages/airflow/example_dags/example_branch_operator_decorator.py
[2023-12-19T10:20:32.049+0000] {processor.py:829} INFO - Processing file /home/airflow/.local/lib/python3.8/site-packages/airflow/example_dags/example_branch_operator_decorator.py for tasks to queue
[2023-12-19T10:20:32.052+0000] {logging_mixin.py:154} INFO - [2023-12-19T10:20:32.052+0000] {dagbag.py:536} INFO - Filling up the DagBag from /home/airflow/.local/lib/python3.8/site-packages/airflow/example_dags/example_branch_operator_decorator.py
[2023-12-19T10:20:32.074+0000] {processor.py:839} INFO - DAG(s) dict_keys(['example_branch_python_operator_decorator']) retrieved from /home/airflow/.local/lib/python3.8/site-packages/airflow/example_dags/example_branch_operator_decorator.py
[2023-12-19T10:20:32.118+0000] {logging_mixin.py:154} INFO - [2023-12-19T10:20:32.118+0000] {dag.py:2941} INFO - Sync 1 DAGs
[2023-12-19T10:20:32.158+0000] {logging_mixin.py:154} INFO - [2023-12-19T10:20:32.158+0000] {dag.py:3722} INFO - Setting next_dagrun for example_branch_python_operator_decorator to 2023-12-18T00:00:00+00:00, run_after=2023-12-19T00:00:00+00:00
[2023-12-19T10:20:32.197+0000] {processor.py:179} INFO - Processing /home/airflow/.local/lib/python3.8/site-packages/airflow/example_dags/example_branch_operator_decorator.py took 0.160 seconds
[2023-12-19T10:21:02.684+0000] {processor.py:157} INFO - Started process (PID=32637) to work on /home/airflow/.local/lib/python3.8/site-packages/airflow/example_dags/example_branch_operator_decorator.py
[2023-12-19T10:21:02.688+0000] {processor.py:829} INFO - Processing file /home/airflow/.local/lib/python3.8/site-packages/airflow/example_dags/example_branch_operator_decorator.py for tasks to queue
[2023-12-19T10:21:02.691+0000] {logging_mixin.py:154} INFO - [2023-12-19T10:21:02.690+0000] {dagbag.py:536} INFO - Filling up the DagBag from /home/airflow/.local/lib/python3.8/site-packages/airflow/example_dags/example_branch_operator_decorator.py
[2023-12-19T10:21:02.732+0000] {processor.py:839} INFO - DAG(s) dict_keys(['example_branch_python_operator_decorator']) retrieved from /home/airflow/.local/lib/python3.8/site-packages/airflow/example_dags/example_branch_operator_decorator.py
[2023-12-19T10:21:02.795+0000] {logging_mixin.py:154} INFO - [2023-12-19T10:21:02.795+0000] {dag.py:2941} INFO - Sync 1 DAGs
[2023-12-19T10:21:02.858+0000] {logging_mixin.py:154} INFO - [2023-12-19T10:21:02.857+0000] {dag.py:3722} INFO - Setting next_dagrun for example_branch_python_operator_decorator to 2023-12-18T00:00:00+00:00, run_after=2023-12-19T00:00:00+00:00
[2023-12-19T10:21:02.959+0000] {processor.py:179} INFO - Processing /home/airflow/.local/lib/python3.8/site-packages/airflow/example_dags/example_branch_operator_decorator.py took 0.294 seconds
[2023-12-19T10:21:33.312+0000] {processor.py:157} INFO - Started process (PID=32692) to work on /home/airflow/.local/lib/python3.8/site-packages/airflow/example_dags/example_branch_operator_decorator.py
[2023-12-19T10:21:33.314+0000] {processor.py:829} INFO - Processing file /home/airflow/.local/lib/python3.8/site-packages/airflow/example_dags/example_branch_operator_decorator.py for tasks to queue
[2023-12-19T10:21:33.316+0000] {logging_mixin.py:154} INFO - [2023-12-19T10:21:33.316+0000] {dagbag.py:536} INFO - Filling up the DagBag from /home/airflow/.local/lib/python3.8/site-packages/airflow/example_dags/example_branch_operator_decorator.py
[2023-12-19T10:21:33.347+0000] {processor.py:839} INFO - DAG(s) dict_keys(['example_branch_python_operator_decorator']) retrieved from /home/airflow/.local/lib/python3.8/site-packages/airflow/example_dags/example_branch_operator_decorator.py
[2023-12-19T10:21:33.398+0000] {logging_mixin.py:154} INFO - [2023-12-19T10:21:33.397+0000] {dag.py:2941} INFO - Sync 1 DAGs
[2023-12-19T10:21:33.443+0000] {logging_mixin.py:154} INFO - [2023-12-19T10:21:33.443+0000] {dag.py:3722} INFO - Setting next_dagrun for example_branch_python_operator_decorator to 2023-12-18T00:00:00+00:00, run_after=2023-12-19T00:00:00+00:00
[2023-12-19T10:21:33.483+0000] {processor.py:179} INFO - Processing /home/airflow/.local/lib/python3.8/site-packages/airflow/example_dags/example_branch_operator_decorator.py took 0.181 seconds
[2023-12-19T10:22:03.557+0000] {processor.py:157} INFO - Started process (PID=32747) to work on /home/airflow/.local/lib/python3.8/site-packages/airflow/example_dags/example_branch_operator_decorator.py
[2023-12-19T10:22:03.561+0000] {processor.py:829} INFO - Processing file /home/airflow/.local/lib/python3.8/site-packages/airflow/example_dags/example_branch_operator_decorator.py for tasks to queue
[2023-12-19T10:22:03.563+0000] {logging_mixin.py:154} INFO - [2023-12-19T10:22:03.562+0000] {dagbag.py:536} INFO - Filling up the DagBag from /home/airflow/.local/lib/python3.8/site-packages/airflow/example_dags/example_branch_operator_decorator.py
[2023-12-19T10:22:03.583+0000] {processor.py:839} INFO - DAG(s) dict_keys(['example_branch_python_operator_decorator']) retrieved from /home/airflow/.local/lib/python3.8/site-packages/airflow/example_dags/example_branch_operator_decorator.py
[2023-12-19T10:22:03.627+0000] {logging_mixin.py:154} INFO - [2023-12-19T10:22:03.626+0000] {dag.py:2941} INFO - Sync 1 DAGs
[2023-12-19T10:22:03.673+0000] {logging_mixin.py:154} INFO - [2023-12-19T10:22:03.672+0000] {dag.py:3722} INFO - Setting next_dagrun for example_branch_python_operator_decorator to 2023-12-18T00:00:00+00:00, run_after=2023-12-19T00:00:00+00:00
[2023-12-19T10:22:03.713+0000] {processor.py:179} INFO - Processing /home/airflow/.local/lib/python3.8/site-packages/airflow/example_dags/example_branch_operator_decorator.py took 0.163 seconds
[2023-12-19T10:22:34.091+0000] {processor.py:157} INFO - Started process (PID=32802) to work on /home/airflow/.local/lib/python3.8/site-packages/airflow/example_dags/example_branch_operator_decorator.py
[2023-12-19T10:22:34.095+0000] {processor.py:829} INFO - Processing file /home/airflow/.local/lib/python3.8/site-packages/airflow/example_dags/example_branch_operator_decorator.py for tasks to queue
[2023-12-19T10:22:34.098+0000] {logging_mixin.py:154} INFO - [2023-12-19T10:22:34.098+0000] {dagbag.py:536} INFO - Filling up the DagBag from /home/airflow/.local/lib/python3.8/site-packages/airflow/example_dags/example_branch_operator_decorator.py
[2023-12-19T10:22:34.129+0000] {processor.py:839} INFO - DAG(s) dict_keys(['example_branch_python_operator_decorator']) retrieved from /home/airflow/.local/lib/python3.8/site-packages/airflow/example_dags/example_branch_operator_decorator.py
[2023-12-19T10:22:34.179+0000] {logging_mixin.py:154} INFO - [2023-12-19T10:22:34.179+0000] {dag.py:2941} INFO - Sync 1 DAGs
[2023-12-19T10:22:34.226+0000] {logging_mixin.py:154} INFO - [2023-12-19T10:22:34.225+0000] {dag.py:3722} INFO - Setting next_dagrun for example_branch_python_operator_decorator to 2023-12-18T00:00:00+00:00, run_after=2023-12-19T00:00:00+00:00
[2023-12-19T10:22:34.258+0000] {processor.py:179} INFO - Processing /home/airflow/.local/lib/python3.8/site-packages/airflow/example_dags/example_branch_operator_decorator.py took 0.181 seconds
[2023-12-19T10:23:04.540+0000] {processor.py:157} INFO - Started process (PID=32857) to work on /home/airflow/.local/lib/python3.8/site-packages/airflow/example_dags/example_branch_operator_decorator.py
[2023-12-19T10:23:04.543+0000] {processor.py:829} INFO - Processing file /home/airflow/.local/lib/python3.8/site-packages/airflow/example_dags/example_branch_operator_decorator.py for tasks to queue
[2023-12-19T10:23:04.546+0000] {logging_mixin.py:154} INFO - [2023-12-19T10:23:04.545+0000] {dagbag.py:536} INFO - Filling up the DagBag from /home/airflow/.local/lib/python3.8/site-packages/airflow/example_dags/example_branch_operator_decorator.py
[2023-12-19T10:23:04.570+0000] {processor.py:839} INFO - DAG(s) dict_keys(['example_branch_python_operator_decorator']) retrieved from /home/airflow/.local/lib/python3.8/site-packages/airflow/example_dags/example_branch_operator_decorator.py
[2023-12-19T10:23:04.619+0000] {logging_mixin.py:154} INFO - [2023-12-19T10:23:04.619+0000] {dag.py:2941} INFO - Sync 1 DAGs
[2023-12-19T10:23:04.667+0000] {logging_mixin.py:154} INFO - [2023-12-19T10:23:04.667+0000] {dag.py:3722} INFO - Setting next_dagrun for example_branch_python_operator_decorator to 2023-12-18T00:00:00+00:00, run_after=2023-12-19T00:00:00+00:00
[2023-12-19T10:23:04.706+0000] {processor.py:179} INFO - Processing /home/airflow/.local/lib/python3.8/site-packages/airflow/example_dags/example_branch_operator_decorator.py took 0.172 seconds
[2023-12-19T10:23:34.933+0000] {processor.py:157} INFO - Started process (PID=32912) to work on /home/airflow/.local/lib/python3.8/site-packages/airflow/example_dags/example_branch_operator_decorator.py
[2023-12-19T10:23:34.936+0000] {processor.py:829} INFO - Processing file /home/airflow/.local/lib/python3.8/site-packages/airflow/example_dags/example_branch_operator_decorator.py for tasks to queue
[2023-12-19T10:23:34.938+0000] {logging_mixin.py:154} INFO - [2023-12-19T10:23:34.938+0000] {dagbag.py:536} INFO - Filling up the DagBag from /home/airflow/.local/lib/python3.8/site-packages/airflow/example_dags/example_branch_operator_decorator.py
[2023-12-19T10:23:34.962+0000] {processor.py:839} INFO - DAG(s) dict_keys(['example_branch_python_operator_decorator']) retrieved from /home/airflow/.local/lib/python3.8/site-packages/airflow/example_dags/example_branch_operator_decorator.py
[2023-12-19T10:23:35.003+0000] {logging_mixin.py:154} INFO - [2023-12-19T10:23:35.002+0000] {dag.py:2941} INFO - Sync 1 DAGs
[2023-12-19T10:23:35.041+0000] {logging_mixin.py:154} INFO - [2023-12-19T10:23:35.041+0000] {dag.py:3722} INFO - Setting next_dagrun for example_branch_python_operator_decorator to 2023-12-18T00:00:00+00:00, run_after=2023-12-19T00:00:00+00:00
[2023-12-19T10:23:35.077+0000] {processor.py:179} INFO - Processing /home/airflow/.local/lib/python3.8/site-packages/airflow/example_dags/example_branch_operator_decorator.py took 0.150 seconds
