[2023-12-19T09:58:58.116+0000] {processor.py:157} INFO - Started process (PID=30266) to work on /home/airflow/.local/lib/python3.8/site-packages/airflow/example_dags/example_branch_python_dop_operator_3.py
[2023-12-19T09:58:58.120+0000] {processor.py:829} INFO - Processing file /home/airflow/.local/lib/python3.8/site-packages/airflow/example_dags/example_branch_python_dop_operator_3.py for tasks to queue
[2023-12-19T09:58:58.123+0000] {logging_mixin.py:154} INFO - [2023-12-19T09:58:58.122+0000] {dagbag.py:536} INFO - Filling up the DagBag from /home/airflow/.local/lib/python3.8/site-packages/airflow/example_dags/example_branch_python_dop_operator_3.py
[2023-12-19T09:58:58.149+0000] {processor.py:839} INFO - DAG(s) dict_keys(['example_branch_dop_operator_v3']) retrieved from /home/airflow/.local/lib/python3.8/site-packages/airflow/example_dags/example_branch_python_dop_operator_3.py
[2023-12-19T09:58:58.207+0000] {logging_mixin.py:154} INFO - [2023-12-19T09:58:58.206+0000] {dag.py:2941} INFO - Sync 1 DAGs
[2023-12-19T09:58:58.267+0000] {logging_mixin.py:154} INFO - [2023-12-19T09:58:58.267+0000] {dag.py:3722} INFO - Setting next_dagrun for example_branch_dop_operator_v3 to 2023-12-19T09:57:00+00:00, run_after=2023-12-19T09:58:00+00:00
[2023-12-19T09:58:58.310+0000] {processor.py:179} INFO - Processing /home/airflow/.local/lib/python3.8/site-packages/airflow/example_dags/example_branch_python_dop_operator_3.py took 0.201 seconds
[2023-12-19T09:59:28.871+0000] {processor.py:157} INFO - Started process (PID=30320) to work on /home/airflow/.local/lib/python3.8/site-packages/airflow/example_dags/example_branch_python_dop_operator_3.py
[2023-12-19T09:59:28.874+0000] {processor.py:829} INFO - Processing file /home/airflow/.local/lib/python3.8/site-packages/airflow/example_dags/example_branch_python_dop_operator_3.py for tasks to queue
[2023-12-19T09:59:28.876+0000] {logging_mixin.py:154} INFO - [2023-12-19T09:59:28.876+0000] {dagbag.py:536} INFO - Filling up the DagBag from /home/airflow/.local/lib/python3.8/site-packages/airflow/example_dags/example_branch_python_dop_operator_3.py
[2023-12-19T09:59:28.908+0000] {processor.py:839} INFO - DAG(s) dict_keys(['example_branch_dop_operator_v3']) retrieved from /home/airflow/.local/lib/python3.8/site-packages/airflow/example_dags/example_branch_python_dop_operator_3.py
[2023-12-19T09:59:28.974+0000] {logging_mixin.py:154} INFO - [2023-12-19T09:59:28.973+0000] {dag.py:2941} INFO - Sync 1 DAGs
[2023-12-19T09:59:29.082+0000] {logging_mixin.py:154} INFO - [2023-12-19T09:59:29.081+0000] {dag.py:3722} INFO - Setting next_dagrun for example_branch_dop_operator_v3 to 2023-12-19T09:58:00+00:00, run_after=2023-12-19T09:59:00+00:00
[2023-12-19T09:59:29.178+0000] {processor.py:179} INFO - Processing /home/airflow/.local/lib/python3.8/site-packages/airflow/example_dags/example_branch_python_dop_operator_3.py took 0.329 seconds
[2023-12-19T09:59:59.337+0000] {processor.py:157} INFO - Started process (PID=30375) to work on /home/airflow/.local/lib/python3.8/site-packages/airflow/example_dags/example_branch_python_dop_operator_3.py
[2023-12-19T09:59:59.339+0000] {processor.py:829} INFO - Processing file /home/airflow/.local/lib/python3.8/site-packages/airflow/example_dags/example_branch_python_dop_operator_3.py for tasks to queue
[2023-12-19T09:59:59.341+0000] {logging_mixin.py:154} INFO - [2023-12-19T09:59:59.341+0000] {dagbag.py:536} INFO - Filling up the DagBag from /home/airflow/.local/lib/python3.8/site-packages/airflow/example_dags/example_branch_python_dop_operator_3.py
[2023-12-19T09:59:59.359+0000] {processor.py:839} INFO - DAG(s) dict_keys(['example_branch_dop_operator_v3']) retrieved from /home/airflow/.local/lib/python3.8/site-packages/airflow/example_dags/example_branch_python_dop_operator_3.py
[2023-12-19T09:59:59.398+0000] {logging_mixin.py:154} INFO - [2023-12-19T09:59:59.398+0000] {dag.py:2941} INFO - Sync 1 DAGs
[2023-12-19T09:59:59.443+0000] {logging_mixin.py:154} INFO - [2023-12-19T09:59:59.442+0000] {dag.py:3722} INFO - Setting next_dagrun for example_branch_dop_operator_v3 to 2023-12-19T09:58:00+00:00, run_after=2023-12-19T09:59:00+00:00
[2023-12-19T09:59:59.478+0000] {processor.py:179} INFO - Processing /home/airflow/.local/lib/python3.8/site-packages/airflow/example_dags/example_branch_python_dop_operator_3.py took 0.149 seconds
[2023-12-19T10:00:29.944+0000] {processor.py:157} INFO - Started process (PID=30430) to work on /home/airflow/.local/lib/python3.8/site-packages/airflow/example_dags/example_branch_python_dop_operator_3.py
[2023-12-19T10:00:29.946+0000] {processor.py:829} INFO - Processing file /home/airflow/.local/lib/python3.8/site-packages/airflow/example_dags/example_branch_python_dop_operator_3.py for tasks to queue
[2023-12-19T10:00:29.948+0000] {logging_mixin.py:154} INFO - [2023-12-19T10:00:29.948+0000] {dagbag.py:536} INFO - Filling up the DagBag from /home/airflow/.local/lib/python3.8/site-packages/airflow/example_dags/example_branch_python_dop_operator_3.py
[2023-12-19T10:00:29.965+0000] {processor.py:839} INFO - DAG(s) dict_keys(['example_branch_dop_operator_v3']) retrieved from /home/airflow/.local/lib/python3.8/site-packages/airflow/example_dags/example_branch_python_dop_operator_3.py
[2023-12-19T10:00:30.002+0000] {logging_mixin.py:154} INFO - [2023-12-19T10:00:30.002+0000] {dag.py:2941} INFO - Sync 1 DAGs
[2023-12-19T10:00:30.046+0000] {logging_mixin.py:154} INFO - [2023-12-19T10:00:30.045+0000] {dag.py:3722} INFO - Setting next_dagrun for example_branch_dop_operator_v3 to 2023-12-19T09:59:00+00:00, run_after=2023-12-19T10:00:00+00:00
[2023-12-19T10:00:30.083+0000] {processor.py:179} INFO - Processing /home/airflow/.local/lib/python3.8/site-packages/airflow/example_dags/example_branch_python_dop_operator_3.py took 0.145 seconds
[2023-12-19T10:01:06.245+0000] {processor.py:157} INFO - Started process (PID=30485) to work on /home/airflow/.local/lib/python3.8/site-packages/airflow/example_dags/example_branch_python_dop_operator_3.py
[2023-12-19T10:01:06.262+0000] {processor.py:829} INFO - Processing file /home/airflow/.local/lib/python3.8/site-packages/airflow/example_dags/example_branch_python_dop_operator_3.py for tasks to queue
[2023-12-19T10:01:06.270+0000] {logging_mixin.py:154} INFO - [2023-12-19T10:01:06.268+0000] {dagbag.py:536} INFO - Filling up the DagBag from /home/airflow/.local/lib/python3.8/site-packages/airflow/example_dags/example_branch_python_dop_operator_3.py
[2023-12-19T10:01:06.312+0000] {processor.py:839} INFO - DAG(s) dict_keys(['example_branch_dop_operator_v3']) retrieved from /home/airflow/.local/lib/python3.8/site-packages/airflow/example_dags/example_branch_python_dop_operator_3.py
[2023-12-19T10:01:06.410+0000] {logging_mixin.py:154} INFO - [2023-12-19T10:01:06.410+0000] {dag.py:2941} INFO - Sync 1 DAGs
[2023-12-19T10:01:06.489+0000] {logging_mixin.py:154} INFO - [2023-12-19T10:01:06.489+0000] {dag.py:3722} INFO - Setting next_dagrun for example_branch_dop_operator_v3 to 2023-12-19T10:00:00+00:00, run_after=2023-12-19T10:01:00+00:00
[2023-12-19T10:01:06.542+0000] {processor.py:179} INFO - Processing /home/airflow/.local/lib/python3.8/site-packages/airflow/example_dags/example_branch_python_dop_operator_3.py took 0.316 seconds
[2023-12-19T10:01:37.441+0000] {processor.py:157} INFO - Started process (PID=30541) to work on /home/airflow/.local/lib/python3.8/site-packages/airflow/example_dags/example_branch_python_dop_operator_3.py
[2023-12-19T10:01:37.444+0000] {processor.py:829} INFO - Processing file /home/airflow/.local/lib/python3.8/site-packages/airflow/example_dags/example_branch_python_dop_operator_3.py for tasks to queue
[2023-12-19T10:01:37.446+0000] {logging_mixin.py:154} INFO - [2023-12-19T10:01:37.445+0000] {dagbag.py:536} INFO - Filling up the DagBag from /home/airflow/.local/lib/python3.8/site-packages/airflow/example_dags/example_branch_python_dop_operator_3.py
[2023-12-19T10:01:37.466+0000] {processor.py:839} INFO - DAG(s) dict_keys(['example_branch_dop_operator_v3']) retrieved from /home/airflow/.local/lib/python3.8/site-packages/airflow/example_dags/example_branch_python_dop_operator_3.py
[2023-12-19T10:01:37.508+0000] {logging_mixin.py:154} INFO - [2023-12-19T10:01:37.508+0000] {dag.py:2941} INFO - Sync 1 DAGs
[2023-12-19T10:01:37.561+0000] {logging_mixin.py:154} INFO - [2023-12-19T10:01:37.561+0000] {dag.py:3722} INFO - Setting next_dagrun for example_branch_dop_operator_v3 to 2023-12-19T10:00:00+00:00, run_after=2023-12-19T10:01:00+00:00
[2023-12-19T10:01:37.597+0000] {processor.py:179} INFO - Processing /home/airflow/.local/lib/python3.8/site-packages/airflow/example_dags/example_branch_python_dop_operator_3.py took 0.162 seconds
[2023-12-19T10:02:07.916+0000] {processor.py:157} INFO - Started process (PID=30596) to work on /home/airflow/.local/lib/python3.8/site-packages/airflow/example_dags/example_branch_python_dop_operator_3.py
[2023-12-19T10:02:07.919+0000] {processor.py:829} INFO - Processing file /home/airflow/.local/lib/python3.8/site-packages/airflow/example_dags/example_branch_python_dop_operator_3.py for tasks to queue
[2023-12-19T10:02:07.922+0000] {logging_mixin.py:154} INFO - [2023-12-19T10:02:07.921+0000] {dagbag.py:536} INFO - Filling up the DagBag from /home/airflow/.local/lib/python3.8/site-packages/airflow/example_dags/example_branch_python_dop_operator_3.py
[2023-12-19T10:02:07.940+0000] {processor.py:839} INFO - DAG(s) dict_keys(['example_branch_dop_operator_v3']) retrieved from /home/airflow/.local/lib/python3.8/site-packages/airflow/example_dags/example_branch_python_dop_operator_3.py
[2023-12-19T10:02:07.982+0000] {logging_mixin.py:154} INFO - [2023-12-19T10:02:07.981+0000] {dag.py:2941} INFO - Sync 1 DAGs
[2023-12-19T10:02:08.037+0000] {logging_mixin.py:154} INFO - [2023-12-19T10:02:08.037+0000] {dag.py:3722} INFO - Setting next_dagrun for example_branch_dop_operator_v3 to 2023-12-19T10:01:00+00:00, run_after=2023-12-19T10:02:00+00:00
[2023-12-19T10:02:08.069+0000] {processor.py:179} INFO - Processing /home/airflow/.local/lib/python3.8/site-packages/airflow/example_dags/example_branch_python_dop_operator_3.py took 0.160 seconds
[2023-12-19T10:02:38.908+0000] {processor.py:157} INFO - Started process (PID=30652) to work on /home/airflow/.local/lib/python3.8/site-packages/airflow/example_dags/example_branch_python_dop_operator_3.py
[2023-12-19T10:02:38.911+0000] {processor.py:829} INFO - Processing file /home/airflow/.local/lib/python3.8/site-packages/airflow/example_dags/example_branch_python_dop_operator_3.py for tasks to queue
[2023-12-19T10:02:38.914+0000] {logging_mixin.py:154} INFO - [2023-12-19T10:02:38.913+0000] {dagbag.py:536} INFO - Filling up the DagBag from /home/airflow/.local/lib/python3.8/site-packages/airflow/example_dags/example_branch_python_dop_operator_3.py
[2023-12-19T10:02:38.931+0000] {processor.py:839} INFO - DAG(s) dict_keys(['example_branch_dop_operator_v3']) retrieved from /home/airflow/.local/lib/python3.8/site-packages/airflow/example_dags/example_branch_python_dop_operator_3.py
[2023-12-19T10:02:38.973+0000] {logging_mixin.py:154} INFO - [2023-12-19T10:02:38.972+0000] {dag.py:2941} INFO - Sync 1 DAGs
[2023-12-19T10:02:39.017+0000] {logging_mixin.py:154} INFO - [2023-12-19T10:02:39.017+0000] {dag.py:3722} INFO - Setting next_dagrun for example_branch_dop_operator_v3 to 2023-12-19T10:01:00+00:00, run_after=2023-12-19T10:02:00+00:00
[2023-12-19T10:02:39.052+0000] {processor.py:179} INFO - Processing /home/airflow/.local/lib/python3.8/site-packages/airflow/example_dags/example_branch_python_dop_operator_3.py took 0.150 seconds
[2023-12-19T10:03:09.636+0000] {processor.py:157} INFO - Started process (PID=30706) to work on /home/airflow/.local/lib/python3.8/site-packages/airflow/example_dags/example_branch_python_dop_operator_3.py
[2023-12-19T10:03:09.638+0000] {processor.py:829} INFO - Processing file /home/airflow/.local/lib/python3.8/site-packages/airflow/example_dags/example_branch_python_dop_operator_3.py for tasks to queue
[2023-12-19T10:03:09.641+0000] {logging_mixin.py:154} INFO - [2023-12-19T10:03:09.640+0000] {dagbag.py:536} INFO - Filling up the DagBag from /home/airflow/.local/lib/python3.8/site-packages/airflow/example_dags/example_branch_python_dop_operator_3.py
[2023-12-19T10:03:09.659+0000] {processor.py:839} INFO - DAG(s) dict_keys(['example_branch_dop_operator_v3']) retrieved from /home/airflow/.local/lib/python3.8/site-packages/airflow/example_dags/example_branch_python_dop_operator_3.py
[2023-12-19T10:03:09.705+0000] {logging_mixin.py:154} INFO - [2023-12-19T10:03:09.705+0000] {dag.py:2941} INFO - Sync 1 DAGs
[2023-12-19T10:03:09.774+0000] {logging_mixin.py:154} INFO - [2023-12-19T10:03:09.774+0000] {dag.py:3722} INFO - Setting next_dagrun for example_branch_dop_operator_v3 to 2023-12-19T10:02:00+00:00, run_after=2023-12-19T10:03:00+00:00
[2023-12-19T10:03:09.815+0000] {processor.py:179} INFO - Processing /home/airflow/.local/lib/python3.8/site-packages/airflow/example_dags/example_branch_python_dop_operator_3.py took 0.186 seconds
[2023-12-19T10:03:40.456+0000] {processor.py:157} INFO - Started process (PID=30761) to work on /home/airflow/.local/lib/python3.8/site-packages/airflow/example_dags/example_branch_python_dop_operator_3.py
[2023-12-19T10:03:40.460+0000] {processor.py:829} INFO - Processing file /home/airflow/.local/lib/python3.8/site-packages/airflow/example_dags/example_branch_python_dop_operator_3.py for tasks to queue
[2023-12-19T10:03:40.463+0000] {logging_mixin.py:154} INFO - [2023-12-19T10:03:40.462+0000] {dagbag.py:536} INFO - Filling up the DagBag from /home/airflow/.local/lib/python3.8/site-packages/airflow/example_dags/example_branch_python_dop_operator_3.py
[2023-12-19T10:03:40.494+0000] {processor.py:839} INFO - DAG(s) dict_keys(['example_branch_dop_operator_v3']) retrieved from /home/airflow/.local/lib/python3.8/site-packages/airflow/example_dags/example_branch_python_dop_operator_3.py
[2023-12-19T10:03:40.544+0000] {logging_mixin.py:154} INFO - [2023-12-19T10:03:40.544+0000] {dag.py:2941} INFO - Sync 1 DAGs
[2023-12-19T10:03:40.597+0000] {logging_mixin.py:154} INFO - [2023-12-19T10:03:40.597+0000] {dag.py:3722} INFO - Setting next_dagrun for example_branch_dop_operator_v3 to 2023-12-19T10:02:00+00:00, run_after=2023-12-19T10:03:00+00:00
[2023-12-19T10:03:40.631+0000] {processor.py:179} INFO - Processing /home/airflow/.local/lib/python3.8/site-packages/airflow/example_dags/example_branch_python_dop_operator_3.py took 0.183 seconds
[2023-12-19T10:04:11.790+0000] {processor.py:157} INFO - Started process (PID=30816) to work on /home/airflow/.local/lib/python3.8/site-packages/airflow/example_dags/example_branch_python_dop_operator_3.py
[2023-12-19T10:04:11.795+0000] {processor.py:829} INFO - Processing file /home/airflow/.local/lib/python3.8/site-packages/airflow/example_dags/example_branch_python_dop_operator_3.py for tasks to queue
[2023-12-19T10:04:11.804+0000] {logging_mixin.py:154} INFO - [2023-12-19T10:04:11.803+0000] {dagbag.py:536} INFO - Filling up the DagBag from /home/airflow/.local/lib/python3.8/site-packages/airflow/example_dags/example_branch_python_dop_operator_3.py
[2023-12-19T10:04:11.837+0000] {processor.py:839} INFO - DAG(s) dict_keys(['example_branch_dop_operator_v3']) retrieved from /home/airflow/.local/lib/python3.8/site-packages/airflow/example_dags/example_branch_python_dop_operator_3.py
[2023-12-19T10:04:11.898+0000] {logging_mixin.py:154} INFO - [2023-12-19T10:04:11.897+0000] {dag.py:2941} INFO - Sync 1 DAGs
[2023-12-19T10:04:11.973+0000] {logging_mixin.py:154} INFO - [2023-12-19T10:04:11.973+0000] {dag.py:3722} INFO - Setting next_dagrun for example_branch_dop_operator_v3 to 2023-12-19T10:03:00+00:00, run_after=2023-12-19T10:04:00+00:00
[2023-12-19T10:04:12.015+0000] {processor.py:179} INFO - Processing /home/airflow/.local/lib/python3.8/site-packages/airflow/example_dags/example_branch_python_dop_operator_3.py took 0.247 seconds
[2023-12-19T10:04:42.439+0000] {processor.py:157} INFO - Started process (PID=30872) to work on /home/airflow/.local/lib/python3.8/site-packages/airflow/example_dags/example_branch_python_dop_operator_3.py
[2023-12-19T10:04:42.441+0000] {processor.py:829} INFO - Processing file /home/airflow/.local/lib/python3.8/site-packages/airflow/example_dags/example_branch_python_dop_operator_3.py for tasks to queue
[2023-12-19T10:04:42.443+0000] {logging_mixin.py:154} INFO - [2023-12-19T10:04:42.443+0000] {dagbag.py:536} INFO - Filling up the DagBag from /home/airflow/.local/lib/python3.8/site-packages/airflow/example_dags/example_branch_python_dop_operator_3.py
[2023-12-19T10:04:42.468+0000] {processor.py:839} INFO - DAG(s) dict_keys(['example_branch_dop_operator_v3']) retrieved from /home/airflow/.local/lib/python3.8/site-packages/airflow/example_dags/example_branch_python_dop_operator_3.py
[2023-12-19T10:04:42.523+0000] {logging_mixin.py:154} INFO - [2023-12-19T10:04:42.523+0000] {dag.py:2941} INFO - Sync 1 DAGs
[2023-12-19T10:04:42.572+0000] {logging_mixin.py:154} INFO - [2023-12-19T10:04:42.572+0000] {dag.py:3722} INFO - Setting next_dagrun for example_branch_dop_operator_v3 to 2023-12-19T10:03:00+00:00, run_after=2023-12-19T10:04:00+00:00
[2023-12-19T10:04:42.625+0000] {processor.py:179} INFO - Processing /home/airflow/.local/lib/python3.8/site-packages/airflow/example_dags/example_branch_python_dop_operator_3.py took 0.196 seconds
[2023-12-19T10:05:13.175+0000] {processor.py:157} INFO - Started process (PID=30927) to work on /home/airflow/.local/lib/python3.8/site-packages/airflow/example_dags/example_branch_python_dop_operator_3.py
[2023-12-19T10:05:13.177+0000] {processor.py:829} INFO - Processing file /home/airflow/.local/lib/python3.8/site-packages/airflow/example_dags/example_branch_python_dop_operator_3.py for tasks to queue
[2023-12-19T10:05:13.179+0000] {logging_mixin.py:154} INFO - [2023-12-19T10:05:13.178+0000] {dagbag.py:536} INFO - Filling up the DagBag from /home/airflow/.local/lib/python3.8/site-packages/airflow/example_dags/example_branch_python_dop_operator_3.py
[2023-12-19T10:05:13.198+0000] {processor.py:839} INFO - DAG(s) dict_keys(['example_branch_dop_operator_v3']) retrieved from /home/airflow/.local/lib/python3.8/site-packages/airflow/example_dags/example_branch_python_dop_operator_3.py
[2023-12-19T10:05:13.240+0000] {logging_mixin.py:154} INFO - [2023-12-19T10:05:13.239+0000] {dag.py:2941} INFO - Sync 1 DAGs
[2023-12-19T10:05:13.291+0000] {logging_mixin.py:154} INFO - [2023-12-19T10:05:13.291+0000] {dag.py:3722} INFO - Setting next_dagrun for example_branch_dop_operator_v3 to 2023-12-19T10:04:00+00:00, run_after=2023-12-19T10:05:00+00:00
[2023-12-19T10:05:13.329+0000] {processor.py:179} INFO - Processing /home/airflow/.local/lib/python3.8/site-packages/airflow/example_dags/example_branch_python_dop_operator_3.py took 0.163 seconds
[2023-12-19T10:05:44.150+0000] {processor.py:157} INFO - Started process (PID=30982) to work on /home/airflow/.local/lib/python3.8/site-packages/airflow/example_dags/example_branch_python_dop_operator_3.py
[2023-12-19T10:05:44.153+0000] {processor.py:829} INFO - Processing file /home/airflow/.local/lib/python3.8/site-packages/airflow/example_dags/example_branch_python_dop_operator_3.py for tasks to queue
[2023-12-19T10:05:44.155+0000] {logging_mixin.py:154} INFO - [2023-12-19T10:05:44.154+0000] {dagbag.py:536} INFO - Filling up the DagBag from /home/airflow/.local/lib/python3.8/site-packages/airflow/example_dags/example_branch_python_dop_operator_3.py
[2023-12-19T10:05:44.172+0000] {processor.py:839} INFO - DAG(s) dict_keys(['example_branch_dop_operator_v3']) retrieved from /home/airflow/.local/lib/python3.8/site-packages/airflow/example_dags/example_branch_python_dop_operator_3.py
[2023-12-19T10:05:44.213+0000] {logging_mixin.py:154} INFO - [2023-12-19T10:05:44.213+0000] {dag.py:2941} INFO - Sync 1 DAGs
[2023-12-19T10:05:44.259+0000] {logging_mixin.py:154} INFO - [2023-12-19T10:05:44.258+0000] {dag.py:3722} INFO - Setting next_dagrun for example_branch_dop_operator_v3 to 2023-12-19T10:04:00+00:00, run_after=2023-12-19T10:05:00+00:00
[2023-12-19T10:05:44.293+0000] {processor.py:179} INFO - Processing /home/airflow/.local/lib/python3.8/site-packages/airflow/example_dags/example_branch_python_dop_operator_3.py took 0.149 seconds
[2023-12-19T10:06:14.434+0000] {processor.py:157} INFO - Started process (PID=31037) to work on /home/airflow/.local/lib/python3.8/site-packages/airflow/example_dags/example_branch_python_dop_operator_3.py
[2023-12-19T10:06:14.438+0000] {processor.py:829} INFO - Processing file /home/airflow/.local/lib/python3.8/site-packages/airflow/example_dags/example_branch_python_dop_operator_3.py for tasks to queue
[2023-12-19T10:06:14.440+0000] {logging_mixin.py:154} INFO - [2023-12-19T10:06:14.440+0000] {dagbag.py:536} INFO - Filling up the DagBag from /home/airflow/.local/lib/python3.8/site-packages/airflow/example_dags/example_branch_python_dop_operator_3.py
[2023-12-19T10:06:14.457+0000] {processor.py:839} INFO - DAG(s) dict_keys(['example_branch_dop_operator_v3']) retrieved from /home/airflow/.local/lib/python3.8/site-packages/airflow/example_dags/example_branch_python_dop_operator_3.py
[2023-12-19T10:06:14.501+0000] {logging_mixin.py:154} INFO - [2023-12-19T10:06:14.500+0000] {dag.py:2941} INFO - Sync 1 DAGs
[2023-12-19T10:06:14.544+0000] {logging_mixin.py:154} INFO - [2023-12-19T10:06:14.544+0000] {dag.py:3722} INFO - Setting next_dagrun for example_branch_dop_operator_v3 to 2023-12-19T10:05:00+00:00, run_after=2023-12-19T10:06:00+00:00
[2023-12-19T10:06:14.579+0000] {processor.py:179} INFO - Processing /home/airflow/.local/lib/python3.8/site-packages/airflow/example_dags/example_branch_python_dop_operator_3.py took 0.151 seconds
[2023-12-19T10:06:44.667+0000] {processor.py:157} INFO - Started process (PID=31091) to work on /home/airflow/.local/lib/python3.8/site-packages/airflow/example_dags/example_branch_python_dop_operator_3.py
[2023-12-19T10:06:44.669+0000] {processor.py:829} INFO - Processing file /home/airflow/.local/lib/python3.8/site-packages/airflow/example_dags/example_branch_python_dop_operator_3.py for tasks to queue
[2023-12-19T10:06:44.671+0000] {logging_mixin.py:154} INFO - [2023-12-19T10:06:44.671+0000] {dagbag.py:536} INFO - Filling up the DagBag from /home/airflow/.local/lib/python3.8/site-packages/airflow/example_dags/example_branch_python_dop_operator_3.py
[2023-12-19T10:06:44.688+0000] {processor.py:839} INFO - DAG(s) dict_keys(['example_branch_dop_operator_v3']) retrieved from /home/airflow/.local/lib/python3.8/site-packages/airflow/example_dags/example_branch_python_dop_operator_3.py
[2023-12-19T10:06:44.729+0000] {logging_mixin.py:154} INFO - [2023-12-19T10:06:44.729+0000] {dag.py:2941} INFO - Sync 1 DAGs
[2023-12-19T10:06:44.775+0000] {logging_mixin.py:154} INFO - [2023-12-19T10:06:44.775+0000] {dag.py:3722} INFO - Setting next_dagrun for example_branch_dop_operator_v3 to 2023-12-19T10:05:00+00:00, run_after=2023-12-19T10:06:00+00:00
[2023-12-19T10:06:44.822+0000] {processor.py:179} INFO - Processing /home/airflow/.local/lib/python3.8/site-packages/airflow/example_dags/example_branch_python_dop_operator_3.py took 0.164 seconds
[2023-12-19T10:07:15.143+0000] {processor.py:157} INFO - Started process (PID=31146) to work on /home/airflow/.local/lib/python3.8/site-packages/airflow/example_dags/example_branch_python_dop_operator_3.py
[2023-12-19T10:07:15.146+0000] {processor.py:829} INFO - Processing file /home/airflow/.local/lib/python3.8/site-packages/airflow/example_dags/example_branch_python_dop_operator_3.py for tasks to queue
[2023-12-19T10:07:15.148+0000] {logging_mixin.py:154} INFO - [2023-12-19T10:07:15.147+0000] {dagbag.py:536} INFO - Filling up the DagBag from /home/airflow/.local/lib/python3.8/site-packages/airflow/example_dags/example_branch_python_dop_operator_3.py
[2023-12-19T10:07:15.164+0000] {processor.py:839} INFO - DAG(s) dict_keys(['example_branch_dop_operator_v3']) retrieved from /home/airflow/.local/lib/python3.8/site-packages/airflow/example_dags/example_branch_python_dop_operator_3.py
[2023-12-19T10:07:15.205+0000] {logging_mixin.py:154} INFO - [2023-12-19T10:07:15.205+0000] {dag.py:2941} INFO - Sync 1 DAGs
[2023-12-19T10:07:15.259+0000] {logging_mixin.py:154} INFO - [2023-12-19T10:07:15.259+0000] {dag.py:3722} INFO - Setting next_dagrun for example_branch_dop_operator_v3 to 2023-12-19T10:06:00+00:00, run_after=2023-12-19T10:07:00+00:00
[2023-12-19T10:07:15.296+0000] {processor.py:179} INFO - Processing /home/airflow/.local/lib/python3.8/site-packages/airflow/example_dags/example_branch_python_dop_operator_3.py took 0.160 seconds
[2023-12-19T10:07:45.980+0000] {processor.py:157} INFO - Started process (PID=31202) to work on /home/airflow/.local/lib/python3.8/site-packages/airflow/example_dags/example_branch_python_dop_operator_3.py
[2023-12-19T10:07:45.983+0000] {processor.py:829} INFO - Processing file /home/airflow/.local/lib/python3.8/site-packages/airflow/example_dags/example_branch_python_dop_operator_3.py for tasks to queue
[2023-12-19T10:07:45.986+0000] {logging_mixin.py:154} INFO - [2023-12-19T10:07:45.986+0000] {dagbag.py:536} INFO - Filling up the DagBag from /home/airflow/.local/lib/python3.8/site-packages/airflow/example_dags/example_branch_python_dop_operator_3.py
[2023-12-19T10:07:46.004+0000] {processor.py:839} INFO - DAG(s) dict_keys(['example_branch_dop_operator_v3']) retrieved from /home/airflow/.local/lib/python3.8/site-packages/airflow/example_dags/example_branch_python_dop_operator_3.py
[2023-12-19T10:07:46.054+0000] {logging_mixin.py:154} INFO - [2023-12-19T10:07:46.053+0000] {dag.py:2941} INFO - Sync 1 DAGs
[2023-12-19T10:07:46.104+0000] {logging_mixin.py:154} INFO - [2023-12-19T10:07:46.104+0000] {dag.py:3722} INFO - Setting next_dagrun for example_branch_dop_operator_v3 to 2023-12-19T10:06:00+00:00, run_after=2023-12-19T10:07:00+00:00
[2023-12-19T10:07:46.138+0000] {processor.py:179} INFO - Processing /home/airflow/.local/lib/python3.8/site-packages/airflow/example_dags/example_branch_python_dop_operator_3.py took 0.166 seconds
[2023-12-19T10:08:16.613+0000] {processor.py:157} INFO - Started process (PID=31257) to work on /home/airflow/.local/lib/python3.8/site-packages/airflow/example_dags/example_branch_python_dop_operator_3.py
[2023-12-19T10:08:16.615+0000] {processor.py:829} INFO - Processing file /home/airflow/.local/lib/python3.8/site-packages/airflow/example_dags/example_branch_python_dop_operator_3.py for tasks to queue
[2023-12-19T10:08:16.617+0000] {logging_mixin.py:154} INFO - [2023-12-19T10:08:16.617+0000] {dagbag.py:536} INFO - Filling up the DagBag from /home/airflow/.local/lib/python3.8/site-packages/airflow/example_dags/example_branch_python_dop_operator_3.py
[2023-12-19T10:08:16.634+0000] {processor.py:839} INFO - DAG(s) dict_keys(['example_branch_dop_operator_v3']) retrieved from /home/airflow/.local/lib/python3.8/site-packages/airflow/example_dags/example_branch_python_dop_operator_3.py
[2023-12-19T10:08:16.689+0000] {logging_mixin.py:154} INFO - [2023-12-19T10:08:16.688+0000] {dag.py:2941} INFO - Sync 1 DAGs
[2023-12-19T10:08:16.735+0000] {logging_mixin.py:154} INFO - [2023-12-19T10:08:16.735+0000] {dag.py:3722} INFO - Setting next_dagrun for example_branch_dop_operator_v3 to 2023-12-19T10:07:00+00:00, run_after=2023-12-19T10:08:00+00:00
[2023-12-19T10:08:16.769+0000] {processor.py:179} INFO - Processing /home/airflow/.local/lib/python3.8/site-packages/airflow/example_dags/example_branch_python_dop_operator_3.py took 0.163 seconds
[2023-12-19T10:08:47.840+0000] {processor.py:157} INFO - Started process (PID=31312) to work on /home/airflow/.local/lib/python3.8/site-packages/airflow/example_dags/example_branch_python_dop_operator_3.py
[2023-12-19T10:08:47.847+0000] {processor.py:829} INFO - Processing file /home/airflow/.local/lib/python3.8/site-packages/airflow/example_dags/example_branch_python_dop_operator_3.py for tasks to queue
[2023-12-19T10:08:47.850+0000] {logging_mixin.py:154} INFO - [2023-12-19T10:08:47.849+0000] {dagbag.py:536} INFO - Filling up the DagBag from /home/airflow/.local/lib/python3.8/site-packages/airflow/example_dags/example_branch_python_dop_operator_3.py
[2023-12-19T10:08:47.869+0000] {processor.py:839} INFO - DAG(s) dict_keys(['example_branch_dop_operator_v3']) retrieved from /home/airflow/.local/lib/python3.8/site-packages/airflow/example_dags/example_branch_python_dop_operator_3.py
[2023-12-19T10:08:47.909+0000] {logging_mixin.py:154} INFO - [2023-12-19T10:08:47.909+0000] {dag.py:2941} INFO - Sync 1 DAGs
[2023-12-19T10:08:47.957+0000] {logging_mixin.py:154} INFO - [2023-12-19T10:08:47.956+0000] {dag.py:3722} INFO - Setting next_dagrun for example_branch_dop_operator_v3 to 2023-12-19T10:07:00+00:00, run_after=2023-12-19T10:08:00+00:00
[2023-12-19T10:08:47.996+0000] {processor.py:179} INFO - Processing /home/airflow/.local/lib/python3.8/site-packages/airflow/example_dags/example_branch_python_dop_operator_3.py took 0.174 seconds
[2023-12-19T10:09:18.244+0000] {processor.py:157} INFO - Started process (PID=31367) to work on /home/airflow/.local/lib/python3.8/site-packages/airflow/example_dags/example_branch_python_dop_operator_3.py
[2023-12-19T10:09:18.247+0000] {processor.py:829} INFO - Processing file /home/airflow/.local/lib/python3.8/site-packages/airflow/example_dags/example_branch_python_dop_operator_3.py for tasks to queue
[2023-12-19T10:09:18.248+0000] {logging_mixin.py:154} INFO - [2023-12-19T10:09:18.248+0000] {dagbag.py:536} INFO - Filling up the DagBag from /home/airflow/.local/lib/python3.8/site-packages/airflow/example_dags/example_branch_python_dop_operator_3.py
[2023-12-19T10:09:18.264+0000] {processor.py:839} INFO - DAG(s) dict_keys(['example_branch_dop_operator_v3']) retrieved from /home/airflow/.local/lib/python3.8/site-packages/airflow/example_dags/example_branch_python_dop_operator_3.py
[2023-12-19T10:09:18.358+0000] {logging_mixin.py:154} INFO - [2023-12-19T10:09:18.356+0000] {dag.py:2941} INFO - Sync 1 DAGs
[2023-12-19T10:09:18.511+0000] {logging_mixin.py:154} INFO - [2023-12-19T10:09:18.510+0000] {dag.py:3722} INFO - Setting next_dagrun for example_branch_dop_operator_v3 to 2023-12-19T10:08:00+00:00, run_after=2023-12-19T10:09:00+00:00
[2023-12-19T10:09:18.590+0000] {processor.py:179} INFO - Processing /home/airflow/.local/lib/python3.8/site-packages/airflow/example_dags/example_branch_python_dop_operator_3.py took 0.352 seconds
[2023-12-19T10:09:49.197+0000] {processor.py:157} INFO - Started process (PID=31422) to work on /home/airflow/.local/lib/python3.8/site-packages/airflow/example_dags/example_branch_python_dop_operator_3.py
[2023-12-19T10:09:49.200+0000] {processor.py:829} INFO - Processing file /home/airflow/.local/lib/python3.8/site-packages/airflow/example_dags/example_branch_python_dop_operator_3.py for tasks to queue
[2023-12-19T10:09:49.202+0000] {logging_mixin.py:154} INFO - [2023-12-19T10:09:49.201+0000] {dagbag.py:536} INFO - Filling up the DagBag from /home/airflow/.local/lib/python3.8/site-packages/airflow/example_dags/example_branch_python_dop_operator_3.py
[2023-12-19T10:09:49.219+0000] {processor.py:839} INFO - DAG(s) dict_keys(['example_branch_dop_operator_v3']) retrieved from /home/airflow/.local/lib/python3.8/site-packages/airflow/example_dags/example_branch_python_dop_operator_3.py
[2023-12-19T10:09:49.260+0000] {logging_mixin.py:154} INFO - [2023-12-19T10:09:49.259+0000] {dag.py:2941} INFO - Sync 1 DAGs
[2023-12-19T10:09:49.316+0000] {logging_mixin.py:154} INFO - [2023-12-19T10:09:49.316+0000] {dag.py:3722} INFO - Setting next_dagrun for example_branch_dop_operator_v3 to 2023-12-19T10:08:00+00:00, run_after=2023-12-19T10:09:00+00:00
[2023-12-19T10:09:49.360+0000] {processor.py:179} INFO - Processing /home/airflow/.local/lib/python3.8/site-packages/airflow/example_dags/example_branch_python_dop_operator_3.py took 0.169 seconds
[2023-12-19T10:10:19.901+0000] {processor.py:157} INFO - Started process (PID=31478) to work on /home/airflow/.local/lib/python3.8/site-packages/airflow/example_dags/example_branch_python_dop_operator_3.py
[2023-12-19T10:10:19.904+0000] {processor.py:829} INFO - Processing file /home/airflow/.local/lib/python3.8/site-packages/airflow/example_dags/example_branch_python_dop_operator_3.py for tasks to queue
[2023-12-19T10:10:19.906+0000] {logging_mixin.py:154} INFO - [2023-12-19T10:10:19.906+0000] {dagbag.py:536} INFO - Filling up the DagBag from /home/airflow/.local/lib/python3.8/site-packages/airflow/example_dags/example_branch_python_dop_operator_3.py
[2023-12-19T10:10:19.928+0000] {processor.py:839} INFO - DAG(s) dict_keys(['example_branch_dop_operator_v3']) retrieved from /home/airflow/.local/lib/python3.8/site-packages/airflow/example_dags/example_branch_python_dop_operator_3.py
[2023-12-19T10:10:19.979+0000] {logging_mixin.py:154} INFO - [2023-12-19T10:10:19.979+0000] {dag.py:2941} INFO - Sync 1 DAGs
[2023-12-19T10:10:20.025+0000] {logging_mixin.py:154} INFO - [2023-12-19T10:10:20.024+0000] {dag.py:3722} INFO - Setting next_dagrun for example_branch_dop_operator_v3 to 2023-12-19T10:09:00+00:00, run_after=2023-12-19T10:10:00+00:00
[2023-12-19T10:10:20.066+0000] {processor.py:179} INFO - Processing /home/airflow/.local/lib/python3.8/site-packages/airflow/example_dags/example_branch_python_dop_operator_3.py took 0.173 seconds
[2023-12-19T10:10:50.294+0000] {processor.py:157} INFO - Started process (PID=31533) to work on /home/airflow/.local/lib/python3.8/site-packages/airflow/example_dags/example_branch_python_dop_operator_3.py
[2023-12-19T10:10:50.297+0000] {processor.py:829} INFO - Processing file /home/airflow/.local/lib/python3.8/site-packages/airflow/example_dags/example_branch_python_dop_operator_3.py for tasks to queue
[2023-12-19T10:10:50.299+0000] {logging_mixin.py:154} INFO - [2023-12-19T10:10:50.299+0000] {dagbag.py:536} INFO - Filling up the DagBag from /home/airflow/.local/lib/python3.8/site-packages/airflow/example_dags/example_branch_python_dop_operator_3.py
[2023-12-19T10:10:50.317+0000] {processor.py:839} INFO - DAG(s) dict_keys(['example_branch_dop_operator_v3']) retrieved from /home/airflow/.local/lib/python3.8/site-packages/airflow/example_dags/example_branch_python_dop_operator_3.py
[2023-12-19T10:10:50.361+0000] {logging_mixin.py:154} INFO - [2023-12-19T10:10:50.361+0000] {dag.py:2941} INFO - Sync 1 DAGs
[2023-12-19T10:10:50.468+0000] {logging_mixin.py:154} INFO - [2023-12-19T10:10:50.467+0000] {dag.py:3722} INFO - Setting next_dagrun for example_branch_dop_operator_v3 to 2023-12-19T10:09:00+00:00, run_after=2023-12-19T10:10:00+00:00
[2023-12-19T10:10:50.638+0000] {processor.py:179} INFO - Processing /home/airflow/.local/lib/python3.8/site-packages/airflow/example_dags/example_branch_python_dop_operator_3.py took 0.352 seconds
[2023-12-19T10:11:21.321+0000] {processor.py:157} INFO - Started process (PID=31588) to work on /home/airflow/.local/lib/python3.8/site-packages/airflow/example_dags/example_branch_python_dop_operator_3.py
[2023-12-19T10:11:21.323+0000] {processor.py:829} INFO - Processing file /home/airflow/.local/lib/python3.8/site-packages/airflow/example_dags/example_branch_python_dop_operator_3.py for tasks to queue
[2023-12-19T10:11:21.325+0000] {logging_mixin.py:154} INFO - [2023-12-19T10:11:21.325+0000] {dagbag.py:536} INFO - Filling up the DagBag from /home/airflow/.local/lib/python3.8/site-packages/airflow/example_dags/example_branch_python_dop_operator_3.py
[2023-12-19T10:11:21.343+0000] {processor.py:839} INFO - DAG(s) dict_keys(['example_branch_dop_operator_v3']) retrieved from /home/airflow/.local/lib/python3.8/site-packages/airflow/example_dags/example_branch_python_dop_operator_3.py
[2023-12-19T10:11:21.385+0000] {logging_mixin.py:154} INFO - [2023-12-19T10:11:21.384+0000] {dag.py:2941} INFO - Sync 1 DAGs
[2023-12-19T10:11:21.434+0000] {logging_mixin.py:154} INFO - [2023-12-19T10:11:21.434+0000] {dag.py:3722} INFO - Setting next_dagrun for example_branch_dop_operator_v3 to 2023-12-19T10:10:00+00:00, run_after=2023-12-19T10:11:00+00:00
[2023-12-19T10:11:21.474+0000] {processor.py:179} INFO - Processing /home/airflow/.local/lib/python3.8/site-packages/airflow/example_dags/example_branch_python_dop_operator_3.py took 0.160 seconds
[2023-12-19T10:11:51.917+0000] {processor.py:157} INFO - Started process (PID=31643) to work on /home/airflow/.local/lib/python3.8/site-packages/airflow/example_dags/example_branch_python_dop_operator_3.py
[2023-12-19T10:11:51.920+0000] {processor.py:829} INFO - Processing file /home/airflow/.local/lib/python3.8/site-packages/airflow/example_dags/example_branch_python_dop_operator_3.py for tasks to queue
[2023-12-19T10:11:51.928+0000] {logging_mixin.py:154} INFO - [2023-12-19T10:11:51.925+0000] {dagbag.py:536} INFO - Filling up the DagBag from /home/airflow/.local/lib/python3.8/site-packages/airflow/example_dags/example_branch_python_dop_operator_3.py
[2023-12-19T10:11:51.953+0000] {processor.py:839} INFO - DAG(s) dict_keys(['example_branch_dop_operator_v3']) retrieved from /home/airflow/.local/lib/python3.8/site-packages/airflow/example_dags/example_branch_python_dop_operator_3.py
[2023-12-19T10:11:52.077+0000] {logging_mixin.py:154} INFO - [2023-12-19T10:11:52.076+0000] {dag.py:2941} INFO - Sync 1 DAGs
[2023-12-19T10:11:52.238+0000] {logging_mixin.py:154} INFO - [2023-12-19T10:11:52.237+0000] {dag.py:3722} INFO - Setting next_dagrun for example_branch_dop_operator_v3 to 2023-12-19T10:10:00+00:00, run_after=2023-12-19T10:11:00+00:00
[2023-12-19T10:11:52.333+0000] {processor.py:179} INFO - Processing /home/airflow/.local/lib/python3.8/site-packages/airflow/example_dags/example_branch_python_dop_operator_3.py took 0.428 seconds
[2023-12-19T10:12:22.424+0000] {processor.py:157} INFO - Started process (PID=31697) to work on /home/airflow/.local/lib/python3.8/site-packages/airflow/example_dags/example_branch_python_dop_operator_3.py
[2023-12-19T10:12:22.426+0000] {processor.py:829} INFO - Processing file /home/airflow/.local/lib/python3.8/site-packages/airflow/example_dags/example_branch_python_dop_operator_3.py for tasks to queue
[2023-12-19T10:12:22.429+0000] {logging_mixin.py:154} INFO - [2023-12-19T10:12:22.428+0000] {dagbag.py:536} INFO - Filling up the DagBag from /home/airflow/.local/lib/python3.8/site-packages/airflow/example_dags/example_branch_python_dop_operator_3.py
[2023-12-19T10:12:22.448+0000] {processor.py:839} INFO - DAG(s) dict_keys(['example_branch_dop_operator_v3']) retrieved from /home/airflow/.local/lib/python3.8/site-packages/airflow/example_dags/example_branch_python_dop_operator_3.py
[2023-12-19T10:12:22.489+0000] {logging_mixin.py:154} INFO - [2023-12-19T10:12:22.489+0000] {dag.py:2941} INFO - Sync 1 DAGs
[2023-12-19T10:12:22.536+0000] {logging_mixin.py:154} INFO - [2023-12-19T10:12:22.535+0000] {dag.py:3722} INFO - Setting next_dagrun for example_branch_dop_operator_v3 to 2023-12-19T10:11:00+00:00, run_after=2023-12-19T10:12:00+00:00
[2023-12-19T10:12:22.572+0000] {processor.py:179} INFO - Processing /home/airflow/.local/lib/python3.8/site-packages/airflow/example_dags/example_branch_python_dop_operator_3.py took 0.157 seconds
[2023-12-19T10:12:52.711+0000] {processor.py:157} INFO - Started process (PID=31752) to work on /home/airflow/.local/lib/python3.8/site-packages/airflow/example_dags/example_branch_python_dop_operator_3.py
[2023-12-19T10:12:52.714+0000] {processor.py:829} INFO - Processing file /home/airflow/.local/lib/python3.8/site-packages/airflow/example_dags/example_branch_python_dop_operator_3.py for tasks to queue
[2023-12-19T10:12:52.716+0000] {logging_mixin.py:154} INFO - [2023-12-19T10:12:52.716+0000] {dagbag.py:536} INFO - Filling up the DagBag from /home/airflow/.local/lib/python3.8/site-packages/airflow/example_dags/example_branch_python_dop_operator_3.py
[2023-12-19T10:12:52.733+0000] {processor.py:839} INFO - DAG(s) dict_keys(['example_branch_dop_operator_v3']) retrieved from /home/airflow/.local/lib/python3.8/site-packages/airflow/example_dags/example_branch_python_dop_operator_3.py
[2023-12-19T10:12:52.770+0000] {logging_mixin.py:154} INFO - [2023-12-19T10:12:52.770+0000] {dag.py:2941} INFO - Sync 1 DAGs
[2023-12-19T10:12:52.812+0000] {logging_mixin.py:154} INFO - [2023-12-19T10:12:52.812+0000] {dag.py:3722} INFO - Setting next_dagrun for example_branch_dop_operator_v3 to 2023-12-19T10:11:00+00:00, run_after=2023-12-19T10:12:00+00:00
[2023-12-19T10:12:52.848+0000] {processor.py:179} INFO - Processing /home/airflow/.local/lib/python3.8/site-packages/airflow/example_dags/example_branch_python_dop_operator_3.py took 0.143 seconds
[2023-12-19T10:13:23.061+0000] {processor.py:157} INFO - Started process (PID=31807) to work on /home/airflow/.local/lib/python3.8/site-packages/airflow/example_dags/example_branch_python_dop_operator_3.py
[2023-12-19T10:13:23.064+0000] {processor.py:829} INFO - Processing file /home/airflow/.local/lib/python3.8/site-packages/airflow/example_dags/example_branch_python_dop_operator_3.py for tasks to queue
[2023-12-19T10:13:23.066+0000] {logging_mixin.py:154} INFO - [2023-12-19T10:13:23.066+0000] {dagbag.py:536} INFO - Filling up the DagBag from /home/airflow/.local/lib/python3.8/site-packages/airflow/example_dags/example_branch_python_dop_operator_3.py
[2023-12-19T10:13:23.084+0000] {processor.py:839} INFO - DAG(s) dict_keys(['example_branch_dop_operator_v3']) retrieved from /home/airflow/.local/lib/python3.8/site-packages/airflow/example_dags/example_branch_python_dop_operator_3.py
[2023-12-19T10:13:23.125+0000] {logging_mixin.py:154} INFO - [2023-12-19T10:13:23.124+0000] {dag.py:2941} INFO - Sync 1 DAGs
[2023-12-19T10:13:23.171+0000] {logging_mixin.py:154} INFO - [2023-12-19T10:13:23.171+0000] {dag.py:3722} INFO - Setting next_dagrun for example_branch_dop_operator_v3 to 2023-12-19T10:12:00+00:00, run_after=2023-12-19T10:13:00+00:00
[2023-12-19T10:13:23.207+0000] {processor.py:179} INFO - Processing /home/airflow/.local/lib/python3.8/site-packages/airflow/example_dags/example_branch_python_dop_operator_3.py took 0.153 seconds
[2023-12-19T10:13:54.016+0000] {processor.py:157} INFO - Started process (PID=31863) to work on /home/airflow/.local/lib/python3.8/site-packages/airflow/example_dags/example_branch_python_dop_operator_3.py
[2023-12-19T10:13:54.019+0000] {processor.py:829} INFO - Processing file /home/airflow/.local/lib/python3.8/site-packages/airflow/example_dags/example_branch_python_dop_operator_3.py for tasks to queue
[2023-12-19T10:13:54.022+0000] {logging_mixin.py:154} INFO - [2023-12-19T10:13:54.021+0000] {dagbag.py:536} INFO - Filling up the DagBag from /home/airflow/.local/lib/python3.8/site-packages/airflow/example_dags/example_branch_python_dop_operator_3.py
[2023-12-19T10:13:54.043+0000] {processor.py:839} INFO - DAG(s) dict_keys(['example_branch_dop_operator_v3']) retrieved from /home/airflow/.local/lib/python3.8/site-packages/airflow/example_dags/example_branch_python_dop_operator_3.py
[2023-12-19T10:13:54.088+0000] {logging_mixin.py:154} INFO - [2023-12-19T10:13:54.087+0000] {dag.py:2941} INFO - Sync 1 DAGs
[2023-12-19T10:13:54.141+0000] {logging_mixin.py:154} INFO - [2023-12-19T10:13:54.141+0000] {dag.py:3722} INFO - Setting next_dagrun for example_branch_dop_operator_v3 to 2023-12-19T10:12:00+00:00, run_after=2023-12-19T10:13:00+00:00
[2023-12-19T10:13:54.181+0000] {processor.py:179} INFO - Processing /home/airflow/.local/lib/python3.8/site-packages/airflow/example_dags/example_branch_python_dop_operator_3.py took 0.172 seconds
[2023-12-19T10:14:24.338+0000] {processor.py:157} INFO - Started process (PID=31918) to work on /home/airflow/.local/lib/python3.8/site-packages/airflow/example_dags/example_branch_python_dop_operator_3.py
[2023-12-19T10:14:24.340+0000] {processor.py:829} INFO - Processing file /home/airflow/.local/lib/python3.8/site-packages/airflow/example_dags/example_branch_python_dop_operator_3.py for tasks to queue
[2023-12-19T10:14:24.343+0000] {logging_mixin.py:154} INFO - [2023-12-19T10:14:24.342+0000] {dagbag.py:536} INFO - Filling up the DagBag from /home/airflow/.local/lib/python3.8/site-packages/airflow/example_dags/example_branch_python_dop_operator_3.py
[2023-12-19T10:14:24.361+0000] {processor.py:839} INFO - DAG(s) dict_keys(['example_branch_dop_operator_v3']) retrieved from /home/airflow/.local/lib/python3.8/site-packages/airflow/example_dags/example_branch_python_dop_operator_3.py
[2023-12-19T10:14:24.430+0000] {logging_mixin.py:154} INFO - [2023-12-19T10:14:24.429+0000] {dag.py:2941} INFO - Sync 1 DAGs
[2023-12-19T10:14:24.508+0000] {logging_mixin.py:154} INFO - [2023-12-19T10:14:24.507+0000] {dag.py:3722} INFO - Setting next_dagrun for example_branch_dop_operator_v3 to 2023-12-19T10:13:00+00:00, run_after=2023-12-19T10:14:00+00:00
[2023-12-19T10:14:24.558+0000] {processor.py:179} INFO - Processing /home/airflow/.local/lib/python3.8/site-packages/airflow/example_dags/example_branch_python_dop_operator_3.py took 0.227 seconds
[2023-12-19T10:14:55.102+0000] {processor.py:157} INFO - Started process (PID=31973) to work on /home/airflow/.local/lib/python3.8/site-packages/airflow/example_dags/example_branch_python_dop_operator_3.py
[2023-12-19T10:14:55.106+0000] {processor.py:829} INFO - Processing file /home/airflow/.local/lib/python3.8/site-packages/airflow/example_dags/example_branch_python_dop_operator_3.py for tasks to queue
[2023-12-19T10:14:55.107+0000] {logging_mixin.py:154} INFO - [2023-12-19T10:14:55.107+0000] {dagbag.py:536} INFO - Filling up the DagBag from /home/airflow/.local/lib/python3.8/site-packages/airflow/example_dags/example_branch_python_dop_operator_3.py
[2023-12-19T10:14:55.125+0000] {processor.py:839} INFO - DAG(s) dict_keys(['example_branch_dop_operator_v3']) retrieved from /home/airflow/.local/lib/python3.8/site-packages/airflow/example_dags/example_branch_python_dop_operator_3.py
[2023-12-19T10:14:55.173+0000] {logging_mixin.py:154} INFO - [2023-12-19T10:14:55.173+0000] {dag.py:2941} INFO - Sync 1 DAGs
[2023-12-19T10:14:55.223+0000] {logging_mixin.py:154} INFO - [2023-12-19T10:14:55.222+0000] {dag.py:3722} INFO - Setting next_dagrun for example_branch_dop_operator_v3 to 2023-12-19T10:13:00+00:00, run_after=2023-12-19T10:14:00+00:00
[2023-12-19T10:14:55.259+0000] {processor.py:179} INFO - Processing /home/airflow/.local/lib/python3.8/site-packages/airflow/example_dags/example_branch_python_dop_operator_3.py took 0.164 seconds
[2023-12-19T10:15:25.760+0000] {processor.py:157} INFO - Started process (PID=32029) to work on /home/airflow/.local/lib/python3.8/site-packages/airflow/example_dags/example_branch_python_dop_operator_3.py
[2023-12-19T10:15:25.763+0000] {processor.py:829} INFO - Processing file /home/airflow/.local/lib/python3.8/site-packages/airflow/example_dags/example_branch_python_dop_operator_3.py for tasks to queue
[2023-12-19T10:15:25.765+0000] {logging_mixin.py:154} INFO - [2023-12-19T10:15:25.764+0000] {dagbag.py:536} INFO - Filling up the DagBag from /home/airflow/.local/lib/python3.8/site-packages/airflow/example_dags/example_branch_python_dop_operator_3.py
[2023-12-19T10:15:25.781+0000] {processor.py:839} INFO - DAG(s) dict_keys(['example_branch_dop_operator_v3']) retrieved from /home/airflow/.local/lib/python3.8/site-packages/airflow/example_dags/example_branch_python_dop_operator_3.py
[2023-12-19T10:15:25.821+0000] {logging_mixin.py:154} INFO - [2023-12-19T10:15:25.821+0000] {dag.py:2941} INFO - Sync 1 DAGs
[2023-12-19T10:15:25.868+0000] {logging_mixin.py:154} INFO - [2023-12-19T10:15:25.868+0000] {dag.py:3722} INFO - Setting next_dagrun for example_branch_dop_operator_v3 to 2023-12-19T10:14:00+00:00, run_after=2023-12-19T10:15:00+00:00
[2023-12-19T10:15:25.904+0000] {processor.py:179} INFO - Processing /home/airflow/.local/lib/python3.8/site-packages/airflow/example_dags/example_branch_python_dop_operator_3.py took 0.151 seconds
[2023-12-19T10:15:56.069+0000] {processor.py:157} INFO - Started process (PID=32084) to work on /home/airflow/.local/lib/python3.8/site-packages/airflow/example_dags/example_branch_python_dop_operator_3.py
[2023-12-19T10:15:56.072+0000] {processor.py:829} INFO - Processing file /home/airflow/.local/lib/python3.8/site-packages/airflow/example_dags/example_branch_python_dop_operator_3.py for tasks to queue
[2023-12-19T10:15:56.074+0000] {logging_mixin.py:154} INFO - [2023-12-19T10:15:56.073+0000] {dagbag.py:536} INFO - Filling up the DagBag from /home/airflow/.local/lib/python3.8/site-packages/airflow/example_dags/example_branch_python_dop_operator_3.py
[2023-12-19T10:15:56.090+0000] {processor.py:839} INFO - DAG(s) dict_keys(['example_branch_dop_operator_v3']) retrieved from /home/airflow/.local/lib/python3.8/site-packages/airflow/example_dags/example_branch_python_dop_operator_3.py
[2023-12-19T10:15:56.129+0000] {logging_mixin.py:154} INFO - [2023-12-19T10:15:56.129+0000] {dag.py:2941} INFO - Sync 1 DAGs
[2023-12-19T10:15:56.175+0000] {logging_mixin.py:154} INFO - [2023-12-19T10:15:56.175+0000] {dag.py:3722} INFO - Setting next_dagrun for example_branch_dop_operator_v3 to 2023-12-19T10:14:00+00:00, run_after=2023-12-19T10:15:00+00:00
[2023-12-19T10:15:56.211+0000] {processor.py:179} INFO - Processing /home/airflow/.local/lib/python3.8/site-packages/airflow/example_dags/example_branch_python_dop_operator_3.py took 0.148 seconds
[2023-12-19T10:16:26.559+0000] {processor.py:157} INFO - Started process (PID=32139) to work on /home/airflow/.local/lib/python3.8/site-packages/airflow/example_dags/example_branch_python_dop_operator_3.py
[2023-12-19T10:16:26.561+0000] {processor.py:829} INFO - Processing file /home/airflow/.local/lib/python3.8/site-packages/airflow/example_dags/example_branch_python_dop_operator_3.py for tasks to queue
[2023-12-19T10:16:26.564+0000] {logging_mixin.py:154} INFO - [2023-12-19T10:16:26.563+0000] {dagbag.py:536} INFO - Filling up the DagBag from /home/airflow/.local/lib/python3.8/site-packages/airflow/example_dags/example_branch_python_dop_operator_3.py
[2023-12-19T10:16:26.580+0000] {processor.py:839} INFO - DAG(s) dict_keys(['example_branch_dop_operator_v3']) retrieved from /home/airflow/.local/lib/python3.8/site-packages/airflow/example_dags/example_branch_python_dop_operator_3.py
[2023-12-19T10:16:26.622+0000] {logging_mixin.py:154} INFO - [2023-12-19T10:16:26.622+0000] {dag.py:2941} INFO - Sync 1 DAGs
[2023-12-19T10:16:26.668+0000] {logging_mixin.py:154} INFO - [2023-12-19T10:16:26.668+0000] {dag.py:3722} INFO - Setting next_dagrun for example_branch_dop_operator_v3 to 2023-12-19T10:15:00+00:00, run_after=2023-12-19T10:16:00+00:00
[2023-12-19T10:16:26.703+0000] {processor.py:179} INFO - Processing /home/airflow/.local/lib/python3.8/site-packages/airflow/example_dags/example_branch_python_dop_operator_3.py took 0.151 seconds
[2023-12-19T10:16:56.893+0000] {processor.py:157} INFO - Started process (PID=32194) to work on /home/airflow/.local/lib/python3.8/site-packages/airflow/example_dags/example_branch_python_dop_operator_3.py
[2023-12-19T10:16:56.902+0000] {processor.py:829} INFO - Processing file /home/airflow/.local/lib/python3.8/site-packages/airflow/example_dags/example_branch_python_dop_operator_3.py for tasks to queue
[2023-12-19T10:16:56.917+0000] {logging_mixin.py:154} INFO - [2023-12-19T10:16:56.908+0000] {dagbag.py:536} INFO - Filling up the DagBag from /home/airflow/.local/lib/python3.8/site-packages/airflow/example_dags/example_branch_python_dop_operator_3.py
[2023-12-19T10:16:56.961+0000] {processor.py:839} INFO - DAG(s) dict_keys(['example_branch_dop_operator_v3']) retrieved from /home/airflow/.local/lib/python3.8/site-packages/airflow/example_dags/example_branch_python_dop_operator_3.py
[2023-12-19T10:16:57.041+0000] {logging_mixin.py:154} INFO - [2023-12-19T10:16:57.041+0000] {dag.py:2941} INFO - Sync 1 DAGs
[2023-12-19T10:16:57.121+0000] {logging_mixin.py:154} INFO - [2023-12-19T10:16:57.120+0000] {dag.py:3722} INFO - Setting next_dagrun for example_branch_dop_operator_v3 to 2023-12-19T10:15:00+00:00, run_after=2023-12-19T10:16:00+00:00
[2023-12-19T10:16:57.187+0000] {processor.py:179} INFO - Processing /home/airflow/.local/lib/python3.8/site-packages/airflow/example_dags/example_branch_python_dop_operator_3.py took 0.353 seconds
[2023-12-19T10:17:27.332+0000] {processor.py:157} INFO - Started process (PID=32249) to work on /home/airflow/.local/lib/python3.8/site-packages/airflow/example_dags/example_branch_python_dop_operator_3.py
[2023-12-19T10:17:27.335+0000] {processor.py:829} INFO - Processing file /home/airflow/.local/lib/python3.8/site-packages/airflow/example_dags/example_branch_python_dop_operator_3.py for tasks to queue
[2023-12-19T10:17:27.337+0000] {logging_mixin.py:154} INFO - [2023-12-19T10:17:27.336+0000] {dagbag.py:536} INFO - Filling up the DagBag from /home/airflow/.local/lib/python3.8/site-packages/airflow/example_dags/example_branch_python_dop_operator_3.py
[2023-12-19T10:17:27.354+0000] {processor.py:839} INFO - DAG(s) dict_keys(['example_branch_dop_operator_v3']) retrieved from /home/airflow/.local/lib/python3.8/site-packages/airflow/example_dags/example_branch_python_dop_operator_3.py
[2023-12-19T10:17:27.395+0000] {logging_mixin.py:154} INFO - [2023-12-19T10:17:27.394+0000] {dag.py:2941} INFO - Sync 1 DAGs
[2023-12-19T10:17:27.437+0000] {logging_mixin.py:154} INFO - [2023-12-19T10:17:27.437+0000] {dag.py:3722} INFO - Setting next_dagrun for example_branch_dop_operator_v3 to 2023-12-19T10:16:00+00:00, run_after=2023-12-19T10:17:00+00:00
[2023-12-19T10:17:27.478+0000] {processor.py:179} INFO - Processing /home/airflow/.local/lib/python3.8/site-packages/airflow/example_dags/example_branch_python_dop_operator_3.py took 0.153 seconds
[2023-12-19T10:17:57.889+0000] {processor.py:157} INFO - Started process (PID=32304) to work on /home/airflow/.local/lib/python3.8/site-packages/airflow/example_dags/example_branch_python_dop_operator_3.py
[2023-12-19T10:17:57.892+0000] {processor.py:829} INFO - Processing file /home/airflow/.local/lib/python3.8/site-packages/airflow/example_dags/example_branch_python_dop_operator_3.py for tasks to queue
[2023-12-19T10:17:57.893+0000] {logging_mixin.py:154} INFO - [2023-12-19T10:17:57.893+0000] {dagbag.py:536} INFO - Filling up the DagBag from /home/airflow/.local/lib/python3.8/site-packages/airflow/example_dags/example_branch_python_dop_operator_3.py
[2023-12-19T10:17:57.909+0000] {processor.py:839} INFO - DAG(s) dict_keys(['example_branch_dop_operator_v3']) retrieved from /home/airflow/.local/lib/python3.8/site-packages/airflow/example_dags/example_branch_python_dop_operator_3.py
[2023-12-19T10:17:57.948+0000] {logging_mixin.py:154} INFO - [2023-12-19T10:17:57.948+0000] {dag.py:2941} INFO - Sync 1 DAGs
[2023-12-19T10:17:57.992+0000] {logging_mixin.py:154} INFO - [2023-12-19T10:17:57.991+0000] {dag.py:3722} INFO - Setting next_dagrun for example_branch_dop_operator_v3 to 2023-12-19T10:16:00+00:00, run_after=2023-12-19T10:17:00+00:00
[2023-12-19T10:17:58.028+0000] {processor.py:179} INFO - Processing /home/airflow/.local/lib/python3.8/site-packages/airflow/example_dags/example_branch_python_dop_operator_3.py took 0.146 seconds
[2023-12-19T10:18:28.225+0000] {processor.py:157} INFO - Started process (PID=32359) to work on /home/airflow/.local/lib/python3.8/site-packages/airflow/example_dags/example_branch_python_dop_operator_3.py
[2023-12-19T10:18:28.228+0000] {processor.py:829} INFO - Processing file /home/airflow/.local/lib/python3.8/site-packages/airflow/example_dags/example_branch_python_dop_operator_3.py for tasks to queue
[2023-12-19T10:18:28.230+0000] {logging_mixin.py:154} INFO - [2023-12-19T10:18:28.230+0000] {dagbag.py:536} INFO - Filling up the DagBag from /home/airflow/.local/lib/python3.8/site-packages/airflow/example_dags/example_branch_python_dop_operator_3.py
[2023-12-19T10:18:28.248+0000] {processor.py:839} INFO - DAG(s) dict_keys(['example_branch_dop_operator_v3']) retrieved from /home/airflow/.local/lib/python3.8/site-packages/airflow/example_dags/example_branch_python_dop_operator_3.py
[2023-12-19T10:18:28.291+0000] {logging_mixin.py:154} INFO - [2023-12-19T10:18:28.290+0000] {dag.py:2941} INFO - Sync 1 DAGs
[2023-12-19T10:18:28.335+0000] {logging_mixin.py:154} INFO - [2023-12-19T10:18:28.334+0000] {dag.py:3722} INFO - Setting next_dagrun for example_branch_dop_operator_v3 to 2023-12-19T10:17:00+00:00, run_after=2023-12-19T10:18:00+00:00
[2023-12-19T10:18:28.368+0000] {processor.py:179} INFO - Processing /home/airflow/.local/lib/python3.8/site-packages/airflow/example_dags/example_branch_python_dop_operator_3.py took 0.149 seconds
[2023-12-19T10:18:58.525+0000] {processor.py:157} INFO - Started process (PID=32414) to work on /home/airflow/.local/lib/python3.8/site-packages/airflow/example_dags/example_branch_python_dop_operator_3.py
[2023-12-19T10:18:58.528+0000] {processor.py:829} INFO - Processing file /home/airflow/.local/lib/python3.8/site-packages/airflow/example_dags/example_branch_python_dop_operator_3.py for tasks to queue
[2023-12-19T10:18:58.530+0000] {logging_mixin.py:154} INFO - [2023-12-19T10:18:58.530+0000] {dagbag.py:536} INFO - Filling up the DagBag from /home/airflow/.local/lib/python3.8/site-packages/airflow/example_dags/example_branch_python_dop_operator_3.py
[2023-12-19T10:18:58.546+0000] {processor.py:839} INFO - DAG(s) dict_keys(['example_branch_dop_operator_v3']) retrieved from /home/airflow/.local/lib/python3.8/site-packages/airflow/example_dags/example_branch_python_dop_operator_3.py
[2023-12-19T10:18:58.587+0000] {logging_mixin.py:154} INFO - [2023-12-19T10:18:58.587+0000] {dag.py:2941} INFO - Sync 1 DAGs
[2023-12-19T10:18:58.629+0000] {logging_mixin.py:154} INFO - [2023-12-19T10:18:58.629+0000] {dag.py:3722} INFO - Setting next_dagrun for example_branch_dop_operator_v3 to 2023-12-19T10:17:00+00:00, run_after=2023-12-19T10:18:00+00:00
[2023-12-19T10:18:58.665+0000] {processor.py:179} INFO - Processing /home/airflow/.local/lib/python3.8/site-packages/airflow/example_dags/example_branch_python_dop_operator_3.py took 0.146 seconds
[2023-12-19T10:19:28.997+0000] {processor.py:157} INFO - Started process (PID=32469) to work on /home/airflow/.local/lib/python3.8/site-packages/airflow/example_dags/example_branch_python_dop_operator_3.py
[2023-12-19T10:19:29.001+0000] {processor.py:829} INFO - Processing file /home/airflow/.local/lib/python3.8/site-packages/airflow/example_dags/example_branch_python_dop_operator_3.py for tasks to queue
[2023-12-19T10:19:29.002+0000] {logging_mixin.py:154} INFO - [2023-12-19T10:19:29.002+0000] {dagbag.py:536} INFO - Filling up the DagBag from /home/airflow/.local/lib/python3.8/site-packages/airflow/example_dags/example_branch_python_dop_operator_3.py
[2023-12-19T10:19:29.018+0000] {processor.py:839} INFO - DAG(s) dict_keys(['example_branch_dop_operator_v3']) retrieved from /home/airflow/.local/lib/python3.8/site-packages/airflow/example_dags/example_branch_python_dop_operator_3.py
[2023-12-19T10:19:29.057+0000] {logging_mixin.py:154} INFO - [2023-12-19T10:19:29.057+0000] {dag.py:2941} INFO - Sync 1 DAGs
[2023-12-19T10:19:29.099+0000] {logging_mixin.py:154} INFO - [2023-12-19T10:19:29.099+0000] {dag.py:3722} INFO - Setting next_dagrun for example_branch_dop_operator_v3 to 2023-12-19T10:18:00+00:00, run_after=2023-12-19T10:19:00+00:00
[2023-12-19T10:19:29.133+0000] {processor.py:179} INFO - Processing /home/airflow/.local/lib/python3.8/site-packages/airflow/example_dags/example_branch_python_dop_operator_3.py took 0.142 seconds
[2023-12-19T10:19:59.265+0000] {processor.py:157} INFO - Started process (PID=32525) to work on /home/airflow/.local/lib/python3.8/site-packages/airflow/example_dags/example_branch_python_dop_operator_3.py
[2023-12-19T10:19:59.268+0000] {processor.py:829} INFO - Processing file /home/airflow/.local/lib/python3.8/site-packages/airflow/example_dags/example_branch_python_dop_operator_3.py for tasks to queue
[2023-12-19T10:19:59.271+0000] {logging_mixin.py:154} INFO - [2023-12-19T10:19:59.270+0000] {dagbag.py:536} INFO - Filling up the DagBag from /home/airflow/.local/lib/python3.8/site-packages/airflow/example_dags/example_branch_python_dop_operator_3.py
[2023-12-19T10:19:59.291+0000] {processor.py:839} INFO - DAG(s) dict_keys(['example_branch_dop_operator_v3']) retrieved from /home/airflow/.local/lib/python3.8/site-packages/airflow/example_dags/example_branch_python_dop_operator_3.py
[2023-12-19T10:19:59.337+0000] {logging_mixin.py:154} INFO - [2023-12-19T10:19:59.337+0000] {dag.py:2941} INFO - Sync 1 DAGs
[2023-12-19T10:19:59.385+0000] {logging_mixin.py:154} INFO - [2023-12-19T10:19:59.385+0000] {dag.py:3722} INFO - Setting next_dagrun for example_branch_dop_operator_v3 to 2023-12-19T10:18:00+00:00, run_after=2023-12-19T10:19:00+00:00
[2023-12-19T10:19:59.422+0000] {processor.py:179} INFO - Processing /home/airflow/.local/lib/python3.8/site-packages/airflow/example_dags/example_branch_python_dop_operator_3.py took 0.165 seconds
[2023-12-19T10:20:30.027+0000] {processor.py:157} INFO - Started process (PID=32580) to work on /home/airflow/.local/lib/python3.8/site-packages/airflow/example_dags/example_branch_python_dop_operator_3.py
[2023-12-19T10:20:30.030+0000] {processor.py:829} INFO - Processing file /home/airflow/.local/lib/python3.8/site-packages/airflow/example_dags/example_branch_python_dop_operator_3.py for tasks to queue
[2023-12-19T10:20:30.032+0000] {logging_mixin.py:154} INFO - [2023-12-19T10:20:30.031+0000] {dagbag.py:536} INFO - Filling up the DagBag from /home/airflow/.local/lib/python3.8/site-packages/airflow/example_dags/example_branch_python_dop_operator_3.py
[2023-12-19T10:20:30.052+0000] {processor.py:839} INFO - DAG(s) dict_keys(['example_branch_dop_operator_v3']) retrieved from /home/airflow/.local/lib/python3.8/site-packages/airflow/example_dags/example_branch_python_dop_operator_3.py
[2023-12-19T10:20:30.099+0000] {logging_mixin.py:154} INFO - [2023-12-19T10:20:30.099+0000] {dag.py:2941} INFO - Sync 1 DAGs
[2023-12-19T10:20:30.146+0000] {logging_mixin.py:154} INFO - [2023-12-19T10:20:30.145+0000] {dag.py:3722} INFO - Setting next_dagrun for example_branch_dop_operator_v3 to 2023-12-19T10:19:00+00:00, run_after=2023-12-19T10:20:00+00:00
[2023-12-19T10:20:30.179+0000] {processor.py:179} INFO - Processing /home/airflow/.local/lib/python3.8/site-packages/airflow/example_dags/example_branch_python_dop_operator_3.py took 0.162 seconds
[2023-12-19T10:21:00.649+0000] {processor.py:157} INFO - Started process (PID=32636) to work on /home/airflow/.local/lib/python3.8/site-packages/airflow/example_dags/example_branch_python_dop_operator_3.py
[2023-12-19T10:21:00.652+0000] {processor.py:829} INFO - Processing file /home/airflow/.local/lib/python3.8/site-packages/airflow/example_dags/example_branch_python_dop_operator_3.py for tasks to queue
[2023-12-19T10:21:00.655+0000] {logging_mixin.py:154} INFO - [2023-12-19T10:21:00.654+0000] {dagbag.py:536} INFO - Filling up the DagBag from /home/airflow/.local/lib/python3.8/site-packages/airflow/example_dags/example_branch_python_dop_operator_3.py
[2023-12-19T10:21:00.674+0000] {processor.py:839} INFO - DAG(s) dict_keys(['example_branch_dop_operator_v3']) retrieved from /home/airflow/.local/lib/python3.8/site-packages/airflow/example_dags/example_branch_python_dop_operator_3.py
[2023-12-19T10:21:00.725+0000] {logging_mixin.py:154} INFO - [2023-12-19T10:21:00.724+0000] {dag.py:2941} INFO - Sync 1 DAGs
[2023-12-19T10:21:00.782+0000] {logging_mixin.py:154} INFO - [2023-12-19T10:21:00.782+0000] {dag.py:3722} INFO - Setting next_dagrun for example_branch_dop_operator_v3 to 2023-12-19T10:20:00+00:00, run_after=2023-12-19T10:21:00+00:00
[2023-12-19T10:21:00.820+0000] {processor.py:179} INFO - Processing /home/airflow/.local/lib/python3.8/site-packages/airflow/example_dags/example_branch_python_dop_operator_3.py took 0.184 seconds
[2023-12-19T10:21:31.198+0000] {processor.py:157} INFO - Started process (PID=32691) to work on /home/airflow/.local/lib/python3.8/site-packages/airflow/example_dags/example_branch_python_dop_operator_3.py
[2023-12-19T10:21:31.201+0000] {processor.py:829} INFO - Processing file /home/airflow/.local/lib/python3.8/site-packages/airflow/example_dags/example_branch_python_dop_operator_3.py for tasks to queue
[2023-12-19T10:21:31.203+0000] {logging_mixin.py:154} INFO - [2023-12-19T10:21:31.203+0000] {dagbag.py:536} INFO - Filling up the DagBag from /home/airflow/.local/lib/python3.8/site-packages/airflow/example_dags/example_branch_python_dop_operator_3.py
[2023-12-19T10:21:31.220+0000] {processor.py:839} INFO - DAG(s) dict_keys(['example_branch_dop_operator_v3']) retrieved from /home/airflow/.local/lib/python3.8/site-packages/airflow/example_dags/example_branch_python_dop_operator_3.py
[2023-12-19T10:21:31.259+0000] {logging_mixin.py:154} INFO - [2023-12-19T10:21:31.259+0000] {dag.py:2941} INFO - Sync 1 DAGs
[2023-12-19T10:21:31.302+0000] {logging_mixin.py:154} INFO - [2023-12-19T10:21:31.302+0000] {dag.py:3722} INFO - Setting next_dagrun for example_branch_dop_operator_v3 to 2023-12-19T10:20:00+00:00, run_after=2023-12-19T10:21:00+00:00
[2023-12-19T10:21:31.339+0000] {processor.py:179} INFO - Processing /home/airflow/.local/lib/python3.8/site-packages/airflow/example_dags/example_branch_python_dop_operator_3.py took 0.147 seconds
[2023-12-19T10:22:01.534+0000] {processor.py:157} INFO - Started process (PID=32746) to work on /home/airflow/.local/lib/python3.8/site-packages/airflow/example_dags/example_branch_python_dop_operator_3.py
[2023-12-19T10:22:01.537+0000] {processor.py:829} INFO - Processing file /home/airflow/.local/lib/python3.8/site-packages/airflow/example_dags/example_branch_python_dop_operator_3.py for tasks to queue
[2023-12-19T10:22:01.540+0000] {logging_mixin.py:154} INFO - [2023-12-19T10:22:01.539+0000] {dagbag.py:536} INFO - Filling up the DagBag from /home/airflow/.local/lib/python3.8/site-packages/airflow/example_dags/example_branch_python_dop_operator_3.py
[2023-12-19T10:22:01.557+0000] {processor.py:839} INFO - DAG(s) dict_keys(['example_branch_dop_operator_v3']) retrieved from /home/airflow/.local/lib/python3.8/site-packages/airflow/example_dags/example_branch_python_dop_operator_3.py
[2023-12-19T10:22:01.598+0000] {logging_mixin.py:154} INFO - [2023-12-19T10:22:01.597+0000] {dag.py:2941} INFO - Sync 1 DAGs
[2023-12-19T10:22:01.641+0000] {logging_mixin.py:154} INFO - [2023-12-19T10:22:01.641+0000] {dag.py:3722} INFO - Setting next_dagrun for example_branch_dop_operator_v3 to 2023-12-19T10:21:00+00:00, run_after=2023-12-19T10:22:00+00:00
[2023-12-19T10:22:01.674+0000] {processor.py:179} INFO - Processing /home/airflow/.local/lib/python3.8/site-packages/airflow/example_dags/example_branch_python_dop_operator_3.py took 0.147 seconds
[2023-12-19T10:22:31.901+0000] {processor.py:157} INFO - Started process (PID=32801) to work on /home/airflow/.local/lib/python3.8/site-packages/airflow/example_dags/example_branch_python_dop_operator_3.py
[2023-12-19T10:22:31.904+0000] {processor.py:829} INFO - Processing file /home/airflow/.local/lib/python3.8/site-packages/airflow/example_dags/example_branch_python_dop_operator_3.py for tasks to queue
[2023-12-19T10:22:31.908+0000] {logging_mixin.py:154} INFO - [2023-12-19T10:22:31.907+0000] {dagbag.py:536} INFO - Filling up the DagBag from /home/airflow/.local/lib/python3.8/site-packages/airflow/example_dags/example_branch_python_dop_operator_3.py
[2023-12-19T10:22:31.930+0000] {processor.py:839} INFO - DAG(s) dict_keys(['example_branch_dop_operator_v3']) retrieved from /home/airflow/.local/lib/python3.8/site-packages/airflow/example_dags/example_branch_python_dop_operator_3.py
[2023-12-19T10:22:31.973+0000] {logging_mixin.py:154} INFO - [2023-12-19T10:22:31.973+0000] {dag.py:2941} INFO - Sync 1 DAGs
[2023-12-19T10:22:32.023+0000] {logging_mixin.py:154} INFO - [2023-12-19T10:22:32.023+0000] {dag.py:3722} INFO - Setting next_dagrun for example_branch_dop_operator_v3 to 2023-12-19T10:21:00+00:00, run_after=2023-12-19T10:22:00+00:00
[2023-12-19T10:22:32.065+0000] {processor.py:179} INFO - Processing /home/airflow/.local/lib/python3.8/site-packages/airflow/example_dags/example_branch_python_dop_operator_3.py took 0.175 seconds
[2023-12-19T10:23:02.328+0000] {processor.py:157} INFO - Started process (PID=32854) to work on /home/airflow/.local/lib/python3.8/site-packages/airflow/example_dags/example_branch_python_dop_operator_3.py
[2023-12-19T10:23:02.331+0000] {processor.py:829} INFO - Processing file /home/airflow/.local/lib/python3.8/site-packages/airflow/example_dags/example_branch_python_dop_operator_3.py for tasks to queue
[2023-12-19T10:23:02.333+0000] {logging_mixin.py:154} INFO - [2023-12-19T10:23:02.332+0000] {dagbag.py:536} INFO - Filling up the DagBag from /home/airflow/.local/lib/python3.8/site-packages/airflow/example_dags/example_branch_python_dop_operator_3.py
[2023-12-19T10:23:02.351+0000] {processor.py:839} INFO - DAG(s) dict_keys(['example_branch_dop_operator_v3']) retrieved from /home/airflow/.local/lib/python3.8/site-packages/airflow/example_dags/example_branch_python_dop_operator_3.py
[2023-12-19T10:23:02.389+0000] {logging_mixin.py:154} INFO - [2023-12-19T10:23:02.389+0000] {dag.py:2941} INFO - Sync 1 DAGs
[2023-12-19T10:23:02.436+0000] {logging_mixin.py:154} INFO - [2023-12-19T10:23:02.435+0000] {dag.py:3722} INFO - Setting next_dagrun for example_branch_dop_operator_v3 to 2023-12-19T10:22:00+00:00, run_after=2023-12-19T10:23:00+00:00
[2023-12-19T10:23:02.472+0000] {processor.py:179} INFO - Processing /home/airflow/.local/lib/python3.8/site-packages/airflow/example_dags/example_branch_python_dop_operator_3.py took 0.150 seconds
[2023-12-19T10:23:32.723+0000] {processor.py:157} INFO - Started process (PID=32909) to work on /home/airflow/.local/lib/python3.8/site-packages/airflow/example_dags/example_branch_python_dop_operator_3.py
[2023-12-19T10:23:32.726+0000] {processor.py:829} INFO - Processing file /home/airflow/.local/lib/python3.8/site-packages/airflow/example_dags/example_branch_python_dop_operator_3.py for tasks to queue
[2023-12-19T10:23:32.728+0000] {logging_mixin.py:154} INFO - [2023-12-19T10:23:32.727+0000] {dagbag.py:536} INFO - Filling up the DagBag from /home/airflow/.local/lib/python3.8/site-packages/airflow/example_dags/example_branch_python_dop_operator_3.py
[2023-12-19T10:23:32.744+0000] {processor.py:839} INFO - DAG(s) dict_keys(['example_branch_dop_operator_v3']) retrieved from /home/airflow/.local/lib/python3.8/site-packages/airflow/example_dags/example_branch_python_dop_operator_3.py
[2023-12-19T10:23:32.782+0000] {logging_mixin.py:154} INFO - [2023-12-19T10:23:32.781+0000] {dag.py:2941} INFO - Sync 1 DAGs
[2023-12-19T10:23:32.829+0000] {logging_mixin.py:154} INFO - [2023-12-19T10:23:32.828+0000] {dag.py:3722} INFO - Setting next_dagrun for example_branch_dop_operator_v3 to 2023-12-19T10:22:00+00:00, run_after=2023-12-19T10:23:00+00:00
[2023-12-19T10:23:32.866+0000] {processor.py:179} INFO - Processing /home/airflow/.local/lib/python3.8/site-packages/airflow/example_dags/example_branch_python_dop_operator_3.py took 0.150 seconds
