[2023-12-19T09:58:56.631+0000] {processor.py:157} INFO - Started process (PID=30259) to work on /home/airflow/.local/lib/python3.8/site-packages/airflow/example_dags/example_external_task_marker_dag.py
[2023-12-19T09:58:56.660+0000] {processor.py:829} INFO - Processing file /home/airflow/.local/lib/python3.8/site-packages/airflow/example_dags/example_external_task_marker_dag.py for tasks to queue
[2023-12-19T09:58:56.675+0000] {logging_mixin.py:154} INFO - [2023-12-19T09:58:56.674+0000] {dagbag.py:536} INFO - Filling up the DagBag from /home/airflow/.local/lib/python3.8/site-packages/airflow/example_dags/example_external_task_marker_dag.py
[2023-12-19T09:58:56.715+0000] {processor.py:839} INFO - DAG(s) dict_keys(['example_external_task_marker_parent', 'example_external_task_marker_child']) retrieved from /home/airflow/.local/lib/python3.8/site-packages/airflow/example_dags/example_external_task_marker_dag.py
[2023-12-19T09:58:56.896+0000] {logging_mixin.py:154} INFO - [2023-12-19T09:58:56.896+0000] {dag.py:2941} INFO - Sync 2 DAGs
[2023-12-19T09:58:56.948+0000] {logging_mixin.py:154} INFO - [2023-12-19T09:58:56.948+0000] {dag.py:3722} INFO - Setting next_dagrun for example_external_task_marker_child to None, run_after=None
[2023-12-19T09:58:56.959+0000] {logging_mixin.py:154} INFO - [2023-12-19T09:58:56.959+0000] {dag.py:3722} INFO - Setting next_dagrun for example_external_task_marker_parent to None, run_after=None
[2023-12-19T09:58:57.003+0000] {processor.py:179} INFO - Processing /home/airflow/.local/lib/python3.8/site-packages/airflow/example_dags/example_external_task_marker_dag.py took 0.388 seconds
[2023-12-19T09:59:27.593+0000] {processor.py:157} INFO - Started process (PID=30307) to work on /home/airflow/.local/lib/python3.8/site-packages/airflow/example_dags/example_external_task_marker_dag.py
[2023-12-19T09:59:27.596+0000] {processor.py:829} INFO - Processing file /home/airflow/.local/lib/python3.8/site-packages/airflow/example_dags/example_external_task_marker_dag.py for tasks to queue
[2023-12-19T09:59:27.598+0000] {logging_mixin.py:154} INFO - [2023-12-19T09:59:27.598+0000] {dagbag.py:536} INFO - Filling up the DagBag from /home/airflow/.local/lib/python3.8/site-packages/airflow/example_dags/example_external_task_marker_dag.py
[2023-12-19T09:59:27.613+0000] {processor.py:839} INFO - DAG(s) dict_keys(['example_external_task_marker_parent', 'example_external_task_marker_child']) retrieved from /home/airflow/.local/lib/python3.8/site-packages/airflow/example_dags/example_external_task_marker_dag.py
[2023-12-19T09:59:27.671+0000] {logging_mixin.py:154} INFO - [2023-12-19T09:59:27.671+0000] {dag.py:2941} INFO - Sync 2 DAGs
[2023-12-19T09:59:27.696+0000] {logging_mixin.py:154} INFO - [2023-12-19T09:59:27.695+0000] {dag.py:3722} INFO - Setting next_dagrun for example_external_task_marker_child to None, run_after=None
[2023-12-19T09:59:27.703+0000] {logging_mixin.py:154} INFO - [2023-12-19T09:59:27.703+0000] {dag.py:3722} INFO - Setting next_dagrun for example_external_task_marker_parent to None, run_after=None
[2023-12-19T09:59:27.745+0000] {processor.py:179} INFO - Processing /home/airflow/.local/lib/python3.8/site-packages/airflow/example_dags/example_external_task_marker_dag.py took 0.160 seconds
[2023-12-19T09:59:58.466+0000] {processor.py:157} INFO - Started process (PID=30369) to work on /home/airflow/.local/lib/python3.8/site-packages/airflow/example_dags/example_external_task_marker_dag.py
[2023-12-19T09:59:58.468+0000] {processor.py:829} INFO - Processing file /home/airflow/.local/lib/python3.8/site-packages/airflow/example_dags/example_external_task_marker_dag.py for tasks to queue
[2023-12-19T09:59:58.470+0000] {logging_mixin.py:154} INFO - [2023-12-19T09:59:58.469+0000] {dagbag.py:536} INFO - Filling up the DagBag from /home/airflow/.local/lib/python3.8/site-packages/airflow/example_dags/example_external_task_marker_dag.py
[2023-12-19T09:59:58.482+0000] {processor.py:839} INFO - DAG(s) dict_keys(['example_external_task_marker_child', 'example_external_task_marker_parent']) retrieved from /home/airflow/.local/lib/python3.8/site-packages/airflow/example_dags/example_external_task_marker_dag.py
[2023-12-19T09:59:58.529+0000] {logging_mixin.py:154} INFO - [2023-12-19T09:59:58.529+0000] {dag.py:2941} INFO - Sync 2 DAGs
[2023-12-19T09:59:58.553+0000] {logging_mixin.py:154} INFO - [2023-12-19T09:59:58.553+0000] {dag.py:3722} INFO - Setting next_dagrun for example_external_task_marker_child to None, run_after=None
[2023-12-19T09:59:58.562+0000] {logging_mixin.py:154} INFO - [2023-12-19T09:59:58.562+0000] {dag.py:3722} INFO - Setting next_dagrun for example_external_task_marker_parent to None, run_after=None
[2023-12-19T09:59:58.595+0000] {processor.py:179} INFO - Processing /home/airflow/.local/lib/python3.8/site-packages/airflow/example_dags/example_external_task_marker_dag.py took 0.136 seconds
[2023-12-19T10:00:29.101+0000] {processor.py:157} INFO - Started process (PID=30424) to work on /home/airflow/.local/lib/python3.8/site-packages/airflow/example_dags/example_external_task_marker_dag.py
[2023-12-19T10:00:29.103+0000] {processor.py:829} INFO - Processing file /home/airflow/.local/lib/python3.8/site-packages/airflow/example_dags/example_external_task_marker_dag.py for tasks to queue
[2023-12-19T10:00:29.105+0000] {logging_mixin.py:154} INFO - [2023-12-19T10:00:29.105+0000] {dagbag.py:536} INFO - Filling up the DagBag from /home/airflow/.local/lib/python3.8/site-packages/airflow/example_dags/example_external_task_marker_dag.py
[2023-12-19T10:00:29.118+0000] {processor.py:839} INFO - DAG(s) dict_keys(['example_external_task_marker_child', 'example_external_task_marker_parent']) retrieved from /home/airflow/.local/lib/python3.8/site-packages/airflow/example_dags/example_external_task_marker_dag.py
[2023-12-19T10:00:29.181+0000] {logging_mixin.py:154} INFO - [2023-12-19T10:00:29.180+0000] {dag.py:2941} INFO - Sync 2 DAGs
[2023-12-19T10:00:29.207+0000] {logging_mixin.py:154} INFO - [2023-12-19T10:00:29.207+0000] {dag.py:3722} INFO - Setting next_dagrun for example_external_task_marker_child to None, run_after=None
[2023-12-19T10:00:29.216+0000] {logging_mixin.py:154} INFO - [2023-12-19T10:00:29.215+0000] {dag.py:3722} INFO - Setting next_dagrun for example_external_task_marker_parent to None, run_after=None
[2023-12-19T10:00:29.248+0000] {processor.py:179} INFO - Processing /home/airflow/.local/lib/python3.8/site-packages/airflow/example_dags/example_external_task_marker_dag.py took 0.154 seconds
[2023-12-19T10:01:00.517+0000] {processor.py:157} INFO - Started process (PID=30479) to work on /home/airflow/.local/lib/python3.8/site-packages/airflow/example_dags/example_external_task_marker_dag.py
[2023-12-19T10:01:00.523+0000] {processor.py:829} INFO - Processing file /home/airflow/.local/lib/python3.8/site-packages/airflow/example_dags/example_external_task_marker_dag.py for tasks to queue
[2023-12-19T10:01:00.530+0000] {logging_mixin.py:154} INFO - [2023-12-19T10:01:00.528+0000] {dagbag.py:536} INFO - Filling up the DagBag from /home/airflow/.local/lib/python3.8/site-packages/airflow/example_dags/example_external_task_marker_dag.py
[2023-12-19T10:01:00.556+0000] {processor.py:839} INFO - DAG(s) dict_keys(['example_external_task_marker_child', 'example_external_task_marker_parent']) retrieved from /home/airflow/.local/lib/python3.8/site-packages/airflow/example_dags/example_external_task_marker_dag.py
[2023-12-19T10:01:00.623+0000] {logging_mixin.py:154} INFO - [2023-12-19T10:01:00.623+0000] {dag.py:2941} INFO - Sync 2 DAGs
[2023-12-19T10:01:00.665+0000] {logging_mixin.py:154} INFO - [2023-12-19T10:01:00.665+0000] {dag.py:3722} INFO - Setting next_dagrun for example_external_task_marker_child to None, run_after=None
[2023-12-19T10:01:00.677+0000] {logging_mixin.py:154} INFO - [2023-12-19T10:01:00.677+0000] {dag.py:3722} INFO - Setting next_dagrun for example_external_task_marker_parent to None, run_after=None
[2023-12-19T10:01:00.732+0000] {processor.py:179} INFO - Processing /home/airflow/.local/lib/python3.8/site-packages/airflow/example_dags/example_external_task_marker_dag.py took 0.237 seconds
[2023-12-19T10:01:31.321+0000] {processor.py:157} INFO - Started process (PID=30534) to work on /home/airflow/.local/lib/python3.8/site-packages/airflow/example_dags/example_external_task_marker_dag.py
[2023-12-19T10:01:31.328+0000] {processor.py:829} INFO - Processing file /home/airflow/.local/lib/python3.8/site-packages/airflow/example_dags/example_external_task_marker_dag.py for tasks to queue
[2023-12-19T10:01:31.333+0000] {logging_mixin.py:154} INFO - [2023-12-19T10:01:31.331+0000] {dagbag.py:536} INFO - Filling up the DagBag from /home/airflow/.local/lib/python3.8/site-packages/airflow/example_dags/example_external_task_marker_dag.py
[2023-12-19T10:01:31.356+0000] {processor.py:839} INFO - DAG(s) dict_keys(['example_external_task_marker_parent', 'example_external_task_marker_child']) retrieved from /home/airflow/.local/lib/python3.8/site-packages/airflow/example_dags/example_external_task_marker_dag.py
[2023-12-19T10:01:31.419+0000] {logging_mixin.py:154} INFO - [2023-12-19T10:01:31.418+0000] {dag.py:2941} INFO - Sync 2 DAGs
[2023-12-19T10:01:31.448+0000] {logging_mixin.py:154} INFO - [2023-12-19T10:01:31.448+0000] {dag.py:3722} INFO - Setting next_dagrun for example_external_task_marker_child to None, run_after=None
[2023-12-19T10:01:31.456+0000] {logging_mixin.py:154} INFO - [2023-12-19T10:01:31.456+0000] {dag.py:3722} INFO - Setting next_dagrun for example_external_task_marker_parent to None, run_after=None
[2023-12-19T10:01:31.502+0000] {processor.py:179} INFO - Processing /home/airflow/.local/lib/python3.8/site-packages/airflow/example_dags/example_external_task_marker_dag.py took 0.196 seconds
[2023-12-19T10:02:01.673+0000] {processor.py:157} INFO - Started process (PID=30589) to work on /home/airflow/.local/lib/python3.8/site-packages/airflow/example_dags/example_external_task_marker_dag.py
[2023-12-19T10:02:01.675+0000] {processor.py:829} INFO - Processing file /home/airflow/.local/lib/python3.8/site-packages/airflow/example_dags/example_external_task_marker_dag.py for tasks to queue
[2023-12-19T10:02:01.677+0000] {logging_mixin.py:154} INFO - [2023-12-19T10:02:01.676+0000] {dagbag.py:536} INFO - Filling up the DagBag from /home/airflow/.local/lib/python3.8/site-packages/airflow/example_dags/example_external_task_marker_dag.py
[2023-12-19T10:02:01.688+0000] {processor.py:839} INFO - DAG(s) dict_keys(['example_external_task_marker_child', 'example_external_task_marker_parent']) retrieved from /home/airflow/.local/lib/python3.8/site-packages/airflow/example_dags/example_external_task_marker_dag.py
[2023-12-19T10:02:01.736+0000] {logging_mixin.py:154} INFO - [2023-12-19T10:02:01.736+0000] {dag.py:2941} INFO - Sync 2 DAGs
[2023-12-19T10:02:01.758+0000] {logging_mixin.py:154} INFO - [2023-12-19T10:02:01.758+0000] {dag.py:3722} INFO - Setting next_dagrun for example_external_task_marker_child to None, run_after=None
[2023-12-19T10:02:01.765+0000] {logging_mixin.py:154} INFO - [2023-12-19T10:02:01.765+0000] {dag.py:3722} INFO - Setting next_dagrun for example_external_task_marker_parent to None, run_after=None
[2023-12-19T10:02:01.793+0000] {processor.py:179} INFO - Processing /home/airflow/.local/lib/python3.8/site-packages/airflow/example_dags/example_external_task_marker_dag.py took 0.126 seconds
[2023-12-19T10:02:32.047+0000] {processor.py:157} INFO - Started process (PID=30645) to work on /home/airflow/.local/lib/python3.8/site-packages/airflow/example_dags/example_external_task_marker_dag.py
[2023-12-19T10:02:32.049+0000] {processor.py:829} INFO - Processing file /home/airflow/.local/lib/python3.8/site-packages/airflow/example_dags/example_external_task_marker_dag.py for tasks to queue
[2023-12-19T10:02:32.052+0000] {logging_mixin.py:154} INFO - [2023-12-19T10:02:32.051+0000] {dagbag.py:536} INFO - Filling up the DagBag from /home/airflow/.local/lib/python3.8/site-packages/airflow/example_dags/example_external_task_marker_dag.py
[2023-12-19T10:02:32.063+0000] {processor.py:839} INFO - DAG(s) dict_keys(['example_external_task_marker_parent', 'example_external_task_marker_child']) retrieved from /home/airflow/.local/lib/python3.8/site-packages/airflow/example_dags/example_external_task_marker_dag.py
[2023-12-19T10:02:32.109+0000] {logging_mixin.py:154} INFO - [2023-12-19T10:02:32.108+0000] {dag.py:2941} INFO - Sync 2 DAGs
[2023-12-19T10:02:32.132+0000] {logging_mixin.py:154} INFO - [2023-12-19T10:02:32.131+0000] {dag.py:3722} INFO - Setting next_dagrun for example_external_task_marker_child to None, run_after=None
[2023-12-19T10:02:32.140+0000] {logging_mixin.py:154} INFO - [2023-12-19T10:02:32.139+0000] {dag.py:3722} INFO - Setting next_dagrun for example_external_task_marker_parent to None, run_after=None
[2023-12-19T10:02:32.172+0000] {processor.py:179} INFO - Processing /home/airflow/.local/lib/python3.8/site-packages/airflow/example_dags/example_external_task_marker_dag.py took 0.132 seconds
[2023-12-19T10:03:02.721+0000] {processor.py:157} INFO - Started process (PID=30699) to work on /home/airflow/.local/lib/python3.8/site-packages/airflow/example_dags/example_external_task_marker_dag.py
[2023-12-19T10:03:02.730+0000] {processor.py:829} INFO - Processing file /home/airflow/.local/lib/python3.8/site-packages/airflow/example_dags/example_external_task_marker_dag.py for tasks to queue
[2023-12-19T10:03:02.736+0000] {logging_mixin.py:154} INFO - [2023-12-19T10:03:02.735+0000] {dagbag.py:536} INFO - Filling up the DagBag from /home/airflow/.local/lib/python3.8/site-packages/airflow/example_dags/example_external_task_marker_dag.py
[2023-12-19T10:03:02.762+0000] {processor.py:839} INFO - DAG(s) dict_keys(['example_external_task_marker_parent', 'example_external_task_marker_child']) retrieved from /home/airflow/.local/lib/python3.8/site-packages/airflow/example_dags/example_external_task_marker_dag.py
[2023-12-19T10:03:02.826+0000] {logging_mixin.py:154} INFO - [2023-12-19T10:03:02.824+0000] {dag.py:2941} INFO - Sync 2 DAGs
[2023-12-19T10:03:02.858+0000] {logging_mixin.py:154} INFO - [2023-12-19T10:03:02.857+0000] {dag.py:3722} INFO - Setting next_dagrun for example_external_task_marker_child to None, run_after=None
[2023-12-19T10:03:02.865+0000] {logging_mixin.py:154} INFO - [2023-12-19T10:03:02.864+0000] {dag.py:3722} INFO - Setting next_dagrun for example_external_task_marker_parent to None, run_after=None
[2023-12-19T10:03:02.903+0000] {processor.py:179} INFO - Processing /home/airflow/.local/lib/python3.8/site-packages/airflow/example_dags/example_external_task_marker_dag.py took 0.196 seconds
[2023-12-19T10:03:33.132+0000] {processor.py:157} INFO - Started process (PID=30754) to work on /home/airflow/.local/lib/python3.8/site-packages/airflow/example_dags/example_external_task_marker_dag.py
[2023-12-19T10:03:33.139+0000] {processor.py:829} INFO - Processing file /home/airflow/.local/lib/python3.8/site-packages/airflow/example_dags/example_external_task_marker_dag.py for tasks to queue
[2023-12-19T10:03:33.142+0000] {logging_mixin.py:154} INFO - [2023-12-19T10:03:33.141+0000] {dagbag.py:536} INFO - Filling up the DagBag from /home/airflow/.local/lib/python3.8/site-packages/airflow/example_dags/example_external_task_marker_dag.py
[2023-12-19T10:03:33.163+0000] {processor.py:839} INFO - DAG(s) dict_keys(['example_external_task_marker_child', 'example_external_task_marker_parent']) retrieved from /home/airflow/.local/lib/python3.8/site-packages/airflow/example_dags/example_external_task_marker_dag.py
[2023-12-19T10:03:33.236+0000] {logging_mixin.py:154} INFO - [2023-12-19T10:03:33.235+0000] {dag.py:2941} INFO - Sync 2 DAGs
[2023-12-19T10:03:33.279+0000] {logging_mixin.py:154} INFO - [2023-12-19T10:03:33.279+0000] {dag.py:3722} INFO - Setting next_dagrun for example_external_task_marker_child to None, run_after=None
[2023-12-19T10:03:33.286+0000] {logging_mixin.py:154} INFO - [2023-12-19T10:03:33.286+0000] {dag.py:3722} INFO - Setting next_dagrun for example_external_task_marker_parent to None, run_after=None
[2023-12-19T10:03:33.319+0000] {processor.py:179} INFO - Processing /home/airflow/.local/lib/python3.8/site-packages/airflow/example_dags/example_external_task_marker_dag.py took 0.212 seconds
[2023-12-19T10:04:03.458+0000] {processor.py:157} INFO - Started process (PID=30809) to work on /home/airflow/.local/lib/python3.8/site-packages/airflow/example_dags/example_external_task_marker_dag.py
[2023-12-19T10:04:03.461+0000] {processor.py:829} INFO - Processing file /home/airflow/.local/lib/python3.8/site-packages/airflow/example_dags/example_external_task_marker_dag.py for tasks to queue
[2023-12-19T10:04:03.463+0000] {logging_mixin.py:154} INFO - [2023-12-19T10:04:03.462+0000] {dagbag.py:536} INFO - Filling up the DagBag from /home/airflow/.local/lib/python3.8/site-packages/airflow/example_dags/example_external_task_marker_dag.py
[2023-12-19T10:04:03.474+0000] {processor.py:839} INFO - DAG(s) dict_keys(['example_external_task_marker_parent', 'example_external_task_marker_child']) retrieved from /home/airflow/.local/lib/python3.8/site-packages/airflow/example_dags/example_external_task_marker_dag.py
[2023-12-19T10:04:03.531+0000] {logging_mixin.py:154} INFO - [2023-12-19T10:04:03.530+0000] {dag.py:2941} INFO - Sync 2 DAGs
[2023-12-19T10:04:03.553+0000] {logging_mixin.py:154} INFO - [2023-12-19T10:04:03.553+0000] {dag.py:3722} INFO - Setting next_dagrun for example_external_task_marker_child to None, run_after=None
[2023-12-19T10:04:03.561+0000] {logging_mixin.py:154} INFO - [2023-12-19T10:04:03.561+0000] {dag.py:3722} INFO - Setting next_dagrun for example_external_task_marker_parent to None, run_after=None
[2023-12-19T10:04:03.619+0000] {processor.py:179} INFO - Processing /home/airflow/.local/lib/python3.8/site-packages/airflow/example_dags/example_external_task_marker_dag.py took 0.167 seconds
[2023-12-19T10:04:34.192+0000] {processor.py:157} INFO - Started process (PID=30865) to work on /home/airflow/.local/lib/python3.8/site-packages/airflow/example_dags/example_external_task_marker_dag.py
[2023-12-19T10:04:34.194+0000] {processor.py:829} INFO - Processing file /home/airflow/.local/lib/python3.8/site-packages/airflow/example_dags/example_external_task_marker_dag.py for tasks to queue
[2023-12-19T10:04:34.196+0000] {logging_mixin.py:154} INFO - [2023-12-19T10:04:34.196+0000] {dagbag.py:536} INFO - Filling up the DagBag from /home/airflow/.local/lib/python3.8/site-packages/airflow/example_dags/example_external_task_marker_dag.py
[2023-12-19T10:04:34.208+0000] {processor.py:839} INFO - DAG(s) dict_keys(['example_external_task_marker_child', 'example_external_task_marker_parent']) retrieved from /home/airflow/.local/lib/python3.8/site-packages/airflow/example_dags/example_external_task_marker_dag.py
[2023-12-19T10:04:34.253+0000] {logging_mixin.py:154} INFO - [2023-12-19T10:04:34.253+0000] {dag.py:2941} INFO - Sync 2 DAGs
[2023-12-19T10:04:34.277+0000] {logging_mixin.py:154} INFO - [2023-12-19T10:04:34.277+0000] {dag.py:3722} INFO - Setting next_dagrun for example_external_task_marker_child to None, run_after=None
[2023-12-19T10:04:34.283+0000] {logging_mixin.py:154} INFO - [2023-12-19T10:04:34.283+0000] {dag.py:3722} INFO - Setting next_dagrun for example_external_task_marker_parent to None, run_after=None
[2023-12-19T10:04:34.314+0000] {processor.py:179} INFO - Processing /home/airflow/.local/lib/python3.8/site-packages/airflow/example_dags/example_external_task_marker_dag.py took 0.129 seconds
[2023-12-19T10:05:05.422+0000] {processor.py:157} INFO - Started process (PID=30920) to work on /home/airflow/.local/lib/python3.8/site-packages/airflow/example_dags/example_external_task_marker_dag.py
[2023-12-19T10:05:05.424+0000] {processor.py:829} INFO - Processing file /home/airflow/.local/lib/python3.8/site-packages/airflow/example_dags/example_external_task_marker_dag.py for tasks to queue
[2023-12-19T10:05:05.426+0000] {logging_mixin.py:154} INFO - [2023-12-19T10:05:05.425+0000] {dagbag.py:536} INFO - Filling up the DagBag from /home/airflow/.local/lib/python3.8/site-packages/airflow/example_dags/example_external_task_marker_dag.py
[2023-12-19T10:05:05.444+0000] {processor.py:839} INFO - DAG(s) dict_keys(['example_external_task_marker_child', 'example_external_task_marker_parent']) retrieved from /home/airflow/.local/lib/python3.8/site-packages/airflow/example_dags/example_external_task_marker_dag.py
[2023-12-19T10:05:05.493+0000] {logging_mixin.py:154} INFO - [2023-12-19T10:05:05.492+0000] {dag.py:2941} INFO - Sync 2 DAGs
[2023-12-19T10:05:05.523+0000] {logging_mixin.py:154} INFO - [2023-12-19T10:05:05.523+0000] {dag.py:3722} INFO - Setting next_dagrun for example_external_task_marker_child to None, run_after=None
[2023-12-19T10:05:05.529+0000] {logging_mixin.py:154} INFO - [2023-12-19T10:05:05.529+0000] {dag.py:3722} INFO - Setting next_dagrun for example_external_task_marker_parent to None, run_after=None
[2023-12-19T10:05:05.569+0000] {processor.py:179} INFO - Processing /home/airflow/.local/lib/python3.8/site-packages/airflow/example_dags/example_external_task_marker_dag.py took 0.157 seconds
[2023-12-19T10:05:36.313+0000] {processor.py:157} INFO - Started process (PID=30975) to work on /home/airflow/.local/lib/python3.8/site-packages/airflow/example_dags/example_external_task_marker_dag.py
[2023-12-19T10:05:36.316+0000] {processor.py:829} INFO - Processing file /home/airflow/.local/lib/python3.8/site-packages/airflow/example_dags/example_external_task_marker_dag.py for tasks to queue
[2023-12-19T10:05:36.319+0000] {logging_mixin.py:154} INFO - [2023-12-19T10:05:36.318+0000] {dagbag.py:536} INFO - Filling up the DagBag from /home/airflow/.local/lib/python3.8/site-packages/airflow/example_dags/example_external_task_marker_dag.py
[2023-12-19T10:05:36.340+0000] {processor.py:839} INFO - DAG(s) dict_keys(['example_external_task_marker_child', 'example_external_task_marker_parent']) retrieved from /home/airflow/.local/lib/python3.8/site-packages/airflow/example_dags/example_external_task_marker_dag.py
[2023-12-19T10:05:36.404+0000] {logging_mixin.py:154} INFO - [2023-12-19T10:05:36.404+0000] {dag.py:2941} INFO - Sync 2 DAGs
[2023-12-19T10:05:36.436+0000] {logging_mixin.py:154} INFO - [2023-12-19T10:05:36.435+0000] {dag.py:3722} INFO - Setting next_dagrun for example_external_task_marker_child to None, run_after=None
[2023-12-19T10:05:36.443+0000] {logging_mixin.py:154} INFO - [2023-12-19T10:05:36.443+0000] {dag.py:3722} INFO - Setting next_dagrun for example_external_task_marker_parent to None, run_after=None
[2023-12-19T10:05:36.481+0000] {processor.py:179} INFO - Processing /home/airflow/.local/lib/python3.8/site-packages/airflow/example_dags/example_external_task_marker_dag.py took 0.176 seconds
[2023-12-19T10:06:06.537+0000] {processor.py:157} INFO - Started process (PID=31030) to work on /home/airflow/.local/lib/python3.8/site-packages/airflow/example_dags/example_external_task_marker_dag.py
[2023-12-19T10:06:06.539+0000] {processor.py:829} INFO - Processing file /home/airflow/.local/lib/python3.8/site-packages/airflow/example_dags/example_external_task_marker_dag.py for tasks to queue
[2023-12-19T10:06:06.541+0000] {logging_mixin.py:154} INFO - [2023-12-19T10:06:06.541+0000] {dagbag.py:536} INFO - Filling up the DagBag from /home/airflow/.local/lib/python3.8/site-packages/airflow/example_dags/example_external_task_marker_dag.py
[2023-12-19T10:06:06.553+0000] {processor.py:839} INFO - DAG(s) dict_keys(['example_external_task_marker_child', 'example_external_task_marker_parent']) retrieved from /home/airflow/.local/lib/python3.8/site-packages/airflow/example_dags/example_external_task_marker_dag.py
[2023-12-19T10:06:06.595+0000] {logging_mixin.py:154} INFO - [2023-12-19T10:06:06.594+0000] {dag.py:2941} INFO - Sync 2 DAGs
[2023-12-19T10:06:06.618+0000] {logging_mixin.py:154} INFO - [2023-12-19T10:06:06.617+0000] {dag.py:3722} INFO - Setting next_dagrun for example_external_task_marker_child to None, run_after=None
[2023-12-19T10:06:06.623+0000] {logging_mixin.py:154} INFO - [2023-12-19T10:06:06.623+0000] {dag.py:3722} INFO - Setting next_dagrun for example_external_task_marker_parent to None, run_after=None
[2023-12-19T10:06:06.653+0000] {processor.py:179} INFO - Processing /home/airflow/.local/lib/python3.8/site-packages/airflow/example_dags/example_external_task_marker_dag.py took 0.122 seconds
[2023-12-19T10:06:37.072+0000] {processor.py:157} INFO - Started process (PID=31085) to work on /home/airflow/.local/lib/python3.8/site-packages/airflow/example_dags/example_external_task_marker_dag.py
[2023-12-19T10:06:37.075+0000] {processor.py:829} INFO - Processing file /home/airflow/.local/lib/python3.8/site-packages/airflow/example_dags/example_external_task_marker_dag.py for tasks to queue
[2023-12-19T10:06:37.077+0000] {logging_mixin.py:154} INFO - [2023-12-19T10:06:37.077+0000] {dagbag.py:536} INFO - Filling up the DagBag from /home/airflow/.local/lib/python3.8/site-packages/airflow/example_dags/example_external_task_marker_dag.py
[2023-12-19T10:06:37.089+0000] {processor.py:839} INFO - DAG(s) dict_keys(['example_external_task_marker_child', 'example_external_task_marker_parent']) retrieved from /home/airflow/.local/lib/python3.8/site-packages/airflow/example_dags/example_external_task_marker_dag.py
[2023-12-19T10:06:37.136+0000] {logging_mixin.py:154} INFO - [2023-12-19T10:06:37.135+0000] {dag.py:2941} INFO - Sync 2 DAGs
[2023-12-19T10:06:37.158+0000] {logging_mixin.py:154} INFO - [2023-12-19T10:06:37.158+0000] {dag.py:3722} INFO - Setting next_dagrun for example_external_task_marker_child to None, run_after=None
[2023-12-19T10:06:37.164+0000] {logging_mixin.py:154} INFO - [2023-12-19T10:06:37.164+0000] {dag.py:3722} INFO - Setting next_dagrun for example_external_task_marker_parent to None, run_after=None
[2023-12-19T10:06:37.195+0000] {processor.py:179} INFO - Processing /home/airflow/.local/lib/python3.8/site-packages/airflow/example_dags/example_external_task_marker_dag.py took 0.132 seconds
[2023-12-19T10:07:07.656+0000] {processor.py:157} INFO - Started process (PID=31140) to work on /home/airflow/.local/lib/python3.8/site-packages/airflow/example_dags/example_external_task_marker_dag.py
[2023-12-19T10:07:07.659+0000] {processor.py:829} INFO - Processing file /home/airflow/.local/lib/python3.8/site-packages/airflow/example_dags/example_external_task_marker_dag.py for tasks to queue
[2023-12-19T10:07:07.662+0000] {logging_mixin.py:154} INFO - [2023-12-19T10:07:07.661+0000] {dagbag.py:536} INFO - Filling up the DagBag from /home/airflow/.local/lib/python3.8/site-packages/airflow/example_dags/example_external_task_marker_dag.py
[2023-12-19T10:07:07.680+0000] {processor.py:839} INFO - DAG(s) dict_keys(['example_external_task_marker_child', 'example_external_task_marker_parent']) retrieved from /home/airflow/.local/lib/python3.8/site-packages/airflow/example_dags/example_external_task_marker_dag.py
[2023-12-19T10:07:07.730+0000] {logging_mixin.py:154} INFO - [2023-12-19T10:07:07.729+0000] {dag.py:2941} INFO - Sync 2 DAGs
[2023-12-19T10:07:07.752+0000] {logging_mixin.py:154} INFO - [2023-12-19T10:07:07.752+0000] {dag.py:3722} INFO - Setting next_dagrun for example_external_task_marker_child to None, run_after=None
[2023-12-19T10:07:07.760+0000] {logging_mixin.py:154} INFO - [2023-12-19T10:07:07.760+0000] {dag.py:3722} INFO - Setting next_dagrun for example_external_task_marker_parent to None, run_after=None
[2023-12-19T10:07:07.794+0000] {processor.py:179} INFO - Processing /home/airflow/.local/lib/python3.8/site-packages/airflow/example_dags/example_external_task_marker_dag.py took 0.147 seconds
[2023-12-19T10:07:38.174+0000] {processor.py:157} INFO - Started process (PID=31195) to work on /home/airflow/.local/lib/python3.8/site-packages/airflow/example_dags/example_external_task_marker_dag.py
[2023-12-19T10:07:38.177+0000] {processor.py:829} INFO - Processing file /home/airflow/.local/lib/python3.8/site-packages/airflow/example_dags/example_external_task_marker_dag.py for tasks to queue
[2023-12-19T10:07:38.179+0000] {logging_mixin.py:154} INFO - [2023-12-19T10:07:38.179+0000] {dagbag.py:536} INFO - Filling up the DagBag from /home/airflow/.local/lib/python3.8/site-packages/airflow/example_dags/example_external_task_marker_dag.py
[2023-12-19T10:07:38.191+0000] {processor.py:839} INFO - DAG(s) dict_keys(['example_external_task_marker_child', 'example_external_task_marker_parent']) retrieved from /home/airflow/.local/lib/python3.8/site-packages/airflow/example_dags/example_external_task_marker_dag.py
[2023-12-19T10:07:38.244+0000] {logging_mixin.py:154} INFO - [2023-12-19T10:07:38.244+0000] {dag.py:2941} INFO - Sync 2 DAGs
[2023-12-19T10:07:38.266+0000] {logging_mixin.py:154} INFO - [2023-12-19T10:07:38.266+0000] {dag.py:3722} INFO - Setting next_dagrun for example_external_task_marker_child to None, run_after=None
[2023-12-19T10:07:38.272+0000] {logging_mixin.py:154} INFO - [2023-12-19T10:07:38.272+0000] {dag.py:3722} INFO - Setting next_dagrun for example_external_task_marker_parent to None, run_after=None
[2023-12-19T10:07:38.301+0000] {processor.py:179} INFO - Processing /home/airflow/.local/lib/python3.8/site-packages/airflow/example_dags/example_external_task_marker_dag.py took 0.134 seconds
[2023-12-19T10:08:08.805+0000] {processor.py:157} INFO - Started process (PID=31250) to work on /home/airflow/.local/lib/python3.8/site-packages/airflow/example_dags/example_external_task_marker_dag.py
[2023-12-19T10:08:08.809+0000] {processor.py:829} INFO - Processing file /home/airflow/.local/lib/python3.8/site-packages/airflow/example_dags/example_external_task_marker_dag.py for tasks to queue
[2023-12-19T10:08:08.812+0000] {logging_mixin.py:154} INFO - [2023-12-19T10:08:08.811+0000] {dagbag.py:536} INFO - Filling up the DagBag from /home/airflow/.local/lib/python3.8/site-packages/airflow/example_dags/example_external_task_marker_dag.py
[2023-12-19T10:08:08.827+0000] {processor.py:839} INFO - DAG(s) dict_keys(['example_external_task_marker_parent', 'example_external_task_marker_child']) retrieved from /home/airflow/.local/lib/python3.8/site-packages/airflow/example_dags/example_external_task_marker_dag.py
[2023-12-19T10:08:08.905+0000] {logging_mixin.py:154} INFO - [2023-12-19T10:08:08.905+0000] {dag.py:2941} INFO - Sync 2 DAGs
[2023-12-19T10:08:08.934+0000] {logging_mixin.py:154} INFO - [2023-12-19T10:08:08.934+0000] {dag.py:3722} INFO - Setting next_dagrun for example_external_task_marker_child to None, run_after=None
[2023-12-19T10:08:08.941+0000] {logging_mixin.py:154} INFO - [2023-12-19T10:08:08.941+0000] {dag.py:3722} INFO - Setting next_dagrun for example_external_task_marker_parent to None, run_after=None
[2023-12-19T10:08:08.978+0000] {processor.py:179} INFO - Processing /home/airflow/.local/lib/python3.8/site-packages/airflow/example_dags/example_external_task_marker_dag.py took 0.183 seconds
[2023-12-19T10:08:39.380+0000] {processor.py:157} INFO - Started process (PID=31305) to work on /home/airflow/.local/lib/python3.8/site-packages/airflow/example_dags/example_external_task_marker_dag.py
[2023-12-19T10:08:39.388+0000] {processor.py:829} INFO - Processing file /home/airflow/.local/lib/python3.8/site-packages/airflow/example_dags/example_external_task_marker_dag.py for tasks to queue
[2023-12-19T10:08:39.405+0000] {logging_mixin.py:154} INFO - [2023-12-19T10:08:39.399+0000] {dagbag.py:536} INFO - Filling up the DagBag from /home/airflow/.local/lib/python3.8/site-packages/airflow/example_dags/example_external_task_marker_dag.py
[2023-12-19T10:08:39.448+0000] {processor.py:839} INFO - DAG(s) dict_keys(['example_external_task_marker_child', 'example_external_task_marker_parent']) retrieved from /home/airflow/.local/lib/python3.8/site-packages/airflow/example_dags/example_external_task_marker_dag.py
[2023-12-19T10:08:39.640+0000] {logging_mixin.py:154} INFO - [2023-12-19T10:08:39.639+0000] {dag.py:2941} INFO - Sync 2 DAGs
[2023-12-19T10:08:39.817+0000] {logging_mixin.py:154} INFO - [2023-12-19T10:08:39.813+0000] {dag.py:3722} INFO - Setting next_dagrun for example_external_task_marker_child to None, run_after=None
[2023-12-19T10:08:39.842+0000] {logging_mixin.py:154} INFO - [2023-12-19T10:08:39.840+0000] {dag.py:3722} INFO - Setting next_dagrun for example_external_task_marker_parent to None, run_after=None
[2023-12-19T10:08:40.046+0000] {processor.py:179} INFO - Processing /home/airflow/.local/lib/python3.8/site-packages/airflow/example_dags/example_external_task_marker_dag.py took 0.686 seconds
[2023-12-19T10:09:10.883+0000] {processor.py:157} INFO - Started process (PID=31360) to work on /home/airflow/.local/lib/python3.8/site-packages/airflow/example_dags/example_external_task_marker_dag.py
[2023-12-19T10:09:10.886+0000] {processor.py:829} INFO - Processing file /home/airflow/.local/lib/python3.8/site-packages/airflow/example_dags/example_external_task_marker_dag.py for tasks to queue
[2023-12-19T10:09:10.889+0000] {logging_mixin.py:154} INFO - [2023-12-19T10:09:10.889+0000] {dagbag.py:536} INFO - Filling up the DagBag from /home/airflow/.local/lib/python3.8/site-packages/airflow/example_dags/example_external_task_marker_dag.py
[2023-12-19T10:09:10.902+0000] {processor.py:839} INFO - DAG(s) dict_keys(['example_external_task_marker_child', 'example_external_task_marker_parent']) retrieved from /home/airflow/.local/lib/python3.8/site-packages/airflow/example_dags/example_external_task_marker_dag.py
[2023-12-19T10:09:10.953+0000] {logging_mixin.py:154} INFO - [2023-12-19T10:09:10.952+0000] {dag.py:2941} INFO - Sync 2 DAGs
[2023-12-19T10:09:10.982+0000] {logging_mixin.py:154} INFO - [2023-12-19T10:09:10.981+0000] {dag.py:3722} INFO - Setting next_dagrun for example_external_task_marker_child to None, run_after=None
[2023-12-19T10:09:10.992+0000] {logging_mixin.py:154} INFO - [2023-12-19T10:09:10.991+0000] {dag.py:3722} INFO - Setting next_dagrun for example_external_task_marker_parent to None, run_after=None
[2023-12-19T10:09:11.023+0000] {processor.py:179} INFO - Processing /home/airflow/.local/lib/python3.8/site-packages/airflow/example_dags/example_external_task_marker_dag.py took 0.146 seconds
[2023-12-19T10:09:41.298+0000] {processor.py:157} INFO - Started process (PID=31415) to work on /home/airflow/.local/lib/python3.8/site-packages/airflow/example_dags/example_external_task_marker_dag.py
[2023-12-19T10:09:41.303+0000] {processor.py:829} INFO - Processing file /home/airflow/.local/lib/python3.8/site-packages/airflow/example_dags/example_external_task_marker_dag.py for tasks to queue
[2023-12-19T10:09:41.307+0000] {logging_mixin.py:154} INFO - [2023-12-19T10:09:41.306+0000] {dagbag.py:536} INFO - Filling up the DagBag from /home/airflow/.local/lib/python3.8/site-packages/airflow/example_dags/example_external_task_marker_dag.py
[2023-12-19T10:09:41.331+0000] {processor.py:839} INFO - DAG(s) dict_keys(['example_external_task_marker_child', 'example_external_task_marker_parent']) retrieved from /home/airflow/.local/lib/python3.8/site-packages/airflow/example_dags/example_external_task_marker_dag.py
[2023-12-19T10:09:41.384+0000] {logging_mixin.py:154} INFO - [2023-12-19T10:09:41.384+0000] {dag.py:2941} INFO - Sync 2 DAGs
[2023-12-19T10:09:41.408+0000] {logging_mixin.py:154} INFO - [2023-12-19T10:09:41.408+0000] {dag.py:3722} INFO - Setting next_dagrun for example_external_task_marker_child to None, run_after=None
[2023-12-19T10:09:41.415+0000] {logging_mixin.py:154} INFO - [2023-12-19T10:09:41.415+0000] {dag.py:3722} INFO - Setting next_dagrun for example_external_task_marker_parent to None, run_after=None
[2023-12-19T10:09:41.447+0000] {processor.py:179} INFO - Processing /home/airflow/.local/lib/python3.8/site-packages/airflow/example_dags/example_external_task_marker_dag.py took 0.169 seconds
[2023-12-19T10:10:11.831+0000] {processor.py:157} INFO - Started process (PID=31471) to work on /home/airflow/.local/lib/python3.8/site-packages/airflow/example_dags/example_external_task_marker_dag.py
[2023-12-19T10:10:11.833+0000] {processor.py:829} INFO - Processing file /home/airflow/.local/lib/python3.8/site-packages/airflow/example_dags/example_external_task_marker_dag.py for tasks to queue
[2023-12-19T10:10:11.836+0000] {logging_mixin.py:154} INFO - [2023-12-19T10:10:11.835+0000] {dagbag.py:536} INFO - Filling up the DagBag from /home/airflow/.local/lib/python3.8/site-packages/airflow/example_dags/example_external_task_marker_dag.py
[2023-12-19T10:10:11.848+0000] {processor.py:839} INFO - DAG(s) dict_keys(['example_external_task_marker_parent', 'example_external_task_marker_child']) retrieved from /home/airflow/.local/lib/python3.8/site-packages/airflow/example_dags/example_external_task_marker_dag.py
[2023-12-19T10:10:11.900+0000] {logging_mixin.py:154} INFO - [2023-12-19T10:10:11.900+0000] {dag.py:2941} INFO - Sync 2 DAGs
[2023-12-19T10:10:11.924+0000] {logging_mixin.py:154} INFO - [2023-12-19T10:10:11.923+0000] {dag.py:3722} INFO - Setting next_dagrun for example_external_task_marker_child to None, run_after=None
[2023-12-19T10:10:11.931+0000] {logging_mixin.py:154} INFO - [2023-12-19T10:10:11.930+0000] {dag.py:3722} INFO - Setting next_dagrun for example_external_task_marker_parent to None, run_after=None
[2023-12-19T10:10:11.963+0000] {processor.py:179} INFO - Processing /home/airflow/.local/lib/python3.8/site-packages/airflow/example_dags/example_external_task_marker_dag.py took 0.138 seconds
[2023-12-19T10:10:42.294+0000] {processor.py:157} INFO - Started process (PID=31526) to work on /home/airflow/.local/lib/python3.8/site-packages/airflow/example_dags/example_external_task_marker_dag.py
[2023-12-19T10:10:42.298+0000] {processor.py:829} INFO - Processing file /home/airflow/.local/lib/python3.8/site-packages/airflow/example_dags/example_external_task_marker_dag.py for tasks to queue
[2023-12-19T10:10:42.301+0000] {logging_mixin.py:154} INFO - [2023-12-19T10:10:42.300+0000] {dagbag.py:536} INFO - Filling up the DagBag from /home/airflow/.local/lib/python3.8/site-packages/airflow/example_dags/example_external_task_marker_dag.py
[2023-12-19T10:10:42.319+0000] {processor.py:839} INFO - DAG(s) dict_keys(['example_external_task_marker_child', 'example_external_task_marker_parent']) retrieved from /home/airflow/.local/lib/python3.8/site-packages/airflow/example_dags/example_external_task_marker_dag.py
[2023-12-19T10:10:42.373+0000] {logging_mixin.py:154} INFO - [2023-12-19T10:10:42.372+0000] {dag.py:2941} INFO - Sync 2 DAGs
[2023-12-19T10:10:42.399+0000] {logging_mixin.py:154} INFO - [2023-12-19T10:10:42.399+0000] {dag.py:3722} INFO - Setting next_dagrun for example_external_task_marker_child to None, run_after=None
[2023-12-19T10:10:42.407+0000] {logging_mixin.py:154} INFO - [2023-12-19T10:10:42.406+0000] {dag.py:3722} INFO - Setting next_dagrun for example_external_task_marker_parent to None, run_after=None
[2023-12-19T10:10:42.438+0000] {processor.py:179} INFO - Processing /home/airflow/.local/lib/python3.8/site-packages/airflow/example_dags/example_external_task_marker_dag.py took 0.163 seconds
[2023-12-19T10:11:12.752+0000] {processor.py:157} INFO - Started process (PID=31581) to work on /home/airflow/.local/lib/python3.8/site-packages/airflow/example_dags/example_external_task_marker_dag.py
[2023-12-19T10:11:12.755+0000] {processor.py:829} INFO - Processing file /home/airflow/.local/lib/python3.8/site-packages/airflow/example_dags/example_external_task_marker_dag.py for tasks to queue
[2023-12-19T10:11:12.758+0000] {logging_mixin.py:154} INFO - [2023-12-19T10:11:12.758+0000] {dagbag.py:536} INFO - Filling up the DagBag from /home/airflow/.local/lib/python3.8/site-packages/airflow/example_dags/example_external_task_marker_dag.py
[2023-12-19T10:11:12.770+0000] {processor.py:839} INFO - DAG(s) dict_keys(['example_external_task_marker_parent', 'example_external_task_marker_child']) retrieved from /home/airflow/.local/lib/python3.8/site-packages/airflow/example_dags/example_external_task_marker_dag.py
[2023-12-19T10:11:12.829+0000] {logging_mixin.py:154} INFO - [2023-12-19T10:11:12.828+0000] {dag.py:2941} INFO - Sync 2 DAGs
[2023-12-19T10:11:12.856+0000] {logging_mixin.py:154} INFO - [2023-12-19T10:11:12.856+0000] {dag.py:3722} INFO - Setting next_dagrun for example_external_task_marker_child to None, run_after=None
[2023-12-19T10:11:12.865+0000] {logging_mixin.py:154} INFO - [2023-12-19T10:11:12.865+0000] {dag.py:3722} INFO - Setting next_dagrun for example_external_task_marker_parent to None, run_after=None
[2023-12-19T10:11:12.901+0000] {processor.py:179} INFO - Processing /home/airflow/.local/lib/python3.8/site-packages/airflow/example_dags/example_external_task_marker_dag.py took 0.155 seconds
[2023-12-19T10:11:42.985+0000] {processor.py:157} INFO - Started process (PID=31636) to work on /home/airflow/.local/lib/python3.8/site-packages/airflow/example_dags/example_external_task_marker_dag.py
[2023-12-19T10:11:42.990+0000] {processor.py:829} INFO - Processing file /home/airflow/.local/lib/python3.8/site-packages/airflow/example_dags/example_external_task_marker_dag.py for tasks to queue
[2023-12-19T10:11:42.992+0000] {logging_mixin.py:154} INFO - [2023-12-19T10:11:42.991+0000] {dagbag.py:536} INFO - Filling up the DagBag from /home/airflow/.local/lib/python3.8/site-packages/airflow/example_dags/example_external_task_marker_dag.py
[2023-12-19T10:11:43.007+0000] {processor.py:839} INFO - DAG(s) dict_keys(['example_external_task_marker_child', 'example_external_task_marker_parent']) retrieved from /home/airflow/.local/lib/python3.8/site-packages/airflow/example_dags/example_external_task_marker_dag.py
[2023-12-19T10:11:43.058+0000] {logging_mixin.py:154} INFO - [2023-12-19T10:11:43.057+0000] {dag.py:2941} INFO - Sync 2 DAGs
[2023-12-19T10:11:43.083+0000] {logging_mixin.py:154} INFO - [2023-12-19T10:11:43.083+0000] {dag.py:3722} INFO - Setting next_dagrun for example_external_task_marker_child to None, run_after=None
[2023-12-19T10:11:43.093+0000] {logging_mixin.py:154} INFO - [2023-12-19T10:11:43.092+0000] {dag.py:3722} INFO - Setting next_dagrun for example_external_task_marker_parent to None, run_after=None
[2023-12-19T10:11:43.125+0000] {processor.py:179} INFO - Processing /home/airflow/.local/lib/python3.8/site-packages/airflow/example_dags/example_external_task_marker_dag.py took 0.147 seconds
[2023-12-19T10:12:13.259+0000] {processor.py:157} INFO - Started process (PID=31689) to work on /home/airflow/.local/lib/python3.8/site-packages/airflow/example_dags/example_external_task_marker_dag.py
[2023-12-19T10:12:13.262+0000] {processor.py:829} INFO - Processing file /home/airflow/.local/lib/python3.8/site-packages/airflow/example_dags/example_external_task_marker_dag.py for tasks to queue
[2023-12-19T10:12:13.264+0000] {logging_mixin.py:154} INFO - [2023-12-19T10:12:13.263+0000] {dagbag.py:536} INFO - Filling up the DagBag from /home/airflow/.local/lib/python3.8/site-packages/airflow/example_dags/example_external_task_marker_dag.py
[2023-12-19T10:12:13.278+0000] {processor.py:839} INFO - DAG(s) dict_keys(['example_external_task_marker_child', 'example_external_task_marker_parent']) retrieved from /home/airflow/.local/lib/python3.8/site-packages/airflow/example_dags/example_external_task_marker_dag.py
[2023-12-19T10:12:13.326+0000] {logging_mixin.py:154} INFO - [2023-12-19T10:12:13.326+0000] {dag.py:2941} INFO - Sync 2 DAGs
[2023-12-19T10:12:13.349+0000] {logging_mixin.py:154} INFO - [2023-12-19T10:12:13.349+0000] {dag.py:3722} INFO - Setting next_dagrun for example_external_task_marker_child to None, run_after=None
[2023-12-19T10:12:13.356+0000] {logging_mixin.py:154} INFO - [2023-12-19T10:12:13.356+0000] {dag.py:3722} INFO - Setting next_dagrun for example_external_task_marker_parent to None, run_after=None
[2023-12-19T10:12:13.388+0000] {processor.py:179} INFO - Processing /home/airflow/.local/lib/python3.8/site-packages/airflow/example_dags/example_external_task_marker_dag.py took 0.137 seconds
[2023-12-19T10:12:43.561+0000] {processor.py:157} INFO - Started process (PID=31744) to work on /home/airflow/.local/lib/python3.8/site-packages/airflow/example_dags/example_external_task_marker_dag.py
[2023-12-19T10:12:43.565+0000] {processor.py:829} INFO - Processing file /home/airflow/.local/lib/python3.8/site-packages/airflow/example_dags/example_external_task_marker_dag.py for tasks to queue
[2023-12-19T10:12:43.568+0000] {logging_mixin.py:154} INFO - [2023-12-19T10:12:43.567+0000] {dagbag.py:536} INFO - Filling up the DagBag from /home/airflow/.local/lib/python3.8/site-packages/airflow/example_dags/example_external_task_marker_dag.py
[2023-12-19T10:12:43.579+0000] {processor.py:839} INFO - DAG(s) dict_keys(['example_external_task_marker_parent', 'example_external_task_marker_child']) retrieved from /home/airflow/.local/lib/python3.8/site-packages/airflow/example_dags/example_external_task_marker_dag.py
[2023-12-19T10:12:43.633+0000] {logging_mixin.py:154} INFO - [2023-12-19T10:12:43.633+0000] {dag.py:2941} INFO - Sync 2 DAGs
[2023-12-19T10:12:43.656+0000] {logging_mixin.py:154} INFO - [2023-12-19T10:12:43.656+0000] {dag.py:3722} INFO - Setting next_dagrun for example_external_task_marker_child to None, run_after=None
[2023-12-19T10:12:43.663+0000] {logging_mixin.py:154} INFO - [2023-12-19T10:12:43.663+0000] {dag.py:3722} INFO - Setting next_dagrun for example_external_task_marker_parent to None, run_after=None
[2023-12-19T10:12:43.691+0000] {processor.py:179} INFO - Processing /home/airflow/.local/lib/python3.8/site-packages/airflow/example_dags/example_external_task_marker_dag.py took 0.140 seconds
[2023-12-19T10:13:13.897+0000] {processor.py:157} INFO - Started process (PID=31799) to work on /home/airflow/.local/lib/python3.8/site-packages/airflow/example_dags/example_external_task_marker_dag.py
[2023-12-19T10:13:13.901+0000] {processor.py:829} INFO - Processing file /home/airflow/.local/lib/python3.8/site-packages/airflow/example_dags/example_external_task_marker_dag.py for tasks to queue
[2023-12-19T10:13:13.904+0000] {logging_mixin.py:154} INFO - [2023-12-19T10:13:13.903+0000] {dagbag.py:536} INFO - Filling up the DagBag from /home/airflow/.local/lib/python3.8/site-packages/airflow/example_dags/example_external_task_marker_dag.py
[2023-12-19T10:13:13.919+0000] {processor.py:839} INFO - DAG(s) dict_keys(['example_external_task_marker_parent', 'example_external_task_marker_child']) retrieved from /home/airflow/.local/lib/python3.8/site-packages/airflow/example_dags/example_external_task_marker_dag.py
[2023-12-19T10:13:13.973+0000] {logging_mixin.py:154} INFO - [2023-12-19T10:13:13.973+0000] {dag.py:2941} INFO - Sync 2 DAGs
[2023-12-19T10:13:13.997+0000] {logging_mixin.py:154} INFO - [2023-12-19T10:13:13.997+0000] {dag.py:3722} INFO - Setting next_dagrun for example_external_task_marker_child to None, run_after=None
[2023-12-19T10:13:14.005+0000] {logging_mixin.py:154} INFO - [2023-12-19T10:13:14.004+0000] {dag.py:3722} INFO - Setting next_dagrun for example_external_task_marker_parent to None, run_after=None
[2023-12-19T10:13:14.039+0000] {processor.py:179} INFO - Processing /home/airflow/.local/lib/python3.8/site-packages/airflow/example_dags/example_external_task_marker_dag.py took 0.149 seconds
[2023-12-19T10:13:44.301+0000] {processor.py:157} INFO - Started process (PID=31855) to work on /home/airflow/.local/lib/python3.8/site-packages/airflow/example_dags/example_external_task_marker_dag.py
[2023-12-19T10:13:44.304+0000] {processor.py:829} INFO - Processing file /home/airflow/.local/lib/python3.8/site-packages/airflow/example_dags/example_external_task_marker_dag.py for tasks to queue
[2023-12-19T10:13:44.307+0000] {logging_mixin.py:154} INFO - [2023-12-19T10:13:44.306+0000] {dagbag.py:536} INFO - Filling up the DagBag from /home/airflow/.local/lib/python3.8/site-packages/airflow/example_dags/example_external_task_marker_dag.py
[2023-12-19T10:13:44.321+0000] {processor.py:839} INFO - DAG(s) dict_keys(['example_external_task_marker_parent', 'example_external_task_marker_child']) retrieved from /home/airflow/.local/lib/python3.8/site-packages/airflow/example_dags/example_external_task_marker_dag.py
[2023-12-19T10:13:44.376+0000] {logging_mixin.py:154} INFO - [2023-12-19T10:13:44.376+0000] {dag.py:2941} INFO - Sync 2 DAGs
[2023-12-19T10:13:44.401+0000] {logging_mixin.py:154} INFO - [2023-12-19T10:13:44.401+0000] {dag.py:3722} INFO - Setting next_dagrun for example_external_task_marker_child to None, run_after=None
[2023-12-19T10:13:44.410+0000] {logging_mixin.py:154} INFO - [2023-12-19T10:13:44.409+0000] {dag.py:3722} INFO - Setting next_dagrun for example_external_task_marker_parent to None, run_after=None
[2023-12-19T10:13:44.454+0000] {processor.py:179} INFO - Processing /home/airflow/.local/lib/python3.8/site-packages/airflow/example_dags/example_external_task_marker_dag.py took 0.160 seconds
[2023-12-19T10:14:14.918+0000] {processor.py:157} INFO - Started process (PID=31910) to work on /home/airflow/.local/lib/python3.8/site-packages/airflow/example_dags/example_external_task_marker_dag.py
[2023-12-19T10:14:14.922+0000] {processor.py:829} INFO - Processing file /home/airflow/.local/lib/python3.8/site-packages/airflow/example_dags/example_external_task_marker_dag.py for tasks to queue
[2023-12-19T10:14:14.925+0000] {logging_mixin.py:154} INFO - [2023-12-19T10:14:14.924+0000] {dagbag.py:536} INFO - Filling up the DagBag from /home/airflow/.local/lib/python3.8/site-packages/airflow/example_dags/example_external_task_marker_dag.py
[2023-12-19T10:14:14.937+0000] {processor.py:839} INFO - DAG(s) dict_keys(['example_external_task_marker_child', 'example_external_task_marker_parent']) retrieved from /home/airflow/.local/lib/python3.8/site-packages/airflow/example_dags/example_external_task_marker_dag.py
[2023-12-19T10:14:14.985+0000] {logging_mixin.py:154} INFO - [2023-12-19T10:14:14.985+0000] {dag.py:2941} INFO - Sync 2 DAGs
[2023-12-19T10:14:15.014+0000] {logging_mixin.py:154} INFO - [2023-12-19T10:14:15.014+0000] {dag.py:3722} INFO - Setting next_dagrun for example_external_task_marker_child to None, run_after=None
[2023-12-19T10:14:15.021+0000] {logging_mixin.py:154} INFO - [2023-12-19T10:14:15.020+0000] {dag.py:3722} INFO - Setting next_dagrun for example_external_task_marker_parent to None, run_after=None
[2023-12-19T10:14:15.050+0000] {processor.py:179} INFO - Processing /home/airflow/.local/lib/python3.8/site-packages/airflow/example_dags/example_external_task_marker_dag.py took 0.139 seconds
[2023-12-19T10:14:45.608+0000] {processor.py:157} INFO - Started process (PID=31965) to work on /home/airflow/.local/lib/python3.8/site-packages/airflow/example_dags/example_external_task_marker_dag.py
[2023-12-19T10:14:45.611+0000] {processor.py:829} INFO - Processing file /home/airflow/.local/lib/python3.8/site-packages/airflow/example_dags/example_external_task_marker_dag.py for tasks to queue
[2023-12-19T10:14:45.614+0000] {logging_mixin.py:154} INFO - [2023-12-19T10:14:45.613+0000] {dagbag.py:536} INFO - Filling up the DagBag from /home/airflow/.local/lib/python3.8/site-packages/airflow/example_dags/example_external_task_marker_dag.py
[2023-12-19T10:14:45.631+0000] {processor.py:839} INFO - DAG(s) dict_keys(['example_external_task_marker_parent', 'example_external_task_marker_child']) retrieved from /home/airflow/.local/lib/python3.8/site-packages/airflow/example_dags/example_external_task_marker_dag.py
[2023-12-19T10:14:45.687+0000] {logging_mixin.py:154} INFO - [2023-12-19T10:14:45.687+0000] {dag.py:2941} INFO - Sync 2 DAGs
[2023-12-19T10:14:45.718+0000] {logging_mixin.py:154} INFO - [2023-12-19T10:14:45.718+0000] {dag.py:3722} INFO - Setting next_dagrun for example_external_task_marker_child to None, run_after=None
[2023-12-19T10:14:45.730+0000] {logging_mixin.py:154} INFO - [2023-12-19T10:14:45.729+0000] {dag.py:3722} INFO - Setting next_dagrun for example_external_task_marker_parent to None, run_after=None
[2023-12-19T10:14:45.765+0000] {processor.py:179} INFO - Processing /home/airflow/.local/lib/python3.8/site-packages/airflow/example_dags/example_external_task_marker_dag.py took 0.166 seconds
[2023-12-19T10:15:15.867+0000] {processor.py:157} INFO - Started process (PID=32021) to work on /home/airflow/.local/lib/python3.8/site-packages/airflow/example_dags/example_external_task_marker_dag.py
[2023-12-19T10:15:15.870+0000] {processor.py:829} INFO - Processing file /home/airflow/.local/lib/python3.8/site-packages/airflow/example_dags/example_external_task_marker_dag.py for tasks to queue
[2023-12-19T10:15:15.872+0000] {logging_mixin.py:154} INFO - [2023-12-19T10:15:15.872+0000] {dagbag.py:536} INFO - Filling up the DagBag from /home/airflow/.local/lib/python3.8/site-packages/airflow/example_dags/example_external_task_marker_dag.py
[2023-12-19T10:15:15.885+0000] {processor.py:839} INFO - DAG(s) dict_keys(['example_external_task_marker_child', 'example_external_task_marker_parent']) retrieved from /home/airflow/.local/lib/python3.8/site-packages/airflow/example_dags/example_external_task_marker_dag.py
[2023-12-19T10:15:15.935+0000] {logging_mixin.py:154} INFO - [2023-12-19T10:15:15.935+0000] {dag.py:2941} INFO - Sync 2 DAGs
[2023-12-19T10:15:15.958+0000] {logging_mixin.py:154} INFO - [2023-12-19T10:15:15.958+0000] {dag.py:3722} INFO - Setting next_dagrun for example_external_task_marker_child to None, run_after=None
[2023-12-19T10:15:15.966+0000] {logging_mixin.py:154} INFO - [2023-12-19T10:15:15.966+0000] {dag.py:3722} INFO - Setting next_dagrun for example_external_task_marker_parent to None, run_after=None
[2023-12-19T10:15:15.998+0000] {processor.py:179} INFO - Processing /home/airflow/.local/lib/python3.8/site-packages/airflow/example_dags/example_external_task_marker_dag.py took 0.138 seconds
[2023-12-19T10:15:46.209+0000] {processor.py:157} INFO - Started process (PID=32076) to work on /home/airflow/.local/lib/python3.8/site-packages/airflow/example_dags/example_external_task_marker_dag.py
[2023-12-19T10:15:46.212+0000] {processor.py:829} INFO - Processing file /home/airflow/.local/lib/python3.8/site-packages/airflow/example_dags/example_external_task_marker_dag.py for tasks to queue
[2023-12-19T10:15:46.214+0000] {logging_mixin.py:154} INFO - [2023-12-19T10:15:46.213+0000] {dagbag.py:536} INFO - Filling up the DagBag from /home/airflow/.local/lib/python3.8/site-packages/airflow/example_dags/example_external_task_marker_dag.py
[2023-12-19T10:15:46.228+0000] {processor.py:839} INFO - DAG(s) dict_keys(['example_external_task_marker_child', 'example_external_task_marker_parent']) retrieved from /home/airflow/.local/lib/python3.8/site-packages/airflow/example_dags/example_external_task_marker_dag.py
[2023-12-19T10:15:46.279+0000] {logging_mixin.py:154} INFO - [2023-12-19T10:15:46.279+0000] {dag.py:2941} INFO - Sync 2 DAGs
[2023-12-19T10:15:46.306+0000] {logging_mixin.py:154} INFO - [2023-12-19T10:15:46.306+0000] {dag.py:3722} INFO - Setting next_dagrun for example_external_task_marker_child to None, run_after=None
[2023-12-19T10:15:46.312+0000] {logging_mixin.py:154} INFO - [2023-12-19T10:15:46.312+0000] {dag.py:3722} INFO - Setting next_dagrun for example_external_task_marker_parent to None, run_after=None
[2023-12-19T10:15:46.345+0000] {processor.py:179} INFO - Processing /home/airflow/.local/lib/python3.8/site-packages/airflow/example_dags/example_external_task_marker_dag.py took 0.143 seconds
[2023-12-19T10:16:16.425+0000] {processor.py:157} INFO - Started process (PID=32131) to work on /home/airflow/.local/lib/python3.8/site-packages/airflow/example_dags/example_external_task_marker_dag.py
[2023-12-19T10:16:16.428+0000] {processor.py:829} INFO - Processing file /home/airflow/.local/lib/python3.8/site-packages/airflow/example_dags/example_external_task_marker_dag.py for tasks to queue
[2023-12-19T10:16:16.431+0000] {logging_mixin.py:154} INFO - [2023-12-19T10:16:16.430+0000] {dagbag.py:536} INFO - Filling up the DagBag from /home/airflow/.local/lib/python3.8/site-packages/airflow/example_dags/example_external_task_marker_dag.py
[2023-12-19T10:16:16.444+0000] {processor.py:839} INFO - DAG(s) dict_keys(['example_external_task_marker_parent', 'example_external_task_marker_child']) retrieved from /home/airflow/.local/lib/python3.8/site-packages/airflow/example_dags/example_external_task_marker_dag.py
[2023-12-19T10:16:16.492+0000] {logging_mixin.py:154} INFO - [2023-12-19T10:16:16.492+0000] {dag.py:2941} INFO - Sync 2 DAGs
[2023-12-19T10:16:16.515+0000] {logging_mixin.py:154} INFO - [2023-12-19T10:16:16.515+0000] {dag.py:3722} INFO - Setting next_dagrun for example_external_task_marker_child to None, run_after=None
[2023-12-19T10:16:16.521+0000] {logging_mixin.py:154} INFO - [2023-12-19T10:16:16.521+0000] {dag.py:3722} INFO - Setting next_dagrun for example_external_task_marker_parent to None, run_after=None
[2023-12-19T10:16:16.554+0000] {processor.py:179} INFO - Processing /home/airflow/.local/lib/python3.8/site-packages/airflow/example_dags/example_external_task_marker_dag.py took 0.136 seconds
[2023-12-19T10:16:46.799+0000] {processor.py:157} INFO - Started process (PID=32186) to work on /home/airflow/.local/lib/python3.8/site-packages/airflow/example_dags/example_external_task_marker_dag.py
[2023-12-19T10:16:46.803+0000] {processor.py:829} INFO - Processing file /home/airflow/.local/lib/python3.8/site-packages/airflow/example_dags/example_external_task_marker_dag.py for tasks to queue
[2023-12-19T10:16:46.806+0000] {logging_mixin.py:154} INFO - [2023-12-19T10:16:46.805+0000] {dagbag.py:536} INFO - Filling up the DagBag from /home/airflow/.local/lib/python3.8/site-packages/airflow/example_dags/example_external_task_marker_dag.py
[2023-12-19T10:16:46.819+0000] {processor.py:839} INFO - DAG(s) dict_keys(['example_external_task_marker_parent', 'example_external_task_marker_child']) retrieved from /home/airflow/.local/lib/python3.8/site-packages/airflow/example_dags/example_external_task_marker_dag.py
[2023-12-19T10:16:46.869+0000] {logging_mixin.py:154} INFO - [2023-12-19T10:16:46.869+0000] {dag.py:2941} INFO - Sync 2 DAGs
[2023-12-19T10:16:46.893+0000] {logging_mixin.py:154} INFO - [2023-12-19T10:16:46.892+0000] {dag.py:3722} INFO - Setting next_dagrun for example_external_task_marker_child to None, run_after=None
[2023-12-19T10:16:46.899+0000] {logging_mixin.py:154} INFO - [2023-12-19T10:16:46.899+0000] {dag.py:3722} INFO - Setting next_dagrun for example_external_task_marker_parent to None, run_after=None
[2023-12-19T10:16:46.930+0000] {processor.py:179} INFO - Processing /home/airflow/.local/lib/python3.8/site-packages/airflow/example_dags/example_external_task_marker_dag.py took 0.139 seconds
[2023-12-19T10:17:17.644+0000] {processor.py:157} INFO - Started process (PID=32241) to work on /home/airflow/.local/lib/python3.8/site-packages/airflow/example_dags/example_external_task_marker_dag.py
[2023-12-19T10:17:17.647+0000] {processor.py:829} INFO - Processing file /home/airflow/.local/lib/python3.8/site-packages/airflow/example_dags/example_external_task_marker_dag.py for tasks to queue
[2023-12-19T10:17:17.649+0000] {logging_mixin.py:154} INFO - [2023-12-19T10:17:17.649+0000] {dagbag.py:536} INFO - Filling up the DagBag from /home/airflow/.local/lib/python3.8/site-packages/airflow/example_dags/example_external_task_marker_dag.py
[2023-12-19T10:17:17.662+0000] {processor.py:839} INFO - DAG(s) dict_keys(['example_external_task_marker_parent', 'example_external_task_marker_child']) retrieved from /home/airflow/.local/lib/python3.8/site-packages/airflow/example_dags/example_external_task_marker_dag.py
[2023-12-19T10:17:17.713+0000] {logging_mixin.py:154} INFO - [2023-12-19T10:17:17.713+0000] {dag.py:2941} INFO - Sync 2 DAGs
[2023-12-19T10:17:17.739+0000] {logging_mixin.py:154} INFO - [2023-12-19T10:17:17.739+0000] {dag.py:3722} INFO - Setting next_dagrun for example_external_task_marker_child to None, run_after=None
[2023-12-19T10:17:17.747+0000] {logging_mixin.py:154} INFO - [2023-12-19T10:17:17.746+0000] {dag.py:3722} INFO - Setting next_dagrun for example_external_task_marker_parent to None, run_after=None
[2023-12-19T10:17:17.785+0000] {processor.py:179} INFO - Processing /home/airflow/.local/lib/python3.8/site-packages/airflow/example_dags/example_external_task_marker_dag.py took 0.152 seconds
[2023-12-19T10:17:48.212+0000] {processor.py:157} INFO - Started process (PID=32296) to work on /home/airflow/.local/lib/python3.8/site-packages/airflow/example_dags/example_external_task_marker_dag.py
[2023-12-19T10:17:48.214+0000] {processor.py:829} INFO - Processing file /home/airflow/.local/lib/python3.8/site-packages/airflow/example_dags/example_external_task_marker_dag.py for tasks to queue
[2023-12-19T10:17:48.217+0000] {logging_mixin.py:154} INFO - [2023-12-19T10:17:48.216+0000] {dagbag.py:536} INFO - Filling up the DagBag from /home/airflow/.local/lib/python3.8/site-packages/airflow/example_dags/example_external_task_marker_dag.py
[2023-12-19T10:17:48.232+0000] {processor.py:839} INFO - DAG(s) dict_keys(['example_external_task_marker_parent', 'example_external_task_marker_child']) retrieved from /home/airflow/.local/lib/python3.8/site-packages/airflow/example_dags/example_external_task_marker_dag.py
[2023-12-19T10:17:48.281+0000] {logging_mixin.py:154} INFO - [2023-12-19T10:17:48.280+0000] {dag.py:2941} INFO - Sync 2 DAGs
[2023-12-19T10:17:48.313+0000] {logging_mixin.py:154} INFO - [2023-12-19T10:17:48.313+0000] {dag.py:3722} INFO - Setting next_dagrun for example_external_task_marker_child to None, run_after=None
[2023-12-19T10:17:48.320+0000] {logging_mixin.py:154} INFO - [2023-12-19T10:17:48.319+0000] {dag.py:3722} INFO - Setting next_dagrun for example_external_task_marker_parent to None, run_after=None
[2023-12-19T10:17:48.353+0000] {processor.py:179} INFO - Processing /home/airflow/.local/lib/python3.8/site-packages/airflow/example_dags/example_external_task_marker_dag.py took 0.149 seconds
[2023-12-19T10:18:18.583+0000] {processor.py:157} INFO - Started process (PID=32351) to work on /home/airflow/.local/lib/python3.8/site-packages/airflow/example_dags/example_external_task_marker_dag.py
[2023-12-19T10:18:18.586+0000] {processor.py:829} INFO - Processing file /home/airflow/.local/lib/python3.8/site-packages/airflow/example_dags/example_external_task_marker_dag.py for tasks to queue
[2023-12-19T10:18:18.588+0000] {logging_mixin.py:154} INFO - [2023-12-19T10:18:18.587+0000] {dagbag.py:536} INFO - Filling up the DagBag from /home/airflow/.local/lib/python3.8/site-packages/airflow/example_dags/example_external_task_marker_dag.py
[2023-12-19T10:18:18.602+0000] {processor.py:839} INFO - DAG(s) dict_keys(['example_external_task_marker_child', 'example_external_task_marker_parent']) retrieved from /home/airflow/.local/lib/python3.8/site-packages/airflow/example_dags/example_external_task_marker_dag.py
[2023-12-19T10:18:18.651+0000] {logging_mixin.py:154} INFO - [2023-12-19T10:18:18.651+0000] {dag.py:2941} INFO - Sync 2 DAGs
[2023-12-19T10:18:18.673+0000] {logging_mixin.py:154} INFO - [2023-12-19T10:18:18.672+0000] {dag.py:3722} INFO - Setting next_dagrun for example_external_task_marker_child to None, run_after=None
[2023-12-19T10:18:18.679+0000] {logging_mixin.py:154} INFO - [2023-12-19T10:18:18.679+0000] {dag.py:3722} INFO - Setting next_dagrun for example_external_task_marker_parent to None, run_after=None
[2023-12-19T10:18:18.713+0000] {processor.py:179} INFO - Processing /home/airflow/.local/lib/python3.8/site-packages/airflow/example_dags/example_external_task_marker_dag.py took 0.137 seconds
[2023-12-19T10:18:48.897+0000] {processor.py:157} INFO - Started process (PID=32406) to work on /home/airflow/.local/lib/python3.8/site-packages/airflow/example_dags/example_external_task_marker_dag.py
[2023-12-19T10:18:48.901+0000] {processor.py:829} INFO - Processing file /home/airflow/.local/lib/python3.8/site-packages/airflow/example_dags/example_external_task_marker_dag.py for tasks to queue
[2023-12-19T10:18:48.904+0000] {logging_mixin.py:154} INFO - [2023-12-19T10:18:48.903+0000] {dagbag.py:536} INFO - Filling up the DagBag from /home/airflow/.local/lib/python3.8/site-packages/airflow/example_dags/example_external_task_marker_dag.py
[2023-12-19T10:18:48.920+0000] {processor.py:839} INFO - DAG(s) dict_keys(['example_external_task_marker_child', 'example_external_task_marker_parent']) retrieved from /home/airflow/.local/lib/python3.8/site-packages/airflow/example_dags/example_external_task_marker_dag.py
[2023-12-19T10:18:48.976+0000] {logging_mixin.py:154} INFO - [2023-12-19T10:18:48.975+0000] {dag.py:2941} INFO - Sync 2 DAGs
[2023-12-19T10:18:49.006+0000] {logging_mixin.py:154} INFO - [2023-12-19T10:18:49.005+0000] {dag.py:3722} INFO - Setting next_dagrun for example_external_task_marker_child to None, run_after=None
[2023-12-19T10:18:49.015+0000] {logging_mixin.py:154} INFO - [2023-12-19T10:18:49.015+0000] {dag.py:3722} INFO - Setting next_dagrun for example_external_task_marker_parent to None, run_after=None
[2023-12-19T10:18:49.054+0000] {processor.py:179} INFO - Processing /home/airflow/.local/lib/python3.8/site-packages/airflow/example_dags/example_external_task_marker_dag.py took 0.166 seconds
[2023-12-19T10:19:19.263+0000] {processor.py:157} INFO - Started process (PID=32461) to work on /home/airflow/.local/lib/python3.8/site-packages/airflow/example_dags/example_external_task_marker_dag.py
[2023-12-19T10:19:19.266+0000] {processor.py:829} INFO - Processing file /home/airflow/.local/lib/python3.8/site-packages/airflow/example_dags/example_external_task_marker_dag.py for tasks to queue
[2023-12-19T10:19:19.270+0000] {logging_mixin.py:154} INFO - [2023-12-19T10:19:19.269+0000] {dagbag.py:536} INFO - Filling up the DagBag from /home/airflow/.local/lib/python3.8/site-packages/airflow/example_dags/example_external_task_marker_dag.py
[2023-12-19T10:19:19.291+0000] {processor.py:839} INFO - DAG(s) dict_keys(['example_external_task_marker_child', 'example_external_task_marker_parent']) retrieved from /home/airflow/.local/lib/python3.8/site-packages/airflow/example_dags/example_external_task_marker_dag.py
[2023-12-19T10:19:19.344+0000] {logging_mixin.py:154} INFO - [2023-12-19T10:19:19.344+0000] {dag.py:2941} INFO - Sync 2 DAGs
[2023-12-19T10:19:19.368+0000] {logging_mixin.py:154} INFO - [2023-12-19T10:19:19.367+0000] {dag.py:3722} INFO - Setting next_dagrun for example_external_task_marker_child to None, run_after=None
[2023-12-19T10:19:19.376+0000] {logging_mixin.py:154} INFO - [2023-12-19T10:19:19.376+0000] {dag.py:3722} INFO - Setting next_dagrun for example_external_task_marker_parent to None, run_after=None
[2023-12-19T10:19:19.413+0000] {processor.py:179} INFO - Processing /home/airflow/.local/lib/python3.8/site-packages/airflow/example_dags/example_external_task_marker_dag.py took 0.159 seconds
[2023-12-19T10:19:50.027+0000] {processor.py:157} INFO - Started process (PID=32516) to work on /home/airflow/.local/lib/python3.8/site-packages/airflow/example_dags/example_external_task_marker_dag.py
[2023-12-19T10:19:50.031+0000] {processor.py:829} INFO - Processing file /home/airflow/.local/lib/python3.8/site-packages/airflow/example_dags/example_external_task_marker_dag.py for tasks to queue
[2023-12-19T10:19:50.035+0000] {logging_mixin.py:154} INFO - [2023-12-19T10:19:50.034+0000] {dagbag.py:536} INFO - Filling up the DagBag from /home/airflow/.local/lib/python3.8/site-packages/airflow/example_dags/example_external_task_marker_dag.py
[2023-12-19T10:19:50.047+0000] {processor.py:839} INFO - DAG(s) dict_keys(['example_external_task_marker_parent', 'example_external_task_marker_child']) retrieved from /home/airflow/.local/lib/python3.8/site-packages/airflow/example_dags/example_external_task_marker_dag.py
[2023-12-19T10:19:50.096+0000] {logging_mixin.py:154} INFO - [2023-12-19T10:19:50.096+0000] {dag.py:2941} INFO - Sync 2 DAGs
[2023-12-19T10:19:50.119+0000] {logging_mixin.py:154} INFO - [2023-12-19T10:19:50.118+0000] {dag.py:3722} INFO - Setting next_dagrun for example_external_task_marker_child to None, run_after=None
[2023-12-19T10:19:50.125+0000] {logging_mixin.py:154} INFO - [2023-12-19T10:19:50.125+0000] {dag.py:3722} INFO - Setting next_dagrun for example_external_task_marker_parent to None, run_after=None
[2023-12-19T10:19:50.157+0000] {processor.py:179} INFO - Processing /home/airflow/.local/lib/python3.8/site-packages/airflow/example_dags/example_external_task_marker_dag.py took 0.143 seconds
[2023-12-19T10:20:20.472+0000] {processor.py:157} INFO - Started process (PID=32571) to work on /home/airflow/.local/lib/python3.8/site-packages/airflow/example_dags/example_external_task_marker_dag.py
[2023-12-19T10:20:20.474+0000] {processor.py:829} INFO - Processing file /home/airflow/.local/lib/python3.8/site-packages/airflow/example_dags/example_external_task_marker_dag.py for tasks to queue
[2023-12-19T10:20:20.477+0000] {logging_mixin.py:154} INFO - [2023-12-19T10:20:20.476+0000] {dagbag.py:536} INFO - Filling up the DagBag from /home/airflow/.local/lib/python3.8/site-packages/airflow/example_dags/example_external_task_marker_dag.py
[2023-12-19T10:20:20.489+0000] {processor.py:839} INFO - DAG(s) dict_keys(['example_external_task_marker_parent', 'example_external_task_marker_child']) retrieved from /home/airflow/.local/lib/python3.8/site-packages/airflow/example_dags/example_external_task_marker_dag.py
[2023-12-19T10:20:20.538+0000] {logging_mixin.py:154} INFO - [2023-12-19T10:20:20.538+0000] {dag.py:2941} INFO - Sync 2 DAGs
[2023-12-19T10:20:20.566+0000] {logging_mixin.py:154} INFO - [2023-12-19T10:20:20.566+0000] {dag.py:3722} INFO - Setting next_dagrun for example_external_task_marker_child to None, run_after=None
[2023-12-19T10:20:20.576+0000] {logging_mixin.py:154} INFO - [2023-12-19T10:20:20.576+0000] {dag.py:3722} INFO - Setting next_dagrun for example_external_task_marker_parent to None, run_after=None
[2023-12-19T10:20:20.614+0000] {processor.py:179} INFO - Processing /home/airflow/.local/lib/python3.8/site-packages/airflow/example_dags/example_external_task_marker_dag.py took 0.148 seconds
[2023-12-19T10:20:50.907+0000] {processor.py:157} INFO - Started process (PID=32627) to work on /home/airflow/.local/lib/python3.8/site-packages/airflow/example_dags/example_external_task_marker_dag.py
[2023-12-19T10:20:50.910+0000] {processor.py:829} INFO - Processing file /home/airflow/.local/lib/python3.8/site-packages/airflow/example_dags/example_external_task_marker_dag.py for tasks to queue
[2023-12-19T10:20:50.912+0000] {logging_mixin.py:154} INFO - [2023-12-19T10:20:50.911+0000] {dagbag.py:536} INFO - Filling up the DagBag from /home/airflow/.local/lib/python3.8/site-packages/airflow/example_dags/example_external_task_marker_dag.py
[2023-12-19T10:20:50.923+0000] {processor.py:839} INFO - DAG(s) dict_keys(['example_external_task_marker_child', 'example_external_task_marker_parent']) retrieved from /home/airflow/.local/lib/python3.8/site-packages/airflow/example_dags/example_external_task_marker_dag.py
[2023-12-19T10:20:50.968+0000] {logging_mixin.py:154} INFO - [2023-12-19T10:20:50.968+0000] {dag.py:2941} INFO - Sync 2 DAGs
[2023-12-19T10:20:50.991+0000] {logging_mixin.py:154} INFO - [2023-12-19T10:20:50.991+0000] {dag.py:3722} INFO - Setting next_dagrun for example_external_task_marker_child to None, run_after=None
[2023-12-19T10:20:50.997+0000] {logging_mixin.py:154} INFO - [2023-12-19T10:20:50.997+0000] {dag.py:3722} INFO - Setting next_dagrun for example_external_task_marker_parent to None, run_after=None
[2023-12-19T10:20:51.025+0000] {processor.py:179} INFO - Processing /home/airflow/.local/lib/python3.8/site-packages/airflow/example_dags/example_external_task_marker_dag.py took 0.124 seconds
[2023-12-19T10:21:21.125+0000] {processor.py:157} INFO - Started process (PID=32682) to work on /home/airflow/.local/lib/python3.8/site-packages/airflow/example_dags/example_external_task_marker_dag.py
[2023-12-19T10:21:21.128+0000] {processor.py:829} INFO - Processing file /home/airflow/.local/lib/python3.8/site-packages/airflow/example_dags/example_external_task_marker_dag.py for tasks to queue
[2023-12-19T10:21:21.130+0000] {logging_mixin.py:154} INFO - [2023-12-19T10:21:21.130+0000] {dagbag.py:536} INFO - Filling up the DagBag from /home/airflow/.local/lib/python3.8/site-packages/airflow/example_dags/example_external_task_marker_dag.py
[2023-12-19T10:21:21.142+0000] {processor.py:839} INFO - DAG(s) dict_keys(['example_external_task_marker_child', 'example_external_task_marker_parent']) retrieved from /home/airflow/.local/lib/python3.8/site-packages/airflow/example_dags/example_external_task_marker_dag.py
[2023-12-19T10:21:21.190+0000] {logging_mixin.py:154} INFO - [2023-12-19T10:21:21.189+0000] {dag.py:2941} INFO - Sync 2 DAGs
[2023-12-19T10:21:21.221+0000] {logging_mixin.py:154} INFO - [2023-12-19T10:21:21.220+0000] {dag.py:3722} INFO - Setting next_dagrun for example_external_task_marker_child to None, run_after=None
[2023-12-19T10:21:21.227+0000] {logging_mixin.py:154} INFO - [2023-12-19T10:21:21.226+0000] {dag.py:3722} INFO - Setting next_dagrun for example_external_task_marker_parent to None, run_after=None
[2023-12-19T10:21:21.257+0000] {processor.py:179} INFO - Processing /home/airflow/.local/lib/python3.8/site-packages/airflow/example_dags/example_external_task_marker_dag.py took 0.138 seconds
[2023-12-19T10:21:51.613+0000] {processor.py:157} INFO - Started process (PID=32737) to work on /home/airflow/.local/lib/python3.8/site-packages/airflow/example_dags/example_external_task_marker_dag.py
[2023-12-19T10:21:51.617+0000] {processor.py:829} INFO - Processing file /home/airflow/.local/lib/python3.8/site-packages/airflow/example_dags/example_external_task_marker_dag.py for tasks to queue
[2023-12-19T10:21:51.620+0000] {logging_mixin.py:154} INFO - [2023-12-19T10:21:51.620+0000] {dagbag.py:536} INFO - Filling up the DagBag from /home/airflow/.local/lib/python3.8/site-packages/airflow/example_dags/example_external_task_marker_dag.py
[2023-12-19T10:21:51.632+0000] {processor.py:839} INFO - DAG(s) dict_keys(['example_external_task_marker_parent', 'example_external_task_marker_child']) retrieved from /home/airflow/.local/lib/python3.8/site-packages/airflow/example_dags/example_external_task_marker_dag.py
[2023-12-19T10:21:51.678+0000] {logging_mixin.py:154} INFO - [2023-12-19T10:21:51.678+0000] {dag.py:2941} INFO - Sync 2 DAGs
[2023-12-19T10:21:51.702+0000] {logging_mixin.py:154} INFO - [2023-12-19T10:21:51.701+0000] {dag.py:3722} INFO - Setting next_dagrun for example_external_task_marker_child to None, run_after=None
[2023-12-19T10:21:51.711+0000] {logging_mixin.py:154} INFO - [2023-12-19T10:21:51.710+0000] {dag.py:3722} INFO - Setting next_dagrun for example_external_task_marker_parent to None, run_after=None
[2023-12-19T10:21:51.740+0000] {processor.py:179} INFO - Processing /home/airflow/.local/lib/python3.8/site-packages/airflow/example_dags/example_external_task_marker_dag.py took 0.138 seconds
[2023-12-19T10:22:22.255+0000] {processor.py:157} INFO - Started process (PID=32792) to work on /home/airflow/.local/lib/python3.8/site-packages/airflow/example_dags/example_external_task_marker_dag.py
[2023-12-19T10:22:22.258+0000] {processor.py:829} INFO - Processing file /home/airflow/.local/lib/python3.8/site-packages/airflow/example_dags/example_external_task_marker_dag.py for tasks to queue
[2023-12-19T10:22:22.261+0000] {logging_mixin.py:154} INFO - [2023-12-19T10:22:22.260+0000] {dagbag.py:536} INFO - Filling up the DagBag from /home/airflow/.local/lib/python3.8/site-packages/airflow/example_dags/example_external_task_marker_dag.py
[2023-12-19T10:22:22.279+0000] {processor.py:839} INFO - DAG(s) dict_keys(['example_external_task_marker_parent', 'example_external_task_marker_child']) retrieved from /home/airflow/.local/lib/python3.8/site-packages/airflow/example_dags/example_external_task_marker_dag.py
[2023-12-19T10:22:22.333+0000] {logging_mixin.py:154} INFO - [2023-12-19T10:22:22.333+0000] {dag.py:2941} INFO - Sync 2 DAGs
[2023-12-19T10:22:22.363+0000] {logging_mixin.py:154} INFO - [2023-12-19T10:22:22.363+0000] {dag.py:3722} INFO - Setting next_dagrun for example_external_task_marker_child to None, run_after=None
[2023-12-19T10:22:22.373+0000] {logging_mixin.py:154} INFO - [2023-12-19T10:22:22.373+0000] {dag.py:3722} INFO - Setting next_dagrun for example_external_task_marker_parent to None, run_after=None
[2023-12-19T10:22:22.409+0000] {processor.py:179} INFO - Processing /home/airflow/.local/lib/python3.8/site-packages/airflow/example_dags/example_external_task_marker_dag.py took 0.163 seconds
[2023-12-19T10:22:52.460+0000] {processor.py:157} INFO - Started process (PID=32847) to work on /home/airflow/.local/lib/python3.8/site-packages/airflow/example_dags/example_external_task_marker_dag.py
[2023-12-19T10:22:52.463+0000] {processor.py:829} INFO - Processing file /home/airflow/.local/lib/python3.8/site-packages/airflow/example_dags/example_external_task_marker_dag.py for tasks to queue
[2023-12-19T10:22:52.466+0000] {logging_mixin.py:154} INFO - [2023-12-19T10:22:52.466+0000] {dagbag.py:536} INFO - Filling up the DagBag from /home/airflow/.local/lib/python3.8/site-packages/airflow/example_dags/example_external_task_marker_dag.py
[2023-12-19T10:22:52.479+0000] {processor.py:839} INFO - DAG(s) dict_keys(['example_external_task_marker_parent', 'example_external_task_marker_child']) retrieved from /home/airflow/.local/lib/python3.8/site-packages/airflow/example_dags/example_external_task_marker_dag.py
[2023-12-19T10:22:52.535+0000] {logging_mixin.py:154} INFO - [2023-12-19T10:22:52.535+0000] {dag.py:2941} INFO - Sync 2 DAGs
[2023-12-19T10:22:52.562+0000] {logging_mixin.py:154} INFO - [2023-12-19T10:22:52.561+0000] {dag.py:3722} INFO - Setting next_dagrun for example_external_task_marker_child to None, run_after=None
[2023-12-19T10:22:52.570+0000] {logging_mixin.py:154} INFO - [2023-12-19T10:22:52.570+0000] {dag.py:3722} INFO - Setting next_dagrun for example_external_task_marker_parent to None, run_after=None
[2023-12-19T10:22:52.608+0000] {processor.py:179} INFO - Processing /home/airflow/.local/lib/python3.8/site-packages/airflow/example_dags/example_external_task_marker_dag.py took 0.155 seconds
[2023-12-19T10:23:22.813+0000] {processor.py:157} INFO - Started process (PID=32902) to work on /home/airflow/.local/lib/python3.8/site-packages/airflow/example_dags/example_external_task_marker_dag.py
[2023-12-19T10:23:22.816+0000] {processor.py:829} INFO - Processing file /home/airflow/.local/lib/python3.8/site-packages/airflow/example_dags/example_external_task_marker_dag.py for tasks to queue
[2023-12-19T10:23:22.819+0000] {logging_mixin.py:154} INFO - [2023-12-19T10:23:22.819+0000] {dagbag.py:536} INFO - Filling up the DagBag from /home/airflow/.local/lib/python3.8/site-packages/airflow/example_dags/example_external_task_marker_dag.py
[2023-12-19T10:23:22.833+0000] {processor.py:839} INFO - DAG(s) dict_keys(['example_external_task_marker_child', 'example_external_task_marker_parent']) retrieved from /home/airflow/.local/lib/python3.8/site-packages/airflow/example_dags/example_external_task_marker_dag.py
[2023-12-19T10:23:22.886+0000] {logging_mixin.py:154} INFO - [2023-12-19T10:23:22.886+0000] {dag.py:2941} INFO - Sync 2 DAGs
[2023-12-19T10:23:22.914+0000] {logging_mixin.py:154} INFO - [2023-12-19T10:23:22.914+0000] {dag.py:3722} INFO - Setting next_dagrun for example_external_task_marker_child to None, run_after=None
[2023-12-19T10:23:22.921+0000] {logging_mixin.py:154} INFO - [2023-12-19T10:23:22.920+0000] {dag.py:3722} INFO - Setting next_dagrun for example_external_task_marker_parent to None, run_after=None
[2023-12-19T10:23:22.975+0000] {processor.py:179} INFO - Processing /home/airflow/.local/lib/python3.8/site-packages/airflow/example_dags/example_external_task_marker_dag.py took 0.170 seconds
