[2023-12-19T09:58:58.946+0000] {processor.py:157} INFO - Started process (PID=30269) to work on /home/airflow/.local/lib/python3.8/site-packages/airflow/example_dags/tutorial.py
[2023-12-19T09:58:58.950+0000] {processor.py:829} INFO - Processing file /home/airflow/.local/lib/python3.8/site-packages/airflow/example_dags/tutorial.py for tasks to queue
[2023-12-19T09:58:58.953+0000] {logging_mixin.py:154} INFO - [2023-12-19T09:58:58.952+0000] {dagbag.py:536} INFO - Filling up the DagBag from /home/airflow/.local/lib/python3.8/site-packages/airflow/example_dags/tutorial.py
[2023-12-19T09:58:59.001+0000] {processor.py:839} INFO - DAG(s) dict_keys(['tutorial']) retrieved from /home/airflow/.local/lib/python3.8/site-packages/airflow/example_dags/tutorial.py
[2023-12-19T09:58:59.139+0000] {logging_mixin.py:154} INFO - [2023-12-19T09:58:59.138+0000] {dag.py:2941} INFO - Sync 1 DAGs
[2023-12-19T09:58:59.295+0000] {logging_mixin.py:154} INFO - [2023-12-19T09:58:59.294+0000] {dag.py:3722} INFO - Setting next_dagrun for tutorial to 2023-12-18T09:58:59.292554+00:00, run_after=2023-12-19T09:58:59.292554+00:00
[2023-12-19T09:58:59.355+0000] {processor.py:179} INFO - Processing /home/airflow/.local/lib/python3.8/site-packages/airflow/example_dags/tutorial.py took 0.429 seconds
[2023-12-19T09:59:29.739+0000] {processor.py:157} INFO - Started process (PID=30324) to work on /home/airflow/.local/lib/python3.8/site-packages/airflow/example_dags/tutorial.py
[2023-12-19T09:59:29.741+0000] {processor.py:829} INFO - Processing file /home/airflow/.local/lib/python3.8/site-packages/airflow/example_dags/tutorial.py for tasks to queue
[2023-12-19T09:59:29.743+0000] {logging_mixin.py:154} INFO - [2023-12-19T09:59:29.743+0000] {dagbag.py:536} INFO - Filling up the DagBag from /home/airflow/.local/lib/python3.8/site-packages/airflow/example_dags/tutorial.py
[2023-12-19T09:59:29.757+0000] {processor.py:839} INFO - DAG(s) dict_keys(['tutorial']) retrieved from /home/airflow/.local/lib/python3.8/site-packages/airflow/example_dags/tutorial.py
[2023-12-19T09:59:29.797+0000] {logging_mixin.py:154} INFO - [2023-12-19T09:59:29.797+0000] {dag.py:2941} INFO - Sync 1 DAGs
[2023-12-19T09:59:29.839+0000] {logging_mixin.py:154} INFO - [2023-12-19T09:59:29.838+0000] {dag.py:3722} INFO - Setting next_dagrun for tutorial to 2023-12-18T09:59:29.838097+00:00, run_after=2023-12-19T09:59:29.838097+00:00
[2023-12-19T09:59:29.876+0000] {processor.py:179} INFO - Processing /home/airflow/.local/lib/python3.8/site-packages/airflow/example_dags/tutorial.py took 0.144 seconds
[2023-12-19T10:00:00.766+0000] {processor.py:157} INFO - Started process (PID=30379) to work on /home/airflow/.local/lib/python3.8/site-packages/airflow/example_dags/tutorial.py
[2023-12-19T10:00:00.770+0000] {processor.py:829} INFO - Processing file /home/airflow/.local/lib/python3.8/site-packages/airflow/example_dags/tutorial.py for tasks to queue
[2023-12-19T10:00:00.778+0000] {logging_mixin.py:154} INFO - [2023-12-19T10:00:00.776+0000] {dagbag.py:536} INFO - Filling up the DagBag from /home/airflow/.local/lib/python3.8/site-packages/airflow/example_dags/tutorial.py
[2023-12-19T10:00:00.811+0000] {processor.py:839} INFO - DAG(s) dict_keys(['tutorial']) retrieved from /home/airflow/.local/lib/python3.8/site-packages/airflow/example_dags/tutorial.py
[2023-12-19T10:00:00.874+0000] {logging_mixin.py:154} INFO - [2023-12-19T10:00:00.874+0000] {dag.py:2941} INFO - Sync 1 DAGs
[2023-12-19T10:00:00.935+0000] {logging_mixin.py:154} INFO - [2023-12-19T10:00:00.934+0000] {dag.py:3722} INFO - Setting next_dagrun for tutorial to 2023-12-18T10:00:00.934341+00:00, run_after=2023-12-19T10:00:00.934341+00:00
[2023-12-19T10:00:00.982+0000] {processor.py:179} INFO - Processing /home/airflow/.local/lib/python3.8/site-packages/airflow/example_dags/tutorial.py took 0.228 seconds
[2023-12-19T10:00:31.306+0000] {processor.py:157} INFO - Started process (PID=30434) to work on /home/airflow/.local/lib/python3.8/site-packages/airflow/example_dags/tutorial.py
[2023-12-19T10:00:31.308+0000] {processor.py:829} INFO - Processing file /home/airflow/.local/lib/python3.8/site-packages/airflow/example_dags/tutorial.py for tasks to queue
[2023-12-19T10:00:31.311+0000] {logging_mixin.py:154} INFO - [2023-12-19T10:00:31.310+0000] {dagbag.py:536} INFO - Filling up the DagBag from /home/airflow/.local/lib/python3.8/site-packages/airflow/example_dags/tutorial.py
[2023-12-19T10:00:31.326+0000] {processor.py:839} INFO - DAG(s) dict_keys(['tutorial']) retrieved from /home/airflow/.local/lib/python3.8/site-packages/airflow/example_dags/tutorial.py
[2023-12-19T10:00:31.364+0000] {logging_mixin.py:154} INFO - [2023-12-19T10:00:31.363+0000] {dag.py:2941} INFO - Sync 1 DAGs
[2023-12-19T10:00:31.403+0000] {logging_mixin.py:154} INFO - [2023-12-19T10:00:31.403+0000] {dag.py:3722} INFO - Setting next_dagrun for tutorial to 2023-12-18T10:00:31.402879+00:00, run_after=2023-12-19T10:00:31.402879+00:00
[2023-12-19T10:00:31.439+0000] {processor.py:179} INFO - Processing /home/airflow/.local/lib/python3.8/site-packages/airflow/example_dags/tutorial.py took 0.140 seconds
[2023-12-19T10:01:07.039+0000] {processor.py:157} INFO - Started process (PID=30489) to work on /home/airflow/.local/lib/python3.8/site-packages/airflow/example_dags/tutorial.py
[2023-12-19T10:01:07.047+0000] {processor.py:829} INFO - Processing file /home/airflow/.local/lib/python3.8/site-packages/airflow/example_dags/tutorial.py for tasks to queue
[2023-12-19T10:01:07.052+0000] {logging_mixin.py:154} INFO - [2023-12-19T10:01:07.051+0000] {dagbag.py:536} INFO - Filling up the DagBag from /home/airflow/.local/lib/python3.8/site-packages/airflow/example_dags/tutorial.py
[2023-12-19T10:01:07.135+0000] {processor.py:839} INFO - DAG(s) dict_keys(['tutorial']) retrieved from /home/airflow/.local/lib/python3.8/site-packages/airflow/example_dags/tutorial.py
[2023-12-19T10:01:07.240+0000] {logging_mixin.py:154} INFO - [2023-12-19T10:01:07.239+0000] {dag.py:2941} INFO - Sync 1 DAGs
[2023-12-19T10:01:07.325+0000] {logging_mixin.py:154} INFO - [2023-12-19T10:01:07.325+0000] {dag.py:3722} INFO - Setting next_dagrun for tutorial to 2023-12-18T10:01:07.324826+00:00, run_after=2023-12-19T10:01:07.324826+00:00
[2023-12-19T10:01:07.369+0000] {processor.py:179} INFO - Processing /home/airflow/.local/lib/python3.8/site-packages/airflow/example_dags/tutorial.py took 0.370 seconds
[2023-12-19T10:01:37.710+0000] {processor.py:157} INFO - Started process (PID=30544) to work on /home/airflow/.local/lib/python3.8/site-packages/airflow/example_dags/tutorial.py
[2023-12-19T10:01:37.712+0000] {processor.py:829} INFO - Processing file /home/airflow/.local/lib/python3.8/site-packages/airflow/example_dags/tutorial.py for tasks to queue
[2023-12-19T10:01:37.715+0000] {logging_mixin.py:154} INFO - [2023-12-19T10:01:37.714+0000] {dagbag.py:536} INFO - Filling up the DagBag from /home/airflow/.local/lib/python3.8/site-packages/airflow/example_dags/tutorial.py
[2023-12-19T10:01:37.729+0000] {processor.py:839} INFO - DAG(s) dict_keys(['tutorial']) retrieved from /home/airflow/.local/lib/python3.8/site-packages/airflow/example_dags/tutorial.py
[2023-12-19T10:01:37.773+0000] {logging_mixin.py:154} INFO - [2023-12-19T10:01:37.773+0000] {dag.py:2941} INFO - Sync 1 DAGs
[2023-12-19T10:01:37.829+0000] {logging_mixin.py:154} INFO - [2023-12-19T10:01:37.829+0000] {dag.py:3722} INFO - Setting next_dagrun for tutorial to 2023-12-18T10:01:37.829148+00:00, run_after=2023-12-19T10:01:37.829148+00:00
[2023-12-19T10:01:37.867+0000] {processor.py:179} INFO - Processing /home/airflow/.local/lib/python3.8/site-packages/airflow/example_dags/tutorial.py took 0.164 seconds
[2023-12-19T10:02:08.303+0000] {processor.py:157} INFO - Started process (PID=30599) to work on /home/airflow/.local/lib/python3.8/site-packages/airflow/example_dags/tutorial.py
[2023-12-19T10:02:08.306+0000] {processor.py:829} INFO - Processing file /home/airflow/.local/lib/python3.8/site-packages/airflow/example_dags/tutorial.py for tasks to queue
[2023-12-19T10:02:08.308+0000] {logging_mixin.py:154} INFO - [2023-12-19T10:02:08.307+0000] {dagbag.py:536} INFO - Filling up the DagBag from /home/airflow/.local/lib/python3.8/site-packages/airflow/example_dags/tutorial.py
[2023-12-19T10:02:08.323+0000] {processor.py:839} INFO - DAG(s) dict_keys(['tutorial']) retrieved from /home/airflow/.local/lib/python3.8/site-packages/airflow/example_dags/tutorial.py
[2023-12-19T10:02:08.362+0000] {logging_mixin.py:154} INFO - [2023-12-19T10:02:08.362+0000] {dag.py:2941} INFO - Sync 1 DAGs
[2023-12-19T10:02:08.400+0000] {logging_mixin.py:154} INFO - [2023-12-19T10:02:08.400+0000] {dag.py:3722} INFO - Setting next_dagrun for tutorial to 2023-12-18T10:02:08.399854+00:00, run_after=2023-12-19T10:02:08.399854+00:00
[2023-12-19T10:02:08.435+0000] {processor.py:179} INFO - Processing /home/airflow/.local/lib/python3.8/site-packages/airflow/example_dags/tutorial.py took 0.138 seconds
[2023-12-19T10:02:39.225+0000] {processor.py:157} INFO - Started process (PID=30655) to work on /home/airflow/.local/lib/python3.8/site-packages/airflow/example_dags/tutorial.py
[2023-12-19T10:02:39.227+0000] {processor.py:829} INFO - Processing file /home/airflow/.local/lib/python3.8/site-packages/airflow/example_dags/tutorial.py for tasks to queue
[2023-12-19T10:02:39.229+0000] {logging_mixin.py:154} INFO - [2023-12-19T10:02:39.229+0000] {dagbag.py:536} INFO - Filling up the DagBag from /home/airflow/.local/lib/python3.8/site-packages/airflow/example_dags/tutorial.py
[2023-12-19T10:02:39.244+0000] {processor.py:839} INFO - DAG(s) dict_keys(['tutorial']) retrieved from /home/airflow/.local/lib/python3.8/site-packages/airflow/example_dags/tutorial.py
[2023-12-19T10:02:39.284+0000] {logging_mixin.py:154} INFO - [2023-12-19T10:02:39.284+0000] {dag.py:2941} INFO - Sync 1 DAGs
[2023-12-19T10:02:39.321+0000] {logging_mixin.py:154} INFO - [2023-12-19T10:02:39.321+0000] {dag.py:3722} INFO - Setting next_dagrun for tutorial to 2023-12-18T10:02:39.321208+00:00, run_after=2023-12-19T10:02:39.321208+00:00
[2023-12-19T10:02:39.355+0000] {processor.py:179} INFO - Processing /home/airflow/.local/lib/python3.8/site-packages/airflow/example_dags/tutorial.py took 0.137 seconds
[2023-12-19T10:03:09.969+0000] {processor.py:157} INFO - Started process (PID=30709) to work on /home/airflow/.local/lib/python3.8/site-packages/airflow/example_dags/tutorial.py
[2023-12-19T10:03:09.972+0000] {processor.py:829} INFO - Processing file /home/airflow/.local/lib/python3.8/site-packages/airflow/example_dags/tutorial.py for tasks to queue
[2023-12-19T10:03:09.975+0000] {logging_mixin.py:154} INFO - [2023-12-19T10:03:09.974+0000] {dagbag.py:536} INFO - Filling up the DagBag from /home/airflow/.local/lib/python3.8/site-packages/airflow/example_dags/tutorial.py
[2023-12-19T10:03:09.992+0000] {processor.py:839} INFO - DAG(s) dict_keys(['tutorial']) retrieved from /home/airflow/.local/lib/python3.8/site-packages/airflow/example_dags/tutorial.py
[2023-12-19T10:03:10.034+0000] {logging_mixin.py:154} INFO - [2023-12-19T10:03:10.034+0000] {dag.py:2941} INFO - Sync 1 DAGs
[2023-12-19T10:03:10.079+0000] {logging_mixin.py:154} INFO - [2023-12-19T10:03:10.079+0000] {dag.py:3722} INFO - Setting next_dagrun for tutorial to 2023-12-18T10:03:10.079199+00:00, run_after=2023-12-19T10:03:10.079199+00:00
[2023-12-19T10:03:10.113+0000] {processor.py:179} INFO - Processing /home/airflow/.local/lib/python3.8/site-packages/airflow/example_dags/tutorial.py took 0.150 seconds
[2023-12-19T10:03:40.765+0000] {processor.py:157} INFO - Started process (PID=30764) to work on /home/airflow/.local/lib/python3.8/site-packages/airflow/example_dags/tutorial.py
[2023-12-19T10:03:40.768+0000] {processor.py:829} INFO - Processing file /home/airflow/.local/lib/python3.8/site-packages/airflow/example_dags/tutorial.py for tasks to queue
[2023-12-19T10:03:40.770+0000] {logging_mixin.py:154} INFO - [2023-12-19T10:03:40.770+0000] {dagbag.py:536} INFO - Filling up the DagBag from /home/airflow/.local/lib/python3.8/site-packages/airflow/example_dags/tutorial.py
[2023-12-19T10:03:40.786+0000] {processor.py:839} INFO - DAG(s) dict_keys(['tutorial']) retrieved from /home/airflow/.local/lib/python3.8/site-packages/airflow/example_dags/tutorial.py
[2023-12-19T10:03:40.828+0000] {logging_mixin.py:154} INFO - [2023-12-19T10:03:40.828+0000] {dag.py:2941} INFO - Sync 1 DAGs
[2023-12-19T10:03:40.869+0000] {logging_mixin.py:154} INFO - [2023-12-19T10:03:40.869+0000] {dag.py:3722} INFO - Setting next_dagrun for tutorial to 2023-12-18T10:03:40.868696+00:00, run_after=2023-12-19T10:03:40.868696+00:00
[2023-12-19T10:03:40.905+0000] {processor.py:179} INFO - Processing /home/airflow/.local/lib/python3.8/site-packages/airflow/example_dags/tutorial.py took 0.147 seconds
[2023-12-19T10:04:12.172+0000] {processor.py:157} INFO - Started process (PID=30819) to work on /home/airflow/.local/lib/python3.8/site-packages/airflow/example_dags/tutorial.py
[2023-12-19T10:04:12.178+0000] {processor.py:829} INFO - Processing file /home/airflow/.local/lib/python3.8/site-packages/airflow/example_dags/tutorial.py for tasks to queue
[2023-12-19T10:04:12.180+0000] {logging_mixin.py:154} INFO - [2023-12-19T10:04:12.179+0000] {dagbag.py:536} INFO - Filling up the DagBag from /home/airflow/.local/lib/python3.8/site-packages/airflow/example_dags/tutorial.py
[2023-12-19T10:04:12.199+0000] {processor.py:839} INFO - DAG(s) dict_keys(['tutorial']) retrieved from /home/airflow/.local/lib/python3.8/site-packages/airflow/example_dags/tutorial.py
[2023-12-19T10:04:12.253+0000] {logging_mixin.py:154} INFO - [2023-12-19T10:04:12.252+0000] {dag.py:2941} INFO - Sync 1 DAGs
[2023-12-19T10:04:12.330+0000] {logging_mixin.py:154} INFO - [2023-12-19T10:04:12.328+0000] {dag.py:3722} INFO - Setting next_dagrun for tutorial to 2023-12-18T10:04:12.325988+00:00, run_after=2023-12-19T10:04:12.325988+00:00
[2023-12-19T10:04:12.396+0000] {processor.py:179} INFO - Processing /home/airflow/.local/lib/python3.8/site-packages/airflow/example_dags/tutorial.py took 0.234 seconds
[2023-12-19T10:04:42.886+0000] {processor.py:157} INFO - Started process (PID=30875) to work on /home/airflow/.local/lib/python3.8/site-packages/airflow/example_dags/tutorial.py
[2023-12-19T10:04:42.888+0000] {processor.py:829} INFO - Processing file /home/airflow/.local/lib/python3.8/site-packages/airflow/example_dags/tutorial.py for tasks to queue
[2023-12-19T10:04:42.890+0000] {logging_mixin.py:154} INFO - [2023-12-19T10:04:42.890+0000] {dagbag.py:536} INFO - Filling up the DagBag from /home/airflow/.local/lib/python3.8/site-packages/airflow/example_dags/tutorial.py
[2023-12-19T10:04:42.905+0000] {processor.py:839} INFO - DAG(s) dict_keys(['tutorial']) retrieved from /home/airflow/.local/lib/python3.8/site-packages/airflow/example_dags/tutorial.py
[2023-12-19T10:04:42.942+0000] {logging_mixin.py:154} INFO - [2023-12-19T10:04:42.941+0000] {dag.py:2941} INFO - Sync 1 DAGs
[2023-12-19T10:04:42.977+0000] {logging_mixin.py:154} INFO - [2023-12-19T10:04:42.977+0000] {dag.py:3722} INFO - Setting next_dagrun for tutorial to 2023-12-18T10:04:42.976882+00:00, run_after=2023-12-19T10:04:42.976882+00:00
[2023-12-19T10:04:43.032+0000] {processor.py:179} INFO - Processing /home/airflow/.local/lib/python3.8/site-packages/airflow/example_dags/tutorial.py took 0.152 seconds
[2023-12-19T10:05:13.411+0000] {processor.py:157} INFO - Started process (PID=30930) to work on /home/airflow/.local/lib/python3.8/site-packages/airflow/example_dags/tutorial.py
[2023-12-19T10:05:13.413+0000] {processor.py:829} INFO - Processing file /home/airflow/.local/lib/python3.8/site-packages/airflow/example_dags/tutorial.py for tasks to queue
[2023-12-19T10:05:13.415+0000] {logging_mixin.py:154} INFO - [2023-12-19T10:05:13.415+0000] {dagbag.py:536} INFO - Filling up the DagBag from /home/airflow/.local/lib/python3.8/site-packages/airflow/example_dags/tutorial.py
[2023-12-19T10:05:13.431+0000] {processor.py:839} INFO - DAG(s) dict_keys(['tutorial']) retrieved from /home/airflow/.local/lib/python3.8/site-packages/airflow/example_dags/tutorial.py
[2023-12-19T10:05:13.468+0000] {logging_mixin.py:154} INFO - [2023-12-19T10:05:13.468+0000] {dag.py:2941} INFO - Sync 1 DAGs
[2023-12-19T10:05:13.504+0000] {logging_mixin.py:154} INFO - [2023-12-19T10:05:13.504+0000] {dag.py:3722} INFO - Setting next_dagrun for tutorial to 2023-12-18T10:05:13.504219+00:00, run_after=2023-12-19T10:05:13.504219+00:00
[2023-12-19T10:05:13.543+0000] {processor.py:179} INFO - Processing /home/airflow/.local/lib/python3.8/site-packages/airflow/example_dags/tutorial.py took 0.138 seconds
[2023-12-19T10:05:44.472+0000] {processor.py:157} INFO - Started process (PID=30985) to work on /home/airflow/.local/lib/python3.8/site-packages/airflow/example_dags/tutorial.py
[2023-12-19T10:05:44.474+0000] {processor.py:829} INFO - Processing file /home/airflow/.local/lib/python3.8/site-packages/airflow/example_dags/tutorial.py for tasks to queue
[2023-12-19T10:05:44.476+0000] {logging_mixin.py:154} INFO - [2023-12-19T10:05:44.476+0000] {dagbag.py:536} INFO - Filling up the DagBag from /home/airflow/.local/lib/python3.8/site-packages/airflow/example_dags/tutorial.py
[2023-12-19T10:05:44.490+0000] {processor.py:839} INFO - DAG(s) dict_keys(['tutorial']) retrieved from /home/airflow/.local/lib/python3.8/site-packages/airflow/example_dags/tutorial.py
[2023-12-19T10:05:44.526+0000] {logging_mixin.py:154} INFO - [2023-12-19T10:05:44.526+0000] {dag.py:2941} INFO - Sync 1 DAGs
[2023-12-19T10:05:44.565+0000] {logging_mixin.py:154} INFO - [2023-12-19T10:05:44.565+0000] {dag.py:3722} INFO - Setting next_dagrun for tutorial to 2023-12-18T10:05:44.564914+00:00, run_after=2023-12-19T10:05:44.564914+00:00
[2023-12-19T10:05:44.598+0000] {processor.py:179} INFO - Processing /home/airflow/.local/lib/python3.8/site-packages/airflow/example_dags/tutorial.py took 0.133 seconds
[2023-12-19T10:06:14.827+0000] {processor.py:157} INFO - Started process (PID=31040) to work on /home/airflow/.local/lib/python3.8/site-packages/airflow/example_dags/tutorial.py
[2023-12-19T10:06:14.830+0000] {processor.py:829} INFO - Processing file /home/airflow/.local/lib/python3.8/site-packages/airflow/example_dags/tutorial.py for tasks to queue
[2023-12-19T10:06:14.832+0000] {logging_mixin.py:154} INFO - [2023-12-19T10:06:14.831+0000] {dagbag.py:536} INFO - Filling up the DagBag from /home/airflow/.local/lib/python3.8/site-packages/airflow/example_dags/tutorial.py
[2023-12-19T10:06:14.847+0000] {processor.py:839} INFO - DAG(s) dict_keys(['tutorial']) retrieved from /home/airflow/.local/lib/python3.8/site-packages/airflow/example_dags/tutorial.py
[2023-12-19T10:06:14.896+0000] {logging_mixin.py:154} INFO - [2023-12-19T10:06:14.896+0000] {dag.py:2941} INFO - Sync 1 DAGs
[2023-12-19T10:06:14.939+0000] {logging_mixin.py:154} INFO - [2023-12-19T10:06:14.939+0000] {dag.py:3722} INFO - Setting next_dagrun for tutorial to 2023-12-18T10:06:14.938608+00:00, run_after=2023-12-19T10:06:14.938608+00:00
[2023-12-19T10:06:14.971+0000] {processor.py:179} INFO - Processing /home/airflow/.local/lib/python3.8/site-packages/airflow/example_dags/tutorial.py took 0.151 seconds
[2023-12-19T10:06:45.427+0000] {processor.py:157} INFO - Started process (PID=31095) to work on /home/airflow/.local/lib/python3.8/site-packages/airflow/example_dags/tutorial.py
[2023-12-19T10:06:45.430+0000] {processor.py:829} INFO - Processing file /home/airflow/.local/lib/python3.8/site-packages/airflow/example_dags/tutorial.py for tasks to queue
[2023-12-19T10:06:45.432+0000] {logging_mixin.py:154} INFO - [2023-12-19T10:06:45.432+0000] {dagbag.py:536} INFO - Filling up the DagBag from /home/airflow/.local/lib/python3.8/site-packages/airflow/example_dags/tutorial.py
[2023-12-19T10:06:45.447+0000] {processor.py:839} INFO - DAG(s) dict_keys(['tutorial']) retrieved from /home/airflow/.local/lib/python3.8/site-packages/airflow/example_dags/tutorial.py
[2023-12-19T10:06:45.484+0000] {logging_mixin.py:154} INFO - [2023-12-19T10:06:45.484+0000] {dag.py:2941} INFO - Sync 1 DAGs
[2023-12-19T10:06:45.520+0000] {logging_mixin.py:154} INFO - [2023-12-19T10:06:45.520+0000] {dag.py:3722} INFO - Setting next_dagrun for tutorial to 2023-12-18T10:06:45.520120+00:00, run_after=2023-12-19T10:06:45.520120+00:00
[2023-12-19T10:06:45.560+0000] {processor.py:179} INFO - Processing /home/airflow/.local/lib/python3.8/site-packages/airflow/example_dags/tutorial.py took 0.139 seconds
[2023-12-19T10:07:15.630+0000] {processor.py:157} INFO - Started process (PID=31150) to work on /home/airflow/.local/lib/python3.8/site-packages/airflow/example_dags/tutorial.py
[2023-12-19T10:07:15.633+0000] {processor.py:829} INFO - Processing file /home/airflow/.local/lib/python3.8/site-packages/airflow/example_dags/tutorial.py for tasks to queue
[2023-12-19T10:07:15.635+0000] {logging_mixin.py:154} INFO - [2023-12-19T10:07:15.635+0000] {dagbag.py:536} INFO - Filling up the DagBag from /home/airflow/.local/lib/python3.8/site-packages/airflow/example_dags/tutorial.py
[2023-12-19T10:07:15.649+0000] {processor.py:839} INFO - DAG(s) dict_keys(['tutorial']) retrieved from /home/airflow/.local/lib/python3.8/site-packages/airflow/example_dags/tutorial.py
[2023-12-19T10:07:15.688+0000] {logging_mixin.py:154} INFO - [2023-12-19T10:07:15.687+0000] {dag.py:2941} INFO - Sync 1 DAGs
[2023-12-19T10:07:15.731+0000] {logging_mixin.py:154} INFO - [2023-12-19T10:07:15.730+0000] {dag.py:3722} INFO - Setting next_dagrun for tutorial to 2023-12-18T10:07:15.730377+00:00, run_after=2023-12-19T10:07:15.730377+00:00
[2023-12-19T10:07:15.772+0000] {processor.py:179} INFO - Processing /home/airflow/.local/lib/python3.8/site-packages/airflow/example_dags/tutorial.py took 0.148 seconds
[2023-12-19T10:07:46.284+0000] {processor.py:157} INFO - Started process (PID=31205) to work on /home/airflow/.local/lib/python3.8/site-packages/airflow/example_dags/tutorial.py
[2023-12-19T10:07:46.287+0000] {processor.py:829} INFO - Processing file /home/airflow/.local/lib/python3.8/site-packages/airflow/example_dags/tutorial.py for tasks to queue
[2023-12-19T10:07:46.290+0000] {logging_mixin.py:154} INFO - [2023-12-19T10:07:46.289+0000] {dagbag.py:536} INFO - Filling up the DagBag from /home/airflow/.local/lib/python3.8/site-packages/airflow/example_dags/tutorial.py
[2023-12-19T10:07:46.304+0000] {processor.py:839} INFO - DAG(s) dict_keys(['tutorial']) retrieved from /home/airflow/.local/lib/python3.8/site-packages/airflow/example_dags/tutorial.py
[2023-12-19T10:07:46.343+0000] {logging_mixin.py:154} INFO - [2023-12-19T10:07:46.343+0000] {dag.py:2941} INFO - Sync 1 DAGs
[2023-12-19T10:07:46.386+0000] {logging_mixin.py:154} INFO - [2023-12-19T10:07:46.385+0000] {dag.py:3722} INFO - Setting next_dagrun for tutorial to 2023-12-18T10:07:46.385600+00:00, run_after=2023-12-19T10:07:46.385600+00:00
[2023-12-19T10:07:46.420+0000] {processor.py:179} INFO - Processing /home/airflow/.local/lib/python3.8/site-packages/airflow/example_dags/tutorial.py took 0.144 seconds
[2023-12-19T10:08:17.029+0000] {processor.py:157} INFO - Started process (PID=31260) to work on /home/airflow/.local/lib/python3.8/site-packages/airflow/example_dags/tutorial.py
[2023-12-19T10:08:17.032+0000] {processor.py:829} INFO - Processing file /home/airflow/.local/lib/python3.8/site-packages/airflow/example_dags/tutorial.py for tasks to queue
[2023-12-19T10:08:17.034+0000] {logging_mixin.py:154} INFO - [2023-12-19T10:08:17.033+0000] {dagbag.py:536} INFO - Filling up the DagBag from /home/airflow/.local/lib/python3.8/site-packages/airflow/example_dags/tutorial.py
[2023-12-19T10:08:17.049+0000] {processor.py:839} INFO - DAG(s) dict_keys(['tutorial']) retrieved from /home/airflow/.local/lib/python3.8/site-packages/airflow/example_dags/tutorial.py
[2023-12-19T10:08:17.106+0000] {logging_mixin.py:154} INFO - [2023-12-19T10:08:17.105+0000] {dag.py:2941} INFO - Sync 1 DAGs
[2023-12-19T10:08:17.146+0000] {logging_mixin.py:154} INFO - [2023-12-19T10:08:17.146+0000] {dag.py:3722} INFO - Setting next_dagrun for tutorial to 2023-12-18T10:08:17.145789+00:00, run_after=2023-12-19T10:08:17.145789+00:00
[2023-12-19T10:08:17.186+0000] {processor.py:179} INFO - Processing /home/airflow/.local/lib/python3.8/site-packages/airflow/example_dags/tutorial.py took 0.163 seconds
[2023-12-19T10:08:48.208+0000] {processor.py:157} INFO - Started process (PID=31315) to work on /home/airflow/.local/lib/python3.8/site-packages/airflow/example_dags/tutorial.py
[2023-12-19T10:08:48.211+0000] {processor.py:829} INFO - Processing file /home/airflow/.local/lib/python3.8/site-packages/airflow/example_dags/tutorial.py for tasks to queue
[2023-12-19T10:08:48.214+0000] {logging_mixin.py:154} INFO - [2023-12-19T10:08:48.213+0000] {dagbag.py:536} INFO - Filling up the DagBag from /home/airflow/.local/lib/python3.8/site-packages/airflow/example_dags/tutorial.py
[2023-12-19T10:08:48.228+0000] {processor.py:839} INFO - DAG(s) dict_keys(['tutorial']) retrieved from /home/airflow/.local/lib/python3.8/site-packages/airflow/example_dags/tutorial.py
[2023-12-19T10:08:48.264+0000] {logging_mixin.py:154} INFO - [2023-12-19T10:08:48.264+0000] {dag.py:2941} INFO - Sync 1 DAGs
[2023-12-19T10:08:48.304+0000] {logging_mixin.py:154} INFO - [2023-12-19T10:08:48.304+0000] {dag.py:3722} INFO - Setting next_dagrun for tutorial to 2023-12-18T10:08:48.303811+00:00, run_after=2023-12-19T10:08:48.303811+00:00
[2023-12-19T10:08:48.346+0000] {processor.py:179} INFO - Processing /home/airflow/.local/lib/python3.8/site-packages/airflow/example_dags/tutorial.py took 0.144 seconds
[2023-12-19T10:09:19.046+0000] {processor.py:157} INFO - Started process (PID=31370) to work on /home/airflow/.local/lib/python3.8/site-packages/airflow/example_dags/tutorial.py
[2023-12-19T10:09:19.049+0000] {processor.py:829} INFO - Processing file /home/airflow/.local/lib/python3.8/site-packages/airflow/example_dags/tutorial.py for tasks to queue
[2023-12-19T10:09:19.053+0000] {logging_mixin.py:154} INFO - [2023-12-19T10:09:19.052+0000] {dagbag.py:536} INFO - Filling up the DagBag from /home/airflow/.local/lib/python3.8/site-packages/airflow/example_dags/tutorial.py
[2023-12-19T10:09:19.067+0000] {processor.py:839} INFO - DAG(s) dict_keys(['tutorial']) retrieved from /home/airflow/.local/lib/python3.8/site-packages/airflow/example_dags/tutorial.py
[2023-12-19T10:09:19.121+0000] {logging_mixin.py:154} INFO - [2023-12-19T10:09:19.120+0000] {dag.py:2941} INFO - Sync 1 DAGs
[2023-12-19T10:09:19.203+0000] {logging_mixin.py:154} INFO - [2023-12-19T10:09:19.203+0000] {dag.py:3722} INFO - Setting next_dagrun for tutorial to 2023-12-18T10:09:19.202403+00:00, run_after=2023-12-19T10:09:19.202403+00:00
[2023-12-19T10:09:19.267+0000] {processor.py:179} INFO - Processing /home/airflow/.local/lib/python3.8/site-packages/airflow/example_dags/tutorial.py took 0.227 seconds
[2023-12-19T10:09:49.604+0000] {processor.py:157} INFO - Started process (PID=31425) to work on /home/airflow/.local/lib/python3.8/site-packages/airflow/example_dags/tutorial.py
[2023-12-19T10:09:49.606+0000] {processor.py:829} INFO - Processing file /home/airflow/.local/lib/python3.8/site-packages/airflow/example_dags/tutorial.py for tasks to queue
[2023-12-19T10:09:49.608+0000] {logging_mixin.py:154} INFO - [2023-12-19T10:09:49.607+0000] {dagbag.py:536} INFO - Filling up the DagBag from /home/airflow/.local/lib/python3.8/site-packages/airflow/example_dags/tutorial.py
[2023-12-19T10:09:49.621+0000] {processor.py:839} INFO - DAG(s) dict_keys(['tutorial']) retrieved from /home/airflow/.local/lib/python3.8/site-packages/airflow/example_dags/tutorial.py
[2023-12-19T10:09:49.666+0000] {logging_mixin.py:154} INFO - [2023-12-19T10:09:49.666+0000] {dag.py:2941} INFO - Sync 1 DAGs
[2023-12-19T10:09:49.735+0000] {logging_mixin.py:154} INFO - [2023-12-19T10:09:49.735+0000] {dag.py:3722} INFO - Setting next_dagrun for tutorial to 2023-12-18T10:09:49.734556+00:00, run_after=2023-12-19T10:09:49.734556+00:00
[2023-12-19T10:09:49.778+0000] {processor.py:179} INFO - Processing /home/airflow/.local/lib/python3.8/site-packages/airflow/example_dags/tutorial.py took 0.181 seconds
[2023-12-19T10:10:20.268+0000] {processor.py:157} INFO - Started process (PID=31481) to work on /home/airflow/.local/lib/python3.8/site-packages/airflow/example_dags/tutorial.py
[2023-12-19T10:10:20.271+0000] {processor.py:829} INFO - Processing file /home/airflow/.local/lib/python3.8/site-packages/airflow/example_dags/tutorial.py for tasks to queue
[2023-12-19T10:10:20.274+0000] {logging_mixin.py:154} INFO - [2023-12-19T10:10:20.273+0000] {dagbag.py:536} INFO - Filling up the DagBag from /home/airflow/.local/lib/python3.8/site-packages/airflow/example_dags/tutorial.py
[2023-12-19T10:10:20.292+0000] {processor.py:839} INFO - DAG(s) dict_keys(['tutorial']) retrieved from /home/airflow/.local/lib/python3.8/site-packages/airflow/example_dags/tutorial.py
[2023-12-19T10:10:20.336+0000] {logging_mixin.py:154} INFO - [2023-12-19T10:10:20.336+0000] {dag.py:2941} INFO - Sync 1 DAGs
[2023-12-19T10:10:20.374+0000] {logging_mixin.py:154} INFO - [2023-12-19T10:10:20.374+0000] {dag.py:3722} INFO - Setting next_dagrun for tutorial to 2023-12-18T10:10:20.373659+00:00, run_after=2023-12-19T10:10:20.373659+00:00
[2023-12-19T10:10:20.405+0000] {processor.py:179} INFO - Processing /home/airflow/.local/lib/python3.8/site-packages/airflow/example_dags/tutorial.py took 0.148 seconds
[2023-12-19T10:10:50.938+0000] {processor.py:157} INFO - Started process (PID=31536) to work on /home/airflow/.local/lib/python3.8/site-packages/airflow/example_dags/tutorial.py
[2023-12-19T10:10:50.942+0000] {processor.py:829} INFO - Processing file /home/airflow/.local/lib/python3.8/site-packages/airflow/example_dags/tutorial.py for tasks to queue
[2023-12-19T10:10:50.944+0000] {logging_mixin.py:154} INFO - [2023-12-19T10:10:50.944+0000] {dagbag.py:536} INFO - Filling up the DagBag from /home/airflow/.local/lib/python3.8/site-packages/airflow/example_dags/tutorial.py
[2023-12-19T10:10:50.959+0000] {processor.py:839} INFO - DAG(s) dict_keys(['tutorial']) retrieved from /home/airflow/.local/lib/python3.8/site-packages/airflow/example_dags/tutorial.py
[2023-12-19T10:10:51.007+0000] {logging_mixin.py:154} INFO - [2023-12-19T10:10:51.007+0000] {dag.py:2941} INFO - Sync 1 DAGs
[2023-12-19T10:10:51.050+0000] {logging_mixin.py:154} INFO - [2023-12-19T10:10:51.050+0000] {dag.py:3722} INFO - Setting next_dagrun for tutorial to 2023-12-18T10:10:51.050018+00:00, run_after=2023-12-19T10:10:51.050018+00:00
[2023-12-19T10:10:51.092+0000] {processor.py:179} INFO - Processing /home/airflow/.local/lib/python3.8/site-packages/airflow/example_dags/tutorial.py took 0.161 seconds
[2023-12-19T10:11:21.727+0000] {processor.py:157} INFO - Started process (PID=31591) to work on /home/airflow/.local/lib/python3.8/site-packages/airflow/example_dags/tutorial.py
[2023-12-19T10:11:21.729+0000] {processor.py:829} INFO - Processing file /home/airflow/.local/lib/python3.8/site-packages/airflow/example_dags/tutorial.py for tasks to queue
[2023-12-19T10:11:21.732+0000] {logging_mixin.py:154} INFO - [2023-12-19T10:11:21.731+0000] {dagbag.py:536} INFO - Filling up the DagBag from /home/airflow/.local/lib/python3.8/site-packages/airflow/example_dags/tutorial.py
[2023-12-19T10:11:21.747+0000] {processor.py:839} INFO - DAG(s) dict_keys(['tutorial']) retrieved from /home/airflow/.local/lib/python3.8/site-packages/airflow/example_dags/tutorial.py
[2023-12-19T10:11:21.786+0000] {logging_mixin.py:154} INFO - [2023-12-19T10:11:21.785+0000] {dag.py:2941} INFO - Sync 1 DAGs
[2023-12-19T10:11:21.822+0000] {logging_mixin.py:154} INFO - [2023-12-19T10:11:21.822+0000] {dag.py:3722} INFO - Setting next_dagrun for tutorial to 2023-12-18T10:11:21.822137+00:00, run_after=2023-12-19T10:11:21.822137+00:00
[2023-12-19T10:11:21.860+0000] {processor.py:179} INFO - Processing /home/airflow/.local/lib/python3.8/site-packages/airflow/example_dags/tutorial.py took 0.141 seconds
[2023-12-19T10:11:53.013+0000] {processor.py:157} INFO - Started process (PID=31646) to work on /home/airflow/.local/lib/python3.8/site-packages/airflow/example_dags/tutorial.py
[2023-12-19T10:11:53.017+0000] {processor.py:829} INFO - Processing file /home/airflow/.local/lib/python3.8/site-packages/airflow/example_dags/tutorial.py for tasks to queue
[2023-12-19T10:11:53.021+0000] {logging_mixin.py:154} INFO - [2023-12-19T10:11:53.020+0000] {dagbag.py:536} INFO - Filling up the DagBag from /home/airflow/.local/lib/python3.8/site-packages/airflow/example_dags/tutorial.py
[2023-12-19T10:11:53.039+0000] {processor.py:839} INFO - DAG(s) dict_keys(['tutorial']) retrieved from /home/airflow/.local/lib/python3.8/site-packages/airflow/example_dags/tutorial.py
[2023-12-19T10:11:53.101+0000] {logging_mixin.py:154} INFO - [2023-12-19T10:11:53.101+0000] {dag.py:2941} INFO - Sync 1 DAGs
[2023-12-19T10:11:53.139+0000] {logging_mixin.py:154} INFO - [2023-12-19T10:11:53.139+0000] {dag.py:3722} INFO - Setting next_dagrun for tutorial to 2023-12-18T10:11:53.138637+00:00, run_after=2023-12-19T10:11:53.138637+00:00
[2023-12-19T10:11:53.176+0000] {processor.py:179} INFO - Processing /home/airflow/.local/lib/python3.8/site-packages/airflow/example_dags/tutorial.py took 0.173 seconds
[2023-12-19T10:12:23.859+0000] {processor.py:157} INFO - Started process (PID=31701) to work on /home/airflow/.local/lib/python3.8/site-packages/airflow/example_dags/tutorial.py
[2023-12-19T10:12:23.861+0000] {processor.py:829} INFO - Processing file /home/airflow/.local/lib/python3.8/site-packages/airflow/example_dags/tutorial.py for tasks to queue
[2023-12-19T10:12:23.863+0000] {logging_mixin.py:154} INFO - [2023-12-19T10:12:23.863+0000] {dagbag.py:536} INFO - Filling up the DagBag from /home/airflow/.local/lib/python3.8/site-packages/airflow/example_dags/tutorial.py
[2023-12-19T10:12:23.877+0000] {processor.py:839} INFO - DAG(s) dict_keys(['tutorial']) retrieved from /home/airflow/.local/lib/python3.8/site-packages/airflow/example_dags/tutorial.py
[2023-12-19T10:12:23.921+0000] {logging_mixin.py:154} INFO - [2023-12-19T10:12:23.921+0000] {dag.py:2941} INFO - Sync 1 DAGs
[2023-12-19T10:12:23.956+0000] {logging_mixin.py:154} INFO - [2023-12-19T10:12:23.955+0000] {dag.py:3722} INFO - Setting next_dagrun for tutorial to 2023-12-18T10:12:23.955385+00:00, run_after=2023-12-19T10:12:23.955385+00:00
[2023-12-19T10:12:23.989+0000] {processor.py:179} INFO - Processing /home/airflow/.local/lib/python3.8/site-packages/airflow/example_dags/tutorial.py took 0.136 seconds
[2023-12-19T10:12:54.085+0000] {processor.py:157} INFO - Started process (PID=31756) to work on /home/airflow/.local/lib/python3.8/site-packages/airflow/example_dags/tutorial.py
[2023-12-19T10:12:54.087+0000] {processor.py:829} INFO - Processing file /home/airflow/.local/lib/python3.8/site-packages/airflow/example_dags/tutorial.py for tasks to queue
[2023-12-19T10:12:54.090+0000] {logging_mixin.py:154} INFO - [2023-12-19T10:12:54.089+0000] {dagbag.py:536} INFO - Filling up the DagBag from /home/airflow/.local/lib/python3.8/site-packages/airflow/example_dags/tutorial.py
[2023-12-19T10:12:54.104+0000] {processor.py:839} INFO - DAG(s) dict_keys(['tutorial']) retrieved from /home/airflow/.local/lib/python3.8/site-packages/airflow/example_dags/tutorial.py
[2023-12-19T10:12:54.141+0000] {logging_mixin.py:154} INFO - [2023-12-19T10:12:54.141+0000] {dag.py:2941} INFO - Sync 1 DAGs
[2023-12-19T10:12:54.179+0000] {logging_mixin.py:154} INFO - [2023-12-19T10:12:54.179+0000] {dag.py:3722} INFO - Setting next_dagrun for tutorial to 2023-12-18T10:12:54.178834+00:00, run_after=2023-12-19T10:12:54.178834+00:00
[2023-12-19T10:12:54.216+0000] {processor.py:179} INFO - Processing /home/airflow/.local/lib/python3.8/site-packages/airflow/example_dags/tutorial.py took 0.138 seconds
[2023-12-19T10:13:24.432+0000] {processor.py:157} INFO - Started process (PID=31810) to work on /home/airflow/.local/lib/python3.8/site-packages/airflow/example_dags/tutorial.py
[2023-12-19T10:13:24.434+0000] {processor.py:829} INFO - Processing file /home/airflow/.local/lib/python3.8/site-packages/airflow/example_dags/tutorial.py for tasks to queue
[2023-12-19T10:13:24.436+0000] {logging_mixin.py:154} INFO - [2023-12-19T10:13:24.436+0000] {dagbag.py:536} INFO - Filling up the DagBag from /home/airflow/.local/lib/python3.8/site-packages/airflow/example_dags/tutorial.py
[2023-12-19T10:13:24.452+0000] {processor.py:839} INFO - DAG(s) dict_keys(['tutorial']) retrieved from /home/airflow/.local/lib/python3.8/site-packages/airflow/example_dags/tutorial.py
[2023-12-19T10:13:24.489+0000] {logging_mixin.py:154} INFO - [2023-12-19T10:13:24.489+0000] {dag.py:2941} INFO - Sync 1 DAGs
[2023-12-19T10:13:24.528+0000] {logging_mixin.py:154} INFO - [2023-12-19T10:13:24.528+0000] {dag.py:3722} INFO - Setting next_dagrun for tutorial to 2023-12-18T10:13:24.527574+00:00, run_after=2023-12-19T10:13:24.527574+00:00
[2023-12-19T10:13:24.564+0000] {processor.py:179} INFO - Processing /home/airflow/.local/lib/python3.8/site-packages/airflow/example_dags/tutorial.py took 0.138 seconds
[2023-12-19T10:13:55.456+0000] {processor.py:157} INFO - Started process (PID=31867) to work on /home/airflow/.local/lib/python3.8/site-packages/airflow/example_dags/tutorial.py
[2023-12-19T10:13:55.458+0000] {processor.py:829} INFO - Processing file /home/airflow/.local/lib/python3.8/site-packages/airflow/example_dags/tutorial.py for tasks to queue
[2023-12-19T10:13:55.460+0000] {logging_mixin.py:154} INFO - [2023-12-19T10:13:55.460+0000] {dagbag.py:536} INFO - Filling up the DagBag from /home/airflow/.local/lib/python3.8/site-packages/airflow/example_dags/tutorial.py
[2023-12-19T10:13:55.473+0000] {processor.py:839} INFO - DAG(s) dict_keys(['tutorial']) retrieved from /home/airflow/.local/lib/python3.8/site-packages/airflow/example_dags/tutorial.py
[2023-12-19T10:13:55.510+0000] {logging_mixin.py:154} INFO - [2023-12-19T10:13:55.509+0000] {dag.py:2941} INFO - Sync 1 DAGs
[2023-12-19T10:13:55.547+0000] {logging_mixin.py:154} INFO - [2023-12-19T10:13:55.547+0000] {dag.py:3722} INFO - Setting next_dagrun for tutorial to 2023-12-18T10:13:55.547005+00:00, run_after=2023-12-19T10:13:55.547005+00:00
[2023-12-19T10:13:55.580+0000] {processor.py:179} INFO - Processing /home/airflow/.local/lib/python3.8/site-packages/airflow/example_dags/tutorial.py took 0.130 seconds
[2023-12-19T10:14:25.795+0000] {processor.py:157} INFO - Started process (PID=31922) to work on /home/airflow/.local/lib/python3.8/site-packages/airflow/example_dags/tutorial.py
[2023-12-19T10:14:25.799+0000] {processor.py:829} INFO - Processing file /home/airflow/.local/lib/python3.8/site-packages/airflow/example_dags/tutorial.py for tasks to queue
[2023-12-19T10:14:25.802+0000] {logging_mixin.py:154} INFO - [2023-12-19T10:14:25.801+0000] {dagbag.py:536} INFO - Filling up the DagBag from /home/airflow/.local/lib/python3.8/site-packages/airflow/example_dags/tutorial.py
[2023-12-19T10:14:25.816+0000] {processor.py:839} INFO - DAG(s) dict_keys(['tutorial']) retrieved from /home/airflow/.local/lib/python3.8/site-packages/airflow/example_dags/tutorial.py
[2023-12-19T10:14:25.855+0000] {logging_mixin.py:154} INFO - [2023-12-19T10:14:25.855+0000] {dag.py:2941} INFO - Sync 1 DAGs
[2023-12-19T10:14:25.909+0000] {logging_mixin.py:154} INFO - [2023-12-19T10:14:25.909+0000] {dag.py:3722} INFO - Setting next_dagrun for tutorial to 2023-12-18T10:14:25.908507+00:00, run_after=2023-12-19T10:14:25.908507+00:00
[2023-12-19T10:14:25.950+0000] {processor.py:179} INFO - Processing /home/airflow/.local/lib/python3.8/site-packages/airflow/example_dags/tutorial.py took 0.164 seconds
[2023-12-19T10:14:56.874+0000] {processor.py:157} INFO - Started process (PID=31977) to work on /home/airflow/.local/lib/python3.8/site-packages/airflow/example_dags/tutorial.py
[2023-12-19T10:14:56.877+0000] {processor.py:829} INFO - Processing file /home/airflow/.local/lib/python3.8/site-packages/airflow/example_dags/tutorial.py for tasks to queue
[2023-12-19T10:14:56.879+0000] {logging_mixin.py:154} INFO - [2023-12-19T10:14:56.879+0000] {dagbag.py:536} INFO - Filling up the DagBag from /home/airflow/.local/lib/python3.8/site-packages/airflow/example_dags/tutorial.py
[2023-12-19T10:14:56.900+0000] {processor.py:839} INFO - DAG(s) dict_keys(['tutorial']) retrieved from /home/airflow/.local/lib/python3.8/site-packages/airflow/example_dags/tutorial.py
[2023-12-19T10:14:56.975+0000] {logging_mixin.py:154} INFO - [2023-12-19T10:14:56.975+0000] {dag.py:2941} INFO - Sync 1 DAGs
[2023-12-19T10:14:57.056+0000] {logging_mixin.py:154} INFO - [2023-12-19T10:14:57.055+0000] {dag.py:3722} INFO - Setting next_dagrun for tutorial to 2023-12-18T10:14:57.055286+00:00, run_after=2023-12-19T10:14:57.055286+00:00
[2023-12-19T10:14:57.100+0000] {processor.py:179} INFO - Processing /home/airflow/.local/lib/python3.8/site-packages/airflow/example_dags/tutorial.py took 0.236 seconds
[2023-12-19T10:15:27.528+0000] {processor.py:157} INFO - Started process (PID=32033) to work on /home/airflow/.local/lib/python3.8/site-packages/airflow/example_dags/tutorial.py
[2023-12-19T10:15:27.530+0000] {processor.py:829} INFO - Processing file /home/airflow/.local/lib/python3.8/site-packages/airflow/example_dags/tutorial.py for tasks to queue
[2023-12-19T10:15:27.533+0000] {logging_mixin.py:154} INFO - [2023-12-19T10:15:27.532+0000] {dagbag.py:536} INFO - Filling up the DagBag from /home/airflow/.local/lib/python3.8/site-packages/airflow/example_dags/tutorial.py
[2023-12-19T10:15:27.547+0000] {processor.py:839} INFO - DAG(s) dict_keys(['tutorial']) retrieved from /home/airflow/.local/lib/python3.8/site-packages/airflow/example_dags/tutorial.py
[2023-12-19T10:15:27.593+0000] {logging_mixin.py:154} INFO - [2023-12-19T10:15:27.592+0000] {dag.py:2941} INFO - Sync 1 DAGs
[2023-12-19T10:15:27.630+0000] {logging_mixin.py:154} INFO - [2023-12-19T10:15:27.630+0000] {dag.py:3722} INFO - Setting next_dagrun for tutorial to 2023-12-18T10:15:27.629823+00:00, run_after=2023-12-19T10:15:27.629823+00:00
[2023-12-19T10:15:27.664+0000] {processor.py:179} INFO - Processing /home/airflow/.local/lib/python3.8/site-packages/airflow/example_dags/tutorial.py took 0.143 seconds
[2023-12-19T10:15:58.279+0000] {processor.py:157} INFO - Started process (PID=32088) to work on /home/airflow/.local/lib/python3.8/site-packages/airflow/example_dags/tutorial.py
[2023-12-19T10:15:58.282+0000] {processor.py:829} INFO - Processing file /home/airflow/.local/lib/python3.8/site-packages/airflow/example_dags/tutorial.py for tasks to queue
[2023-12-19T10:15:58.283+0000] {logging_mixin.py:154} INFO - [2023-12-19T10:15:58.283+0000] {dagbag.py:536} INFO - Filling up the DagBag from /home/airflow/.local/lib/python3.8/site-packages/airflow/example_dags/tutorial.py
[2023-12-19T10:15:58.298+0000] {processor.py:839} INFO - DAG(s) dict_keys(['tutorial']) retrieved from /home/airflow/.local/lib/python3.8/site-packages/airflow/example_dags/tutorial.py
[2023-12-19T10:15:58.337+0000] {logging_mixin.py:154} INFO - [2023-12-19T10:15:58.336+0000] {dag.py:2941} INFO - Sync 1 DAGs
[2023-12-19T10:15:58.376+0000] {logging_mixin.py:154} INFO - [2023-12-19T10:15:58.376+0000] {dag.py:3722} INFO - Setting next_dagrun for tutorial to 2023-12-18T10:15:58.375941+00:00, run_after=2023-12-19T10:15:58.375941+00:00
[2023-12-19T10:15:58.417+0000] {processor.py:179} INFO - Processing /home/airflow/.local/lib/python3.8/site-packages/airflow/example_dags/tutorial.py took 0.144 seconds
[2023-12-19T10:16:28.800+0000] {processor.py:157} INFO - Started process (PID=32143) to work on /home/airflow/.local/lib/python3.8/site-packages/airflow/example_dags/tutorial.py
[2023-12-19T10:16:28.802+0000] {processor.py:829} INFO - Processing file /home/airflow/.local/lib/python3.8/site-packages/airflow/example_dags/tutorial.py for tasks to queue
[2023-12-19T10:16:28.804+0000] {logging_mixin.py:154} INFO - [2023-12-19T10:16:28.804+0000] {dagbag.py:536} INFO - Filling up the DagBag from /home/airflow/.local/lib/python3.8/site-packages/airflow/example_dags/tutorial.py
[2023-12-19T10:16:28.818+0000] {processor.py:839} INFO - DAG(s) dict_keys(['tutorial']) retrieved from /home/airflow/.local/lib/python3.8/site-packages/airflow/example_dags/tutorial.py
[2023-12-19T10:16:28.855+0000] {logging_mixin.py:154} INFO - [2023-12-19T10:16:28.854+0000] {dag.py:2941} INFO - Sync 1 DAGs
[2023-12-19T10:16:28.891+0000] {logging_mixin.py:154} INFO - [2023-12-19T10:16:28.891+0000] {dag.py:3722} INFO - Setting next_dagrun for tutorial to 2023-12-18T10:16:28.890786+00:00, run_after=2023-12-19T10:16:28.890786+00:00
[2023-12-19T10:16:28.931+0000] {processor.py:179} INFO - Processing /home/airflow/.local/lib/python3.8/site-packages/airflow/example_dags/tutorial.py took 0.138 seconds
[2023-12-19T10:16:59.680+0000] {processor.py:157} INFO - Started process (PID=32198) to work on /home/airflow/.local/lib/python3.8/site-packages/airflow/example_dags/tutorial.py
[2023-12-19T10:16:59.682+0000] {processor.py:829} INFO - Processing file /home/airflow/.local/lib/python3.8/site-packages/airflow/example_dags/tutorial.py for tasks to queue
[2023-12-19T10:16:59.685+0000] {logging_mixin.py:154} INFO - [2023-12-19T10:16:59.685+0000] {dagbag.py:536} INFO - Filling up the DagBag from /home/airflow/.local/lib/python3.8/site-packages/airflow/example_dags/tutorial.py
[2023-12-19T10:16:59.699+0000] {processor.py:839} INFO - DAG(s) dict_keys(['tutorial']) retrieved from /home/airflow/.local/lib/python3.8/site-packages/airflow/example_dags/tutorial.py
[2023-12-19T10:16:59.737+0000] {logging_mixin.py:154} INFO - [2023-12-19T10:16:59.737+0000] {dag.py:2941} INFO - Sync 1 DAGs
[2023-12-19T10:16:59.775+0000] {logging_mixin.py:154} INFO - [2023-12-19T10:16:59.775+0000] {dag.py:3722} INFO - Setting next_dagrun for tutorial to 2023-12-18T10:16:59.774658+00:00, run_after=2023-12-19T10:16:59.774658+00:00
[2023-12-19T10:16:59.815+0000] {processor.py:179} INFO - Processing /home/airflow/.local/lib/python3.8/site-packages/airflow/example_dags/tutorial.py took 0.142 seconds
[2023-12-19T10:17:30.635+0000] {processor.py:157} INFO - Started process (PID=32253) to work on /home/airflow/.local/lib/python3.8/site-packages/airflow/example_dags/tutorial.py
[2023-12-19T10:17:30.638+0000] {processor.py:829} INFO - Processing file /home/airflow/.local/lib/python3.8/site-packages/airflow/example_dags/tutorial.py for tasks to queue
[2023-12-19T10:17:30.640+0000] {logging_mixin.py:154} INFO - [2023-12-19T10:17:30.639+0000] {dagbag.py:536} INFO - Filling up the DagBag from /home/airflow/.local/lib/python3.8/site-packages/airflow/example_dags/tutorial.py
[2023-12-19T10:17:30.655+0000] {processor.py:839} INFO - DAG(s) dict_keys(['tutorial']) retrieved from /home/airflow/.local/lib/python3.8/site-packages/airflow/example_dags/tutorial.py
[2023-12-19T10:17:30.695+0000] {logging_mixin.py:154} INFO - [2023-12-19T10:17:30.695+0000] {dag.py:2941} INFO - Sync 1 DAGs
[2023-12-19T10:17:30.732+0000] {logging_mixin.py:154} INFO - [2023-12-19T10:17:30.732+0000] {dag.py:3722} INFO - Setting next_dagrun for tutorial to 2023-12-18T10:17:30.732103+00:00, run_after=2023-12-19T10:17:30.732103+00:00
[2023-12-19T10:17:30.770+0000] {processor.py:179} INFO - Processing /home/airflow/.local/lib/python3.8/site-packages/airflow/example_dags/tutorial.py took 0.141 seconds
[2023-12-19T10:18:01.114+0000] {processor.py:157} INFO - Started process (PID=32308) to work on /home/airflow/.local/lib/python3.8/site-packages/airflow/example_dags/tutorial.py
[2023-12-19T10:18:01.116+0000] {processor.py:829} INFO - Processing file /home/airflow/.local/lib/python3.8/site-packages/airflow/example_dags/tutorial.py for tasks to queue
[2023-12-19T10:18:01.118+0000] {logging_mixin.py:154} INFO - [2023-12-19T10:18:01.118+0000] {dagbag.py:536} INFO - Filling up the DagBag from /home/airflow/.local/lib/python3.8/site-packages/airflow/example_dags/tutorial.py
[2023-12-19T10:18:01.133+0000] {processor.py:839} INFO - DAG(s) dict_keys(['tutorial']) retrieved from /home/airflow/.local/lib/python3.8/site-packages/airflow/example_dags/tutorial.py
[2023-12-19T10:18:01.178+0000] {logging_mixin.py:154} INFO - [2023-12-19T10:18:01.178+0000] {dag.py:2941} INFO - Sync 1 DAGs
[2023-12-19T10:18:01.213+0000] {logging_mixin.py:154} INFO - [2023-12-19T10:18:01.213+0000] {dag.py:3722} INFO - Setting next_dagrun for tutorial to 2023-12-18T10:18:01.212933+00:00, run_after=2023-12-19T10:18:01.212933+00:00
[2023-12-19T10:18:01.246+0000] {processor.py:179} INFO - Processing /home/airflow/.local/lib/python3.8/site-packages/airflow/example_dags/tutorial.py took 0.139 seconds
[2023-12-19T10:18:31.441+0000] {processor.py:157} INFO - Started process (PID=32362) to work on /home/airflow/.local/lib/python3.8/site-packages/airflow/example_dags/tutorial.py
[2023-12-19T10:18:31.443+0000] {processor.py:829} INFO - Processing file /home/airflow/.local/lib/python3.8/site-packages/airflow/example_dags/tutorial.py for tasks to queue
[2023-12-19T10:18:31.446+0000] {logging_mixin.py:154} INFO - [2023-12-19T10:18:31.445+0000] {dagbag.py:536} INFO - Filling up the DagBag from /home/airflow/.local/lib/python3.8/site-packages/airflow/example_dags/tutorial.py
[2023-12-19T10:18:31.460+0000] {processor.py:839} INFO - DAG(s) dict_keys(['tutorial']) retrieved from /home/airflow/.local/lib/python3.8/site-packages/airflow/example_dags/tutorial.py
[2023-12-19T10:18:31.493+0000] {logging_mixin.py:154} INFO - [2023-12-19T10:18:31.493+0000] {dag.py:2941} INFO - Sync 1 DAGs
[2023-12-19T10:18:31.529+0000] {logging_mixin.py:154} INFO - [2023-12-19T10:18:31.529+0000] {dag.py:3722} INFO - Setting next_dagrun for tutorial to 2023-12-18T10:18:31.529055+00:00, run_after=2023-12-19T10:18:31.529055+00:00
[2023-12-19T10:18:31.564+0000] {processor.py:179} INFO - Processing /home/airflow/.local/lib/python3.8/site-packages/airflow/example_dags/tutorial.py took 0.129 seconds
[2023-12-19T10:19:01.759+0000] {processor.py:157} INFO - Started process (PID=32417) to work on /home/airflow/.local/lib/python3.8/site-packages/airflow/example_dags/tutorial.py
[2023-12-19T10:19:01.761+0000] {processor.py:829} INFO - Processing file /home/airflow/.local/lib/python3.8/site-packages/airflow/example_dags/tutorial.py for tasks to queue
[2023-12-19T10:19:01.764+0000] {logging_mixin.py:154} INFO - [2023-12-19T10:19:01.764+0000] {dagbag.py:536} INFO - Filling up the DagBag from /home/airflow/.local/lib/python3.8/site-packages/airflow/example_dags/tutorial.py
[2023-12-19T10:19:01.781+0000] {processor.py:839} INFO - DAG(s) dict_keys(['tutorial']) retrieved from /home/airflow/.local/lib/python3.8/site-packages/airflow/example_dags/tutorial.py
[2023-12-19T10:19:01.820+0000] {logging_mixin.py:154} INFO - [2023-12-19T10:19:01.819+0000] {dag.py:2941} INFO - Sync 1 DAGs
[2023-12-19T10:19:01.858+0000] {logging_mixin.py:154} INFO - [2023-12-19T10:19:01.857+0000] {dag.py:3722} INFO - Setting next_dagrun for tutorial to 2023-12-18T10:19:01.857590+00:00, run_after=2023-12-19T10:19:01.857590+00:00
[2023-12-19T10:19:01.898+0000] {processor.py:179} INFO - Processing /home/airflow/.local/lib/python3.8/site-packages/airflow/example_dags/tutorial.py took 0.146 seconds
[2023-12-19T10:19:32.204+0000] {processor.py:157} INFO - Started process (PID=32472) to work on /home/airflow/.local/lib/python3.8/site-packages/airflow/example_dags/tutorial.py
[2023-12-19T10:19:32.207+0000] {processor.py:829} INFO - Processing file /home/airflow/.local/lib/python3.8/site-packages/airflow/example_dags/tutorial.py for tasks to queue
[2023-12-19T10:19:32.209+0000] {logging_mixin.py:154} INFO - [2023-12-19T10:19:32.208+0000] {dagbag.py:536} INFO - Filling up the DagBag from /home/airflow/.local/lib/python3.8/site-packages/airflow/example_dags/tutorial.py
[2023-12-19T10:19:32.223+0000] {processor.py:839} INFO - DAG(s) dict_keys(['tutorial']) retrieved from /home/airflow/.local/lib/python3.8/site-packages/airflow/example_dags/tutorial.py
[2023-12-19T10:19:32.264+0000] {logging_mixin.py:154} INFO - [2023-12-19T10:19:32.263+0000] {dag.py:2941} INFO - Sync 1 DAGs
[2023-12-19T10:19:32.300+0000] {logging_mixin.py:154} INFO - [2023-12-19T10:19:32.300+0000] {dag.py:3722} INFO - Setting next_dagrun for tutorial to 2023-12-18T10:19:32.299630+00:00, run_after=2023-12-19T10:19:32.299630+00:00
[2023-12-19T10:19:32.332+0000] {processor.py:179} INFO - Processing /home/airflow/.local/lib/python3.8/site-packages/airflow/example_dags/tutorial.py took 0.134 seconds
[2023-12-19T10:20:02.500+0000] {processor.py:157} INFO - Started process (PID=32528) to work on /home/airflow/.local/lib/python3.8/site-packages/airflow/example_dags/tutorial.py
[2023-12-19T10:20:02.503+0000] {processor.py:829} INFO - Processing file /home/airflow/.local/lib/python3.8/site-packages/airflow/example_dags/tutorial.py for tasks to queue
[2023-12-19T10:20:02.506+0000] {logging_mixin.py:154} INFO - [2023-12-19T10:20:02.505+0000] {dagbag.py:536} INFO - Filling up the DagBag from /home/airflow/.local/lib/python3.8/site-packages/airflow/example_dags/tutorial.py
[2023-12-19T10:20:02.521+0000] {processor.py:839} INFO - DAG(s) dict_keys(['tutorial']) retrieved from /home/airflow/.local/lib/python3.8/site-packages/airflow/example_dags/tutorial.py
[2023-12-19T10:20:02.567+0000] {logging_mixin.py:154} INFO - [2023-12-19T10:20:02.567+0000] {dag.py:2941} INFO - Sync 1 DAGs
[2023-12-19T10:20:02.611+0000] {logging_mixin.py:154} INFO - [2023-12-19T10:20:02.611+0000] {dag.py:3722} INFO - Setting next_dagrun for tutorial to 2023-12-18T10:20:02.610938+00:00, run_after=2023-12-19T10:20:02.610938+00:00
[2023-12-19T10:20:02.651+0000] {processor.py:179} INFO - Processing /home/airflow/.local/lib/python3.8/site-packages/airflow/example_dags/tutorial.py took 0.160 seconds
[2023-12-19T10:20:33.245+0000] {processor.py:157} INFO - Started process (PID=32583) to work on /home/airflow/.local/lib/python3.8/site-packages/airflow/example_dags/tutorial.py
[2023-12-19T10:20:33.248+0000] {processor.py:829} INFO - Processing file /home/airflow/.local/lib/python3.8/site-packages/airflow/example_dags/tutorial.py for tasks to queue
[2023-12-19T10:20:33.251+0000] {logging_mixin.py:154} INFO - [2023-12-19T10:20:33.251+0000] {dagbag.py:536} INFO - Filling up the DagBag from /home/airflow/.local/lib/python3.8/site-packages/airflow/example_dags/tutorial.py
[2023-12-19T10:20:33.265+0000] {processor.py:839} INFO - DAG(s) dict_keys(['tutorial']) retrieved from /home/airflow/.local/lib/python3.8/site-packages/airflow/example_dags/tutorial.py
[2023-12-19T10:20:33.304+0000] {logging_mixin.py:154} INFO - [2023-12-19T10:20:33.303+0000] {dag.py:2941} INFO - Sync 1 DAGs
[2023-12-19T10:20:33.342+0000] {logging_mixin.py:154} INFO - [2023-12-19T10:20:33.342+0000] {dag.py:3722} INFO - Setting next_dagrun for tutorial to 2023-12-18T10:20:33.342233+00:00, run_after=2023-12-19T10:20:33.342233+00:00
[2023-12-19T10:20:33.379+0000] {processor.py:179} INFO - Processing /home/airflow/.local/lib/python3.8/site-packages/airflow/example_dags/tutorial.py took 0.141 seconds
[2023-12-19T10:21:03.984+0000] {processor.py:157} INFO - Started process (PID=32639) to work on /home/airflow/.local/lib/python3.8/site-packages/airflow/example_dags/tutorial.py
[2023-12-19T10:21:03.988+0000] {processor.py:829} INFO - Processing file /home/airflow/.local/lib/python3.8/site-packages/airflow/example_dags/tutorial.py for tasks to queue
[2023-12-19T10:21:03.990+0000] {logging_mixin.py:154} INFO - [2023-12-19T10:21:03.990+0000] {dagbag.py:536} INFO - Filling up the DagBag from /home/airflow/.local/lib/python3.8/site-packages/airflow/example_dags/tutorial.py
[2023-12-19T10:21:04.010+0000] {processor.py:839} INFO - DAG(s) dict_keys(['tutorial']) retrieved from /home/airflow/.local/lib/python3.8/site-packages/airflow/example_dags/tutorial.py
[2023-12-19T10:21:04.378+0000] {logging_mixin.py:154} INFO - [2023-12-19T10:21:04.377+0000] {dag.py:2941} INFO - Sync 1 DAGs
[2023-12-19T10:21:04.451+0000] {logging_mixin.py:154} INFO - [2023-12-19T10:21:04.451+0000] {dag.py:3722} INFO - Setting next_dagrun for tutorial to 2023-12-18T10:21:04.451152+00:00, run_after=2023-12-19T10:21:04.451152+00:00
[2023-12-19T10:21:04.520+0000] {processor.py:179} INFO - Processing /home/airflow/.local/lib/python3.8/site-packages/airflow/example_dags/tutorial.py took 0.549 seconds
[2023-12-19T10:21:35.525+0000] {processor.py:157} INFO - Started process (PID=32701) to work on /home/airflow/.local/lib/python3.8/site-packages/airflow/example_dags/tutorial.py
[2023-12-19T10:21:35.528+0000] {processor.py:829} INFO - Processing file /home/airflow/.local/lib/python3.8/site-packages/airflow/example_dags/tutorial.py for tasks to queue
[2023-12-19T10:21:35.531+0000] {logging_mixin.py:154} INFO - [2023-12-19T10:21:35.530+0000] {dagbag.py:536} INFO - Filling up the DagBag from /home/airflow/.local/lib/python3.8/site-packages/airflow/example_dags/tutorial.py
[2023-12-19T10:21:35.546+0000] {processor.py:839} INFO - DAG(s) dict_keys(['tutorial']) retrieved from /home/airflow/.local/lib/python3.8/site-packages/airflow/example_dags/tutorial.py
[2023-12-19T10:21:35.586+0000] {logging_mixin.py:154} INFO - [2023-12-19T10:21:35.586+0000] {dag.py:2941} INFO - Sync 1 DAGs
[2023-12-19T10:21:35.624+0000] {logging_mixin.py:154} INFO - [2023-12-19T10:21:35.624+0000] {dag.py:3722} INFO - Setting next_dagrun for tutorial to 2023-12-18T10:21:35.623852+00:00, run_after=2023-12-19T10:21:35.623852+00:00
[2023-12-19T10:21:35.663+0000] {processor.py:179} INFO - Processing /home/airflow/.local/lib/python3.8/site-packages/airflow/example_dags/tutorial.py took 0.144 seconds
[2023-12-19T10:22:05.767+0000] {processor.py:157} INFO - Started process (PID=32756) to work on /home/airflow/.local/lib/python3.8/site-packages/airflow/example_dags/tutorial.py
[2023-12-19T10:22:05.771+0000] {processor.py:829} INFO - Processing file /home/airflow/.local/lib/python3.8/site-packages/airflow/example_dags/tutorial.py for tasks to queue
[2023-12-19T10:22:05.774+0000] {logging_mixin.py:154} INFO - [2023-12-19T10:22:05.772+0000] {dagbag.py:536} INFO - Filling up the DagBag from /home/airflow/.local/lib/python3.8/site-packages/airflow/example_dags/tutorial.py
[2023-12-19T10:22:05.789+0000] {processor.py:839} INFO - DAG(s) dict_keys(['tutorial']) retrieved from /home/airflow/.local/lib/python3.8/site-packages/airflow/example_dags/tutorial.py
[2023-12-19T10:22:05.833+0000] {logging_mixin.py:154} INFO - [2023-12-19T10:22:05.833+0000] {dag.py:2941} INFO - Sync 1 DAGs
[2023-12-19T10:22:05.873+0000] {logging_mixin.py:154} INFO - [2023-12-19T10:22:05.872+0000] {dag.py:3722} INFO - Setting next_dagrun for tutorial to 2023-12-18T10:22:05.872415+00:00, run_after=2023-12-19T10:22:05.872415+00:00
[2023-12-19T10:22:05.915+0000] {processor.py:179} INFO - Processing /home/airflow/.local/lib/python3.8/site-packages/airflow/example_dags/tutorial.py took 0.156 seconds
[2023-12-19T10:22:36.158+0000] {processor.py:157} INFO - Started process (PID=32811) to work on /home/airflow/.local/lib/python3.8/site-packages/airflow/example_dags/tutorial.py
[2023-12-19T10:22:36.162+0000] {processor.py:829} INFO - Processing file /home/airflow/.local/lib/python3.8/site-packages/airflow/example_dags/tutorial.py for tasks to queue
[2023-12-19T10:22:36.164+0000] {logging_mixin.py:154} INFO - [2023-12-19T10:22:36.163+0000] {dagbag.py:536} INFO - Filling up the DagBag from /home/airflow/.local/lib/python3.8/site-packages/airflow/example_dags/tutorial.py
[2023-12-19T10:22:36.186+0000] {processor.py:839} INFO - DAG(s) dict_keys(['tutorial']) retrieved from /home/airflow/.local/lib/python3.8/site-packages/airflow/example_dags/tutorial.py
[2023-12-19T10:22:36.229+0000] {logging_mixin.py:154} INFO - [2023-12-19T10:22:36.229+0000] {dag.py:2941} INFO - Sync 1 DAGs
[2023-12-19T10:22:36.269+0000] {logging_mixin.py:154} INFO - [2023-12-19T10:22:36.269+0000] {dag.py:3722} INFO - Setting next_dagrun for tutorial to 2023-12-18T10:22:36.269002+00:00, run_after=2023-12-19T10:22:36.269002+00:00
[2023-12-19T10:22:36.311+0000] {processor.py:179} INFO - Processing /home/airflow/.local/lib/python3.8/site-packages/airflow/example_dags/tutorial.py took 0.161 seconds
[2023-12-19T10:23:06.592+0000] {processor.py:157} INFO - Started process (PID=32866) to work on /home/airflow/.local/lib/python3.8/site-packages/airflow/example_dags/tutorial.py
[2023-12-19T10:23:06.595+0000] {processor.py:829} INFO - Processing file /home/airflow/.local/lib/python3.8/site-packages/airflow/example_dags/tutorial.py for tasks to queue
[2023-12-19T10:23:06.597+0000] {logging_mixin.py:154} INFO - [2023-12-19T10:23:06.597+0000] {dagbag.py:536} INFO - Filling up the DagBag from /home/airflow/.local/lib/python3.8/site-packages/airflow/example_dags/tutorial.py
[2023-12-19T10:23:06.613+0000] {processor.py:839} INFO - DAG(s) dict_keys(['tutorial']) retrieved from /home/airflow/.local/lib/python3.8/site-packages/airflow/example_dags/tutorial.py
[2023-12-19T10:23:06.654+0000] {logging_mixin.py:154} INFO - [2023-12-19T10:23:06.654+0000] {dag.py:2941} INFO - Sync 1 DAGs
[2023-12-19T10:23:06.693+0000] {logging_mixin.py:154} INFO - [2023-12-19T10:23:06.693+0000] {dag.py:3722} INFO - Setting next_dagrun for tutorial to 2023-12-18T10:23:06.692686+00:00, run_after=2023-12-19T10:23:06.692686+00:00
[2023-12-19T10:23:06.741+0000] {processor.py:179} INFO - Processing /home/airflow/.local/lib/python3.8/site-packages/airflow/example_dags/tutorial.py took 0.160 seconds
[2023-12-19T10:23:37.141+0000] {processor.py:157} INFO - Started process (PID=32921) to work on /home/airflow/.local/lib/python3.8/site-packages/airflow/example_dags/tutorial.py
[2023-12-19T10:23:37.144+0000] {processor.py:829} INFO - Processing file /home/airflow/.local/lib/python3.8/site-packages/airflow/example_dags/tutorial.py for tasks to queue
[2023-12-19T10:23:37.147+0000] {logging_mixin.py:154} INFO - [2023-12-19T10:23:37.146+0000] {dagbag.py:536} INFO - Filling up the DagBag from /home/airflow/.local/lib/python3.8/site-packages/airflow/example_dags/tutorial.py
[2023-12-19T10:23:37.163+0000] {processor.py:839} INFO - DAG(s) dict_keys(['tutorial']) retrieved from /home/airflow/.local/lib/python3.8/site-packages/airflow/example_dags/tutorial.py
[2023-12-19T10:23:37.207+0000] {logging_mixin.py:154} INFO - [2023-12-19T10:23:37.207+0000] {dag.py:2941} INFO - Sync 1 DAGs
[2023-12-19T10:23:37.250+0000] {logging_mixin.py:154} INFO - [2023-12-19T10:23:37.250+0000] {dag.py:3722} INFO - Setting next_dagrun for tutorial to 2023-12-18T10:23:37.249816+00:00, run_after=2023-12-19T10:23:37.249816+00:00
[2023-12-19T10:23:37.285+0000] {processor.py:179} INFO - Processing /home/airflow/.local/lib/python3.8/site-packages/airflow/example_dags/tutorial.py took 0.150 seconds
