[2023-12-19T09:59:00.686+0000] {processor.py:157} INFO - Started process (PID=30274) to work on /home/airflow/.local/lib/python3.8/site-packages/airflow/example_dags/tutorial_taskflow_api_virtualenv.py
[2023-12-19T09:59:00.690+0000] {processor.py:829} INFO - Processing file /home/airflow/.local/lib/python3.8/site-packages/airflow/example_dags/tutorial_taskflow_api_virtualenv.py for tasks to queue
[2023-12-19T09:59:00.700+0000] {logging_mixin.py:154} INFO - [2023-12-19T09:59:00.699+0000] {dagbag.py:536} INFO - Filling up the DagBag from /home/airflow/.local/lib/python3.8/site-packages/airflow/example_dags/tutorial_taskflow_api_virtualenv.py
[2023-12-19T09:59:00.729+0000] {processor.py:839} INFO - DAG(s) dict_keys(['tutorial_taskflow_api_virtualenv']) retrieved from /home/airflow/.local/lib/python3.8/site-packages/airflow/example_dags/tutorial_taskflow_api_virtualenv.py
[2023-12-19T09:59:00.775+0000] {logging_mixin.py:154} INFO - [2023-12-19T09:59:00.774+0000] {dag.py:2941} INFO - Sync 1 DAGs
[2023-12-19T09:59:00.808+0000] {logging_mixin.py:154} INFO - [2023-12-19T09:59:00.808+0000] {dag.py:3722} INFO - Setting next_dagrun for tutorial_taskflow_api_virtualenv to None, run_after=None
[2023-12-19T09:59:01.356+0000] {processor.py:179} INFO - Processing /home/airflow/.local/lib/python3.8/site-packages/airflow/example_dags/tutorial_taskflow_api_virtualenv.py took 0.680 seconds
[2023-12-19T09:59:32.286+0000] {processor.py:157} INFO - Started process (PID=30329) to work on /home/airflow/.local/lib/python3.8/site-packages/airflow/example_dags/tutorial_taskflow_api_virtualenv.py
[2023-12-19T09:59:32.290+0000] {processor.py:829} INFO - Processing file /home/airflow/.local/lib/python3.8/site-packages/airflow/example_dags/tutorial_taskflow_api_virtualenv.py for tasks to queue
[2023-12-19T09:59:32.293+0000] {logging_mixin.py:154} INFO - [2023-12-19T09:59:32.293+0000] {dagbag.py:536} INFO - Filling up the DagBag from /home/airflow/.local/lib/python3.8/site-packages/airflow/example_dags/tutorial_taskflow_api_virtualenv.py
[2023-12-19T09:59:32.310+0000] {processor.py:839} INFO - DAG(s) dict_keys(['tutorial_taskflow_api_virtualenv']) retrieved from /home/airflow/.local/lib/python3.8/site-packages/airflow/example_dags/tutorial_taskflow_api_virtualenv.py
[2023-12-19T09:59:32.361+0000] {logging_mixin.py:154} INFO - [2023-12-19T09:59:32.361+0000] {dag.py:2941} INFO - Sync 1 DAGs
[2023-12-19T09:59:32.389+0000] {logging_mixin.py:154} INFO - [2023-12-19T09:59:32.388+0000] {dag.py:3722} INFO - Setting next_dagrun for tutorial_taskflow_api_virtualenv to None, run_after=None
[2023-12-19T09:59:32.432+0000] {processor.py:179} INFO - Processing /home/airflow/.local/lib/python3.8/site-packages/airflow/example_dags/tutorial_taskflow_api_virtualenv.py took 0.154 seconds
[2023-12-19T10:00:02.707+0000] {processor.py:157} INFO - Started process (PID=30384) to work on /home/airflow/.local/lib/python3.8/site-packages/airflow/example_dags/tutorial_taskflow_api_virtualenv.py
[2023-12-19T10:00:02.717+0000] {processor.py:829} INFO - Processing file /home/airflow/.local/lib/python3.8/site-packages/airflow/example_dags/tutorial_taskflow_api_virtualenv.py for tasks to queue
[2023-12-19T10:00:02.720+0000] {logging_mixin.py:154} INFO - [2023-12-19T10:00:02.719+0000] {dagbag.py:536} INFO - Filling up the DagBag from /home/airflow/.local/lib/python3.8/site-packages/airflow/example_dags/tutorial_taskflow_api_virtualenv.py
[2023-12-19T10:00:02.738+0000] {processor.py:839} INFO - DAG(s) dict_keys(['tutorial_taskflow_api_virtualenv']) retrieved from /home/airflow/.local/lib/python3.8/site-packages/airflow/example_dags/tutorial_taskflow_api_virtualenv.py
[2023-12-19T10:00:02.779+0000] {logging_mixin.py:154} INFO - [2023-12-19T10:00:02.779+0000] {dag.py:2941} INFO - Sync 1 DAGs
[2023-12-19T10:00:02.805+0000] {logging_mixin.py:154} INFO - [2023-12-19T10:00:02.804+0000] {dag.py:3722} INFO - Setting next_dagrun for tutorial_taskflow_api_virtualenv to None, run_after=None
[2023-12-19T10:00:02.841+0000] {processor.py:179} INFO - Processing /home/airflow/.local/lib/python3.8/site-packages/airflow/example_dags/tutorial_taskflow_api_virtualenv.py took 0.163 seconds
[2023-12-19T10:00:33.042+0000] {processor.py:157} INFO - Started process (PID=30439) to work on /home/airflow/.local/lib/python3.8/site-packages/airflow/example_dags/tutorial_taskflow_api_virtualenv.py
[2023-12-19T10:00:33.044+0000] {processor.py:829} INFO - Processing file /home/airflow/.local/lib/python3.8/site-packages/airflow/example_dags/tutorial_taskflow_api_virtualenv.py for tasks to queue
[2023-12-19T10:00:33.046+0000] {logging_mixin.py:154} INFO - [2023-12-19T10:00:33.045+0000] {dagbag.py:536} INFO - Filling up the DagBag from /home/airflow/.local/lib/python3.8/site-packages/airflow/example_dags/tutorial_taskflow_api_virtualenv.py
[2023-12-19T10:00:33.061+0000] {processor.py:839} INFO - DAG(s) dict_keys(['tutorial_taskflow_api_virtualenv']) retrieved from /home/airflow/.local/lib/python3.8/site-packages/airflow/example_dags/tutorial_taskflow_api_virtualenv.py
[2023-12-19T10:00:33.101+0000] {logging_mixin.py:154} INFO - [2023-12-19T10:00:33.100+0000] {dag.py:2941} INFO - Sync 1 DAGs
[2023-12-19T10:00:33.124+0000] {logging_mixin.py:154} INFO - [2023-12-19T10:00:33.124+0000] {dag.py:3722} INFO - Setting next_dagrun for tutorial_taskflow_api_virtualenv to None, run_after=None
[2023-12-19T10:00:33.158+0000] {processor.py:179} INFO - Processing /home/airflow/.local/lib/python3.8/site-packages/airflow/example_dags/tutorial_taskflow_api_virtualenv.py took 0.123 seconds
[2023-12-19T10:01:08.113+0000] {processor.py:157} INFO - Started process (PID=30494) to work on /home/airflow/.local/lib/python3.8/site-packages/airflow/example_dags/tutorial_taskflow_api_virtualenv.py
[2023-12-19T10:01:08.115+0000] {processor.py:829} INFO - Processing file /home/airflow/.local/lib/python3.8/site-packages/airflow/example_dags/tutorial_taskflow_api_virtualenv.py for tasks to queue
[2023-12-19T10:01:08.118+0000] {logging_mixin.py:154} INFO - [2023-12-19T10:01:08.117+0000] {dagbag.py:536} INFO - Filling up the DagBag from /home/airflow/.local/lib/python3.8/site-packages/airflow/example_dags/tutorial_taskflow_api_virtualenv.py
[2023-12-19T10:01:08.134+0000] {processor.py:839} INFO - DAG(s) dict_keys(['tutorial_taskflow_api_virtualenv']) retrieved from /home/airflow/.local/lib/python3.8/site-packages/airflow/example_dags/tutorial_taskflow_api_virtualenv.py
[2023-12-19T10:01:08.211+0000] {logging_mixin.py:154} INFO - [2023-12-19T10:01:08.210+0000] {dag.py:2941} INFO - Sync 1 DAGs
[2023-12-19T10:01:08.241+0000] {logging_mixin.py:154} INFO - [2023-12-19T10:01:08.240+0000] {dag.py:3722} INFO - Setting next_dagrun for tutorial_taskflow_api_virtualenv to None, run_after=None
[2023-12-19T10:01:08.284+0000] {processor.py:179} INFO - Processing /home/airflow/.local/lib/python3.8/site-packages/airflow/example_dags/tutorial_taskflow_api_virtualenv.py took 0.178 seconds
[2023-12-19T10:01:38.423+0000] {processor.py:157} INFO - Started process (PID=30549) to work on /home/airflow/.local/lib/python3.8/site-packages/airflow/example_dags/tutorial_taskflow_api_virtualenv.py
[2023-12-19T10:01:38.425+0000] {processor.py:829} INFO - Processing file /home/airflow/.local/lib/python3.8/site-packages/airflow/example_dags/tutorial_taskflow_api_virtualenv.py for tasks to queue
[2023-12-19T10:01:38.427+0000] {logging_mixin.py:154} INFO - [2023-12-19T10:01:38.427+0000] {dagbag.py:536} INFO - Filling up the DagBag from /home/airflow/.local/lib/python3.8/site-packages/airflow/example_dags/tutorial_taskflow_api_virtualenv.py
[2023-12-19T10:01:38.443+0000] {processor.py:839} INFO - DAG(s) dict_keys(['tutorial_taskflow_api_virtualenv']) retrieved from /home/airflow/.local/lib/python3.8/site-packages/airflow/example_dags/tutorial_taskflow_api_virtualenv.py
[2023-12-19T10:01:38.489+0000] {logging_mixin.py:154} INFO - [2023-12-19T10:01:38.489+0000] {dag.py:2941} INFO - Sync 1 DAGs
[2023-12-19T10:01:38.516+0000] {logging_mixin.py:154} INFO - [2023-12-19T10:01:38.516+0000] {dag.py:3722} INFO - Setting next_dagrun for tutorial_taskflow_api_virtualenv to None, run_after=None
[2023-12-19T10:01:38.558+0000] {processor.py:179} INFO - Processing /home/airflow/.local/lib/python3.8/site-packages/airflow/example_dags/tutorial_taskflow_api_virtualenv.py took 0.142 seconds
[2023-12-19T10:02:08.791+0000] {processor.py:157} INFO - Started process (PID=30604) to work on /home/airflow/.local/lib/python3.8/site-packages/airflow/example_dags/tutorial_taskflow_api_virtualenv.py
[2023-12-19T10:02:08.794+0000] {processor.py:829} INFO - Processing file /home/airflow/.local/lib/python3.8/site-packages/airflow/example_dags/tutorial_taskflow_api_virtualenv.py for tasks to queue
[2023-12-19T10:02:08.796+0000] {logging_mixin.py:154} INFO - [2023-12-19T10:02:08.795+0000] {dagbag.py:536} INFO - Filling up the DagBag from /home/airflow/.local/lib/python3.8/site-packages/airflow/example_dags/tutorial_taskflow_api_virtualenv.py
[2023-12-19T10:02:08.810+0000] {processor.py:839} INFO - DAG(s) dict_keys(['tutorial_taskflow_api_virtualenv']) retrieved from /home/airflow/.local/lib/python3.8/site-packages/airflow/example_dags/tutorial_taskflow_api_virtualenv.py
[2023-12-19T10:02:08.854+0000] {logging_mixin.py:154} INFO - [2023-12-19T10:02:08.854+0000] {dag.py:2941} INFO - Sync 1 DAGs
[2023-12-19T10:02:08.878+0000] {logging_mixin.py:154} INFO - [2023-12-19T10:02:08.877+0000] {dag.py:3722} INFO - Setting next_dagrun for tutorial_taskflow_api_virtualenv to None, run_after=None
[2023-12-19T10:02:08.913+0000] {processor.py:179} INFO - Processing /home/airflow/.local/lib/python3.8/site-packages/airflow/example_dags/tutorial_taskflow_api_virtualenv.py took 0.128 seconds
[2023-12-19T10:02:39.686+0000] {processor.py:157} INFO - Started process (PID=30660) to work on /home/airflow/.local/lib/python3.8/site-packages/airflow/example_dags/tutorial_taskflow_api_virtualenv.py
[2023-12-19T10:02:39.688+0000] {processor.py:829} INFO - Processing file /home/airflow/.local/lib/python3.8/site-packages/airflow/example_dags/tutorial_taskflow_api_virtualenv.py for tasks to queue
[2023-12-19T10:02:39.690+0000] {logging_mixin.py:154} INFO - [2023-12-19T10:02:39.690+0000] {dagbag.py:536} INFO - Filling up the DagBag from /home/airflow/.local/lib/python3.8/site-packages/airflow/example_dags/tutorial_taskflow_api_virtualenv.py
[2023-12-19T10:02:39.704+0000] {processor.py:839} INFO - DAG(s) dict_keys(['tutorial_taskflow_api_virtualenv']) retrieved from /home/airflow/.local/lib/python3.8/site-packages/airflow/example_dags/tutorial_taskflow_api_virtualenv.py
[2023-12-19T10:02:39.747+0000] {logging_mixin.py:154} INFO - [2023-12-19T10:02:39.746+0000] {dag.py:2941} INFO - Sync 1 DAGs
[2023-12-19T10:02:39.770+0000] {logging_mixin.py:154} INFO - [2023-12-19T10:02:39.769+0000] {dag.py:3722} INFO - Setting next_dagrun for tutorial_taskflow_api_virtualenv to None, run_after=None
[2023-12-19T10:02:39.803+0000] {processor.py:179} INFO - Processing /home/airflow/.local/lib/python3.8/site-packages/airflow/example_dags/tutorial_taskflow_api_virtualenv.py took 0.125 seconds
[2023-12-19T10:03:10.481+0000] {processor.py:157} INFO - Started process (PID=30714) to work on /home/airflow/.local/lib/python3.8/site-packages/airflow/example_dags/tutorial_taskflow_api_virtualenv.py
[2023-12-19T10:03:10.486+0000] {processor.py:829} INFO - Processing file /home/airflow/.local/lib/python3.8/site-packages/airflow/example_dags/tutorial_taskflow_api_virtualenv.py for tasks to queue
[2023-12-19T10:03:10.490+0000] {logging_mixin.py:154} INFO - [2023-12-19T10:03:10.489+0000] {dagbag.py:536} INFO - Filling up the DagBag from /home/airflow/.local/lib/python3.8/site-packages/airflow/example_dags/tutorial_taskflow_api_virtualenv.py
[2023-12-19T10:03:10.509+0000] {processor.py:839} INFO - DAG(s) dict_keys(['tutorial_taskflow_api_virtualenv']) retrieved from /home/airflow/.local/lib/python3.8/site-packages/airflow/example_dags/tutorial_taskflow_api_virtualenv.py
[2023-12-19T10:03:10.553+0000] {logging_mixin.py:154} INFO - [2023-12-19T10:03:10.552+0000] {dag.py:2941} INFO - Sync 1 DAGs
[2023-12-19T10:03:10.586+0000] {logging_mixin.py:154} INFO - [2023-12-19T10:03:10.585+0000] {dag.py:3722} INFO - Setting next_dagrun for tutorial_taskflow_api_virtualenv to None, run_after=None
[2023-12-19T10:03:10.634+0000] {processor.py:179} INFO - Processing /home/airflow/.local/lib/python3.8/site-packages/airflow/example_dags/tutorial_taskflow_api_virtualenv.py took 0.163 seconds
[2023-12-19T10:03:41.341+0000] {processor.py:157} INFO - Started process (PID=30769) to work on /home/airflow/.local/lib/python3.8/site-packages/airflow/example_dags/tutorial_taskflow_api_virtualenv.py
[2023-12-19T10:03:41.343+0000] {processor.py:829} INFO - Processing file /home/airflow/.local/lib/python3.8/site-packages/airflow/example_dags/tutorial_taskflow_api_virtualenv.py for tasks to queue
[2023-12-19T10:03:41.345+0000] {logging_mixin.py:154} INFO - [2023-12-19T10:03:41.345+0000] {dagbag.py:536} INFO - Filling up the DagBag from /home/airflow/.local/lib/python3.8/site-packages/airflow/example_dags/tutorial_taskflow_api_virtualenv.py
[2023-12-19T10:03:41.358+0000] {processor.py:839} INFO - DAG(s) dict_keys(['tutorial_taskflow_api_virtualenv']) retrieved from /home/airflow/.local/lib/python3.8/site-packages/airflow/example_dags/tutorial_taskflow_api_virtualenv.py
[2023-12-19T10:03:41.398+0000] {logging_mixin.py:154} INFO - [2023-12-19T10:03:41.398+0000] {dag.py:2941} INFO - Sync 1 DAGs
[2023-12-19T10:03:41.426+0000] {logging_mixin.py:154} INFO - [2023-12-19T10:03:41.426+0000] {dag.py:3722} INFO - Setting next_dagrun for tutorial_taskflow_api_virtualenv to None, run_after=None
[2023-12-19T10:03:41.457+0000] {processor.py:179} INFO - Processing /home/airflow/.local/lib/python3.8/site-packages/airflow/example_dags/tutorial_taskflow_api_virtualenv.py took 0.122 seconds
[2023-12-19T10:04:12.840+0000] {processor.py:157} INFO - Started process (PID=30824) to work on /home/airflow/.local/lib/python3.8/site-packages/airflow/example_dags/tutorial_taskflow_api_virtualenv.py
[2023-12-19T10:04:12.843+0000] {processor.py:829} INFO - Processing file /home/airflow/.local/lib/python3.8/site-packages/airflow/example_dags/tutorial_taskflow_api_virtualenv.py for tasks to queue
[2023-12-19T10:04:12.845+0000] {logging_mixin.py:154} INFO - [2023-12-19T10:04:12.844+0000] {dagbag.py:536} INFO - Filling up the DagBag from /home/airflow/.local/lib/python3.8/site-packages/airflow/example_dags/tutorial_taskflow_api_virtualenv.py
[2023-12-19T10:04:12.863+0000] {processor.py:839} INFO - DAG(s) dict_keys(['tutorial_taskflow_api_virtualenv']) retrieved from /home/airflow/.local/lib/python3.8/site-packages/airflow/example_dags/tutorial_taskflow_api_virtualenv.py
[2023-12-19T10:04:12.928+0000] {logging_mixin.py:154} INFO - [2023-12-19T10:04:12.927+0000] {dag.py:2941} INFO - Sync 1 DAGs
[2023-12-19T10:04:12.950+0000] {logging_mixin.py:154} INFO - [2023-12-19T10:04:12.950+0000] {dag.py:3722} INFO - Setting next_dagrun for tutorial_taskflow_api_virtualenv to None, run_after=None
[2023-12-19T10:04:12.984+0000] {processor.py:179} INFO - Processing /home/airflow/.local/lib/python3.8/site-packages/airflow/example_dags/tutorial_taskflow_api_virtualenv.py took 0.152 seconds
[2023-12-19T10:04:43.463+0000] {processor.py:157} INFO - Started process (PID=30880) to work on /home/airflow/.local/lib/python3.8/site-packages/airflow/example_dags/tutorial_taskflow_api_virtualenv.py
[2023-12-19T10:04:43.466+0000] {processor.py:829} INFO - Processing file /home/airflow/.local/lib/python3.8/site-packages/airflow/example_dags/tutorial_taskflow_api_virtualenv.py for tasks to queue
[2023-12-19T10:04:43.468+0000] {logging_mixin.py:154} INFO - [2023-12-19T10:04:43.467+0000] {dagbag.py:536} INFO - Filling up the DagBag from /home/airflow/.local/lib/python3.8/site-packages/airflow/example_dags/tutorial_taskflow_api_virtualenv.py
[2023-12-19T10:04:43.481+0000] {processor.py:839} INFO - DAG(s) dict_keys(['tutorial_taskflow_api_virtualenv']) retrieved from /home/airflow/.local/lib/python3.8/site-packages/airflow/example_dags/tutorial_taskflow_api_virtualenv.py
[2023-12-19T10:04:43.520+0000] {logging_mixin.py:154} INFO - [2023-12-19T10:04:43.519+0000] {dag.py:2941} INFO - Sync 1 DAGs
[2023-12-19T10:04:43.541+0000] {logging_mixin.py:154} INFO - [2023-12-19T10:04:43.541+0000] {dag.py:3722} INFO - Setting next_dagrun for tutorial_taskflow_api_virtualenv to None, run_after=None
[2023-12-19T10:04:43.586+0000] {processor.py:179} INFO - Processing /home/airflow/.local/lib/python3.8/site-packages/airflow/example_dags/tutorial_taskflow_api_virtualenv.py took 0.130 seconds
[2023-12-19T10:05:14.140+0000] {processor.py:157} INFO - Started process (PID=30935) to work on /home/airflow/.local/lib/python3.8/site-packages/airflow/example_dags/tutorial_taskflow_api_virtualenv.py
[2023-12-19T10:05:14.143+0000] {processor.py:829} INFO - Processing file /home/airflow/.local/lib/python3.8/site-packages/airflow/example_dags/tutorial_taskflow_api_virtualenv.py for tasks to queue
[2023-12-19T10:05:14.145+0000] {logging_mixin.py:154} INFO - [2023-12-19T10:05:14.145+0000] {dagbag.py:536} INFO - Filling up the DagBag from /home/airflow/.local/lib/python3.8/site-packages/airflow/example_dags/tutorial_taskflow_api_virtualenv.py
[2023-12-19T10:05:14.159+0000] {processor.py:839} INFO - DAG(s) dict_keys(['tutorial_taskflow_api_virtualenv']) retrieved from /home/airflow/.local/lib/python3.8/site-packages/airflow/example_dags/tutorial_taskflow_api_virtualenv.py
[2023-12-19T10:05:14.197+0000] {logging_mixin.py:154} INFO - [2023-12-19T10:05:14.196+0000] {dag.py:2941} INFO - Sync 1 DAGs
[2023-12-19T10:05:14.223+0000] {logging_mixin.py:154} INFO - [2023-12-19T10:05:14.222+0000] {dag.py:3722} INFO - Setting next_dagrun for tutorial_taskflow_api_virtualenv to None, run_after=None
[2023-12-19T10:05:14.298+0000] {processor.py:179} INFO - Processing /home/airflow/.local/lib/python3.8/site-packages/airflow/example_dags/tutorial_taskflow_api_virtualenv.py took 0.164 seconds
[2023-12-19T10:05:44.913+0000] {processor.py:157} INFO - Started process (PID=30990) to work on /home/airflow/.local/lib/python3.8/site-packages/airflow/example_dags/tutorial_taskflow_api_virtualenv.py
[2023-12-19T10:05:44.915+0000] {processor.py:829} INFO - Processing file /home/airflow/.local/lib/python3.8/site-packages/airflow/example_dags/tutorial_taskflow_api_virtualenv.py for tasks to queue
[2023-12-19T10:05:44.917+0000] {logging_mixin.py:154} INFO - [2023-12-19T10:05:44.917+0000] {dagbag.py:536} INFO - Filling up the DagBag from /home/airflow/.local/lib/python3.8/site-packages/airflow/example_dags/tutorial_taskflow_api_virtualenv.py
[2023-12-19T10:05:44.930+0000] {processor.py:839} INFO - DAG(s) dict_keys(['tutorial_taskflow_api_virtualenv']) retrieved from /home/airflow/.local/lib/python3.8/site-packages/airflow/example_dags/tutorial_taskflow_api_virtualenv.py
[2023-12-19T10:05:44.971+0000] {logging_mixin.py:154} INFO - [2023-12-19T10:05:44.971+0000] {dag.py:2941} INFO - Sync 1 DAGs
[2023-12-19T10:05:44.995+0000] {logging_mixin.py:154} INFO - [2023-12-19T10:05:44.994+0000] {dag.py:3722} INFO - Setting next_dagrun for tutorial_taskflow_api_virtualenv to None, run_after=None
[2023-12-19T10:05:45.031+0000] {processor.py:179} INFO - Processing /home/airflow/.local/lib/python3.8/site-packages/airflow/example_dags/tutorial_taskflow_api_virtualenv.py took 0.124 seconds
[2023-12-19T10:06:15.312+0000] {processor.py:157} INFO - Started process (PID=31045) to work on /home/airflow/.local/lib/python3.8/site-packages/airflow/example_dags/tutorial_taskflow_api_virtualenv.py
[2023-12-19T10:06:15.315+0000] {processor.py:829} INFO - Processing file /home/airflow/.local/lib/python3.8/site-packages/airflow/example_dags/tutorial_taskflow_api_virtualenv.py for tasks to queue
[2023-12-19T10:06:15.318+0000] {logging_mixin.py:154} INFO - [2023-12-19T10:06:15.317+0000] {dagbag.py:536} INFO - Filling up the DagBag from /home/airflow/.local/lib/python3.8/site-packages/airflow/example_dags/tutorial_taskflow_api_virtualenv.py
[2023-12-19T10:06:15.331+0000] {processor.py:839} INFO - DAG(s) dict_keys(['tutorial_taskflow_api_virtualenv']) retrieved from /home/airflow/.local/lib/python3.8/site-packages/airflow/example_dags/tutorial_taskflow_api_virtualenv.py
[2023-12-19T10:06:15.371+0000] {logging_mixin.py:154} INFO - [2023-12-19T10:06:15.371+0000] {dag.py:2941} INFO - Sync 1 DAGs
[2023-12-19T10:06:15.395+0000] {logging_mixin.py:154} INFO - [2023-12-19T10:06:15.395+0000] {dag.py:3722} INFO - Setting next_dagrun for tutorial_taskflow_api_virtualenv to None, run_after=None
[2023-12-19T10:06:15.428+0000] {processor.py:179} INFO - Processing /home/airflow/.local/lib/python3.8/site-packages/airflow/example_dags/tutorial_taskflow_api_virtualenv.py took 0.122 seconds
[2023-12-19T10:06:46.177+0000] {processor.py:157} INFO - Started process (PID=31100) to work on /home/airflow/.local/lib/python3.8/site-packages/airflow/example_dags/tutorial_taskflow_api_virtualenv.py
[2023-12-19T10:06:46.180+0000] {processor.py:829} INFO - Processing file /home/airflow/.local/lib/python3.8/site-packages/airflow/example_dags/tutorial_taskflow_api_virtualenv.py for tasks to queue
[2023-12-19T10:06:46.182+0000] {logging_mixin.py:154} INFO - [2023-12-19T10:06:46.182+0000] {dagbag.py:536} INFO - Filling up the DagBag from /home/airflow/.local/lib/python3.8/site-packages/airflow/example_dags/tutorial_taskflow_api_virtualenv.py
[2023-12-19T10:06:46.197+0000] {processor.py:839} INFO - DAG(s) dict_keys(['tutorial_taskflow_api_virtualenv']) retrieved from /home/airflow/.local/lib/python3.8/site-packages/airflow/example_dags/tutorial_taskflow_api_virtualenv.py
[2023-12-19T10:06:46.235+0000] {logging_mixin.py:154} INFO - [2023-12-19T10:06:46.234+0000] {dag.py:2941} INFO - Sync 1 DAGs
[2023-12-19T10:06:46.259+0000] {logging_mixin.py:154} INFO - [2023-12-19T10:06:46.259+0000] {dag.py:3722} INFO - Setting next_dagrun for tutorial_taskflow_api_virtualenv to None, run_after=None
[2023-12-19T10:06:46.292+0000] {processor.py:179} INFO - Processing /home/airflow/.local/lib/python3.8/site-packages/airflow/example_dags/tutorial_taskflow_api_virtualenv.py took 0.123 seconds
[2023-12-19T10:07:16.399+0000] {processor.py:157} INFO - Started process (PID=31155) to work on /home/airflow/.local/lib/python3.8/site-packages/airflow/example_dags/tutorial_taskflow_api_virtualenv.py
[2023-12-19T10:07:16.402+0000] {processor.py:829} INFO - Processing file /home/airflow/.local/lib/python3.8/site-packages/airflow/example_dags/tutorial_taskflow_api_virtualenv.py for tasks to queue
[2023-12-19T10:07:16.404+0000] {logging_mixin.py:154} INFO - [2023-12-19T10:07:16.403+0000] {dagbag.py:536} INFO - Filling up the DagBag from /home/airflow/.local/lib/python3.8/site-packages/airflow/example_dags/tutorial_taskflow_api_virtualenv.py
[2023-12-19T10:07:16.418+0000] {processor.py:839} INFO - DAG(s) dict_keys(['tutorial_taskflow_api_virtualenv']) retrieved from /home/airflow/.local/lib/python3.8/site-packages/airflow/example_dags/tutorial_taskflow_api_virtualenv.py
[2023-12-19T10:07:16.458+0000] {logging_mixin.py:154} INFO - [2023-12-19T10:07:16.457+0000] {dag.py:2941} INFO - Sync 1 DAGs
[2023-12-19T10:07:16.480+0000] {logging_mixin.py:154} INFO - [2023-12-19T10:07:16.480+0000] {dag.py:3722} INFO - Setting next_dagrun for tutorial_taskflow_api_virtualenv to None, run_after=None
[2023-12-19T10:07:16.517+0000] {processor.py:179} INFO - Processing /home/airflow/.local/lib/python3.8/site-packages/airflow/example_dags/tutorial_taskflow_api_virtualenv.py took 0.124 seconds
[2023-12-19T10:07:46.764+0000] {processor.py:157} INFO - Started process (PID=31210) to work on /home/airflow/.local/lib/python3.8/site-packages/airflow/example_dags/tutorial_taskflow_api_virtualenv.py
[2023-12-19T10:07:46.767+0000] {processor.py:829} INFO - Processing file /home/airflow/.local/lib/python3.8/site-packages/airflow/example_dags/tutorial_taskflow_api_virtualenv.py for tasks to queue
[2023-12-19T10:07:46.769+0000] {logging_mixin.py:154} INFO - [2023-12-19T10:07:46.768+0000] {dagbag.py:536} INFO - Filling up the DagBag from /home/airflow/.local/lib/python3.8/site-packages/airflow/example_dags/tutorial_taskflow_api_virtualenv.py
[2023-12-19T10:07:46.783+0000] {processor.py:839} INFO - DAG(s) dict_keys(['tutorial_taskflow_api_virtualenv']) retrieved from /home/airflow/.local/lib/python3.8/site-packages/airflow/example_dags/tutorial_taskflow_api_virtualenv.py
[2023-12-19T10:07:46.825+0000] {logging_mixin.py:154} INFO - [2023-12-19T10:07:46.825+0000] {dag.py:2941} INFO - Sync 1 DAGs
[2023-12-19T10:07:46.848+0000] {logging_mixin.py:154} INFO - [2023-12-19T10:07:46.848+0000] {dag.py:3722} INFO - Setting next_dagrun for tutorial_taskflow_api_virtualenv to None, run_after=None
[2023-12-19T10:07:46.884+0000] {processor.py:179} INFO - Processing /home/airflow/.local/lib/python3.8/site-packages/airflow/example_dags/tutorial_taskflow_api_virtualenv.py took 0.127 seconds
[2023-12-19T10:08:17.475+0000] {processor.py:157} INFO - Started process (PID=31265) to work on /home/airflow/.local/lib/python3.8/site-packages/airflow/example_dags/tutorial_taskflow_api_virtualenv.py
[2023-12-19T10:08:17.478+0000] {processor.py:829} INFO - Processing file /home/airflow/.local/lib/python3.8/site-packages/airflow/example_dags/tutorial_taskflow_api_virtualenv.py for tasks to queue
[2023-12-19T10:08:17.480+0000] {logging_mixin.py:154} INFO - [2023-12-19T10:08:17.479+0000] {dagbag.py:536} INFO - Filling up the DagBag from /home/airflow/.local/lib/python3.8/site-packages/airflow/example_dags/tutorial_taskflow_api_virtualenv.py
[2023-12-19T10:08:17.494+0000] {processor.py:839} INFO - DAG(s) dict_keys(['tutorial_taskflow_api_virtualenv']) retrieved from /home/airflow/.local/lib/python3.8/site-packages/airflow/example_dags/tutorial_taskflow_api_virtualenv.py
[2023-12-19T10:08:17.535+0000] {logging_mixin.py:154} INFO - [2023-12-19T10:08:17.534+0000] {dag.py:2941} INFO - Sync 1 DAGs
[2023-12-19T10:08:17.558+0000] {logging_mixin.py:154} INFO - [2023-12-19T10:08:17.557+0000] {dag.py:3722} INFO - Setting next_dagrun for tutorial_taskflow_api_virtualenv to None, run_after=None
[2023-12-19T10:08:17.596+0000] {processor.py:179} INFO - Processing /home/airflow/.local/lib/python3.8/site-packages/airflow/example_dags/tutorial_taskflow_api_virtualenv.py took 0.130 seconds
[2023-12-19T10:08:48.822+0000] {processor.py:157} INFO - Started process (PID=31320) to work on /home/airflow/.local/lib/python3.8/site-packages/airflow/example_dags/tutorial_taskflow_api_virtualenv.py
[2023-12-19T10:08:48.828+0000] {processor.py:829} INFO - Processing file /home/airflow/.local/lib/python3.8/site-packages/airflow/example_dags/tutorial_taskflow_api_virtualenv.py for tasks to queue
[2023-12-19T10:08:48.830+0000] {logging_mixin.py:154} INFO - [2023-12-19T10:08:48.829+0000] {dagbag.py:536} INFO - Filling up the DagBag from /home/airflow/.local/lib/python3.8/site-packages/airflow/example_dags/tutorial_taskflow_api_virtualenv.py
[2023-12-19T10:08:48.862+0000] {processor.py:839} INFO - DAG(s) dict_keys(['tutorial_taskflow_api_virtualenv']) retrieved from /home/airflow/.local/lib/python3.8/site-packages/airflow/example_dags/tutorial_taskflow_api_virtualenv.py
[2023-12-19T10:08:48.925+0000] {logging_mixin.py:154} INFO - [2023-12-19T10:08:48.924+0000] {dag.py:2941} INFO - Sync 1 DAGs
[2023-12-19T10:08:48.966+0000] {logging_mixin.py:154} INFO - [2023-12-19T10:08:48.965+0000] {dag.py:3722} INFO - Setting next_dagrun for tutorial_taskflow_api_virtualenv to None, run_after=None
[2023-12-19T10:08:49.009+0000] {processor.py:179} INFO - Processing /home/airflow/.local/lib/python3.8/site-packages/airflow/example_dags/tutorial_taskflow_api_virtualenv.py took 0.199 seconds
[2023-12-19T10:09:19.886+0000] {processor.py:157} INFO - Started process (PID=31375) to work on /home/airflow/.local/lib/python3.8/site-packages/airflow/example_dags/tutorial_taskflow_api_virtualenv.py
[2023-12-19T10:09:19.888+0000] {processor.py:829} INFO - Processing file /home/airflow/.local/lib/python3.8/site-packages/airflow/example_dags/tutorial_taskflow_api_virtualenv.py for tasks to queue
[2023-12-19T10:09:19.891+0000] {logging_mixin.py:154} INFO - [2023-12-19T10:09:19.890+0000] {dagbag.py:536} INFO - Filling up the DagBag from /home/airflow/.local/lib/python3.8/site-packages/airflow/example_dags/tutorial_taskflow_api_virtualenv.py
[2023-12-19T10:09:19.906+0000] {processor.py:839} INFO - DAG(s) dict_keys(['tutorial_taskflow_api_virtualenv']) retrieved from /home/airflow/.local/lib/python3.8/site-packages/airflow/example_dags/tutorial_taskflow_api_virtualenv.py
[2023-12-19T10:09:19.948+0000] {logging_mixin.py:154} INFO - [2023-12-19T10:09:19.947+0000] {dag.py:2941} INFO - Sync 1 DAGs
[2023-12-19T10:09:19.974+0000] {logging_mixin.py:154} INFO - [2023-12-19T10:09:19.973+0000] {dag.py:3722} INFO - Setting next_dagrun for tutorial_taskflow_api_virtualenv to None, run_after=None
[2023-12-19T10:09:20.039+0000] {processor.py:179} INFO - Processing /home/airflow/.local/lib/python3.8/site-packages/airflow/example_dags/tutorial_taskflow_api_virtualenv.py took 0.160 seconds
[2023-12-19T10:09:50.298+0000] {processor.py:157} INFO - Started process (PID=31430) to work on /home/airflow/.local/lib/python3.8/site-packages/airflow/example_dags/tutorial_taskflow_api_virtualenv.py
[2023-12-19T10:09:50.302+0000] {processor.py:829} INFO - Processing file /home/airflow/.local/lib/python3.8/site-packages/airflow/example_dags/tutorial_taskflow_api_virtualenv.py for tasks to queue
[2023-12-19T10:09:50.308+0000] {logging_mixin.py:154} INFO - [2023-12-19T10:09:50.308+0000] {dagbag.py:536} INFO - Filling up the DagBag from /home/airflow/.local/lib/python3.8/site-packages/airflow/example_dags/tutorial_taskflow_api_virtualenv.py
[2023-12-19T10:09:50.329+0000] {processor.py:839} INFO - DAG(s) dict_keys(['tutorial_taskflow_api_virtualenv']) retrieved from /home/airflow/.local/lib/python3.8/site-packages/airflow/example_dags/tutorial_taskflow_api_virtualenv.py
[2023-12-19T10:09:50.384+0000] {logging_mixin.py:154} INFO - [2023-12-19T10:09:50.384+0000] {dag.py:2941} INFO - Sync 1 DAGs
[2023-12-19T10:09:50.409+0000] {logging_mixin.py:154} INFO - [2023-12-19T10:09:50.409+0000] {dag.py:3722} INFO - Setting next_dagrun for tutorial_taskflow_api_virtualenv to None, run_after=None
[2023-12-19T10:09:50.457+0000] {processor.py:179} INFO - Processing /home/airflow/.local/lib/python3.8/site-packages/airflow/example_dags/tutorial_taskflow_api_virtualenv.py took 0.169 seconds
[2023-12-19T10:10:20.833+0000] {processor.py:157} INFO - Started process (PID=31486) to work on /home/airflow/.local/lib/python3.8/site-packages/airflow/example_dags/tutorial_taskflow_api_virtualenv.py
[2023-12-19T10:10:20.836+0000] {processor.py:829} INFO - Processing file /home/airflow/.local/lib/python3.8/site-packages/airflow/example_dags/tutorial_taskflow_api_virtualenv.py for tasks to queue
[2023-12-19T10:10:20.838+0000] {logging_mixin.py:154} INFO - [2023-12-19T10:10:20.837+0000] {dagbag.py:536} INFO - Filling up the DagBag from /home/airflow/.local/lib/python3.8/site-packages/airflow/example_dags/tutorial_taskflow_api_virtualenv.py
[2023-12-19T10:10:20.851+0000] {processor.py:839} INFO - DAG(s) dict_keys(['tutorial_taskflow_api_virtualenv']) retrieved from /home/airflow/.local/lib/python3.8/site-packages/airflow/example_dags/tutorial_taskflow_api_virtualenv.py
[2023-12-19T10:10:20.891+0000] {logging_mixin.py:154} INFO - [2023-12-19T10:10:20.891+0000] {dag.py:2941} INFO - Sync 1 DAGs
[2023-12-19T10:10:20.913+0000] {logging_mixin.py:154} INFO - [2023-12-19T10:10:20.912+0000] {dag.py:3722} INFO - Setting next_dagrun for tutorial_taskflow_api_virtualenv to None, run_after=None
[2023-12-19T10:10:20.946+0000] {processor.py:179} INFO - Processing /home/airflow/.local/lib/python3.8/site-packages/airflow/example_dags/tutorial_taskflow_api_virtualenv.py took 0.119 seconds
[2023-12-19T10:10:51.514+0000] {processor.py:157} INFO - Started process (PID=31541) to work on /home/airflow/.local/lib/python3.8/site-packages/airflow/example_dags/tutorial_taskflow_api_virtualenv.py
[2023-12-19T10:10:51.517+0000] {processor.py:829} INFO - Processing file /home/airflow/.local/lib/python3.8/site-packages/airflow/example_dags/tutorial_taskflow_api_virtualenv.py for tasks to queue
[2023-12-19T10:10:51.520+0000] {logging_mixin.py:154} INFO - [2023-12-19T10:10:51.519+0000] {dagbag.py:536} INFO - Filling up the DagBag from /home/airflow/.local/lib/python3.8/site-packages/airflow/example_dags/tutorial_taskflow_api_virtualenv.py
[2023-12-19T10:10:51.539+0000] {processor.py:839} INFO - DAG(s) dict_keys(['tutorial_taskflow_api_virtualenv']) retrieved from /home/airflow/.local/lib/python3.8/site-packages/airflow/example_dags/tutorial_taskflow_api_virtualenv.py
[2023-12-19T10:10:51.583+0000] {logging_mixin.py:154} INFO - [2023-12-19T10:10:51.582+0000] {dag.py:2941} INFO - Sync 1 DAGs
[2023-12-19T10:10:51.604+0000] {logging_mixin.py:154} INFO - [2023-12-19T10:10:51.604+0000] {dag.py:3722} INFO - Setting next_dagrun for tutorial_taskflow_api_virtualenv to None, run_after=None
[2023-12-19T10:10:51.637+0000] {processor.py:179} INFO - Processing /home/airflow/.local/lib/python3.8/site-packages/airflow/example_dags/tutorial_taskflow_api_virtualenv.py took 0.133 seconds
[2023-12-19T10:11:22.250+0000] {processor.py:157} INFO - Started process (PID=31596) to work on /home/airflow/.local/lib/python3.8/site-packages/airflow/example_dags/tutorial_taskflow_api_virtualenv.py
[2023-12-19T10:11:22.254+0000] {processor.py:829} INFO - Processing file /home/airflow/.local/lib/python3.8/site-packages/airflow/example_dags/tutorial_taskflow_api_virtualenv.py for tasks to queue
[2023-12-19T10:11:22.258+0000] {logging_mixin.py:154} INFO - [2023-12-19T10:11:22.257+0000] {dagbag.py:536} INFO - Filling up the DagBag from /home/airflow/.local/lib/python3.8/site-packages/airflow/example_dags/tutorial_taskflow_api_virtualenv.py
[2023-12-19T10:11:22.276+0000] {processor.py:839} INFO - DAG(s) dict_keys(['tutorial_taskflow_api_virtualenv']) retrieved from /home/airflow/.local/lib/python3.8/site-packages/airflow/example_dags/tutorial_taskflow_api_virtualenv.py
[2023-12-19T10:11:22.315+0000] {logging_mixin.py:154} INFO - [2023-12-19T10:11:22.315+0000] {dag.py:2941} INFO - Sync 1 DAGs
[2023-12-19T10:11:22.341+0000] {logging_mixin.py:154} INFO - [2023-12-19T10:11:22.340+0000] {dag.py:3722} INFO - Setting next_dagrun for tutorial_taskflow_api_virtualenv to None, run_after=None
[2023-12-19T10:11:22.375+0000] {processor.py:179} INFO - Processing /home/airflow/.local/lib/python3.8/site-packages/airflow/example_dags/tutorial_taskflow_api_virtualenv.py took 0.133 seconds
[2023-12-19T10:11:53.595+0000] {processor.py:157} INFO - Started process (PID=31651) to work on /home/airflow/.local/lib/python3.8/site-packages/airflow/example_dags/tutorial_taskflow_api_virtualenv.py
[2023-12-19T10:11:53.600+0000] {processor.py:829} INFO - Processing file /home/airflow/.local/lib/python3.8/site-packages/airflow/example_dags/tutorial_taskflow_api_virtualenv.py for tasks to queue
[2023-12-19T10:11:53.604+0000] {logging_mixin.py:154} INFO - [2023-12-19T10:11:53.603+0000] {dagbag.py:536} INFO - Filling up the DagBag from /home/airflow/.local/lib/python3.8/site-packages/airflow/example_dags/tutorial_taskflow_api_virtualenv.py
[2023-12-19T10:11:53.620+0000] {processor.py:839} INFO - DAG(s) dict_keys(['tutorial_taskflow_api_virtualenv']) retrieved from /home/airflow/.local/lib/python3.8/site-packages/airflow/example_dags/tutorial_taskflow_api_virtualenv.py
[2023-12-19T10:11:53.659+0000] {logging_mixin.py:154} INFO - [2023-12-19T10:11:53.658+0000] {dag.py:2941} INFO - Sync 1 DAGs
[2023-12-19T10:11:53.681+0000] {logging_mixin.py:154} INFO - [2023-12-19T10:11:53.681+0000] {dag.py:3722} INFO - Setting next_dagrun for tutorial_taskflow_api_virtualenv to None, run_after=None
[2023-12-19T10:11:53.713+0000] {processor.py:179} INFO - Processing /home/airflow/.local/lib/python3.8/site-packages/airflow/example_dags/tutorial_taskflow_api_virtualenv.py took 0.124 seconds
[2023-12-19T10:12:24.286+0000] {processor.py:157} INFO - Started process (PID=31706) to work on /home/airflow/.local/lib/python3.8/site-packages/airflow/example_dags/tutorial_taskflow_api_virtualenv.py
[2023-12-19T10:12:24.290+0000] {processor.py:829} INFO - Processing file /home/airflow/.local/lib/python3.8/site-packages/airflow/example_dags/tutorial_taskflow_api_virtualenv.py for tasks to queue
[2023-12-19T10:12:24.293+0000] {logging_mixin.py:154} INFO - [2023-12-19T10:12:24.292+0000] {dagbag.py:536} INFO - Filling up the DagBag from /home/airflow/.local/lib/python3.8/site-packages/airflow/example_dags/tutorial_taskflow_api_virtualenv.py
[2023-12-19T10:12:24.311+0000] {processor.py:839} INFO - DAG(s) dict_keys(['tutorial_taskflow_api_virtualenv']) retrieved from /home/airflow/.local/lib/python3.8/site-packages/airflow/example_dags/tutorial_taskflow_api_virtualenv.py
[2023-12-19T10:12:24.355+0000] {logging_mixin.py:154} INFO - [2023-12-19T10:12:24.355+0000] {dag.py:2941} INFO - Sync 1 DAGs
[2023-12-19T10:12:24.378+0000] {logging_mixin.py:154} INFO - [2023-12-19T10:12:24.378+0000] {dag.py:3722} INFO - Setting next_dagrun for tutorial_taskflow_api_virtualenv to None, run_after=None
[2023-12-19T10:12:24.424+0000] {processor.py:179} INFO - Processing /home/airflow/.local/lib/python3.8/site-packages/airflow/example_dags/tutorial_taskflow_api_virtualenv.py took 0.148 seconds
[2023-12-19T10:12:54.656+0000] {processor.py:157} INFO - Started process (PID=31761) to work on /home/airflow/.local/lib/python3.8/site-packages/airflow/example_dags/tutorial_taskflow_api_virtualenv.py
[2023-12-19T10:12:54.658+0000] {processor.py:829} INFO - Processing file /home/airflow/.local/lib/python3.8/site-packages/airflow/example_dags/tutorial_taskflow_api_virtualenv.py for tasks to queue
[2023-12-19T10:12:54.661+0000] {logging_mixin.py:154} INFO - [2023-12-19T10:12:54.660+0000] {dagbag.py:536} INFO - Filling up the DagBag from /home/airflow/.local/lib/python3.8/site-packages/airflow/example_dags/tutorial_taskflow_api_virtualenv.py
[2023-12-19T10:12:54.674+0000] {processor.py:839} INFO - DAG(s) dict_keys(['tutorial_taskflow_api_virtualenv']) retrieved from /home/airflow/.local/lib/python3.8/site-packages/airflow/example_dags/tutorial_taskflow_api_virtualenv.py
[2023-12-19T10:12:54.715+0000] {logging_mixin.py:154} INFO - [2023-12-19T10:12:54.714+0000] {dag.py:2941} INFO - Sync 1 DAGs
[2023-12-19T10:12:54.736+0000] {logging_mixin.py:154} INFO - [2023-12-19T10:12:54.736+0000] {dag.py:3722} INFO - Setting next_dagrun for tutorial_taskflow_api_virtualenv to None, run_after=None
[2023-12-19T10:12:54.774+0000] {processor.py:179} INFO - Processing /home/airflow/.local/lib/python3.8/site-packages/airflow/example_dags/tutorial_taskflow_api_virtualenv.py took 0.124 seconds
[2023-12-19T10:13:25.186+0000] {processor.py:157} INFO - Started process (PID=31816) to work on /home/airflow/.local/lib/python3.8/site-packages/airflow/example_dags/tutorial_taskflow_api_virtualenv.py
[2023-12-19T10:13:25.188+0000] {processor.py:829} INFO - Processing file /home/airflow/.local/lib/python3.8/site-packages/airflow/example_dags/tutorial_taskflow_api_virtualenv.py for tasks to queue
[2023-12-19T10:13:25.190+0000] {logging_mixin.py:154} INFO - [2023-12-19T10:13:25.190+0000] {dagbag.py:536} INFO - Filling up the DagBag from /home/airflow/.local/lib/python3.8/site-packages/airflow/example_dags/tutorial_taskflow_api_virtualenv.py
[2023-12-19T10:13:25.205+0000] {processor.py:839} INFO - DAG(s) dict_keys(['tutorial_taskflow_api_virtualenv']) retrieved from /home/airflow/.local/lib/python3.8/site-packages/airflow/example_dags/tutorial_taskflow_api_virtualenv.py
[2023-12-19T10:13:25.244+0000] {logging_mixin.py:154} INFO - [2023-12-19T10:13:25.243+0000] {dag.py:2941} INFO - Sync 1 DAGs
[2023-12-19T10:13:25.278+0000] {logging_mixin.py:154} INFO - [2023-12-19T10:13:25.278+0000] {dag.py:3722} INFO - Setting next_dagrun for tutorial_taskflow_api_virtualenv to None, run_after=None
[2023-12-19T10:13:25.312+0000] {processor.py:179} INFO - Processing /home/airflow/.local/lib/python3.8/site-packages/airflow/example_dags/tutorial_taskflow_api_virtualenv.py took 0.133 seconds
[2023-12-19T10:13:56.047+0000] {processor.py:157} INFO - Started process (PID=31872) to work on /home/airflow/.local/lib/python3.8/site-packages/airflow/example_dags/tutorial_taskflow_api_virtualenv.py
[2023-12-19T10:13:56.049+0000] {processor.py:829} INFO - Processing file /home/airflow/.local/lib/python3.8/site-packages/airflow/example_dags/tutorial_taskflow_api_virtualenv.py for tasks to queue
[2023-12-19T10:13:56.052+0000] {logging_mixin.py:154} INFO - [2023-12-19T10:13:56.051+0000] {dagbag.py:536} INFO - Filling up the DagBag from /home/airflow/.local/lib/python3.8/site-packages/airflow/example_dags/tutorial_taskflow_api_virtualenv.py
[2023-12-19T10:13:56.066+0000] {processor.py:839} INFO - DAG(s) dict_keys(['tutorial_taskflow_api_virtualenv']) retrieved from /home/airflow/.local/lib/python3.8/site-packages/airflow/example_dags/tutorial_taskflow_api_virtualenv.py
[2023-12-19T10:13:56.105+0000] {logging_mixin.py:154} INFO - [2023-12-19T10:13:56.105+0000] {dag.py:2941} INFO - Sync 1 DAGs
[2023-12-19T10:13:56.126+0000] {logging_mixin.py:154} INFO - [2023-12-19T10:13:56.126+0000] {dag.py:3722} INFO - Setting next_dagrun for tutorial_taskflow_api_virtualenv to None, run_after=None
[2023-12-19T10:13:56.160+0000] {processor.py:179} INFO - Processing /home/airflow/.local/lib/python3.8/site-packages/airflow/example_dags/tutorial_taskflow_api_virtualenv.py took 0.119 seconds
[2023-12-19T10:14:26.336+0000] {processor.py:157} INFO - Started process (PID=31927) to work on /home/airflow/.local/lib/python3.8/site-packages/airflow/example_dags/tutorial_taskflow_api_virtualenv.py
[2023-12-19T10:14:26.338+0000] {processor.py:829} INFO - Processing file /home/airflow/.local/lib/python3.8/site-packages/airflow/example_dags/tutorial_taskflow_api_virtualenv.py for tasks to queue
[2023-12-19T10:14:26.341+0000] {logging_mixin.py:154} INFO - [2023-12-19T10:14:26.340+0000] {dagbag.py:536} INFO - Filling up the DagBag from /home/airflow/.local/lib/python3.8/site-packages/airflow/example_dags/tutorial_taskflow_api_virtualenv.py
[2023-12-19T10:14:26.355+0000] {processor.py:839} INFO - DAG(s) dict_keys(['tutorial_taskflow_api_virtualenv']) retrieved from /home/airflow/.local/lib/python3.8/site-packages/airflow/example_dags/tutorial_taskflow_api_virtualenv.py
[2023-12-19T10:14:26.403+0000] {logging_mixin.py:154} INFO - [2023-12-19T10:14:26.403+0000] {dag.py:2941} INFO - Sync 1 DAGs
[2023-12-19T10:14:26.429+0000] {logging_mixin.py:154} INFO - [2023-12-19T10:14:26.429+0000] {dag.py:3722} INFO - Setting next_dagrun for tutorial_taskflow_api_virtualenv to None, run_after=None
[2023-12-19T10:14:26.464+0000] {processor.py:179} INFO - Processing /home/airflow/.local/lib/python3.8/site-packages/airflow/example_dags/tutorial_taskflow_api_virtualenv.py took 0.135 seconds
[2023-12-19T10:14:57.518+0000] {processor.py:157} INFO - Started process (PID=31982) to work on /home/airflow/.local/lib/python3.8/site-packages/airflow/example_dags/tutorial_taskflow_api_virtualenv.py
[2023-12-19T10:14:57.520+0000] {processor.py:829} INFO - Processing file /home/airflow/.local/lib/python3.8/site-packages/airflow/example_dags/tutorial_taskflow_api_virtualenv.py for tasks to queue
[2023-12-19T10:14:57.522+0000] {logging_mixin.py:154} INFO - [2023-12-19T10:14:57.522+0000] {dagbag.py:536} INFO - Filling up the DagBag from /home/airflow/.local/lib/python3.8/site-packages/airflow/example_dags/tutorial_taskflow_api_virtualenv.py
[2023-12-19T10:14:57.537+0000] {processor.py:839} INFO - DAG(s) dict_keys(['tutorial_taskflow_api_virtualenv']) retrieved from /home/airflow/.local/lib/python3.8/site-packages/airflow/example_dags/tutorial_taskflow_api_virtualenv.py
[2023-12-19T10:14:57.581+0000] {logging_mixin.py:154} INFO - [2023-12-19T10:14:57.581+0000] {dag.py:2941} INFO - Sync 1 DAGs
[2023-12-19T10:14:57.603+0000] {logging_mixin.py:154} INFO - [2023-12-19T10:14:57.603+0000] {dag.py:3722} INFO - Setting next_dagrun for tutorial_taskflow_api_virtualenv to None, run_after=None
[2023-12-19T10:14:57.633+0000] {processor.py:179} INFO - Processing /home/airflow/.local/lib/python3.8/site-packages/airflow/example_dags/tutorial_taskflow_api_virtualenv.py took 0.123 seconds
[2023-12-19T10:15:28.001+0000] {processor.py:157} INFO - Started process (PID=32038) to work on /home/airflow/.local/lib/python3.8/site-packages/airflow/example_dags/tutorial_taskflow_api_virtualenv.py
[2023-12-19T10:15:28.003+0000] {processor.py:829} INFO - Processing file /home/airflow/.local/lib/python3.8/site-packages/airflow/example_dags/tutorial_taskflow_api_virtualenv.py for tasks to queue
[2023-12-19T10:15:28.005+0000] {logging_mixin.py:154} INFO - [2023-12-19T10:15:28.004+0000] {dagbag.py:536} INFO - Filling up the DagBag from /home/airflow/.local/lib/python3.8/site-packages/airflow/example_dags/tutorial_taskflow_api_virtualenv.py
[2023-12-19T10:15:28.019+0000] {processor.py:839} INFO - DAG(s) dict_keys(['tutorial_taskflow_api_virtualenv']) retrieved from /home/airflow/.local/lib/python3.8/site-packages/airflow/example_dags/tutorial_taskflow_api_virtualenv.py
[2023-12-19T10:15:28.058+0000] {logging_mixin.py:154} INFO - [2023-12-19T10:15:28.057+0000] {dag.py:2941} INFO - Sync 1 DAGs
[2023-12-19T10:15:28.080+0000] {logging_mixin.py:154} INFO - [2023-12-19T10:15:28.080+0000] {dag.py:3722} INFO - Setting next_dagrun for tutorial_taskflow_api_virtualenv to None, run_after=None
[2023-12-19T10:15:28.113+0000] {processor.py:179} INFO - Processing /home/airflow/.local/lib/python3.8/site-packages/airflow/example_dags/tutorial_taskflow_api_virtualenv.py took 0.119 seconds
[2023-12-19T10:15:58.923+0000] {processor.py:157} INFO - Started process (PID=32093) to work on /home/airflow/.local/lib/python3.8/site-packages/airflow/example_dags/tutorial_taskflow_api_virtualenv.py
[2023-12-19T10:15:58.927+0000] {processor.py:829} INFO - Processing file /home/airflow/.local/lib/python3.8/site-packages/airflow/example_dags/tutorial_taskflow_api_virtualenv.py for tasks to queue
[2023-12-19T10:15:58.931+0000] {logging_mixin.py:154} INFO - [2023-12-19T10:15:58.930+0000] {dagbag.py:536} INFO - Filling up the DagBag from /home/airflow/.local/lib/python3.8/site-packages/airflow/example_dags/tutorial_taskflow_api_virtualenv.py
[2023-12-19T10:15:58.954+0000] {processor.py:839} INFO - DAG(s) dict_keys(['tutorial_taskflow_api_virtualenv']) retrieved from /home/airflow/.local/lib/python3.8/site-packages/airflow/example_dags/tutorial_taskflow_api_virtualenv.py
[2023-12-19T10:15:59.010+0000] {logging_mixin.py:154} INFO - [2023-12-19T10:15:59.009+0000] {dag.py:2941} INFO - Sync 1 DAGs
[2023-12-19T10:15:59.034+0000] {logging_mixin.py:154} INFO - [2023-12-19T10:15:59.034+0000] {dag.py:3722} INFO - Setting next_dagrun for tutorial_taskflow_api_virtualenv to None, run_after=None
[2023-12-19T10:15:59.075+0000] {processor.py:179} INFO - Processing /home/airflow/.local/lib/python3.8/site-packages/airflow/example_dags/tutorial_taskflow_api_virtualenv.py took 0.165 seconds
[2023-12-19T10:16:29.347+0000] {processor.py:157} INFO - Started process (PID=32148) to work on /home/airflow/.local/lib/python3.8/site-packages/airflow/example_dags/tutorial_taskflow_api_virtualenv.py
[2023-12-19T10:16:29.349+0000] {processor.py:829} INFO - Processing file /home/airflow/.local/lib/python3.8/site-packages/airflow/example_dags/tutorial_taskflow_api_virtualenv.py for tasks to queue
[2023-12-19T10:16:29.352+0000] {logging_mixin.py:154} INFO - [2023-12-19T10:16:29.351+0000] {dagbag.py:536} INFO - Filling up the DagBag from /home/airflow/.local/lib/python3.8/site-packages/airflow/example_dags/tutorial_taskflow_api_virtualenv.py
[2023-12-19T10:16:29.364+0000] {processor.py:839} INFO - DAG(s) dict_keys(['tutorial_taskflow_api_virtualenv']) retrieved from /home/airflow/.local/lib/python3.8/site-packages/airflow/example_dags/tutorial_taskflow_api_virtualenv.py
[2023-12-19T10:16:29.412+0000] {logging_mixin.py:154} INFO - [2023-12-19T10:16:29.412+0000] {dag.py:2941} INFO - Sync 1 DAGs
[2023-12-19T10:16:29.437+0000] {logging_mixin.py:154} INFO - [2023-12-19T10:16:29.436+0000] {dag.py:3722} INFO - Setting next_dagrun for tutorial_taskflow_api_virtualenv to None, run_after=None
[2023-12-19T10:16:29.477+0000] {processor.py:179} INFO - Processing /home/airflow/.local/lib/python3.8/site-packages/airflow/example_dags/tutorial_taskflow_api_virtualenv.py took 0.139 seconds
[2023-12-19T10:17:00.449+0000] {processor.py:157} INFO - Started process (PID=32203) to work on /home/airflow/.local/lib/python3.8/site-packages/airflow/example_dags/tutorial_taskflow_api_virtualenv.py
[2023-12-19T10:17:00.452+0000] {processor.py:829} INFO - Processing file /home/airflow/.local/lib/python3.8/site-packages/airflow/example_dags/tutorial_taskflow_api_virtualenv.py for tasks to queue
[2023-12-19T10:17:00.454+0000] {logging_mixin.py:154} INFO - [2023-12-19T10:17:00.454+0000] {dagbag.py:536} INFO - Filling up the DagBag from /home/airflow/.local/lib/python3.8/site-packages/airflow/example_dags/tutorial_taskflow_api_virtualenv.py
[2023-12-19T10:17:00.468+0000] {processor.py:839} INFO - DAG(s) dict_keys(['tutorial_taskflow_api_virtualenv']) retrieved from /home/airflow/.local/lib/python3.8/site-packages/airflow/example_dags/tutorial_taskflow_api_virtualenv.py
[2023-12-19T10:17:00.517+0000] {logging_mixin.py:154} INFO - [2023-12-19T10:17:00.516+0000] {dag.py:2941} INFO - Sync 1 DAGs
[2023-12-19T10:17:00.545+0000] {logging_mixin.py:154} INFO - [2023-12-19T10:17:00.545+0000] {dag.py:3722} INFO - Setting next_dagrun for tutorial_taskflow_api_virtualenv to None, run_after=None
[2023-12-19T10:17:00.587+0000] {processor.py:179} INFO - Processing /home/airflow/.local/lib/python3.8/site-packages/airflow/example_dags/tutorial_taskflow_api_virtualenv.py took 0.146 seconds
[2023-12-19T10:17:31.257+0000] {processor.py:157} INFO - Started process (PID=32258) to work on /home/airflow/.local/lib/python3.8/site-packages/airflow/example_dags/tutorial_taskflow_api_virtualenv.py
[2023-12-19T10:17:31.261+0000] {processor.py:829} INFO - Processing file /home/airflow/.local/lib/python3.8/site-packages/airflow/example_dags/tutorial_taskflow_api_virtualenv.py for tasks to queue
[2023-12-19T10:17:31.264+0000] {logging_mixin.py:154} INFO - [2023-12-19T10:17:31.263+0000] {dagbag.py:536} INFO - Filling up the DagBag from /home/airflow/.local/lib/python3.8/site-packages/airflow/example_dags/tutorial_taskflow_api_virtualenv.py
[2023-12-19T10:17:31.280+0000] {processor.py:839} INFO - DAG(s) dict_keys(['tutorial_taskflow_api_virtualenv']) retrieved from /home/airflow/.local/lib/python3.8/site-packages/airflow/example_dags/tutorial_taskflow_api_virtualenv.py
[2023-12-19T10:17:31.321+0000] {logging_mixin.py:154} INFO - [2023-12-19T10:17:31.321+0000] {dag.py:2941} INFO - Sync 1 DAGs
[2023-12-19T10:17:31.344+0000] {logging_mixin.py:154} INFO - [2023-12-19T10:17:31.344+0000] {dag.py:3722} INFO - Setting next_dagrun for tutorial_taskflow_api_virtualenv to None, run_after=None
[2023-12-19T10:17:31.386+0000] {processor.py:179} INFO - Processing /home/airflow/.local/lib/python3.8/site-packages/airflow/example_dags/tutorial_taskflow_api_virtualenv.py took 0.139 seconds
[2023-12-19T10:18:01.729+0000] {processor.py:157} INFO - Started process (PID=32313) to work on /home/airflow/.local/lib/python3.8/site-packages/airflow/example_dags/tutorial_taskflow_api_virtualenv.py
[2023-12-19T10:18:01.732+0000] {processor.py:829} INFO - Processing file /home/airflow/.local/lib/python3.8/site-packages/airflow/example_dags/tutorial_taskflow_api_virtualenv.py for tasks to queue
[2023-12-19T10:18:01.734+0000] {logging_mixin.py:154} INFO - [2023-12-19T10:18:01.734+0000] {dagbag.py:536} INFO - Filling up the DagBag from /home/airflow/.local/lib/python3.8/site-packages/airflow/example_dags/tutorial_taskflow_api_virtualenv.py
[2023-12-19T10:18:01.751+0000] {processor.py:839} INFO - DAG(s) dict_keys(['tutorial_taskflow_api_virtualenv']) retrieved from /home/airflow/.local/lib/python3.8/site-packages/airflow/example_dags/tutorial_taskflow_api_virtualenv.py
[2023-12-19T10:18:01.799+0000] {logging_mixin.py:154} INFO - [2023-12-19T10:18:01.799+0000] {dag.py:2941} INFO - Sync 1 DAGs
[2023-12-19T10:18:01.833+0000] {logging_mixin.py:154} INFO - [2023-12-19T10:18:01.833+0000] {dag.py:3722} INFO - Setting next_dagrun for tutorial_taskflow_api_virtualenv to None, run_after=None
[2023-12-19T10:18:01.873+0000] {processor.py:179} INFO - Processing /home/airflow/.local/lib/python3.8/site-packages/airflow/example_dags/tutorial_taskflow_api_virtualenv.py took 0.151 seconds
[2023-12-19T10:18:32.195+0000] {processor.py:157} INFO - Started process (PID=32368) to work on /home/airflow/.local/lib/python3.8/site-packages/airflow/example_dags/tutorial_taskflow_api_virtualenv.py
[2023-12-19T10:18:32.198+0000] {processor.py:829} INFO - Processing file /home/airflow/.local/lib/python3.8/site-packages/airflow/example_dags/tutorial_taskflow_api_virtualenv.py for tasks to queue
[2023-12-19T10:18:32.201+0000] {logging_mixin.py:154} INFO - [2023-12-19T10:18:32.201+0000] {dagbag.py:536} INFO - Filling up the DagBag from /home/airflow/.local/lib/python3.8/site-packages/airflow/example_dags/tutorial_taskflow_api_virtualenv.py
[2023-12-19T10:18:32.220+0000] {processor.py:839} INFO - DAG(s) dict_keys(['tutorial_taskflow_api_virtualenv']) retrieved from /home/airflow/.local/lib/python3.8/site-packages/airflow/example_dags/tutorial_taskflow_api_virtualenv.py
[2023-12-19T10:18:32.261+0000] {logging_mixin.py:154} INFO - [2023-12-19T10:18:32.260+0000] {dag.py:2941} INFO - Sync 1 DAGs
[2023-12-19T10:18:32.284+0000] {logging_mixin.py:154} INFO - [2023-12-19T10:18:32.284+0000] {dag.py:3722} INFO - Setting next_dagrun for tutorial_taskflow_api_virtualenv to None, run_after=None
[2023-12-19T10:18:32.320+0000] {processor.py:179} INFO - Processing /home/airflow/.local/lib/python3.8/site-packages/airflow/example_dags/tutorial_taskflow_api_virtualenv.py took 0.132 seconds
[2023-12-19T10:19:02.548+0000] {processor.py:157} INFO - Started process (PID=32423) to work on /home/airflow/.local/lib/python3.8/site-packages/airflow/example_dags/tutorial_taskflow_api_virtualenv.py
[2023-12-19T10:19:02.551+0000] {processor.py:829} INFO - Processing file /home/airflow/.local/lib/python3.8/site-packages/airflow/example_dags/tutorial_taskflow_api_virtualenv.py for tasks to queue
[2023-12-19T10:19:02.553+0000] {logging_mixin.py:154} INFO - [2023-12-19T10:19:02.552+0000] {dagbag.py:536} INFO - Filling up the DagBag from /home/airflow/.local/lib/python3.8/site-packages/airflow/example_dags/tutorial_taskflow_api_virtualenv.py
[2023-12-19T10:19:02.566+0000] {processor.py:839} INFO - DAG(s) dict_keys(['tutorial_taskflow_api_virtualenv']) retrieved from /home/airflow/.local/lib/python3.8/site-packages/airflow/example_dags/tutorial_taskflow_api_virtualenv.py
[2023-12-19T10:19:02.605+0000] {logging_mixin.py:154} INFO - [2023-12-19T10:19:02.604+0000] {dag.py:2941} INFO - Sync 1 DAGs
[2023-12-19T10:19:02.626+0000] {logging_mixin.py:154} INFO - [2023-12-19T10:19:02.625+0000] {dag.py:3722} INFO - Setting next_dagrun for tutorial_taskflow_api_virtualenv to None, run_after=None
[2023-12-19T10:19:02.661+0000] {processor.py:179} INFO - Processing /home/airflow/.local/lib/python3.8/site-packages/airflow/example_dags/tutorial_taskflow_api_virtualenv.py took 0.120 seconds
[2023-12-19T10:19:32.922+0000] {processor.py:157} INFO - Started process (PID=32478) to work on /home/airflow/.local/lib/python3.8/site-packages/airflow/example_dags/tutorial_taskflow_api_virtualenv.py
[2023-12-19T10:19:32.924+0000] {processor.py:829} INFO - Processing file /home/airflow/.local/lib/python3.8/site-packages/airflow/example_dags/tutorial_taskflow_api_virtualenv.py for tasks to queue
[2023-12-19T10:19:32.926+0000] {logging_mixin.py:154} INFO - [2023-12-19T10:19:32.926+0000] {dagbag.py:536} INFO - Filling up the DagBag from /home/airflow/.local/lib/python3.8/site-packages/airflow/example_dags/tutorial_taskflow_api_virtualenv.py
[2023-12-19T10:19:32.941+0000] {processor.py:839} INFO - DAG(s) dict_keys(['tutorial_taskflow_api_virtualenv']) retrieved from /home/airflow/.local/lib/python3.8/site-packages/airflow/example_dags/tutorial_taskflow_api_virtualenv.py
[2023-12-19T10:19:32.981+0000] {logging_mixin.py:154} INFO - [2023-12-19T10:19:32.981+0000] {dag.py:2941} INFO - Sync 1 DAGs
[2023-12-19T10:19:33.012+0000] {logging_mixin.py:154} INFO - [2023-12-19T10:19:33.012+0000] {dag.py:3722} INFO - Setting next_dagrun for tutorial_taskflow_api_virtualenv to None, run_after=None
[2023-12-19T10:19:33.046+0000] {processor.py:179} INFO - Processing /home/airflow/.local/lib/python3.8/site-packages/airflow/example_dags/tutorial_taskflow_api_virtualenv.py took 0.130 seconds
[2023-12-19T10:20:03.310+0000] {processor.py:157} INFO - Started process (PID=32534) to work on /home/airflow/.local/lib/python3.8/site-packages/airflow/example_dags/tutorial_taskflow_api_virtualenv.py
[2023-12-19T10:20:03.312+0000] {processor.py:829} INFO - Processing file /home/airflow/.local/lib/python3.8/site-packages/airflow/example_dags/tutorial_taskflow_api_virtualenv.py for tasks to queue
[2023-12-19T10:20:03.315+0000] {logging_mixin.py:154} INFO - [2023-12-19T10:20:03.315+0000] {dagbag.py:536} INFO - Filling up the DagBag from /home/airflow/.local/lib/python3.8/site-packages/airflow/example_dags/tutorial_taskflow_api_virtualenv.py
[2023-12-19T10:20:03.330+0000] {processor.py:839} INFO - DAG(s) dict_keys(['tutorial_taskflow_api_virtualenv']) retrieved from /home/airflow/.local/lib/python3.8/site-packages/airflow/example_dags/tutorial_taskflow_api_virtualenv.py
[2023-12-19T10:20:03.401+0000] {logging_mixin.py:154} INFO - [2023-12-19T10:20:03.401+0000] {dag.py:2941} INFO - Sync 1 DAGs
[2023-12-19T10:20:03.423+0000] {logging_mixin.py:154} INFO - [2023-12-19T10:20:03.423+0000] {dag.py:3722} INFO - Setting next_dagrun for tutorial_taskflow_api_virtualenv to None, run_after=None
[2023-12-19T10:20:03.459+0000] {processor.py:179} INFO - Processing /home/airflow/.local/lib/python3.8/site-packages/airflow/example_dags/tutorial_taskflow_api_virtualenv.py took 0.157 seconds
[2023-12-19T10:20:33.992+0000] {processor.py:157} INFO - Started process (PID=32589) to work on /home/airflow/.local/lib/python3.8/site-packages/airflow/example_dags/tutorial_taskflow_api_virtualenv.py
[2023-12-19T10:20:33.994+0000] {processor.py:829} INFO - Processing file /home/airflow/.local/lib/python3.8/site-packages/airflow/example_dags/tutorial_taskflow_api_virtualenv.py for tasks to queue
[2023-12-19T10:20:33.997+0000] {logging_mixin.py:154} INFO - [2023-12-19T10:20:33.996+0000] {dagbag.py:536} INFO - Filling up the DagBag from /home/airflow/.local/lib/python3.8/site-packages/airflow/example_dags/tutorial_taskflow_api_virtualenv.py
[2023-12-19T10:20:34.011+0000] {processor.py:839} INFO - DAG(s) dict_keys(['tutorial_taskflow_api_virtualenv']) retrieved from /home/airflow/.local/lib/python3.8/site-packages/airflow/example_dags/tutorial_taskflow_api_virtualenv.py
[2023-12-19T10:20:34.049+0000] {logging_mixin.py:154} INFO - [2023-12-19T10:20:34.048+0000] {dag.py:2941} INFO - Sync 1 DAGs
[2023-12-19T10:20:34.073+0000] {logging_mixin.py:154} INFO - [2023-12-19T10:20:34.073+0000] {dag.py:3722} INFO - Setting next_dagrun for tutorial_taskflow_api_virtualenv to None, run_after=None
[2023-12-19T10:20:34.107+0000] {processor.py:179} INFO - Processing /home/airflow/.local/lib/python3.8/site-packages/airflow/example_dags/tutorial_taskflow_api_virtualenv.py took 0.122 seconds
[2023-12-19T10:21:05.311+0000] {processor.py:157} INFO - Started process (PID=32652) to work on /home/airflow/.local/lib/python3.8/site-packages/airflow/example_dags/tutorial_taskflow_api_virtualenv.py
[2023-12-19T10:21:05.314+0000] {processor.py:829} INFO - Processing file /home/airflow/.local/lib/python3.8/site-packages/airflow/example_dags/tutorial_taskflow_api_virtualenv.py for tasks to queue
[2023-12-19T10:21:05.317+0000] {logging_mixin.py:154} INFO - [2023-12-19T10:21:05.316+0000] {dagbag.py:536} INFO - Filling up the DagBag from /home/airflow/.local/lib/python3.8/site-packages/airflow/example_dags/tutorial_taskflow_api_virtualenv.py
[2023-12-19T10:21:05.331+0000] {processor.py:839} INFO - DAG(s) dict_keys(['tutorial_taskflow_api_virtualenv']) retrieved from /home/airflow/.local/lib/python3.8/site-packages/airflow/example_dags/tutorial_taskflow_api_virtualenv.py
[2023-12-19T10:21:05.380+0000] {logging_mixin.py:154} INFO - [2023-12-19T10:21:05.380+0000] {dag.py:2941} INFO - Sync 1 DAGs
[2023-12-19T10:21:05.410+0000] {logging_mixin.py:154} INFO - [2023-12-19T10:21:05.410+0000] {dag.py:3722} INFO - Setting next_dagrun for tutorial_taskflow_api_virtualenv to None, run_after=None
[2023-12-19T10:21:05.453+0000] {processor.py:179} INFO - Processing /home/airflow/.local/lib/python3.8/site-packages/airflow/example_dags/tutorial_taskflow_api_virtualenv.py took 0.149 seconds
[2023-12-19T10:21:36.085+0000] {processor.py:157} INFO - Started process (PID=32706) to work on /home/airflow/.local/lib/python3.8/site-packages/airflow/example_dags/tutorial_taskflow_api_virtualenv.py
[2023-12-19T10:21:36.089+0000] {processor.py:829} INFO - Processing file /home/airflow/.local/lib/python3.8/site-packages/airflow/example_dags/tutorial_taskflow_api_virtualenv.py for tasks to queue
[2023-12-19T10:21:36.091+0000] {logging_mixin.py:154} INFO - [2023-12-19T10:21:36.091+0000] {dagbag.py:536} INFO - Filling up the DagBag from /home/airflow/.local/lib/python3.8/site-packages/airflow/example_dags/tutorial_taskflow_api_virtualenv.py
[2023-12-19T10:21:36.105+0000] {processor.py:839} INFO - DAG(s) dict_keys(['tutorial_taskflow_api_virtualenv']) retrieved from /home/airflow/.local/lib/python3.8/site-packages/airflow/example_dags/tutorial_taskflow_api_virtualenv.py
[2023-12-19T10:21:36.144+0000] {logging_mixin.py:154} INFO - [2023-12-19T10:21:36.143+0000] {dag.py:2941} INFO - Sync 1 DAGs
[2023-12-19T10:21:36.166+0000] {logging_mixin.py:154} INFO - [2023-12-19T10:21:36.165+0000] {dag.py:3722} INFO - Setting next_dagrun for tutorial_taskflow_api_virtualenv to None, run_after=None
[2023-12-19T10:21:36.201+0000] {processor.py:179} INFO - Processing /home/airflow/.local/lib/python3.8/site-packages/airflow/example_dags/tutorial_taskflow_api_virtualenv.py took 0.123 seconds
[2023-12-19T10:22:06.355+0000] {processor.py:157} INFO - Started process (PID=32761) to work on /home/airflow/.local/lib/python3.8/site-packages/airflow/example_dags/tutorial_taskflow_api_virtualenv.py
[2023-12-19T10:22:06.357+0000] {processor.py:829} INFO - Processing file /home/airflow/.local/lib/python3.8/site-packages/airflow/example_dags/tutorial_taskflow_api_virtualenv.py for tasks to queue
[2023-12-19T10:22:06.359+0000] {logging_mixin.py:154} INFO - [2023-12-19T10:22:06.359+0000] {dagbag.py:536} INFO - Filling up the DagBag from /home/airflow/.local/lib/python3.8/site-packages/airflow/example_dags/tutorial_taskflow_api_virtualenv.py
[2023-12-19T10:22:06.373+0000] {processor.py:839} INFO - DAG(s) dict_keys(['tutorial_taskflow_api_virtualenv']) retrieved from /home/airflow/.local/lib/python3.8/site-packages/airflow/example_dags/tutorial_taskflow_api_virtualenv.py
[2023-12-19T10:22:06.415+0000] {logging_mixin.py:154} INFO - [2023-12-19T10:22:06.415+0000] {dag.py:2941} INFO - Sync 1 DAGs
[2023-12-19T10:22:06.437+0000] {logging_mixin.py:154} INFO - [2023-12-19T10:22:06.437+0000] {dag.py:3722} INFO - Setting next_dagrun for tutorial_taskflow_api_virtualenv to None, run_after=None
[2023-12-19T10:22:06.472+0000] {processor.py:179} INFO - Processing /home/airflow/.local/lib/python3.8/site-packages/airflow/example_dags/tutorial_taskflow_api_virtualenv.py took 0.124 seconds
[2023-12-19T10:22:36.777+0000] {processor.py:157} INFO - Started process (PID=32816) to work on /home/airflow/.local/lib/python3.8/site-packages/airflow/example_dags/tutorial_taskflow_api_virtualenv.py
[2023-12-19T10:22:36.779+0000] {processor.py:829} INFO - Processing file /home/airflow/.local/lib/python3.8/site-packages/airflow/example_dags/tutorial_taskflow_api_virtualenv.py for tasks to queue
[2023-12-19T10:22:36.781+0000] {logging_mixin.py:154} INFO - [2023-12-19T10:22:36.780+0000] {dagbag.py:536} INFO - Filling up the DagBag from /home/airflow/.local/lib/python3.8/site-packages/airflow/example_dags/tutorial_taskflow_api_virtualenv.py
[2023-12-19T10:22:36.794+0000] {processor.py:839} INFO - DAG(s) dict_keys(['tutorial_taskflow_api_virtualenv']) retrieved from /home/airflow/.local/lib/python3.8/site-packages/airflow/example_dags/tutorial_taskflow_api_virtualenv.py
[2023-12-19T10:22:36.834+0000] {logging_mixin.py:154} INFO - [2023-12-19T10:22:36.834+0000] {dag.py:2941} INFO - Sync 1 DAGs
[2023-12-19T10:22:36.859+0000] {logging_mixin.py:154} INFO - [2023-12-19T10:22:36.859+0000] {dag.py:3722} INFO - Setting next_dagrun for tutorial_taskflow_api_virtualenv to None, run_after=None
[2023-12-19T10:22:36.895+0000] {processor.py:179} INFO - Processing /home/airflow/.local/lib/python3.8/site-packages/airflow/example_dags/tutorial_taskflow_api_virtualenv.py took 0.125 seconds
[2023-12-19T10:23:07.151+0000] {processor.py:157} INFO - Started process (PID=32871) to work on /home/airflow/.local/lib/python3.8/site-packages/airflow/example_dags/tutorial_taskflow_api_virtualenv.py
[2023-12-19T10:23:07.154+0000] {processor.py:829} INFO - Processing file /home/airflow/.local/lib/python3.8/site-packages/airflow/example_dags/tutorial_taskflow_api_virtualenv.py for tasks to queue
[2023-12-19T10:23:07.156+0000] {logging_mixin.py:154} INFO - [2023-12-19T10:23:07.156+0000] {dagbag.py:536} INFO - Filling up the DagBag from /home/airflow/.local/lib/python3.8/site-packages/airflow/example_dags/tutorial_taskflow_api_virtualenv.py
[2023-12-19T10:23:07.170+0000] {processor.py:839} INFO - DAG(s) dict_keys(['tutorial_taskflow_api_virtualenv']) retrieved from /home/airflow/.local/lib/python3.8/site-packages/airflow/example_dags/tutorial_taskflow_api_virtualenv.py
[2023-12-19T10:23:07.206+0000] {logging_mixin.py:154} INFO - [2023-12-19T10:23:07.206+0000] {dag.py:2941} INFO - Sync 1 DAGs
[2023-12-19T10:23:07.228+0000] {logging_mixin.py:154} INFO - [2023-12-19T10:23:07.228+0000] {dag.py:3722} INFO - Setting next_dagrun for tutorial_taskflow_api_virtualenv to None, run_after=None
[2023-12-19T10:23:07.264+0000] {processor.py:179} INFO - Processing /home/airflow/.local/lib/python3.8/site-packages/airflow/example_dags/tutorial_taskflow_api_virtualenv.py took 0.119 seconds
