[2023-12-19T09:59:07.919+0000] {processor.py:157} INFO - Started process (PID=30287) to work on /home/airflow/.local/lib/python3.8/site-packages/airflow/example_dags/tutorial_dag.py
[2023-12-19T09:59:07.923+0000] {processor.py:829} INFO - Processing file /home/airflow/.local/lib/python3.8/site-packages/airflow/example_dags/tutorial_dag.py for tasks to queue
[2023-12-19T09:59:07.928+0000] {logging_mixin.py:154} INFO - [2023-12-19T09:59:07.928+0000] {dagbag.py:536} INFO - Filling up the DagBag from /home/airflow/.local/lib/python3.8/site-packages/airflow/example_dags/tutorial_dag.py
[2023-12-19T09:59:07.962+0000] {processor.py:839} INFO - DAG(s) dict_keys(['tutorial_dag']) retrieved from /home/airflow/.local/lib/python3.8/site-packages/airflow/example_dags/tutorial_dag.py
[2023-12-19T09:59:08.035+0000] {logging_mixin.py:154} INFO - [2023-12-19T09:59:08.035+0000] {dag.py:2941} INFO - Sync 1 DAGs
[2023-12-19T09:59:08.089+0000] {logging_mixin.py:154} INFO - [2023-12-19T09:59:08.089+0000] {dag.py:3722} INFO - Setting next_dagrun for tutorial_dag to None, run_after=None
[2023-12-19T09:59:08.206+0000] {processor.py:179} INFO - Processing /home/airflow/.local/lib/python3.8/site-packages/airflow/example_dags/tutorial_dag.py took 0.300 seconds
[2023-12-19T09:59:38.968+0000] {processor.py:157} INFO - Started process (PID=30342) to work on /home/airflow/.local/lib/python3.8/site-packages/airflow/example_dags/tutorial_dag.py
[2023-12-19T09:59:38.973+0000] {processor.py:829} INFO - Processing file /home/airflow/.local/lib/python3.8/site-packages/airflow/example_dags/tutorial_dag.py for tasks to queue
[2023-12-19T09:59:38.976+0000] {logging_mixin.py:154} INFO - [2023-12-19T09:59:38.975+0000] {dagbag.py:536} INFO - Filling up the DagBag from /home/airflow/.local/lib/python3.8/site-packages/airflow/example_dags/tutorial_dag.py
[2023-12-19T09:59:39.010+0000] {processor.py:839} INFO - DAG(s) dict_keys(['tutorial_dag']) retrieved from /home/airflow/.local/lib/python3.8/site-packages/airflow/example_dags/tutorial_dag.py
[2023-12-19T09:59:39.074+0000] {logging_mixin.py:154} INFO - [2023-12-19T09:59:39.074+0000] {dag.py:2941} INFO - Sync 1 DAGs
[2023-12-19T09:59:39.099+0000] {logging_mixin.py:154} INFO - [2023-12-19T09:59:39.098+0000] {dag.py:3722} INFO - Setting next_dagrun for tutorial_dag to None, run_after=None
[2023-12-19T09:59:39.155+0000] {processor.py:179} INFO - Processing /home/airflow/.local/lib/python3.8/site-packages/airflow/example_dags/tutorial_dag.py took 0.204 seconds
[2023-12-19T10:00:09.320+0000] {processor.py:157} INFO - Started process (PID=30397) to work on /home/airflow/.local/lib/python3.8/site-packages/airflow/example_dags/tutorial_dag.py
[2023-12-19T10:00:09.322+0000] {processor.py:829} INFO - Processing file /home/airflow/.local/lib/python3.8/site-packages/airflow/example_dags/tutorial_dag.py for tasks to queue
[2023-12-19T10:00:09.324+0000] {logging_mixin.py:154} INFO - [2023-12-19T10:00:09.324+0000] {dagbag.py:536} INFO - Filling up the DagBag from /home/airflow/.local/lib/python3.8/site-packages/airflow/example_dags/tutorial_dag.py
[2023-12-19T10:00:09.335+0000] {processor.py:839} INFO - DAG(s) dict_keys(['tutorial_dag']) retrieved from /home/airflow/.local/lib/python3.8/site-packages/airflow/example_dags/tutorial_dag.py
[2023-12-19T10:00:09.377+0000] {logging_mixin.py:154} INFO - [2023-12-19T10:00:09.377+0000] {dag.py:2941} INFO - Sync 1 DAGs
[2023-12-19T10:00:09.402+0000] {logging_mixin.py:154} INFO - [2023-12-19T10:00:09.402+0000] {dag.py:3722} INFO - Setting next_dagrun for tutorial_dag to None, run_after=None
[2023-12-19T10:00:09.441+0000] {processor.py:179} INFO - Processing /home/airflow/.local/lib/python3.8/site-packages/airflow/example_dags/tutorial_dag.py took 0.127 seconds
[2023-12-19T10:00:39.603+0000] {processor.py:157} INFO - Started process (PID=30452) to work on /home/airflow/.local/lib/python3.8/site-packages/airflow/example_dags/tutorial_dag.py
[2023-12-19T10:00:39.606+0000] {processor.py:829} INFO - Processing file /home/airflow/.local/lib/python3.8/site-packages/airflow/example_dags/tutorial_dag.py for tasks to queue
[2023-12-19T10:00:39.608+0000] {logging_mixin.py:154} INFO - [2023-12-19T10:00:39.608+0000] {dagbag.py:536} INFO - Filling up the DagBag from /home/airflow/.local/lib/python3.8/site-packages/airflow/example_dags/tutorial_dag.py
[2023-12-19T10:00:39.619+0000] {processor.py:839} INFO - DAG(s) dict_keys(['tutorial_dag']) retrieved from /home/airflow/.local/lib/python3.8/site-packages/airflow/example_dags/tutorial_dag.py
[2023-12-19T10:00:39.654+0000] {logging_mixin.py:154} INFO - [2023-12-19T10:00:39.654+0000] {dag.py:2941} INFO - Sync 1 DAGs
[2023-12-19T10:00:39.675+0000] {logging_mixin.py:154} INFO - [2023-12-19T10:00:39.675+0000] {dag.py:3722} INFO - Setting next_dagrun for tutorial_dag to None, run_after=None
[2023-12-19T10:00:39.709+0000] {processor.py:179} INFO - Processing /home/airflow/.local/lib/python3.8/site-packages/airflow/example_dags/tutorial_dag.py took 0.112 seconds
[2023-12-19T10:01:10.908+0000] {processor.py:157} INFO - Started process (PID=30507) to work on /home/airflow/.local/lib/python3.8/site-packages/airflow/example_dags/tutorial_dag.py
[2023-12-19T10:01:10.917+0000] {processor.py:829} INFO - Processing file /home/airflow/.local/lib/python3.8/site-packages/airflow/example_dags/tutorial_dag.py for tasks to queue
[2023-12-19T10:01:10.919+0000] {logging_mixin.py:154} INFO - [2023-12-19T10:01:10.919+0000] {dagbag.py:536} INFO - Filling up the DagBag from /home/airflow/.local/lib/python3.8/site-packages/airflow/example_dags/tutorial_dag.py
[2023-12-19T10:01:10.931+0000] {processor.py:839} INFO - DAG(s) dict_keys(['tutorial_dag']) retrieved from /home/airflow/.local/lib/python3.8/site-packages/airflow/example_dags/tutorial_dag.py
[2023-12-19T10:01:11.042+0000] {logging_mixin.py:154} INFO - [2023-12-19T10:01:11.041+0000] {dag.py:2941} INFO - Sync 1 DAGs
[2023-12-19T10:01:11.069+0000] {logging_mixin.py:154} INFO - [2023-12-19T10:01:11.069+0000] {dag.py:3722} INFO - Setting next_dagrun for tutorial_dag to None, run_after=None
[2023-12-19T10:01:11.122+0000] {processor.py:179} INFO - Processing /home/airflow/.local/lib/python3.8/site-packages/airflow/example_dags/tutorial_dag.py took 0.221 seconds
[2023-12-19T10:01:41.705+0000] {processor.py:157} INFO - Started process (PID=30562) to work on /home/airflow/.local/lib/python3.8/site-packages/airflow/example_dags/tutorial_dag.py
[2023-12-19T10:01:41.709+0000] {processor.py:829} INFO - Processing file /home/airflow/.local/lib/python3.8/site-packages/airflow/example_dags/tutorial_dag.py for tasks to queue
[2023-12-19T10:01:41.711+0000] {logging_mixin.py:154} INFO - [2023-12-19T10:01:41.711+0000] {dagbag.py:536} INFO - Filling up the DagBag from /home/airflow/.local/lib/python3.8/site-packages/airflow/example_dags/tutorial_dag.py
[2023-12-19T10:01:41.722+0000] {processor.py:839} INFO - DAG(s) dict_keys(['tutorial_dag']) retrieved from /home/airflow/.local/lib/python3.8/site-packages/airflow/example_dags/tutorial_dag.py
[2023-12-19T10:01:41.766+0000] {logging_mixin.py:154} INFO - [2023-12-19T10:01:41.765+0000] {dag.py:2941} INFO - Sync 1 DAGs
[2023-12-19T10:01:41.790+0000] {logging_mixin.py:154} INFO - [2023-12-19T10:01:41.789+0000] {dag.py:3722} INFO - Setting next_dagrun for tutorial_dag to None, run_after=None
[2023-12-19T10:01:41.830+0000] {processor.py:179} INFO - Processing /home/airflow/.local/lib/python3.8/site-packages/airflow/example_dags/tutorial_dag.py took 0.131 seconds
[2023-12-19T10:02:11.974+0000] {processor.py:157} INFO - Started process (PID=30617) to work on /home/airflow/.local/lib/python3.8/site-packages/airflow/example_dags/tutorial_dag.py
[2023-12-19T10:02:11.977+0000] {processor.py:829} INFO - Processing file /home/airflow/.local/lib/python3.8/site-packages/airflow/example_dags/tutorial_dag.py for tasks to queue
[2023-12-19T10:02:11.979+0000] {logging_mixin.py:154} INFO - [2023-12-19T10:02:11.978+0000] {dagbag.py:536} INFO - Filling up the DagBag from /home/airflow/.local/lib/python3.8/site-packages/airflow/example_dags/tutorial_dag.py
[2023-12-19T10:02:11.991+0000] {processor.py:839} INFO - DAG(s) dict_keys(['tutorial_dag']) retrieved from /home/airflow/.local/lib/python3.8/site-packages/airflow/example_dags/tutorial_dag.py
[2023-12-19T10:02:12.037+0000] {logging_mixin.py:154} INFO - [2023-12-19T10:02:12.036+0000] {dag.py:2941} INFO - Sync 1 DAGs
[2023-12-19T10:02:12.062+0000] {logging_mixin.py:154} INFO - [2023-12-19T10:02:12.062+0000] {dag.py:3722} INFO - Setting next_dagrun for tutorial_dag to None, run_after=None
[2023-12-19T10:02:12.095+0000] {processor.py:179} INFO - Processing /home/airflow/.local/lib/python3.8/site-packages/airflow/example_dags/tutorial_dag.py took 0.129 seconds
[2023-12-19T10:02:42.838+0000] {processor.py:157} INFO - Started process (PID=30673) to work on /home/airflow/.local/lib/python3.8/site-packages/airflow/example_dags/tutorial_dag.py
[2023-12-19T10:02:42.840+0000] {processor.py:829} INFO - Processing file /home/airflow/.local/lib/python3.8/site-packages/airflow/example_dags/tutorial_dag.py for tasks to queue
[2023-12-19T10:02:42.842+0000] {logging_mixin.py:154} INFO - [2023-12-19T10:02:42.842+0000] {dagbag.py:536} INFO - Filling up the DagBag from /home/airflow/.local/lib/python3.8/site-packages/airflow/example_dags/tutorial_dag.py
[2023-12-19T10:02:42.853+0000] {processor.py:839} INFO - DAG(s) dict_keys(['tutorial_dag']) retrieved from /home/airflow/.local/lib/python3.8/site-packages/airflow/example_dags/tutorial_dag.py
[2023-12-19T10:02:42.892+0000] {logging_mixin.py:154} INFO - [2023-12-19T10:02:42.892+0000] {dag.py:2941} INFO - Sync 1 DAGs
[2023-12-19T10:02:42.915+0000] {logging_mixin.py:154} INFO - [2023-12-19T10:02:42.915+0000] {dag.py:3722} INFO - Setting next_dagrun for tutorial_dag to None, run_after=None
[2023-12-19T10:02:42.950+0000] {processor.py:179} INFO - Processing /home/airflow/.local/lib/python3.8/site-packages/airflow/example_dags/tutorial_dag.py took 0.119 seconds
[2023-12-19T10:03:13.776+0000] {processor.py:157} INFO - Started process (PID=30727) to work on /home/airflow/.local/lib/python3.8/site-packages/airflow/example_dags/tutorial_dag.py
[2023-12-19T10:03:13.779+0000] {processor.py:829} INFO - Processing file /home/airflow/.local/lib/python3.8/site-packages/airflow/example_dags/tutorial_dag.py for tasks to queue
[2023-12-19T10:03:13.782+0000] {logging_mixin.py:154} INFO - [2023-12-19T10:03:13.782+0000] {dagbag.py:536} INFO - Filling up the DagBag from /home/airflow/.local/lib/python3.8/site-packages/airflow/example_dags/tutorial_dag.py
[2023-12-19T10:03:13.799+0000] {processor.py:839} INFO - DAG(s) dict_keys(['tutorial_dag']) retrieved from /home/airflow/.local/lib/python3.8/site-packages/airflow/example_dags/tutorial_dag.py
[2023-12-19T10:03:13.850+0000] {logging_mixin.py:154} INFO - [2023-12-19T10:03:13.850+0000] {dag.py:2941} INFO - Sync 1 DAGs
[2023-12-19T10:03:13.873+0000] {logging_mixin.py:154} INFO - [2023-12-19T10:03:13.872+0000] {dag.py:3722} INFO - Setting next_dagrun for tutorial_dag to None, run_after=None
[2023-12-19T10:03:13.909+0000] {processor.py:179} INFO - Processing /home/airflow/.local/lib/python3.8/site-packages/airflow/example_dags/tutorial_dag.py took 0.141 seconds
[2023-12-19T10:03:44.602+0000] {processor.py:157} INFO - Started process (PID=30782) to work on /home/airflow/.local/lib/python3.8/site-packages/airflow/example_dags/tutorial_dag.py
[2023-12-19T10:03:44.605+0000] {processor.py:829} INFO - Processing file /home/airflow/.local/lib/python3.8/site-packages/airflow/example_dags/tutorial_dag.py for tasks to queue
[2023-12-19T10:03:44.608+0000] {logging_mixin.py:154} INFO - [2023-12-19T10:03:44.607+0000] {dagbag.py:536} INFO - Filling up the DagBag from /home/airflow/.local/lib/python3.8/site-packages/airflow/example_dags/tutorial_dag.py
[2023-12-19T10:03:44.617+0000] {processor.py:839} INFO - DAG(s) dict_keys(['tutorial_dag']) retrieved from /home/airflow/.local/lib/python3.8/site-packages/airflow/example_dags/tutorial_dag.py
[2023-12-19T10:03:44.660+0000] {logging_mixin.py:154} INFO - [2023-12-19T10:03:44.660+0000] {dag.py:2941} INFO - Sync 1 DAGs
[2023-12-19T10:03:44.685+0000] {logging_mixin.py:154} INFO - [2023-12-19T10:03:44.685+0000] {dag.py:3722} INFO - Setting next_dagrun for tutorial_dag to None, run_after=None
[2023-12-19T10:03:44.723+0000] {processor.py:179} INFO - Processing /home/airflow/.local/lib/python3.8/site-packages/airflow/example_dags/tutorial_dag.py took 0.127 seconds
[2023-12-19T10:04:15.626+0000] {processor.py:157} INFO - Started process (PID=30837) to work on /home/airflow/.local/lib/python3.8/site-packages/airflow/example_dags/tutorial_dag.py
[2023-12-19T10:04:15.628+0000] {processor.py:829} INFO - Processing file /home/airflow/.local/lib/python3.8/site-packages/airflow/example_dags/tutorial_dag.py for tasks to queue
[2023-12-19T10:04:15.631+0000] {logging_mixin.py:154} INFO - [2023-12-19T10:04:15.630+0000] {dagbag.py:536} INFO - Filling up the DagBag from /home/airflow/.local/lib/python3.8/site-packages/airflow/example_dags/tutorial_dag.py
[2023-12-19T10:04:15.643+0000] {processor.py:839} INFO - DAG(s) dict_keys(['tutorial_dag']) retrieved from /home/airflow/.local/lib/python3.8/site-packages/airflow/example_dags/tutorial_dag.py
[2023-12-19T10:04:15.686+0000] {logging_mixin.py:154} INFO - [2023-12-19T10:04:15.686+0000] {dag.py:2941} INFO - Sync 1 DAGs
[2023-12-19T10:04:15.707+0000] {logging_mixin.py:154} INFO - [2023-12-19T10:04:15.707+0000] {dag.py:3722} INFO - Setting next_dagrun for tutorial_dag to None, run_after=None
[2023-12-19T10:04:15.745+0000] {processor.py:179} INFO - Processing /home/airflow/.local/lib/python3.8/site-packages/airflow/example_dags/tutorial_dag.py took 0.127 seconds
[2023-12-19T10:04:46.125+0000] {processor.py:157} INFO - Started process (PID=30893) to work on /home/airflow/.local/lib/python3.8/site-packages/airflow/example_dags/tutorial_dag.py
[2023-12-19T10:04:46.135+0000] {processor.py:829} INFO - Processing file /home/airflow/.local/lib/python3.8/site-packages/airflow/example_dags/tutorial_dag.py for tasks to queue
[2023-12-19T10:04:46.137+0000] {logging_mixin.py:154} INFO - [2023-12-19T10:04:46.137+0000] {dagbag.py:536} INFO - Filling up the DagBag from /home/airflow/.local/lib/python3.8/site-packages/airflow/example_dags/tutorial_dag.py
[2023-12-19T10:04:46.146+0000] {processor.py:839} INFO - DAG(s) dict_keys(['tutorial_dag']) retrieved from /home/airflow/.local/lib/python3.8/site-packages/airflow/example_dags/tutorial_dag.py
[2023-12-19T10:04:46.191+0000] {logging_mixin.py:154} INFO - [2023-12-19T10:04:46.191+0000] {dag.py:2941} INFO - Sync 1 DAGs
[2023-12-19T10:04:46.217+0000] {logging_mixin.py:154} INFO - [2023-12-19T10:04:46.217+0000] {dag.py:3722} INFO - Setting next_dagrun for tutorial_dag to None, run_after=None
[2023-12-19T10:04:46.258+0000] {processor.py:179} INFO - Processing /home/airflow/.local/lib/python3.8/site-packages/airflow/example_dags/tutorial_dag.py took 0.139 seconds
[2023-12-19T10:05:16.773+0000] {processor.py:157} INFO - Started process (PID=30948) to work on /home/airflow/.local/lib/python3.8/site-packages/airflow/example_dags/tutorial_dag.py
[2023-12-19T10:05:16.775+0000] {processor.py:829} INFO - Processing file /home/airflow/.local/lib/python3.8/site-packages/airflow/example_dags/tutorial_dag.py for tasks to queue
[2023-12-19T10:05:16.777+0000] {logging_mixin.py:154} INFO - [2023-12-19T10:05:16.776+0000] {dagbag.py:536} INFO - Filling up the DagBag from /home/airflow/.local/lib/python3.8/site-packages/airflow/example_dags/tutorial_dag.py
[2023-12-19T10:05:16.786+0000] {processor.py:839} INFO - DAG(s) dict_keys(['tutorial_dag']) retrieved from /home/airflow/.local/lib/python3.8/site-packages/airflow/example_dags/tutorial_dag.py
[2023-12-19T10:05:16.839+0000] {logging_mixin.py:154} INFO - [2023-12-19T10:05:16.838+0000] {dag.py:2941} INFO - Sync 1 DAGs
[2023-12-19T10:05:16.871+0000] {logging_mixin.py:154} INFO - [2023-12-19T10:05:16.871+0000] {dag.py:3722} INFO - Setting next_dagrun for tutorial_dag to None, run_after=None
[2023-12-19T10:05:16.911+0000] {processor.py:179} INFO - Processing /home/airflow/.local/lib/python3.8/site-packages/airflow/example_dags/tutorial_dag.py took 0.145 seconds
[2023-12-19T10:05:47.276+0000] {processor.py:157} INFO - Started process (PID=31003) to work on /home/airflow/.local/lib/python3.8/site-packages/airflow/example_dags/tutorial_dag.py
[2023-12-19T10:05:47.279+0000] {processor.py:829} INFO - Processing file /home/airflow/.local/lib/python3.8/site-packages/airflow/example_dags/tutorial_dag.py for tasks to queue
[2023-12-19T10:05:47.282+0000] {logging_mixin.py:154} INFO - [2023-12-19T10:05:47.281+0000] {dagbag.py:536} INFO - Filling up the DagBag from /home/airflow/.local/lib/python3.8/site-packages/airflow/example_dags/tutorial_dag.py
[2023-12-19T10:05:47.291+0000] {processor.py:839} INFO - DAG(s) dict_keys(['tutorial_dag']) retrieved from /home/airflow/.local/lib/python3.8/site-packages/airflow/example_dags/tutorial_dag.py
[2023-12-19T10:05:47.330+0000] {logging_mixin.py:154} INFO - [2023-12-19T10:05:47.330+0000] {dag.py:2941} INFO - Sync 1 DAGs
[2023-12-19T10:05:47.354+0000] {logging_mixin.py:154} INFO - [2023-12-19T10:05:47.354+0000] {dag.py:3722} INFO - Setting next_dagrun for tutorial_dag to None, run_after=None
[2023-12-19T10:05:47.385+0000] {processor.py:179} INFO - Processing /home/airflow/.local/lib/python3.8/site-packages/airflow/example_dags/tutorial_dag.py took 0.116 seconds
[2023-12-19T10:06:17.689+0000] {processor.py:157} INFO - Started process (PID=31058) to work on /home/airflow/.local/lib/python3.8/site-packages/airflow/example_dags/tutorial_dag.py
[2023-12-19T10:06:17.692+0000] {processor.py:829} INFO - Processing file /home/airflow/.local/lib/python3.8/site-packages/airflow/example_dags/tutorial_dag.py for tasks to queue
[2023-12-19T10:06:17.695+0000] {logging_mixin.py:154} INFO - [2023-12-19T10:06:17.694+0000] {dagbag.py:536} INFO - Filling up the DagBag from /home/airflow/.local/lib/python3.8/site-packages/airflow/example_dags/tutorial_dag.py
[2023-12-19T10:06:17.705+0000] {processor.py:839} INFO - DAG(s) dict_keys(['tutorial_dag']) retrieved from /home/airflow/.local/lib/python3.8/site-packages/airflow/example_dags/tutorial_dag.py
[2023-12-19T10:06:17.743+0000] {logging_mixin.py:154} INFO - [2023-12-19T10:06:17.743+0000] {dag.py:2941} INFO - Sync 1 DAGs
[2023-12-19T10:06:17.764+0000] {logging_mixin.py:154} INFO - [2023-12-19T10:06:17.764+0000] {dag.py:3722} INFO - Setting next_dagrun for tutorial_dag to None, run_after=None
[2023-12-19T10:06:17.800+0000] {processor.py:179} INFO - Processing /home/airflow/.local/lib/python3.8/site-packages/airflow/example_dags/tutorial_dag.py took 0.118 seconds
[2023-12-19T10:06:48.370+0000] {processor.py:157} INFO - Started process (PID=31113) to work on /home/airflow/.local/lib/python3.8/site-packages/airflow/example_dags/tutorial_dag.py
[2023-12-19T10:06:48.372+0000] {processor.py:829} INFO - Processing file /home/airflow/.local/lib/python3.8/site-packages/airflow/example_dags/tutorial_dag.py for tasks to queue
[2023-12-19T10:06:48.374+0000] {logging_mixin.py:154} INFO - [2023-12-19T10:06:48.374+0000] {dagbag.py:536} INFO - Filling up the DagBag from /home/airflow/.local/lib/python3.8/site-packages/airflow/example_dags/tutorial_dag.py
[2023-12-19T10:06:48.389+0000] {processor.py:839} INFO - DAG(s) dict_keys(['tutorial_dag']) retrieved from /home/airflow/.local/lib/python3.8/site-packages/airflow/example_dags/tutorial_dag.py
[2023-12-19T10:06:48.436+0000] {logging_mixin.py:154} INFO - [2023-12-19T10:06:48.436+0000] {dag.py:2941} INFO - Sync 1 DAGs
[2023-12-19T10:06:48.460+0000] {logging_mixin.py:154} INFO - [2023-12-19T10:06:48.460+0000] {dag.py:3722} INFO - Setting next_dagrun for tutorial_dag to None, run_after=None
[2023-12-19T10:06:48.492+0000] {processor.py:179} INFO - Processing /home/airflow/.local/lib/python3.8/site-packages/airflow/example_dags/tutorial_dag.py took 0.131 seconds
[2023-12-19T10:07:18.793+0000] {processor.py:157} INFO - Started process (PID=31168) to work on /home/airflow/.local/lib/python3.8/site-packages/airflow/example_dags/tutorial_dag.py
[2023-12-19T10:07:18.796+0000] {processor.py:829} INFO - Processing file /home/airflow/.local/lib/python3.8/site-packages/airflow/example_dags/tutorial_dag.py for tasks to queue
[2023-12-19T10:07:18.799+0000] {logging_mixin.py:154} INFO - [2023-12-19T10:07:18.798+0000] {dagbag.py:536} INFO - Filling up the DagBag from /home/airflow/.local/lib/python3.8/site-packages/airflow/example_dags/tutorial_dag.py
[2023-12-19T10:07:18.812+0000] {processor.py:839} INFO - DAG(s) dict_keys(['tutorial_dag']) retrieved from /home/airflow/.local/lib/python3.8/site-packages/airflow/example_dags/tutorial_dag.py
[2023-12-19T10:07:18.857+0000] {logging_mixin.py:154} INFO - [2023-12-19T10:07:18.857+0000] {dag.py:2941} INFO - Sync 1 DAGs
[2023-12-19T10:07:18.880+0000] {logging_mixin.py:154} INFO - [2023-12-19T10:07:18.880+0000] {dag.py:3722} INFO - Setting next_dagrun for tutorial_dag to None, run_after=None
[2023-12-19T10:07:18.917+0000] {processor.py:179} INFO - Processing /home/airflow/.local/lib/python3.8/site-packages/airflow/example_dags/tutorial_dag.py took 0.131 seconds
[2023-12-19T10:07:49.101+0000] {processor.py:157} INFO - Started process (PID=31223) to work on /home/airflow/.local/lib/python3.8/site-packages/airflow/example_dags/tutorial_dag.py
[2023-12-19T10:07:49.104+0000] {processor.py:829} INFO - Processing file /home/airflow/.local/lib/python3.8/site-packages/airflow/example_dags/tutorial_dag.py for tasks to queue
[2023-12-19T10:07:49.106+0000] {logging_mixin.py:154} INFO - [2023-12-19T10:07:49.105+0000] {dagbag.py:536} INFO - Filling up the DagBag from /home/airflow/.local/lib/python3.8/site-packages/airflow/example_dags/tutorial_dag.py
[2023-12-19T10:07:49.118+0000] {processor.py:839} INFO - DAG(s) dict_keys(['tutorial_dag']) retrieved from /home/airflow/.local/lib/python3.8/site-packages/airflow/example_dags/tutorial_dag.py
[2023-12-19T10:07:49.154+0000] {logging_mixin.py:154} INFO - [2023-12-19T10:07:49.153+0000] {dag.py:2941} INFO - Sync 1 DAGs
[2023-12-19T10:07:49.176+0000] {logging_mixin.py:154} INFO - [2023-12-19T10:07:49.176+0000] {dag.py:3722} INFO - Setting next_dagrun for tutorial_dag to None, run_after=None
[2023-12-19T10:07:49.208+0000] {processor.py:179} INFO - Processing /home/airflow/.local/lib/python3.8/site-packages/airflow/example_dags/tutorial_dag.py took 0.114 seconds
[2023-12-19T10:08:19.975+0000] {processor.py:157} INFO - Started process (PID=31278) to work on /home/airflow/.local/lib/python3.8/site-packages/airflow/example_dags/tutorial_dag.py
[2023-12-19T10:08:19.977+0000] {processor.py:829} INFO - Processing file /home/airflow/.local/lib/python3.8/site-packages/airflow/example_dags/tutorial_dag.py for tasks to queue
[2023-12-19T10:08:19.979+0000] {logging_mixin.py:154} INFO - [2023-12-19T10:08:19.979+0000] {dagbag.py:536} INFO - Filling up the DagBag from /home/airflow/.local/lib/python3.8/site-packages/airflow/example_dags/tutorial_dag.py
[2023-12-19T10:08:19.990+0000] {processor.py:839} INFO - DAG(s) dict_keys(['tutorial_dag']) retrieved from /home/airflow/.local/lib/python3.8/site-packages/airflow/example_dags/tutorial_dag.py
[2023-12-19T10:08:20.030+0000] {logging_mixin.py:154} INFO - [2023-12-19T10:08:20.030+0000] {dag.py:2941} INFO - Sync 1 DAGs
[2023-12-19T10:08:20.057+0000] {logging_mixin.py:154} INFO - [2023-12-19T10:08:20.057+0000] {dag.py:3722} INFO - Setting next_dagrun for tutorial_dag to None, run_after=None
[2023-12-19T10:08:20.092+0000] {processor.py:179} INFO - Processing /home/airflow/.local/lib/python3.8/site-packages/airflow/example_dags/tutorial_dag.py took 0.124 seconds
[2023-12-19T10:08:50.350+0000] {processor.py:157} INFO - Started process (PID=31333) to work on /home/airflow/.local/lib/python3.8/site-packages/airflow/example_dags/tutorial_dag.py
[2023-12-19T10:08:50.353+0000] {processor.py:829} INFO - Processing file /home/airflow/.local/lib/python3.8/site-packages/airflow/example_dags/tutorial_dag.py for tasks to queue
[2023-12-19T10:08:50.355+0000] {logging_mixin.py:154} INFO - [2023-12-19T10:08:50.355+0000] {dagbag.py:536} INFO - Filling up the DagBag from /home/airflow/.local/lib/python3.8/site-packages/airflow/example_dags/tutorial_dag.py
[2023-12-19T10:08:50.366+0000] {processor.py:839} INFO - DAG(s) dict_keys(['tutorial_dag']) retrieved from /home/airflow/.local/lib/python3.8/site-packages/airflow/example_dags/tutorial_dag.py
[2023-12-19T10:08:50.417+0000] {logging_mixin.py:154} INFO - [2023-12-19T10:08:50.416+0000] {dag.py:2941} INFO - Sync 1 DAGs
[2023-12-19T10:08:50.452+0000] {logging_mixin.py:154} INFO - [2023-12-19T10:08:50.451+0000] {dag.py:3722} INFO - Setting next_dagrun for tutorial_dag to None, run_after=None
[2023-12-19T10:08:50.488+0000] {processor.py:179} INFO - Processing /home/airflow/.local/lib/python3.8/site-packages/airflow/example_dags/tutorial_dag.py took 0.144 seconds
[2023-12-19T10:09:21.376+0000] {processor.py:157} INFO - Started process (PID=31388) to work on /home/airflow/.local/lib/python3.8/site-packages/airflow/example_dags/tutorial_dag.py
[2023-12-19T10:09:21.378+0000] {processor.py:829} INFO - Processing file /home/airflow/.local/lib/python3.8/site-packages/airflow/example_dags/tutorial_dag.py for tasks to queue
[2023-12-19T10:09:21.380+0000] {logging_mixin.py:154} INFO - [2023-12-19T10:09:21.379+0000] {dagbag.py:536} INFO - Filling up the DagBag from /home/airflow/.local/lib/python3.8/site-packages/airflow/example_dags/tutorial_dag.py
[2023-12-19T10:09:21.391+0000] {processor.py:839} INFO - DAG(s) dict_keys(['tutorial_dag']) retrieved from /home/airflow/.local/lib/python3.8/site-packages/airflow/example_dags/tutorial_dag.py
[2023-12-19T10:09:21.434+0000] {logging_mixin.py:154} INFO - [2023-12-19T10:09:21.434+0000] {dag.py:2941} INFO - Sync 1 DAGs
[2023-12-19T10:09:21.467+0000] {logging_mixin.py:154} INFO - [2023-12-19T10:09:21.467+0000] {dag.py:3722} INFO - Setting next_dagrun for tutorial_dag to None, run_after=None
[2023-12-19T10:09:21.503+0000] {processor.py:179} INFO - Processing /home/airflow/.local/lib/python3.8/site-packages/airflow/example_dags/tutorial_dag.py took 0.135 seconds
[2023-12-19T10:09:51.875+0000] {processor.py:157} INFO - Started process (PID=31443) to work on /home/airflow/.local/lib/python3.8/site-packages/airflow/example_dags/tutorial_dag.py
[2023-12-19T10:09:51.878+0000] {processor.py:829} INFO - Processing file /home/airflow/.local/lib/python3.8/site-packages/airflow/example_dags/tutorial_dag.py for tasks to queue
[2023-12-19T10:09:51.880+0000] {logging_mixin.py:154} INFO - [2023-12-19T10:09:51.880+0000] {dagbag.py:536} INFO - Filling up the DagBag from /home/airflow/.local/lib/python3.8/site-packages/airflow/example_dags/tutorial_dag.py
[2023-12-19T10:09:51.891+0000] {processor.py:839} INFO - DAG(s) dict_keys(['tutorial_dag']) retrieved from /home/airflow/.local/lib/python3.8/site-packages/airflow/example_dags/tutorial_dag.py
[2023-12-19T10:09:51.931+0000] {logging_mixin.py:154} INFO - [2023-12-19T10:09:51.931+0000] {dag.py:2941} INFO - Sync 1 DAGs
[2023-12-19T10:09:51.954+0000] {logging_mixin.py:154} INFO - [2023-12-19T10:09:51.953+0000] {dag.py:3722} INFO - Setting next_dagrun for tutorial_dag to None, run_after=None
[2023-12-19T10:09:51.990+0000] {processor.py:179} INFO - Processing /home/airflow/.local/lib/python3.8/site-packages/airflow/example_dags/tutorial_dag.py took 0.123 seconds
[2023-12-19T10:10:22.354+0000] {processor.py:157} INFO - Started process (PID=31499) to work on /home/airflow/.local/lib/python3.8/site-packages/airflow/example_dags/tutorial_dag.py
[2023-12-19T10:10:22.356+0000] {processor.py:829} INFO - Processing file /home/airflow/.local/lib/python3.8/site-packages/airflow/example_dags/tutorial_dag.py for tasks to queue
[2023-12-19T10:10:22.360+0000] {logging_mixin.py:154} INFO - [2023-12-19T10:10:22.359+0000] {dagbag.py:536} INFO - Filling up the DagBag from /home/airflow/.local/lib/python3.8/site-packages/airflow/example_dags/tutorial_dag.py
[2023-12-19T10:10:22.372+0000] {processor.py:839} INFO - DAG(s) dict_keys(['tutorial_dag']) retrieved from /home/airflow/.local/lib/python3.8/site-packages/airflow/example_dags/tutorial_dag.py
[2023-12-19T10:10:22.415+0000] {logging_mixin.py:154} INFO - [2023-12-19T10:10:22.415+0000] {dag.py:2941} INFO - Sync 1 DAGs
[2023-12-19T10:10:22.441+0000] {logging_mixin.py:154} INFO - [2023-12-19T10:10:22.441+0000] {dag.py:3722} INFO - Setting next_dagrun for tutorial_dag to None, run_after=None
[2023-12-19T10:10:22.480+0000] {processor.py:179} INFO - Processing /home/airflow/.local/lib/python3.8/site-packages/airflow/example_dags/tutorial_dag.py took 0.135 seconds
[2023-12-19T10:10:52.963+0000] {processor.py:157} INFO - Started process (PID=31554) to work on /home/airflow/.local/lib/python3.8/site-packages/airflow/example_dags/tutorial_dag.py
[2023-12-19T10:10:52.965+0000] {processor.py:829} INFO - Processing file /home/airflow/.local/lib/python3.8/site-packages/airflow/example_dags/tutorial_dag.py for tasks to queue
[2023-12-19T10:10:52.967+0000] {logging_mixin.py:154} INFO - [2023-12-19T10:10:52.967+0000] {dagbag.py:536} INFO - Filling up the DagBag from /home/airflow/.local/lib/python3.8/site-packages/airflow/example_dags/tutorial_dag.py
[2023-12-19T10:10:52.977+0000] {processor.py:839} INFO - DAG(s) dict_keys(['tutorial_dag']) retrieved from /home/airflow/.local/lib/python3.8/site-packages/airflow/example_dags/tutorial_dag.py
[2023-12-19T10:10:53.019+0000] {logging_mixin.py:154} INFO - [2023-12-19T10:10:53.018+0000] {dag.py:2941} INFO - Sync 1 DAGs
[2023-12-19T10:10:53.061+0000] {logging_mixin.py:154} INFO - [2023-12-19T10:10:53.061+0000] {dag.py:3722} INFO - Setting next_dagrun for tutorial_dag to None, run_after=None
[2023-12-19T10:10:53.112+0000] {processor.py:179} INFO - Processing /home/airflow/.local/lib/python3.8/site-packages/airflow/example_dags/tutorial_dag.py took 0.156 seconds
[2023-12-19T10:11:23.831+0000] {processor.py:157} INFO - Started process (PID=31609) to work on /home/airflow/.local/lib/python3.8/site-packages/airflow/example_dags/tutorial_dag.py
[2023-12-19T10:11:23.836+0000] {processor.py:829} INFO - Processing file /home/airflow/.local/lib/python3.8/site-packages/airflow/example_dags/tutorial_dag.py for tasks to queue
[2023-12-19T10:11:23.844+0000] {logging_mixin.py:154} INFO - [2023-12-19T10:11:23.844+0000] {dagbag.py:536} INFO - Filling up the DagBag from /home/airflow/.local/lib/python3.8/site-packages/airflow/example_dags/tutorial_dag.py
[2023-12-19T10:11:23.878+0000] {processor.py:839} INFO - DAG(s) dict_keys(['tutorial_dag']) retrieved from /home/airflow/.local/lib/python3.8/site-packages/airflow/example_dags/tutorial_dag.py
[2023-12-19T10:11:23.944+0000] {logging_mixin.py:154} INFO - [2023-12-19T10:11:23.944+0000] {dag.py:2941} INFO - Sync 1 DAGs
[2023-12-19T10:11:23.974+0000] {logging_mixin.py:154} INFO - [2023-12-19T10:11:23.974+0000] {dag.py:3722} INFO - Setting next_dagrun for tutorial_dag to None, run_after=None
[2023-12-19T10:11:24.019+0000] {processor.py:179} INFO - Processing /home/airflow/.local/lib/python3.8/site-packages/airflow/example_dags/tutorial_dag.py took 0.202 seconds
[2023-12-19T10:11:55.295+0000] {processor.py:157} INFO - Started process (PID=31664) to work on /home/airflow/.local/lib/python3.8/site-packages/airflow/example_dags/tutorial_dag.py
[2023-12-19T10:11:55.298+0000] {processor.py:829} INFO - Processing file /home/airflow/.local/lib/python3.8/site-packages/airflow/example_dags/tutorial_dag.py for tasks to queue
[2023-12-19T10:11:55.301+0000] {logging_mixin.py:154} INFO - [2023-12-19T10:11:55.301+0000] {dagbag.py:536} INFO - Filling up the DagBag from /home/airflow/.local/lib/python3.8/site-packages/airflow/example_dags/tutorial_dag.py
[2023-12-19T10:11:55.318+0000] {processor.py:839} INFO - DAG(s) dict_keys(['tutorial_dag']) retrieved from /home/airflow/.local/lib/python3.8/site-packages/airflow/example_dags/tutorial_dag.py
[2023-12-19T10:11:55.359+0000] {logging_mixin.py:154} INFO - [2023-12-19T10:11:55.359+0000] {dag.py:2941} INFO - Sync 1 DAGs
[2023-12-19T10:11:55.383+0000] {logging_mixin.py:154} INFO - [2023-12-19T10:11:55.382+0000] {dag.py:3722} INFO - Setting next_dagrun for tutorial_dag to None, run_after=None
[2023-12-19T10:11:55.420+0000] {processor.py:179} INFO - Processing /home/airflow/.local/lib/python3.8/site-packages/airflow/example_dags/tutorial_dag.py took 0.132 seconds
[2023-12-19T10:12:25.624+0000] {processor.py:157} INFO - Started process (PID=31719) to work on /home/airflow/.local/lib/python3.8/site-packages/airflow/example_dags/tutorial_dag.py
[2023-12-19T10:12:25.627+0000] {processor.py:829} INFO - Processing file /home/airflow/.local/lib/python3.8/site-packages/airflow/example_dags/tutorial_dag.py for tasks to queue
[2023-12-19T10:12:25.630+0000] {logging_mixin.py:154} INFO - [2023-12-19T10:12:25.630+0000] {dagbag.py:536} INFO - Filling up the DagBag from /home/airflow/.local/lib/python3.8/site-packages/airflow/example_dags/tutorial_dag.py
[2023-12-19T10:12:25.641+0000] {processor.py:839} INFO - DAG(s) dict_keys(['tutorial_dag']) retrieved from /home/airflow/.local/lib/python3.8/site-packages/airflow/example_dags/tutorial_dag.py
[2023-12-19T10:12:25.682+0000] {logging_mixin.py:154} INFO - [2023-12-19T10:12:25.681+0000] {dag.py:2941} INFO - Sync 1 DAGs
[2023-12-19T10:12:25.708+0000] {logging_mixin.py:154} INFO - [2023-12-19T10:12:25.708+0000] {dag.py:3722} INFO - Setting next_dagrun for tutorial_dag to None, run_after=None
[2023-12-19T10:12:25.737+0000] {processor.py:179} INFO - Processing /home/airflow/.local/lib/python3.8/site-packages/airflow/example_dags/tutorial_dag.py took 0.120 seconds
[2023-12-19T10:12:55.856+0000] {processor.py:157} INFO - Started process (PID=31774) to work on /home/airflow/.local/lib/python3.8/site-packages/airflow/example_dags/tutorial_dag.py
[2023-12-19T10:12:55.859+0000] {processor.py:829} INFO - Processing file /home/airflow/.local/lib/python3.8/site-packages/airflow/example_dags/tutorial_dag.py for tasks to queue
[2023-12-19T10:12:55.861+0000] {logging_mixin.py:154} INFO - [2023-12-19T10:12:55.861+0000] {dagbag.py:536} INFO - Filling up the DagBag from /home/airflow/.local/lib/python3.8/site-packages/airflow/example_dags/tutorial_dag.py
[2023-12-19T10:12:55.872+0000] {processor.py:839} INFO - DAG(s) dict_keys(['tutorial_dag']) retrieved from /home/airflow/.local/lib/python3.8/site-packages/airflow/example_dags/tutorial_dag.py
[2023-12-19T10:12:55.929+0000] {logging_mixin.py:154} INFO - [2023-12-19T10:12:55.929+0000] {dag.py:2941} INFO - Sync 1 DAGs
[2023-12-19T10:12:55.952+0000] {logging_mixin.py:154} INFO - [2023-12-19T10:12:55.952+0000] {dag.py:3722} INFO - Setting next_dagrun for tutorial_dag to None, run_after=None
[2023-12-19T10:12:55.985+0000] {processor.py:179} INFO - Processing /home/airflow/.local/lib/python3.8/site-packages/airflow/example_dags/tutorial_dag.py took 0.135 seconds
[2023-12-19T10:13:26.540+0000] {processor.py:157} INFO - Started process (PID=31829) to work on /home/airflow/.local/lib/python3.8/site-packages/airflow/example_dags/tutorial_dag.py
[2023-12-19T10:13:26.543+0000] {processor.py:829} INFO - Processing file /home/airflow/.local/lib/python3.8/site-packages/airflow/example_dags/tutorial_dag.py for tasks to queue
[2023-12-19T10:13:26.545+0000] {logging_mixin.py:154} INFO - [2023-12-19T10:13:26.545+0000] {dagbag.py:536} INFO - Filling up the DagBag from /home/airflow/.local/lib/python3.8/site-packages/airflow/example_dags/tutorial_dag.py
[2023-12-19T10:13:26.564+0000] {processor.py:839} INFO - DAG(s) dict_keys(['tutorial_dag']) retrieved from /home/airflow/.local/lib/python3.8/site-packages/airflow/example_dags/tutorial_dag.py
[2023-12-19T10:13:26.608+0000] {logging_mixin.py:154} INFO - [2023-12-19T10:13:26.608+0000] {dag.py:2941} INFO - Sync 1 DAGs
[2023-12-19T10:13:26.631+0000] {logging_mixin.py:154} INFO - [2023-12-19T10:13:26.631+0000] {dag.py:3722} INFO - Setting next_dagrun for tutorial_dag to None, run_after=None
[2023-12-19T10:13:26.665+0000] {processor.py:179} INFO - Processing /home/airflow/.local/lib/python3.8/site-packages/airflow/example_dags/tutorial_dag.py took 0.133 seconds
[2023-12-19T10:13:57.281+0000] {processor.py:157} INFO - Started process (PID=31885) to work on /home/airflow/.local/lib/python3.8/site-packages/airflow/example_dags/tutorial_dag.py
[2023-12-19T10:13:57.284+0000] {processor.py:829} INFO - Processing file /home/airflow/.local/lib/python3.8/site-packages/airflow/example_dags/tutorial_dag.py for tasks to queue
[2023-12-19T10:13:57.287+0000] {logging_mixin.py:154} INFO - [2023-12-19T10:13:57.287+0000] {dagbag.py:536} INFO - Filling up the DagBag from /home/airflow/.local/lib/python3.8/site-packages/airflow/example_dags/tutorial_dag.py
[2023-12-19T10:13:57.301+0000] {processor.py:839} INFO - DAG(s) dict_keys(['tutorial_dag']) retrieved from /home/airflow/.local/lib/python3.8/site-packages/airflow/example_dags/tutorial_dag.py
[2023-12-19T10:13:57.347+0000] {logging_mixin.py:154} INFO - [2023-12-19T10:13:57.346+0000] {dag.py:2941} INFO - Sync 1 DAGs
[2023-12-19T10:13:57.372+0000] {logging_mixin.py:154} INFO - [2023-12-19T10:13:57.372+0000] {dag.py:3722} INFO - Setting next_dagrun for tutorial_dag to None, run_after=None
[2023-12-19T10:13:57.407+0000] {processor.py:179} INFO - Processing /home/airflow/.local/lib/python3.8/site-packages/airflow/example_dags/tutorial_dag.py took 0.135 seconds
[2023-12-19T10:14:27.751+0000] {processor.py:157} INFO - Started process (PID=31940) to work on /home/airflow/.local/lib/python3.8/site-packages/airflow/example_dags/tutorial_dag.py
[2023-12-19T10:14:27.758+0000] {processor.py:829} INFO - Processing file /home/airflow/.local/lib/python3.8/site-packages/airflow/example_dags/tutorial_dag.py for tasks to queue
[2023-12-19T10:14:27.760+0000] {logging_mixin.py:154} INFO - [2023-12-19T10:14:27.760+0000] {dagbag.py:536} INFO - Filling up the DagBag from /home/airflow/.local/lib/python3.8/site-packages/airflow/example_dags/tutorial_dag.py
[2023-12-19T10:14:27.772+0000] {processor.py:839} INFO - DAG(s) dict_keys(['tutorial_dag']) retrieved from /home/airflow/.local/lib/python3.8/site-packages/airflow/example_dags/tutorial_dag.py
[2023-12-19T10:14:27.814+0000] {logging_mixin.py:154} INFO - [2023-12-19T10:14:27.814+0000] {dag.py:2941} INFO - Sync 1 DAGs
[2023-12-19T10:14:27.842+0000] {logging_mixin.py:154} INFO - [2023-12-19T10:14:27.842+0000] {dag.py:3722} INFO - Setting next_dagrun for tutorial_dag to None, run_after=None
[2023-12-19T10:14:27.876+0000] {processor.py:179} INFO - Processing /home/airflow/.local/lib/python3.8/site-packages/airflow/example_dags/tutorial_dag.py took 0.132 seconds
[2023-12-19T10:14:59.033+0000] {processor.py:157} INFO - Started process (PID=31995) to work on /home/airflow/.local/lib/python3.8/site-packages/airflow/example_dags/tutorial_dag.py
[2023-12-19T10:14:59.035+0000] {processor.py:829} INFO - Processing file /home/airflow/.local/lib/python3.8/site-packages/airflow/example_dags/tutorial_dag.py for tasks to queue
[2023-12-19T10:14:59.037+0000] {logging_mixin.py:154} INFO - [2023-12-19T10:14:59.037+0000] {dagbag.py:536} INFO - Filling up the DagBag from /home/airflow/.local/lib/python3.8/site-packages/airflow/example_dags/tutorial_dag.py
[2023-12-19T10:14:59.049+0000] {processor.py:839} INFO - DAG(s) dict_keys(['tutorial_dag']) retrieved from /home/airflow/.local/lib/python3.8/site-packages/airflow/example_dags/tutorial_dag.py
[2023-12-19T10:14:59.093+0000] {logging_mixin.py:154} INFO - [2023-12-19T10:14:59.093+0000] {dag.py:2941} INFO - Sync 1 DAGs
[2023-12-19T10:14:59.121+0000] {logging_mixin.py:154} INFO - [2023-12-19T10:14:59.120+0000] {dag.py:3722} INFO - Setting next_dagrun for tutorial_dag to None, run_after=None
[2023-12-19T10:14:59.161+0000] {processor.py:179} INFO - Processing /home/airflow/.local/lib/python3.8/site-packages/airflow/example_dags/tutorial_dag.py took 0.134 seconds
[2023-12-19T10:15:29.436+0000] {processor.py:157} INFO - Started process (PID=32051) to work on /home/airflow/.local/lib/python3.8/site-packages/airflow/example_dags/tutorial_dag.py
[2023-12-19T10:15:29.440+0000] {processor.py:829} INFO - Processing file /home/airflow/.local/lib/python3.8/site-packages/airflow/example_dags/tutorial_dag.py for tasks to queue
[2023-12-19T10:15:29.442+0000] {logging_mixin.py:154} INFO - [2023-12-19T10:15:29.442+0000] {dagbag.py:536} INFO - Filling up the DagBag from /home/airflow/.local/lib/python3.8/site-packages/airflow/example_dags/tutorial_dag.py
[2023-12-19T10:15:29.453+0000] {processor.py:839} INFO - DAG(s) dict_keys(['tutorial_dag']) retrieved from /home/airflow/.local/lib/python3.8/site-packages/airflow/example_dags/tutorial_dag.py
[2023-12-19T10:15:29.493+0000] {logging_mixin.py:154} INFO - [2023-12-19T10:15:29.493+0000] {dag.py:2941} INFO - Sync 1 DAGs
[2023-12-19T10:15:29.523+0000] {logging_mixin.py:154} INFO - [2023-12-19T10:15:29.522+0000] {dag.py:3722} INFO - Setting next_dagrun for tutorial_dag to None, run_after=None
[2023-12-19T10:15:29.568+0000] {processor.py:179} INFO - Processing /home/airflow/.local/lib/python3.8/site-packages/airflow/example_dags/tutorial_dag.py took 0.139 seconds
[2023-12-19T10:16:00.310+0000] {processor.py:157} INFO - Started process (PID=32106) to work on /home/airflow/.local/lib/python3.8/site-packages/airflow/example_dags/tutorial_dag.py
[2023-12-19T10:16:00.313+0000] {processor.py:829} INFO - Processing file /home/airflow/.local/lib/python3.8/site-packages/airflow/example_dags/tutorial_dag.py for tasks to queue
[2023-12-19T10:16:00.316+0000] {logging_mixin.py:154} INFO - [2023-12-19T10:16:00.315+0000] {dagbag.py:536} INFO - Filling up the DagBag from /home/airflow/.local/lib/python3.8/site-packages/airflow/example_dags/tutorial_dag.py
[2023-12-19T10:16:00.329+0000] {processor.py:839} INFO - DAG(s) dict_keys(['tutorial_dag']) retrieved from /home/airflow/.local/lib/python3.8/site-packages/airflow/example_dags/tutorial_dag.py
[2023-12-19T10:16:00.384+0000] {logging_mixin.py:154} INFO - [2023-12-19T10:16:00.383+0000] {dag.py:2941} INFO - Sync 1 DAGs
[2023-12-19T10:16:00.409+0000] {logging_mixin.py:154} INFO - [2023-12-19T10:16:00.408+0000] {dag.py:3722} INFO - Setting next_dagrun for tutorial_dag to None, run_after=None
[2023-12-19T10:16:00.449+0000] {processor.py:179} INFO - Processing /home/airflow/.local/lib/python3.8/site-packages/airflow/example_dags/tutorial_dag.py took 0.146 seconds
[2023-12-19T10:16:30.663+0000] {processor.py:157} INFO - Started process (PID=32161) to work on /home/airflow/.local/lib/python3.8/site-packages/airflow/example_dags/tutorial_dag.py
[2023-12-19T10:16:30.665+0000] {processor.py:829} INFO - Processing file /home/airflow/.local/lib/python3.8/site-packages/airflow/example_dags/tutorial_dag.py for tasks to queue
[2023-12-19T10:16:30.667+0000] {logging_mixin.py:154} INFO - [2023-12-19T10:16:30.667+0000] {dagbag.py:536} INFO - Filling up the DagBag from /home/airflow/.local/lib/python3.8/site-packages/airflow/example_dags/tutorial_dag.py
[2023-12-19T10:16:30.679+0000] {processor.py:839} INFO - DAG(s) dict_keys(['tutorial_dag']) retrieved from /home/airflow/.local/lib/python3.8/site-packages/airflow/example_dags/tutorial_dag.py
[2023-12-19T10:16:30.718+0000] {logging_mixin.py:154} INFO - [2023-12-19T10:16:30.717+0000] {dag.py:2941} INFO - Sync 1 DAGs
[2023-12-19T10:16:30.739+0000] {logging_mixin.py:154} INFO - [2023-12-19T10:16:30.739+0000] {dag.py:3722} INFO - Setting next_dagrun for tutorial_dag to None, run_after=None
[2023-12-19T10:16:30.774+0000] {processor.py:179} INFO - Processing /home/airflow/.local/lib/python3.8/site-packages/airflow/example_dags/tutorial_dag.py took 0.117 seconds
[2023-12-19T10:17:01.849+0000] {processor.py:157} INFO - Started process (PID=32216) to work on /home/airflow/.local/lib/python3.8/site-packages/airflow/example_dags/tutorial_dag.py
[2023-12-19T10:17:01.851+0000] {processor.py:829} INFO - Processing file /home/airflow/.local/lib/python3.8/site-packages/airflow/example_dags/tutorial_dag.py for tasks to queue
[2023-12-19T10:17:01.854+0000] {logging_mixin.py:154} INFO - [2023-12-19T10:17:01.853+0000] {dagbag.py:536} INFO - Filling up the DagBag from /home/airflow/.local/lib/python3.8/site-packages/airflow/example_dags/tutorial_dag.py
[2023-12-19T10:17:01.864+0000] {processor.py:839} INFO - DAG(s) dict_keys(['tutorial_dag']) retrieved from /home/airflow/.local/lib/python3.8/site-packages/airflow/example_dags/tutorial_dag.py
[2023-12-19T10:17:01.909+0000] {logging_mixin.py:154} INFO - [2023-12-19T10:17:01.908+0000] {dag.py:2941} INFO - Sync 1 DAGs
[2023-12-19T10:17:01.938+0000] {logging_mixin.py:154} INFO - [2023-12-19T10:17:01.937+0000] {dag.py:3722} INFO - Setting next_dagrun for tutorial_dag to None, run_after=None
[2023-12-19T10:17:01.981+0000] {processor.py:179} INFO - Processing /home/airflow/.local/lib/python3.8/site-packages/airflow/example_dags/tutorial_dag.py took 0.138 seconds
[2023-12-19T10:17:32.920+0000] {processor.py:157} INFO - Started process (PID=32271) to work on /home/airflow/.local/lib/python3.8/site-packages/airflow/example_dags/tutorial_dag.py
[2023-12-19T10:17:32.925+0000] {processor.py:829} INFO - Processing file /home/airflow/.local/lib/python3.8/site-packages/airflow/example_dags/tutorial_dag.py for tasks to queue
[2023-12-19T10:17:32.927+0000] {logging_mixin.py:154} INFO - [2023-12-19T10:17:32.927+0000] {dagbag.py:536} INFO - Filling up the DagBag from /home/airflow/.local/lib/python3.8/site-packages/airflow/example_dags/tutorial_dag.py
[2023-12-19T10:17:32.943+0000] {processor.py:839} INFO - DAG(s) dict_keys(['tutorial_dag']) retrieved from /home/airflow/.local/lib/python3.8/site-packages/airflow/example_dags/tutorial_dag.py
[2023-12-19T10:17:32.991+0000] {logging_mixin.py:154} INFO - [2023-12-19T10:17:32.990+0000] {dag.py:2941} INFO - Sync 1 DAGs
[2023-12-19T10:17:33.015+0000] {logging_mixin.py:154} INFO - [2023-12-19T10:17:33.015+0000] {dag.py:3722} INFO - Setting next_dagrun for tutorial_dag to None, run_after=None
[2023-12-19T10:17:33.053+0000] {processor.py:179} INFO - Processing /home/airflow/.local/lib/python3.8/site-packages/airflow/example_dags/tutorial_dag.py took 0.143 seconds
[2023-12-19T10:18:03.131+0000] {processor.py:157} INFO - Started process (PID=32326) to work on /home/airflow/.local/lib/python3.8/site-packages/airflow/example_dags/tutorial_dag.py
[2023-12-19T10:18:03.134+0000] {processor.py:829} INFO - Processing file /home/airflow/.local/lib/python3.8/site-packages/airflow/example_dags/tutorial_dag.py for tasks to queue
[2023-12-19T10:18:03.137+0000] {logging_mixin.py:154} INFO - [2023-12-19T10:18:03.136+0000] {dagbag.py:536} INFO - Filling up the DagBag from /home/airflow/.local/lib/python3.8/site-packages/airflow/example_dags/tutorial_dag.py
[2023-12-19T10:18:03.151+0000] {processor.py:839} INFO - DAG(s) dict_keys(['tutorial_dag']) retrieved from /home/airflow/.local/lib/python3.8/site-packages/airflow/example_dags/tutorial_dag.py
[2023-12-19T10:18:03.198+0000] {logging_mixin.py:154} INFO - [2023-12-19T10:18:03.198+0000] {dag.py:2941} INFO - Sync 1 DAGs
[2023-12-19T10:18:03.224+0000] {logging_mixin.py:154} INFO - [2023-12-19T10:18:03.224+0000] {dag.py:3722} INFO - Setting next_dagrun for tutorial_dag to None, run_after=None
[2023-12-19T10:18:03.261+0000] {processor.py:179} INFO - Processing /home/airflow/.local/lib/python3.8/site-packages/airflow/example_dags/tutorial_dag.py took 0.137 seconds
[2023-12-19T10:18:33.697+0000] {processor.py:157} INFO - Started process (PID=32381) to work on /home/airflow/.local/lib/python3.8/site-packages/airflow/example_dags/tutorial_dag.py
[2023-12-19T10:18:33.700+0000] {processor.py:829} INFO - Processing file /home/airflow/.local/lib/python3.8/site-packages/airflow/example_dags/tutorial_dag.py for tasks to queue
[2023-12-19T10:18:33.704+0000] {logging_mixin.py:154} INFO - [2023-12-19T10:18:33.703+0000] {dagbag.py:536} INFO - Filling up the DagBag from /home/airflow/.local/lib/python3.8/site-packages/airflow/example_dags/tutorial_dag.py
[2023-12-19T10:18:33.717+0000] {processor.py:839} INFO - DAG(s) dict_keys(['tutorial_dag']) retrieved from /home/airflow/.local/lib/python3.8/site-packages/airflow/example_dags/tutorial_dag.py
[2023-12-19T10:18:33.758+0000] {logging_mixin.py:154} INFO - [2023-12-19T10:18:33.757+0000] {dag.py:2941} INFO - Sync 1 DAGs
[2023-12-19T10:18:33.779+0000] {logging_mixin.py:154} INFO - [2023-12-19T10:18:33.779+0000] {dag.py:3722} INFO - Setting next_dagrun for tutorial_dag to None, run_after=None
[2023-12-19T10:18:33.813+0000] {processor.py:179} INFO - Processing /home/airflow/.local/lib/python3.8/site-packages/airflow/example_dags/tutorial_dag.py took 0.125 seconds
[2023-12-19T10:19:04.082+0000] {processor.py:157} INFO - Started process (PID=32436) to work on /home/airflow/.local/lib/python3.8/site-packages/airflow/example_dags/tutorial_dag.py
[2023-12-19T10:19:04.085+0000] {processor.py:829} INFO - Processing file /home/airflow/.local/lib/python3.8/site-packages/airflow/example_dags/tutorial_dag.py for tasks to queue
[2023-12-19T10:19:04.087+0000] {logging_mixin.py:154} INFO - [2023-12-19T10:19:04.087+0000] {dagbag.py:536} INFO - Filling up the DagBag from /home/airflow/.local/lib/python3.8/site-packages/airflow/example_dags/tutorial_dag.py
[2023-12-19T10:19:04.098+0000] {processor.py:839} INFO - DAG(s) dict_keys(['tutorial_dag']) retrieved from /home/airflow/.local/lib/python3.8/site-packages/airflow/example_dags/tutorial_dag.py
[2023-12-19T10:19:04.137+0000] {logging_mixin.py:154} INFO - [2023-12-19T10:19:04.136+0000] {dag.py:2941} INFO - Sync 1 DAGs
[2023-12-19T10:19:04.164+0000] {logging_mixin.py:154} INFO - [2023-12-19T10:19:04.164+0000] {dag.py:3722} INFO - Setting next_dagrun for tutorial_dag to None, run_after=None
[2023-12-19T10:19:04.204+0000] {processor.py:179} INFO - Processing /home/airflow/.local/lib/python3.8/site-packages/airflow/example_dags/tutorial_dag.py took 0.128 seconds
[2023-12-19T10:19:34.258+0000] {processor.py:157} INFO - Started process (PID=32491) to work on /home/airflow/.local/lib/python3.8/site-packages/airflow/example_dags/tutorial_dag.py
[2023-12-19T10:19:34.261+0000] {processor.py:829} INFO - Processing file /home/airflow/.local/lib/python3.8/site-packages/airflow/example_dags/tutorial_dag.py for tasks to queue
[2023-12-19T10:19:34.264+0000] {logging_mixin.py:154} INFO - [2023-12-19T10:19:34.263+0000] {dagbag.py:536} INFO - Filling up the DagBag from /home/airflow/.local/lib/python3.8/site-packages/airflow/example_dags/tutorial_dag.py
[2023-12-19T10:19:34.279+0000] {processor.py:839} INFO - DAG(s) dict_keys(['tutorial_dag']) retrieved from /home/airflow/.local/lib/python3.8/site-packages/airflow/example_dags/tutorial_dag.py
[2023-12-19T10:19:34.329+0000] {logging_mixin.py:154} INFO - [2023-12-19T10:19:34.328+0000] {dag.py:2941} INFO - Sync 1 DAGs
[2023-12-19T10:19:34.359+0000] {logging_mixin.py:154} INFO - [2023-12-19T10:19:34.359+0000] {dag.py:3722} INFO - Setting next_dagrun for tutorial_dag to None, run_after=None
[2023-12-19T10:19:34.398+0000] {processor.py:179} INFO - Processing /home/airflow/.local/lib/python3.8/site-packages/airflow/example_dags/tutorial_dag.py took 0.149 seconds
[2023-12-19T10:20:04.936+0000] {processor.py:157} INFO - Started process (PID=32554) to work on /home/airflow/.local/lib/python3.8/site-packages/airflow/example_dags/tutorial_dag.py
[2023-12-19T10:20:04.939+0000] {processor.py:829} INFO - Processing file /home/airflow/.local/lib/python3.8/site-packages/airflow/example_dags/tutorial_dag.py for tasks to queue
[2023-12-19T10:20:04.941+0000] {logging_mixin.py:154} INFO - [2023-12-19T10:20:04.940+0000] {dagbag.py:536} INFO - Filling up the DagBag from /home/airflow/.local/lib/python3.8/site-packages/airflow/example_dags/tutorial_dag.py
[2023-12-19T10:20:04.951+0000] {processor.py:839} INFO - DAG(s) dict_keys(['tutorial_dag']) retrieved from /home/airflow/.local/lib/python3.8/site-packages/airflow/example_dags/tutorial_dag.py
[2023-12-19T10:20:04.991+0000] {logging_mixin.py:154} INFO - [2023-12-19T10:20:04.991+0000] {dag.py:2941} INFO - Sync 1 DAGs
[2023-12-19T10:20:05.016+0000] {logging_mixin.py:154} INFO - [2023-12-19T10:20:05.015+0000] {dag.py:3722} INFO - Setting next_dagrun for tutorial_dag to None, run_after=None
[2023-12-19T10:20:05.052+0000] {processor.py:179} INFO - Processing /home/airflow/.local/lib/python3.8/site-packages/airflow/example_dags/tutorial_dag.py took 0.122 seconds
[2023-12-19T10:20:35.347+0000] {processor.py:157} INFO - Started process (PID=32610) to work on /home/airflow/.local/lib/python3.8/site-packages/airflow/example_dags/tutorial_dag.py
[2023-12-19T10:20:35.350+0000] {processor.py:829} INFO - Processing file /home/airflow/.local/lib/python3.8/site-packages/airflow/example_dags/tutorial_dag.py for tasks to queue
[2023-12-19T10:20:35.353+0000] {logging_mixin.py:154} INFO - [2023-12-19T10:20:35.352+0000] {dagbag.py:536} INFO - Filling up the DagBag from /home/airflow/.local/lib/python3.8/site-packages/airflow/example_dags/tutorial_dag.py
[2023-12-19T10:20:35.369+0000] {processor.py:839} INFO - DAG(s) dict_keys(['tutorial_dag']) retrieved from /home/airflow/.local/lib/python3.8/site-packages/airflow/example_dags/tutorial_dag.py
[2023-12-19T10:20:35.409+0000] {logging_mixin.py:154} INFO - [2023-12-19T10:20:35.409+0000] {dag.py:2941} INFO - Sync 1 DAGs
[2023-12-19T10:20:35.435+0000] {logging_mixin.py:154} INFO - [2023-12-19T10:20:35.435+0000] {dag.py:3722} INFO - Setting next_dagrun for tutorial_dag to None, run_after=None
[2023-12-19T10:20:35.474+0000] {processor.py:179} INFO - Processing /home/airflow/.local/lib/python3.8/site-packages/airflow/example_dags/tutorial_dag.py took 0.136 seconds
[2023-12-19T10:21:07.212+0000] {processor.py:157} INFO - Started process (PID=32665) to work on /home/airflow/.local/lib/python3.8/site-packages/airflow/example_dags/tutorial_dag.py
[2023-12-19T10:21:07.215+0000] {processor.py:829} INFO - Processing file /home/airflow/.local/lib/python3.8/site-packages/airflow/example_dags/tutorial_dag.py for tasks to queue
[2023-12-19T10:21:07.219+0000] {logging_mixin.py:154} INFO - [2023-12-19T10:21:07.219+0000] {dagbag.py:536} INFO - Filling up the DagBag from /home/airflow/.local/lib/python3.8/site-packages/airflow/example_dags/tutorial_dag.py
[2023-12-19T10:21:07.234+0000] {processor.py:839} INFO - DAG(s) dict_keys(['tutorial_dag']) retrieved from /home/airflow/.local/lib/python3.8/site-packages/airflow/example_dags/tutorial_dag.py
[2023-12-19T10:21:07.301+0000] {logging_mixin.py:154} INFO - [2023-12-19T10:21:07.299+0000] {dag.py:2941} INFO - Sync 1 DAGs
[2023-12-19T10:21:07.330+0000] {logging_mixin.py:154} INFO - [2023-12-19T10:21:07.330+0000] {dag.py:3722} INFO - Setting next_dagrun for tutorial_dag to None, run_after=None
[2023-12-19T10:21:07.369+0000] {processor.py:179} INFO - Processing /home/airflow/.local/lib/python3.8/site-packages/airflow/example_dags/tutorial_dag.py took 0.173 seconds
[2023-12-19T10:21:37.823+0000] {processor.py:157} INFO - Started process (PID=32720) to work on /home/airflow/.local/lib/python3.8/site-packages/airflow/example_dags/tutorial_dag.py
[2023-12-19T10:21:37.826+0000] {processor.py:829} INFO - Processing file /home/airflow/.local/lib/python3.8/site-packages/airflow/example_dags/tutorial_dag.py for tasks to queue
[2023-12-19T10:21:37.828+0000] {logging_mixin.py:154} INFO - [2023-12-19T10:21:37.827+0000] {dagbag.py:536} INFO - Filling up the DagBag from /home/airflow/.local/lib/python3.8/site-packages/airflow/example_dags/tutorial_dag.py
[2023-12-19T10:21:37.838+0000] {processor.py:839} INFO - DAG(s) dict_keys(['tutorial_dag']) retrieved from /home/airflow/.local/lib/python3.8/site-packages/airflow/example_dags/tutorial_dag.py
[2023-12-19T10:21:37.886+0000] {logging_mixin.py:154} INFO - [2023-12-19T10:21:37.886+0000] {dag.py:2941} INFO - Sync 1 DAGs
[2023-12-19T10:21:37.913+0000] {logging_mixin.py:154} INFO - [2023-12-19T10:21:37.912+0000] {dag.py:3722} INFO - Setting next_dagrun for tutorial_dag to None, run_after=None
[2023-12-19T10:21:37.952+0000] {processor.py:179} INFO - Processing /home/airflow/.local/lib/python3.8/site-packages/airflow/example_dags/tutorial_dag.py took 0.135 seconds
[2023-12-19T10:22:08.314+0000] {processor.py:157} INFO - Started process (PID=32775) to work on /home/airflow/.local/lib/python3.8/site-packages/airflow/example_dags/tutorial_dag.py
[2023-12-19T10:22:08.317+0000] {processor.py:829} INFO - Processing file /home/airflow/.local/lib/python3.8/site-packages/airflow/example_dags/tutorial_dag.py for tasks to queue
[2023-12-19T10:22:08.319+0000] {logging_mixin.py:154} INFO - [2023-12-19T10:22:08.319+0000] {dagbag.py:536} INFO - Filling up the DagBag from /home/airflow/.local/lib/python3.8/site-packages/airflow/example_dags/tutorial_dag.py
[2023-12-19T10:22:08.329+0000] {processor.py:839} INFO - DAG(s) dict_keys(['tutorial_dag']) retrieved from /home/airflow/.local/lib/python3.8/site-packages/airflow/example_dags/tutorial_dag.py
[2023-12-19T10:22:08.366+0000] {logging_mixin.py:154} INFO - [2023-12-19T10:22:08.366+0000] {dag.py:2941} INFO - Sync 1 DAGs
[2023-12-19T10:22:08.389+0000] {logging_mixin.py:154} INFO - [2023-12-19T10:22:08.389+0000] {dag.py:3722} INFO - Setting next_dagrun for tutorial_dag to None, run_after=None
[2023-12-19T10:22:08.423+0000] {processor.py:179} INFO - Processing /home/airflow/.local/lib/python3.8/site-packages/airflow/example_dags/tutorial_dag.py took 0.115 seconds
[2023-12-19T10:22:38.618+0000] {processor.py:157} INFO - Started process (PID=32830) to work on /home/airflow/.local/lib/python3.8/site-packages/airflow/example_dags/tutorial_dag.py
[2023-12-19T10:22:38.621+0000] {processor.py:829} INFO - Processing file /home/airflow/.local/lib/python3.8/site-packages/airflow/example_dags/tutorial_dag.py for tasks to queue
[2023-12-19T10:22:38.623+0000] {logging_mixin.py:154} INFO - [2023-12-19T10:22:38.623+0000] {dagbag.py:536} INFO - Filling up the DagBag from /home/airflow/.local/lib/python3.8/site-packages/airflow/example_dags/tutorial_dag.py
[2023-12-19T10:22:38.638+0000] {processor.py:839} INFO - DAG(s) dict_keys(['tutorial_dag']) retrieved from /home/airflow/.local/lib/python3.8/site-packages/airflow/example_dags/tutorial_dag.py
[2023-12-19T10:22:38.681+0000] {logging_mixin.py:154} INFO - [2023-12-19T10:22:38.681+0000] {dag.py:2941} INFO - Sync 1 DAGs
[2023-12-19T10:22:38.709+0000] {logging_mixin.py:154} INFO - [2023-12-19T10:22:38.709+0000] {dag.py:3722} INFO - Setting next_dagrun for tutorial_dag to None, run_after=None
[2023-12-19T10:22:38.750+0000] {processor.py:179} INFO - Processing /home/airflow/.local/lib/python3.8/site-packages/airflow/example_dags/tutorial_dag.py took 0.138 seconds
[2023-12-19T10:23:09.214+0000] {processor.py:157} INFO - Started process (PID=32885) to work on /home/airflow/.local/lib/python3.8/site-packages/airflow/example_dags/tutorial_dag.py
[2023-12-19T10:23:09.217+0000] {processor.py:829} INFO - Processing file /home/airflow/.local/lib/python3.8/site-packages/airflow/example_dags/tutorial_dag.py for tasks to queue
[2023-12-19T10:23:09.220+0000] {logging_mixin.py:154} INFO - [2023-12-19T10:23:09.219+0000] {dagbag.py:536} INFO - Filling up the DagBag from /home/airflow/.local/lib/python3.8/site-packages/airflow/example_dags/tutorial_dag.py
[2023-12-19T10:23:09.232+0000] {processor.py:839} INFO - DAG(s) dict_keys(['tutorial_dag']) retrieved from /home/airflow/.local/lib/python3.8/site-packages/airflow/example_dags/tutorial_dag.py
[2023-12-19T10:23:09.274+0000] {logging_mixin.py:154} INFO - [2023-12-19T10:23:09.274+0000] {dag.py:2941} INFO - Sync 1 DAGs
[2023-12-19T10:23:09.300+0000] {logging_mixin.py:154} INFO - [2023-12-19T10:23:09.300+0000] {dag.py:3722} INFO - Setting next_dagrun for tutorial_dag to None, run_after=None
[2023-12-19T10:23:09.334+0000] {processor.py:179} INFO - Processing /home/airflow/.local/lib/python3.8/site-packages/airflow/example_dags/tutorial_dag.py took 0.129 seconds
