[2023-12-04T10:19:35.179+0000] {processor.py:157} INFO - Started process (PID=47) to work on /home/airflow/.local/lib/python3.8/site-packages/airflow/example_dags/example_skip_dag.py
[2023-12-04T10:19:35.182+0000] {processor.py:829} INFO - Processing file /home/airflow/.local/lib/python3.8/site-packages/airflow/example_dags/example_skip_dag.py for tasks to queue
[2023-12-04T10:19:35.190+0000] {logging_mixin.py:154} INFO - [2023-12-04T10:19:35.190+0000] {dagbag.py:536} INFO - Filling up the DagBag from /home/airflow/.local/lib/python3.8/site-packages/airflow/example_dags/example_skip_dag.py
[2023-12-04T10:19:35.222+0000] {processor.py:839} INFO - DAG(s) dict_keys(['example_skip_dag']) retrieved from /home/airflow/.local/lib/python3.8/site-packages/airflow/example_dags/example_skip_dag.py
[2023-12-04T10:19:35.256+0000] {logging_mixin.py:154} INFO - [2023-12-04T10:19:35.256+0000] {dag.py:2941} INFO - Sync 1 DAGs
[2023-12-04T10:19:35.288+0000] {logging_mixin.py:154} INFO - [2023-12-04T10:19:35.287+0000] {dag.py:3722} INFO - Setting next_dagrun for example_skip_dag to 2023-12-03T10:19:35.287133+00:00, run_after=2023-12-04T10:19:35.287133+00:00
[2023-12-04T10:19:35.316+0000] {processor.py:179} INFO - Processing /home/airflow/.local/lib/python3.8/site-packages/airflow/example_dags/example_skip_dag.py took 0.145 seconds
[2023-12-04T10:20:05.472+0000] {processor.py:157} INFO - Started process (PID=101) to work on /home/airflow/.local/lib/python3.8/site-packages/airflow/example_dags/example_skip_dag.py
[2023-12-04T10:20:05.474+0000] {processor.py:829} INFO - Processing file /home/airflow/.local/lib/python3.8/site-packages/airflow/example_dags/example_skip_dag.py for tasks to queue
[2023-12-04T10:20:05.479+0000] {logging_mixin.py:154} INFO - [2023-12-04T10:20:05.478+0000] {dagbag.py:536} INFO - Filling up the DagBag from /home/airflow/.local/lib/python3.8/site-packages/airflow/example_dags/example_skip_dag.py
[2023-12-04T10:20:05.493+0000] {processor.py:839} INFO - DAG(s) dict_keys(['example_skip_dag']) retrieved from /home/airflow/.local/lib/python3.8/site-packages/airflow/example_dags/example_skip_dag.py
[2023-12-04T10:20:05.532+0000] {logging_mixin.py:154} INFO - [2023-12-04T10:20:05.532+0000] {dag.py:2941} INFO - Sync 1 DAGs
[2023-12-04T10:20:05.570+0000] {logging_mixin.py:154} INFO - [2023-12-04T10:20:05.570+0000] {dag.py:3722} INFO - Setting next_dagrun for example_skip_dag to 2023-12-03T10:20:05.569799+00:00, run_after=2023-12-04T10:20:05.569799+00:00
[2023-12-04T10:20:05.636+0000] {processor.py:179} INFO - Processing /home/airflow/.local/lib/python3.8/site-packages/airflow/example_dags/example_skip_dag.py took 0.172 seconds
[2023-12-04T10:20:36.117+0000] {processor.py:157} INFO - Started process (PID=156) to work on /home/airflow/.local/lib/python3.8/site-packages/airflow/example_dags/example_skip_dag.py
[2023-12-04T10:20:36.124+0000] {processor.py:829} INFO - Processing file /home/airflow/.local/lib/python3.8/site-packages/airflow/example_dags/example_skip_dag.py for tasks to queue
[2023-12-04T10:20:36.132+0000] {logging_mixin.py:154} INFO - [2023-12-04T10:20:36.131+0000] {dagbag.py:536} INFO - Filling up the DagBag from /home/airflow/.local/lib/python3.8/site-packages/airflow/example_dags/example_skip_dag.py
[2023-12-04T10:20:36.143+0000] {processor.py:839} INFO - DAG(s) dict_keys(['example_skip_dag']) retrieved from /home/airflow/.local/lib/python3.8/site-packages/airflow/example_dags/example_skip_dag.py
[2023-12-04T10:20:36.187+0000] {logging_mixin.py:154} INFO - [2023-12-04T10:20:36.186+0000] {dag.py:2941} INFO - Sync 1 DAGs
[2023-12-04T10:20:36.228+0000] {logging_mixin.py:154} INFO - [2023-12-04T10:20:36.228+0000] {dag.py:3722} INFO - Setting next_dagrun for example_skip_dag to 2023-12-03T10:20:36.227779+00:00, run_after=2023-12-04T10:20:36.227779+00:00
[2023-12-04T10:20:36.262+0000] {processor.py:179} INFO - Processing /home/airflow/.local/lib/python3.8/site-packages/airflow/example_dags/example_skip_dag.py took 0.153 seconds
[2023-12-04T10:21:07.555+0000] {processor.py:157} INFO - Started process (PID=210) to work on /home/airflow/.local/lib/python3.8/site-packages/airflow/example_dags/example_skip_dag.py
[2023-12-04T10:21:07.559+0000] {processor.py:829} INFO - Processing file /home/airflow/.local/lib/python3.8/site-packages/airflow/example_dags/example_skip_dag.py for tasks to queue
[2023-12-04T10:21:07.566+0000] {logging_mixin.py:154} INFO - [2023-12-04T10:21:07.565+0000] {dagbag.py:536} INFO - Filling up the DagBag from /home/airflow/.local/lib/python3.8/site-packages/airflow/example_dags/example_skip_dag.py
[2023-12-04T10:21:07.588+0000] {processor.py:839} INFO - DAG(s) dict_keys(['example_skip_dag']) retrieved from /home/airflow/.local/lib/python3.8/site-packages/airflow/example_dags/example_skip_dag.py
[2023-12-04T10:21:07.643+0000] {logging_mixin.py:154} INFO - [2023-12-04T10:21:07.642+0000] {dag.py:2941} INFO - Sync 1 DAGs
[2023-12-04T10:21:07.743+0000] {logging_mixin.py:154} INFO - [2023-12-04T10:21:07.742+0000] {dag.py:3722} INFO - Setting next_dagrun for example_skip_dag to 2023-12-03T10:21:07.742442+00:00, run_after=2023-12-04T10:21:07.742442+00:00
[2023-12-04T10:21:07.810+0000] {processor.py:179} INFO - Processing /home/airflow/.local/lib/python3.8/site-packages/airflow/example_dags/example_skip_dag.py took 0.263 seconds
[2023-12-04T10:21:37.932+0000] {processor.py:157} INFO - Started process (PID=264) to work on /home/airflow/.local/lib/python3.8/site-packages/airflow/example_dags/example_skip_dag.py
[2023-12-04T10:21:37.935+0000] {processor.py:829} INFO - Processing file /home/airflow/.local/lib/python3.8/site-packages/airflow/example_dags/example_skip_dag.py for tasks to queue
[2023-12-04T10:21:37.939+0000] {logging_mixin.py:154} INFO - [2023-12-04T10:21:37.938+0000] {dagbag.py:536} INFO - Filling up the DagBag from /home/airflow/.local/lib/python3.8/site-packages/airflow/example_dags/example_skip_dag.py
[2023-12-04T10:21:37.950+0000] {processor.py:839} INFO - DAG(s) dict_keys(['example_skip_dag']) retrieved from /home/airflow/.local/lib/python3.8/site-packages/airflow/example_dags/example_skip_dag.py
[2023-12-04T10:21:38.005+0000] {logging_mixin.py:154} INFO - [2023-12-04T10:21:38.004+0000] {dag.py:2941} INFO - Sync 1 DAGs
[2023-12-04T10:21:38.047+0000] {logging_mixin.py:154} INFO - [2023-12-04T10:21:38.046+0000] {dag.py:3722} INFO - Setting next_dagrun for example_skip_dag to 2023-12-03T10:21:38.046580+00:00, run_after=2023-12-04T10:21:38.046580+00:00
[2023-12-04T10:21:38.081+0000] {processor.py:179} INFO - Processing /home/airflow/.local/lib/python3.8/site-packages/airflow/example_dags/example_skip_dag.py took 0.155 seconds
[2023-12-04T10:22:13.439+0000] {processor.py:157} INFO - Started process (PID=325) to work on /home/airflow/.local/lib/python3.8/site-packages/airflow/example_dags/example_skip_dag.py
[2023-12-04T10:22:13.444+0000] {processor.py:829} INFO - Processing file /home/airflow/.local/lib/python3.8/site-packages/airflow/example_dags/example_skip_dag.py for tasks to queue
[2023-12-04T10:22:13.456+0000] {logging_mixin.py:154} INFO - [2023-12-04T10:22:13.456+0000] {dagbag.py:536} INFO - Filling up the DagBag from /home/airflow/.local/lib/python3.8/site-packages/airflow/example_dags/example_skip_dag.py
[2023-12-04T10:22:13.527+0000] {processor.py:839} INFO - DAG(s) dict_keys(['example_skip_dag']) retrieved from /home/airflow/.local/lib/python3.8/site-packages/airflow/example_dags/example_skip_dag.py
[2023-12-04T10:22:15.723+0000] {logging_mixin.py:154} INFO - [2023-12-04T10:22:15.700+0000] {dag.py:2941} INFO - Sync 1 DAGs
[2023-12-04T10:22:16.281+0000] {logging_mixin.py:154} INFO - [2023-12-04T10:22:16.247+0000] {dag.py:3722} INFO - Setting next_dagrun for example_skip_dag to 2023-12-03T10:22:16.204689+00:00, run_after=2023-12-04T10:22:16.204689+00:00
[2023-12-04T10:22:16.502+0000] {processor.py:179} INFO - Processing /home/airflow/.local/lib/python3.8/site-packages/airflow/example_dags/example_skip_dag.py took 3.083 seconds
[2023-12-04T10:22:47.766+0000] {processor.py:157} INFO - Started process (PID=379) to work on /home/airflow/.local/lib/python3.8/site-packages/airflow/example_dags/example_skip_dag.py
[2023-12-04T10:22:47.795+0000] {processor.py:829} INFO - Processing file /home/airflow/.local/lib/python3.8/site-packages/airflow/example_dags/example_skip_dag.py for tasks to queue
[2023-12-04T10:22:47.831+0000] {logging_mixin.py:154} INFO - [2023-12-04T10:22:47.828+0000] {dagbag.py:536} INFO - Filling up the DagBag from /home/airflow/.local/lib/python3.8/site-packages/airflow/example_dags/example_skip_dag.py
[2023-12-04T10:22:47.997+0000] {processor.py:839} INFO - DAG(s) dict_keys(['example_skip_dag']) retrieved from /home/airflow/.local/lib/python3.8/site-packages/airflow/example_dags/example_skip_dag.py
[2023-12-04T10:22:48.374+0000] {logging_mixin.py:154} INFO - [2023-12-04T10:22:48.374+0000] {dag.py:2941} INFO - Sync 1 DAGs
[2023-12-04T10:22:48.599+0000] {logging_mixin.py:154} INFO - [2023-12-04T10:22:48.599+0000] {dag.py:3722} INFO - Setting next_dagrun for example_skip_dag to 2023-12-03T10:22:48.599001+00:00, run_after=2023-12-04T10:22:48.599001+00:00
[2023-12-04T10:22:52.950+0000] {processor.py:179} INFO - Processing /home/airflow/.local/lib/python3.8/site-packages/airflow/example_dags/example_skip_dag.py took 5.906 seconds
[2023-12-04T10:23:26.080+0000] {processor.py:157} INFO - Started process (PID=434) to work on /home/airflow/.local/lib/python3.8/site-packages/airflow/example_dags/example_skip_dag.py
[2023-12-04T10:23:26.095+0000] {processor.py:829} INFO - Processing file /home/airflow/.local/lib/python3.8/site-packages/airflow/example_dags/example_skip_dag.py for tasks to queue
[2023-12-04T10:23:26.101+0000] {logging_mixin.py:154} INFO - [2023-12-04T10:23:26.100+0000] {dagbag.py:536} INFO - Filling up the DagBag from /home/airflow/.local/lib/python3.8/site-packages/airflow/example_dags/example_skip_dag.py
[2023-12-04T10:23:26.115+0000] {processor.py:839} INFO - DAG(s) dict_keys(['example_skip_dag']) retrieved from /home/airflow/.local/lib/python3.8/site-packages/airflow/example_dags/example_skip_dag.py
[2023-12-04T10:23:26.257+0000] {logging_mixin.py:154} INFO - [2023-12-04T10:23:26.256+0000] {dag.py:2941} INFO - Sync 1 DAGs
[2023-12-04T10:23:26.320+0000] {logging_mixin.py:154} INFO - [2023-12-04T10:23:26.320+0000] {dag.py:3722} INFO - Setting next_dagrun for example_skip_dag to 2023-12-03T10:23:26.319319+00:00, run_after=2023-12-04T10:23:26.319319+00:00
[2023-12-04T10:23:26.430+0000] {processor.py:179} INFO - Processing /home/airflow/.local/lib/python3.8/site-packages/airflow/example_dags/example_skip_dag.py took 0.362 seconds
[2023-12-04T10:24:25.386+0000] {processor.py:157} INFO - Started process (PID=493) to work on /home/airflow/.local/lib/python3.8/site-packages/airflow/example_dags/example_skip_dag.py
[2023-12-04T10:24:25.396+0000] {processor.py:829} INFO - Processing file /home/airflow/.local/lib/python3.8/site-packages/airflow/example_dags/example_skip_dag.py for tasks to queue
[2023-12-04T10:24:25.406+0000] {logging_mixin.py:154} INFO - [2023-12-04T10:24:25.406+0000] {dagbag.py:536} INFO - Filling up the DagBag from /home/airflow/.local/lib/python3.8/site-packages/airflow/example_dags/example_skip_dag.py
[2023-12-04T10:24:25.428+0000] {processor.py:839} INFO - DAG(s) dict_keys(['example_skip_dag']) retrieved from /home/airflow/.local/lib/python3.8/site-packages/airflow/example_dags/example_skip_dag.py
[2023-12-04T10:24:25.477+0000] {logging_mixin.py:154} INFO - [2023-12-04T10:24:25.477+0000] {dag.py:2941} INFO - Sync 1 DAGs
[2023-12-04T10:24:25.535+0000] {logging_mixin.py:154} INFO - [2023-12-04T10:24:25.535+0000] {dag.py:3722} INFO - Setting next_dagrun for example_skip_dag to 2023-12-03T10:24:25.534835+00:00, run_after=2023-12-04T10:24:25.534835+00:00
[2023-12-04T10:24:25.627+0000] {processor.py:179} INFO - Processing /home/airflow/.local/lib/python3.8/site-packages/airflow/example_dags/example_skip_dag.py took 0.261 seconds
[2023-12-04T10:24:58.362+0000] {processor.py:157} INFO - Started process (PID=547) to work on /home/airflow/.local/lib/python3.8/site-packages/airflow/example_dags/example_skip_dag.py
[2023-12-04T10:24:58.375+0000] {processor.py:829} INFO - Processing file /home/airflow/.local/lib/python3.8/site-packages/airflow/example_dags/example_skip_dag.py for tasks to queue
[2023-12-04T10:24:58.385+0000] {logging_mixin.py:154} INFO - [2023-12-04T10:24:58.384+0000] {dagbag.py:536} INFO - Filling up the DagBag from /home/airflow/.local/lib/python3.8/site-packages/airflow/example_dags/example_skip_dag.py
[2023-12-04T10:24:58.423+0000] {processor.py:839} INFO - DAG(s) dict_keys(['example_skip_dag']) retrieved from /home/airflow/.local/lib/python3.8/site-packages/airflow/example_dags/example_skip_dag.py
[2023-12-04T10:24:58.635+0000] {logging_mixin.py:154} INFO - [2023-12-04T10:24:58.635+0000] {dag.py:2941} INFO - Sync 1 DAGs
[2023-12-04T10:24:58.887+0000] {logging_mixin.py:154} INFO - [2023-12-04T10:24:58.886+0000] {dag.py:3722} INFO - Setting next_dagrun for example_skip_dag to 2023-12-03T10:24:58.885872+00:00, run_after=2023-12-04T10:24:58.885872+00:00
[2023-12-04T10:24:59.079+0000] {processor.py:179} INFO - Processing /home/airflow/.local/lib/python3.8/site-packages/airflow/example_dags/example_skip_dag.py took 0.740 seconds
[2023-12-04T10:25:43.001+0000] {processor.py:157} INFO - Started process (PID=605) to work on /home/airflow/.local/lib/python3.8/site-packages/airflow/example_dags/example_skip_dag.py
[2023-12-04T10:25:43.005+0000] {processor.py:829} INFO - Processing file /home/airflow/.local/lib/python3.8/site-packages/airflow/example_dags/example_skip_dag.py for tasks to queue
[2023-12-04T10:25:43.020+0000] {logging_mixin.py:154} INFO - [2023-12-04T10:25:43.020+0000] {dagbag.py:536} INFO - Filling up the DagBag from /home/airflow/.local/lib/python3.8/site-packages/airflow/example_dags/example_skip_dag.py
[2023-12-04T10:25:43.046+0000] {processor.py:839} INFO - DAG(s) dict_keys(['example_skip_dag']) retrieved from /home/airflow/.local/lib/python3.8/site-packages/airflow/example_dags/example_skip_dag.py
[2023-12-04T10:25:43.139+0000] {logging_mixin.py:154} INFO - [2023-12-04T10:25:43.138+0000] {dag.py:2941} INFO - Sync 1 DAGs
[2023-12-04T10:25:43.202+0000] {logging_mixin.py:154} INFO - [2023-12-04T10:25:43.201+0000] {dag.py:3722} INFO - Setting next_dagrun for example_skip_dag to 2023-12-03T10:25:43.201488+00:00, run_after=2023-12-04T10:25:43.201488+00:00
[2023-12-04T10:25:43.263+0000] {processor.py:179} INFO - Processing /home/airflow/.local/lib/python3.8/site-packages/airflow/example_dags/example_skip_dag.py took 0.276 seconds
