[2023-12-04T10:19:37.496+0000] {processor.py:157} INFO - Started process (PID=71) to work on /home/airflow/.local/lib/python3.8/site-packages/airflow/example_dags/example_sensors.py
[2023-12-04T10:19:37.499+0000] {processor.py:829} INFO - Processing file /home/airflow/.local/lib/python3.8/site-packages/airflow/example_dags/example_sensors.py for tasks to queue
[2023-12-04T10:19:37.510+0000] {logging_mixin.py:154} INFO - [2023-12-04T10:19:37.510+0000] {dagbag.py:536} INFO - Filling up the DagBag from /home/airflow/.local/lib/python3.8/site-packages/airflow/example_dags/example_sensors.py
[2023-12-04T10:19:37.548+0000] {processor.py:839} INFO - DAG(s) dict_keys(['example_sensors']) retrieved from /home/airflow/.local/lib/python3.8/site-packages/airflow/example_dags/example_sensors.py
[2023-12-04T10:19:37.608+0000] {logging_mixin.py:154} INFO - [2023-12-04T10:19:37.608+0000] {dag.py:2941} INFO - Sync 1 DAGs
[2023-12-04T10:19:37.634+0000] {logging_mixin.py:154} INFO - [2023-12-04T10:19:37.634+0000] {dag.py:3722} INFO - Setting next_dagrun for example_sensors to None, run_after=None
[2023-12-04T10:19:37.664+0000] {processor.py:179} INFO - Processing /home/airflow/.local/lib/python3.8/site-packages/airflow/example_dags/example_sensors.py took 0.192 seconds
[2023-12-04T10:20:08.512+0000] {processor.py:157} INFO - Started process (PID=126) to work on /home/airflow/.local/lib/python3.8/site-packages/airflow/example_dags/example_sensors.py
[2023-12-04T10:20:08.514+0000] {processor.py:829} INFO - Processing file /home/airflow/.local/lib/python3.8/site-packages/airflow/example_dags/example_sensors.py for tasks to queue
[2023-12-04T10:20:08.518+0000] {logging_mixin.py:154} INFO - [2023-12-04T10:20:08.518+0000] {dagbag.py:536} INFO - Filling up the DagBag from /home/airflow/.local/lib/python3.8/site-packages/airflow/example_dags/example_sensors.py
[2023-12-04T10:20:08.534+0000] {processor.py:839} INFO - DAG(s) dict_keys(['example_sensors']) retrieved from /home/airflow/.local/lib/python3.8/site-packages/airflow/example_dags/example_sensors.py
[2023-12-04T10:20:08.577+0000] {logging_mixin.py:154} INFO - [2023-12-04T10:20:08.577+0000] {dag.py:2941} INFO - Sync 1 DAGs
[2023-12-04T10:20:08.596+0000] {logging_mixin.py:154} INFO - [2023-12-04T10:20:08.596+0000] {dag.py:3722} INFO - Setting next_dagrun for example_sensors to None, run_after=None
[2023-12-04T10:20:08.627+0000] {processor.py:179} INFO - Processing /home/airflow/.local/lib/python3.8/site-packages/airflow/example_dags/example_sensors.py took 0.121 seconds
[2023-12-04T10:20:38.810+0000] {processor.py:157} INFO - Started process (PID=180) to work on /home/airflow/.local/lib/python3.8/site-packages/airflow/example_dags/example_sensors.py
[2023-12-04T10:20:38.813+0000] {processor.py:829} INFO - Processing file /home/airflow/.local/lib/python3.8/site-packages/airflow/example_dags/example_sensors.py for tasks to queue
[2023-12-04T10:20:38.821+0000] {logging_mixin.py:154} INFO - [2023-12-04T10:20:38.819+0000] {dagbag.py:536} INFO - Filling up the DagBag from /home/airflow/.local/lib/python3.8/site-packages/airflow/example_dags/example_sensors.py
[2023-12-04T10:20:38.842+0000] {processor.py:839} INFO - DAG(s) dict_keys(['example_sensors']) retrieved from /home/airflow/.local/lib/python3.8/site-packages/airflow/example_dags/example_sensors.py
[2023-12-04T10:20:38.884+0000] {logging_mixin.py:154} INFO - [2023-12-04T10:20:38.884+0000] {dag.py:2941} INFO - Sync 1 DAGs
[2023-12-04T10:20:38.904+0000] {logging_mixin.py:154} INFO - [2023-12-04T10:20:38.903+0000] {dag.py:3722} INFO - Setting next_dagrun for example_sensors to None, run_after=None
[2023-12-04T10:20:38.934+0000] {processor.py:179} INFO - Processing /home/airflow/.local/lib/python3.8/site-packages/airflow/example_dags/example_sensors.py took 0.129 seconds
[2023-12-04T10:21:11.957+0000] {processor.py:157} INFO - Started process (PID=234) to work on /home/airflow/.local/lib/python3.8/site-packages/airflow/example_dags/example_sensors.py
[2023-12-04T10:21:11.968+0000] {processor.py:829} INFO - Processing file /home/airflow/.local/lib/python3.8/site-packages/airflow/example_dags/example_sensors.py for tasks to queue
[2023-12-04T10:21:11.987+0000] {logging_mixin.py:154} INFO - [2023-12-04T10:21:11.986+0000] {dagbag.py:536} INFO - Filling up the DagBag from /home/airflow/.local/lib/python3.8/site-packages/airflow/example_dags/example_sensors.py
[2023-12-04T10:21:12.021+0000] {processor.py:839} INFO - DAG(s) dict_keys(['example_sensors']) retrieved from /home/airflow/.local/lib/python3.8/site-packages/airflow/example_dags/example_sensors.py
[2023-12-04T10:21:12.161+0000] {logging_mixin.py:154} INFO - [2023-12-04T10:21:12.160+0000] {dag.py:2941} INFO - Sync 1 DAGs
[2023-12-04T10:21:12.233+0000] {logging_mixin.py:154} INFO - [2023-12-04T10:21:12.233+0000] {dag.py:3722} INFO - Setting next_dagrun for example_sensors to None, run_after=None
[2023-12-04T10:21:12.340+0000] {processor.py:179} INFO - Processing /home/airflow/.local/lib/python3.8/site-packages/airflow/example_dags/example_sensors.py took 0.398 seconds
[2023-12-04T10:21:42.911+0000] {processor.py:157} INFO - Started process (PID=288) to work on /home/airflow/.local/lib/python3.8/site-packages/airflow/example_dags/example_sensors.py
[2023-12-04T10:21:42.914+0000] {processor.py:829} INFO - Processing file /home/airflow/.local/lib/python3.8/site-packages/airflow/example_dags/example_sensors.py for tasks to queue
[2023-12-04T10:21:42.921+0000] {logging_mixin.py:154} INFO - [2023-12-04T10:21:42.920+0000] {dagbag.py:536} INFO - Filling up the DagBag from /home/airflow/.local/lib/python3.8/site-packages/airflow/example_dags/example_sensors.py
[2023-12-04T10:21:42.956+0000] {processor.py:839} INFO - DAG(s) dict_keys(['example_sensors']) retrieved from /home/airflow/.local/lib/python3.8/site-packages/airflow/example_dags/example_sensors.py
[2023-12-04T10:21:43.010+0000] {logging_mixin.py:154} INFO - [2023-12-04T10:21:43.010+0000] {dag.py:2941} INFO - Sync 1 DAGs
[2023-12-04T10:21:43.031+0000] {logging_mixin.py:154} INFO - [2023-12-04T10:21:43.031+0000] {dag.py:3722} INFO - Setting next_dagrun for example_sensors to None, run_after=None
[2023-12-04T10:21:43.095+0000] {processor.py:179} INFO - Processing /home/airflow/.local/lib/python3.8/site-packages/airflow/example_dags/example_sensors.py took 0.191 seconds
[2023-12-04T10:22:22.629+0000] {processor.py:157} INFO - Started process (PID=342) to work on /home/airflow/.local/lib/python3.8/site-packages/airflow/example_dags/example_sensors.py
[2023-12-04T10:22:22.633+0000] {processor.py:829} INFO - Processing file /home/airflow/.local/lib/python3.8/site-packages/airflow/example_dags/example_sensors.py for tasks to queue
[2023-12-04T10:22:22.637+0000] {logging_mixin.py:154} INFO - [2023-12-04T10:22:22.637+0000] {dagbag.py:536} INFO - Filling up the DagBag from /home/airflow/.local/lib/python3.8/site-packages/airflow/example_dags/example_sensors.py
[2023-12-04T10:22:22.670+0000] {processor.py:839} INFO - DAG(s) dict_keys(['example_sensors']) retrieved from /home/airflow/.local/lib/python3.8/site-packages/airflow/example_dags/example_sensors.py
[2023-12-04T10:22:22.760+0000] {logging_mixin.py:154} INFO - [2023-12-04T10:22:22.760+0000] {dag.py:2941} INFO - Sync 1 DAGs
[2023-12-04T10:22:22.784+0000] {logging_mixin.py:154} INFO - [2023-12-04T10:22:22.783+0000] {dag.py:3722} INFO - Setting next_dagrun for example_sensors to None, run_after=None
[2023-12-04T10:22:22.821+0000] {processor.py:179} INFO - Processing /home/airflow/.local/lib/python3.8/site-packages/airflow/example_dags/example_sensors.py took 0.204 seconds
[2023-12-04T10:23:05.325+0000] {processor.py:157} INFO - Started process (PID=396) to work on /home/airflow/.local/lib/python3.8/site-packages/airflow/example_dags/example_sensors.py
[2023-12-04T10:23:05.328+0000] {processor.py:829} INFO - Processing file /home/airflow/.local/lib/python3.8/site-packages/airflow/example_dags/example_sensors.py for tasks to queue
[2023-12-04T10:23:05.339+0000] {logging_mixin.py:154} INFO - [2023-12-04T10:23:05.339+0000] {dagbag.py:536} INFO - Filling up the DagBag from /home/airflow/.local/lib/python3.8/site-packages/airflow/example_dags/example_sensors.py
[2023-12-04T10:23:05.373+0000] {processor.py:839} INFO - DAG(s) dict_keys(['example_sensors']) retrieved from /home/airflow/.local/lib/python3.8/site-packages/airflow/example_dags/example_sensors.py
[2023-12-04T10:23:05.500+0000] {logging_mixin.py:154} INFO - [2023-12-04T10:23:05.499+0000] {dag.py:2941} INFO - Sync 1 DAGs
[2023-12-04T10:23:05.550+0000] {logging_mixin.py:154} INFO - [2023-12-04T10:23:05.550+0000] {dag.py:3722} INFO - Setting next_dagrun for example_sensors to None, run_after=None
[2023-12-04T10:23:08.162+0000] {processor.py:179} INFO - Processing /home/airflow/.local/lib/python3.8/site-packages/airflow/example_dags/example_sensors.py took 2.848 seconds
[2023-12-04T10:23:39.229+0000] {processor.py:157} INFO - Started process (PID=451) to work on /home/airflow/.local/lib/python3.8/site-packages/airflow/example_dags/example_sensors.py
[2023-12-04T10:23:39.256+0000] {processor.py:829} INFO - Processing file /home/airflow/.local/lib/python3.8/site-packages/airflow/example_dags/example_sensors.py for tasks to queue
[2023-12-04T10:23:39.358+0000] {logging_mixin.py:154} INFO - [2023-12-04T10:23:39.351+0000] {dagbag.py:536} INFO - Filling up the DagBag from /home/airflow/.local/lib/python3.8/site-packages/airflow/example_dags/example_sensors.py
[2023-12-04T10:23:40.324+0000] {processor.py:839} INFO - DAG(s) dict_keys(['example_sensors']) retrieved from /home/airflow/.local/lib/python3.8/site-packages/airflow/example_dags/example_sensors.py
[2023-12-04T10:23:42.507+0000] {logging_mixin.py:154} INFO - [2023-12-04T10:23:42.486+0000] {dag.py:2941} INFO - Sync 1 DAGs
[2023-12-04T10:23:44.888+0000] {logging_mixin.py:154} INFO - [2023-12-04T10:23:44.846+0000] {dag.py:3722} INFO - Setting next_dagrun for example_sensors to None, run_after=None
[2023-12-04T10:23:49.754+0000] {processor.py:179} INFO - Processing /home/airflow/.local/lib/python3.8/site-packages/airflow/example_dags/example_sensors.py took 10.617 seconds
[2023-12-04T10:24:30.349+0000] {processor.py:157} INFO - Started process (PID=518) to work on /home/airflow/.local/lib/python3.8/site-packages/airflow/example_dags/example_sensors.py
[2023-12-04T10:24:30.356+0000] {processor.py:829} INFO - Processing file /home/airflow/.local/lib/python3.8/site-packages/airflow/example_dags/example_sensors.py for tasks to queue
[2023-12-04T10:24:30.361+0000] {logging_mixin.py:154} INFO - [2023-12-04T10:24:30.360+0000] {dagbag.py:536} INFO - Filling up the DagBag from /home/airflow/.local/lib/python3.8/site-packages/airflow/example_dags/example_sensors.py
[2023-12-04T10:24:30.384+0000] {processor.py:839} INFO - DAG(s) dict_keys(['example_sensors']) retrieved from /home/airflow/.local/lib/python3.8/site-packages/airflow/example_dags/example_sensors.py
[2023-12-04T10:24:30.488+0000] {logging_mixin.py:154} INFO - [2023-12-04T10:24:30.488+0000] {dag.py:2941} INFO - Sync 1 DAGs
[2023-12-04T10:24:30.534+0000] {logging_mixin.py:154} INFO - [2023-12-04T10:24:30.534+0000] {dag.py:3722} INFO - Setting next_dagrun for example_sensors to None, run_after=None
[2023-12-04T10:24:30.588+0000] {processor.py:179} INFO - Processing /home/airflow/.local/lib/python3.8/site-packages/airflow/example_dags/example_sensors.py took 0.247 seconds
[2023-12-04T10:25:13.585+0000] {processor.py:157} INFO - Started process (PID=570) to work on /home/airflow/.local/lib/python3.8/site-packages/airflow/example_dags/example_sensors.py
[2023-12-04T10:25:13.588+0000] {processor.py:829} INFO - Processing file /home/airflow/.local/lib/python3.8/site-packages/airflow/example_dags/example_sensors.py for tasks to queue
[2023-12-04T10:25:13.594+0000] {logging_mixin.py:154} INFO - [2023-12-04T10:25:13.594+0000] {dagbag.py:536} INFO - Filling up the DagBag from /home/airflow/.local/lib/python3.8/site-packages/airflow/example_dags/example_sensors.py
[2023-12-04T10:25:13.615+0000] {processor.py:839} INFO - DAG(s) dict_keys(['example_sensors']) retrieved from /home/airflow/.local/lib/python3.8/site-packages/airflow/example_dags/example_sensors.py
[2023-12-04T10:25:13.913+0000] {logging_mixin.py:154} INFO - [2023-12-04T10:25:13.894+0000] {dag.py:2941} INFO - Sync 1 DAGs
[2023-12-04T10:25:14.385+0000] {logging_mixin.py:154} INFO - [2023-12-04T10:25:14.384+0000] {dag.py:3722} INFO - Setting next_dagrun for example_sensors to None, run_after=None
[2023-12-04T10:25:14.477+0000] {processor.py:179} INFO - Processing /home/airflow/.local/lib/python3.8/site-packages/airflow/example_dags/example_sensors.py took 0.906 seconds
[2023-12-04T10:25:54.925+0000] {processor.py:157} INFO - Started process (PID=625) to work on /home/airflow/.local/lib/python3.8/site-packages/airflow/example_dags/example_sensors.py
[2023-12-04T10:25:54.928+0000] {processor.py:829} INFO - Processing file /home/airflow/.local/lib/python3.8/site-packages/airflow/example_dags/example_sensors.py for tasks to queue
[2023-12-04T10:25:54.933+0000] {logging_mixin.py:154} INFO - [2023-12-04T10:25:54.932+0000] {dagbag.py:536} INFO - Filling up the DagBag from /home/airflow/.local/lib/python3.8/site-packages/airflow/example_dags/example_sensors.py
[2023-12-04T10:25:54.958+0000] {processor.py:839} INFO - DAG(s) dict_keys(['example_sensors']) retrieved from /home/airflow/.local/lib/python3.8/site-packages/airflow/example_dags/example_sensors.py
[2023-12-04T10:25:55.086+0000] {logging_mixin.py:154} INFO - [2023-12-04T10:25:55.085+0000] {dag.py:2941} INFO - Sync 1 DAGs
[2023-12-04T10:25:55.131+0000] {logging_mixin.py:154} INFO - [2023-12-04T10:25:55.130+0000] {dag.py:3722} INFO - Setting next_dagrun for example_sensors to None, run_after=None
[2023-12-04T10:25:55.208+0000] {processor.py:179} INFO - Processing /home/airflow/.local/lib/python3.8/site-packages/airflow/example_dags/example_sensors.py took 0.290 seconds
[2023-12-04T10:26:25.282+0000] {processor.py:157} INFO - Started process (PID=679) to work on /home/airflow/.local/lib/python3.8/site-packages/airflow/example_dags/example_sensors.py
[2023-12-04T10:26:25.284+0000] {processor.py:829} INFO - Processing file /home/airflow/.local/lib/python3.8/site-packages/airflow/example_dags/example_sensors.py for tasks to queue
[2023-12-04T10:26:25.289+0000] {logging_mixin.py:154} INFO - [2023-12-04T10:26:25.289+0000] {dagbag.py:536} INFO - Filling up the DagBag from /home/airflow/.local/lib/python3.8/site-packages/airflow/example_dags/example_sensors.py
[2023-12-04T10:26:25.308+0000] {processor.py:839} INFO - DAG(s) dict_keys(['example_sensors']) retrieved from /home/airflow/.local/lib/python3.8/site-packages/airflow/example_dags/example_sensors.py
[2023-12-04T10:26:25.358+0000] {logging_mixin.py:154} INFO - [2023-12-04T10:26:25.358+0000] {dag.py:2941} INFO - Sync 1 DAGs
[2023-12-04T10:26:25.379+0000] {logging_mixin.py:154} INFO - [2023-12-04T10:26:25.378+0000] {dag.py:3722} INFO - Setting next_dagrun for example_sensors to None, run_after=None
[2023-12-04T10:26:25.411+0000] {processor.py:179} INFO - Processing /home/airflow/.local/lib/python3.8/site-packages/airflow/example_dags/example_sensors.py took 0.136 seconds
[2023-12-04T10:27:04.853+0000] {processor.py:157} INFO - Started process (PID=740) to work on /home/airflow/.local/lib/python3.8/site-packages/airflow/example_dags/example_sensors.py
[2023-12-04T10:27:04.860+0000] {processor.py:829} INFO - Processing file /home/airflow/.local/lib/python3.8/site-packages/airflow/example_dags/example_sensors.py for tasks to queue
[2023-12-04T10:27:04.882+0000] {logging_mixin.py:154} INFO - [2023-12-04T10:27:04.880+0000] {dagbag.py:536} INFO - Filling up the DagBag from /home/airflow/.local/lib/python3.8/site-packages/airflow/example_dags/example_sensors.py
[2023-12-04T10:27:05.263+0000] {processor.py:839} INFO - DAG(s) dict_keys(['example_sensors']) retrieved from /home/airflow/.local/lib/python3.8/site-packages/airflow/example_dags/example_sensors.py
[2023-12-04T10:27:05.735+0000] {logging_mixin.py:154} INFO - [2023-12-04T10:27:05.734+0000] {dag.py:2941} INFO - Sync 1 DAGs
[2023-12-04T10:27:05.787+0000] {logging_mixin.py:154} INFO - [2023-12-04T10:27:05.786+0000] {dag.py:3722} INFO - Setting next_dagrun for example_sensors to None, run_after=None
[2023-12-04T10:27:06.092+0000] {processor.py:179} INFO - Processing /home/airflow/.local/lib/python3.8/site-packages/airflow/example_dags/example_sensors.py took 1.267 seconds
[2023-12-04T10:27:51.755+0000] {processor.py:157} INFO - Started process (PID=796) to work on /home/airflow/.local/lib/python3.8/site-packages/airflow/example_dags/example_sensors.py
[2023-12-04T10:27:51.763+0000] {processor.py:829} INFO - Processing file /home/airflow/.local/lib/python3.8/site-packages/airflow/example_dags/example_sensors.py for tasks to queue
[2023-12-04T10:27:51.774+0000] {logging_mixin.py:154} INFO - [2023-12-04T10:27:51.773+0000] {dagbag.py:536} INFO - Filling up the DagBag from /home/airflow/.local/lib/python3.8/site-packages/airflow/example_dags/example_sensors.py
[2023-12-04T10:27:51.834+0000] {processor.py:839} INFO - DAG(s) dict_keys(['example_sensors']) retrieved from /home/airflow/.local/lib/python3.8/site-packages/airflow/example_dags/example_sensors.py
[2023-12-04T10:27:52.419+0000] {logging_mixin.py:154} INFO - [2023-12-04T10:27:52.415+0000] {dag.py:2941} INFO - Sync 1 DAGs
[2023-12-04T10:27:52.592+0000] {logging_mixin.py:154} INFO - [2023-12-04T10:27:52.592+0000] {dag.py:3722} INFO - Setting next_dagrun for example_sensors to None, run_after=None
[2023-12-04T10:27:52.874+0000] {processor.py:179} INFO - Processing /home/airflow/.local/lib/python3.8/site-packages/airflow/example_dags/example_sensors.py took 1.153 seconds
[2023-12-04T10:28:27.178+0000] {processor.py:157} INFO - Started process (PID=850) to work on /home/airflow/.local/lib/python3.8/site-packages/airflow/example_dags/example_sensors.py
[2023-12-04T10:28:27.181+0000] {processor.py:829} INFO - Processing file /home/airflow/.local/lib/python3.8/site-packages/airflow/example_dags/example_sensors.py for tasks to queue
[2023-12-04T10:28:27.187+0000] {logging_mixin.py:154} INFO - [2023-12-04T10:28:27.187+0000] {dagbag.py:536} INFO - Filling up the DagBag from /home/airflow/.local/lib/python3.8/site-packages/airflow/example_dags/example_sensors.py
[2023-12-04T10:28:27.219+0000] {processor.py:839} INFO - DAG(s) dict_keys(['example_sensors']) retrieved from /home/airflow/.local/lib/python3.8/site-packages/airflow/example_dags/example_sensors.py
[2023-12-04T10:28:27.297+0000] {logging_mixin.py:154} INFO - [2023-12-04T10:28:27.297+0000] {dag.py:2941} INFO - Sync 1 DAGs
[2023-12-04T10:28:27.366+0000] {logging_mixin.py:154} INFO - [2023-12-04T10:28:27.365+0000] {dag.py:3722} INFO - Setting next_dagrun for example_sensors to None, run_after=None
[2023-12-04T10:28:27.433+0000] {processor.py:179} INFO - Processing /home/airflow/.local/lib/python3.8/site-packages/airflow/example_dags/example_sensors.py took 0.271 seconds
[2023-12-04T10:29:03.744+0000] {processor.py:157} INFO - Started process (PID=903) to work on /home/airflow/.local/lib/python3.8/site-packages/airflow/example_dags/example_sensors.py
[2023-12-04T10:29:03.747+0000] {processor.py:829} INFO - Processing file /home/airflow/.local/lib/python3.8/site-packages/airflow/example_dags/example_sensors.py for tasks to queue
[2023-12-04T10:29:03.754+0000] {logging_mixin.py:154} INFO - [2023-12-04T10:29:03.753+0000] {dagbag.py:536} INFO - Filling up the DagBag from /home/airflow/.local/lib/python3.8/site-packages/airflow/example_dags/example_sensors.py
[2023-12-04T10:29:03.800+0000] {processor.py:839} INFO - DAG(s) dict_keys(['example_sensors']) retrieved from /home/airflow/.local/lib/python3.8/site-packages/airflow/example_dags/example_sensors.py
[2023-12-04T10:29:03.888+0000] {logging_mixin.py:154} INFO - [2023-12-04T10:29:03.888+0000] {dag.py:2941} INFO - Sync 1 DAGs
[2023-12-04T10:29:03.947+0000] {logging_mixin.py:154} INFO - [2023-12-04T10:29:03.947+0000] {dag.py:3722} INFO - Setting next_dagrun for example_sensors to None, run_after=None
[2023-12-04T10:29:03.991+0000] {processor.py:179} INFO - Processing /home/airflow/.local/lib/python3.8/site-packages/airflow/example_dags/example_sensors.py took 0.253 seconds
[2023-12-04T12:02:26.676+0000] {processor.py:157} INFO - Started process (PID=79) to work on /home/airflow/.local/lib/python3.8/site-packages/airflow/example_dags/example_sensors.py
[2023-12-04T12:02:26.681+0000] {processor.py:829} INFO - Processing file /home/airflow/.local/lib/python3.8/site-packages/airflow/example_dags/example_sensors.py for tasks to queue
[2023-12-04T12:02:26.690+0000] {logging_mixin.py:154} INFO - [2023-12-04T12:02:26.690+0000] {dagbag.py:536} INFO - Filling up the DagBag from /home/airflow/.local/lib/python3.8/site-packages/airflow/example_dags/example_sensors.py
[2023-12-04T12:02:26.729+0000] {processor.py:839} INFO - DAG(s) dict_keys(['example_sensors']) retrieved from /home/airflow/.local/lib/python3.8/site-packages/airflow/example_dags/example_sensors.py
[2023-12-04T12:02:26.800+0000] {logging_mixin.py:154} INFO - [2023-12-04T12:02:26.799+0000] {dag.py:2941} INFO - Sync 1 DAGs
[2023-12-04T12:02:26.855+0000] {logging_mixin.py:154} INFO - [2023-12-04T12:02:26.854+0000] {dag.py:3722} INFO - Setting next_dagrun for example_sensors to None, run_after=None
[2023-12-04T12:02:26.919+0000] {processor.py:179} INFO - Processing /home/airflow/.local/lib/python3.8/site-packages/airflow/example_dags/example_sensors.py took 0.259 seconds
[2023-12-04T12:03:12.649+0000] {processor.py:157} INFO - Started process (PID=133) to work on /home/airflow/.local/lib/python3.8/site-packages/airflow/example_dags/example_sensors.py
[2023-12-04T12:03:12.657+0000] {processor.py:829} INFO - Processing file /home/airflow/.local/lib/python3.8/site-packages/airflow/example_dags/example_sensors.py for tasks to queue
[2023-12-04T12:03:12.668+0000] {logging_mixin.py:154} INFO - [2023-12-04T12:03:12.667+0000] {dagbag.py:536} INFO - Filling up the DagBag from /home/airflow/.local/lib/python3.8/site-packages/airflow/example_dags/example_sensors.py
[2023-12-04T12:03:12.702+0000] {processor.py:839} INFO - DAG(s) dict_keys(['example_sensors']) retrieved from /home/airflow/.local/lib/python3.8/site-packages/airflow/example_dags/example_sensors.py
[2023-12-04T12:03:12.814+0000] {logging_mixin.py:154} INFO - [2023-12-04T12:03:12.813+0000] {dag.py:2941} INFO - Sync 1 DAGs
[2023-12-04T12:03:12.879+0000] {logging_mixin.py:154} INFO - [2023-12-04T12:03:12.879+0000] {dag.py:3722} INFO - Setting next_dagrun for example_sensors to None, run_after=None
[2023-12-04T12:03:12.929+0000] {processor.py:179} INFO - Processing /home/airflow/.local/lib/python3.8/site-packages/airflow/example_dags/example_sensors.py took 0.309 seconds
[2023-12-04T12:03:43.198+0000] {processor.py:157} INFO - Started process (PID=187) to work on /home/airflow/.local/lib/python3.8/site-packages/airflow/example_dags/example_sensors.py
[2023-12-04T12:03:43.203+0000] {processor.py:829} INFO - Processing file /home/airflow/.local/lib/python3.8/site-packages/airflow/example_dags/example_sensors.py for tasks to queue
[2023-12-04T12:03:43.212+0000] {logging_mixin.py:154} INFO - [2023-12-04T12:03:43.211+0000] {dagbag.py:536} INFO - Filling up the DagBag from /home/airflow/.local/lib/python3.8/site-packages/airflow/example_dags/example_sensors.py
[2023-12-04T12:03:43.234+0000] {processor.py:839} INFO - DAG(s) dict_keys(['example_sensors']) retrieved from /home/airflow/.local/lib/python3.8/site-packages/airflow/example_dags/example_sensors.py
[2023-12-04T12:03:43.315+0000] {logging_mixin.py:154} INFO - [2023-12-04T12:03:43.314+0000] {dag.py:2941} INFO - Sync 1 DAGs
[2023-12-04T12:03:43.337+0000] {logging_mixin.py:154} INFO - [2023-12-04T12:03:43.337+0000] {dag.py:3722} INFO - Setting next_dagrun for example_sensors to None, run_after=None
[2023-12-04T12:03:43.371+0000] {processor.py:179} INFO - Processing /home/airflow/.local/lib/python3.8/site-packages/airflow/example_dags/example_sensors.py took 0.204 seconds
[2023-12-04T12:04:14.207+0000] {processor.py:157} INFO - Started process (PID=241) to work on /home/airflow/.local/lib/python3.8/site-packages/airflow/example_dags/example_sensors.py
[2023-12-04T12:04:14.209+0000] {processor.py:829} INFO - Processing file /home/airflow/.local/lib/python3.8/site-packages/airflow/example_dags/example_sensors.py for tasks to queue
[2023-12-04T12:04:14.214+0000] {logging_mixin.py:154} INFO - [2023-12-04T12:04:14.213+0000] {dagbag.py:536} INFO - Filling up the DagBag from /home/airflow/.local/lib/python3.8/site-packages/airflow/example_dags/example_sensors.py
[2023-12-04T12:04:14.230+0000] {processor.py:839} INFO - DAG(s) dict_keys(['example_sensors']) retrieved from /home/airflow/.local/lib/python3.8/site-packages/airflow/example_dags/example_sensors.py
[2023-12-04T12:04:14.272+0000] {logging_mixin.py:154} INFO - [2023-12-04T12:04:14.272+0000] {dag.py:2941} INFO - Sync 1 DAGs
[2023-12-04T12:04:14.294+0000] {logging_mixin.py:154} INFO - [2023-12-04T12:04:14.293+0000] {dag.py:3722} INFO - Setting next_dagrun for example_sensors to None, run_after=None
[2023-12-04T12:04:14.328+0000] {processor.py:179} INFO - Processing /home/airflow/.local/lib/python3.8/site-packages/airflow/example_dags/example_sensors.py took 0.127 seconds
[2023-12-04T12:04:44.438+0000] {processor.py:157} INFO - Started process (PID=295) to work on /home/airflow/.local/lib/python3.8/site-packages/airflow/example_dags/example_sensors.py
[2023-12-04T12:04:44.442+0000] {processor.py:829} INFO - Processing file /home/airflow/.local/lib/python3.8/site-packages/airflow/example_dags/example_sensors.py for tasks to queue
[2023-12-04T12:04:44.448+0000] {logging_mixin.py:154} INFO - [2023-12-04T12:04:44.447+0000] {dagbag.py:536} INFO - Filling up the DagBag from /home/airflow/.local/lib/python3.8/site-packages/airflow/example_dags/example_sensors.py
[2023-12-04T12:04:44.468+0000] {processor.py:839} INFO - DAG(s) dict_keys(['example_sensors']) retrieved from /home/airflow/.local/lib/python3.8/site-packages/airflow/example_dags/example_sensors.py
[2023-12-04T12:04:44.516+0000] {logging_mixin.py:154} INFO - [2023-12-04T12:04:44.516+0000] {dag.py:2941} INFO - Sync 1 DAGs
[2023-12-04T12:04:44.538+0000] {logging_mixin.py:154} INFO - [2023-12-04T12:04:44.537+0000] {dag.py:3722} INFO - Setting next_dagrun for example_sensors to None, run_after=None
[2023-12-04T12:04:44.569+0000] {processor.py:179} INFO - Processing /home/airflow/.local/lib/python3.8/site-packages/airflow/example_dags/example_sensors.py took 0.138 seconds
[2023-12-04T12:05:14.812+0000] {processor.py:157} INFO - Started process (PID=349) to work on /home/airflow/.local/lib/python3.8/site-packages/airflow/example_dags/example_sensors.py
[2023-12-04T12:05:14.815+0000] {processor.py:829} INFO - Processing file /home/airflow/.local/lib/python3.8/site-packages/airflow/example_dags/example_sensors.py for tasks to queue
[2023-12-04T12:05:14.820+0000] {logging_mixin.py:154} INFO - [2023-12-04T12:05:14.820+0000] {dagbag.py:536} INFO - Filling up the DagBag from /home/airflow/.local/lib/python3.8/site-packages/airflow/example_dags/example_sensors.py
[2023-12-04T12:05:14.845+0000] {processor.py:839} INFO - DAG(s) dict_keys(['example_sensors']) retrieved from /home/airflow/.local/lib/python3.8/site-packages/airflow/example_dags/example_sensors.py
[2023-12-04T12:05:14.916+0000] {logging_mixin.py:154} INFO - [2023-12-04T12:05:14.912+0000] {dag.py:2941} INFO - Sync 1 DAGs
[2023-12-04T12:05:14.937+0000] {logging_mixin.py:154} INFO - [2023-12-04T12:05:14.937+0000] {dag.py:3722} INFO - Setting next_dagrun for example_sensors to None, run_after=None
[2023-12-04T12:05:14.993+0000] {processor.py:179} INFO - Processing /home/airflow/.local/lib/python3.8/site-packages/airflow/example_dags/example_sensors.py took 0.189 seconds
[2023-12-04T12:05:45.595+0000] {processor.py:157} INFO - Started process (PID=403) to work on /home/airflow/.local/lib/python3.8/site-packages/airflow/example_dags/example_sensors.py
[2023-12-04T12:05:45.597+0000] {processor.py:829} INFO - Processing file /home/airflow/.local/lib/python3.8/site-packages/airflow/example_dags/example_sensors.py for tasks to queue
[2023-12-04T12:05:45.603+0000] {logging_mixin.py:154} INFO - [2023-12-04T12:05:45.602+0000] {dagbag.py:536} INFO - Filling up the DagBag from /home/airflow/.local/lib/python3.8/site-packages/airflow/example_dags/example_sensors.py
[2023-12-04T12:05:45.620+0000] {processor.py:839} INFO - DAG(s) dict_keys(['example_sensors']) retrieved from /home/airflow/.local/lib/python3.8/site-packages/airflow/example_dags/example_sensors.py
[2023-12-04T12:05:45.672+0000] {logging_mixin.py:154} INFO - [2023-12-04T12:05:45.672+0000] {dag.py:2941} INFO - Sync 1 DAGs
[2023-12-04T12:05:45.696+0000] {logging_mixin.py:154} INFO - [2023-12-04T12:05:45.696+0000] {dag.py:3722} INFO - Setting next_dagrun for example_sensors to None, run_after=None
[2023-12-04T12:05:45.728+0000] {processor.py:179} INFO - Processing /home/airflow/.local/lib/python3.8/site-packages/airflow/example_dags/example_sensors.py took 0.139 seconds
[2023-12-04T12:06:16.036+0000] {processor.py:157} INFO - Started process (PID=457) to work on /home/airflow/.local/lib/python3.8/site-packages/airflow/example_dags/example_sensors.py
[2023-12-04T12:06:16.039+0000] {processor.py:829} INFO - Processing file /home/airflow/.local/lib/python3.8/site-packages/airflow/example_dags/example_sensors.py for tasks to queue
[2023-12-04T12:06:16.043+0000] {logging_mixin.py:154} INFO - [2023-12-04T12:06:16.043+0000] {dagbag.py:536} INFO - Filling up the DagBag from /home/airflow/.local/lib/python3.8/site-packages/airflow/example_dags/example_sensors.py
[2023-12-04T12:06:16.060+0000] {processor.py:839} INFO - DAG(s) dict_keys(['example_sensors']) retrieved from /home/airflow/.local/lib/python3.8/site-packages/airflow/example_dags/example_sensors.py
[2023-12-04T12:06:16.102+0000] {logging_mixin.py:154} INFO - [2023-12-04T12:06:16.102+0000] {dag.py:2941} INFO - Sync 1 DAGs
[2023-12-04T12:06:16.124+0000] {logging_mixin.py:154} INFO - [2023-12-04T12:06:16.123+0000] {dag.py:3722} INFO - Setting next_dagrun for example_sensors to None, run_after=None
[2023-12-04T12:06:16.152+0000] {processor.py:179} INFO - Processing /home/airflow/.local/lib/python3.8/site-packages/airflow/example_dags/example_sensors.py took 0.123 seconds
[2023-12-04T12:06:46.440+0000] {processor.py:157} INFO - Started process (PID=512) to work on /home/airflow/.local/lib/python3.8/site-packages/airflow/example_dags/example_sensors.py
[2023-12-04T12:06:46.443+0000] {processor.py:829} INFO - Processing file /home/airflow/.local/lib/python3.8/site-packages/airflow/example_dags/example_sensors.py for tasks to queue
[2023-12-04T12:06:46.448+0000] {logging_mixin.py:154} INFO - [2023-12-04T12:06:46.447+0000] {dagbag.py:536} INFO - Filling up the DagBag from /home/airflow/.local/lib/python3.8/site-packages/airflow/example_dags/example_sensors.py
[2023-12-04T12:06:46.463+0000] {processor.py:839} INFO - DAG(s) dict_keys(['example_sensors']) retrieved from /home/airflow/.local/lib/python3.8/site-packages/airflow/example_dags/example_sensors.py
[2023-12-04T12:06:46.508+0000] {logging_mixin.py:154} INFO - [2023-12-04T12:06:46.508+0000] {dag.py:2941} INFO - Sync 1 DAGs
[2023-12-04T12:06:46.535+0000] {logging_mixin.py:154} INFO - [2023-12-04T12:06:46.535+0000] {dag.py:3722} INFO - Setting next_dagrun for example_sensors to None, run_after=None
[2023-12-04T12:06:46.573+0000] {processor.py:179} INFO - Processing /home/airflow/.local/lib/python3.8/site-packages/airflow/example_dags/example_sensors.py took 0.138 seconds
[2023-12-04T12:07:17.315+0000] {processor.py:157} INFO - Started process (PID=566) to work on /home/airflow/.local/lib/python3.8/site-packages/airflow/example_dags/example_sensors.py
[2023-12-04T12:07:17.319+0000] {processor.py:829} INFO - Processing file /home/airflow/.local/lib/python3.8/site-packages/airflow/example_dags/example_sensors.py for tasks to queue
[2023-12-04T12:07:17.324+0000] {logging_mixin.py:154} INFO - [2023-12-04T12:07:17.323+0000] {dagbag.py:536} INFO - Filling up the DagBag from /home/airflow/.local/lib/python3.8/site-packages/airflow/example_dags/example_sensors.py
[2023-12-04T12:07:17.340+0000] {processor.py:839} INFO - DAG(s) dict_keys(['example_sensors']) retrieved from /home/airflow/.local/lib/python3.8/site-packages/airflow/example_dags/example_sensors.py
[2023-12-04T12:07:17.397+0000] {logging_mixin.py:154} INFO - [2023-12-04T12:07:17.397+0000] {dag.py:2941} INFO - Sync 1 DAGs
[2023-12-04T12:07:17.418+0000] {logging_mixin.py:154} INFO - [2023-12-04T12:07:17.417+0000] {dag.py:3722} INFO - Setting next_dagrun for example_sensors to None, run_after=None
[2023-12-04T12:07:17.448+0000] {processor.py:179} INFO - Processing /home/airflow/.local/lib/python3.8/site-packages/airflow/example_dags/example_sensors.py took 0.139 seconds
[2023-12-04T12:07:48.114+0000] {processor.py:157} INFO - Started process (PID=620) to work on /home/airflow/.local/lib/python3.8/site-packages/airflow/example_dags/example_sensors.py
[2023-12-04T12:07:48.116+0000] {processor.py:829} INFO - Processing file /home/airflow/.local/lib/python3.8/site-packages/airflow/example_dags/example_sensors.py for tasks to queue
[2023-12-04T12:07:48.120+0000] {logging_mixin.py:154} INFO - [2023-12-04T12:07:48.119+0000] {dagbag.py:536} INFO - Filling up the DagBag from /home/airflow/.local/lib/python3.8/site-packages/airflow/example_dags/example_sensors.py
[2023-12-04T12:07:48.135+0000] {processor.py:839} INFO - DAG(s) dict_keys(['example_sensors']) retrieved from /home/airflow/.local/lib/python3.8/site-packages/airflow/example_dags/example_sensors.py
[2023-12-04T12:07:48.176+0000] {logging_mixin.py:154} INFO - [2023-12-04T12:07:48.176+0000] {dag.py:2941} INFO - Sync 1 DAGs
[2023-12-04T12:07:48.196+0000] {logging_mixin.py:154} INFO - [2023-12-04T12:07:48.196+0000] {dag.py:3722} INFO - Setting next_dagrun for example_sensors to None, run_after=None
[2023-12-04T12:07:48.228+0000] {processor.py:179} INFO - Processing /home/airflow/.local/lib/python3.8/site-packages/airflow/example_dags/example_sensors.py took 0.120 seconds
[2023-12-04T12:08:19.054+0000] {processor.py:157} INFO - Started process (PID=675) to work on /home/airflow/.local/lib/python3.8/site-packages/airflow/example_dags/example_sensors.py
[2023-12-04T12:08:19.057+0000] {processor.py:829} INFO - Processing file /home/airflow/.local/lib/python3.8/site-packages/airflow/example_dags/example_sensors.py for tasks to queue
[2023-12-04T12:08:19.063+0000] {logging_mixin.py:154} INFO - [2023-12-04T12:08:19.062+0000] {dagbag.py:536} INFO - Filling up the DagBag from /home/airflow/.local/lib/python3.8/site-packages/airflow/example_dags/example_sensors.py
[2023-12-04T12:08:19.080+0000] {processor.py:839} INFO - DAG(s) dict_keys(['example_sensors']) retrieved from /home/airflow/.local/lib/python3.8/site-packages/airflow/example_dags/example_sensors.py
[2023-12-04T12:08:19.127+0000] {logging_mixin.py:154} INFO - [2023-12-04T12:08:19.126+0000] {dag.py:2941} INFO - Sync 1 DAGs
[2023-12-04T12:08:19.149+0000] {logging_mixin.py:154} INFO - [2023-12-04T12:08:19.148+0000] {dag.py:3722} INFO - Setting next_dagrun for example_sensors to None, run_after=None
[2023-12-04T12:08:19.186+0000] {processor.py:179} INFO - Processing /home/airflow/.local/lib/python3.8/site-packages/airflow/example_dags/example_sensors.py took 0.138 seconds
[2023-12-04T12:08:49.306+0000] {processor.py:157} INFO - Started process (PID=729) to work on /home/airflow/.local/lib/python3.8/site-packages/airflow/example_dags/example_sensors.py
[2023-12-04T12:08:49.308+0000] {processor.py:829} INFO - Processing file /home/airflow/.local/lib/python3.8/site-packages/airflow/example_dags/example_sensors.py for tasks to queue
[2023-12-04T12:08:49.313+0000] {logging_mixin.py:154} INFO - [2023-12-04T12:08:49.313+0000] {dagbag.py:536} INFO - Filling up the DagBag from /home/airflow/.local/lib/python3.8/site-packages/airflow/example_dags/example_sensors.py
[2023-12-04T12:08:49.330+0000] {processor.py:839} INFO - DAG(s) dict_keys(['example_sensors']) retrieved from /home/airflow/.local/lib/python3.8/site-packages/airflow/example_dags/example_sensors.py
[2023-12-04T12:08:49.379+0000] {logging_mixin.py:154} INFO - [2023-12-04T12:08:49.379+0000] {dag.py:2941} INFO - Sync 1 DAGs
[2023-12-04T12:08:49.402+0000] {logging_mixin.py:154} INFO - [2023-12-04T12:08:49.402+0000] {dag.py:3722} INFO - Setting next_dagrun for example_sensors to None, run_after=None
[2023-12-04T12:08:49.437+0000] {processor.py:179} INFO - Processing /home/airflow/.local/lib/python3.8/site-packages/airflow/example_dags/example_sensors.py took 0.138 seconds
[2023-12-04T12:09:19.912+0000] {processor.py:157} INFO - Started process (PID=783) to work on /home/airflow/.local/lib/python3.8/site-packages/airflow/example_dags/example_sensors.py
[2023-12-04T12:09:19.914+0000] {processor.py:829} INFO - Processing file /home/airflow/.local/lib/python3.8/site-packages/airflow/example_dags/example_sensors.py for tasks to queue
[2023-12-04T12:09:19.920+0000] {logging_mixin.py:154} INFO - [2023-12-04T12:09:19.920+0000] {dagbag.py:536} INFO - Filling up the DagBag from /home/airflow/.local/lib/python3.8/site-packages/airflow/example_dags/example_sensors.py
[2023-12-04T12:09:19.939+0000] {processor.py:839} INFO - DAG(s) dict_keys(['example_sensors']) retrieved from /home/airflow/.local/lib/python3.8/site-packages/airflow/example_dags/example_sensors.py
[2023-12-04T12:09:19.987+0000] {logging_mixin.py:154} INFO - [2023-12-04T12:09:19.987+0000] {dag.py:2941} INFO - Sync 1 DAGs
[2023-12-04T12:09:20.012+0000] {logging_mixin.py:154} INFO - [2023-12-04T12:09:20.011+0000] {dag.py:3722} INFO - Setting next_dagrun for example_sensors to None, run_after=None
[2023-12-04T12:09:20.049+0000] {processor.py:179} INFO - Processing /home/airflow/.local/lib/python3.8/site-packages/airflow/example_dags/example_sensors.py took 0.145 seconds
[2023-12-04T12:09:50.228+0000] {processor.py:157} INFO - Started process (PID=838) to work on /home/airflow/.local/lib/python3.8/site-packages/airflow/example_dags/example_sensors.py
[2023-12-04T12:09:50.231+0000] {processor.py:829} INFO - Processing file /home/airflow/.local/lib/python3.8/site-packages/airflow/example_dags/example_sensors.py for tasks to queue
[2023-12-04T12:09:50.235+0000] {logging_mixin.py:154} INFO - [2023-12-04T12:09:50.235+0000] {dagbag.py:536} INFO - Filling up the DagBag from /home/airflow/.local/lib/python3.8/site-packages/airflow/example_dags/example_sensors.py
[2023-12-04T12:09:50.252+0000] {processor.py:839} INFO - DAG(s) dict_keys(['example_sensors']) retrieved from /home/airflow/.local/lib/python3.8/site-packages/airflow/example_dags/example_sensors.py
[2023-12-04T12:09:50.311+0000] {logging_mixin.py:154} INFO - [2023-12-04T12:09:50.311+0000] {dag.py:2941} INFO - Sync 1 DAGs
[2023-12-04T12:09:50.331+0000] {logging_mixin.py:154} INFO - [2023-12-04T12:09:50.331+0000] {dag.py:3722} INFO - Setting next_dagrun for example_sensors to None, run_after=None
[2023-12-04T12:09:50.371+0000] {processor.py:179} INFO - Processing /home/airflow/.local/lib/python3.8/site-packages/airflow/example_dags/example_sensors.py took 0.150 seconds
[2023-12-04T12:10:20.574+0000] {processor.py:157} INFO - Started process (PID=892) to work on /home/airflow/.local/lib/python3.8/site-packages/airflow/example_dags/example_sensors.py
[2023-12-04T12:10:20.577+0000] {processor.py:829} INFO - Processing file /home/airflow/.local/lib/python3.8/site-packages/airflow/example_dags/example_sensors.py for tasks to queue
[2023-12-04T12:10:20.584+0000] {logging_mixin.py:154} INFO - [2023-12-04T12:10:20.583+0000] {dagbag.py:536} INFO - Filling up the DagBag from /home/airflow/.local/lib/python3.8/site-packages/airflow/example_dags/example_sensors.py
[2023-12-04T12:10:20.601+0000] {processor.py:839} INFO - DAG(s) dict_keys(['example_sensors']) retrieved from /home/airflow/.local/lib/python3.8/site-packages/airflow/example_dags/example_sensors.py
[2023-12-04T12:10:20.647+0000] {logging_mixin.py:154} INFO - [2023-12-04T12:10:20.647+0000] {dag.py:2941} INFO - Sync 1 DAGs
[2023-12-04T12:10:20.669+0000] {logging_mixin.py:154} INFO - [2023-12-04T12:10:20.669+0000] {dag.py:3722} INFO - Setting next_dagrun for example_sensors to None, run_after=None
[2023-12-04T12:10:20.710+0000] {processor.py:179} INFO - Processing /home/airflow/.local/lib/python3.8/site-packages/airflow/example_dags/example_sensors.py took 0.145 seconds
[2023-12-04T12:10:51.149+0000] {processor.py:157} INFO - Started process (PID=947) to work on /home/airflow/.local/lib/python3.8/site-packages/airflow/example_dags/example_sensors.py
[2023-12-04T12:10:51.152+0000] {processor.py:829} INFO - Processing file /home/airflow/.local/lib/python3.8/site-packages/airflow/example_dags/example_sensors.py for tasks to queue
[2023-12-04T12:10:51.157+0000] {logging_mixin.py:154} INFO - [2023-12-04T12:10:51.157+0000] {dagbag.py:536} INFO - Filling up the DagBag from /home/airflow/.local/lib/python3.8/site-packages/airflow/example_dags/example_sensors.py
[2023-12-04T12:10:51.173+0000] {processor.py:839} INFO - DAG(s) dict_keys(['example_sensors']) retrieved from /home/airflow/.local/lib/python3.8/site-packages/airflow/example_dags/example_sensors.py
[2023-12-04T12:10:51.221+0000] {logging_mixin.py:154} INFO - [2023-12-04T12:10:51.221+0000] {dag.py:2941} INFO - Sync 1 DAGs
[2023-12-04T12:10:51.245+0000] {logging_mixin.py:154} INFO - [2023-12-04T12:10:51.244+0000] {dag.py:3722} INFO - Setting next_dagrun for example_sensors to None, run_after=None
[2023-12-04T12:10:51.310+0000] {processor.py:179} INFO - Processing /home/airflow/.local/lib/python3.8/site-packages/airflow/example_dags/example_sensors.py took 0.168 seconds
[2023-12-04T12:11:21.591+0000] {processor.py:157} INFO - Started process (PID=1001) to work on /home/airflow/.local/lib/python3.8/site-packages/airflow/example_dags/example_sensors.py
[2023-12-04T12:11:21.594+0000] {processor.py:829} INFO - Processing file /home/airflow/.local/lib/python3.8/site-packages/airflow/example_dags/example_sensors.py for tasks to queue
[2023-12-04T12:11:21.598+0000] {logging_mixin.py:154} INFO - [2023-12-04T12:11:21.597+0000] {dagbag.py:536} INFO - Filling up the DagBag from /home/airflow/.local/lib/python3.8/site-packages/airflow/example_dags/example_sensors.py
[2023-12-04T12:11:21.615+0000] {processor.py:839} INFO - DAG(s) dict_keys(['example_sensors']) retrieved from /home/airflow/.local/lib/python3.8/site-packages/airflow/example_dags/example_sensors.py
[2023-12-04T12:11:21.658+0000] {logging_mixin.py:154} INFO - [2023-12-04T12:11:21.658+0000] {dag.py:2941} INFO - Sync 1 DAGs
[2023-12-04T12:11:21.678+0000] {logging_mixin.py:154} INFO - [2023-12-04T12:11:21.678+0000] {dag.py:3722} INFO - Setting next_dagrun for example_sensors to None, run_after=None
[2023-12-04T12:11:21.709+0000] {processor.py:179} INFO - Processing /home/airflow/.local/lib/python3.8/site-packages/airflow/example_dags/example_sensors.py took 0.124 seconds
[2023-12-04T12:11:52.283+0000] {processor.py:157} INFO - Started process (PID=1055) to work on /home/airflow/.local/lib/python3.8/site-packages/airflow/example_dags/example_sensors.py
[2023-12-04T12:11:52.286+0000] {processor.py:829} INFO - Processing file /home/airflow/.local/lib/python3.8/site-packages/airflow/example_dags/example_sensors.py for tasks to queue
[2023-12-04T12:11:52.292+0000] {logging_mixin.py:154} INFO - [2023-12-04T12:11:52.291+0000] {dagbag.py:536} INFO - Filling up the DagBag from /home/airflow/.local/lib/python3.8/site-packages/airflow/example_dags/example_sensors.py
[2023-12-04T12:11:52.309+0000] {processor.py:839} INFO - DAG(s) dict_keys(['example_sensors']) retrieved from /home/airflow/.local/lib/python3.8/site-packages/airflow/example_dags/example_sensors.py
[2023-12-04T12:11:52.353+0000] {logging_mixin.py:154} INFO - [2023-12-04T12:11:52.352+0000] {dag.py:2941} INFO - Sync 1 DAGs
[2023-12-04T12:11:52.374+0000] {logging_mixin.py:154} INFO - [2023-12-04T12:11:52.374+0000] {dag.py:3722} INFO - Setting next_dagrun for example_sensors to None, run_after=None
[2023-12-04T12:11:52.407+0000] {processor.py:179} INFO - Processing /home/airflow/.local/lib/python3.8/site-packages/airflow/example_dags/example_sensors.py took 0.130 seconds
[2023-12-04T12:12:22.600+0000] {processor.py:157} INFO - Started process (PID=1109) to work on /home/airflow/.local/lib/python3.8/site-packages/airflow/example_dags/example_sensors.py
[2023-12-04T12:12:22.603+0000] {processor.py:829} INFO - Processing file /home/airflow/.local/lib/python3.8/site-packages/airflow/example_dags/example_sensors.py for tasks to queue
[2023-12-04T12:12:22.607+0000] {logging_mixin.py:154} INFO - [2023-12-04T12:12:22.606+0000] {dagbag.py:536} INFO - Filling up the DagBag from /home/airflow/.local/lib/python3.8/site-packages/airflow/example_dags/example_sensors.py
[2023-12-04T12:12:22.622+0000] {processor.py:839} INFO - DAG(s) dict_keys(['example_sensors']) retrieved from /home/airflow/.local/lib/python3.8/site-packages/airflow/example_dags/example_sensors.py
[2023-12-04T12:12:22.663+0000] {logging_mixin.py:154} INFO - [2023-12-04T12:12:22.663+0000] {dag.py:2941} INFO - Sync 1 DAGs
[2023-12-04T12:12:22.684+0000] {logging_mixin.py:154} INFO - [2023-12-04T12:12:22.684+0000] {dag.py:3722} INFO - Setting next_dagrun for example_sensors to None, run_after=None
[2023-12-04T12:12:22.715+0000] {processor.py:179} INFO - Processing /home/airflow/.local/lib/python3.8/site-packages/airflow/example_dags/example_sensors.py took 0.120 seconds
[2023-12-04T12:12:53.192+0000] {processor.py:157} INFO - Started process (PID=1163) to work on /home/airflow/.local/lib/python3.8/site-packages/airflow/example_dags/example_sensors.py
[2023-12-04T12:12:53.194+0000] {processor.py:829} INFO - Processing file /home/airflow/.local/lib/python3.8/site-packages/airflow/example_dags/example_sensors.py for tasks to queue
[2023-12-04T12:12:53.199+0000] {logging_mixin.py:154} INFO - [2023-12-04T12:12:53.198+0000] {dagbag.py:536} INFO - Filling up the DagBag from /home/airflow/.local/lib/python3.8/site-packages/airflow/example_dags/example_sensors.py
[2023-12-04T12:12:53.214+0000] {processor.py:839} INFO - DAG(s) dict_keys(['example_sensors']) retrieved from /home/airflow/.local/lib/python3.8/site-packages/airflow/example_dags/example_sensors.py
[2023-12-04T12:12:53.256+0000] {logging_mixin.py:154} INFO - [2023-12-04T12:12:53.255+0000] {dag.py:2941} INFO - Sync 1 DAGs
[2023-12-04T12:12:53.279+0000] {logging_mixin.py:154} INFO - [2023-12-04T12:12:53.279+0000] {dag.py:3722} INFO - Setting next_dagrun for example_sensors to None, run_after=None
[2023-12-04T12:12:53.315+0000] {processor.py:179} INFO - Processing /home/airflow/.local/lib/python3.8/site-packages/airflow/example_dags/example_sensors.py took 0.130 seconds
[2023-12-04T12:13:23.624+0000] {processor.py:157} INFO - Started process (PID=1224) to work on /home/airflow/.local/lib/python3.8/site-packages/airflow/example_dags/example_sensors.py
[2023-12-04T12:13:23.627+0000] {processor.py:829} INFO - Processing file /home/airflow/.local/lib/python3.8/site-packages/airflow/example_dags/example_sensors.py for tasks to queue
[2023-12-04T12:13:23.632+0000] {logging_mixin.py:154} INFO - [2023-12-04T12:13:23.631+0000] {dagbag.py:536} INFO - Filling up the DagBag from /home/airflow/.local/lib/python3.8/site-packages/airflow/example_dags/example_sensors.py
[2023-12-04T12:13:23.646+0000] {processor.py:839} INFO - DAG(s) dict_keys(['example_sensors']) retrieved from /home/airflow/.local/lib/python3.8/site-packages/airflow/example_dags/example_sensors.py
[2023-12-04T12:13:23.688+0000] {logging_mixin.py:154} INFO - [2023-12-04T12:13:23.688+0000] {dag.py:2941} INFO - Sync 1 DAGs
[2023-12-04T12:13:23.709+0000] {logging_mixin.py:154} INFO - [2023-12-04T12:13:23.709+0000] {dag.py:3722} INFO - Setting next_dagrun for example_sensors to None, run_after=None
[2023-12-04T12:13:23.752+0000] {processor.py:179} INFO - Processing /home/airflow/.local/lib/python3.8/site-packages/airflow/example_dags/example_sensors.py took 0.134 seconds
[2023-12-04T12:13:54.070+0000] {processor.py:157} INFO - Started process (PID=1276) to work on /home/airflow/.local/lib/python3.8/site-packages/airflow/example_dags/example_sensors.py
[2023-12-04T12:13:54.072+0000] {processor.py:829} INFO - Processing file /home/airflow/.local/lib/python3.8/site-packages/airflow/example_dags/example_sensors.py for tasks to queue
[2023-12-04T12:13:54.079+0000] {logging_mixin.py:154} INFO - [2023-12-04T12:13:54.078+0000] {dagbag.py:536} INFO - Filling up the DagBag from /home/airflow/.local/lib/python3.8/site-packages/airflow/example_dags/example_sensors.py
[2023-12-04T12:13:54.108+0000] {processor.py:839} INFO - DAG(s) dict_keys(['example_sensors']) retrieved from /home/airflow/.local/lib/python3.8/site-packages/airflow/example_dags/example_sensors.py
[2023-12-04T12:13:54.152+0000] {logging_mixin.py:154} INFO - [2023-12-04T12:13:54.152+0000] {dag.py:2941} INFO - Sync 1 DAGs
[2023-12-04T12:13:54.180+0000] {logging_mixin.py:154} INFO - [2023-12-04T12:13:54.180+0000] {dag.py:3722} INFO - Setting next_dagrun for example_sensors to None, run_after=None
[2023-12-04T12:13:54.216+0000] {processor.py:179} INFO - Processing /home/airflow/.local/lib/python3.8/site-packages/airflow/example_dags/example_sensors.py took 0.154 seconds
[2023-12-04T12:14:24.722+0000] {processor.py:157} INFO - Started process (PID=1330) to work on /home/airflow/.local/lib/python3.8/site-packages/airflow/example_dags/example_sensors.py
[2023-12-04T12:14:24.725+0000] {processor.py:829} INFO - Processing file /home/airflow/.local/lib/python3.8/site-packages/airflow/example_dags/example_sensors.py for tasks to queue
[2023-12-04T12:14:24.730+0000] {logging_mixin.py:154} INFO - [2023-12-04T12:14:24.729+0000] {dagbag.py:536} INFO - Filling up the DagBag from /home/airflow/.local/lib/python3.8/site-packages/airflow/example_dags/example_sensors.py
[2023-12-04T12:14:24.746+0000] {processor.py:839} INFO - DAG(s) dict_keys(['example_sensors']) retrieved from /home/airflow/.local/lib/python3.8/site-packages/airflow/example_dags/example_sensors.py
[2023-12-04T12:14:24.792+0000] {logging_mixin.py:154} INFO - [2023-12-04T12:14:24.792+0000] {dag.py:2941} INFO - Sync 1 DAGs
[2023-12-04T12:14:24.815+0000] {logging_mixin.py:154} INFO - [2023-12-04T12:14:24.815+0000] {dag.py:3722} INFO - Setting next_dagrun for example_sensors to None, run_after=None
[2023-12-04T12:14:24.849+0000] {processor.py:179} INFO - Processing /home/airflow/.local/lib/python3.8/site-packages/airflow/example_dags/example_sensors.py took 0.133 seconds
[2023-12-04T12:14:55.190+0000] {processor.py:157} INFO - Started process (PID=1384) to work on /home/airflow/.local/lib/python3.8/site-packages/airflow/example_dags/example_sensors.py
[2023-12-04T12:14:55.193+0000] {processor.py:829} INFO - Processing file /home/airflow/.local/lib/python3.8/site-packages/airflow/example_dags/example_sensors.py for tasks to queue
[2023-12-04T12:14:55.197+0000] {logging_mixin.py:154} INFO - [2023-12-04T12:14:55.197+0000] {dagbag.py:536} INFO - Filling up the DagBag from /home/airflow/.local/lib/python3.8/site-packages/airflow/example_dags/example_sensors.py
[2023-12-04T12:14:55.213+0000] {processor.py:839} INFO - DAG(s) dict_keys(['example_sensors']) retrieved from /home/airflow/.local/lib/python3.8/site-packages/airflow/example_dags/example_sensors.py
[2023-12-04T12:14:55.258+0000] {logging_mixin.py:154} INFO - [2023-12-04T12:14:55.257+0000] {dag.py:2941} INFO - Sync 1 DAGs
[2023-12-04T12:14:55.278+0000] {logging_mixin.py:154} INFO - [2023-12-04T12:14:55.277+0000] {dag.py:3722} INFO - Setting next_dagrun for example_sensors to None, run_after=None
[2023-12-04T12:14:55.309+0000] {processor.py:179} INFO - Processing /home/airflow/.local/lib/python3.8/site-packages/airflow/example_dags/example_sensors.py took 0.124 seconds
[2023-12-04T12:15:25.937+0000] {processor.py:157} INFO - Started process (PID=1438) to work on /home/airflow/.local/lib/python3.8/site-packages/airflow/example_dags/example_sensors.py
[2023-12-04T12:15:25.942+0000] {processor.py:829} INFO - Processing file /home/airflow/.local/lib/python3.8/site-packages/airflow/example_dags/example_sensors.py for tasks to queue
[2023-12-04T12:15:25.947+0000] {logging_mixin.py:154} INFO - [2023-12-04T12:15:25.946+0000] {dagbag.py:536} INFO - Filling up the DagBag from /home/airflow/.local/lib/python3.8/site-packages/airflow/example_dags/example_sensors.py
[2023-12-04T12:15:25.966+0000] {processor.py:839} INFO - DAG(s) dict_keys(['example_sensors']) retrieved from /home/airflow/.local/lib/python3.8/site-packages/airflow/example_dags/example_sensors.py
[2023-12-04T12:15:26.012+0000] {logging_mixin.py:154} INFO - [2023-12-04T12:15:26.011+0000] {dag.py:2941} INFO - Sync 1 DAGs
[2023-12-04T12:15:26.034+0000] {logging_mixin.py:154} INFO - [2023-12-04T12:15:26.034+0000] {dag.py:3722} INFO - Setting next_dagrun for example_sensors to None, run_after=None
[2023-12-04T12:15:26.080+0000] {processor.py:179} INFO - Processing /home/airflow/.local/lib/python3.8/site-packages/airflow/example_dags/example_sensors.py took 0.151 seconds
[2023-12-04T12:15:56.837+0000] {processor.py:157} INFO - Started process (PID=1492) to work on /home/airflow/.local/lib/python3.8/site-packages/airflow/example_dags/example_sensors.py
[2023-12-04T12:15:56.840+0000] {processor.py:829} INFO - Processing file /home/airflow/.local/lib/python3.8/site-packages/airflow/example_dags/example_sensors.py for tasks to queue
[2023-12-04T12:15:56.844+0000] {logging_mixin.py:154} INFO - [2023-12-04T12:15:56.844+0000] {dagbag.py:536} INFO - Filling up the DagBag from /home/airflow/.local/lib/python3.8/site-packages/airflow/example_dags/example_sensors.py
[2023-12-04T12:15:56.862+0000] {processor.py:839} INFO - DAG(s) dict_keys(['example_sensors']) retrieved from /home/airflow/.local/lib/python3.8/site-packages/airflow/example_dags/example_sensors.py
[2023-12-04T12:15:56.904+0000] {logging_mixin.py:154} INFO - [2023-12-04T12:15:56.904+0000] {dag.py:2941} INFO - Sync 1 DAGs
[2023-12-04T12:15:56.927+0000] {logging_mixin.py:154} INFO - [2023-12-04T12:15:56.926+0000] {dag.py:3722} INFO - Setting next_dagrun for example_sensors to None, run_after=None
[2023-12-04T12:15:56.960+0000] {processor.py:179} INFO - Processing /home/airflow/.local/lib/python3.8/site-packages/airflow/example_dags/example_sensors.py took 0.131 seconds
[2023-12-04T12:16:27.627+0000] {processor.py:157} INFO - Started process (PID=1546) to work on /home/airflow/.local/lib/python3.8/site-packages/airflow/example_dags/example_sensors.py
[2023-12-04T12:16:27.630+0000] {processor.py:829} INFO - Processing file /home/airflow/.local/lib/python3.8/site-packages/airflow/example_dags/example_sensors.py for tasks to queue
[2023-12-04T12:16:27.634+0000] {logging_mixin.py:154} INFO - [2023-12-04T12:16:27.633+0000] {dagbag.py:536} INFO - Filling up the DagBag from /home/airflow/.local/lib/python3.8/site-packages/airflow/example_dags/example_sensors.py
[2023-12-04T12:16:27.650+0000] {processor.py:839} INFO - DAG(s) dict_keys(['example_sensors']) retrieved from /home/airflow/.local/lib/python3.8/site-packages/airflow/example_dags/example_sensors.py
[2023-12-04T12:16:27.692+0000] {logging_mixin.py:154} INFO - [2023-12-04T12:16:27.692+0000] {dag.py:2941} INFO - Sync 1 DAGs
[2023-12-04T12:16:27.713+0000] {logging_mixin.py:154} INFO - [2023-12-04T12:16:27.713+0000] {dag.py:3722} INFO - Setting next_dagrun for example_sensors to None, run_after=None
[2023-12-04T12:16:27.748+0000] {processor.py:179} INFO - Processing /home/airflow/.local/lib/python3.8/site-packages/airflow/example_dags/example_sensors.py took 0.127 seconds
[2023-12-04T12:16:58.421+0000] {processor.py:157} INFO - Started process (PID=1600) to work on /home/airflow/.local/lib/python3.8/site-packages/airflow/example_dags/example_sensors.py
[2023-12-04T12:16:58.424+0000] {processor.py:829} INFO - Processing file /home/airflow/.local/lib/python3.8/site-packages/airflow/example_dags/example_sensors.py for tasks to queue
[2023-12-04T12:16:58.427+0000] {logging_mixin.py:154} INFO - [2023-12-04T12:16:58.427+0000] {dagbag.py:536} INFO - Filling up the DagBag from /home/airflow/.local/lib/python3.8/site-packages/airflow/example_dags/example_sensors.py
[2023-12-04T12:16:58.449+0000] {processor.py:839} INFO - DAG(s) dict_keys(['example_sensors']) retrieved from /home/airflow/.local/lib/python3.8/site-packages/airflow/example_dags/example_sensors.py
[2023-12-04T12:16:58.490+0000] {logging_mixin.py:154} INFO - [2023-12-04T12:16:58.490+0000] {dag.py:2941} INFO - Sync 1 DAGs
[2023-12-04T12:16:58.510+0000] {logging_mixin.py:154} INFO - [2023-12-04T12:16:58.510+0000] {dag.py:3722} INFO - Setting next_dagrun for example_sensors to None, run_after=None
[2023-12-04T12:16:58.545+0000] {processor.py:179} INFO - Processing /home/airflow/.local/lib/python3.8/site-packages/airflow/example_dags/example_sensors.py took 0.129 seconds
[2023-12-04T12:17:29.616+0000] {processor.py:157} INFO - Started process (PID=1654) to work on /home/airflow/.local/lib/python3.8/site-packages/airflow/example_dags/example_sensors.py
[2023-12-04T12:17:29.620+0000] {processor.py:829} INFO - Processing file /home/airflow/.local/lib/python3.8/site-packages/airflow/example_dags/example_sensors.py for tasks to queue
[2023-12-04T12:17:29.626+0000] {logging_mixin.py:154} INFO - [2023-12-04T12:17:29.625+0000] {dagbag.py:536} INFO - Filling up the DagBag from /home/airflow/.local/lib/python3.8/site-packages/airflow/example_dags/example_sensors.py
[2023-12-04T12:17:29.647+0000] {processor.py:839} INFO - DAG(s) dict_keys(['example_sensors']) retrieved from /home/airflow/.local/lib/python3.8/site-packages/airflow/example_dags/example_sensors.py
[2023-12-04T12:17:29.688+0000] {logging_mixin.py:154} INFO - [2023-12-04T12:17:29.687+0000] {dag.py:2941} INFO - Sync 1 DAGs
[2023-12-04T12:17:29.707+0000] {logging_mixin.py:154} INFO - [2023-12-04T12:17:29.707+0000] {dag.py:3722} INFO - Setting next_dagrun for example_sensors to None, run_after=None
[2023-12-04T12:17:29.740+0000] {processor.py:179} INFO - Processing /home/airflow/.local/lib/python3.8/site-packages/airflow/example_dags/example_sensors.py took 0.145 seconds
[2023-12-04T12:17:59.879+0000] {processor.py:157} INFO - Started process (PID=1708) to work on /home/airflow/.local/lib/python3.8/site-packages/airflow/example_dags/example_sensors.py
[2023-12-04T12:17:59.883+0000] {processor.py:829} INFO - Processing file /home/airflow/.local/lib/python3.8/site-packages/airflow/example_dags/example_sensors.py for tasks to queue
[2023-12-04T12:17:59.889+0000] {logging_mixin.py:154} INFO - [2023-12-04T12:17:59.888+0000] {dagbag.py:536} INFO - Filling up the DagBag from /home/airflow/.local/lib/python3.8/site-packages/airflow/example_dags/example_sensors.py
[2023-12-04T12:17:59.911+0000] {processor.py:839} INFO - DAG(s) dict_keys(['example_sensors']) retrieved from /home/airflow/.local/lib/python3.8/site-packages/airflow/example_dags/example_sensors.py
[2023-12-04T12:17:59.963+0000] {logging_mixin.py:154} INFO - [2023-12-04T12:17:59.963+0000] {dag.py:2941} INFO - Sync 1 DAGs
[2023-12-04T12:17:59.989+0000] {logging_mixin.py:154} INFO - [2023-12-04T12:17:59.988+0000] {dag.py:3722} INFO - Setting next_dagrun for example_sensors to None, run_after=None
[2023-12-04T12:18:00.043+0000] {processor.py:179} INFO - Processing /home/airflow/.local/lib/python3.8/site-packages/airflow/example_dags/example_sensors.py took 0.172 seconds
[2023-12-04T12:18:30.403+0000] {processor.py:157} INFO - Started process (PID=1762) to work on /home/airflow/.local/lib/python3.8/site-packages/airflow/example_dags/example_sensors.py
[2023-12-04T12:18:30.406+0000] {processor.py:829} INFO - Processing file /home/airflow/.local/lib/python3.8/site-packages/airflow/example_dags/example_sensors.py for tasks to queue
[2023-12-04T12:18:30.410+0000] {logging_mixin.py:154} INFO - [2023-12-04T12:18:30.410+0000] {dagbag.py:536} INFO - Filling up the DagBag from /home/airflow/.local/lib/python3.8/site-packages/airflow/example_dags/example_sensors.py
[2023-12-04T12:18:30.433+0000] {processor.py:839} INFO - DAG(s) dict_keys(['example_sensors']) retrieved from /home/airflow/.local/lib/python3.8/site-packages/airflow/example_dags/example_sensors.py
[2023-12-04T12:18:30.483+0000] {logging_mixin.py:154} INFO - [2023-12-04T12:18:30.483+0000] {dag.py:2941} INFO - Sync 1 DAGs
[2023-12-04T12:18:30.509+0000] {logging_mixin.py:154} INFO - [2023-12-04T12:18:30.509+0000] {dag.py:3722} INFO - Setting next_dagrun for example_sensors to None, run_after=None
[2023-12-04T12:18:30.540+0000] {processor.py:179} INFO - Processing /home/airflow/.local/lib/python3.8/site-packages/airflow/example_dags/example_sensors.py took 0.143 seconds
[2023-12-04T12:19:01.315+0000] {processor.py:157} INFO - Started process (PID=1816) to work on /home/airflow/.local/lib/python3.8/site-packages/airflow/example_dags/example_sensors.py
[2023-12-04T12:19:01.331+0000] {processor.py:829} INFO - Processing file /home/airflow/.local/lib/python3.8/site-packages/airflow/example_dags/example_sensors.py for tasks to queue
[2023-12-04T12:19:01.343+0000] {logging_mixin.py:154} INFO - [2023-12-04T12:19:01.342+0000] {dagbag.py:536} INFO - Filling up the DagBag from /home/airflow/.local/lib/python3.8/site-packages/airflow/example_dags/example_sensors.py
[2023-12-04T12:19:01.499+0000] {processor.py:839} INFO - DAG(s) dict_keys(['example_sensors']) retrieved from /home/airflow/.local/lib/python3.8/site-packages/airflow/example_dags/example_sensors.py
[2023-12-04T12:19:01.565+0000] {logging_mixin.py:154} INFO - [2023-12-04T12:19:01.565+0000] {dag.py:2941} INFO - Sync 1 DAGs
[2023-12-04T12:19:01.593+0000] {logging_mixin.py:154} INFO - [2023-12-04T12:19:01.593+0000] {dag.py:3722} INFO - Setting next_dagrun for example_sensors to None, run_after=None
[2023-12-04T12:19:01.645+0000] {processor.py:179} INFO - Processing /home/airflow/.local/lib/python3.8/site-packages/airflow/example_dags/example_sensors.py took 0.346 seconds
[2023-12-04T12:19:32.673+0000] {processor.py:157} INFO - Started process (PID=1870) to work on /home/airflow/.local/lib/python3.8/site-packages/airflow/example_dags/example_sensors.py
[2023-12-04T12:19:32.675+0000] {processor.py:829} INFO - Processing file /home/airflow/.local/lib/python3.8/site-packages/airflow/example_dags/example_sensors.py for tasks to queue
[2023-12-04T12:19:32.683+0000] {logging_mixin.py:154} INFO - [2023-12-04T12:19:32.682+0000] {dagbag.py:536} INFO - Filling up the DagBag from /home/airflow/.local/lib/python3.8/site-packages/airflow/example_dags/example_sensors.py
[2023-12-04T12:19:32.706+0000] {processor.py:839} INFO - DAG(s) dict_keys(['example_sensors']) retrieved from /home/airflow/.local/lib/python3.8/site-packages/airflow/example_dags/example_sensors.py
[2023-12-04T12:19:32.753+0000] {logging_mixin.py:154} INFO - [2023-12-04T12:19:32.752+0000] {dag.py:2941} INFO - Sync 1 DAGs
[2023-12-04T12:19:32.781+0000] {logging_mixin.py:154} INFO - [2023-12-04T12:19:32.781+0000] {dag.py:3722} INFO - Setting next_dagrun for example_sensors to None, run_after=None
[2023-12-04T12:19:32.818+0000] {processor.py:179} INFO - Processing /home/airflow/.local/lib/python3.8/site-packages/airflow/example_dags/example_sensors.py took 0.157 seconds
[2023-12-04T12:20:03.157+0000] {processor.py:157} INFO - Started process (PID=1925) to work on /home/airflow/.local/lib/python3.8/site-packages/airflow/example_dags/example_sensors.py
[2023-12-04T12:20:03.160+0000] {processor.py:829} INFO - Processing file /home/airflow/.local/lib/python3.8/site-packages/airflow/example_dags/example_sensors.py for tasks to queue
[2023-12-04T12:20:03.165+0000] {logging_mixin.py:154} INFO - [2023-12-04T12:20:03.164+0000] {dagbag.py:536} INFO - Filling up the DagBag from /home/airflow/.local/lib/python3.8/site-packages/airflow/example_dags/example_sensors.py
[2023-12-04T12:20:03.183+0000] {processor.py:839} INFO - DAG(s) dict_keys(['example_sensors']) retrieved from /home/airflow/.local/lib/python3.8/site-packages/airflow/example_dags/example_sensors.py
[2023-12-04T12:20:03.232+0000] {logging_mixin.py:154} INFO - [2023-12-04T12:20:03.232+0000] {dag.py:2941} INFO - Sync 1 DAGs
[2023-12-04T12:20:03.252+0000] {logging_mixin.py:154} INFO - [2023-12-04T12:20:03.252+0000] {dag.py:3722} INFO - Setting next_dagrun for example_sensors to None, run_after=None
[2023-12-04T12:20:03.287+0000] {processor.py:179} INFO - Processing /home/airflow/.local/lib/python3.8/site-packages/airflow/example_dags/example_sensors.py took 0.139 seconds
[2023-12-04T12:20:33.913+0000] {processor.py:157} INFO - Started process (PID=1980) to work on /home/airflow/.local/lib/python3.8/site-packages/airflow/example_dags/example_sensors.py
[2023-12-04T12:20:33.915+0000] {processor.py:829} INFO - Processing file /home/airflow/.local/lib/python3.8/site-packages/airflow/example_dags/example_sensors.py for tasks to queue
[2023-12-04T12:20:33.919+0000] {logging_mixin.py:154} INFO - [2023-12-04T12:20:33.919+0000] {dagbag.py:536} INFO - Filling up the DagBag from /home/airflow/.local/lib/python3.8/site-packages/airflow/example_dags/example_sensors.py
[2023-12-04T12:20:33.938+0000] {processor.py:839} INFO - DAG(s) dict_keys(['example_sensors']) retrieved from /home/airflow/.local/lib/python3.8/site-packages/airflow/example_dags/example_sensors.py
[2023-12-04T12:20:33.979+0000] {logging_mixin.py:154} INFO - [2023-12-04T12:20:33.979+0000] {dag.py:2941} INFO - Sync 1 DAGs
[2023-12-04T12:20:33.999+0000] {logging_mixin.py:154} INFO - [2023-12-04T12:20:33.999+0000] {dag.py:3722} INFO - Setting next_dagrun for example_sensors to None, run_after=None
[2023-12-04T12:20:34.035+0000] {processor.py:179} INFO - Processing /home/airflow/.local/lib/python3.8/site-packages/airflow/example_dags/example_sensors.py took 0.127 seconds
[2023-12-04T12:21:04.284+0000] {processor.py:157} INFO - Started process (PID=2034) to work on /home/airflow/.local/lib/python3.8/site-packages/airflow/example_dags/example_sensors.py
[2023-12-04T12:21:04.286+0000] {processor.py:829} INFO - Processing file /home/airflow/.local/lib/python3.8/site-packages/airflow/example_dags/example_sensors.py for tasks to queue
[2023-12-04T12:21:04.291+0000] {logging_mixin.py:154} INFO - [2023-12-04T12:21:04.290+0000] {dagbag.py:536} INFO - Filling up the DagBag from /home/airflow/.local/lib/python3.8/site-packages/airflow/example_dags/example_sensors.py
[2023-12-04T12:21:04.311+0000] {processor.py:839} INFO - DAG(s) dict_keys(['example_sensors']) retrieved from /home/airflow/.local/lib/python3.8/site-packages/airflow/example_dags/example_sensors.py
[2023-12-04T12:21:04.361+0000] {logging_mixin.py:154} INFO - [2023-12-04T12:21:04.361+0000] {dag.py:2941} INFO - Sync 1 DAGs
[2023-12-04T12:21:04.388+0000] {logging_mixin.py:154} INFO - [2023-12-04T12:21:04.388+0000] {dag.py:3722} INFO - Setting next_dagrun for example_sensors to None, run_after=None
[2023-12-04T12:21:04.420+0000] {processor.py:179} INFO - Processing /home/airflow/.local/lib/python3.8/site-packages/airflow/example_dags/example_sensors.py took 0.146 seconds
[2023-12-04T12:21:34.731+0000] {processor.py:157} INFO - Started process (PID=2087) to work on /home/airflow/.local/lib/python3.8/site-packages/airflow/example_dags/example_sensors.py
[2023-12-04T12:21:34.733+0000] {processor.py:829} INFO - Processing file /home/airflow/.local/lib/python3.8/site-packages/airflow/example_dags/example_sensors.py for tasks to queue
[2023-12-04T12:21:34.739+0000] {logging_mixin.py:154} INFO - [2023-12-04T12:21:34.738+0000] {dagbag.py:536} INFO - Filling up the DagBag from /home/airflow/.local/lib/python3.8/site-packages/airflow/example_dags/example_sensors.py
[2023-12-04T12:21:34.778+0000] {processor.py:839} INFO - DAG(s) dict_keys(['example_sensors']) retrieved from /home/airflow/.local/lib/python3.8/site-packages/airflow/example_dags/example_sensors.py
[2023-12-04T12:21:34.837+0000] {logging_mixin.py:154} INFO - [2023-12-04T12:21:34.836+0000] {dag.py:2941} INFO - Sync 1 DAGs
[2023-12-04T12:21:34.871+0000] {logging_mixin.py:154} INFO - [2023-12-04T12:21:34.870+0000] {dag.py:3722} INFO - Setting next_dagrun for example_sensors to None, run_after=None
[2023-12-04T12:21:34.946+0000] {processor.py:179} INFO - Processing /home/airflow/.local/lib/python3.8/site-packages/airflow/example_dags/example_sensors.py took 0.224 seconds
[2023-12-04T12:22:05.325+0000] {processor.py:157} INFO - Started process (PID=2141) to work on /home/airflow/.local/lib/python3.8/site-packages/airflow/example_dags/example_sensors.py
[2023-12-04T12:22:05.337+0000] {processor.py:829} INFO - Processing file /home/airflow/.local/lib/python3.8/site-packages/airflow/example_dags/example_sensors.py for tasks to queue
[2023-12-04T12:22:05.345+0000] {logging_mixin.py:154} INFO - [2023-12-04T12:22:05.345+0000] {dagbag.py:536} INFO - Filling up the DagBag from /home/airflow/.local/lib/python3.8/site-packages/airflow/example_dags/example_sensors.py
[2023-12-04T12:22:05.370+0000] {processor.py:839} INFO - DAG(s) dict_keys(['example_sensors']) retrieved from /home/airflow/.local/lib/python3.8/site-packages/airflow/example_dags/example_sensors.py
[2023-12-04T12:22:05.418+0000] {logging_mixin.py:154} INFO - [2023-12-04T12:22:05.418+0000] {dag.py:2941} INFO - Sync 1 DAGs
[2023-12-04T12:22:05.447+0000] {logging_mixin.py:154} INFO - [2023-12-04T12:22:05.447+0000] {dag.py:3722} INFO - Setting next_dagrun for example_sensors to None, run_after=None
[2023-12-04T12:22:05.503+0000] {processor.py:179} INFO - Processing /home/airflow/.local/lib/python3.8/site-packages/airflow/example_dags/example_sensors.py took 0.189 seconds
[2023-12-04T12:22:35.988+0000] {processor.py:157} INFO - Started process (PID=2195) to work on /home/airflow/.local/lib/python3.8/site-packages/airflow/example_dags/example_sensors.py
[2023-12-04T12:22:35.993+0000] {processor.py:829} INFO - Processing file /home/airflow/.local/lib/python3.8/site-packages/airflow/example_dags/example_sensors.py for tasks to queue
[2023-12-04T12:22:36.007+0000] {logging_mixin.py:154} INFO - [2023-12-04T12:22:36.002+0000] {dagbag.py:536} INFO - Filling up the DagBag from /home/airflow/.local/lib/python3.8/site-packages/airflow/example_dags/example_sensors.py
[2023-12-04T12:22:36.042+0000] {processor.py:839} INFO - DAG(s) dict_keys(['example_sensors']) retrieved from /home/airflow/.local/lib/python3.8/site-packages/airflow/example_dags/example_sensors.py
[2023-12-04T12:22:36.105+0000] {logging_mixin.py:154} INFO - [2023-12-04T12:22:36.105+0000] {dag.py:2941} INFO - Sync 1 DAGs
[2023-12-04T12:22:36.342+0000] {logging_mixin.py:154} INFO - [2023-12-04T12:22:36.342+0000] {dag.py:3722} INFO - Setting next_dagrun for example_sensors to None, run_after=None
[2023-12-04T12:22:36.383+0000] {processor.py:179} INFO - Processing /home/airflow/.local/lib/python3.8/site-packages/airflow/example_dags/example_sensors.py took 0.401 seconds
[2023-12-04T12:23:06.551+0000] {processor.py:157} INFO - Started process (PID=2249) to work on /home/airflow/.local/lib/python3.8/site-packages/airflow/example_dags/example_sensors.py
[2023-12-04T12:23:06.554+0000] {processor.py:829} INFO - Processing file /home/airflow/.local/lib/python3.8/site-packages/airflow/example_dags/example_sensors.py for tasks to queue
[2023-12-04T12:23:06.558+0000] {logging_mixin.py:154} INFO - [2023-12-04T12:23:06.558+0000] {dagbag.py:536} INFO - Filling up the DagBag from /home/airflow/.local/lib/python3.8/site-packages/airflow/example_dags/example_sensors.py
[2023-12-04T12:23:06.573+0000] {processor.py:839} INFO - DAG(s) dict_keys(['example_sensors']) retrieved from /home/airflow/.local/lib/python3.8/site-packages/airflow/example_dags/example_sensors.py
[2023-12-04T12:23:06.619+0000] {logging_mixin.py:154} INFO - [2023-12-04T12:23:06.618+0000] {dag.py:2941} INFO - Sync 1 DAGs
[2023-12-04T12:23:06.639+0000] {logging_mixin.py:154} INFO - [2023-12-04T12:23:06.638+0000] {dag.py:3722} INFO - Setting next_dagrun for example_sensors to None, run_after=None
[2023-12-04T12:23:06.672+0000] {processor.py:179} INFO - Processing /home/airflow/.local/lib/python3.8/site-packages/airflow/example_dags/example_sensors.py took 0.126 seconds
[2023-12-04T12:23:37.041+0000] {processor.py:157} INFO - Started process (PID=2302) to work on /home/airflow/.local/lib/python3.8/site-packages/airflow/example_dags/example_sensors.py
[2023-12-04T12:23:37.043+0000] {processor.py:829} INFO - Processing file /home/airflow/.local/lib/python3.8/site-packages/airflow/example_dags/example_sensors.py for tasks to queue
[2023-12-04T12:23:37.047+0000] {logging_mixin.py:154} INFO - [2023-12-04T12:23:37.047+0000] {dagbag.py:536} INFO - Filling up the DagBag from /home/airflow/.local/lib/python3.8/site-packages/airflow/example_dags/example_sensors.py
[2023-12-04T12:23:37.067+0000] {processor.py:839} INFO - DAG(s) dict_keys(['example_sensors']) retrieved from /home/airflow/.local/lib/python3.8/site-packages/airflow/example_dags/example_sensors.py
[2023-12-04T12:23:37.110+0000] {logging_mixin.py:154} INFO - [2023-12-04T12:23:37.109+0000] {dag.py:2941} INFO - Sync 1 DAGs
[2023-12-04T12:23:37.130+0000] {logging_mixin.py:154} INFO - [2023-12-04T12:23:37.130+0000] {dag.py:3722} INFO - Setting next_dagrun for example_sensors to None, run_after=None
[2023-12-04T12:23:37.145+0000] {processor.py:179} INFO - Processing /home/airflow/.local/lib/python3.8/site-packages/airflow/example_dags/example_sensors.py took 0.132 seconds
[2023-12-04T12:24:07.584+0000] {processor.py:157} INFO - Started process (PID=2356) to work on /home/airflow/.local/lib/python3.8/site-packages/airflow/example_dags/example_sensors.py
[2023-12-04T12:24:07.590+0000] {processor.py:829} INFO - Processing file /home/airflow/.local/lib/python3.8/site-packages/airflow/example_dags/example_sensors.py for tasks to queue
[2023-12-04T12:24:07.598+0000] {logging_mixin.py:154} INFO - [2023-12-04T12:24:07.597+0000] {dagbag.py:536} INFO - Filling up the DagBag from /home/airflow/.local/lib/python3.8/site-packages/airflow/example_dags/example_sensors.py
[2023-12-04T12:24:07.617+0000] {processor.py:839} INFO - DAG(s) dict_keys(['example_sensors']) retrieved from /home/airflow/.local/lib/python3.8/site-packages/airflow/example_dags/example_sensors.py
[2023-12-04T12:24:07.670+0000] {logging_mixin.py:154} INFO - [2023-12-04T12:24:07.669+0000] {dag.py:2941} INFO - Sync 1 DAGs
[2023-12-04T12:24:07.890+0000] {logging_mixin.py:154} INFO - [2023-12-04T12:24:07.889+0000] {dag.py:3722} INFO - Setting next_dagrun for example_sensors to None, run_after=None
[2023-12-04T12:24:07.932+0000] {processor.py:179} INFO - Processing /home/airflow/.local/lib/python3.8/site-packages/airflow/example_dags/example_sensors.py took 0.356 seconds
[2023-12-04T12:24:38.256+0000] {processor.py:157} INFO - Started process (PID=2410) to work on /home/airflow/.local/lib/python3.8/site-packages/airflow/example_dags/example_sensors.py
[2023-12-04T12:24:38.258+0000] {processor.py:829} INFO - Processing file /home/airflow/.local/lib/python3.8/site-packages/airflow/example_dags/example_sensors.py for tasks to queue
[2023-12-04T12:24:38.266+0000] {logging_mixin.py:154} INFO - [2023-12-04T12:24:38.265+0000] {dagbag.py:536} INFO - Filling up the DagBag from /home/airflow/.local/lib/python3.8/site-packages/airflow/example_dags/example_sensors.py
[2023-12-04T12:24:38.284+0000] {processor.py:839} INFO - DAG(s) dict_keys(['example_sensors']) retrieved from /home/airflow/.local/lib/python3.8/site-packages/airflow/example_dags/example_sensors.py
[2023-12-04T12:24:38.337+0000] {logging_mixin.py:154} INFO - [2023-12-04T12:24:38.336+0000] {dag.py:2941} INFO - Sync 1 DAGs
[2023-12-04T12:24:38.362+0000] {logging_mixin.py:154} INFO - [2023-12-04T12:24:38.361+0000] {dag.py:3722} INFO - Setting next_dagrun for example_sensors to None, run_after=None
[2023-12-04T12:24:38.396+0000] {processor.py:179} INFO - Processing /home/airflow/.local/lib/python3.8/site-packages/airflow/example_dags/example_sensors.py took 0.149 seconds
[2023-12-04T12:25:08.554+0000] {processor.py:157} INFO - Started process (PID=2464) to work on /home/airflow/.local/lib/python3.8/site-packages/airflow/example_dags/example_sensors.py
[2023-12-04T12:25:08.557+0000] {processor.py:829} INFO - Processing file /home/airflow/.local/lib/python3.8/site-packages/airflow/example_dags/example_sensors.py for tasks to queue
[2023-12-04T12:25:08.560+0000] {logging_mixin.py:154} INFO - [2023-12-04T12:25:08.560+0000] {dagbag.py:536} INFO - Filling up the DagBag from /home/airflow/.local/lib/python3.8/site-packages/airflow/example_dags/example_sensors.py
[2023-12-04T12:25:08.576+0000] {processor.py:839} INFO - DAG(s) dict_keys(['example_sensors']) retrieved from /home/airflow/.local/lib/python3.8/site-packages/airflow/example_dags/example_sensors.py
[2023-12-04T12:25:08.620+0000] {logging_mixin.py:154} INFO - [2023-12-04T12:25:08.620+0000] {dag.py:2941} INFO - Sync 1 DAGs
[2023-12-04T12:25:08.641+0000] {logging_mixin.py:154} INFO - [2023-12-04T12:25:08.641+0000] {dag.py:3722} INFO - Setting next_dagrun for example_sensors to None, run_after=None
[2023-12-04T12:25:08.673+0000] {processor.py:179} INFO - Processing /home/airflow/.local/lib/python3.8/site-packages/airflow/example_dags/example_sensors.py took 0.125 seconds
[2023-12-04T12:25:39.150+0000] {processor.py:157} INFO - Started process (PID=2518) to work on /home/airflow/.local/lib/python3.8/site-packages/airflow/example_dags/example_sensors.py
[2023-12-04T12:25:39.153+0000] {processor.py:829} INFO - Processing file /home/airflow/.local/lib/python3.8/site-packages/airflow/example_dags/example_sensors.py for tasks to queue
[2023-12-04T12:25:39.158+0000] {logging_mixin.py:154} INFO - [2023-12-04T12:25:39.157+0000] {dagbag.py:536} INFO - Filling up the DagBag from /home/airflow/.local/lib/python3.8/site-packages/airflow/example_dags/example_sensors.py
[2023-12-04T12:25:39.173+0000] {processor.py:839} INFO - DAG(s) dict_keys(['example_sensors']) retrieved from /home/airflow/.local/lib/python3.8/site-packages/airflow/example_dags/example_sensors.py
[2023-12-04T12:25:39.215+0000] {logging_mixin.py:154} INFO - [2023-12-04T12:25:39.215+0000] {dag.py:2941} INFO - Sync 1 DAGs
[2023-12-04T12:25:39.461+0000] {logging_mixin.py:154} INFO - [2023-12-04T12:25:39.461+0000] {dag.py:3722} INFO - Setting next_dagrun for example_sensors to None, run_after=None
[2023-12-04T12:25:39.504+0000] {processor.py:179} INFO - Processing /home/airflow/.local/lib/python3.8/site-packages/airflow/example_dags/example_sensors.py took 0.360 seconds
[2023-12-04T12:26:09.580+0000] {processor.py:157} INFO - Started process (PID=2573) to work on /home/airflow/.local/lib/python3.8/site-packages/airflow/example_dags/example_sensors.py
[2023-12-04T12:26:09.583+0000] {processor.py:829} INFO - Processing file /home/airflow/.local/lib/python3.8/site-packages/airflow/example_dags/example_sensors.py for tasks to queue
[2023-12-04T12:26:09.589+0000] {logging_mixin.py:154} INFO - [2023-12-04T12:26:09.588+0000] {dagbag.py:536} INFO - Filling up the DagBag from /home/airflow/.local/lib/python3.8/site-packages/airflow/example_dags/example_sensors.py
[2023-12-04T12:26:09.607+0000] {processor.py:839} INFO - DAG(s) dict_keys(['example_sensors']) retrieved from /home/airflow/.local/lib/python3.8/site-packages/airflow/example_dags/example_sensors.py
[2023-12-04T12:26:09.648+0000] {logging_mixin.py:154} INFO - [2023-12-04T12:26:09.648+0000] {dag.py:2941} INFO - Sync 1 DAGs
[2023-12-04T12:26:09.677+0000] {logging_mixin.py:154} INFO - [2023-12-04T12:26:09.677+0000] {dag.py:3722} INFO - Setting next_dagrun for example_sensors to None, run_after=None
[2023-12-04T12:26:09.709+0000] {processor.py:179} INFO - Processing /home/airflow/.local/lib/python3.8/site-packages/airflow/example_dags/example_sensors.py took 0.135 seconds
[2023-12-04T12:26:40.934+0000] {processor.py:157} INFO - Started process (PID=2627) to work on /home/airflow/.local/lib/python3.8/site-packages/airflow/example_dags/example_sensors.py
[2023-12-04T12:26:40.936+0000] {processor.py:829} INFO - Processing file /home/airflow/.local/lib/python3.8/site-packages/airflow/example_dags/example_sensors.py for tasks to queue
[2023-12-04T12:26:40.943+0000] {logging_mixin.py:154} INFO - [2023-12-04T12:26:40.942+0000] {dagbag.py:536} INFO - Filling up the DagBag from /home/airflow/.local/lib/python3.8/site-packages/airflow/example_dags/example_sensors.py
[2023-12-04T12:26:40.958+0000] {processor.py:839} INFO - DAG(s) dict_keys(['example_sensors']) retrieved from /home/airflow/.local/lib/python3.8/site-packages/airflow/example_dags/example_sensors.py
[2023-12-04T12:26:40.998+0000] {logging_mixin.py:154} INFO - [2023-12-04T12:26:40.998+0000] {dag.py:2941} INFO - Sync 1 DAGs
[2023-12-04T12:26:41.020+0000] {logging_mixin.py:154} INFO - [2023-12-04T12:26:41.019+0000] {dag.py:3722} INFO - Setting next_dagrun for example_sensors to None, run_after=None
[2023-12-04T12:26:41.054+0000] {processor.py:179} INFO - Processing /home/airflow/.local/lib/python3.8/site-packages/airflow/example_dags/example_sensors.py took 0.126 seconds
[2023-12-04T12:27:12.982+0000] {processor.py:157} INFO - Started process (PID=2681) to work on /home/airflow/.local/lib/python3.8/site-packages/airflow/example_dags/example_sensors.py
[2023-12-04T12:27:12.984+0000] {processor.py:829} INFO - Processing file /home/airflow/.local/lib/python3.8/site-packages/airflow/example_dags/example_sensors.py for tasks to queue
[2023-12-04T12:27:12.989+0000] {logging_mixin.py:154} INFO - [2023-12-04T12:27:12.989+0000] {dagbag.py:536} INFO - Filling up the DagBag from /home/airflow/.local/lib/python3.8/site-packages/airflow/example_dags/example_sensors.py
[2023-12-04T12:27:13.006+0000] {processor.py:839} INFO - DAG(s) dict_keys(['example_sensors']) retrieved from /home/airflow/.local/lib/python3.8/site-packages/airflow/example_dags/example_sensors.py
[2023-12-04T12:27:13.047+0000] {logging_mixin.py:154} INFO - [2023-12-04T12:27:13.047+0000] {dag.py:2941} INFO - Sync 1 DAGs
[2023-12-04T12:27:13.263+0000] {logging_mixin.py:154} INFO - [2023-12-04T12:27:13.263+0000] {dag.py:3722} INFO - Setting next_dagrun for example_sensors to None, run_after=None
[2023-12-04T12:27:13.297+0000] {processor.py:179} INFO - Processing /home/airflow/.local/lib/python3.8/site-packages/airflow/example_dags/example_sensors.py took 0.321 seconds
[2023-12-04T12:27:43.368+0000] {processor.py:157} INFO - Started process (PID=2735) to work on /home/airflow/.local/lib/python3.8/site-packages/airflow/example_dags/example_sensors.py
[2023-12-04T12:27:43.371+0000] {processor.py:829} INFO - Processing file /home/airflow/.local/lib/python3.8/site-packages/airflow/example_dags/example_sensors.py for tasks to queue
[2023-12-04T12:27:43.376+0000] {logging_mixin.py:154} INFO - [2023-12-04T12:27:43.375+0000] {dagbag.py:536} INFO - Filling up the DagBag from /home/airflow/.local/lib/python3.8/site-packages/airflow/example_dags/example_sensors.py
[2023-12-04T12:27:43.391+0000] {processor.py:839} INFO - DAG(s) dict_keys(['example_sensors']) retrieved from /home/airflow/.local/lib/python3.8/site-packages/airflow/example_dags/example_sensors.py
[2023-12-04T12:27:43.432+0000] {logging_mixin.py:154} INFO - [2023-12-04T12:27:43.432+0000] {dag.py:2941} INFO - Sync 1 DAGs
[2023-12-04T12:27:43.453+0000] {logging_mixin.py:154} INFO - [2023-12-04T12:27:43.453+0000] {dag.py:3722} INFO - Setting next_dagrun for example_sensors to None, run_after=None
[2023-12-04T12:27:43.487+0000] {processor.py:179} INFO - Processing /home/airflow/.local/lib/python3.8/site-packages/airflow/example_dags/example_sensors.py took 0.124 seconds
[2023-12-04T12:28:14.960+0000] {processor.py:157} INFO - Started process (PID=2788) to work on /home/airflow/.local/lib/python3.8/site-packages/airflow/example_dags/example_sensors.py
[2023-12-04T12:28:14.962+0000] {processor.py:829} INFO - Processing file /home/airflow/.local/lib/python3.8/site-packages/airflow/example_dags/example_sensors.py for tasks to queue
[2023-12-04T12:28:14.966+0000] {logging_mixin.py:154} INFO - [2023-12-04T12:28:14.966+0000] {dagbag.py:536} INFO - Filling up the DagBag from /home/airflow/.local/lib/python3.8/site-packages/airflow/example_dags/example_sensors.py
[2023-12-04T12:28:15.178+0000] {processor.py:839} INFO - DAG(s) dict_keys(['example_sensors']) retrieved from /home/airflow/.local/lib/python3.8/site-packages/airflow/example_dags/example_sensors.py
[2023-12-04T12:28:15.215+0000] {logging_mixin.py:154} INFO - [2023-12-04T12:28:15.215+0000] {dag.py:2941} INFO - Sync 1 DAGs
[2023-12-04T12:28:15.232+0000] {logging_mixin.py:154} INFO - [2023-12-04T12:28:15.231+0000] {dag.py:3722} INFO - Setting next_dagrun for example_sensors to None, run_after=None
[2023-12-04T12:28:15.261+0000] {processor.py:179} INFO - Processing /home/airflow/.local/lib/python3.8/site-packages/airflow/example_dags/example_sensors.py took 0.308 seconds
