[2023-12-04T10:19:37.631+0000] {processor.py:157} INFO - Started process (PID=72) to work on /home/airflow/.local/lib/python3.8/site-packages/airflow/example_dags/example_sla_dag.py
[2023-12-04T10:19:37.642+0000] {processor.py:829} INFO - Processing file /home/airflow/.local/lib/python3.8/site-packages/airflow/example_dags/example_sla_dag.py for tasks to queue
[2023-12-04T10:19:37.658+0000] {logging_mixin.py:154} INFO - [2023-12-04T10:19:37.658+0000] {dagbag.py:536} INFO - Filling up the DagBag from /home/airflow/.local/lib/python3.8/site-packages/airflow/example_dags/example_sla_dag.py
[2023-12-04T10:19:37.704+0000] {processor.py:839} INFO - DAG(s) dict_keys(['example_sla_dag']) retrieved from /home/airflow/.local/lib/python3.8/site-packages/airflow/example_dags/example_sla_dag.py
[2023-12-04T10:19:37.748+0000] {logging_mixin.py:154} INFO - [2023-12-04T10:19:37.748+0000] {dag.py:2941} INFO - Sync 1 DAGs
[2023-12-04T10:19:37.809+0000] {logging_mixin.py:154} INFO - [2023-12-04T10:19:37.809+0000] {dag.py:3722} INFO - Setting next_dagrun for example_sla_dag to 2023-12-04T10:16:00+00:00, run_after=2023-12-04T10:18:00+00:00
[2023-12-04T10:19:37.920+0000] {processor.py:179} INFO - Processing /home/airflow/.local/lib/python3.8/site-packages/airflow/example_dags/example_sla_dag.py took 0.301 seconds
[2023-12-04T10:20:08.523+0000] {processor.py:157} INFO - Started process (PID=127) to work on /home/airflow/.local/lib/python3.8/site-packages/airflow/example_dags/example_sla_dag.py
[2023-12-04T10:20:08.525+0000] {processor.py:829} INFO - Processing file /home/airflow/.local/lib/python3.8/site-packages/airflow/example_dags/example_sla_dag.py for tasks to queue
[2023-12-04T10:20:08.530+0000] {logging_mixin.py:154} INFO - [2023-12-04T10:20:08.529+0000] {dagbag.py:536} INFO - Filling up the DagBag from /home/airflow/.local/lib/python3.8/site-packages/airflow/example_dags/example_sla_dag.py
[2023-12-04T10:20:08.544+0000] {processor.py:839} INFO - DAG(s) dict_keys(['example_sla_dag']) retrieved from /home/airflow/.local/lib/python3.8/site-packages/airflow/example_dags/example_sla_dag.py
[2023-12-04T10:20:08.577+0000] {logging_mixin.py:154} INFO - [2023-12-04T10:20:08.577+0000] {dag.py:2941} INFO - Sync 1 DAGs
[2023-12-04T10:20:08.614+0000] {logging_mixin.py:154} INFO - [2023-12-04T10:20:08.614+0000] {dag.py:3722} INFO - Setting next_dagrun for example_sla_dag to 2023-12-04T10:18:00+00:00, run_after=2023-12-04T10:20:00+00:00
[2023-12-04T10:20:08.643+0000] {processor.py:179} INFO - Processing /home/airflow/.local/lib/python3.8/site-packages/airflow/example_dags/example_sla_dag.py took 0.126 seconds
[2023-12-04T10:20:38.839+0000] {processor.py:157} INFO - Started process (PID=181) to work on /home/airflow/.local/lib/python3.8/site-packages/airflow/example_dags/example_sla_dag.py
[2023-12-04T10:20:38.842+0000] {processor.py:829} INFO - Processing file /home/airflow/.local/lib/python3.8/site-packages/airflow/example_dags/example_sla_dag.py for tasks to queue
[2023-12-04T10:20:38.849+0000] {logging_mixin.py:154} INFO - [2023-12-04T10:20:38.848+0000] {dagbag.py:536} INFO - Filling up the DagBag from /home/airflow/.local/lib/python3.8/site-packages/airflow/example_dags/example_sla_dag.py
[2023-12-04T10:20:38.868+0000] {processor.py:839} INFO - DAG(s) dict_keys(['example_sla_dag']) retrieved from /home/airflow/.local/lib/python3.8/site-packages/airflow/example_dags/example_sla_dag.py
[2023-12-04T10:20:38.911+0000] {logging_mixin.py:154} INFO - [2023-12-04T10:20:38.910+0000] {dag.py:2941} INFO - Sync 1 DAGs
[2023-12-04T10:20:38.964+0000] {logging_mixin.py:154} INFO - [2023-12-04T10:20:38.964+0000] {dag.py:3722} INFO - Setting next_dagrun for example_sla_dag to 2023-12-04T10:18:00+00:00, run_after=2023-12-04T10:20:00+00:00
[2023-12-04T10:20:39.010+0000] {processor.py:179} INFO - Processing /home/airflow/.local/lib/python3.8/site-packages/airflow/example_dags/example_sla_dag.py took 0.181 seconds
[2023-12-04T10:21:12.148+0000] {processor.py:157} INFO - Started process (PID=235) to work on /home/airflow/.local/lib/python3.8/site-packages/airflow/example_dags/example_sla_dag.py
[2023-12-04T10:21:12.159+0000] {processor.py:829} INFO - Processing file /home/airflow/.local/lib/python3.8/site-packages/airflow/example_dags/example_sla_dag.py for tasks to queue
[2023-12-04T10:21:12.173+0000] {logging_mixin.py:154} INFO - [2023-12-04T10:21:12.171+0000] {dagbag.py:536} INFO - Filling up the DagBag from /home/airflow/.local/lib/python3.8/site-packages/airflow/example_dags/example_sla_dag.py
[2023-12-04T10:21:12.244+0000] {processor.py:839} INFO - DAG(s) dict_keys(['example_sla_dag']) retrieved from /home/airflow/.local/lib/python3.8/site-packages/airflow/example_dags/example_sla_dag.py
[2023-12-04T10:21:12.376+0000] {logging_mixin.py:154} INFO - [2023-12-04T10:21:12.375+0000] {dag.py:2941} INFO - Sync 1 DAGs
[2023-12-04T10:21:12.441+0000] {logging_mixin.py:154} INFO - [2023-12-04T10:21:12.440+0000] {dag.py:3722} INFO - Setting next_dagrun for example_sla_dag to 2023-12-04T10:18:00+00:00, run_after=2023-12-04T10:20:00+00:00
[2023-12-04T10:21:12.490+0000] {processor.py:179} INFO - Processing /home/airflow/.local/lib/python3.8/site-packages/airflow/example_dags/example_sla_dag.py took 0.362 seconds
[2023-12-04T10:21:42.953+0000] {processor.py:157} INFO - Started process (PID=289) to work on /home/airflow/.local/lib/python3.8/site-packages/airflow/example_dags/example_sla_dag.py
[2023-12-04T10:21:42.957+0000] {processor.py:829} INFO - Processing file /home/airflow/.local/lib/python3.8/site-packages/airflow/example_dags/example_sla_dag.py for tasks to queue
[2023-12-04T10:21:42.964+0000] {logging_mixin.py:154} INFO - [2023-12-04T10:21:42.963+0000] {dagbag.py:536} INFO - Filling up the DagBag from /home/airflow/.local/lib/python3.8/site-packages/airflow/example_dags/example_sla_dag.py
[2023-12-04T10:21:42.981+0000] {processor.py:839} INFO - DAG(s) dict_keys(['example_sla_dag']) retrieved from /home/airflow/.local/lib/python3.8/site-packages/airflow/example_dags/example_sla_dag.py
[2023-12-04T10:21:43.026+0000] {logging_mixin.py:154} INFO - [2023-12-04T10:21:43.025+0000] {dag.py:2941} INFO - Sync 1 DAGs
[2023-12-04T10:21:43.091+0000] {logging_mixin.py:154} INFO - [2023-12-04T10:21:43.091+0000] {dag.py:3722} INFO - Setting next_dagrun for example_sla_dag to 2023-12-04T10:18:00+00:00, run_after=2023-12-04T10:20:00+00:00
[2023-12-04T10:21:43.133+0000] {processor.py:179} INFO - Processing /home/airflow/.local/lib/python3.8/site-packages/airflow/example_dags/example_sla_dag.py took 0.195 seconds
[2023-12-04T10:22:22.782+0000] {processor.py:157} INFO - Started process (PID=343) to work on /home/airflow/.local/lib/python3.8/site-packages/airflow/example_dags/example_sla_dag.py
[2023-12-04T10:22:22.784+0000] {processor.py:829} INFO - Processing file /home/airflow/.local/lib/python3.8/site-packages/airflow/example_dags/example_sla_dag.py for tasks to queue
[2023-12-04T10:22:22.790+0000] {logging_mixin.py:154} INFO - [2023-12-04T10:22:22.789+0000] {dagbag.py:536} INFO - Filling up the DagBag from /home/airflow/.local/lib/python3.8/site-packages/airflow/example_dags/example_sla_dag.py
[2023-12-04T10:22:22.814+0000] {processor.py:839} INFO - DAG(s) dict_keys(['example_sla_dag']) retrieved from /home/airflow/.local/lib/python3.8/site-packages/airflow/example_dags/example_sla_dag.py
[2023-12-04T10:22:22.856+0000] {logging_mixin.py:154} INFO - [2023-12-04T10:22:22.856+0000] {dag.py:2941} INFO - Sync 1 DAGs
[2023-12-04T10:22:22.956+0000] {logging_mixin.py:154} INFO - [2023-12-04T10:22:22.956+0000] {dag.py:3722} INFO - Setting next_dagrun for example_sla_dag to 2023-12-04T10:20:00+00:00, run_after=2023-12-04T10:22:00+00:00
[2023-12-04T10:22:23.006+0000] {processor.py:179} INFO - Processing /home/airflow/.local/lib/python3.8/site-packages/airflow/example_dags/example_sla_dag.py took 0.233 seconds
[2023-12-04T10:23:05.527+0000] {processor.py:157} INFO - Started process (PID=397) to work on /home/airflow/.local/lib/python3.8/site-packages/airflow/example_dags/example_sla_dag.py
[2023-12-04T10:23:05.532+0000] {processor.py:829} INFO - Processing file /home/airflow/.local/lib/python3.8/site-packages/airflow/example_dags/example_sla_dag.py for tasks to queue
[2023-12-04T10:23:05.553+0000] {logging_mixin.py:154} INFO - [2023-12-04T10:23:05.552+0000] {dagbag.py:536} INFO - Filling up the DagBag from /home/airflow/.local/lib/python3.8/site-packages/airflow/example_dags/example_sla_dag.py
[2023-12-04T10:23:07.777+0000] {processor.py:839} INFO - DAG(s) dict_keys(['example_sla_dag']) retrieved from /home/airflow/.local/lib/python3.8/site-packages/airflow/example_dags/example_sla_dag.py
[2023-12-04T10:23:08.533+0000] {logging_mixin.py:154} INFO - [2023-12-04T10:23:08.532+0000] {dag.py:2941} INFO - Sync 1 DAGs
[2023-12-04T10:23:08.714+0000] {logging_mixin.py:154} INFO - [2023-12-04T10:23:08.713+0000] {dag.py:3722} INFO - Setting next_dagrun for example_sla_dag to 2023-12-04T10:20:00+00:00, run_after=2023-12-04T10:22:00+00:00
[2023-12-04T10:23:08.839+0000] {processor.py:179} INFO - Processing /home/airflow/.local/lib/python3.8/site-packages/airflow/example_dags/example_sla_dag.py took 3.327 seconds
[2023-12-04T10:23:39.792+0000] {processor.py:157} INFO - Started process (PID=452) to work on /home/airflow/.local/lib/python3.8/site-packages/airflow/example_dags/example_sla_dag.py
[2023-12-04T10:23:40.037+0000] {processor.py:829} INFO - Processing file /home/airflow/.local/lib/python3.8/site-packages/airflow/example_dags/example_sla_dag.py for tasks to queue
[2023-12-04T10:23:40.249+0000] {logging_mixin.py:154} INFO - [2023-12-04T10:23:40.246+0000] {dagbag.py:536} INFO - Filling up the DagBag from /home/airflow/.local/lib/python3.8/site-packages/airflow/example_dags/example_sla_dag.py
[2023-12-04T10:23:40.547+0000] {processor.py:839} INFO - DAG(s) dict_keys(['example_sla_dag']) retrieved from /home/airflow/.local/lib/python3.8/site-packages/airflow/example_dags/example_sla_dag.py
[2023-12-04T10:23:42.494+0000] {logging_mixin.py:154} INFO - [2023-12-04T10:23:42.469+0000] {dag.py:2941} INFO - Sync 1 DAGs
[2023-12-04T10:23:46.290+0000] {logging_mixin.py:154} INFO - [2023-12-04T10:23:46.203+0000] {dag.py:3722} INFO - Setting next_dagrun for example_sla_dag to 2023-12-04T10:20:00+00:00, run_after=2023-12-04T10:22:00+00:00
[2023-12-04T10:23:49.947+0000] {processor.py:179} INFO - Processing /home/airflow/.local/lib/python3.8/site-packages/airflow/example_dags/example_sla_dag.py took 10.554 seconds
[2023-12-04T10:24:30.653+0000] {processor.py:157} INFO - Started process (PID=519) to work on /home/airflow/.local/lib/python3.8/site-packages/airflow/example_dags/example_sla_dag.py
[2023-12-04T10:24:30.657+0000] {processor.py:829} INFO - Processing file /home/airflow/.local/lib/python3.8/site-packages/airflow/example_dags/example_sla_dag.py for tasks to queue
[2023-12-04T10:24:30.666+0000] {logging_mixin.py:154} INFO - [2023-12-04T10:24:30.665+0000] {dagbag.py:536} INFO - Filling up the DagBag from /home/airflow/.local/lib/python3.8/site-packages/airflow/example_dags/example_sla_dag.py
[2023-12-04T10:24:30.706+0000] {processor.py:839} INFO - DAG(s) dict_keys(['example_sla_dag']) retrieved from /home/airflow/.local/lib/python3.8/site-packages/airflow/example_dags/example_sla_dag.py
[2023-12-04T10:24:30.787+0000] {logging_mixin.py:154} INFO - [2023-12-04T10:24:30.786+0000] {dag.py:2941} INFO - Sync 1 DAGs
[2023-12-04T10:24:30.865+0000] {logging_mixin.py:154} INFO - [2023-12-04T10:24:30.865+0000] {dag.py:3722} INFO - Setting next_dagrun for example_sla_dag to 2023-12-04T10:22:00+00:00, run_after=2023-12-04T10:24:00+00:00
[2023-12-04T10:24:30.915+0000] {processor.py:179} INFO - Processing /home/airflow/.local/lib/python3.8/site-packages/airflow/example_dags/example_sla_dag.py took 0.272 seconds
[2023-12-04T10:25:14.553+0000] {processor.py:157} INFO - Started process (PID=571) to work on /home/airflow/.local/lib/python3.8/site-packages/airflow/example_dags/example_sla_dag.py
[2023-12-04T10:25:14.558+0000] {processor.py:829} INFO - Processing file /home/airflow/.local/lib/python3.8/site-packages/airflow/example_dags/example_sla_dag.py for tasks to queue
[2023-12-04T10:25:14.575+0000] {logging_mixin.py:154} INFO - [2023-12-04T10:25:14.574+0000] {dagbag.py:536} INFO - Filling up the DagBag from /home/airflow/.local/lib/python3.8/site-packages/airflow/example_dags/example_sla_dag.py
[2023-12-04T10:25:14.606+0000] {processor.py:839} INFO - DAG(s) dict_keys(['example_sla_dag']) retrieved from /home/airflow/.local/lib/python3.8/site-packages/airflow/example_dags/example_sla_dag.py
[2023-12-04T10:25:14.714+0000] {logging_mixin.py:154} INFO - [2023-12-04T10:25:14.714+0000] {dag.py:2941} INFO - Sync 1 DAGs
[2023-12-04T10:25:14.853+0000] {logging_mixin.py:154} INFO - [2023-12-04T10:25:14.852+0000] {dag.py:3722} INFO - Setting next_dagrun for example_sla_dag to 2023-12-04T10:22:00+00:00, run_after=2023-12-04T10:24:00+00:00
[2023-12-04T10:25:15.066+0000] {processor.py:179} INFO - Processing /home/airflow/.local/lib/python3.8/site-packages/airflow/example_dags/example_sla_dag.py took 0.526 seconds
[2023-12-04T10:25:55.086+0000] {processor.py:157} INFO - Started process (PID=626) to work on /home/airflow/.local/lib/python3.8/site-packages/airflow/example_dags/example_sla_dag.py
[2023-12-04T10:25:55.090+0000] {processor.py:829} INFO - Processing file /home/airflow/.local/lib/python3.8/site-packages/airflow/example_dags/example_sla_dag.py for tasks to queue
[2023-12-04T10:25:55.095+0000] {logging_mixin.py:154} INFO - [2023-12-04T10:25:55.095+0000] {dagbag.py:536} INFO - Filling up the DagBag from /home/airflow/.local/lib/python3.8/site-packages/airflow/example_dags/example_sla_dag.py
[2023-12-04T10:25:55.121+0000] {processor.py:839} INFO - DAG(s) dict_keys(['example_sla_dag']) retrieved from /home/airflow/.local/lib/python3.8/site-packages/airflow/example_dags/example_sla_dag.py
[2023-12-04T10:25:55.231+0000] {logging_mixin.py:154} INFO - [2023-12-04T10:25:55.230+0000] {dag.py:2941} INFO - Sync 1 DAGs
[2023-12-04T10:25:55.289+0000] {logging_mixin.py:154} INFO - [2023-12-04T10:25:55.288+0000] {dag.py:3722} INFO - Setting next_dagrun for example_sla_dag to 2023-12-04T10:22:00+00:00, run_after=2023-12-04T10:24:00+00:00
[2023-12-04T10:25:55.338+0000] {processor.py:179} INFO - Processing /home/airflow/.local/lib/python3.8/site-packages/airflow/example_dags/example_sla_dag.py took 0.259 seconds
[2023-12-04T10:26:25.449+0000] {processor.py:157} INFO - Started process (PID=680) to work on /home/airflow/.local/lib/python3.8/site-packages/airflow/example_dags/example_sla_dag.py
[2023-12-04T10:26:25.451+0000] {processor.py:829} INFO - Processing file /home/airflow/.local/lib/python3.8/site-packages/airflow/example_dags/example_sla_dag.py for tasks to queue
[2023-12-04T10:26:25.455+0000] {logging_mixin.py:154} INFO - [2023-12-04T10:26:25.455+0000] {dagbag.py:536} INFO - Filling up the DagBag from /home/airflow/.local/lib/python3.8/site-packages/airflow/example_dags/example_sla_dag.py
[2023-12-04T10:26:25.469+0000] {processor.py:839} INFO - DAG(s) dict_keys(['example_sla_dag']) retrieved from /home/airflow/.local/lib/python3.8/site-packages/airflow/example_dags/example_sla_dag.py
[2023-12-04T10:26:25.501+0000] {logging_mixin.py:154} INFO - [2023-12-04T10:26:25.501+0000] {dag.py:2941} INFO - Sync 1 DAGs
[2023-12-04T10:26:25.543+0000] {logging_mixin.py:154} INFO - [2023-12-04T10:26:25.543+0000] {dag.py:3722} INFO - Setting next_dagrun for example_sla_dag to 2023-12-04T10:24:00+00:00, run_after=2023-12-04T10:26:00+00:00
[2023-12-04T10:26:25.579+0000] {processor.py:179} INFO - Processing /home/airflow/.local/lib/python3.8/site-packages/airflow/example_dags/example_sla_dag.py took 0.137 seconds
[2023-12-04T10:27:06.064+0000] {processor.py:157} INFO - Started process (PID=741) to work on /home/airflow/.local/lib/python3.8/site-packages/airflow/example_dags/example_sla_dag.py
[2023-12-04T10:27:06.087+0000] {processor.py:829} INFO - Processing file /home/airflow/.local/lib/python3.8/site-packages/airflow/example_dags/example_sla_dag.py for tasks to queue
[2023-12-04T10:27:06.117+0000] {logging_mixin.py:154} INFO - [2023-12-04T10:27:06.116+0000] {dagbag.py:536} INFO - Filling up the DagBag from /home/airflow/.local/lib/python3.8/site-packages/airflow/example_dags/example_sla_dag.py
[2023-12-04T10:27:06.372+0000] {processor.py:839} INFO - DAG(s) dict_keys(['example_sla_dag']) retrieved from /home/airflow/.local/lib/python3.8/site-packages/airflow/example_dags/example_sla_dag.py
[2023-12-04T10:27:06.592+0000] {logging_mixin.py:154} INFO - [2023-12-04T10:27:06.591+0000] {dag.py:2941} INFO - Sync 1 DAGs
[2023-12-04T10:27:06.720+0000] {logging_mixin.py:154} INFO - [2023-12-04T10:27:06.720+0000] {dag.py:3722} INFO - Setting next_dagrun for example_sla_dag to 2023-12-04T10:24:00+00:00, run_after=2023-12-04T10:26:00+00:00
[2023-12-04T10:27:06.805+0000] {processor.py:179} INFO - Processing /home/airflow/.local/lib/python3.8/site-packages/airflow/example_dags/example_sla_dag.py took 0.805 seconds
[2023-12-04T10:27:52.695+0000] {processor.py:157} INFO - Started process (PID=797) to work on /home/airflow/.local/lib/python3.8/site-packages/airflow/example_dags/example_sla_dag.py
[2023-12-04T10:27:52.714+0000] {processor.py:829} INFO - Processing file /home/airflow/.local/lib/python3.8/site-packages/airflow/example_dags/example_sla_dag.py for tasks to queue
[2023-12-04T10:27:52.777+0000] {logging_mixin.py:154} INFO - [2023-12-04T10:27:52.774+0000] {dagbag.py:536} INFO - Filling up the DagBag from /home/airflow/.local/lib/python3.8/site-packages/airflow/example_dags/example_sla_dag.py
[2023-12-04T10:27:52.929+0000] {processor.py:839} INFO - DAG(s) dict_keys(['example_sla_dag']) retrieved from /home/airflow/.local/lib/python3.8/site-packages/airflow/example_dags/example_sla_dag.py
[2023-12-04T10:27:52.978+0000] {logging_mixin.py:154} INFO - [2023-12-04T10:27:52.977+0000] {dag.py:2941} INFO - Sync 1 DAGs
[2023-12-04T10:27:53.193+0000] {logging_mixin.py:154} INFO - [2023-12-04T10:27:53.192+0000] {dag.py:3722} INFO - Setting next_dagrun for example_sla_dag to 2023-12-04T10:24:00+00:00, run_after=2023-12-04T10:26:00+00:00
[2023-12-04T10:27:53.325+0000] {processor.py:179} INFO - Processing /home/airflow/.local/lib/python3.8/site-packages/airflow/example_dags/example_sla_dag.py took 0.760 seconds
[2023-12-04T10:28:27.481+0000] {processor.py:157} INFO - Started process (PID=851) to work on /home/airflow/.local/lib/python3.8/site-packages/airflow/example_dags/example_sla_dag.py
[2023-12-04T10:28:27.484+0000] {processor.py:829} INFO - Processing file /home/airflow/.local/lib/python3.8/site-packages/airflow/example_dags/example_sla_dag.py for tasks to queue
[2023-12-04T10:28:27.489+0000] {logging_mixin.py:154} INFO - [2023-12-04T10:28:27.489+0000] {dagbag.py:536} INFO - Filling up the DagBag from /home/airflow/.local/lib/python3.8/site-packages/airflow/example_dags/example_sla_dag.py
[2023-12-04T10:28:27.520+0000] {processor.py:839} INFO - DAG(s) dict_keys(['example_sla_dag']) retrieved from /home/airflow/.local/lib/python3.8/site-packages/airflow/example_dags/example_sla_dag.py
[2023-12-04T10:28:27.592+0000] {logging_mixin.py:154} INFO - [2023-12-04T10:28:27.591+0000] {dag.py:2941} INFO - Sync 1 DAGs
[2023-12-04T10:28:27.679+0000] {logging_mixin.py:154} INFO - [2023-12-04T10:28:27.679+0000] {dag.py:3722} INFO - Setting next_dagrun for example_sla_dag to 2023-12-04T10:26:00+00:00, run_after=2023-12-04T10:28:00+00:00
[2023-12-04T10:28:27.744+0000] {processor.py:179} INFO - Processing /home/airflow/.local/lib/python3.8/site-packages/airflow/example_dags/example_sla_dag.py took 0.269 seconds
[2023-12-04T10:29:03.768+0000] {processor.py:157} INFO - Started process (PID=904) to work on /home/airflow/.local/lib/python3.8/site-packages/airflow/example_dags/example_sla_dag.py
[2023-12-04T10:29:03.782+0000] {processor.py:829} INFO - Processing file /home/airflow/.local/lib/python3.8/site-packages/airflow/example_dags/example_sla_dag.py for tasks to queue
[2023-12-04T10:29:03.794+0000] {logging_mixin.py:154} INFO - [2023-12-04T10:29:03.793+0000] {dagbag.py:536} INFO - Filling up the DagBag from /home/airflow/.local/lib/python3.8/site-packages/airflow/example_dags/example_sla_dag.py
[2023-12-04T10:29:03.821+0000] {processor.py:839} INFO - DAG(s) dict_keys(['example_sla_dag']) retrieved from /home/airflow/.local/lib/python3.8/site-packages/airflow/example_dags/example_sla_dag.py
[2023-12-04T10:29:03.938+0000] {logging_mixin.py:154} INFO - [2023-12-04T10:29:03.938+0000] {dag.py:2941} INFO - Sync 1 DAGs
[2023-12-04T10:29:03.997+0000] {logging_mixin.py:154} INFO - [2023-12-04T10:29:03.997+0000] {dag.py:3722} INFO - Setting next_dagrun for example_sla_dag to 2023-12-04T10:26:00+00:00, run_after=2023-12-04T10:28:00+00:00
[2023-12-04T10:29:04.056+0000] {processor.py:179} INFO - Processing /home/airflow/.local/lib/python3.8/site-packages/airflow/example_dags/example_sla_dag.py took 0.299 seconds
[2023-12-04T12:02:27.115+0000] {processor.py:157} INFO - Started process (PID=80) to work on /home/airflow/.local/lib/python3.8/site-packages/airflow/example_dags/example_sla_dag.py
[2023-12-04T12:02:27.227+0000] {processor.py:829} INFO - Processing file /home/airflow/.local/lib/python3.8/site-packages/airflow/example_dags/example_sla_dag.py for tasks to queue
[2023-12-04T12:02:27.338+0000] {logging_mixin.py:154} INFO - [2023-12-04T12:02:27.337+0000] {dagbag.py:536} INFO - Filling up the DagBag from /home/airflow/.local/lib/python3.8/site-packages/airflow/example_dags/example_sla_dag.py
[2023-12-04T12:02:27.605+0000] {processor.py:839} INFO - DAG(s) dict_keys(['example_sla_dag']) retrieved from /home/airflow/.local/lib/python3.8/site-packages/airflow/example_dags/example_sla_dag.py
[2023-12-04T12:02:28.238+0000] {logging_mixin.py:154} INFO - [2023-12-04T12:02:28.237+0000] {dag.py:2941} INFO - Sync 1 DAGs
[2023-12-04T12:02:28.618+0000] {logging_mixin.py:154} INFO - [2023-12-04T12:02:28.617+0000] {dag.py:3722} INFO - Setting next_dagrun for example_sla_dag to 2023-12-04T12:00:00+00:00, run_after=2023-12-04T12:02:00+00:00
[2023-12-04T12:02:29.457+0000] {processor.py:179} INFO - Processing /home/airflow/.local/lib/python3.8/site-packages/airflow/example_dags/example_sla_dag.py took 2.428 seconds
[2023-12-04T12:03:12.771+0000] {processor.py:157} INFO - Started process (PID=134) to work on /home/airflow/.local/lib/python3.8/site-packages/airflow/example_dags/example_sla_dag.py
[2023-12-04T12:03:12.777+0000] {processor.py:829} INFO - Processing file /home/airflow/.local/lib/python3.8/site-packages/airflow/example_dags/example_sla_dag.py for tasks to queue
[2023-12-04T12:03:12.787+0000] {logging_mixin.py:154} INFO - [2023-12-04T12:03:12.786+0000] {dagbag.py:536} INFO - Filling up the DagBag from /home/airflow/.local/lib/python3.8/site-packages/airflow/example_dags/example_sla_dag.py
[2023-12-04T12:03:12.836+0000] {processor.py:839} INFO - DAG(s) dict_keys(['example_sla_dag']) retrieved from /home/airflow/.local/lib/python3.8/site-packages/airflow/example_dags/example_sla_dag.py
[2023-12-04T12:03:12.902+0000] {logging_mixin.py:154} INFO - [2023-12-04T12:03:12.902+0000] {dag.py:2941} INFO - Sync 1 DAGs
[2023-12-04T12:03:12.984+0000] {logging_mixin.py:154} INFO - [2023-12-04T12:03:12.983+0000] {dag.py:3722} INFO - Setting next_dagrun for example_sla_dag to 2023-12-04T12:00:00+00:00, run_after=2023-12-04T12:02:00+00:00
[2023-12-04T12:03:13.013+0000] {processor.py:179} INFO - Processing /home/airflow/.local/lib/python3.8/site-packages/airflow/example_dags/example_sla_dag.py took 0.256 seconds
[2023-12-04T12:03:43.208+0000] {processor.py:157} INFO - Started process (PID=188) to work on /home/airflow/.local/lib/python3.8/site-packages/airflow/example_dags/example_sla_dag.py
[2023-12-04T12:03:43.211+0000] {processor.py:829} INFO - Processing file /home/airflow/.local/lib/python3.8/site-packages/airflow/example_dags/example_sla_dag.py for tasks to queue
[2023-12-04T12:03:43.216+0000] {logging_mixin.py:154} INFO - [2023-12-04T12:03:43.215+0000] {dagbag.py:536} INFO - Filling up the DagBag from /home/airflow/.local/lib/python3.8/site-packages/airflow/example_dags/example_sla_dag.py
[2023-12-04T12:03:43.245+0000] {processor.py:839} INFO - DAG(s) dict_keys(['example_sla_dag']) retrieved from /home/airflow/.local/lib/python3.8/site-packages/airflow/example_dags/example_sla_dag.py
[2023-12-04T12:03:43.291+0000] {logging_mixin.py:154} INFO - [2023-12-04T12:03:43.291+0000] {dag.py:2941} INFO - Sync 1 DAGs
[2023-12-04T12:03:43.346+0000] {logging_mixin.py:154} INFO - [2023-12-04T12:03:43.345+0000] {dag.py:3722} INFO - Setting next_dagrun for example_sla_dag to 2023-12-04T12:00:00+00:00, run_after=2023-12-04T12:02:00+00:00
[2023-12-04T12:03:43.391+0000] {processor.py:179} INFO - Processing /home/airflow/.local/lib/python3.8/site-packages/airflow/example_dags/example_sla_dag.py took 0.197 seconds
[2023-12-04T12:04:14.222+0000] {processor.py:157} INFO - Started process (PID=242) to work on /home/airflow/.local/lib/python3.8/site-packages/airflow/example_dags/example_sla_dag.py
[2023-12-04T12:04:14.224+0000] {processor.py:829} INFO - Processing file /home/airflow/.local/lib/python3.8/site-packages/airflow/example_dags/example_sla_dag.py for tasks to queue
[2023-12-04T12:04:14.229+0000] {logging_mixin.py:154} INFO - [2023-12-04T12:04:14.228+0000] {dagbag.py:536} INFO - Filling up the DagBag from /home/airflow/.local/lib/python3.8/site-packages/airflow/example_dags/example_sla_dag.py
[2023-12-04T12:04:14.245+0000] {processor.py:839} INFO - DAG(s) dict_keys(['example_sla_dag']) retrieved from /home/airflow/.local/lib/python3.8/site-packages/airflow/example_dags/example_sla_dag.py
[2023-12-04T12:04:14.281+0000] {logging_mixin.py:154} INFO - [2023-12-04T12:04:14.281+0000] {dag.py:2941} INFO - Sync 1 DAGs
[2023-12-04T12:04:14.322+0000] {logging_mixin.py:154} INFO - [2023-12-04T12:04:14.321+0000] {dag.py:3722} INFO - Setting next_dagrun for example_sla_dag to 2023-12-04T12:02:00+00:00, run_after=2023-12-04T12:04:00+00:00
[2023-12-04T12:04:14.351+0000] {processor.py:179} INFO - Processing /home/airflow/.local/lib/python3.8/site-packages/airflow/example_dags/example_sla_dag.py took 0.134 seconds
[2023-12-04T12:04:44.450+0000] {processor.py:157} INFO - Started process (PID=296) to work on /home/airflow/.local/lib/python3.8/site-packages/airflow/example_dags/example_sla_dag.py
[2023-12-04T12:04:44.452+0000] {processor.py:829} INFO - Processing file /home/airflow/.local/lib/python3.8/site-packages/airflow/example_dags/example_sla_dag.py for tasks to queue
[2023-12-04T12:04:44.457+0000] {logging_mixin.py:154} INFO - [2023-12-04T12:04:44.457+0000] {dagbag.py:536} INFO - Filling up the DagBag from /home/airflow/.local/lib/python3.8/site-packages/airflow/example_dags/example_sla_dag.py
[2023-12-04T12:04:44.480+0000] {processor.py:839} INFO - DAG(s) dict_keys(['example_sla_dag']) retrieved from /home/airflow/.local/lib/python3.8/site-packages/airflow/example_dags/example_sla_dag.py
[2023-12-04T12:04:44.514+0000] {logging_mixin.py:154} INFO - [2023-12-04T12:04:44.514+0000] {dag.py:2941} INFO - Sync 1 DAGs
[2023-12-04T12:04:44.558+0000] {logging_mixin.py:154} INFO - [2023-12-04T12:04:44.557+0000] {dag.py:3722} INFO - Setting next_dagrun for example_sla_dag to 2023-12-04T12:02:00+00:00, run_after=2023-12-04T12:04:00+00:00
[2023-12-04T12:04:44.588+0000] {processor.py:179} INFO - Processing /home/airflow/.local/lib/python3.8/site-packages/airflow/example_dags/example_sla_dag.py took 0.144 seconds
[2023-12-04T12:05:15.024+0000] {processor.py:157} INFO - Started process (PID=350) to work on /home/airflow/.local/lib/python3.8/site-packages/airflow/example_dags/example_sla_dag.py
[2023-12-04T12:05:15.026+0000] {processor.py:829} INFO - Processing file /home/airflow/.local/lib/python3.8/site-packages/airflow/example_dags/example_sla_dag.py for tasks to queue
[2023-12-04T12:05:15.032+0000] {logging_mixin.py:154} INFO - [2023-12-04T12:05:15.032+0000] {dagbag.py:536} INFO - Filling up the DagBag from /home/airflow/.local/lib/python3.8/site-packages/airflow/example_dags/example_sla_dag.py
[2023-12-04T12:05:15.057+0000] {processor.py:839} INFO - DAG(s) dict_keys(['example_sla_dag']) retrieved from /home/airflow/.local/lib/python3.8/site-packages/airflow/example_dags/example_sla_dag.py
[2023-12-04T12:05:15.097+0000] {logging_mixin.py:154} INFO - [2023-12-04T12:05:15.097+0000] {dag.py:2941} INFO - Sync 1 DAGs
[2023-12-04T12:05:15.143+0000] {logging_mixin.py:154} INFO - [2023-12-04T12:05:15.143+0000] {dag.py:3722} INFO - Setting next_dagrun for example_sla_dag to 2023-12-04T12:02:00+00:00, run_after=2023-12-04T12:04:00+00:00
[2023-12-04T12:05:15.183+0000] {processor.py:179} INFO - Processing /home/airflow/.local/lib/python3.8/site-packages/airflow/example_dags/example_sla_dag.py took 0.168 seconds
[2023-12-04T12:05:45.654+0000] {processor.py:157} INFO - Started process (PID=404) to work on /home/airflow/.local/lib/python3.8/site-packages/airflow/example_dags/example_sla_dag.py
[2023-12-04T12:05:45.656+0000] {processor.py:829} INFO - Processing file /home/airflow/.local/lib/python3.8/site-packages/airflow/example_dags/example_sla_dag.py for tasks to queue
[2023-12-04T12:05:45.661+0000] {logging_mixin.py:154} INFO - [2023-12-04T12:05:45.660+0000] {dagbag.py:536} INFO - Filling up the DagBag from /home/airflow/.local/lib/python3.8/site-packages/airflow/example_dags/example_sla_dag.py
[2023-12-04T12:05:45.675+0000] {processor.py:839} INFO - DAG(s) dict_keys(['example_sla_dag']) retrieved from /home/airflow/.local/lib/python3.8/site-packages/airflow/example_dags/example_sla_dag.py
[2023-12-04T12:05:45.708+0000] {logging_mixin.py:154} INFO - [2023-12-04T12:05:45.708+0000] {dag.py:2941} INFO - Sync 1 DAGs
[2023-12-04T12:05:45.748+0000] {logging_mixin.py:154} INFO - [2023-12-04T12:05:45.747+0000] {dag.py:3722} INFO - Setting next_dagrun for example_sla_dag to 2023-12-04T12:02:00+00:00, run_after=2023-12-04T12:04:00+00:00
[2023-12-04T12:05:45.782+0000] {processor.py:179} INFO - Processing /home/airflow/.local/lib/python3.8/site-packages/airflow/example_dags/example_sla_dag.py took 0.134 seconds
[2023-12-04T12:06:16.068+0000] {processor.py:157} INFO - Started process (PID=458) to work on /home/airflow/.local/lib/python3.8/site-packages/airflow/example_dags/example_sla_dag.py
[2023-12-04T12:06:16.071+0000] {processor.py:829} INFO - Processing file /home/airflow/.local/lib/python3.8/site-packages/airflow/example_dags/example_sla_dag.py for tasks to queue
[2023-12-04T12:06:16.076+0000] {logging_mixin.py:154} INFO - [2023-12-04T12:06:16.075+0000] {dagbag.py:536} INFO - Filling up the DagBag from /home/airflow/.local/lib/python3.8/site-packages/airflow/example_dags/example_sla_dag.py
[2023-12-04T12:06:16.091+0000] {processor.py:839} INFO - DAG(s) dict_keys(['example_sla_dag']) retrieved from /home/airflow/.local/lib/python3.8/site-packages/airflow/example_dags/example_sla_dag.py
[2023-12-04T12:06:16.127+0000] {logging_mixin.py:154} INFO - [2023-12-04T12:06:16.127+0000] {dag.py:2941} INFO - Sync 1 DAGs
[2023-12-04T12:06:16.167+0000] {logging_mixin.py:154} INFO - [2023-12-04T12:06:16.167+0000] {dag.py:3722} INFO - Setting next_dagrun for example_sla_dag to 2023-12-04T12:04:00+00:00, run_after=2023-12-04T12:06:00+00:00
[2023-12-04T12:06:16.198+0000] {processor.py:179} INFO - Processing /home/airflow/.local/lib/python3.8/site-packages/airflow/example_dags/example_sla_dag.py took 0.138 seconds
[2023-12-04T12:06:46.554+0000] {processor.py:157} INFO - Started process (PID=513) to work on /home/airflow/.local/lib/python3.8/site-packages/airflow/example_dags/example_sla_dag.py
[2023-12-04T12:06:46.558+0000] {processor.py:829} INFO - Processing file /home/airflow/.local/lib/python3.8/site-packages/airflow/example_dags/example_sla_dag.py for tasks to queue
[2023-12-04T12:06:46.565+0000] {logging_mixin.py:154} INFO - [2023-12-04T12:06:46.564+0000] {dagbag.py:536} INFO - Filling up the DagBag from /home/airflow/.local/lib/python3.8/site-packages/airflow/example_dags/example_sla_dag.py
[2023-12-04T12:06:46.592+0000] {processor.py:839} INFO - DAG(s) dict_keys(['example_sla_dag']) retrieved from /home/airflow/.local/lib/python3.8/site-packages/airflow/example_dags/example_sla_dag.py
[2023-12-04T12:06:46.625+0000] {logging_mixin.py:154} INFO - [2023-12-04T12:06:46.624+0000] {dag.py:2941} INFO - Sync 1 DAGs
[2023-12-04T12:06:46.671+0000] {logging_mixin.py:154} INFO - [2023-12-04T12:06:46.670+0000] {dag.py:3722} INFO - Setting next_dagrun for example_sla_dag to 2023-12-04T12:04:00+00:00, run_after=2023-12-04T12:06:00+00:00
[2023-12-04T12:06:46.702+0000] {processor.py:179} INFO - Processing /home/airflow/.local/lib/python3.8/site-packages/airflow/example_dags/example_sla_dag.py took 0.155 seconds
[2023-12-04T12:07:17.363+0000] {processor.py:157} INFO - Started process (PID=567) to work on /home/airflow/.local/lib/python3.8/site-packages/airflow/example_dags/example_sla_dag.py
[2023-12-04T12:07:17.365+0000] {processor.py:829} INFO - Processing file /home/airflow/.local/lib/python3.8/site-packages/airflow/example_dags/example_sla_dag.py for tasks to queue
[2023-12-04T12:07:17.370+0000] {logging_mixin.py:154} INFO - [2023-12-04T12:07:17.370+0000] {dagbag.py:536} INFO - Filling up the DagBag from /home/airflow/.local/lib/python3.8/site-packages/airflow/example_dags/example_sla_dag.py
[2023-12-04T12:07:17.384+0000] {processor.py:839} INFO - DAG(s) dict_keys(['example_sla_dag']) retrieved from /home/airflow/.local/lib/python3.8/site-packages/airflow/example_dags/example_sla_dag.py
[2023-12-04T12:07:17.421+0000] {logging_mixin.py:154} INFO - [2023-12-04T12:07:17.421+0000] {dag.py:2941} INFO - Sync 1 DAGs
[2023-12-04T12:07:17.464+0000] {logging_mixin.py:154} INFO - [2023-12-04T12:07:17.464+0000] {dag.py:3722} INFO - Setting next_dagrun for example_sla_dag to 2023-12-04T12:04:00+00:00, run_after=2023-12-04T12:06:00+00:00
[2023-12-04T12:07:17.497+0000] {processor.py:179} INFO - Processing /home/airflow/.local/lib/python3.8/site-packages/airflow/example_dags/example_sla_dag.py took 0.140 seconds
[2023-12-04T12:07:48.139+0000] {processor.py:157} INFO - Started process (PID=621) to work on /home/airflow/.local/lib/python3.8/site-packages/airflow/example_dags/example_sla_dag.py
[2023-12-04T12:07:48.142+0000] {processor.py:829} INFO - Processing file /home/airflow/.local/lib/python3.8/site-packages/airflow/example_dags/example_sla_dag.py for tasks to queue
[2023-12-04T12:07:48.146+0000] {logging_mixin.py:154} INFO - [2023-12-04T12:07:48.145+0000] {dagbag.py:536} INFO - Filling up the DagBag from /home/airflow/.local/lib/python3.8/site-packages/airflow/example_dags/example_sla_dag.py
[2023-12-04T12:07:48.161+0000] {processor.py:839} INFO - DAG(s) dict_keys(['example_sla_dag']) retrieved from /home/airflow/.local/lib/python3.8/site-packages/airflow/example_dags/example_sla_dag.py
[2023-12-04T12:07:48.194+0000] {logging_mixin.py:154} INFO - [2023-12-04T12:07:48.194+0000] {dag.py:2941} INFO - Sync 1 DAGs
[2023-12-04T12:07:48.234+0000] {logging_mixin.py:154} INFO - [2023-12-04T12:07:48.234+0000] {dag.py:3722} INFO - Setting next_dagrun for example_sla_dag to 2023-12-04T12:04:00+00:00, run_after=2023-12-04T12:06:00+00:00
[2023-12-04T12:07:48.271+0000] {processor.py:179} INFO - Processing /home/airflow/.local/lib/python3.8/site-packages/airflow/example_dags/example_sla_dag.py took 0.139 seconds
[2023-12-04T12:08:19.069+0000] {processor.py:157} INFO - Started process (PID=676) to work on /home/airflow/.local/lib/python3.8/site-packages/airflow/example_dags/example_sla_dag.py
[2023-12-04T12:08:19.071+0000] {processor.py:829} INFO - Processing file /home/airflow/.local/lib/python3.8/site-packages/airflow/example_dags/example_sla_dag.py for tasks to queue
[2023-12-04T12:08:19.075+0000] {logging_mixin.py:154} INFO - [2023-12-04T12:08:19.075+0000] {dagbag.py:536} INFO - Filling up the DagBag from /home/airflow/.local/lib/python3.8/site-packages/airflow/example_dags/example_sla_dag.py
[2023-12-04T12:08:19.091+0000] {processor.py:839} INFO - DAG(s) dict_keys(['example_sla_dag']) retrieved from /home/airflow/.local/lib/python3.8/site-packages/airflow/example_dags/example_sla_dag.py
[2023-12-04T12:08:19.124+0000] {logging_mixin.py:154} INFO - [2023-12-04T12:08:19.124+0000] {dag.py:2941} INFO - Sync 1 DAGs
[2023-12-04T12:08:19.164+0000] {logging_mixin.py:154} INFO - [2023-12-04T12:08:19.164+0000] {dag.py:3722} INFO - Setting next_dagrun for example_sla_dag to 2023-12-04T12:06:00+00:00, run_after=2023-12-04T12:08:00+00:00
[2023-12-04T12:08:19.197+0000] {processor.py:179} INFO - Processing /home/airflow/.local/lib/python3.8/site-packages/airflow/example_dags/example_sla_dag.py took 0.135 seconds
[2023-12-04T12:08:49.317+0000] {processor.py:157} INFO - Started process (PID=730) to work on /home/airflow/.local/lib/python3.8/site-packages/airflow/example_dags/example_sla_dag.py
[2023-12-04T12:08:49.320+0000] {processor.py:829} INFO - Processing file /home/airflow/.local/lib/python3.8/site-packages/airflow/example_dags/example_sla_dag.py for tasks to queue
[2023-12-04T12:08:49.324+0000] {logging_mixin.py:154} INFO - [2023-12-04T12:08:49.324+0000] {dagbag.py:536} INFO - Filling up the DagBag from /home/airflow/.local/lib/python3.8/site-packages/airflow/example_dags/example_sla_dag.py
[2023-12-04T12:08:49.338+0000] {processor.py:839} INFO - DAG(s) dict_keys(['example_sla_dag']) retrieved from /home/airflow/.local/lib/python3.8/site-packages/airflow/example_dags/example_sla_dag.py
[2023-12-04T12:08:49.375+0000] {logging_mixin.py:154} INFO - [2023-12-04T12:08:49.374+0000] {dag.py:2941} INFO - Sync 1 DAGs
[2023-12-04T12:08:49.419+0000] {logging_mixin.py:154} INFO - [2023-12-04T12:08:49.419+0000] {dag.py:3722} INFO - Setting next_dagrun for example_sla_dag to 2023-12-04T12:06:00+00:00, run_after=2023-12-04T12:08:00+00:00
[2023-12-04T12:08:49.458+0000] {processor.py:179} INFO - Processing /home/airflow/.local/lib/python3.8/site-packages/airflow/example_dags/example_sla_dag.py took 0.147 seconds
[2023-12-04T12:09:19.947+0000] {processor.py:157} INFO - Started process (PID=784) to work on /home/airflow/.local/lib/python3.8/site-packages/airflow/example_dags/example_sla_dag.py
[2023-12-04T12:09:19.951+0000] {processor.py:829} INFO - Processing file /home/airflow/.local/lib/python3.8/site-packages/airflow/example_dags/example_sla_dag.py for tasks to queue
[2023-12-04T12:09:19.957+0000] {logging_mixin.py:154} INFO - [2023-12-04T12:09:19.957+0000] {dagbag.py:536} INFO - Filling up the DagBag from /home/airflow/.local/lib/python3.8/site-packages/airflow/example_dags/example_sla_dag.py
[2023-12-04T12:09:19.972+0000] {processor.py:839} INFO - DAG(s) dict_keys(['example_sla_dag']) retrieved from /home/airflow/.local/lib/python3.8/site-packages/airflow/example_dags/example_sla_dag.py
[2023-12-04T12:09:20.018+0000] {logging_mixin.py:154} INFO - [2023-12-04T12:09:20.017+0000] {dag.py:2941} INFO - Sync 1 DAGs
[2023-12-04T12:09:20.059+0000] {logging_mixin.py:154} INFO - [2023-12-04T12:09:20.058+0000] {dag.py:3722} INFO - Setting next_dagrun for example_sla_dag to 2023-12-04T12:06:00+00:00, run_after=2023-12-04T12:08:00+00:00
[2023-12-04T12:09:20.095+0000] {processor.py:179} INFO - Processing /home/airflow/.local/lib/python3.8/site-packages/airflow/example_dags/example_sla_dag.py took 0.155 seconds
[2023-12-04T12:09:50.260+0000] {processor.py:157} INFO - Started process (PID=839) to work on /home/airflow/.local/lib/python3.8/site-packages/airflow/example_dags/example_sla_dag.py
[2023-12-04T12:09:50.263+0000] {processor.py:829} INFO - Processing file /home/airflow/.local/lib/python3.8/site-packages/airflow/example_dags/example_sla_dag.py for tasks to queue
[2023-12-04T12:09:50.267+0000] {logging_mixin.py:154} INFO - [2023-12-04T12:09:50.267+0000] {dagbag.py:536} INFO - Filling up the DagBag from /home/airflow/.local/lib/python3.8/site-packages/airflow/example_dags/example_sla_dag.py
[2023-12-04T12:09:50.282+0000] {processor.py:839} INFO - DAG(s) dict_keys(['example_sla_dag']) retrieved from /home/airflow/.local/lib/python3.8/site-packages/airflow/example_dags/example_sla_dag.py
[2023-12-04T12:09:50.319+0000] {logging_mixin.py:154} INFO - [2023-12-04T12:09:50.319+0000] {dag.py:2941} INFO - Sync 1 DAGs
[2023-12-04T12:09:50.366+0000] {logging_mixin.py:154} INFO - [2023-12-04T12:09:50.362+0000] {dag.py:3722} INFO - Setting next_dagrun for example_sla_dag to 2023-12-04T12:06:00+00:00, run_after=2023-12-04T12:08:00+00:00
[2023-12-04T12:09:50.410+0000] {processor.py:179} INFO - Processing /home/airflow/.local/lib/python3.8/site-packages/airflow/example_dags/example_sla_dag.py took 0.157 seconds
[2023-12-04T12:10:20.597+0000] {processor.py:157} INFO - Started process (PID=893) to work on /home/airflow/.local/lib/python3.8/site-packages/airflow/example_dags/example_sla_dag.py
[2023-12-04T12:10:20.599+0000] {processor.py:829} INFO - Processing file /home/airflow/.local/lib/python3.8/site-packages/airflow/example_dags/example_sla_dag.py for tasks to queue
[2023-12-04T12:10:20.604+0000] {logging_mixin.py:154} INFO - [2023-12-04T12:10:20.604+0000] {dagbag.py:536} INFO - Filling up the DagBag from /home/airflow/.local/lib/python3.8/site-packages/airflow/example_dags/example_sla_dag.py
[2023-12-04T12:10:20.619+0000] {processor.py:839} INFO - DAG(s) dict_keys(['example_sla_dag']) retrieved from /home/airflow/.local/lib/python3.8/site-packages/airflow/example_dags/example_sla_dag.py
[2023-12-04T12:10:20.653+0000] {logging_mixin.py:154} INFO - [2023-12-04T12:10:20.653+0000] {dag.py:2941} INFO - Sync 1 DAGs
[2023-12-04T12:10:20.694+0000] {logging_mixin.py:154} INFO - [2023-12-04T12:10:20.694+0000] {dag.py:3722} INFO - Setting next_dagrun for example_sla_dag to 2023-12-04T12:08:00+00:00, run_after=2023-12-04T12:10:00+00:00
[2023-12-04T12:10:20.733+0000] {processor.py:179} INFO - Processing /home/airflow/.local/lib/python3.8/site-packages/airflow/example_dags/example_sla_dag.py took 0.143 seconds
[2023-12-04T12:10:51.161+0000] {processor.py:157} INFO - Started process (PID=948) to work on /home/airflow/.local/lib/python3.8/site-packages/airflow/example_dags/example_sla_dag.py
[2023-12-04T12:10:51.163+0000] {processor.py:829} INFO - Processing file /home/airflow/.local/lib/python3.8/site-packages/airflow/example_dags/example_sla_dag.py for tasks to queue
[2023-12-04T12:10:51.168+0000] {logging_mixin.py:154} INFO - [2023-12-04T12:10:51.167+0000] {dagbag.py:536} INFO - Filling up the DagBag from /home/airflow/.local/lib/python3.8/site-packages/airflow/example_dags/example_sla_dag.py
[2023-12-04T12:10:51.185+0000] {processor.py:839} INFO - DAG(s) dict_keys(['example_sla_dag']) retrieved from /home/airflow/.local/lib/python3.8/site-packages/airflow/example_dags/example_sla_dag.py
[2023-12-04T12:10:51.221+0000] {logging_mixin.py:154} INFO - [2023-12-04T12:10:51.221+0000] {dag.py:2941} INFO - Sync 1 DAGs
[2023-12-04T12:10:51.268+0000] {logging_mixin.py:154} INFO - [2023-12-04T12:10:51.267+0000] {dag.py:3722} INFO - Setting next_dagrun for example_sla_dag to 2023-12-04T12:08:00+00:00, run_after=2023-12-04T12:10:00+00:00
[2023-12-04T12:10:51.300+0000] {processor.py:179} INFO - Processing /home/airflow/.local/lib/python3.8/site-packages/airflow/example_dags/example_sla_dag.py took 0.145 seconds
[2023-12-04T12:11:21.631+0000] {processor.py:157} INFO - Started process (PID=1002) to work on /home/airflow/.local/lib/python3.8/site-packages/airflow/example_dags/example_sla_dag.py
[2023-12-04T12:11:21.634+0000] {processor.py:829} INFO - Processing file /home/airflow/.local/lib/python3.8/site-packages/airflow/example_dags/example_sla_dag.py for tasks to queue
[2023-12-04T12:11:21.641+0000] {logging_mixin.py:154} INFO - [2023-12-04T12:11:21.640+0000] {dagbag.py:536} INFO - Filling up the DagBag from /home/airflow/.local/lib/python3.8/site-packages/airflow/example_dags/example_sla_dag.py
[2023-12-04T12:11:21.656+0000] {processor.py:839} INFO - DAG(s) dict_keys(['example_sla_dag']) retrieved from /home/airflow/.local/lib/python3.8/site-packages/airflow/example_dags/example_sla_dag.py
[2023-12-04T12:11:21.696+0000] {logging_mixin.py:154} INFO - [2023-12-04T12:11:21.696+0000] {dag.py:2941} INFO - Sync 1 DAGs
[2023-12-04T12:11:21.744+0000] {logging_mixin.py:154} INFO - [2023-12-04T12:11:21.743+0000] {dag.py:3722} INFO - Setting next_dagrun for example_sla_dag to 2023-12-04T12:08:00+00:00, run_after=2023-12-04T12:10:00+00:00
[2023-12-04T12:11:21.773+0000] {processor.py:179} INFO - Processing /home/airflow/.local/lib/python3.8/site-packages/airflow/example_dags/example_sla_dag.py took 0.150 seconds
[2023-12-04T12:11:52.317+0000] {processor.py:157} INFO - Started process (PID=1056) to work on /home/airflow/.local/lib/python3.8/site-packages/airflow/example_dags/example_sla_dag.py
[2023-12-04T12:11:52.320+0000] {processor.py:829} INFO - Processing file /home/airflow/.local/lib/python3.8/site-packages/airflow/example_dags/example_sla_dag.py for tasks to queue
[2023-12-04T12:11:52.325+0000] {logging_mixin.py:154} INFO - [2023-12-04T12:11:52.324+0000] {dagbag.py:536} INFO - Filling up the DagBag from /home/airflow/.local/lib/python3.8/site-packages/airflow/example_dags/example_sla_dag.py
[2023-12-04T12:11:52.340+0000] {processor.py:839} INFO - DAG(s) dict_keys(['example_sla_dag']) retrieved from /home/airflow/.local/lib/python3.8/site-packages/airflow/example_dags/example_sla_dag.py
[2023-12-04T12:11:52.374+0000] {logging_mixin.py:154} INFO - [2023-12-04T12:11:52.373+0000] {dag.py:2941} INFO - Sync 1 DAGs
[2023-12-04T12:11:52.415+0000] {logging_mixin.py:154} INFO - [2023-12-04T12:11:52.415+0000] {dag.py:3722} INFO - Setting next_dagrun for example_sla_dag to 2023-12-04T12:08:00+00:00, run_after=2023-12-04T12:10:00+00:00
[2023-12-04T12:11:52.447+0000] {processor.py:179} INFO - Processing /home/airflow/.local/lib/python3.8/site-packages/airflow/example_dags/example_sla_dag.py took 0.137 seconds
[2023-12-04T12:12:22.753+0000] {processor.py:157} INFO - Started process (PID=1110) to work on /home/airflow/.local/lib/python3.8/site-packages/airflow/example_dags/example_sla_dag.py
[2023-12-04T12:12:22.755+0000] {processor.py:829} INFO - Processing file /home/airflow/.local/lib/python3.8/site-packages/airflow/example_dags/example_sla_dag.py for tasks to queue
[2023-12-04T12:12:22.759+0000] {logging_mixin.py:154} INFO - [2023-12-04T12:12:22.759+0000] {dagbag.py:536} INFO - Filling up the DagBag from /home/airflow/.local/lib/python3.8/site-packages/airflow/example_dags/example_sla_dag.py
[2023-12-04T12:12:22.774+0000] {processor.py:839} INFO - DAG(s) dict_keys(['example_sla_dag']) retrieved from /home/airflow/.local/lib/python3.8/site-packages/airflow/example_dags/example_sla_dag.py
[2023-12-04T12:12:22.809+0000] {logging_mixin.py:154} INFO - [2023-12-04T12:12:22.809+0000] {dag.py:2941} INFO - Sync 1 DAGs
[2023-12-04T12:12:22.857+0000] {logging_mixin.py:154} INFO - [2023-12-04T12:12:22.856+0000] {dag.py:3722} INFO - Setting next_dagrun for example_sla_dag to 2023-12-04T12:10:00+00:00, run_after=2023-12-04T12:12:00+00:00
[2023-12-04T12:12:22.892+0000] {processor.py:179} INFO - Processing /home/airflow/.local/lib/python3.8/site-packages/airflow/example_dags/example_sla_dag.py took 0.146 seconds
[2023-12-04T12:12:53.366+0000] {processor.py:157} INFO - Started process (PID=1164) to work on /home/airflow/.local/lib/python3.8/site-packages/airflow/example_dags/example_sla_dag.py
[2023-12-04T12:12:53.369+0000] {processor.py:829} INFO - Processing file /home/airflow/.local/lib/python3.8/site-packages/airflow/example_dags/example_sla_dag.py for tasks to queue
[2023-12-04T12:12:53.373+0000] {logging_mixin.py:154} INFO - [2023-12-04T12:12:53.372+0000] {dagbag.py:536} INFO - Filling up the DagBag from /home/airflow/.local/lib/python3.8/site-packages/airflow/example_dags/example_sla_dag.py
[2023-12-04T12:12:53.390+0000] {processor.py:839} INFO - DAG(s) dict_keys(['example_sla_dag']) retrieved from /home/airflow/.local/lib/python3.8/site-packages/airflow/example_dags/example_sla_dag.py
[2023-12-04T12:12:53.459+0000] {logging_mixin.py:154} INFO - [2023-12-04T12:12:53.458+0000] {dag.py:2941} INFO - Sync 1 DAGs
[2023-12-04T12:12:53.512+0000] {logging_mixin.py:154} INFO - [2023-12-04T12:12:53.512+0000] {dag.py:3722} INFO - Setting next_dagrun for example_sla_dag to 2023-12-04T12:10:00+00:00, run_after=2023-12-04T12:12:00+00:00
[2023-12-04T12:12:53.544+0000] {processor.py:179} INFO - Processing /home/airflow/.local/lib/python3.8/site-packages/airflow/example_dags/example_sla_dag.py took 0.191 seconds
[2023-12-04T12:13:23.797+0000] {processor.py:157} INFO - Started process (PID=1225) to work on /home/airflow/.local/lib/python3.8/site-packages/airflow/example_dags/example_sla_dag.py
[2023-12-04T12:13:23.799+0000] {processor.py:829} INFO - Processing file /home/airflow/.local/lib/python3.8/site-packages/airflow/example_dags/example_sla_dag.py for tasks to queue
[2023-12-04T12:13:23.803+0000] {logging_mixin.py:154} INFO - [2023-12-04T12:13:23.803+0000] {dagbag.py:536} INFO - Filling up the DagBag from /home/airflow/.local/lib/python3.8/site-packages/airflow/example_dags/example_sla_dag.py
[2023-12-04T12:13:23.818+0000] {processor.py:839} INFO - DAG(s) dict_keys(['example_sla_dag']) retrieved from /home/airflow/.local/lib/python3.8/site-packages/airflow/example_dags/example_sla_dag.py
[2023-12-04T12:13:23.851+0000] {logging_mixin.py:154} INFO - [2023-12-04T12:13:23.851+0000] {dag.py:2941} INFO - Sync 1 DAGs
[2023-12-04T12:13:23.892+0000] {logging_mixin.py:154} INFO - [2023-12-04T12:13:23.892+0000] {dag.py:3722} INFO - Setting next_dagrun for example_sla_dag to 2023-12-04T12:10:00+00:00, run_after=2023-12-04T12:12:00+00:00
[2023-12-04T12:13:23.929+0000] {processor.py:179} INFO - Processing /home/airflow/.local/lib/python3.8/site-packages/airflow/example_dags/example_sla_dag.py took 0.139 seconds
[2023-12-04T12:13:54.274+0000] {processor.py:157} INFO - Started process (PID=1279) to work on /home/airflow/.local/lib/python3.8/site-packages/airflow/example_dags/example_sla_dag.py
[2023-12-04T12:13:54.276+0000] {processor.py:829} INFO - Processing file /home/airflow/.local/lib/python3.8/site-packages/airflow/example_dags/example_sla_dag.py for tasks to queue
[2023-12-04T12:13:54.284+0000] {logging_mixin.py:154} INFO - [2023-12-04T12:13:54.284+0000] {dagbag.py:536} INFO - Filling up the DagBag from /home/airflow/.local/lib/python3.8/site-packages/airflow/example_dags/example_sla_dag.py
[2023-12-04T12:13:54.303+0000] {processor.py:839} INFO - DAG(s) dict_keys(['example_sla_dag']) retrieved from /home/airflow/.local/lib/python3.8/site-packages/airflow/example_dags/example_sla_dag.py
[2023-12-04T12:13:54.350+0000] {logging_mixin.py:154} INFO - [2023-12-04T12:13:54.350+0000] {dag.py:2941} INFO - Sync 1 DAGs
[2023-12-04T12:13:54.403+0000] {logging_mixin.py:154} INFO - [2023-12-04T12:13:54.402+0000] {dag.py:3722} INFO - Setting next_dagrun for example_sla_dag to 2023-12-04T12:10:00+00:00, run_after=2023-12-04T12:12:00+00:00
[2023-12-04T12:13:54.438+0000] {processor.py:179} INFO - Processing /home/airflow/.local/lib/python3.8/site-packages/airflow/example_dags/example_sla_dag.py took 0.175 seconds
[2023-12-04T12:14:24.898+0000] {processor.py:157} INFO - Started process (PID=1331) to work on /home/airflow/.local/lib/python3.8/site-packages/airflow/example_dags/example_sla_dag.py
[2023-12-04T12:14:24.900+0000] {processor.py:829} INFO - Processing file /home/airflow/.local/lib/python3.8/site-packages/airflow/example_dags/example_sla_dag.py for tasks to queue
[2023-12-04T12:14:24.905+0000] {logging_mixin.py:154} INFO - [2023-12-04T12:14:24.904+0000] {dagbag.py:536} INFO - Filling up the DagBag from /home/airflow/.local/lib/python3.8/site-packages/airflow/example_dags/example_sla_dag.py
[2023-12-04T12:14:24.920+0000] {processor.py:839} INFO - DAG(s) dict_keys(['example_sla_dag']) retrieved from /home/airflow/.local/lib/python3.8/site-packages/airflow/example_dags/example_sla_dag.py
[2023-12-04T12:14:24.954+0000] {logging_mixin.py:154} INFO - [2023-12-04T12:14:24.954+0000] {dag.py:2941} INFO - Sync 1 DAGs
[2023-12-04T12:14:24.993+0000] {logging_mixin.py:154} INFO - [2023-12-04T12:14:24.992+0000] {dag.py:3722} INFO - Setting next_dagrun for example_sla_dag to 2023-12-04T12:12:00+00:00, run_after=2023-12-04T12:14:00+00:00
[2023-12-04T12:14:25.025+0000] {processor.py:179} INFO - Processing /home/airflow/.local/lib/python3.8/site-packages/airflow/example_dags/example_sla_dag.py took 0.134 seconds
[2023-12-04T12:14:55.230+0000] {processor.py:157} INFO - Started process (PID=1385) to work on /home/airflow/.local/lib/python3.8/site-packages/airflow/example_dags/example_sla_dag.py
[2023-12-04T12:14:55.233+0000] {processor.py:829} INFO - Processing file /home/airflow/.local/lib/python3.8/site-packages/airflow/example_dags/example_sla_dag.py for tasks to queue
[2023-12-04T12:14:55.237+0000] {logging_mixin.py:154} INFO - [2023-12-04T12:14:55.237+0000] {dagbag.py:536} INFO - Filling up the DagBag from /home/airflow/.local/lib/python3.8/site-packages/airflow/example_dags/example_sla_dag.py
[2023-12-04T12:14:55.251+0000] {processor.py:839} INFO - DAG(s) dict_keys(['example_sla_dag']) retrieved from /home/airflow/.local/lib/python3.8/site-packages/airflow/example_dags/example_sla_dag.py
[2023-12-04T12:14:55.286+0000] {logging_mixin.py:154} INFO - [2023-12-04T12:14:55.286+0000] {dag.py:2941} INFO - Sync 1 DAGs
[2023-12-04T12:14:55.326+0000] {logging_mixin.py:154} INFO - [2023-12-04T12:14:55.325+0000] {dag.py:3722} INFO - Setting next_dagrun for example_sla_dag to 2023-12-04T12:12:00+00:00, run_after=2023-12-04T12:14:00+00:00
[2023-12-04T12:14:55.358+0000] {processor.py:179} INFO - Processing /home/airflow/.local/lib/python3.8/site-packages/airflow/example_dags/example_sla_dag.py took 0.135 seconds
[2023-12-04T12:15:26.131+0000] {processor.py:157} INFO - Started process (PID=1439) to work on /home/airflow/.local/lib/python3.8/site-packages/airflow/example_dags/example_sla_dag.py
[2023-12-04T12:15:26.135+0000] {processor.py:829} INFO - Processing file /home/airflow/.local/lib/python3.8/site-packages/airflow/example_dags/example_sla_dag.py for tasks to queue
[2023-12-04T12:15:26.140+0000] {logging_mixin.py:154} INFO - [2023-12-04T12:15:26.140+0000] {dagbag.py:536} INFO - Filling up the DagBag from /home/airflow/.local/lib/python3.8/site-packages/airflow/example_dags/example_sla_dag.py
[2023-12-04T12:15:26.159+0000] {processor.py:839} INFO - DAG(s) dict_keys(['example_sla_dag']) retrieved from /home/airflow/.local/lib/python3.8/site-packages/airflow/example_dags/example_sla_dag.py
[2023-12-04T12:15:26.205+0000] {logging_mixin.py:154} INFO - [2023-12-04T12:15:26.205+0000] {dag.py:2941} INFO - Sync 1 DAGs
[2023-12-04T12:15:26.248+0000] {logging_mixin.py:154} INFO - [2023-12-04T12:15:26.248+0000] {dag.py:3722} INFO - Setting next_dagrun for example_sla_dag to 2023-12-04T12:12:00+00:00, run_after=2023-12-04T12:14:00+00:00
[2023-12-04T12:15:26.296+0000] {processor.py:179} INFO - Processing /home/airflow/.local/lib/python3.8/site-packages/airflow/example_dags/example_sla_dag.py took 0.173 seconds
[2023-12-04T12:15:56.998+0000] {processor.py:157} INFO - Started process (PID=1493) to work on /home/airflow/.local/lib/python3.8/site-packages/airflow/example_dags/example_sla_dag.py
[2023-12-04T12:15:57.000+0000] {processor.py:829} INFO - Processing file /home/airflow/.local/lib/python3.8/site-packages/airflow/example_dags/example_sla_dag.py for tasks to queue
[2023-12-04T12:15:57.005+0000] {logging_mixin.py:154} INFO - [2023-12-04T12:15:57.004+0000] {dagbag.py:536} INFO - Filling up the DagBag from /home/airflow/.local/lib/python3.8/site-packages/airflow/example_dags/example_sla_dag.py
[2023-12-04T12:15:57.019+0000] {processor.py:839} INFO - DAG(s) dict_keys(['example_sla_dag']) retrieved from /home/airflow/.local/lib/python3.8/site-packages/airflow/example_dags/example_sla_dag.py
[2023-12-04T12:15:57.054+0000] {logging_mixin.py:154} INFO - [2023-12-04T12:15:57.054+0000] {dag.py:2941} INFO - Sync 1 DAGs
[2023-12-04T12:15:57.096+0000] {logging_mixin.py:154} INFO - [2023-12-04T12:15:57.096+0000] {dag.py:3722} INFO - Setting next_dagrun for example_sla_dag to 2023-12-04T12:12:00+00:00, run_after=2023-12-04T12:14:00+00:00
[2023-12-04T12:15:57.135+0000] {processor.py:179} INFO - Processing /home/airflow/.local/lib/python3.8/site-packages/airflow/example_dags/example_sla_dag.py took 0.143 seconds
[2023-12-04T12:16:27.785+0000] {processor.py:157} INFO - Started process (PID=1547) to work on /home/airflow/.local/lib/python3.8/site-packages/airflow/example_dags/example_sla_dag.py
[2023-12-04T12:16:27.787+0000] {processor.py:829} INFO - Processing file /home/airflow/.local/lib/python3.8/site-packages/airflow/example_dags/example_sla_dag.py for tasks to queue
[2023-12-04T12:16:27.792+0000] {logging_mixin.py:154} INFO - [2023-12-04T12:16:27.791+0000] {dagbag.py:536} INFO - Filling up the DagBag from /home/airflow/.local/lib/python3.8/site-packages/airflow/example_dags/example_sla_dag.py
[2023-12-04T12:16:27.805+0000] {processor.py:839} INFO - DAG(s) dict_keys(['example_sla_dag']) retrieved from /home/airflow/.local/lib/python3.8/site-packages/airflow/example_dags/example_sla_dag.py
[2023-12-04T12:16:27.837+0000] {logging_mixin.py:154} INFO - [2023-12-04T12:16:27.837+0000] {dag.py:2941} INFO - Sync 1 DAGs
[2023-12-04T12:16:27.878+0000] {logging_mixin.py:154} INFO - [2023-12-04T12:16:27.878+0000] {dag.py:3722} INFO - Setting next_dagrun for example_sla_dag to 2023-12-04T12:14:00+00:00, run_after=2023-12-04T12:16:00+00:00
[2023-12-04T12:16:27.917+0000] {processor.py:179} INFO - Processing /home/airflow/.local/lib/python3.8/site-packages/airflow/example_dags/example_sla_dag.py took 0.138 seconds
[2023-12-04T12:16:58.446+0000] {processor.py:157} INFO - Started process (PID=1601) to work on /home/airflow/.local/lib/python3.8/site-packages/airflow/example_dags/example_sla_dag.py
[2023-12-04T12:16:58.448+0000] {processor.py:829} INFO - Processing file /home/airflow/.local/lib/python3.8/site-packages/airflow/example_dags/example_sla_dag.py for tasks to queue
[2023-12-04T12:16:58.452+0000] {logging_mixin.py:154} INFO - [2023-12-04T12:16:58.452+0000] {dagbag.py:536} INFO - Filling up the DagBag from /home/airflow/.local/lib/python3.8/site-packages/airflow/example_dags/example_sla_dag.py
[2023-12-04T12:16:58.470+0000] {processor.py:839} INFO - DAG(s) dict_keys(['example_sla_dag']) retrieved from /home/airflow/.local/lib/python3.8/site-packages/airflow/example_dags/example_sla_dag.py
[2023-12-04T12:16:58.507+0000] {logging_mixin.py:154} INFO - [2023-12-04T12:16:58.506+0000] {dag.py:2941} INFO - Sync 1 DAGs
[2023-12-04T12:16:58.555+0000] {logging_mixin.py:154} INFO - [2023-12-04T12:16:58.554+0000] {dag.py:3722} INFO - Setting next_dagrun for example_sla_dag to 2023-12-04T12:14:00+00:00, run_after=2023-12-04T12:16:00+00:00
[2023-12-04T12:16:58.591+0000] {processor.py:179} INFO - Processing /home/airflow/.local/lib/python3.8/site-packages/airflow/example_dags/example_sla_dag.py took 0.152 seconds
[2023-12-04T12:17:29.786+0000] {processor.py:157} INFO - Started process (PID=1655) to work on /home/airflow/.local/lib/python3.8/site-packages/airflow/example_dags/example_sla_dag.py
[2023-12-04T12:17:29.789+0000] {processor.py:829} INFO - Processing file /home/airflow/.local/lib/python3.8/site-packages/airflow/example_dags/example_sla_dag.py for tasks to queue
[2023-12-04T12:17:29.793+0000] {logging_mixin.py:154} INFO - [2023-12-04T12:17:29.792+0000] {dagbag.py:536} INFO - Filling up the DagBag from /home/airflow/.local/lib/python3.8/site-packages/airflow/example_dags/example_sla_dag.py
[2023-12-04T12:17:29.807+0000] {processor.py:839} INFO - DAG(s) dict_keys(['example_sla_dag']) retrieved from /home/airflow/.local/lib/python3.8/site-packages/airflow/example_dags/example_sla_dag.py
[2023-12-04T12:17:29.840+0000] {logging_mixin.py:154} INFO - [2023-12-04T12:17:29.840+0000] {dag.py:2941} INFO - Sync 1 DAGs
[2023-12-04T12:17:29.884+0000] {logging_mixin.py:154} INFO - [2023-12-04T12:17:29.884+0000] {dag.py:3722} INFO - Setting next_dagrun for example_sla_dag to 2023-12-04T12:14:00+00:00, run_after=2023-12-04T12:16:00+00:00
[2023-12-04T12:17:29.922+0000] {processor.py:179} INFO - Processing /home/airflow/.local/lib/python3.8/site-packages/airflow/example_dags/example_sla_dag.py took 0.142 seconds
[2023-12-04T12:18:00.083+0000] {processor.py:157} INFO - Started process (PID=1709) to work on /home/airflow/.local/lib/python3.8/site-packages/airflow/example_dags/example_sla_dag.py
[2023-12-04T12:18:00.085+0000] {processor.py:829} INFO - Processing file /home/airflow/.local/lib/python3.8/site-packages/airflow/example_dags/example_sla_dag.py for tasks to queue
[2023-12-04T12:18:00.090+0000] {logging_mixin.py:154} INFO - [2023-12-04T12:18:00.090+0000] {dagbag.py:536} INFO - Filling up the DagBag from /home/airflow/.local/lib/python3.8/site-packages/airflow/example_dags/example_sla_dag.py
[2023-12-04T12:18:00.116+0000] {processor.py:839} INFO - DAG(s) dict_keys(['example_sla_dag']) retrieved from /home/airflow/.local/lib/python3.8/site-packages/airflow/example_dags/example_sla_dag.py
[2023-12-04T12:18:00.152+0000] {logging_mixin.py:154} INFO - [2023-12-04T12:18:00.151+0000] {dag.py:2941} INFO - Sync 1 DAGs
[2023-12-04T12:18:00.193+0000] {logging_mixin.py:154} INFO - [2023-12-04T12:18:00.193+0000] {dag.py:3722} INFO - Setting next_dagrun for example_sla_dag to 2023-12-04T12:16:00+00:00, run_after=2023-12-04T12:18:00+00:00
[2023-12-04T12:18:00.228+0000] {processor.py:179} INFO - Processing /home/airflow/.local/lib/python3.8/site-packages/airflow/example_dags/example_sla_dag.py took 0.152 seconds
[2023-12-04T12:18:30.592+0000] {processor.py:157} INFO - Started process (PID=1763) to work on /home/airflow/.local/lib/python3.8/site-packages/airflow/example_dags/example_sla_dag.py
[2023-12-04T12:18:30.595+0000] {processor.py:829} INFO - Processing file /home/airflow/.local/lib/python3.8/site-packages/airflow/example_dags/example_sla_dag.py for tasks to queue
[2023-12-04T12:18:30.599+0000] {logging_mixin.py:154} INFO - [2023-12-04T12:18:30.599+0000] {dagbag.py:536} INFO - Filling up the DagBag from /home/airflow/.local/lib/python3.8/site-packages/airflow/example_dags/example_sla_dag.py
[2023-12-04T12:18:30.614+0000] {processor.py:839} INFO - DAG(s) dict_keys(['example_sla_dag']) retrieved from /home/airflow/.local/lib/python3.8/site-packages/airflow/example_dags/example_sla_dag.py
[2023-12-04T12:18:30.648+0000] {logging_mixin.py:154} INFO - [2023-12-04T12:18:30.648+0000] {dag.py:2941} INFO - Sync 1 DAGs
[2023-12-04T12:18:30.687+0000] {logging_mixin.py:154} INFO - [2023-12-04T12:18:30.686+0000] {dag.py:3722} INFO - Setting next_dagrun for example_sla_dag to 2023-12-04T12:16:00+00:00, run_after=2023-12-04T12:18:00+00:00
[2023-12-04T12:18:30.718+0000] {processor.py:179} INFO - Processing /home/airflow/.local/lib/python3.8/site-packages/airflow/example_dags/example_sla_dag.py took 0.134 seconds
[2023-12-04T12:19:01.332+0000] {processor.py:157} INFO - Started process (PID=1817) to work on /home/airflow/.local/lib/python3.8/site-packages/airflow/example_dags/example_sla_dag.py
[2023-12-04T12:19:01.342+0000] {processor.py:829} INFO - Processing file /home/airflow/.local/lib/python3.8/site-packages/airflow/example_dags/example_sla_dag.py for tasks to queue
[2023-12-04T12:19:01.364+0000] {logging_mixin.py:154} INFO - [2023-12-04T12:19:01.363+0000] {dagbag.py:536} INFO - Filling up the DagBag from /home/airflow/.local/lib/python3.8/site-packages/airflow/example_dags/example_sla_dag.py
[2023-12-04T12:19:01.492+0000] {processor.py:839} INFO - DAG(s) dict_keys(['example_sla_dag']) retrieved from /home/airflow/.local/lib/python3.8/site-packages/airflow/example_dags/example_sla_dag.py
[2023-12-04T12:19:01.545+0000] {logging_mixin.py:154} INFO - [2023-12-04T12:19:01.545+0000] {dag.py:2941} INFO - Sync 1 DAGs
[2023-12-04T12:19:01.613+0000] {logging_mixin.py:154} INFO - [2023-12-04T12:19:01.613+0000] {dag.py:3722} INFO - Setting next_dagrun for example_sla_dag to 2023-12-04T12:16:00+00:00, run_after=2023-12-04T12:18:00+00:00
[2023-12-04T12:19:01.664+0000] {processor.py:179} INFO - Processing /home/airflow/.local/lib/python3.8/site-packages/airflow/example_dags/example_sla_dag.py took 0.349 seconds
[2023-12-04T12:19:32.673+0000] {processor.py:157} INFO - Started process (PID=1871) to work on /home/airflow/.local/lib/python3.8/site-packages/airflow/example_dags/example_sla_dag.py
[2023-12-04T12:19:32.675+0000] {processor.py:829} INFO - Processing file /home/airflow/.local/lib/python3.8/site-packages/airflow/example_dags/example_sla_dag.py for tasks to queue
[2023-12-04T12:19:32.680+0000] {logging_mixin.py:154} INFO - [2023-12-04T12:19:32.679+0000] {dagbag.py:536} INFO - Filling up the DagBag from /home/airflow/.local/lib/python3.8/site-packages/airflow/example_dags/example_sla_dag.py
[2023-12-04T12:19:32.694+0000] {processor.py:839} INFO - DAG(s) dict_keys(['example_sla_dag']) retrieved from /home/airflow/.local/lib/python3.8/site-packages/airflow/example_dags/example_sla_dag.py
[2023-12-04T12:19:32.727+0000] {logging_mixin.py:154} INFO - [2023-12-04T12:19:32.727+0000] {dag.py:2941} INFO - Sync 1 DAGs
[2023-12-04T12:19:32.767+0000] {logging_mixin.py:154} INFO - [2023-12-04T12:19:32.767+0000] {dag.py:3722} INFO - Setting next_dagrun for example_sla_dag to 2023-12-04T12:16:00+00:00, run_after=2023-12-04T12:18:00+00:00
[2023-12-04T12:19:32.799+0000] {processor.py:179} INFO - Processing /home/airflow/.local/lib/python3.8/site-packages/airflow/example_dags/example_sla_dag.py took 0.131 seconds
[2023-12-04T12:20:03.165+0000] {processor.py:157} INFO - Started process (PID=1926) to work on /home/airflow/.local/lib/python3.8/site-packages/airflow/example_dags/example_sla_dag.py
[2023-12-04T12:20:03.168+0000] {processor.py:829} INFO - Processing file /home/airflow/.local/lib/python3.8/site-packages/airflow/example_dags/example_sla_dag.py for tasks to queue
[2023-12-04T12:20:03.172+0000] {logging_mixin.py:154} INFO - [2023-12-04T12:20:03.172+0000] {dagbag.py:536} INFO - Filling up the DagBag from /home/airflow/.local/lib/python3.8/site-packages/airflow/example_dags/example_sla_dag.py
[2023-12-04T12:20:03.186+0000] {processor.py:839} INFO - DAG(s) dict_keys(['example_sla_dag']) retrieved from /home/airflow/.local/lib/python3.8/site-packages/airflow/example_dags/example_sla_dag.py
[2023-12-04T12:20:03.222+0000] {logging_mixin.py:154} INFO - [2023-12-04T12:20:03.222+0000] {dag.py:2941} INFO - Sync 1 DAGs
[2023-12-04T12:20:03.265+0000] {logging_mixin.py:154} INFO - [2023-12-04T12:20:03.265+0000] {dag.py:3722} INFO - Setting next_dagrun for example_sla_dag to 2023-12-04T12:18:00+00:00, run_after=2023-12-04T12:20:00+00:00
[2023-12-04T12:20:03.309+0000] {processor.py:179} INFO - Processing /home/airflow/.local/lib/python3.8/site-packages/airflow/example_dags/example_sla_dag.py took 0.151 seconds
[2023-12-04T12:20:34.043+0000] {processor.py:157} INFO - Started process (PID=1981) to work on /home/airflow/.local/lib/python3.8/site-packages/airflow/example_dags/example_sla_dag.py
[2023-12-04T12:20:34.045+0000] {processor.py:829} INFO - Processing file /home/airflow/.local/lib/python3.8/site-packages/airflow/example_dags/example_sla_dag.py for tasks to queue
[2023-12-04T12:20:34.050+0000] {logging_mixin.py:154} INFO - [2023-12-04T12:20:34.050+0000] {dagbag.py:536} INFO - Filling up the DagBag from /home/airflow/.local/lib/python3.8/site-packages/airflow/example_dags/example_sla_dag.py
[2023-12-04T12:20:34.065+0000] {processor.py:839} INFO - DAG(s) dict_keys(['example_sla_dag']) retrieved from /home/airflow/.local/lib/python3.8/site-packages/airflow/example_dags/example_sla_dag.py
[2023-12-04T12:20:34.099+0000] {logging_mixin.py:154} INFO - [2023-12-04T12:20:34.099+0000] {dag.py:2941} INFO - Sync 1 DAGs
[2023-12-04T12:20:34.137+0000] {logging_mixin.py:154} INFO - [2023-12-04T12:20:34.137+0000] {dag.py:3722} INFO - Setting next_dagrun for example_sla_dag to 2023-12-04T12:18:00+00:00, run_after=2023-12-04T12:20:00+00:00
[2023-12-04T12:20:34.171+0000] {processor.py:179} INFO - Processing /home/airflow/.local/lib/python3.8/site-packages/airflow/example_dags/example_sla_dag.py took 0.134 seconds
[2023-12-04T12:21:04.419+0000] {processor.py:157} INFO - Started process (PID=2035) to work on /home/airflow/.local/lib/python3.8/site-packages/airflow/example_dags/example_sla_dag.py
[2023-12-04T12:21:04.423+0000] {processor.py:829} INFO - Processing file /home/airflow/.local/lib/python3.8/site-packages/airflow/example_dags/example_sla_dag.py for tasks to queue
[2023-12-04T12:21:04.430+0000] {logging_mixin.py:154} INFO - [2023-12-04T12:21:04.429+0000] {dagbag.py:536} INFO - Filling up the DagBag from /home/airflow/.local/lib/python3.8/site-packages/airflow/example_dags/example_sla_dag.py
[2023-12-04T12:21:04.447+0000] {processor.py:839} INFO - DAG(s) dict_keys(['example_sla_dag']) retrieved from /home/airflow/.local/lib/python3.8/site-packages/airflow/example_dags/example_sla_dag.py
[2023-12-04T12:21:04.487+0000] {logging_mixin.py:154} INFO - [2023-12-04T12:21:04.486+0000] {dag.py:2941} INFO - Sync 1 DAGs
[2023-12-04T12:21:04.526+0000] {logging_mixin.py:154} INFO - [2023-12-04T12:21:04.526+0000] {dag.py:3722} INFO - Setting next_dagrun for example_sla_dag to 2023-12-04T12:18:00+00:00, run_after=2023-12-04T12:20:00+00:00
[2023-12-04T12:21:04.560+0000] {processor.py:179} INFO - Processing /home/airflow/.local/lib/python3.8/site-packages/airflow/example_dags/example_sla_dag.py took 0.150 seconds
[2023-12-04T12:21:34.975+0000] {processor.py:157} INFO - Started process (PID=2088) to work on /home/airflow/.local/lib/python3.8/site-packages/airflow/example_dags/example_sla_dag.py
[2023-12-04T12:21:34.978+0000] {processor.py:829} INFO - Processing file /home/airflow/.local/lib/python3.8/site-packages/airflow/example_dags/example_sla_dag.py for tasks to queue
[2023-12-04T12:21:34.984+0000] {logging_mixin.py:154} INFO - [2023-12-04T12:21:34.984+0000] {dagbag.py:536} INFO - Filling up the DagBag from /home/airflow/.local/lib/python3.8/site-packages/airflow/example_dags/example_sla_dag.py
[2023-12-04T12:21:35.001+0000] {processor.py:839} INFO - DAG(s) dict_keys(['example_sla_dag']) retrieved from /home/airflow/.local/lib/python3.8/site-packages/airflow/example_dags/example_sla_dag.py
[2023-12-04T12:21:35.053+0000] {logging_mixin.py:154} INFO - [2023-12-04T12:21:35.053+0000] {dag.py:2941} INFO - Sync 1 DAGs
[2023-12-04T12:21:35.146+0000] {logging_mixin.py:154} INFO - [2023-12-04T12:21:35.146+0000] {dag.py:3722} INFO - Setting next_dagrun for example_sla_dag to 2023-12-04T12:18:00+00:00, run_after=2023-12-04T12:20:00+00:00
[2023-12-04T12:21:35.212+0000] {processor.py:179} INFO - Processing /home/airflow/.local/lib/python3.8/site-packages/airflow/example_dags/example_sla_dag.py took 0.245 seconds
[2023-12-04T12:22:05.455+0000] {processor.py:157} INFO - Started process (PID=2142) to work on /home/airflow/.local/lib/python3.8/site-packages/airflow/example_dags/example_sla_dag.py
[2023-12-04T12:22:05.458+0000] {processor.py:829} INFO - Processing file /home/airflow/.local/lib/python3.8/site-packages/airflow/example_dags/example_sla_dag.py for tasks to queue
[2023-12-04T12:22:05.472+0000] {logging_mixin.py:154} INFO - [2023-12-04T12:22:05.472+0000] {dagbag.py:536} INFO - Filling up the DagBag from /home/airflow/.local/lib/python3.8/site-packages/airflow/example_dags/example_sla_dag.py
[2023-12-04T12:22:05.488+0000] {processor.py:839} INFO - DAG(s) dict_keys(['example_sla_dag']) retrieved from /home/airflow/.local/lib/python3.8/site-packages/airflow/example_dags/example_sla_dag.py
[2023-12-04T12:22:05.530+0000] {logging_mixin.py:154} INFO - [2023-12-04T12:22:05.530+0000] {dag.py:2941} INFO - Sync 1 DAGs
[2023-12-04T12:22:05.581+0000] {logging_mixin.py:154} INFO - [2023-12-04T12:22:05.581+0000] {dag.py:3722} INFO - Setting next_dagrun for example_sla_dag to 2023-12-04T12:20:00+00:00, run_after=2023-12-04T12:22:00+00:00
[2023-12-04T12:22:05.612+0000] {processor.py:179} INFO - Processing /home/airflow/.local/lib/python3.8/site-packages/airflow/example_dags/example_sla_dag.py took 0.166 seconds
[2023-12-04T12:22:36.002+0000] {processor.py:157} INFO - Started process (PID=2196) to work on /home/airflow/.local/lib/python3.8/site-packages/airflow/example_dags/example_sla_dag.py
[2023-12-04T12:22:36.006+0000] {processor.py:829} INFO - Processing file /home/airflow/.local/lib/python3.8/site-packages/airflow/example_dags/example_sla_dag.py for tasks to queue
[2023-12-04T12:22:36.015+0000] {logging_mixin.py:154} INFO - [2023-12-04T12:22:36.014+0000] {dagbag.py:536} INFO - Filling up the DagBag from /home/airflow/.local/lib/python3.8/site-packages/airflow/example_dags/example_sla_dag.py
[2023-12-04T12:22:36.048+0000] {processor.py:839} INFO - DAG(s) dict_keys(['example_sla_dag']) retrieved from /home/airflow/.local/lib/python3.8/site-packages/airflow/example_dags/example_sla_dag.py
[2023-12-04T12:22:36.090+0000] {logging_mixin.py:154} INFO - [2023-12-04T12:22:36.090+0000] {dag.py:2941} INFO - Sync 1 DAGs
[2023-12-04T12:22:36.135+0000] {logging_mixin.py:154} INFO - [2023-12-04T12:22:36.135+0000] {dag.py:3722} INFO - Setting next_dagrun for example_sla_dag to 2023-12-04T12:20:00+00:00, run_after=2023-12-04T12:22:00+00:00
[2023-12-04T12:22:36.170+0000] {processor.py:179} INFO - Processing /home/airflow/.local/lib/python3.8/site-packages/airflow/example_dags/example_sla_dag.py took 0.176 seconds
[2023-12-04T12:23:06.418+0000] {processor.py:157} INFO - Started process (PID=2248) to work on /home/airflow/.local/lib/python3.8/site-packages/airflow/example_dags/example_sla_dag.py
[2023-12-04T12:23:06.421+0000] {processor.py:829} INFO - Processing file /home/airflow/.local/lib/python3.8/site-packages/airflow/example_dags/example_sla_dag.py for tasks to queue
[2023-12-04T12:23:06.425+0000] {logging_mixin.py:154} INFO - [2023-12-04T12:23:06.424+0000] {dagbag.py:536} INFO - Filling up the DagBag from /home/airflow/.local/lib/python3.8/site-packages/airflow/example_dags/example_sla_dag.py
[2023-12-04T12:23:06.440+0000] {processor.py:839} INFO - DAG(s) dict_keys(['example_sla_dag']) retrieved from /home/airflow/.local/lib/python3.8/site-packages/airflow/example_dags/example_sla_dag.py
[2023-12-04T12:23:06.473+0000] {logging_mixin.py:154} INFO - [2023-12-04T12:23:06.473+0000] {dag.py:2941} INFO - Sync 1 DAGs
[2023-12-04T12:23:06.512+0000] {logging_mixin.py:154} INFO - [2023-12-04T12:23:06.512+0000] {dag.py:3722} INFO - Setting next_dagrun for example_sla_dag to 2023-12-04T12:20:00+00:00, run_after=2023-12-04T12:22:00+00:00
[2023-12-04T12:23:06.540+0000] {processor.py:179} INFO - Processing /home/airflow/.local/lib/python3.8/site-packages/airflow/example_dags/example_sla_dag.py took 0.128 seconds
[2023-12-04T12:23:37.166+0000] {processor.py:157} INFO - Started process (PID=2303) to work on /home/airflow/.local/lib/python3.8/site-packages/airflow/example_dags/example_sla_dag.py
[2023-12-04T12:23:37.169+0000] {processor.py:829} INFO - Processing file /home/airflow/.local/lib/python3.8/site-packages/airflow/example_dags/example_sla_dag.py for tasks to queue
[2023-12-04T12:23:37.173+0000] {logging_mixin.py:154} INFO - [2023-12-04T12:23:37.173+0000] {dagbag.py:536} INFO - Filling up the DagBag from /home/airflow/.local/lib/python3.8/site-packages/airflow/example_dags/example_sla_dag.py
[2023-12-04T12:23:37.186+0000] {processor.py:839} INFO - DAG(s) dict_keys(['example_sla_dag']) retrieved from /home/airflow/.local/lib/python3.8/site-packages/airflow/example_dags/example_sla_dag.py
[2023-12-04T12:23:37.222+0000] {logging_mixin.py:154} INFO - [2023-12-04T12:23:37.221+0000] {dag.py:2941} INFO - Sync 1 DAGs
[2023-12-04T12:23:37.265+0000] {logging_mixin.py:154} INFO - [2023-12-04T12:23:37.265+0000] {dag.py:3722} INFO - Setting next_dagrun for example_sla_dag to 2023-12-04T12:20:00+00:00, run_after=2023-12-04T12:22:00+00:00
[2023-12-04T12:23:37.294+0000] {processor.py:179} INFO - Processing /home/airflow/.local/lib/python3.8/site-packages/airflow/example_dags/example_sla_dag.py took 0.134 seconds
[2023-12-04T12:24:07.965+0000] {processor.py:157} INFO - Started process (PID=2357) to work on /home/airflow/.local/lib/python3.8/site-packages/airflow/example_dags/example_sla_dag.py
[2023-12-04T12:24:07.967+0000] {processor.py:829} INFO - Processing file /home/airflow/.local/lib/python3.8/site-packages/airflow/example_dags/example_sla_dag.py for tasks to queue
[2023-12-04T12:24:07.971+0000] {logging_mixin.py:154} INFO - [2023-12-04T12:24:07.971+0000] {dagbag.py:536} INFO - Filling up the DagBag from /home/airflow/.local/lib/python3.8/site-packages/airflow/example_dags/example_sla_dag.py
[2023-12-04T12:24:07.984+0000] {processor.py:839} INFO - DAG(s) dict_keys(['example_sla_dag']) retrieved from /home/airflow/.local/lib/python3.8/site-packages/airflow/example_dags/example_sla_dag.py
[2023-12-04T12:24:08.016+0000] {logging_mixin.py:154} INFO - [2023-12-04T12:24:08.015+0000] {dag.py:2941} INFO - Sync 1 DAGs
[2023-12-04T12:24:08.272+0000] {logging_mixin.py:154} INFO - [2023-12-04T12:24:08.272+0000] {dag.py:3722} INFO - Setting next_dagrun for example_sla_dag to 2023-12-04T12:22:00+00:00, run_after=2023-12-04T12:24:00+00:00
[2023-12-04T12:24:08.306+0000] {processor.py:179} INFO - Processing /home/airflow/.local/lib/python3.8/site-packages/airflow/example_dags/example_sla_dag.py took 0.353 seconds
[2023-12-04T12:24:38.438+0000] {processor.py:157} INFO - Started process (PID=2411) to work on /home/airflow/.local/lib/python3.8/site-packages/airflow/example_dags/example_sla_dag.py
[2023-12-04T12:24:38.440+0000] {processor.py:829} INFO - Processing file /home/airflow/.local/lib/python3.8/site-packages/airflow/example_dags/example_sla_dag.py for tasks to queue
[2023-12-04T12:24:38.446+0000] {logging_mixin.py:154} INFO - [2023-12-04T12:24:38.445+0000] {dagbag.py:536} INFO - Filling up the DagBag from /home/airflow/.local/lib/python3.8/site-packages/airflow/example_dags/example_sla_dag.py
[2023-12-04T12:24:38.461+0000] {processor.py:839} INFO - DAG(s) dict_keys(['example_sla_dag']) retrieved from /home/airflow/.local/lib/python3.8/site-packages/airflow/example_dags/example_sla_dag.py
[2023-12-04T12:24:38.498+0000] {logging_mixin.py:154} INFO - [2023-12-04T12:24:38.497+0000] {dag.py:2941} INFO - Sync 1 DAGs
[2023-12-04T12:24:38.539+0000] {logging_mixin.py:154} INFO - [2023-12-04T12:24:38.538+0000] {dag.py:3722} INFO - Setting next_dagrun for example_sla_dag to 2023-12-04T12:22:00+00:00, run_after=2023-12-04T12:24:00+00:00
[2023-12-04T12:24:38.571+0000] {processor.py:179} INFO - Processing /home/airflow/.local/lib/python3.8/site-packages/airflow/example_dags/example_sla_dag.py took 0.139 seconds
[2023-12-04T12:25:08.712+0000] {processor.py:157} INFO - Started process (PID=2465) to work on /home/airflow/.local/lib/python3.8/site-packages/airflow/example_dags/example_sla_dag.py
[2023-12-04T12:25:08.714+0000] {processor.py:829} INFO - Processing file /home/airflow/.local/lib/python3.8/site-packages/airflow/example_dags/example_sla_dag.py for tasks to queue
[2023-12-04T12:25:08.718+0000] {logging_mixin.py:154} INFO - [2023-12-04T12:25:08.718+0000] {dagbag.py:536} INFO - Filling up the DagBag from /home/airflow/.local/lib/python3.8/site-packages/airflow/example_dags/example_sla_dag.py
[2023-12-04T12:25:08.733+0000] {processor.py:839} INFO - DAG(s) dict_keys(['example_sla_dag']) retrieved from /home/airflow/.local/lib/python3.8/site-packages/airflow/example_dags/example_sla_dag.py
[2023-12-04T12:25:08.832+0000] {logging_mixin.py:154} INFO - [2023-12-04T12:25:08.831+0000] {dag.py:2941} INFO - Sync 1 DAGs
[2023-12-04T12:25:08.876+0000] {logging_mixin.py:154} INFO - [2023-12-04T12:25:08.875+0000] {dag.py:3722} INFO - Setting next_dagrun for example_sla_dag to 2023-12-04T12:22:00+00:00, run_after=2023-12-04T12:24:00+00:00
[2023-12-04T12:25:08.906+0000] {processor.py:179} INFO - Processing /home/airflow/.local/lib/python3.8/site-packages/airflow/example_dags/example_sla_dag.py took 0.200 seconds
[2023-12-04T12:25:39.265+0000] {processor.py:157} INFO - Started process (PID=2519) to work on /home/airflow/.local/lib/python3.8/site-packages/airflow/example_dags/example_sla_dag.py
[2023-12-04T12:25:39.269+0000] {processor.py:829} INFO - Processing file /home/airflow/.local/lib/python3.8/site-packages/airflow/example_dags/example_sla_dag.py for tasks to queue
[2023-12-04T12:25:39.273+0000] {logging_mixin.py:154} INFO - [2023-12-04T12:25:39.273+0000] {dagbag.py:536} INFO - Filling up the DagBag from /home/airflow/.local/lib/python3.8/site-packages/airflow/example_dags/example_sla_dag.py
[2023-12-04T12:25:39.287+0000] {processor.py:839} INFO - DAG(s) dict_keys(['example_sla_dag']) retrieved from /home/airflow/.local/lib/python3.8/site-packages/airflow/example_dags/example_sla_dag.py
[2023-12-04T12:25:39.330+0000] {logging_mixin.py:154} INFO - [2023-12-04T12:25:39.330+0000] {dag.py:2941} INFO - Sync 1 DAGs
[2023-12-04T12:25:39.599+0000] {logging_mixin.py:154} INFO - [2023-12-04T12:25:39.598+0000] {dag.py:3722} INFO - Setting next_dagrun for example_sla_dag to 2023-12-04T12:22:00+00:00, run_after=2023-12-04T12:24:00+00:00
[2023-12-04T12:25:39.628+0000] {processor.py:179} INFO - Processing /home/airflow/.local/lib/python3.8/site-packages/airflow/example_dags/example_sla_dag.py took 0.369 seconds
[2023-12-04T12:26:09.769+0000] {processor.py:157} INFO - Started process (PID=2574) to work on /home/airflow/.local/lib/python3.8/site-packages/airflow/example_dags/example_sla_dag.py
[2023-12-04T12:26:09.771+0000] {processor.py:829} INFO - Processing file /home/airflow/.local/lib/python3.8/site-packages/airflow/example_dags/example_sla_dag.py for tasks to queue
[2023-12-04T12:26:09.779+0000] {logging_mixin.py:154} INFO - [2023-12-04T12:26:09.778+0000] {dagbag.py:536} INFO - Filling up the DagBag from /home/airflow/.local/lib/python3.8/site-packages/airflow/example_dags/example_sla_dag.py
[2023-12-04T12:26:09.797+0000] {processor.py:839} INFO - DAG(s) dict_keys(['example_sla_dag']) retrieved from /home/airflow/.local/lib/python3.8/site-packages/airflow/example_dags/example_sla_dag.py
[2023-12-04T12:26:09.833+0000] {logging_mixin.py:154} INFO - [2023-12-04T12:26:09.833+0000] {dag.py:2941} INFO - Sync 1 DAGs
[2023-12-04T12:26:09.873+0000] {logging_mixin.py:154} INFO - [2023-12-04T12:26:09.873+0000] {dag.py:3722} INFO - Setting next_dagrun for example_sla_dag to 2023-12-04T12:24:00+00:00, run_after=2023-12-04T12:26:00+00:00
[2023-12-04T12:26:09.904+0000] {processor.py:179} INFO - Processing /home/airflow/.local/lib/python3.8/site-packages/airflow/example_dags/example_sla_dag.py took 0.142 seconds
[2023-12-04T12:26:40.957+0000] {processor.py:157} INFO - Started process (PID=2628) to work on /home/airflow/.local/lib/python3.8/site-packages/airflow/example_dags/example_sla_dag.py
[2023-12-04T12:26:40.960+0000] {processor.py:829} INFO - Processing file /home/airflow/.local/lib/python3.8/site-packages/airflow/example_dags/example_sla_dag.py for tasks to queue
[2023-12-04T12:26:40.964+0000] {logging_mixin.py:154} INFO - [2023-12-04T12:26:40.964+0000] {dagbag.py:536} INFO - Filling up the DagBag from /home/airflow/.local/lib/python3.8/site-packages/airflow/example_dags/example_sla_dag.py
[2023-12-04T12:26:40.979+0000] {processor.py:839} INFO - DAG(s) dict_keys(['example_sla_dag']) retrieved from /home/airflow/.local/lib/python3.8/site-packages/airflow/example_dags/example_sla_dag.py
[2023-12-04T12:26:41.017+0000] {logging_mixin.py:154} INFO - [2023-12-04T12:26:41.016+0000] {dag.py:2941} INFO - Sync 1 DAGs
[2023-12-04T12:26:41.062+0000] {logging_mixin.py:154} INFO - [2023-12-04T12:26:41.062+0000] {dag.py:3722} INFO - Setting next_dagrun for example_sla_dag to 2023-12-04T12:24:00+00:00, run_after=2023-12-04T12:26:00+00:00
[2023-12-04T12:26:41.097+0000] {processor.py:179} INFO - Processing /home/airflow/.local/lib/python3.8/site-packages/airflow/example_dags/example_sla_dag.py took 0.146 seconds
[2023-12-04T12:27:13.344+0000] {processor.py:157} INFO - Started process (PID=2682) to work on /home/airflow/.local/lib/python3.8/site-packages/airflow/example_dags/example_sla_dag.py
[2023-12-04T12:27:13.346+0000] {processor.py:829} INFO - Processing file /home/airflow/.local/lib/python3.8/site-packages/airflow/example_dags/example_sla_dag.py for tasks to queue
[2023-12-04T12:27:13.351+0000] {logging_mixin.py:154} INFO - [2023-12-04T12:27:13.350+0000] {dagbag.py:536} INFO - Filling up the DagBag from /home/airflow/.local/lib/python3.8/site-packages/airflow/example_dags/example_sla_dag.py
[2023-12-04T12:27:13.365+0000] {processor.py:839} INFO - DAG(s) dict_keys(['example_sla_dag']) retrieved from /home/airflow/.local/lib/python3.8/site-packages/airflow/example_dags/example_sla_dag.py
[2023-12-04T12:27:13.398+0000] {logging_mixin.py:154} INFO - [2023-12-04T12:27:13.398+0000] {dag.py:2941} INFO - Sync 1 DAGs
[2023-12-04T12:27:13.632+0000] {logging_mixin.py:154} INFO - [2023-12-04T12:27:13.632+0000] {dag.py:3722} INFO - Setting next_dagrun for example_sla_dag to 2023-12-04T12:24:00+00:00, run_after=2023-12-04T12:26:00+00:00
[2023-12-04T12:27:13.665+0000] {processor.py:179} INFO - Processing /home/airflow/.local/lib/python3.8/site-packages/airflow/example_dags/example_sla_dag.py took 0.326 seconds
[2023-12-04T12:27:44.389+0000] {processor.py:157} INFO - Started process (PID=2736) to work on /home/airflow/.local/lib/python3.8/site-packages/airflow/example_dags/example_sla_dag.py
[2023-12-04T12:27:44.392+0000] {processor.py:829} INFO - Processing file /home/airflow/.local/lib/python3.8/site-packages/airflow/example_dags/example_sla_dag.py for tasks to queue
[2023-12-04T12:27:44.399+0000] {logging_mixin.py:154} INFO - [2023-12-04T12:27:44.399+0000] {dagbag.py:536} INFO - Filling up the DagBag from /home/airflow/.local/lib/python3.8/site-packages/airflow/example_dags/example_sla_dag.py
[2023-12-04T12:27:44.420+0000] {processor.py:839} INFO - DAG(s) dict_keys(['example_sla_dag']) retrieved from /home/airflow/.local/lib/python3.8/site-packages/airflow/example_dags/example_sla_dag.py
[2023-12-04T12:27:44.455+0000] {logging_mixin.py:154} INFO - [2023-12-04T12:27:44.454+0000] {dag.py:2941} INFO - Sync 1 DAGs
[2023-12-04T12:27:44.498+0000] {logging_mixin.py:154} INFO - [2023-12-04T12:27:44.498+0000] {dag.py:3722} INFO - Setting next_dagrun for example_sla_dag to 2023-12-04T12:24:00+00:00, run_after=2023-12-04T12:26:00+00:00
[2023-12-04T12:27:44.534+0000] {processor.py:179} INFO - Processing /home/airflow/.local/lib/python3.8/site-packages/airflow/example_dags/example_sla_dag.py took 0.155 seconds
[2023-12-04T12:28:15.311+0000] {processor.py:157} INFO - Started process (PID=2789) to work on /home/airflow/.local/lib/python3.8/site-packages/airflow/example_dags/example_sla_dag.py
[2023-12-04T12:28:15.315+0000] {processor.py:829} INFO - Processing file /home/airflow/.local/lib/python3.8/site-packages/airflow/example_dags/example_sla_dag.py for tasks to queue
[2023-12-04T12:28:15.321+0000] {logging_mixin.py:154} INFO - [2023-12-04T12:28:15.321+0000] {dagbag.py:536} INFO - Filling up the DagBag from /home/airflow/.local/lib/python3.8/site-packages/airflow/example_dags/example_sla_dag.py
[2023-12-04T12:28:15.346+0000] {processor.py:839} INFO - DAG(s) dict_keys(['example_sla_dag']) retrieved from /home/airflow/.local/lib/python3.8/site-packages/airflow/example_dags/example_sla_dag.py
[2023-12-04T12:28:15.563+0000] {logging_mixin.py:154} INFO - [2023-12-04T12:28:15.563+0000] {dag.py:2941} INFO - Sync 1 DAGs
[2023-12-04T12:28:15.600+0000] {logging_mixin.py:154} INFO - [2023-12-04T12:28:15.599+0000] {dag.py:3722} INFO - Setting next_dagrun for example_sla_dag to 2023-12-04T12:26:00+00:00, run_after=2023-12-04T12:28:00+00:00
[2023-12-04T12:28:15.640+0000] {processor.py:179} INFO - Processing /home/airflow/.local/lib/python3.8/site-packages/airflow/example_dags/example_sla_dag.py took 0.335 seconds
