[2023-12-04T10:19:38.588+0000] {processor.py:157} INFO - Started process (PID=77) to work on /home/airflow/.local/lib/python3.8/site-packages/airflow/example_dags/example_setup_teardown_taskflow.py
[2023-12-04T10:19:38.590+0000] {processor.py:829} INFO - Processing file /home/airflow/.local/lib/python3.8/site-packages/airflow/example_dags/example_setup_teardown_taskflow.py for tasks to queue
[2023-12-04T10:19:38.598+0000] {logging_mixin.py:154} INFO - [2023-12-04T10:19:38.597+0000] {dagbag.py:536} INFO - Filling up the DagBag from /home/airflow/.local/lib/python3.8/site-packages/airflow/example_dags/example_setup_teardown_taskflow.py
[2023-12-04T10:19:38.620+0000] {processor.py:839} INFO - DAG(s) dict_keys(['example_setup_teardown_taskflow']) retrieved from /home/airflow/.local/lib/python3.8/site-packages/airflow/example_dags/example_setup_teardown_taskflow.py
[2023-12-04T10:19:38.660+0000] {logging_mixin.py:154} INFO - [2023-12-04T10:19:38.660+0000] {dag.py:2941} INFO - Sync 1 DAGs
[2023-12-04T10:19:38.703+0000] {logging_mixin.py:154} INFO - [2023-12-04T10:19:38.703+0000] {dag.py:3722} INFO - Setting next_dagrun for example_setup_teardown_taskflow to 2023-12-03T10:19:38.703237+00:00, run_after=2023-12-04T10:19:38.703237+00:00
[2023-12-04T10:19:38.756+0000] {processor.py:179} INFO - Processing /home/airflow/.local/lib/python3.8/site-packages/airflow/example_dags/example_setup_teardown_taskflow.py took 0.177 seconds
[2023-12-04T10:20:09.656+0000] {processor.py:157} INFO - Started process (PID=132) to work on /home/airflow/.local/lib/python3.8/site-packages/airflow/example_dags/example_setup_teardown_taskflow.py
[2023-12-04T10:20:09.854+0000] {processor.py:829} INFO - Processing file /home/airflow/.local/lib/python3.8/site-packages/airflow/example_dags/example_setup_teardown_taskflow.py for tasks to queue
[2023-12-04T10:20:09.898+0000] {logging_mixin.py:154} INFO - [2023-12-04T10:20:09.893+0000] {dagbag.py:536} INFO - Filling up the DagBag from /home/airflow/.local/lib/python3.8/site-packages/airflow/example_dags/example_setup_teardown_taskflow.py
[2023-12-04T10:20:10.063+0000] {processor.py:839} INFO - DAG(s) dict_keys(['example_setup_teardown_taskflow']) retrieved from /home/airflow/.local/lib/python3.8/site-packages/airflow/example_dags/example_setup_teardown_taskflow.py
[2023-12-04T10:20:10.362+0000] {logging_mixin.py:154} INFO - [2023-12-04T10:20:10.361+0000] {dag.py:2941} INFO - Sync 1 DAGs
[2023-12-04T10:20:10.414+0000] {logging_mixin.py:154} INFO - [2023-12-04T10:20:10.414+0000] {dag.py:3722} INFO - Setting next_dagrun for example_setup_teardown_taskflow to 2023-12-03T10:20:10.413930+00:00, run_after=2023-12-04T10:20:10.413930+00:00
[2023-12-04T10:20:10.475+0000] {processor.py:179} INFO - Processing /home/airflow/.local/lib/python3.8/site-packages/airflow/example_dags/example_setup_teardown_taskflow.py took 1.295 seconds
[2023-12-04T10:20:41.387+0000] {processor.py:157} INFO - Started process (PID=186) to work on /home/airflow/.local/lib/python3.8/site-packages/airflow/example_dags/example_setup_teardown_taskflow.py
[2023-12-04T10:20:41.389+0000] {processor.py:829} INFO - Processing file /home/airflow/.local/lib/python3.8/site-packages/airflow/example_dags/example_setup_teardown_taskflow.py for tasks to queue
[2023-12-04T10:20:41.395+0000] {logging_mixin.py:154} INFO - [2023-12-04T10:20:41.394+0000] {dagbag.py:536} INFO - Filling up the DagBag from /home/airflow/.local/lib/python3.8/site-packages/airflow/example_dags/example_setup_teardown_taskflow.py
[2023-12-04T10:20:41.412+0000] {processor.py:839} INFO - DAG(s) dict_keys(['example_setup_teardown_taskflow']) retrieved from /home/airflow/.local/lib/python3.8/site-packages/airflow/example_dags/example_setup_teardown_taskflow.py
[2023-12-04T10:20:41.451+0000] {logging_mixin.py:154} INFO - [2023-12-04T10:20:41.451+0000] {dag.py:2941} INFO - Sync 1 DAGs
[2023-12-04T10:20:41.485+0000] {logging_mixin.py:154} INFO - [2023-12-04T10:20:41.484+0000] {dag.py:3722} INFO - Setting next_dagrun for example_setup_teardown_taskflow to 2023-12-03T10:20:41.484501+00:00, run_after=2023-12-04T10:20:41.484501+00:00
[2023-12-04T10:20:41.523+0000] {processor.py:179} INFO - Processing /home/airflow/.local/lib/python3.8/site-packages/airflow/example_dags/example_setup_teardown_taskflow.py took 0.143 seconds
[2023-12-04T10:21:15.170+0000] {processor.py:157} INFO - Started process (PID=240) to work on /home/airflow/.local/lib/python3.8/site-packages/airflow/example_dags/example_setup_teardown_taskflow.py
[2023-12-04T10:21:15.173+0000] {processor.py:829} INFO - Processing file /home/airflow/.local/lib/python3.8/site-packages/airflow/example_dags/example_setup_teardown_taskflow.py for tasks to queue
[2023-12-04T10:21:15.180+0000] {logging_mixin.py:154} INFO - [2023-12-04T10:21:15.179+0000] {dagbag.py:536} INFO - Filling up the DagBag from /home/airflow/.local/lib/python3.8/site-packages/airflow/example_dags/example_setup_teardown_taskflow.py
[2023-12-04T10:21:15.215+0000] {processor.py:839} INFO - DAG(s) dict_keys(['example_setup_teardown_taskflow']) retrieved from /home/airflow/.local/lib/python3.8/site-packages/airflow/example_dags/example_setup_teardown_taskflow.py
[2023-12-04T10:21:15.248+0000] {logging_mixin.py:154} INFO - [2023-12-04T10:21:15.248+0000] {dag.py:2941} INFO - Sync 1 DAGs
[2023-12-04T10:21:15.282+0000] {logging_mixin.py:154} INFO - [2023-12-04T10:21:15.281+0000] {dag.py:3722} INFO - Setting next_dagrun for example_setup_teardown_taskflow to 2023-12-03T10:21:15.281391+00:00, run_after=2023-12-04T10:21:15.281391+00:00
[2023-12-04T10:21:15.320+0000] {processor.py:179} INFO - Processing /home/airflow/.local/lib/python3.8/site-packages/airflow/example_dags/example_setup_teardown_taskflow.py took 0.156 seconds
[2023-12-04T10:21:45.730+0000] {processor.py:157} INFO - Started process (PID=294) to work on /home/airflow/.local/lib/python3.8/site-packages/airflow/example_dags/example_setup_teardown_taskflow.py
[2023-12-04T10:21:45.737+0000] {processor.py:829} INFO - Processing file /home/airflow/.local/lib/python3.8/site-packages/airflow/example_dags/example_setup_teardown_taskflow.py for tasks to queue
[2023-12-04T10:21:45.742+0000] {logging_mixin.py:154} INFO - [2023-12-04T10:21:45.742+0000] {dagbag.py:536} INFO - Filling up the DagBag from /home/airflow/.local/lib/python3.8/site-packages/airflow/example_dags/example_setup_teardown_taskflow.py
[2023-12-04T10:21:45.775+0000] {processor.py:839} INFO - DAG(s) dict_keys(['example_setup_teardown_taskflow']) retrieved from /home/airflow/.local/lib/python3.8/site-packages/airflow/example_dags/example_setup_teardown_taskflow.py
[2023-12-04T10:21:45.844+0000] {logging_mixin.py:154} INFO - [2023-12-04T10:21:45.844+0000] {dag.py:2941} INFO - Sync 1 DAGs
[2023-12-04T10:21:45.879+0000] {logging_mixin.py:154} INFO - [2023-12-04T10:21:45.879+0000] {dag.py:3722} INFO - Setting next_dagrun for example_setup_teardown_taskflow to 2023-12-03T10:21:45.879237+00:00, run_after=2023-12-04T10:21:45.879237+00:00
[2023-12-04T10:21:45.918+0000] {processor.py:179} INFO - Processing /home/airflow/.local/lib/python3.8/site-packages/airflow/example_dags/example_setup_teardown_taskflow.py took 0.221 seconds
[2023-12-04T10:22:23.566+0000] {processor.py:157} INFO - Started process (PID=348) to work on /home/airflow/.local/lib/python3.8/site-packages/airflow/example_dags/example_setup_teardown_taskflow.py
[2023-12-04T10:22:23.570+0000] {processor.py:829} INFO - Processing file /home/airflow/.local/lib/python3.8/site-packages/airflow/example_dags/example_setup_teardown_taskflow.py for tasks to queue
[2023-12-04T10:22:23.577+0000] {logging_mixin.py:154} INFO - [2023-12-04T10:22:23.577+0000] {dagbag.py:536} INFO - Filling up the DagBag from /home/airflow/.local/lib/python3.8/site-packages/airflow/example_dags/example_setup_teardown_taskflow.py
[2023-12-04T10:22:23.620+0000] {processor.py:839} INFO - DAG(s) dict_keys(['example_setup_teardown_taskflow']) retrieved from /home/airflow/.local/lib/python3.8/site-packages/airflow/example_dags/example_setup_teardown_taskflow.py
[2023-12-04T10:22:23.714+0000] {logging_mixin.py:154} INFO - [2023-12-04T10:22:23.713+0000] {dag.py:2941} INFO - Sync 1 DAGs
[2023-12-04T10:22:23.764+0000] {logging_mixin.py:154} INFO - [2023-12-04T10:22:23.764+0000] {dag.py:3722} INFO - Setting next_dagrun for example_setup_teardown_taskflow to 2023-12-03T10:22:23.763212+00:00, run_after=2023-12-04T10:22:23.763212+00:00
[2023-12-04T10:22:23.828+0000] {processor.py:179} INFO - Processing /home/airflow/.local/lib/python3.8/site-packages/airflow/example_dags/example_setup_teardown_taskflow.py took 0.277 seconds
[2023-12-04T10:23:14.906+0000] {processor.py:157} INFO - Started process (PID=410) to work on /home/airflow/.local/lib/python3.8/site-packages/airflow/example_dags/example_setup_teardown_taskflow.py
[2023-12-04T10:23:14.932+0000] {processor.py:829} INFO - Processing file /home/airflow/.local/lib/python3.8/site-packages/airflow/example_dags/example_setup_teardown_taskflow.py for tasks to queue
[2023-12-04T10:23:14.959+0000] {logging_mixin.py:154} INFO - [2023-12-04T10:23:14.954+0000] {dagbag.py:536} INFO - Filling up the DagBag from /home/airflow/.local/lib/python3.8/site-packages/airflow/example_dags/example_setup_teardown_taskflow.py
[2023-12-04T10:23:15.064+0000] {processor.py:839} INFO - DAG(s) dict_keys(['example_setup_teardown_taskflow']) retrieved from /home/airflow/.local/lib/python3.8/site-packages/airflow/example_dags/example_setup_teardown_taskflow.py
[2023-12-04T10:23:15.318+0000] {logging_mixin.py:154} INFO - [2023-12-04T10:23:15.318+0000] {dag.py:2941} INFO - Sync 1 DAGs
[2023-12-04T10:23:15.400+0000] {logging_mixin.py:154} INFO - [2023-12-04T10:23:15.400+0000] {dag.py:3722} INFO - Setting next_dagrun for example_setup_teardown_taskflow to 2023-12-03T10:23:15.399899+00:00, run_after=2023-12-04T10:23:15.399899+00:00
[2023-12-04T10:23:15.474+0000] {processor.py:179} INFO - Processing /home/airflow/.local/lib/python3.8/site-packages/airflow/example_dags/example_setup_teardown_taskflow.py took 0.610 seconds
[2023-12-04T10:23:53.154+0000] {processor.py:157} INFO - Started process (PID=470) to work on /home/airflow/.local/lib/python3.8/site-packages/airflow/example_dags/example_setup_teardown_taskflow.py
[2023-12-04T10:23:53.157+0000] {processor.py:829} INFO - Processing file /home/airflow/.local/lib/python3.8/site-packages/airflow/example_dags/example_setup_teardown_taskflow.py for tasks to queue
[2023-12-04T10:23:53.162+0000] {logging_mixin.py:154} INFO - [2023-12-04T10:23:53.162+0000] {dagbag.py:536} INFO - Filling up the DagBag from /home/airflow/.local/lib/python3.8/site-packages/airflow/example_dags/example_setup_teardown_taskflow.py
[2023-12-04T10:23:53.182+0000] {processor.py:839} INFO - DAG(s) dict_keys(['example_setup_teardown_taskflow']) retrieved from /home/airflow/.local/lib/python3.8/site-packages/airflow/example_dags/example_setup_teardown_taskflow.py
[2023-12-04T10:23:53.333+0000] {logging_mixin.py:154} INFO - [2023-12-04T10:23:53.333+0000] {dag.py:2941} INFO - Sync 1 DAGs
[2023-12-04T10:23:53.578+0000] {logging_mixin.py:154} INFO - [2023-12-04T10:23:53.578+0000] {dag.py:3722} INFO - Setting next_dagrun for example_setup_teardown_taskflow to 2023-12-03T10:23:53.577590+00:00, run_after=2023-12-04T10:23:53.577590+00:00
[2023-12-04T10:23:53.653+0000] {processor.py:179} INFO - Processing /home/airflow/.local/lib/python3.8/site-packages/airflow/example_dags/example_setup_teardown_taskflow.py took 0.506 seconds
[2023-12-04T10:24:42.908+0000] {processor.py:157} INFO - Started process (PID=524) to work on /home/airflow/.local/lib/python3.8/site-packages/airflow/example_dags/example_setup_teardown_taskflow.py
[2023-12-04T10:24:42.910+0000] {processor.py:829} INFO - Processing file /home/airflow/.local/lib/python3.8/site-packages/airflow/example_dags/example_setup_teardown_taskflow.py for tasks to queue
[2023-12-04T10:24:42.916+0000] {logging_mixin.py:154} INFO - [2023-12-04T10:24:42.915+0000] {dagbag.py:536} INFO - Filling up the DagBag from /home/airflow/.local/lib/python3.8/site-packages/airflow/example_dags/example_setup_teardown_taskflow.py
[2023-12-04T10:24:42.950+0000] {processor.py:839} INFO - DAG(s) dict_keys(['example_setup_teardown_taskflow']) retrieved from /home/airflow/.local/lib/python3.8/site-packages/airflow/example_dags/example_setup_teardown_taskflow.py
[2023-12-04T10:24:43.007+0000] {logging_mixin.py:154} INFO - [2023-12-04T10:24:43.006+0000] {dag.py:2941} INFO - Sync 1 DAGs
[2023-12-04T10:24:43.060+0000] {logging_mixin.py:154} INFO - [2023-12-04T10:24:43.060+0000] {dag.py:3722} INFO - Setting next_dagrun for example_setup_teardown_taskflow to 2023-12-03T10:24:43.059910+00:00, run_after=2023-12-04T10:24:43.059910+00:00
[2023-12-04T10:24:43.112+0000] {processor.py:179} INFO - Processing /home/airflow/.local/lib/python3.8/site-packages/airflow/example_dags/example_setup_teardown_taskflow.py took 0.211 seconds
[2023-12-04T10:25:18.130+0000] {processor.py:157} INFO - Started process (PID=576) to work on /home/airflow/.local/lib/python3.8/site-packages/airflow/example_dags/example_setup_teardown_taskflow.py
[2023-12-04T10:25:18.136+0000] {processor.py:829} INFO - Processing file /home/airflow/.local/lib/python3.8/site-packages/airflow/example_dags/example_setup_teardown_taskflow.py for tasks to queue
[2023-12-04T10:25:18.150+0000] {logging_mixin.py:154} INFO - [2023-12-04T10:25:18.150+0000] {dagbag.py:536} INFO - Filling up the DagBag from /home/airflow/.local/lib/python3.8/site-packages/airflow/example_dags/example_setup_teardown_taskflow.py
[2023-12-04T10:25:18.209+0000] {processor.py:839} INFO - DAG(s) dict_keys(['example_setup_teardown_taskflow']) retrieved from /home/airflow/.local/lib/python3.8/site-packages/airflow/example_dags/example_setup_teardown_taskflow.py
[2023-12-04T10:25:18.404+0000] {logging_mixin.py:154} INFO - [2023-12-04T10:25:18.403+0000] {dag.py:2941} INFO - Sync 1 DAGs
[2023-12-04T10:25:18.552+0000] {logging_mixin.py:154} INFO - [2023-12-04T10:25:18.551+0000] {dag.py:3722} INFO - Setting next_dagrun for example_setup_teardown_taskflow to 2023-12-03T10:25:18.546249+00:00, run_after=2023-12-04T10:25:18.546249+00:00
[2023-12-04T10:25:18.682+0000] {processor.py:179} INFO - Processing /home/airflow/.local/lib/python3.8/site-packages/airflow/example_dags/example_setup_teardown_taskflow.py took 0.595 seconds
[2023-12-04T10:25:55.912+0000] {processor.py:157} INFO - Started process (PID=631) to work on /home/airflow/.local/lib/python3.8/site-packages/airflow/example_dags/example_setup_teardown_taskflow.py
[2023-12-04T10:25:55.916+0000] {processor.py:829} INFO - Processing file /home/airflow/.local/lib/python3.8/site-packages/airflow/example_dags/example_setup_teardown_taskflow.py for tasks to queue
[2023-12-04T10:25:55.932+0000] {logging_mixin.py:154} INFO - [2023-12-04T10:25:55.931+0000] {dagbag.py:536} INFO - Filling up the DagBag from /home/airflow/.local/lib/python3.8/site-packages/airflow/example_dags/example_setup_teardown_taskflow.py
[2023-12-04T10:25:56.001+0000] {processor.py:839} INFO - DAG(s) dict_keys(['example_setup_teardown_taskflow']) retrieved from /home/airflow/.local/lib/python3.8/site-packages/airflow/example_dags/example_setup_teardown_taskflow.py
[2023-12-04T10:25:56.047+0000] {logging_mixin.py:154} INFO - [2023-12-04T10:25:56.047+0000] {dag.py:2941} INFO - Sync 1 DAGs
[2023-12-04T10:25:56.098+0000] {logging_mixin.py:154} INFO - [2023-12-04T10:25:56.097+0000] {dag.py:3722} INFO - Setting next_dagrun for example_setup_teardown_taskflow to 2023-12-03T10:25:56.097301+00:00, run_after=2023-12-04T10:25:56.097301+00:00
[2023-12-04T10:25:56.149+0000] {processor.py:179} INFO - Processing /home/airflow/.local/lib/python3.8/site-packages/airflow/example_dags/example_setup_teardown_taskflow.py took 0.250 seconds
[2023-12-04T10:26:26.208+0000] {processor.py:157} INFO - Started process (PID=685) to work on /home/airflow/.local/lib/python3.8/site-packages/airflow/example_dags/example_setup_teardown_taskflow.py
[2023-12-04T10:26:26.212+0000] {processor.py:829} INFO - Processing file /home/airflow/.local/lib/python3.8/site-packages/airflow/example_dags/example_setup_teardown_taskflow.py for tasks to queue
[2023-12-04T10:26:26.218+0000] {logging_mixin.py:154} INFO - [2023-12-04T10:26:26.217+0000] {dagbag.py:536} INFO - Filling up the DagBag from /home/airflow/.local/lib/python3.8/site-packages/airflow/example_dags/example_setup_teardown_taskflow.py
[2023-12-04T10:26:26.235+0000] {processor.py:839} INFO - DAG(s) dict_keys(['example_setup_teardown_taskflow']) retrieved from /home/airflow/.local/lib/python3.8/site-packages/airflow/example_dags/example_setup_teardown_taskflow.py
[2023-12-04T10:26:26.272+0000] {logging_mixin.py:154} INFO - [2023-12-04T10:26:26.272+0000] {dag.py:2941} INFO - Sync 1 DAGs
[2023-12-04T10:26:26.315+0000] {logging_mixin.py:154} INFO - [2023-12-04T10:26:26.315+0000] {dag.py:3722} INFO - Setting next_dagrun for example_setup_teardown_taskflow to 2023-12-03T10:26:26.314606+00:00, run_after=2023-12-04T10:26:26.314606+00:00
[2023-12-04T10:26:26.360+0000] {processor.py:179} INFO - Processing /home/airflow/.local/lib/python3.8/site-packages/airflow/example_dags/example_setup_teardown_taskflow.py took 0.158 seconds
[2023-12-04T10:27:08.059+0000] {processor.py:157} INFO - Started process (PID=746) to work on /home/airflow/.local/lib/python3.8/site-packages/airflow/example_dags/example_setup_teardown_taskflow.py
[2023-12-04T10:27:08.065+0000] {processor.py:829} INFO - Processing file /home/airflow/.local/lib/python3.8/site-packages/airflow/example_dags/example_setup_teardown_taskflow.py for tasks to queue
[2023-12-04T10:27:08.081+0000] {logging_mixin.py:154} INFO - [2023-12-04T10:27:08.080+0000] {dagbag.py:536} INFO - Filling up the DagBag from /home/airflow/.local/lib/python3.8/site-packages/airflow/example_dags/example_setup_teardown_taskflow.py
[2023-12-04T10:27:08.102+0000] {processor.py:839} INFO - DAG(s) dict_keys(['example_setup_teardown_taskflow']) retrieved from /home/airflow/.local/lib/python3.8/site-packages/airflow/example_dags/example_setup_teardown_taskflow.py
[2023-12-04T10:27:08.189+0000] {logging_mixin.py:154} INFO - [2023-12-04T10:27:08.189+0000] {dag.py:2941} INFO - Sync 1 DAGs
[2023-12-04T10:27:08.248+0000] {logging_mixin.py:154} INFO - [2023-12-04T10:27:08.247+0000] {dag.py:3722} INFO - Setting next_dagrun for example_setup_teardown_taskflow to 2023-12-03T10:27:08.246843+00:00, run_after=2023-12-04T10:27:08.246843+00:00
[2023-12-04T10:27:08.322+0000] {processor.py:179} INFO - Processing /home/airflow/.local/lib/python3.8/site-packages/airflow/example_dags/example_setup_teardown_taskflow.py took 0.272 seconds
[2023-12-04T10:27:54.451+0000] {processor.py:157} INFO - Started process (PID=802) to work on /home/airflow/.local/lib/python3.8/site-packages/airflow/example_dags/example_setup_teardown_taskflow.py
[2023-12-04T10:27:54.454+0000] {processor.py:829} INFO - Processing file /home/airflow/.local/lib/python3.8/site-packages/airflow/example_dags/example_setup_teardown_taskflow.py for tasks to queue
[2023-12-04T10:27:54.466+0000] {logging_mixin.py:154} INFO - [2023-12-04T10:27:54.465+0000] {dagbag.py:536} INFO - Filling up the DagBag from /home/airflow/.local/lib/python3.8/site-packages/airflow/example_dags/example_setup_teardown_taskflow.py
[2023-12-04T10:27:54.495+0000] {processor.py:839} INFO - DAG(s) dict_keys(['example_setup_teardown_taskflow']) retrieved from /home/airflow/.local/lib/python3.8/site-packages/airflow/example_dags/example_setup_teardown_taskflow.py
[2023-12-04T10:27:54.629+0000] {logging_mixin.py:154} INFO - [2023-12-04T10:27:54.629+0000] {dag.py:2941} INFO - Sync 1 DAGs
[2023-12-04T10:27:54.827+0000] {logging_mixin.py:154} INFO - [2023-12-04T10:27:54.827+0000] {dag.py:3722} INFO - Setting next_dagrun for example_setup_teardown_taskflow to 2023-12-03T10:27:54.825401+00:00, run_after=2023-12-04T10:27:54.825401+00:00
[2023-12-04T10:27:54.961+0000] {processor.py:179} INFO - Processing /home/airflow/.local/lib/python3.8/site-packages/airflow/example_dags/example_setup_teardown_taskflow.py took 0.518 seconds
[2023-12-04T10:28:29.368+0000] {processor.py:157} INFO - Started process (PID=857) to work on /home/airflow/.local/lib/python3.8/site-packages/airflow/example_dags/example_setup_teardown_taskflow.py
[2023-12-04T10:28:29.377+0000] {processor.py:829} INFO - Processing file /home/airflow/.local/lib/python3.8/site-packages/airflow/example_dags/example_setup_teardown_taskflow.py for tasks to queue
[2023-12-04T10:28:29.399+0000] {logging_mixin.py:154} INFO - [2023-12-04T10:28:29.398+0000] {dagbag.py:536} INFO - Filling up the DagBag from /home/airflow/.local/lib/python3.8/site-packages/airflow/example_dags/example_setup_teardown_taskflow.py
[2023-12-04T10:28:29.511+0000] {processor.py:839} INFO - DAG(s) dict_keys(['example_setup_teardown_taskflow']) retrieved from /home/airflow/.local/lib/python3.8/site-packages/airflow/example_dags/example_setup_teardown_taskflow.py
[2023-12-04T10:28:29.845+0000] {logging_mixin.py:154} INFO - [2023-12-04T10:28:29.844+0000] {dag.py:2941} INFO - Sync 1 DAGs
[2023-12-04T10:28:30.030+0000] {logging_mixin.py:154} INFO - [2023-12-04T10:28:30.029+0000] {dag.py:3722} INFO - Setting next_dagrun for example_setup_teardown_taskflow to 2023-12-03T10:28:30.027348+00:00, run_after=2023-12-04T10:28:30.027348+00:00
[2023-12-04T10:28:30.156+0000] {processor.py:179} INFO - Processing /home/airflow/.local/lib/python3.8/site-packages/airflow/example_dags/example_setup_teardown_taskflow.py took 0.807 seconds
[2023-12-04T10:29:05.134+0000] {processor.py:157} INFO - Started process (PID=909) to work on /home/airflow/.local/lib/python3.8/site-packages/airflow/example_dags/example_setup_teardown_taskflow.py
[2023-12-04T10:29:05.142+0000] {processor.py:829} INFO - Processing file /home/airflow/.local/lib/python3.8/site-packages/airflow/example_dags/example_setup_teardown_taskflow.py for tasks to queue
[2023-12-04T10:29:05.175+0000] {logging_mixin.py:154} INFO - [2023-12-04T10:29:05.173+0000] {dagbag.py:536} INFO - Filling up the DagBag from /home/airflow/.local/lib/python3.8/site-packages/airflow/example_dags/example_setup_teardown_taskflow.py
[2023-12-04T10:29:05.295+0000] {processor.py:839} INFO - DAG(s) dict_keys(['example_setup_teardown_taskflow']) retrieved from /home/airflow/.local/lib/python3.8/site-packages/airflow/example_dags/example_setup_teardown_taskflow.py
[2023-12-04T10:29:05.394+0000] {logging_mixin.py:154} INFO - [2023-12-04T10:29:05.393+0000] {dag.py:2941} INFO - Sync 1 DAGs
[2023-12-04T10:29:05.506+0000] {logging_mixin.py:154} INFO - [2023-12-04T10:29:05.498+0000] {dag.py:3722} INFO - Setting next_dagrun for example_setup_teardown_taskflow to 2023-12-03T10:29:05.491704+00:00, run_after=2023-12-04T10:29:05.491704+00:00
[2023-12-04T10:29:05.597+0000] {processor.py:179} INFO - Processing /home/airflow/.local/lib/python3.8/site-packages/airflow/example_dags/example_setup_teardown_taskflow.py took 0.485 seconds
[2023-12-04T12:02:35.573+0000] {processor.py:157} INFO - Started process (PID=85) to work on /home/airflow/.local/lib/python3.8/site-packages/airflow/example_dags/example_setup_teardown_taskflow.py
[2023-12-04T12:02:35.636+0000] {processor.py:829} INFO - Processing file /home/airflow/.local/lib/python3.8/site-packages/airflow/example_dags/example_setup_teardown_taskflow.py for tasks to queue
[2023-12-04T12:02:35.708+0000] {logging_mixin.py:154} INFO - [2023-12-04T12:02:35.707+0000] {dagbag.py:536} INFO - Filling up the DagBag from /home/airflow/.local/lib/python3.8/site-packages/airflow/example_dags/example_setup_teardown_taskflow.py
[2023-12-04T12:02:35.781+0000] {processor.py:839} INFO - DAG(s) dict_keys(['example_setup_teardown_taskflow']) retrieved from /home/airflow/.local/lib/python3.8/site-packages/airflow/example_dags/example_setup_teardown_taskflow.py
[2023-12-04T12:02:36.473+0000] {logging_mixin.py:154} INFO - [2023-12-04T12:02:36.472+0000] {dag.py:2941} INFO - Sync 1 DAGs
[2023-12-04T12:02:36.680+0000] {logging_mixin.py:154} INFO - [2023-12-04T12:02:36.679+0000] {dag.py:3722} INFO - Setting next_dagrun for example_setup_teardown_taskflow to 2023-12-03T12:02:36.677797+00:00, run_after=2023-12-04T12:02:36.677797+00:00
[2023-12-04T12:02:37.058+0000] {processor.py:179} INFO - Processing /home/airflow/.local/lib/python3.8/site-packages/airflow/example_dags/example_setup_teardown_taskflow.py took 1.657 seconds
[2023-12-04T12:03:13.526+0000] {processor.py:157} INFO - Started process (PID=139) to work on /home/airflow/.local/lib/python3.8/site-packages/airflow/example_dags/example_setup_teardown_taskflow.py
[2023-12-04T12:03:13.532+0000] {processor.py:829} INFO - Processing file /home/airflow/.local/lib/python3.8/site-packages/airflow/example_dags/example_setup_teardown_taskflow.py for tasks to queue
[2023-12-04T12:03:13.542+0000] {logging_mixin.py:154} INFO - [2023-12-04T12:03:13.542+0000] {dagbag.py:536} INFO - Filling up the DagBag from /home/airflow/.local/lib/python3.8/site-packages/airflow/example_dags/example_setup_teardown_taskflow.py
[2023-12-04T12:03:13.577+0000] {processor.py:839} INFO - DAG(s) dict_keys(['example_setup_teardown_taskflow']) retrieved from /home/airflow/.local/lib/python3.8/site-packages/airflow/example_dags/example_setup_teardown_taskflow.py
[2023-12-04T12:03:13.660+0000] {logging_mixin.py:154} INFO - [2023-12-04T12:03:13.660+0000] {dag.py:2941} INFO - Sync 1 DAGs
[2023-12-04T12:03:13.762+0000] {logging_mixin.py:154} INFO - [2023-12-04T12:03:13.762+0000] {dag.py:3722} INFO - Setting next_dagrun for example_setup_teardown_taskflow to 2023-12-03T12:03:13.761896+00:00, run_after=2023-12-04T12:03:13.761896+00:00
[2023-12-04T12:03:13.807+0000] {processor.py:179} INFO - Processing /home/airflow/.local/lib/python3.8/site-packages/airflow/example_dags/example_setup_teardown_taskflow.py took 0.291 seconds
[2023-12-04T12:03:44.472+0000] {processor.py:157} INFO - Started process (PID=193) to work on /home/airflow/.local/lib/python3.8/site-packages/airflow/example_dags/example_setup_teardown_taskflow.py
[2023-12-04T12:03:44.475+0000] {processor.py:829} INFO - Processing file /home/airflow/.local/lib/python3.8/site-packages/airflow/example_dags/example_setup_teardown_taskflow.py for tasks to queue
[2023-12-04T12:03:44.480+0000] {logging_mixin.py:154} INFO - [2023-12-04T12:03:44.480+0000] {dagbag.py:536} INFO - Filling up the DagBag from /home/airflow/.local/lib/python3.8/site-packages/airflow/example_dags/example_setup_teardown_taskflow.py
[2023-12-04T12:03:44.500+0000] {processor.py:839} INFO - DAG(s) dict_keys(['example_setup_teardown_taskflow']) retrieved from /home/airflow/.local/lib/python3.8/site-packages/airflow/example_dags/example_setup_teardown_taskflow.py
[2023-12-04T12:03:44.552+0000] {logging_mixin.py:154} INFO - [2023-12-04T12:03:44.552+0000] {dag.py:2941} INFO - Sync 1 DAGs
[2023-12-04T12:03:44.590+0000] {logging_mixin.py:154} INFO - [2023-12-04T12:03:44.590+0000] {dag.py:3722} INFO - Setting next_dagrun for example_setup_teardown_taskflow to 2023-12-03T12:03:44.589941+00:00, run_after=2023-12-04T12:03:44.589941+00:00
[2023-12-04T12:03:44.664+0000] {processor.py:179} INFO - Processing /home/airflow/.local/lib/python3.8/site-packages/airflow/example_dags/example_setup_teardown_taskflow.py took 0.199 seconds
[2023-12-04T12:04:14.974+0000] {processor.py:157} INFO - Started process (PID=247) to work on /home/airflow/.local/lib/python3.8/site-packages/airflow/example_dags/example_setup_teardown_taskflow.py
[2023-12-04T12:04:14.976+0000] {processor.py:829} INFO - Processing file /home/airflow/.local/lib/python3.8/site-packages/airflow/example_dags/example_setup_teardown_taskflow.py for tasks to queue
[2023-12-04T12:04:14.982+0000] {logging_mixin.py:154} INFO - [2023-12-04T12:04:14.981+0000] {dagbag.py:536} INFO - Filling up the DagBag from /home/airflow/.local/lib/python3.8/site-packages/airflow/example_dags/example_setup_teardown_taskflow.py
[2023-12-04T12:04:14.998+0000] {processor.py:839} INFO - DAG(s) dict_keys(['example_setup_teardown_taskflow']) retrieved from /home/airflow/.local/lib/python3.8/site-packages/airflow/example_dags/example_setup_teardown_taskflow.py
[2023-12-04T12:04:15.049+0000] {logging_mixin.py:154} INFO - [2023-12-04T12:04:15.048+0000] {dag.py:2941} INFO - Sync 1 DAGs
[2023-12-04T12:04:15.088+0000] {logging_mixin.py:154} INFO - [2023-12-04T12:04:15.086+0000] {dag.py:3722} INFO - Setting next_dagrun for example_setup_teardown_taskflow to 2023-12-03T12:04:15.085202+00:00, run_after=2023-12-04T12:04:15.085202+00:00
[2023-12-04T12:04:15.119+0000] {processor.py:179} INFO - Processing /home/airflow/.local/lib/python3.8/site-packages/airflow/example_dags/example_setup_teardown_taskflow.py took 0.151 seconds
[2023-12-04T12:04:45.984+0000] {processor.py:157} INFO - Started process (PID=301) to work on /home/airflow/.local/lib/python3.8/site-packages/airflow/example_dags/example_setup_teardown_taskflow.py
[2023-12-04T12:04:45.986+0000] {processor.py:829} INFO - Processing file /home/airflow/.local/lib/python3.8/site-packages/airflow/example_dags/example_setup_teardown_taskflow.py for tasks to queue
[2023-12-04T12:04:45.992+0000] {logging_mixin.py:154} INFO - [2023-12-04T12:04:45.992+0000] {dagbag.py:536} INFO - Filling up the DagBag from /home/airflow/.local/lib/python3.8/site-packages/airflow/example_dags/example_setup_teardown_taskflow.py
[2023-12-04T12:04:46.009+0000] {processor.py:839} INFO - DAG(s) dict_keys(['example_setup_teardown_taskflow']) retrieved from /home/airflow/.local/lib/python3.8/site-packages/airflow/example_dags/example_setup_teardown_taskflow.py
[2023-12-04T12:04:46.049+0000] {logging_mixin.py:154} INFO - [2023-12-04T12:04:46.049+0000] {dag.py:2941} INFO - Sync 1 DAGs
[2023-12-04T12:04:46.083+0000] {logging_mixin.py:154} INFO - [2023-12-04T12:04:46.083+0000] {dag.py:3722} INFO - Setting next_dagrun for example_setup_teardown_taskflow to 2023-12-03T12:04:46.083310+00:00, run_after=2023-12-04T12:04:46.083310+00:00
[2023-12-04T12:04:46.122+0000] {processor.py:179} INFO - Processing /home/airflow/.local/lib/python3.8/site-packages/airflow/example_dags/example_setup_teardown_taskflow.py took 0.144 seconds
[2023-12-04T12:05:16.543+0000] {processor.py:157} INFO - Started process (PID=355) to work on /home/airflow/.local/lib/python3.8/site-packages/airflow/example_dags/example_setup_teardown_taskflow.py
[2023-12-04T12:05:16.546+0000] {processor.py:829} INFO - Processing file /home/airflow/.local/lib/python3.8/site-packages/airflow/example_dags/example_setup_teardown_taskflow.py for tasks to queue
[2023-12-04T12:05:16.551+0000] {logging_mixin.py:154} INFO - [2023-12-04T12:05:16.551+0000] {dagbag.py:536} INFO - Filling up the DagBag from /home/airflow/.local/lib/python3.8/site-packages/airflow/example_dags/example_setup_teardown_taskflow.py
[2023-12-04T12:05:16.566+0000] {processor.py:839} INFO - DAG(s) dict_keys(['example_setup_teardown_taskflow']) retrieved from /home/airflow/.local/lib/python3.8/site-packages/airflow/example_dags/example_setup_teardown_taskflow.py
[2023-12-04T12:05:16.603+0000] {logging_mixin.py:154} INFO - [2023-12-04T12:05:16.603+0000] {dag.py:2941} INFO - Sync 1 DAGs
[2023-12-04T12:05:16.641+0000] {logging_mixin.py:154} INFO - [2023-12-04T12:05:16.641+0000] {dag.py:3722} INFO - Setting next_dagrun for example_setup_teardown_taskflow to 2023-12-03T12:05:16.640737+00:00, run_after=2023-12-04T12:05:16.640737+00:00
[2023-12-04T12:05:16.684+0000] {processor.py:179} INFO - Processing /home/airflow/.local/lib/python3.8/site-packages/airflow/example_dags/example_setup_teardown_taskflow.py took 0.147 seconds
[2023-12-04T12:05:47.171+0000] {processor.py:157} INFO - Started process (PID=409) to work on /home/airflow/.local/lib/python3.8/site-packages/airflow/example_dags/example_setup_teardown_taskflow.py
[2023-12-04T12:05:47.174+0000] {processor.py:829} INFO - Processing file /home/airflow/.local/lib/python3.8/site-packages/airflow/example_dags/example_setup_teardown_taskflow.py for tasks to queue
[2023-12-04T12:05:47.180+0000] {logging_mixin.py:154} INFO - [2023-12-04T12:05:47.180+0000] {dagbag.py:536} INFO - Filling up the DagBag from /home/airflow/.local/lib/python3.8/site-packages/airflow/example_dags/example_setup_teardown_taskflow.py
[2023-12-04T12:05:47.196+0000] {processor.py:839} INFO - DAG(s) dict_keys(['example_setup_teardown_taskflow']) retrieved from /home/airflow/.local/lib/python3.8/site-packages/airflow/example_dags/example_setup_teardown_taskflow.py
[2023-12-04T12:05:47.232+0000] {logging_mixin.py:154} INFO - [2023-12-04T12:05:47.232+0000] {dag.py:2941} INFO - Sync 1 DAGs
[2023-12-04T12:05:47.266+0000] {logging_mixin.py:154} INFO - [2023-12-04T12:05:47.266+0000] {dag.py:3722} INFO - Setting next_dagrun for example_setup_teardown_taskflow to 2023-12-03T12:05:47.265959+00:00, run_after=2023-12-04T12:05:47.265959+00:00
[2023-12-04T12:05:47.308+0000] {processor.py:179} INFO - Processing /home/airflow/.local/lib/python3.8/site-packages/airflow/example_dags/example_setup_teardown_taskflow.py took 0.142 seconds
[2023-12-04T12:06:17.608+0000] {processor.py:157} INFO - Started process (PID=463) to work on /home/airflow/.local/lib/python3.8/site-packages/airflow/example_dags/example_setup_teardown_taskflow.py
[2023-12-04T12:06:17.612+0000] {processor.py:829} INFO - Processing file /home/airflow/.local/lib/python3.8/site-packages/airflow/example_dags/example_setup_teardown_taskflow.py for tasks to queue
[2023-12-04T12:06:17.618+0000] {logging_mixin.py:154} INFO - [2023-12-04T12:06:17.617+0000] {dagbag.py:536} INFO - Filling up the DagBag from /home/airflow/.local/lib/python3.8/site-packages/airflow/example_dags/example_setup_teardown_taskflow.py
[2023-12-04T12:06:17.639+0000] {processor.py:839} INFO - DAG(s) dict_keys(['example_setup_teardown_taskflow']) retrieved from /home/airflow/.local/lib/python3.8/site-packages/airflow/example_dags/example_setup_teardown_taskflow.py
[2023-12-04T12:06:17.675+0000] {logging_mixin.py:154} INFO - [2023-12-04T12:06:17.674+0000] {dag.py:2941} INFO - Sync 1 DAGs
[2023-12-04T12:06:17.710+0000] {logging_mixin.py:154} INFO - [2023-12-04T12:06:17.710+0000] {dag.py:3722} INFO - Setting next_dagrun for example_setup_teardown_taskflow to 2023-12-03T12:06:17.709743+00:00, run_after=2023-12-04T12:06:17.709743+00:00
[2023-12-04T12:06:17.741+0000] {processor.py:179} INFO - Processing /home/airflow/.local/lib/python3.8/site-packages/airflow/example_dags/example_setup_teardown_taskflow.py took 0.145 seconds
[2023-12-04T12:06:48.055+0000] {processor.py:157} INFO - Started process (PID=518) to work on /home/airflow/.local/lib/python3.8/site-packages/airflow/example_dags/example_setup_teardown_taskflow.py
[2023-12-04T12:06:48.059+0000] {processor.py:829} INFO - Processing file /home/airflow/.local/lib/python3.8/site-packages/airflow/example_dags/example_setup_teardown_taskflow.py for tasks to queue
[2023-12-04T12:06:48.067+0000] {logging_mixin.py:154} INFO - [2023-12-04T12:06:48.067+0000] {dagbag.py:536} INFO - Filling up the DagBag from /home/airflow/.local/lib/python3.8/site-packages/airflow/example_dags/example_setup_teardown_taskflow.py
[2023-12-04T12:06:48.093+0000] {processor.py:839} INFO - DAG(s) dict_keys(['example_setup_teardown_taskflow']) retrieved from /home/airflow/.local/lib/python3.8/site-packages/airflow/example_dags/example_setup_teardown_taskflow.py
[2023-12-04T12:06:48.126+0000] {logging_mixin.py:154} INFO - [2023-12-04T12:06:48.126+0000] {dag.py:2941} INFO - Sync 1 DAGs
[2023-12-04T12:06:48.161+0000] {logging_mixin.py:154} INFO - [2023-12-04T12:06:48.161+0000] {dag.py:3722} INFO - Setting next_dagrun for example_setup_teardown_taskflow to 2023-12-03T12:06:48.160761+00:00, run_after=2023-12-04T12:06:48.160761+00:00
[2023-12-04T12:06:48.195+0000] {processor.py:179} INFO - Processing /home/airflow/.local/lib/python3.8/site-packages/airflow/example_dags/example_setup_teardown_taskflow.py took 0.152 seconds
[2023-12-04T12:07:18.905+0000] {processor.py:157} INFO - Started process (PID=572) to work on /home/airflow/.local/lib/python3.8/site-packages/airflow/example_dags/example_setup_teardown_taskflow.py
[2023-12-04T12:07:18.908+0000] {processor.py:829} INFO - Processing file /home/airflow/.local/lib/python3.8/site-packages/airflow/example_dags/example_setup_teardown_taskflow.py for tasks to queue
[2023-12-04T12:07:18.914+0000] {logging_mixin.py:154} INFO - [2023-12-04T12:07:18.913+0000] {dagbag.py:536} INFO - Filling up the DagBag from /home/airflow/.local/lib/python3.8/site-packages/airflow/example_dags/example_setup_teardown_taskflow.py
[2023-12-04T12:07:18.929+0000] {processor.py:839} INFO - DAG(s) dict_keys(['example_setup_teardown_taskflow']) retrieved from /home/airflow/.local/lib/python3.8/site-packages/airflow/example_dags/example_setup_teardown_taskflow.py
[2023-12-04T12:07:18.973+0000] {logging_mixin.py:154} INFO - [2023-12-04T12:07:18.973+0000] {dag.py:2941} INFO - Sync 1 DAGs
[2023-12-04T12:07:19.006+0000] {logging_mixin.py:154} INFO - [2023-12-04T12:07:19.006+0000] {dag.py:3722} INFO - Setting next_dagrun for example_setup_teardown_taskflow to 2023-12-03T12:07:19.005730+00:00, run_after=2023-12-04T12:07:19.005730+00:00
[2023-12-04T12:07:19.043+0000] {processor.py:179} INFO - Processing /home/airflow/.local/lib/python3.8/site-packages/airflow/example_dags/example_setup_teardown_taskflow.py took 0.144 seconds
[2023-12-04T12:07:49.704+0000] {processor.py:157} INFO - Started process (PID=626) to work on /home/airflow/.local/lib/python3.8/site-packages/airflow/example_dags/example_setup_teardown_taskflow.py
[2023-12-04T12:07:49.707+0000] {processor.py:829} INFO - Processing file /home/airflow/.local/lib/python3.8/site-packages/airflow/example_dags/example_setup_teardown_taskflow.py for tasks to queue
[2023-12-04T12:07:49.713+0000] {logging_mixin.py:154} INFO - [2023-12-04T12:07:49.712+0000] {dagbag.py:536} INFO - Filling up the DagBag from /home/airflow/.local/lib/python3.8/site-packages/airflow/example_dags/example_setup_teardown_taskflow.py
[2023-12-04T12:07:49.727+0000] {processor.py:839} INFO - DAG(s) dict_keys(['example_setup_teardown_taskflow']) retrieved from /home/airflow/.local/lib/python3.8/site-packages/airflow/example_dags/example_setup_teardown_taskflow.py
[2023-12-04T12:07:49.768+0000] {logging_mixin.py:154} INFO - [2023-12-04T12:07:49.767+0000] {dag.py:2941} INFO - Sync 1 DAGs
[2023-12-04T12:07:49.808+0000] {logging_mixin.py:154} INFO - [2023-12-04T12:07:49.808+0000] {dag.py:3722} INFO - Setting next_dagrun for example_setup_teardown_taskflow to 2023-12-03T12:07:49.807905+00:00, run_after=2023-12-04T12:07:49.807905+00:00
[2023-12-04T12:07:49.840+0000] {processor.py:179} INFO - Processing /home/airflow/.local/lib/python3.8/site-packages/airflow/example_dags/example_setup_teardown_taskflow.py took 0.142 seconds
[2023-12-04T12:08:20.652+0000] {processor.py:157} INFO - Started process (PID=681) to work on /home/airflow/.local/lib/python3.8/site-packages/airflow/example_dags/example_setup_teardown_taskflow.py
[2023-12-04T12:08:20.655+0000] {processor.py:829} INFO - Processing file /home/airflow/.local/lib/python3.8/site-packages/airflow/example_dags/example_setup_teardown_taskflow.py for tasks to queue
[2023-12-04T12:08:20.660+0000] {logging_mixin.py:154} INFO - [2023-12-04T12:08:20.659+0000] {dagbag.py:536} INFO - Filling up the DagBag from /home/airflow/.local/lib/python3.8/site-packages/airflow/example_dags/example_setup_teardown_taskflow.py
[2023-12-04T12:08:20.676+0000] {processor.py:839} INFO - DAG(s) dict_keys(['example_setup_teardown_taskflow']) retrieved from /home/airflow/.local/lib/python3.8/site-packages/airflow/example_dags/example_setup_teardown_taskflow.py
[2023-12-04T12:08:20.727+0000] {logging_mixin.py:154} INFO - [2023-12-04T12:08:20.727+0000] {dag.py:2941} INFO - Sync 1 DAGs
[2023-12-04T12:08:20.778+0000] {logging_mixin.py:154} INFO - [2023-12-04T12:08:20.778+0000] {dag.py:3722} INFO - Setting next_dagrun for example_setup_teardown_taskflow to 2023-12-03T12:08:20.777807+00:00, run_after=2023-12-04T12:08:20.777807+00:00
[2023-12-04T12:08:20.821+0000] {processor.py:179} INFO - Processing /home/airflow/.local/lib/python3.8/site-packages/airflow/example_dags/example_setup_teardown_taskflow.py took 0.174 seconds
[2023-12-04T12:08:50.926+0000] {processor.py:157} INFO - Started process (PID=735) to work on /home/airflow/.local/lib/python3.8/site-packages/airflow/example_dags/example_setup_teardown_taskflow.py
[2023-12-04T12:08:50.929+0000] {processor.py:829} INFO - Processing file /home/airflow/.local/lib/python3.8/site-packages/airflow/example_dags/example_setup_teardown_taskflow.py for tasks to queue
[2023-12-04T12:08:50.934+0000] {logging_mixin.py:154} INFO - [2023-12-04T12:08:50.934+0000] {dagbag.py:536} INFO - Filling up the DagBag from /home/airflow/.local/lib/python3.8/site-packages/airflow/example_dags/example_setup_teardown_taskflow.py
[2023-12-04T12:08:50.951+0000] {processor.py:839} INFO - DAG(s) dict_keys(['example_setup_teardown_taskflow']) retrieved from /home/airflow/.local/lib/python3.8/site-packages/airflow/example_dags/example_setup_teardown_taskflow.py
[2023-12-04T12:08:50.990+0000] {logging_mixin.py:154} INFO - [2023-12-04T12:08:50.990+0000] {dag.py:2941} INFO - Sync 1 DAGs
[2023-12-04T12:08:51.024+0000] {logging_mixin.py:154} INFO - [2023-12-04T12:08:51.023+0000] {dag.py:3722} INFO - Setting next_dagrun for example_setup_teardown_taskflow to 2023-12-03T12:08:51.023510+00:00, run_after=2023-12-04T12:08:51.023510+00:00
[2023-12-04T12:08:51.069+0000] {processor.py:179} INFO - Processing /home/airflow/.local/lib/python3.8/site-packages/airflow/example_dags/example_setup_teardown_taskflow.py took 0.150 seconds
[2023-12-04T12:09:21.509+0000] {processor.py:157} INFO - Started process (PID=789) to work on /home/airflow/.local/lib/python3.8/site-packages/airflow/example_dags/example_setup_teardown_taskflow.py
[2023-12-04T12:09:21.512+0000] {processor.py:829} INFO - Processing file /home/airflow/.local/lib/python3.8/site-packages/airflow/example_dags/example_setup_teardown_taskflow.py for tasks to queue
[2023-12-04T12:09:21.517+0000] {logging_mixin.py:154} INFO - [2023-12-04T12:09:21.517+0000] {dagbag.py:536} INFO - Filling up the DagBag from /home/airflow/.local/lib/python3.8/site-packages/airflow/example_dags/example_setup_teardown_taskflow.py
[2023-12-04T12:09:21.533+0000] {processor.py:839} INFO - DAG(s) dict_keys(['example_setup_teardown_taskflow']) retrieved from /home/airflow/.local/lib/python3.8/site-packages/airflow/example_dags/example_setup_teardown_taskflow.py
[2023-12-04T12:09:21.571+0000] {logging_mixin.py:154} INFO - [2023-12-04T12:09:21.571+0000] {dag.py:2941} INFO - Sync 1 DAGs
[2023-12-04T12:09:21.611+0000] {logging_mixin.py:154} INFO - [2023-12-04T12:09:21.611+0000] {dag.py:3722} INFO - Setting next_dagrun for example_setup_teardown_taskflow to 2023-12-03T12:09:21.610970+00:00, run_after=2023-12-04T12:09:21.610970+00:00
[2023-12-04T12:09:21.651+0000] {processor.py:179} INFO - Processing /home/airflow/.local/lib/python3.8/site-packages/airflow/example_dags/example_setup_teardown_taskflow.py took 0.147 seconds
[2023-12-04T12:09:51.842+0000] {processor.py:157} INFO - Started process (PID=844) to work on /home/airflow/.local/lib/python3.8/site-packages/airflow/example_dags/example_setup_teardown_taskflow.py
[2023-12-04T12:09:51.844+0000] {processor.py:829} INFO - Processing file /home/airflow/.local/lib/python3.8/site-packages/airflow/example_dags/example_setup_teardown_taskflow.py for tasks to queue
[2023-12-04T12:09:51.850+0000] {logging_mixin.py:154} INFO - [2023-12-04T12:09:51.850+0000] {dagbag.py:536} INFO - Filling up the DagBag from /home/airflow/.local/lib/python3.8/site-packages/airflow/example_dags/example_setup_teardown_taskflow.py
[2023-12-04T12:09:51.866+0000] {processor.py:839} INFO - DAG(s) dict_keys(['example_setup_teardown_taskflow']) retrieved from /home/airflow/.local/lib/python3.8/site-packages/airflow/example_dags/example_setup_teardown_taskflow.py
[2023-12-04T12:09:51.903+0000] {logging_mixin.py:154} INFO - [2023-12-04T12:09:51.902+0000] {dag.py:2941} INFO - Sync 1 DAGs
[2023-12-04T12:09:51.939+0000] {logging_mixin.py:154} INFO - [2023-12-04T12:09:51.939+0000] {dag.py:3722} INFO - Setting next_dagrun for example_setup_teardown_taskflow to 2023-12-03T12:09:51.938712+00:00, run_after=2023-12-04T12:09:51.938712+00:00
[2023-12-04T12:09:51.971+0000] {processor.py:179} INFO - Processing /home/airflow/.local/lib/python3.8/site-packages/airflow/example_dags/example_setup_teardown_taskflow.py took 0.134 seconds
[2023-12-04T12:10:22.206+0000] {processor.py:157} INFO - Started process (PID=898) to work on /home/airflow/.local/lib/python3.8/site-packages/airflow/example_dags/example_setup_teardown_taskflow.py
[2023-12-04T12:10:22.210+0000] {processor.py:829} INFO - Processing file /home/airflow/.local/lib/python3.8/site-packages/airflow/example_dags/example_setup_teardown_taskflow.py for tasks to queue
[2023-12-04T12:10:22.217+0000] {logging_mixin.py:154} INFO - [2023-12-04T12:10:22.217+0000] {dagbag.py:536} INFO - Filling up the DagBag from /home/airflow/.local/lib/python3.8/site-packages/airflow/example_dags/example_setup_teardown_taskflow.py
[2023-12-04T12:10:22.241+0000] {processor.py:839} INFO - DAG(s) dict_keys(['example_setup_teardown_taskflow']) retrieved from /home/airflow/.local/lib/python3.8/site-packages/airflow/example_dags/example_setup_teardown_taskflow.py
[2023-12-04T12:10:22.284+0000] {logging_mixin.py:154} INFO - [2023-12-04T12:10:22.284+0000] {dag.py:2941} INFO - Sync 1 DAGs
[2023-12-04T12:10:22.327+0000] {logging_mixin.py:154} INFO - [2023-12-04T12:10:22.327+0000] {dag.py:3722} INFO - Setting next_dagrun for example_setup_teardown_taskflow to 2023-12-03T12:10:22.326671+00:00, run_after=2023-12-04T12:10:22.326671+00:00
[2023-12-04T12:10:22.375+0000] {processor.py:179} INFO - Processing /home/airflow/.local/lib/python3.8/site-packages/airflow/example_dags/example_setup_teardown_taskflow.py took 0.179 seconds
[2023-12-04T12:10:52.751+0000] {processor.py:157} INFO - Started process (PID=953) to work on /home/airflow/.local/lib/python3.8/site-packages/airflow/example_dags/example_setup_teardown_taskflow.py
[2023-12-04T12:10:52.754+0000] {processor.py:829} INFO - Processing file /home/airflow/.local/lib/python3.8/site-packages/airflow/example_dags/example_setup_teardown_taskflow.py for tasks to queue
[2023-12-04T12:10:52.760+0000] {logging_mixin.py:154} INFO - [2023-12-04T12:10:52.759+0000] {dagbag.py:536} INFO - Filling up the DagBag from /home/airflow/.local/lib/python3.8/site-packages/airflow/example_dags/example_setup_teardown_taskflow.py
[2023-12-04T12:10:52.782+0000] {processor.py:839} INFO - DAG(s) dict_keys(['example_setup_teardown_taskflow']) retrieved from /home/airflow/.local/lib/python3.8/site-packages/airflow/example_dags/example_setup_teardown_taskflow.py
[2023-12-04T12:10:52.827+0000] {logging_mixin.py:154} INFO - [2023-12-04T12:10:52.827+0000] {dag.py:2941} INFO - Sync 1 DAGs
[2023-12-04T12:10:52.868+0000] {logging_mixin.py:154} INFO - [2023-12-04T12:10:52.868+0000] {dag.py:3722} INFO - Setting next_dagrun for example_setup_teardown_taskflow to 2023-12-03T12:10:52.868095+00:00, run_after=2023-12-04T12:10:52.868095+00:00
[2023-12-04T12:10:52.935+0000] {processor.py:179} INFO - Processing /home/airflow/.local/lib/python3.8/site-packages/airflow/example_dags/example_setup_teardown_taskflow.py took 0.194 seconds
[2023-12-04T12:11:23.169+0000] {processor.py:157} INFO - Started process (PID=1014) to work on /home/airflow/.local/lib/python3.8/site-packages/airflow/example_dags/example_setup_teardown_taskflow.py
[2023-12-04T12:11:23.173+0000] {processor.py:829} INFO - Processing file /home/airflow/.local/lib/python3.8/site-packages/airflow/example_dags/example_setup_teardown_taskflow.py for tasks to queue
[2023-12-04T12:11:23.179+0000] {logging_mixin.py:154} INFO - [2023-12-04T12:11:23.178+0000] {dagbag.py:536} INFO - Filling up the DagBag from /home/airflow/.local/lib/python3.8/site-packages/airflow/example_dags/example_setup_teardown_taskflow.py
[2023-12-04T12:11:23.195+0000] {processor.py:839} INFO - DAG(s) dict_keys(['example_setup_teardown_taskflow']) retrieved from /home/airflow/.local/lib/python3.8/site-packages/airflow/example_dags/example_setup_teardown_taskflow.py
[2023-12-04T12:11:23.242+0000] {logging_mixin.py:154} INFO - [2023-12-04T12:11:23.241+0000] {dag.py:2941} INFO - Sync 1 DAGs
[2023-12-04T12:11:23.278+0000] {logging_mixin.py:154} INFO - [2023-12-04T12:11:23.275+0000] {dag.py:3722} INFO - Setting next_dagrun for example_setup_teardown_taskflow to 2023-12-03T12:11:23.275432+00:00, run_after=2023-12-04T12:11:23.275432+00:00
[2023-12-04T12:11:23.321+0000] {processor.py:179} INFO - Processing /home/airflow/.local/lib/python3.8/site-packages/airflow/example_dags/example_setup_teardown_taskflow.py took 0.158 seconds
[2023-12-04T12:11:54.114+0000] {processor.py:157} INFO - Started process (PID=1068) to work on /home/airflow/.local/lib/python3.8/site-packages/airflow/example_dags/example_setup_teardown_taskflow.py
[2023-12-04T12:11:54.122+0000] {processor.py:829} INFO - Processing file /home/airflow/.local/lib/python3.8/site-packages/airflow/example_dags/example_setup_teardown_taskflow.py for tasks to queue
[2023-12-04T12:11:54.128+0000] {logging_mixin.py:154} INFO - [2023-12-04T12:11:54.128+0000] {dagbag.py:536} INFO - Filling up the DagBag from /home/airflow/.local/lib/python3.8/site-packages/airflow/example_dags/example_setup_teardown_taskflow.py
[2023-12-04T12:11:54.154+0000] {processor.py:839} INFO - DAG(s) dict_keys(['example_setup_teardown_taskflow']) retrieved from /home/airflow/.local/lib/python3.8/site-packages/airflow/example_dags/example_setup_teardown_taskflow.py
[2023-12-04T12:11:54.198+0000] {logging_mixin.py:154} INFO - [2023-12-04T12:11:54.198+0000] {dag.py:2941} INFO - Sync 1 DAGs
[2023-12-04T12:11:54.238+0000] {logging_mixin.py:154} INFO - [2023-12-04T12:11:54.238+0000] {dag.py:3722} INFO - Setting next_dagrun for example_setup_teardown_taskflow to 2023-12-03T12:11:54.237739+00:00, run_after=2023-12-04T12:11:54.237739+00:00
[2023-12-04T12:11:54.271+0000] {processor.py:179} INFO - Processing /home/airflow/.local/lib/python3.8/site-packages/airflow/example_dags/example_setup_teardown_taskflow.py took 0.163 seconds
[2023-12-04T12:12:24.423+0000] {processor.py:157} INFO - Started process (PID=1122) to work on /home/airflow/.local/lib/python3.8/site-packages/airflow/example_dags/example_setup_teardown_taskflow.py
[2023-12-04T12:12:24.426+0000] {processor.py:829} INFO - Processing file /home/airflow/.local/lib/python3.8/site-packages/airflow/example_dags/example_setup_teardown_taskflow.py for tasks to queue
[2023-12-04T12:12:24.431+0000] {logging_mixin.py:154} INFO - [2023-12-04T12:12:24.431+0000] {dagbag.py:536} INFO - Filling up the DagBag from /home/airflow/.local/lib/python3.8/site-packages/airflow/example_dags/example_setup_teardown_taskflow.py
[2023-12-04T12:12:24.446+0000] {processor.py:839} INFO - DAG(s) dict_keys(['example_setup_teardown_taskflow']) retrieved from /home/airflow/.local/lib/python3.8/site-packages/airflow/example_dags/example_setup_teardown_taskflow.py
[2023-12-04T12:12:24.483+0000] {logging_mixin.py:154} INFO - [2023-12-04T12:12:24.483+0000] {dag.py:2941} INFO - Sync 1 DAGs
[2023-12-04T12:12:24.524+0000] {logging_mixin.py:154} INFO - [2023-12-04T12:12:24.522+0000] {dag.py:3722} INFO - Setting next_dagrun for example_setup_teardown_taskflow to 2023-12-03T12:12:24.520024+00:00, run_after=2023-12-04T12:12:24.520024+00:00
[2023-12-04T12:12:24.570+0000] {processor.py:179} INFO - Processing /home/airflow/.local/lib/python3.8/site-packages/airflow/example_dags/example_setup_teardown_taskflow.py took 0.154 seconds
[2023-12-04T12:12:54.833+0000] {processor.py:157} INFO - Started process (PID=1176) to work on /home/airflow/.local/lib/python3.8/site-packages/airflow/example_dags/example_setup_teardown_taskflow.py
[2023-12-04T12:12:54.836+0000] {processor.py:829} INFO - Processing file /home/airflow/.local/lib/python3.8/site-packages/airflow/example_dags/example_setup_teardown_taskflow.py for tasks to queue
[2023-12-04T12:12:54.841+0000] {logging_mixin.py:154} INFO - [2023-12-04T12:12:54.841+0000] {dagbag.py:536} INFO - Filling up the DagBag from /home/airflow/.local/lib/python3.8/site-packages/airflow/example_dags/example_setup_teardown_taskflow.py
[2023-12-04T12:12:54.855+0000] {processor.py:839} INFO - DAG(s) dict_keys(['example_setup_teardown_taskflow']) retrieved from /home/airflow/.local/lib/python3.8/site-packages/airflow/example_dags/example_setup_teardown_taskflow.py
[2023-12-04T12:12:54.896+0000] {logging_mixin.py:154} INFO - [2023-12-04T12:12:54.896+0000] {dag.py:2941} INFO - Sync 1 DAGs
[2023-12-04T12:12:54.941+0000] {logging_mixin.py:154} INFO - [2023-12-04T12:12:54.941+0000] {dag.py:3722} INFO - Setting next_dagrun for example_setup_teardown_taskflow to 2023-12-03T12:12:54.940688+00:00, run_after=2023-12-04T12:12:54.940688+00:00
[2023-12-04T12:12:54.986+0000] {processor.py:179} INFO - Processing /home/airflow/.local/lib/python3.8/site-packages/airflow/example_dags/example_setup_teardown_taskflow.py took 0.158 seconds
[2023-12-04T12:13:25.363+0000] {processor.py:157} INFO - Started process (PID=1230) to work on /home/airflow/.local/lib/python3.8/site-packages/airflow/example_dags/example_setup_teardown_taskflow.py
[2023-12-04T12:13:25.368+0000] {processor.py:829} INFO - Processing file /home/airflow/.local/lib/python3.8/site-packages/airflow/example_dags/example_setup_teardown_taskflow.py for tasks to queue
[2023-12-04T12:13:25.376+0000] {logging_mixin.py:154} INFO - [2023-12-04T12:13:25.376+0000] {dagbag.py:536} INFO - Filling up the DagBag from /home/airflow/.local/lib/python3.8/site-packages/airflow/example_dags/example_setup_teardown_taskflow.py
[2023-12-04T12:13:25.404+0000] {processor.py:839} INFO - DAG(s) dict_keys(['example_setup_teardown_taskflow']) retrieved from /home/airflow/.local/lib/python3.8/site-packages/airflow/example_dags/example_setup_teardown_taskflow.py
[2023-12-04T12:13:25.447+0000] {logging_mixin.py:154} INFO - [2023-12-04T12:13:25.446+0000] {dag.py:2941} INFO - Sync 1 DAGs
[2023-12-04T12:13:25.488+0000] {logging_mixin.py:154} INFO - [2023-12-04T12:13:25.487+0000] {dag.py:3722} INFO - Setting next_dagrun for example_setup_teardown_taskflow to 2023-12-03T12:13:25.487570+00:00, run_after=2023-12-04T12:13:25.487570+00:00
[2023-12-04T12:13:25.537+0000] {processor.py:179} INFO - Processing /home/airflow/.local/lib/python3.8/site-packages/airflow/example_dags/example_setup_teardown_taskflow.py took 0.185 seconds
[2023-12-04T12:13:56.067+0000] {processor.py:157} INFO - Started process (PID=1284) to work on /home/airflow/.local/lib/python3.8/site-packages/airflow/example_dags/example_setup_teardown_taskflow.py
[2023-12-04T12:13:56.074+0000] {processor.py:829} INFO - Processing file /home/airflow/.local/lib/python3.8/site-packages/airflow/example_dags/example_setup_teardown_taskflow.py for tasks to queue
[2023-12-04T12:13:56.082+0000] {logging_mixin.py:154} INFO - [2023-12-04T12:13:56.081+0000] {dagbag.py:536} INFO - Filling up the DagBag from /home/airflow/.local/lib/python3.8/site-packages/airflow/example_dags/example_setup_teardown_taskflow.py
[2023-12-04T12:13:56.103+0000] {processor.py:839} INFO - DAG(s) dict_keys(['example_setup_teardown_taskflow']) retrieved from /home/airflow/.local/lib/python3.8/site-packages/airflow/example_dags/example_setup_teardown_taskflow.py
[2023-12-04T12:13:56.159+0000] {logging_mixin.py:154} INFO - [2023-12-04T12:13:56.158+0000] {dag.py:2941} INFO - Sync 1 DAGs
[2023-12-04T12:13:56.202+0000] {logging_mixin.py:154} INFO - [2023-12-04T12:13:56.202+0000] {dag.py:3722} INFO - Setting next_dagrun for example_setup_teardown_taskflow to 2023-12-03T12:13:56.202221+00:00, run_after=2023-12-04T12:13:56.202221+00:00
[2023-12-04T12:13:56.236+0000] {processor.py:179} INFO - Processing /home/airflow/.local/lib/python3.8/site-packages/airflow/example_dags/example_setup_teardown_taskflow.py took 0.182 seconds
[2023-12-04T12:14:26.433+0000] {processor.py:157} INFO - Started process (PID=1338) to work on /home/airflow/.local/lib/python3.8/site-packages/airflow/example_dags/example_setup_teardown_taskflow.py
[2023-12-04T12:14:26.436+0000] {processor.py:829} INFO - Processing file /home/airflow/.local/lib/python3.8/site-packages/airflow/example_dags/example_setup_teardown_taskflow.py for tasks to queue
[2023-12-04T12:14:26.442+0000] {logging_mixin.py:154} INFO - [2023-12-04T12:14:26.442+0000] {dagbag.py:536} INFO - Filling up the DagBag from /home/airflow/.local/lib/python3.8/site-packages/airflow/example_dags/example_setup_teardown_taskflow.py
[2023-12-04T12:14:26.460+0000] {processor.py:839} INFO - DAG(s) dict_keys(['example_setup_teardown_taskflow']) retrieved from /home/airflow/.local/lib/python3.8/site-packages/airflow/example_dags/example_setup_teardown_taskflow.py
[2023-12-04T12:14:26.522+0000] {logging_mixin.py:154} INFO - [2023-12-04T12:14:26.522+0000] {dag.py:2941} INFO - Sync 1 DAGs
[2023-12-04T12:14:26.604+0000] {logging_mixin.py:154} INFO - [2023-12-04T12:14:26.604+0000] {dag.py:3722} INFO - Setting next_dagrun for example_setup_teardown_taskflow to 2023-12-03T12:14:26.603316+00:00, run_after=2023-12-04T12:14:26.603316+00:00
[2023-12-04T12:14:26.735+0000] {processor.py:179} INFO - Processing /home/airflow/.local/lib/python3.8/site-packages/airflow/example_dags/example_setup_teardown_taskflow.py took 0.309 seconds
[2023-12-04T12:14:56.994+0000] {processor.py:157} INFO - Started process (PID=1392) to work on /home/airflow/.local/lib/python3.8/site-packages/airflow/example_dags/example_setup_teardown_taskflow.py
[2023-12-04T12:14:56.997+0000] {processor.py:829} INFO - Processing file /home/airflow/.local/lib/python3.8/site-packages/airflow/example_dags/example_setup_teardown_taskflow.py for tasks to queue
[2023-12-04T12:14:57.005+0000] {logging_mixin.py:154} INFO - [2023-12-04T12:14:57.004+0000] {dagbag.py:536} INFO - Filling up the DagBag from /home/airflow/.local/lib/python3.8/site-packages/airflow/example_dags/example_setup_teardown_taskflow.py
[2023-12-04T12:14:57.023+0000] {processor.py:839} INFO - DAG(s) dict_keys(['example_setup_teardown_taskflow']) retrieved from /home/airflow/.local/lib/python3.8/site-packages/airflow/example_dags/example_setup_teardown_taskflow.py
[2023-12-04T12:14:57.067+0000] {logging_mixin.py:154} INFO - [2023-12-04T12:14:57.067+0000] {dag.py:2941} INFO - Sync 1 DAGs
[2023-12-04T12:14:57.101+0000] {logging_mixin.py:154} INFO - [2023-12-04T12:14:57.101+0000] {dag.py:3722} INFO - Setting next_dagrun for example_setup_teardown_taskflow to 2023-12-03T12:14:57.100988+00:00, run_after=2023-12-04T12:14:57.100988+00:00
[2023-12-04T12:14:57.133+0000] {processor.py:179} INFO - Processing /home/airflow/.local/lib/python3.8/site-packages/airflow/example_dags/example_setup_teardown_taskflow.py took 0.145 seconds
[2023-12-04T12:15:27.638+0000] {processor.py:157} INFO - Started process (PID=1444) to work on /home/airflow/.local/lib/python3.8/site-packages/airflow/example_dags/example_setup_teardown_taskflow.py
[2023-12-04T12:15:27.641+0000] {processor.py:829} INFO - Processing file /home/airflow/.local/lib/python3.8/site-packages/airflow/example_dags/example_setup_teardown_taskflow.py for tasks to queue
[2023-12-04T12:15:27.646+0000] {logging_mixin.py:154} INFO - [2023-12-04T12:15:27.645+0000] {dagbag.py:536} INFO - Filling up the DagBag from /home/airflow/.local/lib/python3.8/site-packages/airflow/example_dags/example_setup_teardown_taskflow.py
[2023-12-04T12:15:27.664+0000] {processor.py:839} INFO - DAG(s) dict_keys(['example_setup_teardown_taskflow']) retrieved from /home/airflow/.local/lib/python3.8/site-packages/airflow/example_dags/example_setup_teardown_taskflow.py
[2023-12-04T12:15:27.722+0000] {logging_mixin.py:154} INFO - [2023-12-04T12:15:27.721+0000] {dag.py:2941} INFO - Sync 1 DAGs
[2023-12-04T12:15:27.780+0000] {logging_mixin.py:154} INFO - [2023-12-04T12:15:27.779+0000] {dag.py:3722} INFO - Setting next_dagrun for example_setup_teardown_taskflow to 2023-12-03T12:15:27.779658+00:00, run_after=2023-12-04T12:15:27.779658+00:00
[2023-12-04T12:15:27.813+0000] {processor.py:179} INFO - Processing /home/airflow/.local/lib/python3.8/site-packages/airflow/example_dags/example_setup_teardown_taskflow.py took 0.181 seconds
[2023-12-04T12:15:58.446+0000] {processor.py:157} INFO - Started process (PID=1498) to work on /home/airflow/.local/lib/python3.8/site-packages/airflow/example_dags/example_setup_teardown_taskflow.py
[2023-12-04T12:15:58.449+0000] {processor.py:829} INFO - Processing file /home/airflow/.local/lib/python3.8/site-packages/airflow/example_dags/example_setup_teardown_taskflow.py for tasks to queue
[2023-12-04T12:15:58.454+0000] {logging_mixin.py:154} INFO - [2023-12-04T12:15:58.454+0000] {dagbag.py:536} INFO - Filling up the DagBag from /home/airflow/.local/lib/python3.8/site-packages/airflow/example_dags/example_setup_teardown_taskflow.py
[2023-12-04T12:15:58.472+0000] {processor.py:839} INFO - DAG(s) dict_keys(['example_setup_teardown_taskflow']) retrieved from /home/airflow/.local/lib/python3.8/site-packages/airflow/example_dags/example_setup_teardown_taskflow.py
[2023-12-04T12:15:58.513+0000] {logging_mixin.py:154} INFO - [2023-12-04T12:15:58.513+0000] {dag.py:2941} INFO - Sync 1 DAGs
[2023-12-04T12:15:58.549+0000] {logging_mixin.py:154} INFO - [2023-12-04T12:15:58.549+0000] {dag.py:3722} INFO - Setting next_dagrun for example_setup_teardown_taskflow to 2023-12-03T12:15:58.548838+00:00, run_after=2023-12-04T12:15:58.548838+00:00
[2023-12-04T12:15:58.581+0000] {processor.py:179} INFO - Processing /home/airflow/.local/lib/python3.8/site-packages/airflow/example_dags/example_setup_teardown_taskflow.py took 0.142 seconds
[2023-12-04T12:16:29.361+0000] {processor.py:157} INFO - Started process (PID=1552) to work on /home/airflow/.local/lib/python3.8/site-packages/airflow/example_dags/example_setup_teardown_taskflow.py
[2023-12-04T12:16:29.364+0000] {processor.py:829} INFO - Processing file /home/airflow/.local/lib/python3.8/site-packages/airflow/example_dags/example_setup_teardown_taskflow.py for tasks to queue
[2023-12-04T12:16:29.370+0000] {logging_mixin.py:154} INFO - [2023-12-04T12:16:29.369+0000] {dagbag.py:536} INFO - Filling up the DagBag from /home/airflow/.local/lib/python3.8/site-packages/airflow/example_dags/example_setup_teardown_taskflow.py
[2023-12-04T12:16:29.387+0000] {processor.py:839} INFO - DAG(s) dict_keys(['example_setup_teardown_taskflow']) retrieved from /home/airflow/.local/lib/python3.8/site-packages/airflow/example_dags/example_setup_teardown_taskflow.py
[2023-12-04T12:16:29.436+0000] {logging_mixin.py:154} INFO - [2023-12-04T12:16:29.436+0000] {dag.py:2941} INFO - Sync 1 DAGs
[2023-12-04T12:16:29.471+0000] {logging_mixin.py:154} INFO - [2023-12-04T12:16:29.470+0000] {dag.py:3722} INFO - Setting next_dagrun for example_setup_teardown_taskflow to 2023-12-03T12:16:29.470431+00:00, run_after=2023-12-04T12:16:29.470431+00:00
[2023-12-04T12:16:29.508+0000] {processor.py:179} INFO - Processing /home/airflow/.local/lib/python3.8/site-packages/airflow/example_dags/example_setup_teardown_taskflow.py took 0.154 seconds
[2023-12-04T12:17:00.036+0000] {processor.py:157} INFO - Started process (PID=1606) to work on /home/airflow/.local/lib/python3.8/site-packages/airflow/example_dags/example_setup_teardown_taskflow.py
[2023-12-04T12:17:00.039+0000] {processor.py:829} INFO - Processing file /home/airflow/.local/lib/python3.8/site-packages/airflow/example_dags/example_setup_teardown_taskflow.py for tasks to queue
[2023-12-04T12:17:00.044+0000] {logging_mixin.py:154} INFO - [2023-12-04T12:17:00.044+0000] {dagbag.py:536} INFO - Filling up the DagBag from /home/airflow/.local/lib/python3.8/site-packages/airflow/example_dags/example_setup_teardown_taskflow.py
[2023-12-04T12:17:00.059+0000] {processor.py:839} INFO - DAG(s) dict_keys(['example_setup_teardown_taskflow']) retrieved from /home/airflow/.local/lib/python3.8/site-packages/airflow/example_dags/example_setup_teardown_taskflow.py
[2023-12-04T12:17:00.099+0000] {logging_mixin.py:154} INFO - [2023-12-04T12:17:00.098+0000] {dag.py:2941} INFO - Sync 1 DAGs
[2023-12-04T12:17:00.132+0000] {logging_mixin.py:154} INFO - [2023-12-04T12:17:00.131+0000] {dag.py:3722} INFO - Setting next_dagrun for example_setup_teardown_taskflow to 2023-12-03T12:17:00.131344+00:00, run_after=2023-12-04T12:17:00.131344+00:00
[2023-12-04T12:17:00.169+0000] {processor.py:179} INFO - Processing /home/airflow/.local/lib/python3.8/site-packages/airflow/example_dags/example_setup_teardown_taskflow.py took 0.141 seconds
[2023-12-04T12:17:30.406+0000] {processor.py:157} INFO - Started process (PID=1661) to work on /home/airflow/.local/lib/python3.8/site-packages/airflow/example_dags/example_setup_teardown_taskflow.py
[2023-12-04T12:17:30.408+0000] {processor.py:829} INFO - Processing file /home/airflow/.local/lib/python3.8/site-packages/airflow/example_dags/example_setup_teardown_taskflow.py for tasks to queue
[2023-12-04T12:17:30.413+0000] {logging_mixin.py:154} INFO - [2023-12-04T12:17:30.413+0000] {dagbag.py:536} INFO - Filling up the DagBag from /home/airflow/.local/lib/python3.8/site-packages/airflow/example_dags/example_setup_teardown_taskflow.py
[2023-12-04T12:17:30.428+0000] {processor.py:839} INFO - DAG(s) dict_keys(['example_setup_teardown_taskflow']) retrieved from /home/airflow/.local/lib/python3.8/site-packages/airflow/example_dags/example_setup_teardown_taskflow.py
[2023-12-04T12:17:30.467+0000] {logging_mixin.py:154} INFO - [2023-12-04T12:17:30.467+0000] {dag.py:2941} INFO - Sync 1 DAGs
[2023-12-04T12:17:30.502+0000] {logging_mixin.py:154} INFO - [2023-12-04T12:17:30.502+0000] {dag.py:3722} INFO - Setting next_dagrun for example_setup_teardown_taskflow to 2023-12-03T12:17:30.502064+00:00, run_after=2023-12-04T12:17:30.502064+00:00
[2023-12-04T12:17:30.534+0000] {processor.py:179} INFO - Processing /home/airflow/.local/lib/python3.8/site-packages/airflow/example_dags/example_setup_teardown_taskflow.py took 0.135 seconds
[2023-12-04T12:18:00.857+0000] {processor.py:157} INFO - Started process (PID=1714) to work on /home/airflow/.local/lib/python3.8/site-packages/airflow/example_dags/example_setup_teardown_taskflow.py
[2023-12-04T12:18:00.859+0000] {processor.py:829} INFO - Processing file /home/airflow/.local/lib/python3.8/site-packages/airflow/example_dags/example_setup_teardown_taskflow.py for tasks to queue
[2023-12-04T12:18:00.867+0000] {logging_mixin.py:154} INFO - [2023-12-04T12:18:00.866+0000] {dagbag.py:536} INFO - Filling up the DagBag from /home/airflow/.local/lib/python3.8/site-packages/airflow/example_dags/example_setup_teardown_taskflow.py
[2023-12-04T12:18:00.888+0000] {processor.py:839} INFO - DAG(s) dict_keys(['example_setup_teardown_taskflow']) retrieved from /home/airflow/.local/lib/python3.8/site-packages/airflow/example_dags/example_setup_teardown_taskflow.py
[2023-12-04T12:18:00.932+0000] {logging_mixin.py:154} INFO - [2023-12-04T12:18:00.931+0000] {dag.py:2941} INFO - Sync 1 DAGs
[2023-12-04T12:18:00.970+0000] {logging_mixin.py:154} INFO - [2023-12-04T12:18:00.970+0000] {dag.py:3722} INFO - Setting next_dagrun for example_setup_teardown_taskflow to 2023-12-03T12:18:00.969250+00:00, run_after=2023-12-04T12:18:00.969250+00:00
[2023-12-04T12:18:01.015+0000] {processor.py:179} INFO - Processing /home/airflow/.local/lib/python3.8/site-packages/airflow/example_dags/example_setup_teardown_taskflow.py took 0.167 seconds
[2023-12-04T12:18:31.153+0000] {processor.py:157} INFO - Started process (PID=1768) to work on /home/airflow/.local/lib/python3.8/site-packages/airflow/example_dags/example_setup_teardown_taskflow.py
[2023-12-04T12:18:31.156+0000] {processor.py:829} INFO - Processing file /home/airflow/.local/lib/python3.8/site-packages/airflow/example_dags/example_setup_teardown_taskflow.py for tasks to queue
[2023-12-04T12:18:31.165+0000] {logging_mixin.py:154} INFO - [2023-12-04T12:18:31.164+0000] {dagbag.py:536} INFO - Filling up the DagBag from /home/airflow/.local/lib/python3.8/site-packages/airflow/example_dags/example_setup_teardown_taskflow.py
[2023-12-04T12:18:31.180+0000] {processor.py:839} INFO - DAG(s) dict_keys(['example_setup_teardown_taskflow']) retrieved from /home/airflow/.local/lib/python3.8/site-packages/airflow/example_dags/example_setup_teardown_taskflow.py
[2023-12-04T12:18:31.218+0000] {logging_mixin.py:154} INFO - [2023-12-04T12:18:31.218+0000] {dag.py:2941} INFO - Sync 1 DAGs
[2023-12-04T12:18:31.254+0000] {logging_mixin.py:154} INFO - [2023-12-04T12:18:31.254+0000] {dag.py:3722} INFO - Setting next_dagrun for example_setup_teardown_taskflow to 2023-12-03T12:18:31.254107+00:00, run_after=2023-12-04T12:18:31.254107+00:00
[2023-12-04T12:18:31.297+0000] {processor.py:179} INFO - Processing /home/airflow/.local/lib/python3.8/site-packages/airflow/example_dags/example_setup_teardown_taskflow.py took 0.158 seconds
[2023-12-04T12:19:02.724+0000] {processor.py:157} INFO - Started process (PID=1823) to work on /home/airflow/.local/lib/python3.8/site-packages/airflow/example_dags/example_setup_teardown_taskflow.py
[2023-12-04T12:19:02.726+0000] {processor.py:829} INFO - Processing file /home/airflow/.local/lib/python3.8/site-packages/airflow/example_dags/example_setup_teardown_taskflow.py for tasks to queue
[2023-12-04T12:19:02.731+0000] {logging_mixin.py:154} INFO - [2023-12-04T12:19:02.731+0000] {dagbag.py:536} INFO - Filling up the DagBag from /home/airflow/.local/lib/python3.8/site-packages/airflow/example_dags/example_setup_teardown_taskflow.py
[2023-12-04T12:19:02.748+0000] {processor.py:839} INFO - DAG(s) dict_keys(['example_setup_teardown_taskflow']) retrieved from /home/airflow/.local/lib/python3.8/site-packages/airflow/example_dags/example_setup_teardown_taskflow.py
[2023-12-04T12:19:02.786+0000] {logging_mixin.py:154} INFO - [2023-12-04T12:19:02.785+0000] {dag.py:2941} INFO - Sync 1 DAGs
[2023-12-04T12:19:02.822+0000] {logging_mixin.py:154} INFO - [2023-12-04T12:19:02.822+0000] {dag.py:3722} INFO - Setting next_dagrun for example_setup_teardown_taskflow to 2023-12-03T12:19:02.821661+00:00, run_after=2023-12-04T12:19:02.821661+00:00
[2023-12-04T12:19:02.865+0000] {processor.py:179} INFO - Processing /home/airflow/.local/lib/python3.8/site-packages/airflow/example_dags/example_setup_teardown_taskflow.py took 0.147 seconds
[2023-12-04T12:19:33.298+0000] {processor.py:157} INFO - Started process (PID=1877) to work on /home/airflow/.local/lib/python3.8/site-packages/airflow/example_dags/example_setup_teardown_taskflow.py
[2023-12-04T12:19:33.301+0000] {processor.py:829} INFO - Processing file /home/airflow/.local/lib/python3.8/site-packages/airflow/example_dags/example_setup_teardown_taskflow.py for tasks to queue
[2023-12-04T12:19:33.310+0000] {logging_mixin.py:154} INFO - [2023-12-04T12:19:33.309+0000] {dagbag.py:536} INFO - Filling up the DagBag from /home/airflow/.local/lib/python3.8/site-packages/airflow/example_dags/example_setup_teardown_taskflow.py
[2023-12-04T12:19:33.327+0000] {processor.py:839} INFO - DAG(s) dict_keys(['example_setup_teardown_taskflow']) retrieved from /home/airflow/.local/lib/python3.8/site-packages/airflow/example_dags/example_setup_teardown_taskflow.py
[2023-12-04T12:19:33.364+0000] {logging_mixin.py:154} INFO - [2023-12-04T12:19:33.364+0000] {dag.py:2941} INFO - Sync 1 DAGs
[2023-12-04T12:19:33.398+0000] {logging_mixin.py:154} INFO - [2023-12-04T12:19:33.398+0000] {dag.py:3722} INFO - Setting next_dagrun for example_setup_teardown_taskflow to 2023-12-03T12:19:33.398322+00:00, run_after=2023-12-04T12:19:33.398322+00:00
[2023-12-04T12:19:33.432+0000] {processor.py:179} INFO - Processing /home/airflow/.local/lib/python3.8/site-packages/airflow/example_dags/example_setup_teardown_taskflow.py took 0.140 seconds
[2023-12-04T12:20:04.270+0000] {processor.py:157} INFO - Started process (PID=1932) to work on /home/airflow/.local/lib/python3.8/site-packages/airflow/example_dags/example_setup_teardown_taskflow.py
[2023-12-04T12:20:04.274+0000] {processor.py:829} INFO - Processing file /home/airflow/.local/lib/python3.8/site-packages/airflow/example_dags/example_setup_teardown_taskflow.py for tasks to queue
[2023-12-04T12:20:04.281+0000] {logging_mixin.py:154} INFO - [2023-12-04T12:20:04.280+0000] {dagbag.py:536} INFO - Filling up the DagBag from /home/airflow/.local/lib/python3.8/site-packages/airflow/example_dags/example_setup_teardown_taskflow.py
[2023-12-04T12:20:04.302+0000] {processor.py:839} INFO - DAG(s) dict_keys(['example_setup_teardown_taskflow']) retrieved from /home/airflow/.local/lib/python3.8/site-packages/airflow/example_dags/example_setup_teardown_taskflow.py
[2023-12-04T12:20:04.356+0000] {logging_mixin.py:154} INFO - [2023-12-04T12:20:04.356+0000] {dag.py:2941} INFO - Sync 1 DAGs
[2023-12-04T12:20:04.408+0000] {logging_mixin.py:154} INFO - [2023-12-04T12:20:04.408+0000] {dag.py:3722} INFO - Setting next_dagrun for example_setup_teardown_taskflow to 2023-12-03T12:20:04.407337+00:00, run_after=2023-12-04T12:20:04.407337+00:00
[2023-12-04T12:20:04.454+0000] {processor.py:179} INFO - Processing /home/airflow/.local/lib/python3.8/site-packages/airflow/example_dags/example_setup_teardown_taskflow.py took 0.190 seconds
[2023-12-04T12:20:34.503+0000] {processor.py:157} INFO - Started process (PID=1986) to work on /home/airflow/.local/lib/python3.8/site-packages/airflow/example_dags/example_setup_teardown_taskflow.py
[2023-12-04T12:20:34.506+0000] {processor.py:829} INFO - Processing file /home/airflow/.local/lib/python3.8/site-packages/airflow/example_dags/example_setup_teardown_taskflow.py for tasks to queue
[2023-12-04T12:20:34.513+0000] {logging_mixin.py:154} INFO - [2023-12-04T12:20:34.513+0000] {dagbag.py:536} INFO - Filling up the DagBag from /home/airflow/.local/lib/python3.8/site-packages/airflow/example_dags/example_setup_teardown_taskflow.py
[2023-12-04T12:20:34.530+0000] {processor.py:839} INFO - DAG(s) dict_keys(['example_setup_teardown_taskflow']) retrieved from /home/airflow/.local/lib/python3.8/site-packages/airflow/example_dags/example_setup_teardown_taskflow.py
[2023-12-04T12:20:34.576+0000] {logging_mixin.py:154} INFO - [2023-12-04T12:20:34.576+0000] {dag.py:2941} INFO - Sync 1 DAGs
[2023-12-04T12:20:34.645+0000] {logging_mixin.py:154} INFO - [2023-12-04T12:20:34.644+0000] {dag.py:3722} INFO - Setting next_dagrun for example_setup_teardown_taskflow to 2023-12-03T12:20:34.643889+00:00, run_after=2023-12-04T12:20:34.643889+00:00
[2023-12-04T12:20:34.702+0000] {processor.py:179} INFO - Processing /home/airflow/.local/lib/python3.8/site-packages/airflow/example_dags/example_setup_teardown_taskflow.py took 0.207 seconds
[2023-12-04T12:21:05.231+0000] {processor.py:157} INFO - Started process (PID=2040) to work on /home/airflow/.local/lib/python3.8/site-packages/airflow/example_dags/example_setup_teardown_taskflow.py
[2023-12-04T12:21:05.233+0000] {processor.py:829} INFO - Processing file /home/airflow/.local/lib/python3.8/site-packages/airflow/example_dags/example_setup_teardown_taskflow.py for tasks to queue
[2023-12-04T12:21:05.239+0000] {logging_mixin.py:154} INFO - [2023-12-04T12:21:05.238+0000] {dagbag.py:536} INFO - Filling up the DagBag from /home/airflow/.local/lib/python3.8/site-packages/airflow/example_dags/example_setup_teardown_taskflow.py
[2023-12-04T12:21:05.261+0000] {processor.py:839} INFO - DAG(s) dict_keys(['example_setup_teardown_taskflow']) retrieved from /home/airflow/.local/lib/python3.8/site-packages/airflow/example_dags/example_setup_teardown_taskflow.py
[2023-12-04T12:21:05.300+0000] {logging_mixin.py:154} INFO - [2023-12-04T12:21:05.299+0000] {dag.py:2941} INFO - Sync 1 DAGs
[2023-12-04T12:21:05.336+0000] {logging_mixin.py:154} INFO - [2023-12-04T12:21:05.336+0000] {dag.py:3722} INFO - Setting next_dagrun for example_setup_teardown_taskflow to 2023-12-03T12:21:05.335750+00:00, run_after=2023-12-04T12:21:05.335750+00:00
[2023-12-04T12:21:05.375+0000] {processor.py:179} INFO - Processing /home/airflow/.local/lib/python3.8/site-packages/airflow/example_dags/example_setup_teardown_taskflow.py took 0.150 seconds
[2023-12-04T12:21:35.682+0000] {processor.py:157} INFO - Started process (PID=2093) to work on /home/airflow/.local/lib/python3.8/site-packages/airflow/example_dags/example_setup_teardown_taskflow.py
[2023-12-04T12:21:35.685+0000] {processor.py:829} INFO - Processing file /home/airflow/.local/lib/python3.8/site-packages/airflow/example_dags/example_setup_teardown_taskflow.py for tasks to queue
[2023-12-04T12:21:35.689+0000] {logging_mixin.py:154} INFO - [2023-12-04T12:21:35.688+0000] {dagbag.py:536} INFO - Filling up the DagBag from /home/airflow/.local/lib/python3.8/site-packages/airflow/example_dags/example_setup_teardown_taskflow.py
[2023-12-04T12:21:35.705+0000] {processor.py:839} INFO - DAG(s) dict_keys(['example_setup_teardown_taskflow']) retrieved from /home/airflow/.local/lib/python3.8/site-packages/airflow/example_dags/example_setup_teardown_taskflow.py
[2023-12-04T12:21:35.748+0000] {logging_mixin.py:154} INFO - [2023-12-04T12:21:35.748+0000] {dag.py:2941} INFO - Sync 1 DAGs
[2023-12-04T12:21:35.806+0000] {logging_mixin.py:154} INFO - [2023-12-04T12:21:35.805+0000] {dag.py:3722} INFO - Setting next_dagrun for example_setup_teardown_taskflow to 2023-12-03T12:21:35.805071+00:00, run_after=2023-12-04T12:21:35.805071+00:00
[2023-12-04T12:21:35.893+0000] {processor.py:179} INFO - Processing /home/airflow/.local/lib/python3.8/site-packages/airflow/example_dags/example_setup_teardown_taskflow.py took 0.218 seconds
[2023-12-04T12:22:05.989+0000] {processor.py:157} INFO - Started process (PID=2147) to work on /home/airflow/.local/lib/python3.8/site-packages/airflow/example_dags/example_setup_teardown_taskflow.py
[2023-12-04T12:22:05.992+0000] {processor.py:829} INFO - Processing file /home/airflow/.local/lib/python3.8/site-packages/airflow/example_dags/example_setup_teardown_taskflow.py for tasks to queue
[2023-12-04T12:22:05.996+0000] {logging_mixin.py:154} INFO - [2023-12-04T12:22:05.996+0000] {dagbag.py:536} INFO - Filling up the DagBag from /home/airflow/.local/lib/python3.8/site-packages/airflow/example_dags/example_setup_teardown_taskflow.py
[2023-12-04T12:22:06.017+0000] {processor.py:839} INFO - DAG(s) dict_keys(['example_setup_teardown_taskflow']) retrieved from /home/airflow/.local/lib/python3.8/site-packages/airflow/example_dags/example_setup_teardown_taskflow.py
[2023-12-04T12:22:06.053+0000] {logging_mixin.py:154} INFO - [2023-12-04T12:22:06.052+0000] {dag.py:2941} INFO - Sync 1 DAGs
[2023-12-04T12:22:06.089+0000] {logging_mixin.py:154} INFO - [2023-12-04T12:22:06.089+0000] {dag.py:3722} INFO - Setting next_dagrun for example_setup_teardown_taskflow to 2023-12-03T12:22:06.089249+00:00, run_after=2023-12-04T12:22:06.089249+00:00
[2023-12-04T12:22:06.127+0000] {processor.py:179} INFO - Processing /home/airflow/.local/lib/python3.8/site-packages/airflow/example_dags/example_setup_teardown_taskflow.py took 0.144 seconds
[2023-12-04T12:22:36.700+0000] {processor.py:157} INFO - Started process (PID=2201) to work on /home/airflow/.local/lib/python3.8/site-packages/airflow/example_dags/example_setup_teardown_taskflow.py
[2023-12-04T12:22:36.703+0000] {processor.py:829} INFO - Processing file /home/airflow/.local/lib/python3.8/site-packages/airflow/example_dags/example_setup_teardown_taskflow.py for tasks to queue
[2023-12-04T12:22:36.708+0000] {logging_mixin.py:154} INFO - [2023-12-04T12:22:36.708+0000] {dagbag.py:536} INFO - Filling up the DagBag from /home/airflow/.local/lib/python3.8/site-packages/airflow/example_dags/example_setup_teardown_taskflow.py
[2023-12-04T12:22:36.727+0000] {processor.py:839} INFO - DAG(s) dict_keys(['example_setup_teardown_taskflow']) retrieved from /home/airflow/.local/lib/python3.8/site-packages/airflow/example_dags/example_setup_teardown_taskflow.py
[2023-12-04T12:22:36.771+0000] {logging_mixin.py:154} INFO - [2023-12-04T12:22:36.771+0000] {dag.py:2941} INFO - Sync 1 DAGs
[2023-12-04T12:22:36.810+0000] {logging_mixin.py:154} INFO - [2023-12-04T12:22:36.810+0000] {dag.py:3722} INFO - Setting next_dagrun for example_setup_teardown_taskflow to 2023-12-03T12:22:36.809836+00:00, run_after=2023-12-04T12:22:36.809836+00:00
[2023-12-04T12:22:36.844+0000] {processor.py:179} INFO - Processing /home/airflow/.local/lib/python3.8/site-packages/airflow/example_dags/example_setup_teardown_taskflow.py took 0.154 seconds
[2023-12-04T12:23:07.087+0000] {processor.py:157} INFO - Started process (PID=2254) to work on /home/airflow/.local/lib/python3.8/site-packages/airflow/example_dags/example_setup_teardown_taskflow.py
[2023-12-04T12:23:07.090+0000] {processor.py:829} INFO - Processing file /home/airflow/.local/lib/python3.8/site-packages/airflow/example_dags/example_setup_teardown_taskflow.py for tasks to queue
[2023-12-04T12:23:07.094+0000] {logging_mixin.py:154} INFO - [2023-12-04T12:23:07.094+0000] {dagbag.py:536} INFO - Filling up the DagBag from /home/airflow/.local/lib/python3.8/site-packages/airflow/example_dags/example_setup_teardown_taskflow.py
[2023-12-04T12:23:07.110+0000] {processor.py:839} INFO - DAG(s) dict_keys(['example_setup_teardown_taskflow']) retrieved from /home/airflow/.local/lib/python3.8/site-packages/airflow/example_dags/example_setup_teardown_taskflow.py
[2023-12-04T12:23:07.150+0000] {logging_mixin.py:154} INFO - [2023-12-04T12:23:07.150+0000] {dag.py:2941} INFO - Sync 1 DAGs
[2023-12-04T12:23:07.163+0000] {logging_mixin.py:154} INFO - [2023-12-04T12:23:07.163+0000] {dag.py:3722} INFO - Setting next_dagrun for example_setup_teardown_taskflow to 2023-12-03T12:23:07.163108+00:00, run_after=2023-12-04T12:23:07.163108+00:00
[2023-12-04T12:23:07.198+0000] {processor.py:179} INFO - Processing /home/airflow/.local/lib/python3.8/site-packages/airflow/example_dags/example_setup_teardown_taskflow.py took 0.138 seconds
[2023-12-04T12:23:37.606+0000] {processor.py:157} INFO - Started process (PID=2308) to work on /home/airflow/.local/lib/python3.8/site-packages/airflow/example_dags/example_setup_teardown_taskflow.py
[2023-12-04T12:23:37.609+0000] {processor.py:829} INFO - Processing file /home/airflow/.local/lib/python3.8/site-packages/airflow/example_dags/example_setup_teardown_taskflow.py for tasks to queue
[2023-12-04T12:23:37.617+0000] {logging_mixin.py:154} INFO - [2023-12-04T12:23:37.616+0000] {dagbag.py:536} INFO - Filling up the DagBag from /home/airflow/.local/lib/python3.8/site-packages/airflow/example_dags/example_setup_teardown_taskflow.py
[2023-12-04T12:23:37.636+0000] {processor.py:839} INFO - DAG(s) dict_keys(['example_setup_teardown_taskflow']) retrieved from /home/airflow/.local/lib/python3.8/site-packages/airflow/example_dags/example_setup_teardown_taskflow.py
[2023-12-04T12:23:37.693+0000] {logging_mixin.py:154} INFO - [2023-12-04T12:23:37.693+0000] {dag.py:2941} INFO - Sync 1 DAGs
[2023-12-04T12:23:37.768+0000] {logging_mixin.py:154} INFO - [2023-12-04T12:23:37.767+0000] {dag.py:3722} INFO - Setting next_dagrun for example_setup_teardown_taskflow to 2023-12-03T12:23:37.766924+00:00, run_after=2023-12-04T12:23:37.766924+00:00
[2023-12-04T12:23:37.804+0000] {processor.py:179} INFO - Processing /home/airflow/.local/lib/python3.8/site-packages/airflow/example_dags/example_setup_teardown_taskflow.py took 0.207 seconds
[2023-12-04T12:24:08.922+0000] {processor.py:157} INFO - Started process (PID=2362) to work on /home/airflow/.local/lib/python3.8/site-packages/airflow/example_dags/example_setup_teardown_taskflow.py
[2023-12-04T12:24:08.925+0000] {processor.py:829} INFO - Processing file /home/airflow/.local/lib/python3.8/site-packages/airflow/example_dags/example_setup_teardown_taskflow.py for tasks to queue
[2023-12-04T12:24:08.929+0000] {logging_mixin.py:154} INFO - [2023-12-04T12:24:08.929+0000] {dagbag.py:536} INFO - Filling up the DagBag from /home/airflow/.local/lib/python3.8/site-packages/airflow/example_dags/example_setup_teardown_taskflow.py
[2023-12-04T12:24:08.945+0000] {processor.py:839} INFO - DAG(s) dict_keys(['example_setup_teardown_taskflow']) retrieved from /home/airflow/.local/lib/python3.8/site-packages/airflow/example_dags/example_setup_teardown_taskflow.py
[2023-12-04T12:24:08.983+0000] {logging_mixin.py:154} INFO - [2023-12-04T12:24:08.983+0000] {dag.py:2941} INFO - Sync 1 DAGs
[2023-12-04T12:24:09.214+0000] {logging_mixin.py:154} INFO - [2023-12-04T12:24:09.214+0000] {dag.py:3722} INFO - Setting next_dagrun for example_setup_teardown_taskflow to 2023-12-03T12:24:09.213990+00:00, run_after=2023-12-04T12:24:09.213990+00:00
[2023-12-04T12:24:09.247+0000] {processor.py:179} INFO - Processing /home/airflow/.local/lib/python3.8/site-packages/airflow/example_dags/example_setup_teardown_taskflow.py took 0.331 seconds
[2023-12-04T12:24:39.398+0000] {processor.py:157} INFO - Started process (PID=2416) to work on /home/airflow/.local/lib/python3.8/site-packages/airflow/example_dags/example_setup_teardown_taskflow.py
[2023-12-04T12:24:39.402+0000] {processor.py:829} INFO - Processing file /home/airflow/.local/lib/python3.8/site-packages/airflow/example_dags/example_setup_teardown_taskflow.py for tasks to queue
[2023-12-04T12:24:39.409+0000] {logging_mixin.py:154} INFO - [2023-12-04T12:24:39.408+0000] {dagbag.py:536} INFO - Filling up the DagBag from /home/airflow/.local/lib/python3.8/site-packages/airflow/example_dags/example_setup_teardown_taskflow.py
[2023-12-04T12:24:39.428+0000] {processor.py:839} INFO - DAG(s) dict_keys(['example_setup_teardown_taskflow']) retrieved from /home/airflow/.local/lib/python3.8/site-packages/airflow/example_dags/example_setup_teardown_taskflow.py
[2023-12-04T12:24:39.492+0000] {logging_mixin.py:154} INFO - [2023-12-04T12:24:39.491+0000] {dag.py:2941} INFO - Sync 1 DAGs
[2023-12-04T12:24:39.535+0000] {logging_mixin.py:154} INFO - [2023-12-04T12:24:39.534+0000] {dag.py:3722} INFO - Setting next_dagrun for example_setup_teardown_taskflow to 2023-12-03T12:24:39.534550+00:00, run_after=2023-12-04T12:24:39.534550+00:00
[2023-12-04T12:24:39.576+0000] {processor.py:179} INFO - Processing /home/airflow/.local/lib/python3.8/site-packages/airflow/example_dags/example_setup_teardown_taskflow.py took 0.187 seconds
[2023-12-04T12:25:10.008+0000] {processor.py:157} INFO - Started process (PID=2469) to work on /home/airflow/.local/lib/python3.8/site-packages/airflow/example_dags/example_setup_teardown_taskflow.py
[2023-12-04T12:25:10.010+0000] {processor.py:829} INFO - Processing file /home/airflow/.local/lib/python3.8/site-packages/airflow/example_dags/example_setup_teardown_taskflow.py for tasks to queue
[2023-12-04T12:25:10.017+0000] {logging_mixin.py:154} INFO - [2023-12-04T12:25:10.016+0000] {dagbag.py:536} INFO - Filling up the DagBag from /home/airflow/.local/lib/python3.8/site-packages/airflow/example_dags/example_setup_teardown_taskflow.py
[2023-12-04T12:25:10.036+0000] {processor.py:839} INFO - DAG(s) dict_keys(['example_setup_teardown_taskflow']) retrieved from /home/airflow/.local/lib/python3.8/site-packages/airflow/example_dags/example_setup_teardown_taskflow.py
[2023-12-04T12:25:10.083+0000] {logging_mixin.py:154} INFO - [2023-12-04T12:25:10.083+0000] {dag.py:2941} INFO - Sync 1 DAGs
[2023-12-04T12:25:10.128+0000] {logging_mixin.py:154} INFO - [2023-12-04T12:25:10.128+0000] {dag.py:3722} INFO - Setting next_dagrun for example_setup_teardown_taskflow to 2023-12-03T12:25:10.128378+00:00, run_after=2023-12-04T12:25:10.128378+00:00
[2023-12-04T12:25:10.178+0000] {processor.py:179} INFO - Processing /home/airflow/.local/lib/python3.8/site-packages/airflow/example_dags/example_setup_teardown_taskflow.py took 0.180 seconds
[2023-12-04T12:25:41.407+0000] {processor.py:157} INFO - Started process (PID=2524) to work on /home/airflow/.local/lib/python3.8/site-packages/airflow/example_dags/example_setup_teardown_taskflow.py
[2023-12-04T12:25:41.410+0000] {processor.py:829} INFO - Processing file /home/airflow/.local/lib/python3.8/site-packages/airflow/example_dags/example_setup_teardown_taskflow.py for tasks to queue
[2023-12-04T12:25:41.414+0000] {logging_mixin.py:154} INFO - [2023-12-04T12:25:41.414+0000] {dagbag.py:536} INFO - Filling up the DagBag from /home/airflow/.local/lib/python3.8/site-packages/airflow/example_dags/example_setup_teardown_taskflow.py
[2023-12-04T12:25:41.430+0000] {processor.py:839} INFO - DAG(s) dict_keys(['example_setup_teardown_taskflow']) retrieved from /home/airflow/.local/lib/python3.8/site-packages/airflow/example_dags/example_setup_teardown_taskflow.py
[2023-12-04T12:25:41.466+0000] {logging_mixin.py:154} INFO - [2023-12-04T12:25:41.466+0000] {dag.py:2941} INFO - Sync 1 DAGs
[2023-12-04T12:25:41.697+0000] {logging_mixin.py:154} INFO - [2023-12-04T12:25:41.697+0000] {dag.py:3722} INFO - Setting next_dagrun for example_setup_teardown_taskflow to 2023-12-03T12:25:41.696982+00:00, run_after=2023-12-04T12:25:41.696982+00:00
[2023-12-04T12:25:41.726+0000] {processor.py:179} INFO - Processing /home/airflow/.local/lib/python3.8/site-packages/airflow/example_dags/example_setup_teardown_taskflow.py took 0.325 seconds
[2023-12-04T12:26:12.357+0000] {processor.py:157} INFO - Started process (PID=2579) to work on /home/airflow/.local/lib/python3.8/site-packages/airflow/example_dags/example_setup_teardown_taskflow.py
[2023-12-04T12:26:12.359+0000] {processor.py:829} INFO - Processing file /home/airflow/.local/lib/python3.8/site-packages/airflow/example_dags/example_setup_teardown_taskflow.py for tasks to queue
[2023-12-04T12:26:12.364+0000] {logging_mixin.py:154} INFO - [2023-12-04T12:26:12.364+0000] {dagbag.py:536} INFO - Filling up the DagBag from /home/airflow/.local/lib/python3.8/site-packages/airflow/example_dags/example_setup_teardown_taskflow.py
[2023-12-04T12:26:12.380+0000] {processor.py:839} INFO - DAG(s) dict_keys(['example_setup_teardown_taskflow']) retrieved from /home/airflow/.local/lib/python3.8/site-packages/airflow/example_dags/example_setup_teardown_taskflow.py
[2023-12-04T12:26:12.417+0000] {logging_mixin.py:154} INFO - [2023-12-04T12:26:12.417+0000] {dag.py:2941} INFO - Sync 1 DAGs
[2023-12-04T12:26:12.452+0000] {logging_mixin.py:154} INFO - [2023-12-04T12:26:12.451+0000] {dag.py:3722} INFO - Setting next_dagrun for example_setup_teardown_taskflow to 2023-12-03T12:26:12.451554+00:00, run_after=2023-12-04T12:26:12.451554+00:00
[2023-12-04T12:26:12.483+0000] {processor.py:179} INFO - Processing /home/airflow/.local/lib/python3.8/site-packages/airflow/example_dags/example_setup_teardown_taskflow.py took 0.132 seconds
[2023-12-04T12:26:42.689+0000] {processor.py:157} INFO - Started process (PID=2633) to work on /home/airflow/.local/lib/python3.8/site-packages/airflow/example_dags/example_setup_teardown_taskflow.py
[2023-12-04T12:26:42.692+0000] {processor.py:829} INFO - Processing file /home/airflow/.local/lib/python3.8/site-packages/airflow/example_dags/example_setup_teardown_taskflow.py for tasks to queue
[2023-12-04T12:26:42.696+0000] {logging_mixin.py:154} INFO - [2023-12-04T12:26:42.695+0000] {dagbag.py:536} INFO - Filling up the DagBag from /home/airflow/.local/lib/python3.8/site-packages/airflow/example_dags/example_setup_teardown_taskflow.py
[2023-12-04T12:26:42.712+0000] {processor.py:839} INFO - DAG(s) dict_keys(['example_setup_teardown_taskflow']) retrieved from /home/airflow/.local/lib/python3.8/site-packages/airflow/example_dags/example_setup_teardown_taskflow.py
[2023-12-04T12:26:42.749+0000] {logging_mixin.py:154} INFO - [2023-12-04T12:26:42.749+0000] {dag.py:2941} INFO - Sync 1 DAGs
[2023-12-04T12:26:42.784+0000] {logging_mixin.py:154} INFO - [2023-12-04T12:26:42.784+0000] {dag.py:3722} INFO - Setting next_dagrun for example_setup_teardown_taskflow to 2023-12-03T12:26:42.784225+00:00, run_after=2023-12-04T12:26:42.784225+00:00
[2023-12-04T12:26:42.817+0000] {processor.py:179} INFO - Processing /home/airflow/.local/lib/python3.8/site-packages/airflow/example_dags/example_setup_teardown_taskflow.py took 0.134 seconds
[2023-12-04T12:27:14.491+0000] {processor.py:157} INFO - Started process (PID=2687) to work on /home/airflow/.local/lib/python3.8/site-packages/airflow/example_dags/example_setup_teardown_taskflow.py
[2023-12-04T12:27:14.494+0000] {processor.py:829} INFO - Processing file /home/airflow/.local/lib/python3.8/site-packages/airflow/example_dags/example_setup_teardown_taskflow.py for tasks to queue
[2023-12-04T12:27:14.499+0000] {logging_mixin.py:154} INFO - [2023-12-04T12:27:14.498+0000] {dagbag.py:536} INFO - Filling up the DagBag from /home/airflow/.local/lib/python3.8/site-packages/airflow/example_dags/example_setup_teardown_taskflow.py
[2023-12-04T12:27:14.517+0000] {processor.py:839} INFO - DAG(s) dict_keys(['example_setup_teardown_taskflow']) retrieved from /home/airflow/.local/lib/python3.8/site-packages/airflow/example_dags/example_setup_teardown_taskflow.py
[2023-12-04T12:27:14.551+0000] {logging_mixin.py:154} INFO - [2023-12-04T12:27:14.551+0000] {dag.py:2941} INFO - Sync 1 DAGs
[2023-12-04T12:27:14.821+0000] {logging_mixin.py:154} INFO - [2023-12-04T12:27:14.820+0000] {dag.py:3722} INFO - Setting next_dagrun for example_setup_teardown_taskflow to 2023-12-03T12:27:14.820517+00:00, run_after=2023-12-04T12:27:14.820517+00:00
[2023-12-04T12:27:14.853+0000] {processor.py:179} INFO - Processing /home/airflow/.local/lib/python3.8/site-packages/airflow/example_dags/example_setup_teardown_taskflow.py took 0.367 seconds
[2023-12-04T12:27:44.973+0000] {processor.py:157} INFO - Started process (PID=2741) to work on /home/airflow/.local/lib/python3.8/site-packages/airflow/example_dags/example_setup_teardown_taskflow.py
[2023-12-04T12:27:44.976+0000] {processor.py:829} INFO - Processing file /home/airflow/.local/lib/python3.8/site-packages/airflow/example_dags/example_setup_teardown_taskflow.py for tasks to queue
[2023-12-04T12:27:44.984+0000] {logging_mixin.py:154} INFO - [2023-12-04T12:27:44.983+0000] {dagbag.py:536} INFO - Filling up the DagBag from /home/airflow/.local/lib/python3.8/site-packages/airflow/example_dags/example_setup_teardown_taskflow.py
[2023-12-04T12:27:45.004+0000] {processor.py:839} INFO - DAG(s) dict_keys(['example_setup_teardown_taskflow']) retrieved from /home/airflow/.local/lib/python3.8/site-packages/airflow/example_dags/example_setup_teardown_taskflow.py
[2023-12-04T12:27:45.045+0000] {logging_mixin.py:154} INFO - [2023-12-04T12:27:45.044+0000] {dag.py:2941} INFO - Sync 1 DAGs
[2023-12-04T12:27:45.082+0000] {logging_mixin.py:154} INFO - [2023-12-04T12:27:45.081+0000] {dag.py:3722} INFO - Setting next_dagrun for example_setup_teardown_taskflow to 2023-12-03T12:27:45.081342+00:00, run_after=2023-12-04T12:27:45.081342+00:00
[2023-12-04T12:27:45.121+0000] {processor.py:179} INFO - Processing /home/airflow/.local/lib/python3.8/site-packages/airflow/example_dags/example_setup_teardown_taskflow.py took 0.157 seconds
[2023-12-04T12:28:16.148+0000] {processor.py:157} INFO - Started process (PID=2794) to work on /home/airflow/.local/lib/python3.8/site-packages/airflow/example_dags/example_setup_teardown_taskflow.py
[2023-12-04T12:28:16.152+0000] {processor.py:829} INFO - Processing file /home/airflow/.local/lib/python3.8/site-packages/airflow/example_dags/example_setup_teardown_taskflow.py for tasks to queue
[2023-12-04T12:28:16.161+0000] {logging_mixin.py:154} INFO - [2023-12-04T12:28:16.161+0000] {dagbag.py:536} INFO - Filling up the DagBag from /home/airflow/.local/lib/python3.8/site-packages/airflow/example_dags/example_setup_teardown_taskflow.py
[2023-12-04T12:28:16.360+0000] {processor.py:839} INFO - DAG(s) dict_keys(['example_setup_teardown_taskflow']) retrieved from /home/airflow/.local/lib/python3.8/site-packages/airflow/example_dags/example_setup_teardown_taskflow.py
[2023-12-04T12:28:16.395+0000] {logging_mixin.py:154} INFO - [2023-12-04T12:28:16.395+0000] {dag.py:2941} INFO - Sync 1 DAGs
[2023-12-04T12:28:16.424+0000] {logging_mixin.py:154} INFO - [2023-12-04T12:28:16.424+0000] {dag.py:3722} INFO - Setting next_dagrun for example_setup_teardown_taskflow to 2023-12-03T12:28:16.424034+00:00, run_after=2023-12-04T12:28:16.424034+00:00
[2023-12-04T12:28:16.455+0000] {processor.py:179} INFO - Processing /home/airflow/.local/lib/python3.8/site-packages/airflow/example_dags/example_setup_teardown_taskflow.py took 0.317 seconds
