[2023-12-04T10:19:35.405+0000] {processor.py:157} INFO - Started process (PID=50) to work on /home/airflow/.local/lib/python3.8/site-packages/airflow/example_dags/example_setup_teardown.py
[2023-12-04T10:19:35.407+0000] {processor.py:829} INFO - Processing file /home/airflow/.local/lib/python3.8/site-packages/airflow/example_dags/example_setup_teardown.py for tasks to queue
[2023-12-04T10:19:35.412+0000] {logging_mixin.py:154} INFO - [2023-12-04T10:19:35.411+0000] {dagbag.py:536} INFO - Filling up the DagBag from /home/airflow/.local/lib/python3.8/site-packages/airflow/example_dags/example_setup_teardown.py
[2023-12-04T10:19:35.431+0000] {processor.py:839} INFO - DAG(s) dict_keys(['example_setup_teardown']) retrieved from /home/airflow/.local/lib/python3.8/site-packages/airflow/example_dags/example_setup_teardown.py
[2023-12-04T10:19:35.488+0000] {logging_mixin.py:154} INFO - [2023-12-04T10:19:35.488+0000] {dag.py:2941} INFO - Sync 1 DAGs
[2023-12-04T10:19:35.525+0000] {logging_mixin.py:154} INFO - [2023-12-04T10:19:35.525+0000] {dag.py:3722} INFO - Setting next_dagrun for example_setup_teardown to 2023-12-03T10:19:35.524666+00:00, run_after=2023-12-04T10:19:35.524666+00:00
[2023-12-04T10:19:35.567+0000] {processor.py:179} INFO - Processing /home/airflow/.local/lib/python3.8/site-packages/airflow/example_dags/example_setup_teardown.py took 0.168 seconds
[2023-12-04T10:20:05.880+0000] {processor.py:157} INFO - Started process (PID=104) to work on /home/airflow/.local/lib/python3.8/site-packages/airflow/example_dags/example_setup_teardown.py
[2023-12-04T10:20:05.884+0000] {processor.py:829} INFO - Processing file /home/airflow/.local/lib/python3.8/site-packages/airflow/example_dags/example_setup_teardown.py for tasks to queue
[2023-12-04T10:20:05.889+0000] {logging_mixin.py:154} INFO - [2023-12-04T10:20:05.888+0000] {dagbag.py:536} INFO - Filling up the DagBag from /home/airflow/.local/lib/python3.8/site-packages/airflow/example_dags/example_setup_teardown.py
[2023-12-04T10:20:05.918+0000] {processor.py:839} INFO - DAG(s) dict_keys(['example_setup_teardown']) retrieved from /home/airflow/.local/lib/python3.8/site-packages/airflow/example_dags/example_setup_teardown.py
[2023-12-04T10:20:05.982+0000] {logging_mixin.py:154} INFO - [2023-12-04T10:20:05.982+0000] {dag.py:2941} INFO - Sync 1 DAGs
[2023-12-04T10:20:06.019+0000] {logging_mixin.py:154} INFO - [2023-12-04T10:20:06.019+0000] {dag.py:3722} INFO - Setting next_dagrun for example_setup_teardown to 2023-12-03T10:20:06.018594+00:00, run_after=2023-12-04T10:20:06.018594+00:00
[2023-12-04T10:20:06.070+0000] {processor.py:179} INFO - Processing /home/airflow/.local/lib/python3.8/site-packages/airflow/example_dags/example_setup_teardown.py took 0.198 seconds
[2023-12-04T10:20:36.403+0000] {processor.py:157} INFO - Started process (PID=159) to work on /home/airflow/.local/lib/python3.8/site-packages/airflow/example_dags/example_setup_teardown.py
[2023-12-04T10:20:36.406+0000] {processor.py:829} INFO - Processing file /home/airflow/.local/lib/python3.8/site-packages/airflow/example_dags/example_setup_teardown.py for tasks to queue
[2023-12-04T10:20:36.410+0000] {logging_mixin.py:154} INFO - [2023-12-04T10:20:36.410+0000] {dagbag.py:536} INFO - Filling up the DagBag from /home/airflow/.local/lib/python3.8/site-packages/airflow/example_dags/example_setup_teardown.py
[2023-12-04T10:20:36.423+0000] {processor.py:839} INFO - DAG(s) dict_keys(['example_setup_teardown']) retrieved from /home/airflow/.local/lib/python3.8/site-packages/airflow/example_dags/example_setup_teardown.py
[2023-12-04T10:20:36.476+0000] {logging_mixin.py:154} INFO - [2023-12-04T10:20:36.475+0000] {dag.py:2941} INFO - Sync 1 DAGs
[2023-12-04T10:20:36.518+0000] {logging_mixin.py:154} INFO - [2023-12-04T10:20:36.517+0000] {dag.py:3722} INFO - Setting next_dagrun for example_setup_teardown to 2023-12-03T10:20:36.517434+00:00, run_after=2023-12-04T10:20:36.517434+00:00
[2023-12-04T10:20:36.551+0000] {processor.py:179} INFO - Processing /home/airflow/.local/lib/python3.8/site-packages/airflow/example_dags/example_setup_teardown.py took 0.154 seconds
[2023-12-04T10:21:08.188+0000] {processor.py:157} INFO - Started process (PID=220) to work on /home/airflow/.local/lib/python3.8/site-packages/airflow/example_dags/example_setup_teardown.py
[2023-12-04T10:21:08.200+0000] {processor.py:829} INFO - Processing file /home/airflow/.local/lib/python3.8/site-packages/airflow/example_dags/example_setup_teardown.py for tasks to queue
[2023-12-04T10:21:08.211+0000] {logging_mixin.py:154} INFO - [2023-12-04T10:21:08.210+0000] {dagbag.py:536} INFO - Filling up the DagBag from /home/airflow/.local/lib/python3.8/site-packages/airflow/example_dags/example_setup_teardown.py
[2023-12-04T10:21:08.269+0000] {processor.py:839} INFO - DAG(s) dict_keys(['example_setup_teardown']) retrieved from /home/airflow/.local/lib/python3.8/site-packages/airflow/example_dags/example_setup_teardown.py
[2023-12-04T10:21:08.338+0000] {logging_mixin.py:154} INFO - [2023-12-04T10:21:08.338+0000] {dag.py:2941} INFO - Sync 1 DAGs
[2023-12-04T10:21:08.463+0000] {logging_mixin.py:154} INFO - [2023-12-04T10:21:08.462+0000] {dag.py:3722} INFO - Setting next_dagrun for example_setup_teardown to 2023-12-03T10:21:08.462425+00:00, run_after=2023-12-04T10:21:08.462425+00:00
[2023-12-04T10:21:08.509+0000] {processor.py:179} INFO - Processing /home/airflow/.local/lib/python3.8/site-packages/airflow/example_dags/example_setup_teardown.py took 0.336 seconds
[2023-12-04T10:21:39.261+0000] {processor.py:157} INFO - Started process (PID=274) to work on /home/airflow/.local/lib/python3.8/site-packages/airflow/example_dags/example_setup_teardown.py
[2023-12-04T10:21:39.264+0000] {processor.py:829} INFO - Processing file /home/airflow/.local/lib/python3.8/site-packages/airflow/example_dags/example_setup_teardown.py for tasks to queue
[2023-12-04T10:21:39.268+0000] {logging_mixin.py:154} INFO - [2023-12-04T10:21:39.268+0000] {dagbag.py:536} INFO - Filling up the DagBag from /home/airflow/.local/lib/python3.8/site-packages/airflow/example_dags/example_setup_teardown.py
[2023-12-04T10:21:39.280+0000] {processor.py:839} INFO - DAG(s) dict_keys(['example_setup_teardown']) retrieved from /home/airflow/.local/lib/python3.8/site-packages/airflow/example_dags/example_setup_teardown.py
[2023-12-04T10:21:39.315+0000] {logging_mixin.py:154} INFO - [2023-12-04T10:21:39.314+0000] {dag.py:2941} INFO - Sync 1 DAGs
[2023-12-04T10:21:39.347+0000] {logging_mixin.py:154} INFO - [2023-12-04T10:21:39.347+0000] {dag.py:3722} INFO - Setting next_dagrun for example_setup_teardown to 2023-12-03T10:21:39.347213+00:00, run_after=2023-12-04T10:21:39.347213+00:00
[2023-12-04T10:21:39.382+0000] {processor.py:179} INFO - Processing /home/airflow/.local/lib/python3.8/site-packages/airflow/example_dags/example_setup_teardown.py took 0.127 seconds
[2023-12-04T10:22:16.965+0000] {processor.py:157} INFO - Started process (PID=328) to work on /home/airflow/.local/lib/python3.8/site-packages/airflow/example_dags/example_setup_teardown.py
[2023-12-04T10:22:16.969+0000] {processor.py:829} INFO - Processing file /home/airflow/.local/lib/python3.8/site-packages/airflow/example_dags/example_setup_teardown.py for tasks to queue
[2023-12-04T10:22:16.979+0000] {logging_mixin.py:154} INFO - [2023-12-04T10:22:16.978+0000] {dagbag.py:536} INFO - Filling up the DagBag from /home/airflow/.local/lib/python3.8/site-packages/airflow/example_dags/example_setup_teardown.py
[2023-12-04T10:22:17.009+0000] {processor.py:839} INFO - DAG(s) dict_keys(['example_setup_teardown']) retrieved from /home/airflow/.local/lib/python3.8/site-packages/airflow/example_dags/example_setup_teardown.py
[2023-12-04T10:22:17.156+0000] {logging_mixin.py:154} INFO - [2023-12-04T10:22:17.153+0000] {dag.py:2941} INFO - Sync 1 DAGs
[2023-12-04T10:22:17.336+0000] {logging_mixin.py:154} INFO - [2023-12-04T10:22:17.336+0000] {dag.py:3722} INFO - Setting next_dagrun for example_setup_teardown to 2023-12-03T10:22:17.334660+00:00, run_after=2023-12-04T10:22:17.334660+00:00
[2023-12-04T10:22:17.399+0000] {processor.py:179} INFO - Processing /home/airflow/.local/lib/python3.8/site-packages/airflow/example_dags/example_setup_teardown.py took 0.443 seconds
[2023-12-04T10:22:55.522+0000] {processor.py:157} INFO - Started process (PID=382) to work on /home/airflow/.local/lib/python3.8/site-packages/airflow/example_dags/example_setup_teardown.py
[2023-12-04T10:22:55.585+0000] {processor.py:829} INFO - Processing file /home/airflow/.local/lib/python3.8/site-packages/airflow/example_dags/example_setup_teardown.py for tasks to queue
[2023-12-04T10:22:55.647+0000] {logging_mixin.py:154} INFO - [2023-12-04T10:22:55.645+0000] {dagbag.py:536} INFO - Filling up the DagBag from /home/airflow/.local/lib/python3.8/site-packages/airflow/example_dags/example_setup_teardown.py
[2023-12-04T10:22:55.841+0000] {processor.py:839} INFO - DAG(s) dict_keys(['example_setup_teardown']) retrieved from /home/airflow/.local/lib/python3.8/site-packages/airflow/example_dags/example_setup_teardown.py
[2023-12-04T10:22:56.147+0000] {logging_mixin.py:154} INFO - [2023-12-04T10:22:56.141+0000] {dag.py:2941} INFO - Sync 1 DAGs
[2023-12-04T10:22:56.781+0000] {logging_mixin.py:154} INFO - [2023-12-04T10:22:56.779+0000] {dag.py:3722} INFO - Setting next_dagrun for example_setup_teardown to 2023-12-03T10:22:56.771158+00:00, run_after=2023-12-04T10:22:56.771158+00:00
[2023-12-04T10:22:59.699+0000] {processor.py:179} INFO - Processing /home/airflow/.local/lib/python3.8/site-packages/airflow/example_dags/example_setup_teardown.py took 4.597 seconds
[2023-12-04T10:23:30.107+0000] {processor.py:157} INFO - Started process (PID=437) to work on /home/airflow/.local/lib/python3.8/site-packages/airflow/example_dags/example_setup_teardown.py
[2023-12-04T10:23:30.113+0000] {processor.py:829} INFO - Processing file /home/airflow/.local/lib/python3.8/site-packages/airflow/example_dags/example_setup_teardown.py for tasks to queue
[2023-12-04T10:23:30.140+0000] {logging_mixin.py:154} INFO - [2023-12-04T10:23:30.137+0000] {dagbag.py:536} INFO - Filling up the DagBag from /home/airflow/.local/lib/python3.8/site-packages/airflow/example_dags/example_setup_teardown.py
[2023-12-04T10:23:30.185+0000] {processor.py:839} INFO - DAG(s) dict_keys(['example_setup_teardown']) retrieved from /home/airflow/.local/lib/python3.8/site-packages/airflow/example_dags/example_setup_teardown.py
[2023-12-04T10:23:30.437+0000] {logging_mixin.py:154} INFO - [2023-12-04T10:23:30.436+0000] {dag.py:2941} INFO - Sync 1 DAGs
[2023-12-04T10:23:30.529+0000] {logging_mixin.py:154} INFO - [2023-12-04T10:23:30.528+0000] {dag.py:3722} INFO - Setting next_dagrun for example_setup_teardown to 2023-12-03T10:23:30.528169+00:00, run_after=2023-12-04T10:23:30.528169+00:00
[2023-12-04T10:23:30.614+0000] {processor.py:179} INFO - Processing /home/airflow/.local/lib/python3.8/site-packages/airflow/example_dags/example_setup_teardown.py took 0.530 seconds
[2023-12-04T10:24:25.959+0000] {processor.py:157} INFO - Started process (PID=496) to work on /home/airflow/.local/lib/python3.8/site-packages/airflow/example_dags/example_setup_teardown.py
[2023-12-04T10:24:25.970+0000] {processor.py:829} INFO - Processing file /home/airflow/.local/lib/python3.8/site-packages/airflow/example_dags/example_setup_teardown.py for tasks to queue
[2023-12-04T10:24:25.978+0000] {logging_mixin.py:154} INFO - [2023-12-04T10:24:25.977+0000] {dagbag.py:536} INFO - Filling up the DagBag from /home/airflow/.local/lib/python3.8/site-packages/airflow/example_dags/example_setup_teardown.py
[2023-12-04T10:24:25.994+0000] {processor.py:839} INFO - DAG(s) dict_keys(['example_setup_teardown']) retrieved from /home/airflow/.local/lib/python3.8/site-packages/airflow/example_dags/example_setup_teardown.py
[2023-12-04T10:24:26.049+0000] {logging_mixin.py:154} INFO - [2023-12-04T10:24:26.049+0000] {dag.py:2941} INFO - Sync 1 DAGs
[2023-12-04T10:24:26.139+0000] {logging_mixin.py:154} INFO - [2023-12-04T10:24:26.139+0000] {dag.py:3722} INFO - Setting next_dagrun for example_setup_teardown to 2023-12-03T10:24:26.138581+00:00, run_after=2023-12-04T10:24:26.138581+00:00
[2023-12-04T10:24:26.206+0000] {processor.py:179} INFO - Processing /home/airflow/.local/lib/python3.8/site-packages/airflow/example_dags/example_setup_teardown.py took 0.276 seconds
[2023-12-04T10:25:02.371+0000] {processor.py:157} INFO - Started process (PID=554) to work on /home/airflow/.local/lib/python3.8/site-packages/airflow/example_dags/example_setup_teardown.py
[2023-12-04T10:25:02.388+0000] {processor.py:829} INFO - Processing file /home/airflow/.local/lib/python3.8/site-packages/airflow/example_dags/example_setup_teardown.py for tasks to queue
[2023-12-04T10:25:02.418+0000] {logging_mixin.py:154} INFO - [2023-12-04T10:25:02.417+0000] {dagbag.py:536} INFO - Filling up the DagBag from /home/airflow/.local/lib/python3.8/site-packages/airflow/example_dags/example_setup_teardown.py
[2023-12-04T10:25:02.496+0000] {processor.py:839} INFO - DAG(s) dict_keys(['example_setup_teardown']) retrieved from /home/airflow/.local/lib/python3.8/site-packages/airflow/example_dags/example_setup_teardown.py
[2023-12-04T10:25:02.840+0000] {logging_mixin.py:154} INFO - [2023-12-04T10:25:02.836+0000] {dag.py:2941} INFO - Sync 1 DAGs
[2023-12-04T10:25:03.527+0000] {logging_mixin.py:154} INFO - [2023-12-04T10:25:03.497+0000] {dag.py:3722} INFO - Setting next_dagrun for example_setup_teardown to 2023-12-03T10:25:03.402839+00:00, run_after=2023-12-04T10:25:03.402839+00:00
[2023-12-04T10:25:04.540+0000] {processor.py:179} INFO - Processing /home/airflow/.local/lib/python3.8/site-packages/airflow/example_dags/example_setup_teardown.py took 2.188 seconds
[2023-12-04T10:25:45.971+0000] {processor.py:157} INFO - Started process (PID=608) to work on /home/airflow/.local/lib/python3.8/site-packages/airflow/example_dags/example_setup_teardown.py
[2023-12-04T10:25:45.980+0000] {processor.py:829} INFO - Processing file /home/airflow/.local/lib/python3.8/site-packages/airflow/example_dags/example_setup_teardown.py for tasks to queue
[2023-12-04T10:25:45.993+0000] {logging_mixin.py:154} INFO - [2023-12-04T10:25:45.991+0000] {dagbag.py:536} INFO - Filling up the DagBag from /home/airflow/.local/lib/python3.8/site-packages/airflow/example_dags/example_setup_teardown.py
[2023-12-04T10:25:46.035+0000] {processor.py:839} INFO - DAG(s) dict_keys(['example_setup_teardown']) retrieved from /home/airflow/.local/lib/python3.8/site-packages/airflow/example_dags/example_setup_teardown.py
[2023-12-04T10:25:46.098+0000] {logging_mixin.py:154} INFO - [2023-12-04T10:25:46.097+0000] {dag.py:2941} INFO - Sync 1 DAGs
[2023-12-04T10:25:46.167+0000] {logging_mixin.py:154} INFO - [2023-12-04T10:25:46.167+0000] {dag.py:3722} INFO - Setting next_dagrun for example_setup_teardown to 2023-12-03T10:25:46.165553+00:00, run_after=2023-12-04T10:25:46.165553+00:00
[2023-12-04T10:25:46.224+0000] {processor.py:179} INFO - Processing /home/airflow/.local/lib/python3.8/site-packages/airflow/example_dags/example_setup_teardown.py took 0.290 seconds
[2023-12-04T10:26:17.378+0000] {processor.py:157} INFO - Started process (PID=662) to work on /home/airflow/.local/lib/python3.8/site-packages/airflow/example_dags/example_setup_teardown.py
[2023-12-04T10:26:17.385+0000] {processor.py:829} INFO - Processing file /home/airflow/.local/lib/python3.8/site-packages/airflow/example_dags/example_setup_teardown.py for tasks to queue
[2023-12-04T10:26:17.398+0000] {logging_mixin.py:154} INFO - [2023-12-04T10:26:17.397+0000] {dagbag.py:536} INFO - Filling up the DagBag from /home/airflow/.local/lib/python3.8/site-packages/airflow/example_dags/example_setup_teardown.py
[2023-12-04T10:26:17.436+0000] {processor.py:839} INFO - DAG(s) dict_keys(['example_setup_teardown']) retrieved from /home/airflow/.local/lib/python3.8/site-packages/airflow/example_dags/example_setup_teardown.py
[2023-12-04T10:26:17.510+0000] {logging_mixin.py:154} INFO - [2023-12-04T10:26:17.509+0000] {dag.py:2941} INFO - Sync 1 DAGs
[2023-12-04T10:26:17.805+0000] {logging_mixin.py:154} INFO - [2023-12-04T10:26:17.804+0000] {dag.py:3722} INFO - Setting next_dagrun for example_setup_teardown to 2023-12-03T10:26:17.803519+00:00, run_after=2023-12-04T10:26:17.803519+00:00
[2023-12-04T10:26:17.900+0000] {processor.py:179} INFO - Processing /home/airflow/.local/lib/python3.8/site-packages/airflow/example_dags/example_setup_teardown.py took 0.539 seconds
[2023-12-04T10:26:52.735+0000] {processor.py:157} INFO - Started process (PID=716) to work on /home/airflow/.local/lib/python3.8/site-packages/airflow/example_dags/example_setup_teardown.py
[2023-12-04T10:26:52.744+0000] {processor.py:829} INFO - Processing file /home/airflow/.local/lib/python3.8/site-packages/airflow/example_dags/example_setup_teardown.py for tasks to queue
[2023-12-04T10:26:52.766+0000] {logging_mixin.py:154} INFO - [2023-12-04T10:26:52.765+0000] {dagbag.py:536} INFO - Filling up the DagBag from /home/airflow/.local/lib/python3.8/site-packages/airflow/example_dags/example_setup_teardown.py
[2023-12-04T10:26:52.799+0000] {processor.py:839} INFO - DAG(s) dict_keys(['example_setup_teardown']) retrieved from /home/airflow/.local/lib/python3.8/site-packages/airflow/example_dags/example_setup_teardown.py
[2023-12-04T10:26:52.922+0000] {logging_mixin.py:154} INFO - [2023-12-04T10:26:52.922+0000] {dag.py:2941} INFO - Sync 1 DAGs
[2023-12-04T10:26:52.976+0000] {logging_mixin.py:154} INFO - [2023-12-04T10:26:52.976+0000] {dag.py:3722} INFO - Setting next_dagrun for example_setup_teardown to 2023-12-03T10:26:52.975903+00:00, run_after=2023-12-04T10:26:52.975903+00:00
[2023-12-04T10:26:53.047+0000] {processor.py:179} INFO - Processing /home/airflow/.local/lib/python3.8/site-packages/airflow/example_dags/example_setup_teardown.py took 0.362 seconds
[2023-12-04T10:27:26.274+0000] {processor.py:157} INFO - Started process (PID=768) to work on /home/airflow/.local/lib/python3.8/site-packages/airflow/example_dags/example_setup_teardown.py
[2023-12-04T10:27:26.286+0000] {processor.py:829} INFO - Processing file /home/airflow/.local/lib/python3.8/site-packages/airflow/example_dags/example_setup_teardown.py for tasks to queue
[2023-12-04T10:27:26.353+0000] {logging_mixin.py:154} INFO - [2023-12-04T10:27:26.351+0000] {dagbag.py:536} INFO - Filling up the DagBag from /home/airflow/.local/lib/python3.8/site-packages/airflow/example_dags/example_setup_teardown.py
[2023-12-04T10:27:28.255+0000] {processor.py:839} INFO - DAG(s) dict_keys(['example_setup_teardown']) retrieved from /home/airflow/.local/lib/python3.8/site-packages/airflow/example_dags/example_setup_teardown.py
[2023-12-04T10:27:28.778+0000] {logging_mixin.py:154} INFO - [2023-12-04T10:27:28.775+0000] {dag.py:2941} INFO - Sync 1 DAGs
[2023-12-04T10:27:28.839+0000] {logging_mixin.py:154} INFO - [2023-12-04T10:27:28.839+0000] {dag.py:3722} INFO - Setting next_dagrun for example_setup_teardown to 2023-12-03T10:27:28.838558+00:00, run_after=2023-12-04T10:27:28.838558+00:00
[2023-12-04T10:27:29.100+0000] {processor.py:179} INFO - Processing /home/airflow/.local/lib/python3.8/site-packages/airflow/example_dags/example_setup_teardown.py took 2.850 seconds
[2023-12-04T10:28:17.863+0000] {processor.py:157} INFO - Started process (PID=830) to work on /home/airflow/.local/lib/python3.8/site-packages/airflow/example_dags/example_setup_teardown.py
[2023-12-04T10:28:17.891+0000] {processor.py:829} INFO - Processing file /home/airflow/.local/lib/python3.8/site-packages/airflow/example_dags/example_setup_teardown.py for tasks to queue
[2023-12-04T10:28:17.928+0000] {logging_mixin.py:154} INFO - [2023-12-04T10:28:17.918+0000] {dagbag.py:536} INFO - Filling up the DagBag from /home/airflow/.local/lib/python3.8/site-packages/airflow/example_dags/example_setup_teardown.py
[2023-12-04T10:28:18.048+0000] {processor.py:839} INFO - DAG(s) dict_keys(['example_setup_teardown']) retrieved from /home/airflow/.local/lib/python3.8/site-packages/airflow/example_dags/example_setup_teardown.py
[2023-12-04T10:28:18.172+0000] {logging_mixin.py:154} INFO - [2023-12-04T10:28:18.171+0000] {dag.py:2941} INFO - Sync 1 DAGs
[2023-12-04T10:28:18.372+0000] {logging_mixin.py:154} INFO - [2023-12-04T10:28:18.372+0000] {dag.py:3722} INFO - Setting next_dagrun for example_setup_teardown to 2023-12-03T10:28:18.371530+00:00, run_after=2023-12-04T10:28:18.371530+00:00
[2023-12-04T10:28:18.543+0000] {processor.py:179} INFO - Processing /home/airflow/.local/lib/python3.8/site-packages/airflow/example_dags/example_setup_teardown.py took 0.699 seconds
[2023-12-04T10:28:54.982+0000] {processor.py:157} INFO - Started process (PID=884) to work on /home/airflow/.local/lib/python3.8/site-packages/airflow/example_dags/example_setup_teardown.py
[2023-12-04T10:28:55.001+0000] {processor.py:829} INFO - Processing file /home/airflow/.local/lib/python3.8/site-packages/airflow/example_dags/example_setup_teardown.py for tasks to queue
[2023-12-04T10:28:55.109+0000] {logging_mixin.py:154} INFO - [2023-12-04T10:28:55.108+0000] {dagbag.py:536} INFO - Filling up the DagBag from /home/airflow/.local/lib/python3.8/site-packages/airflow/example_dags/example_setup_teardown.py
[2023-12-04T10:28:55.368+0000] {processor.py:839} INFO - DAG(s) dict_keys(['example_setup_teardown']) retrieved from /home/airflow/.local/lib/python3.8/site-packages/airflow/example_dags/example_setup_teardown.py
[2023-12-04T10:28:55.865+0000] {logging_mixin.py:154} INFO - [2023-12-04T10:28:55.853+0000] {dag.py:2941} INFO - Sync 1 DAGs
[2023-12-04T10:28:56.231+0000] {logging_mixin.py:154} INFO - [2023-12-04T10:28:56.230+0000] {dag.py:3722} INFO - Setting next_dagrun for example_setup_teardown to 2023-12-03T10:28:56.229077+00:00, run_after=2023-12-04T10:28:56.229077+00:00
[2023-12-04T10:28:57.146+0000] {processor.py:179} INFO - Processing /home/airflow/.local/lib/python3.8/site-packages/airflow/example_dags/example_setup_teardown.py took 2.354 seconds
[2023-12-04T12:02:11.017+0000] {processor.py:157} INFO - Started process (PID=57) to work on /home/airflow/.local/lib/python3.8/site-packages/airflow/example_dags/example_setup_teardown.py
[2023-12-04T12:02:11.022+0000] {processor.py:829} INFO - Processing file /home/airflow/.local/lib/python3.8/site-packages/airflow/example_dags/example_setup_teardown.py for tasks to queue
[2023-12-04T12:02:11.035+0000] {logging_mixin.py:154} INFO - [2023-12-04T12:02:11.034+0000] {dagbag.py:536} INFO - Filling up the DagBag from /home/airflow/.local/lib/python3.8/site-packages/airflow/example_dags/example_setup_teardown.py
[2023-12-04T12:02:11.120+0000] {processor.py:839} INFO - DAG(s) dict_keys(['example_setup_teardown']) retrieved from /home/airflow/.local/lib/python3.8/site-packages/airflow/example_dags/example_setup_teardown.py
[2023-12-04T12:02:11.316+0000] {logging_mixin.py:154} INFO - [2023-12-04T12:02:11.316+0000] {dag.py:2941} INFO - Sync 1 DAGs
[2023-12-04T12:02:11.560+0000] {logging_mixin.py:154} INFO - [2023-12-04T12:02:11.559+0000] {dag.py:3722} INFO - Setting next_dagrun for example_setup_teardown to 2023-12-03T12:02:11.558457+00:00, run_after=2023-12-04T12:02:11.558457+00:00
[2023-12-04T12:02:11.961+0000] {processor.py:179} INFO - Processing /home/airflow/.local/lib/python3.8/site-packages/airflow/example_dags/example_setup_teardown.py took 0.962 seconds
[2023-12-04T12:03:07.496+0000] {processor.py:157} INFO - Started process (PID=119) to work on /home/airflow/.local/lib/python3.8/site-packages/airflow/example_dags/example_setup_teardown.py
[2023-12-04T12:03:07.503+0000] {processor.py:829} INFO - Processing file /home/airflow/.local/lib/python3.8/site-packages/airflow/example_dags/example_setup_teardown.py for tasks to queue
[2023-12-04T12:03:07.532+0000] {logging_mixin.py:154} INFO - [2023-12-04T12:03:07.532+0000] {dagbag.py:536} INFO - Filling up the DagBag from /home/airflow/.local/lib/python3.8/site-packages/airflow/example_dags/example_setup_teardown.py
[2023-12-04T12:03:07.553+0000] {processor.py:839} INFO - DAG(s) dict_keys(['example_setup_teardown']) retrieved from /home/airflow/.local/lib/python3.8/site-packages/airflow/example_dags/example_setup_teardown.py
[2023-12-04T12:03:07.633+0000] {logging_mixin.py:154} INFO - [2023-12-04T12:03:07.633+0000] {dag.py:2941} INFO - Sync 1 DAGs
[2023-12-04T12:03:07.689+0000] {logging_mixin.py:154} INFO - [2023-12-04T12:03:07.688+0000] {dag.py:3722} INFO - Setting next_dagrun for example_setup_teardown to 2023-12-03T12:03:07.687579+00:00, run_after=2023-12-04T12:03:07.687579+00:00
[2023-12-04T12:03:07.772+0000] {processor.py:179} INFO - Processing /home/airflow/.local/lib/python3.8/site-packages/airflow/example_dags/example_setup_teardown.py took 0.301 seconds
[2023-12-04T12:03:38.288+0000] {processor.py:157} INFO - Started process (PID=173) to work on /home/airflow/.local/lib/python3.8/site-packages/airflow/example_dags/example_setup_teardown.py
[2023-12-04T12:03:38.291+0000] {processor.py:829} INFO - Processing file /home/airflow/.local/lib/python3.8/site-packages/airflow/example_dags/example_setup_teardown.py for tasks to queue
[2023-12-04T12:03:38.296+0000] {logging_mixin.py:154} INFO - [2023-12-04T12:03:38.296+0000] {dagbag.py:536} INFO - Filling up the DagBag from /home/airflow/.local/lib/python3.8/site-packages/airflow/example_dags/example_setup_teardown.py
[2023-12-04T12:03:38.319+0000] {processor.py:839} INFO - DAG(s) dict_keys(['example_setup_teardown']) retrieved from /home/airflow/.local/lib/python3.8/site-packages/airflow/example_dags/example_setup_teardown.py
[2023-12-04T12:03:38.377+0000] {logging_mixin.py:154} INFO - [2023-12-04T12:03:38.377+0000] {dag.py:2941} INFO - Sync 1 DAGs
[2023-12-04T12:03:38.418+0000] {logging_mixin.py:154} INFO - [2023-12-04T12:03:38.418+0000] {dag.py:3722} INFO - Setting next_dagrun for example_setup_teardown to 2023-12-03T12:03:38.417597+00:00, run_after=2023-12-04T12:03:38.417597+00:00
[2023-12-04T12:03:38.452+0000] {processor.py:179} INFO - Processing /home/airflow/.local/lib/python3.8/site-packages/airflow/example_dags/example_setup_teardown.py took 0.170 seconds
[2023-12-04T12:04:08.512+0000] {processor.py:157} INFO - Started process (PID=227) to work on /home/airflow/.local/lib/python3.8/site-packages/airflow/example_dags/example_setup_teardown.py
[2023-12-04T12:04:08.514+0000] {processor.py:829} INFO - Processing file /home/airflow/.local/lib/python3.8/site-packages/airflow/example_dags/example_setup_teardown.py for tasks to queue
[2023-12-04T12:04:08.519+0000] {logging_mixin.py:154} INFO - [2023-12-04T12:04:08.518+0000] {dagbag.py:536} INFO - Filling up the DagBag from /home/airflow/.local/lib/python3.8/site-packages/airflow/example_dags/example_setup_teardown.py
[2023-12-04T12:04:08.530+0000] {processor.py:839} INFO - DAG(s) dict_keys(['example_setup_teardown']) retrieved from /home/airflow/.local/lib/python3.8/site-packages/airflow/example_dags/example_setup_teardown.py
[2023-12-04T12:04:08.564+0000] {logging_mixin.py:154} INFO - [2023-12-04T12:04:08.564+0000] {dag.py:2941} INFO - Sync 1 DAGs
[2023-12-04T12:04:08.598+0000] {logging_mixin.py:154} INFO - [2023-12-04T12:04:08.598+0000] {dag.py:3722} INFO - Setting next_dagrun for example_setup_teardown to 2023-12-03T12:04:08.597870+00:00, run_after=2023-12-04T12:04:08.597870+00:00
[2023-12-04T12:04:08.631+0000] {processor.py:179} INFO - Processing /home/airflow/.local/lib/python3.8/site-packages/airflow/example_dags/example_setup_teardown.py took 0.125 seconds
[2023-12-04T12:04:38.921+0000] {processor.py:157} INFO - Started process (PID=281) to work on /home/airflow/.local/lib/python3.8/site-packages/airflow/example_dags/example_setup_teardown.py
[2023-12-04T12:04:38.924+0000] {processor.py:829} INFO - Processing file /home/airflow/.local/lib/python3.8/site-packages/airflow/example_dags/example_setup_teardown.py for tasks to queue
[2023-12-04T12:04:38.928+0000] {logging_mixin.py:154} INFO - [2023-12-04T12:04:38.928+0000] {dagbag.py:536} INFO - Filling up the DagBag from /home/airflow/.local/lib/python3.8/site-packages/airflow/example_dags/example_setup_teardown.py
[2023-12-04T12:04:38.941+0000] {processor.py:839} INFO - DAG(s) dict_keys(['example_setup_teardown']) retrieved from /home/airflow/.local/lib/python3.8/site-packages/airflow/example_dags/example_setup_teardown.py
[2023-12-04T12:04:38.978+0000] {logging_mixin.py:154} INFO - [2023-12-04T12:04:38.978+0000] {dag.py:2941} INFO - Sync 1 DAGs
[2023-12-04T12:04:39.016+0000] {logging_mixin.py:154} INFO - [2023-12-04T12:04:39.015+0000] {dag.py:3722} INFO - Setting next_dagrun for example_setup_teardown to 2023-12-03T12:04:39.015600+00:00, run_after=2023-12-04T12:04:39.015600+00:00
[2023-12-04T12:04:39.060+0000] {processor.py:179} INFO - Processing /home/airflow/.local/lib/python3.8/site-packages/airflow/example_dags/example_setup_teardown.py took 0.144 seconds
[2023-12-04T12:05:10.305+0000] {processor.py:157} INFO - Started process (PID=335) to work on /home/airflow/.local/lib/python3.8/site-packages/airflow/example_dags/example_setup_teardown.py
[2023-12-04T12:05:10.308+0000] {processor.py:829} INFO - Processing file /home/airflow/.local/lib/python3.8/site-packages/airflow/example_dags/example_setup_teardown.py for tasks to queue
[2023-12-04T12:05:10.314+0000] {logging_mixin.py:154} INFO - [2023-12-04T12:05:10.313+0000] {dagbag.py:536} INFO - Filling up the DagBag from /home/airflow/.local/lib/python3.8/site-packages/airflow/example_dags/example_setup_teardown.py
[2023-12-04T12:05:10.325+0000] {processor.py:839} INFO - DAG(s) dict_keys(['example_setup_teardown']) retrieved from /home/airflow/.local/lib/python3.8/site-packages/airflow/example_dags/example_setup_teardown.py
[2023-12-04T12:05:10.360+0000] {logging_mixin.py:154} INFO - [2023-12-04T12:05:10.360+0000] {dag.py:2941} INFO - Sync 1 DAGs
[2023-12-04T12:05:10.395+0000] {logging_mixin.py:154} INFO - [2023-12-04T12:05:10.394+0000] {dag.py:3722} INFO - Setting next_dagrun for example_setup_teardown to 2023-12-03T12:05:10.394473+00:00, run_after=2023-12-04T12:05:10.394473+00:00
[2023-12-04T12:05:10.430+0000] {processor.py:179} INFO - Processing /home/airflow/.local/lib/python3.8/site-packages/airflow/example_dags/example_setup_teardown.py took 0.132 seconds
[2023-12-04T12:05:41.306+0000] {processor.py:157} INFO - Started process (PID=389) to work on /home/airflow/.local/lib/python3.8/site-packages/airflow/example_dags/example_setup_teardown.py
[2023-12-04T12:05:41.311+0000] {processor.py:829} INFO - Processing file /home/airflow/.local/lib/python3.8/site-packages/airflow/example_dags/example_setup_teardown.py for tasks to queue
[2023-12-04T12:05:41.318+0000] {logging_mixin.py:154} INFO - [2023-12-04T12:05:41.318+0000] {dagbag.py:536} INFO - Filling up the DagBag from /home/airflow/.local/lib/python3.8/site-packages/airflow/example_dags/example_setup_teardown.py
[2023-12-04T12:05:41.336+0000] {processor.py:839} INFO - DAG(s) dict_keys(['example_setup_teardown']) retrieved from /home/airflow/.local/lib/python3.8/site-packages/airflow/example_dags/example_setup_teardown.py
[2023-12-04T12:05:41.377+0000] {logging_mixin.py:154} INFO - [2023-12-04T12:05:41.376+0000] {dag.py:2941} INFO - Sync 1 DAGs
[2023-12-04T12:05:41.412+0000] {logging_mixin.py:154} INFO - [2023-12-04T12:05:41.412+0000] {dag.py:3722} INFO - Setting next_dagrun for example_setup_teardown to 2023-12-03T12:05:41.411771+00:00, run_after=2023-12-04T12:05:41.411771+00:00
[2023-12-04T12:05:41.444+0000] {processor.py:179} INFO - Processing /home/airflow/.local/lib/python3.8/site-packages/airflow/example_dags/example_setup_teardown.py took 0.145 seconds
[2023-12-04T12:06:11.685+0000] {processor.py:157} INFO - Started process (PID=443) to work on /home/airflow/.local/lib/python3.8/site-packages/airflow/example_dags/example_setup_teardown.py
[2023-12-04T12:06:11.687+0000] {processor.py:829} INFO - Processing file /home/airflow/.local/lib/python3.8/site-packages/airflow/example_dags/example_setup_teardown.py for tasks to queue
[2023-12-04T12:06:11.692+0000] {logging_mixin.py:154} INFO - [2023-12-04T12:06:11.691+0000] {dagbag.py:536} INFO - Filling up the DagBag from /home/airflow/.local/lib/python3.8/site-packages/airflow/example_dags/example_setup_teardown.py
[2023-12-04T12:06:11.704+0000] {processor.py:839} INFO - DAG(s) dict_keys(['example_setup_teardown']) retrieved from /home/airflow/.local/lib/python3.8/site-packages/airflow/example_dags/example_setup_teardown.py
[2023-12-04T12:06:11.739+0000] {logging_mixin.py:154} INFO - [2023-12-04T12:06:11.739+0000] {dag.py:2941} INFO - Sync 1 DAGs
[2023-12-04T12:06:11.778+0000] {logging_mixin.py:154} INFO - [2023-12-04T12:06:11.778+0000] {dag.py:3722} INFO - Setting next_dagrun for example_setup_teardown to 2023-12-03T12:06:11.777956+00:00, run_after=2023-12-04T12:06:11.777956+00:00
[2023-12-04T12:06:11.813+0000] {processor.py:179} INFO - Processing /home/airflow/.local/lib/python3.8/site-packages/airflow/example_dags/example_setup_teardown.py took 0.134 seconds
[2023-12-04T12:06:42.056+0000] {processor.py:157} INFO - Started process (PID=498) to work on /home/airflow/.local/lib/python3.8/site-packages/airflow/example_dags/example_setup_teardown.py
[2023-12-04T12:06:42.059+0000] {processor.py:829} INFO - Processing file /home/airflow/.local/lib/python3.8/site-packages/airflow/example_dags/example_setup_teardown.py for tasks to queue
[2023-12-04T12:06:42.065+0000] {logging_mixin.py:154} INFO - [2023-12-04T12:06:42.065+0000] {dagbag.py:536} INFO - Filling up the DagBag from /home/airflow/.local/lib/python3.8/site-packages/airflow/example_dags/example_setup_teardown.py
[2023-12-04T12:06:42.077+0000] {processor.py:839} INFO - DAG(s) dict_keys(['example_setup_teardown']) retrieved from /home/airflow/.local/lib/python3.8/site-packages/airflow/example_dags/example_setup_teardown.py
[2023-12-04T12:06:42.111+0000] {logging_mixin.py:154} INFO - [2023-12-04T12:06:42.111+0000] {dag.py:2941} INFO - Sync 1 DAGs
[2023-12-04T12:06:42.144+0000] {logging_mixin.py:154} INFO - [2023-12-04T12:06:42.144+0000] {dag.py:3722} INFO - Setting next_dagrun for example_setup_teardown to 2023-12-03T12:06:42.144400+00:00, run_after=2023-12-04T12:06:42.144400+00:00
[2023-12-04T12:06:42.176+0000] {processor.py:179} INFO - Processing /home/airflow/.local/lib/python3.8/site-packages/airflow/example_dags/example_setup_teardown.py took 0.128 seconds
[2023-12-04T12:07:12.962+0000] {processor.py:157} INFO - Started process (PID=552) to work on /home/airflow/.local/lib/python3.8/site-packages/airflow/example_dags/example_setup_teardown.py
[2023-12-04T12:07:12.964+0000] {processor.py:829} INFO - Processing file /home/airflow/.local/lib/python3.8/site-packages/airflow/example_dags/example_setup_teardown.py for tasks to queue
[2023-12-04T12:07:12.968+0000] {logging_mixin.py:154} INFO - [2023-12-04T12:07:12.968+0000] {dagbag.py:536} INFO - Filling up the DagBag from /home/airflow/.local/lib/python3.8/site-packages/airflow/example_dags/example_setup_teardown.py
[2023-12-04T12:07:12.979+0000] {processor.py:839} INFO - DAG(s) dict_keys(['example_setup_teardown']) retrieved from /home/airflow/.local/lib/python3.8/site-packages/airflow/example_dags/example_setup_teardown.py
[2023-12-04T12:07:13.014+0000] {logging_mixin.py:154} INFO - [2023-12-04T12:07:13.014+0000] {dag.py:2941} INFO - Sync 1 DAGs
[2023-12-04T12:07:13.048+0000] {logging_mixin.py:154} INFO - [2023-12-04T12:07:13.048+0000] {dag.py:3722} INFO - Setting next_dagrun for example_setup_teardown to 2023-12-03T12:07:13.047890+00:00, run_after=2023-12-04T12:07:13.047890+00:00
[2023-12-04T12:07:13.080+0000] {processor.py:179} INFO - Processing /home/airflow/.local/lib/python3.8/site-packages/airflow/example_dags/example_setup_teardown.py took 0.125 seconds
[2023-12-04T12:07:43.702+0000] {processor.py:157} INFO - Started process (PID=606) to work on /home/airflow/.local/lib/python3.8/site-packages/airflow/example_dags/example_setup_teardown.py
[2023-12-04T12:07:43.705+0000] {processor.py:829} INFO - Processing file /home/airflow/.local/lib/python3.8/site-packages/airflow/example_dags/example_setup_teardown.py for tasks to queue
[2023-12-04T12:07:43.710+0000] {logging_mixin.py:154} INFO - [2023-12-04T12:07:43.709+0000] {dagbag.py:536} INFO - Filling up the DagBag from /home/airflow/.local/lib/python3.8/site-packages/airflow/example_dags/example_setup_teardown.py
[2023-12-04T12:07:43.724+0000] {processor.py:839} INFO - DAG(s) dict_keys(['example_setup_teardown']) retrieved from /home/airflow/.local/lib/python3.8/site-packages/airflow/example_dags/example_setup_teardown.py
[2023-12-04T12:07:43.760+0000] {logging_mixin.py:154} INFO - [2023-12-04T12:07:43.760+0000] {dag.py:2941} INFO - Sync 1 DAGs
[2023-12-04T12:07:43.797+0000] {logging_mixin.py:154} INFO - [2023-12-04T12:07:43.797+0000] {dag.py:3722} INFO - Setting next_dagrun for example_setup_teardown to 2023-12-03T12:07:43.796598+00:00, run_after=2023-12-04T12:07:43.796598+00:00
[2023-12-04T12:07:43.830+0000] {processor.py:179} INFO - Processing /home/airflow/.local/lib/python3.8/site-packages/airflow/example_dags/example_setup_teardown.py took 0.134 seconds
[2023-12-04T12:08:14.419+0000] {processor.py:157} INFO - Started process (PID=661) to work on /home/airflow/.local/lib/python3.8/site-packages/airflow/example_dags/example_setup_teardown.py
[2023-12-04T12:08:14.421+0000] {processor.py:829} INFO - Processing file /home/airflow/.local/lib/python3.8/site-packages/airflow/example_dags/example_setup_teardown.py for tasks to queue
[2023-12-04T12:08:14.426+0000] {logging_mixin.py:154} INFO - [2023-12-04T12:08:14.425+0000] {dagbag.py:536} INFO - Filling up the DagBag from /home/airflow/.local/lib/python3.8/site-packages/airflow/example_dags/example_setup_teardown.py
[2023-12-04T12:08:14.438+0000] {processor.py:839} INFO - DAG(s) dict_keys(['example_setup_teardown']) retrieved from /home/airflow/.local/lib/python3.8/site-packages/airflow/example_dags/example_setup_teardown.py
[2023-12-04T12:08:14.473+0000] {logging_mixin.py:154} INFO - [2023-12-04T12:08:14.473+0000] {dag.py:2941} INFO - Sync 1 DAGs
[2023-12-04T12:08:14.511+0000] {logging_mixin.py:154} INFO - [2023-12-04T12:08:14.511+0000] {dag.py:3722} INFO - Setting next_dagrun for example_setup_teardown to 2023-12-03T12:08:14.511104+00:00, run_after=2023-12-04T12:08:14.511104+00:00
[2023-12-04T12:08:14.544+0000] {processor.py:179} INFO - Processing /home/airflow/.local/lib/python3.8/site-packages/airflow/example_dags/example_setup_teardown.py took 0.131 seconds
[2023-12-04T12:08:44.857+0000] {processor.py:157} INFO - Started process (PID=715) to work on /home/airflow/.local/lib/python3.8/site-packages/airflow/example_dags/example_setup_teardown.py
[2023-12-04T12:08:44.860+0000] {processor.py:829} INFO - Processing file /home/airflow/.local/lib/python3.8/site-packages/airflow/example_dags/example_setup_teardown.py for tasks to queue
[2023-12-04T12:08:44.864+0000] {logging_mixin.py:154} INFO - [2023-12-04T12:08:44.864+0000] {dagbag.py:536} INFO - Filling up the DagBag from /home/airflow/.local/lib/python3.8/site-packages/airflow/example_dags/example_setup_teardown.py
[2023-12-04T12:08:44.876+0000] {processor.py:839} INFO - DAG(s) dict_keys(['example_setup_teardown']) retrieved from /home/airflow/.local/lib/python3.8/site-packages/airflow/example_dags/example_setup_teardown.py
[2023-12-04T12:08:44.912+0000] {logging_mixin.py:154} INFO - [2023-12-04T12:08:44.912+0000] {dag.py:2941} INFO - Sync 1 DAGs
[2023-12-04T12:08:44.949+0000] {logging_mixin.py:154} INFO - [2023-12-04T12:08:44.948+0000] {dag.py:3722} INFO - Setting next_dagrun for example_setup_teardown to 2023-12-03T12:08:44.948292+00:00, run_after=2023-12-04T12:08:44.948292+00:00
[2023-12-04T12:08:44.983+0000] {processor.py:179} INFO - Processing /home/airflow/.local/lib/python3.8/site-packages/airflow/example_dags/example_setup_teardown.py took 0.132 seconds
[2023-12-04T12:09:15.397+0000] {processor.py:157} INFO - Started process (PID=769) to work on /home/airflow/.local/lib/python3.8/site-packages/airflow/example_dags/example_setup_teardown.py
[2023-12-04T12:09:15.400+0000] {processor.py:829} INFO - Processing file /home/airflow/.local/lib/python3.8/site-packages/airflow/example_dags/example_setup_teardown.py for tasks to queue
[2023-12-04T12:09:15.405+0000] {logging_mixin.py:154} INFO - [2023-12-04T12:09:15.404+0000] {dagbag.py:536} INFO - Filling up the DagBag from /home/airflow/.local/lib/python3.8/site-packages/airflow/example_dags/example_setup_teardown.py
[2023-12-04T12:09:15.416+0000] {processor.py:839} INFO - DAG(s) dict_keys(['example_setup_teardown']) retrieved from /home/airflow/.local/lib/python3.8/site-packages/airflow/example_dags/example_setup_teardown.py
[2023-12-04T12:09:15.456+0000] {logging_mixin.py:154} INFO - [2023-12-04T12:09:15.455+0000] {dag.py:2941} INFO - Sync 1 DAGs
[2023-12-04T12:09:15.488+0000] {logging_mixin.py:154} INFO - [2023-12-04T12:09:15.487+0000] {dag.py:3722} INFO - Setting next_dagrun for example_setup_teardown to 2023-12-03T12:09:15.487514+00:00, run_after=2023-12-04T12:09:15.487514+00:00
[2023-12-04T12:09:15.541+0000] {processor.py:179} INFO - Processing /home/airflow/.local/lib/python3.8/site-packages/airflow/example_dags/example_setup_teardown.py took 0.151 seconds
[2023-12-04T12:09:45.872+0000] {processor.py:157} INFO - Started process (PID=824) to work on /home/airflow/.local/lib/python3.8/site-packages/airflow/example_dags/example_setup_teardown.py
[2023-12-04T12:09:45.874+0000] {processor.py:829} INFO - Processing file /home/airflow/.local/lib/python3.8/site-packages/airflow/example_dags/example_setup_teardown.py for tasks to queue
[2023-12-04T12:09:45.878+0000] {logging_mixin.py:154} INFO - [2023-12-04T12:09:45.878+0000] {dagbag.py:536} INFO - Filling up the DagBag from /home/airflow/.local/lib/python3.8/site-packages/airflow/example_dags/example_setup_teardown.py
[2023-12-04T12:09:45.890+0000] {processor.py:839} INFO - DAG(s) dict_keys(['example_setup_teardown']) retrieved from /home/airflow/.local/lib/python3.8/site-packages/airflow/example_dags/example_setup_teardown.py
[2023-12-04T12:09:45.928+0000] {logging_mixin.py:154} INFO - [2023-12-04T12:09:45.927+0000] {dag.py:2941} INFO - Sync 1 DAGs
[2023-12-04T12:09:45.963+0000] {logging_mixin.py:154} INFO - [2023-12-04T12:09:45.963+0000] {dag.py:3722} INFO - Setting next_dagrun for example_setup_teardown to 2023-12-03T12:09:45.962761+00:00, run_after=2023-12-04T12:09:45.962761+00:00
[2023-12-04T12:09:46.000+0000] {processor.py:179} INFO - Processing /home/airflow/.local/lib/python3.8/site-packages/airflow/example_dags/example_setup_teardown.py took 0.135 seconds
[2023-12-04T12:10:16.492+0000] {processor.py:157} INFO - Started process (PID=876) to work on /home/airflow/.local/lib/python3.8/site-packages/airflow/example_dags/example_setup_teardown.py
[2023-12-04T12:10:16.495+0000] {processor.py:829} INFO - Processing file /home/airflow/.local/lib/python3.8/site-packages/airflow/example_dags/example_setup_teardown.py for tasks to queue
[2023-12-04T12:10:16.499+0000] {logging_mixin.py:154} INFO - [2023-12-04T12:10:16.499+0000] {dagbag.py:536} INFO - Filling up the DagBag from /home/airflow/.local/lib/python3.8/site-packages/airflow/example_dags/example_setup_teardown.py
[2023-12-04T12:10:16.511+0000] {processor.py:839} INFO - DAG(s) dict_keys(['example_setup_teardown']) retrieved from /home/airflow/.local/lib/python3.8/site-packages/airflow/example_dags/example_setup_teardown.py
[2023-12-04T12:10:16.548+0000] {logging_mixin.py:154} INFO - [2023-12-04T12:10:16.547+0000] {dag.py:2941} INFO - Sync 1 DAGs
[2023-12-04T12:10:16.584+0000] {logging_mixin.py:154} INFO - [2023-12-04T12:10:16.583+0000] {dag.py:3722} INFO - Setting next_dagrun for example_setup_teardown to 2023-12-03T12:10:16.583409+00:00, run_after=2023-12-04T12:10:16.583409+00:00
[2023-12-04T12:10:16.619+0000] {processor.py:179} INFO - Processing /home/airflow/.local/lib/python3.8/site-packages/airflow/example_dags/example_setup_teardown.py took 0.134 seconds
[2023-12-04T12:10:46.885+0000] {processor.py:157} INFO - Started process (PID=931) to work on /home/airflow/.local/lib/python3.8/site-packages/airflow/example_dags/example_setup_teardown.py
[2023-12-04T12:10:46.888+0000] {processor.py:829} INFO - Processing file /home/airflow/.local/lib/python3.8/site-packages/airflow/example_dags/example_setup_teardown.py for tasks to queue
[2023-12-04T12:10:46.893+0000] {logging_mixin.py:154} INFO - [2023-12-04T12:10:46.893+0000] {dagbag.py:536} INFO - Filling up the DagBag from /home/airflow/.local/lib/python3.8/site-packages/airflow/example_dags/example_setup_teardown.py
[2023-12-04T12:10:46.911+0000] {processor.py:839} INFO - DAG(s) dict_keys(['example_setup_teardown']) retrieved from /home/airflow/.local/lib/python3.8/site-packages/airflow/example_dags/example_setup_teardown.py
[2023-12-04T12:10:46.952+0000] {logging_mixin.py:154} INFO - [2023-12-04T12:10:46.951+0000] {dag.py:2941} INFO - Sync 1 DAGs
[2023-12-04T12:10:46.988+0000] {logging_mixin.py:154} INFO - [2023-12-04T12:10:46.987+0000] {dag.py:3722} INFO - Setting next_dagrun for example_setup_teardown to 2023-12-03T12:10:46.987545+00:00, run_after=2023-12-04T12:10:46.987545+00:00
[2023-12-04T12:10:47.017+0000] {processor.py:179} INFO - Processing /home/airflow/.local/lib/python3.8/site-packages/airflow/example_dags/example_setup_teardown.py took 0.137 seconds
[2023-12-04T12:11:17.512+0000] {processor.py:157} INFO - Started process (PID=985) to work on /home/airflow/.local/lib/python3.8/site-packages/airflow/example_dags/example_setup_teardown.py
[2023-12-04T12:11:17.514+0000] {processor.py:829} INFO - Processing file /home/airflow/.local/lib/python3.8/site-packages/airflow/example_dags/example_setup_teardown.py for tasks to queue
[2023-12-04T12:11:17.518+0000] {logging_mixin.py:154} INFO - [2023-12-04T12:11:17.518+0000] {dagbag.py:536} INFO - Filling up the DagBag from /home/airflow/.local/lib/python3.8/site-packages/airflow/example_dags/example_setup_teardown.py
[2023-12-04T12:11:17.531+0000] {processor.py:839} INFO - DAG(s) dict_keys(['example_setup_teardown']) retrieved from /home/airflow/.local/lib/python3.8/site-packages/airflow/example_dags/example_setup_teardown.py
[2023-12-04T12:11:17.568+0000] {logging_mixin.py:154} INFO - [2023-12-04T12:11:17.568+0000] {dag.py:2941} INFO - Sync 1 DAGs
[2023-12-04T12:11:17.603+0000] {logging_mixin.py:154} INFO - [2023-12-04T12:11:17.603+0000] {dag.py:3722} INFO - Setting next_dagrun for example_setup_teardown to 2023-12-03T12:11:17.603108+00:00, run_after=2023-12-04T12:11:17.603108+00:00
[2023-12-04T12:11:17.634+0000] {processor.py:179} INFO - Processing /home/airflow/.local/lib/python3.8/site-packages/airflow/example_dags/example_setup_teardown.py took 0.128 seconds
[2023-12-04T12:11:48.327+0000] {processor.py:157} INFO - Started process (PID=1039) to work on /home/airflow/.local/lib/python3.8/site-packages/airflow/example_dags/example_setup_teardown.py
[2023-12-04T12:11:48.329+0000] {processor.py:829} INFO - Processing file /home/airflow/.local/lib/python3.8/site-packages/airflow/example_dags/example_setup_teardown.py for tasks to queue
[2023-12-04T12:11:48.334+0000] {logging_mixin.py:154} INFO - [2023-12-04T12:11:48.333+0000] {dagbag.py:536} INFO - Filling up the DagBag from /home/airflow/.local/lib/python3.8/site-packages/airflow/example_dags/example_setup_teardown.py
[2023-12-04T12:11:48.346+0000] {processor.py:839} INFO - DAG(s) dict_keys(['example_setup_teardown']) retrieved from /home/airflow/.local/lib/python3.8/site-packages/airflow/example_dags/example_setup_teardown.py
[2023-12-04T12:11:48.381+0000] {logging_mixin.py:154} INFO - [2023-12-04T12:11:48.381+0000] {dag.py:2941} INFO - Sync 1 DAGs
[2023-12-04T12:11:48.417+0000] {logging_mixin.py:154} INFO - [2023-12-04T12:11:48.417+0000] {dag.py:3722} INFO - Setting next_dagrun for example_setup_teardown to 2023-12-03T12:11:48.417268+00:00, run_after=2023-12-04T12:11:48.417268+00:00
[2023-12-04T12:11:48.449+0000] {processor.py:179} INFO - Processing /home/airflow/.local/lib/python3.8/site-packages/airflow/example_dags/example_setup_teardown.py took 0.128 seconds
[2023-12-04T12:12:18.819+0000] {processor.py:157} INFO - Started process (PID=1093) to work on /home/airflow/.local/lib/python3.8/site-packages/airflow/example_dags/example_setup_teardown.py
[2023-12-04T12:12:18.822+0000] {processor.py:829} INFO - Processing file /home/airflow/.local/lib/python3.8/site-packages/airflow/example_dags/example_setup_teardown.py for tasks to queue
[2023-12-04T12:12:18.826+0000] {logging_mixin.py:154} INFO - [2023-12-04T12:12:18.825+0000] {dagbag.py:536} INFO - Filling up the DagBag from /home/airflow/.local/lib/python3.8/site-packages/airflow/example_dags/example_setup_teardown.py
[2023-12-04T12:12:18.838+0000] {processor.py:839} INFO - DAG(s) dict_keys(['example_setup_teardown']) retrieved from /home/airflow/.local/lib/python3.8/site-packages/airflow/example_dags/example_setup_teardown.py
[2023-12-04T12:12:18.875+0000] {logging_mixin.py:154} INFO - [2023-12-04T12:12:18.875+0000] {dag.py:2941} INFO - Sync 1 DAGs
[2023-12-04T12:12:18.915+0000] {logging_mixin.py:154} INFO - [2023-12-04T12:12:18.915+0000] {dag.py:3722} INFO - Setting next_dagrun for example_setup_teardown to 2023-12-03T12:12:18.914654+00:00, run_after=2023-12-04T12:12:18.914654+00:00
[2023-12-04T12:12:18.949+0000] {processor.py:179} INFO - Processing /home/airflow/.local/lib/python3.8/site-packages/airflow/example_dags/example_setup_teardown.py took 0.135 seconds
[2023-12-04T12:12:49.744+0000] {processor.py:157} INFO - Started process (PID=1147) to work on /home/airflow/.local/lib/python3.8/site-packages/airflow/example_dags/example_setup_teardown.py
[2023-12-04T12:12:49.747+0000] {processor.py:829} INFO - Processing file /home/airflow/.local/lib/python3.8/site-packages/airflow/example_dags/example_setup_teardown.py for tasks to queue
[2023-12-04T12:12:49.752+0000] {logging_mixin.py:154} INFO - [2023-12-04T12:12:49.751+0000] {dagbag.py:536} INFO - Filling up the DagBag from /home/airflow/.local/lib/python3.8/site-packages/airflow/example_dags/example_setup_teardown.py
[2023-12-04T12:12:49.765+0000] {processor.py:839} INFO - DAG(s) dict_keys(['example_setup_teardown']) retrieved from /home/airflow/.local/lib/python3.8/site-packages/airflow/example_dags/example_setup_teardown.py
[2023-12-04T12:12:49.811+0000] {logging_mixin.py:154} INFO - [2023-12-04T12:12:49.810+0000] {dag.py:2941} INFO - Sync 1 DAGs
[2023-12-04T12:12:49.846+0000] {logging_mixin.py:154} INFO - [2023-12-04T12:12:49.845+0000] {dag.py:3722} INFO - Setting next_dagrun for example_setup_teardown to 2023-12-03T12:12:49.845412+00:00, run_after=2023-12-04T12:12:49.845412+00:00
[2023-12-04T12:12:49.875+0000] {processor.py:179} INFO - Processing /home/airflow/.local/lib/python3.8/site-packages/airflow/example_dags/example_setup_teardown.py took 0.138 seconds
[2023-12-04T12:13:20.136+0000] {processor.py:157} INFO - Started process (PID=1201) to work on /home/airflow/.local/lib/python3.8/site-packages/airflow/example_dags/example_setup_teardown.py
[2023-12-04T12:13:20.139+0000] {processor.py:829} INFO - Processing file /home/airflow/.local/lib/python3.8/site-packages/airflow/example_dags/example_setup_teardown.py for tasks to queue
[2023-12-04T12:13:20.143+0000] {logging_mixin.py:154} INFO - [2023-12-04T12:13:20.143+0000] {dagbag.py:536} INFO - Filling up the DagBag from /home/airflow/.local/lib/python3.8/site-packages/airflow/example_dags/example_setup_teardown.py
[2023-12-04T12:13:20.155+0000] {processor.py:839} INFO - DAG(s) dict_keys(['example_setup_teardown']) retrieved from /home/airflow/.local/lib/python3.8/site-packages/airflow/example_dags/example_setup_teardown.py
[2023-12-04T12:13:20.190+0000] {logging_mixin.py:154} INFO - [2023-12-04T12:13:20.190+0000] {dag.py:2941} INFO - Sync 1 DAGs
[2023-12-04T12:13:20.226+0000] {logging_mixin.py:154} INFO - [2023-12-04T12:13:20.226+0000] {dag.py:3722} INFO - Setting next_dagrun for example_setup_teardown to 2023-12-03T12:13:20.225725+00:00, run_after=2023-12-04T12:13:20.225725+00:00
[2023-12-04T12:13:20.259+0000] {processor.py:179} INFO - Processing /home/airflow/.local/lib/python3.8/site-packages/airflow/example_dags/example_setup_teardown.py took 0.130 seconds
[2023-12-04T12:13:50.703+0000] {processor.py:157} INFO - Started process (PID=1255) to work on /home/airflow/.local/lib/python3.8/site-packages/airflow/example_dags/example_setup_teardown.py
[2023-12-04T12:13:50.706+0000] {processor.py:829} INFO - Processing file /home/airflow/.local/lib/python3.8/site-packages/airflow/example_dags/example_setup_teardown.py for tasks to queue
[2023-12-04T12:13:50.710+0000] {logging_mixin.py:154} INFO - [2023-12-04T12:13:50.710+0000] {dagbag.py:536} INFO - Filling up the DagBag from /home/airflow/.local/lib/python3.8/site-packages/airflow/example_dags/example_setup_teardown.py
[2023-12-04T12:13:50.729+0000] {processor.py:839} INFO - DAG(s) dict_keys(['example_setup_teardown']) retrieved from /home/airflow/.local/lib/python3.8/site-packages/airflow/example_dags/example_setup_teardown.py
[2023-12-04T12:13:50.770+0000] {logging_mixin.py:154} INFO - [2023-12-04T12:13:50.770+0000] {dag.py:2941} INFO - Sync 1 DAGs
[2023-12-04T12:13:50.821+0000] {logging_mixin.py:154} INFO - [2023-12-04T12:13:50.819+0000] {dag.py:3722} INFO - Setting next_dagrun for example_setup_teardown to 2023-12-03T12:13:50.817709+00:00, run_after=2023-12-04T12:13:50.817709+00:00
[2023-12-04T12:13:50.891+0000] {processor.py:179} INFO - Processing /home/airflow/.local/lib/python3.8/site-packages/airflow/example_dags/example_setup_teardown.py took 0.196 seconds
[2023-12-04T12:14:21.492+0000] {processor.py:157} INFO - Started process (PID=1309) to work on /home/airflow/.local/lib/python3.8/site-packages/airflow/example_dags/example_setup_teardown.py
[2023-12-04T12:14:21.495+0000] {processor.py:829} INFO - Processing file /home/airflow/.local/lib/python3.8/site-packages/airflow/example_dags/example_setup_teardown.py for tasks to queue
[2023-12-04T12:14:21.501+0000] {logging_mixin.py:154} INFO - [2023-12-04T12:14:21.500+0000] {dagbag.py:536} INFO - Filling up the DagBag from /home/airflow/.local/lib/python3.8/site-packages/airflow/example_dags/example_setup_teardown.py
[2023-12-04T12:14:21.513+0000] {processor.py:839} INFO - DAG(s) dict_keys(['example_setup_teardown']) retrieved from /home/airflow/.local/lib/python3.8/site-packages/airflow/example_dags/example_setup_teardown.py
[2023-12-04T12:14:21.552+0000] {logging_mixin.py:154} INFO - [2023-12-04T12:14:21.552+0000] {dag.py:2941} INFO - Sync 1 DAGs
[2023-12-04T12:14:21.586+0000] {logging_mixin.py:154} INFO - [2023-12-04T12:14:21.586+0000] {dag.py:3722} INFO - Setting next_dagrun for example_setup_teardown to 2023-12-03T12:14:21.585806+00:00, run_after=2023-12-04T12:14:21.585806+00:00
[2023-12-04T12:14:21.625+0000] {processor.py:179} INFO - Processing /home/airflow/.local/lib/python3.8/site-packages/airflow/example_dags/example_setup_teardown.py took 0.143 seconds
[2023-12-04T12:14:51.865+0000] {processor.py:157} INFO - Started process (PID=1363) to work on /home/airflow/.local/lib/python3.8/site-packages/airflow/example_dags/example_setup_teardown.py
[2023-12-04T12:14:51.868+0000] {processor.py:829} INFO - Processing file /home/airflow/.local/lib/python3.8/site-packages/airflow/example_dags/example_setup_teardown.py for tasks to queue
[2023-12-04T12:14:51.873+0000] {logging_mixin.py:154} INFO - [2023-12-04T12:14:51.873+0000] {dagbag.py:536} INFO - Filling up the DagBag from /home/airflow/.local/lib/python3.8/site-packages/airflow/example_dags/example_setup_teardown.py
[2023-12-04T12:14:51.886+0000] {processor.py:839} INFO - DAG(s) dict_keys(['example_setup_teardown']) retrieved from /home/airflow/.local/lib/python3.8/site-packages/airflow/example_dags/example_setup_teardown.py
[2023-12-04T12:14:51.923+0000] {logging_mixin.py:154} INFO - [2023-12-04T12:14:51.923+0000] {dag.py:2941} INFO - Sync 1 DAGs
[2023-12-04T12:14:51.957+0000] {logging_mixin.py:154} INFO - [2023-12-04T12:14:51.957+0000] {dag.py:3722} INFO - Setting next_dagrun for example_setup_teardown to 2023-12-03T12:14:51.956999+00:00, run_after=2023-12-04T12:14:51.956999+00:00
[2023-12-04T12:14:51.991+0000] {processor.py:179} INFO - Processing /home/airflow/.local/lib/python3.8/site-packages/airflow/example_dags/example_setup_teardown.py took 0.132 seconds
[2023-12-04T12:15:22.688+0000] {processor.py:157} INFO - Started process (PID=1417) to work on /home/airflow/.local/lib/python3.8/site-packages/airflow/example_dags/example_setup_teardown.py
[2023-12-04T12:15:22.690+0000] {processor.py:829} INFO - Processing file /home/airflow/.local/lib/python3.8/site-packages/airflow/example_dags/example_setup_teardown.py for tasks to queue
[2023-12-04T12:15:22.696+0000] {logging_mixin.py:154} INFO - [2023-12-04T12:15:22.695+0000] {dagbag.py:536} INFO - Filling up the DagBag from /home/airflow/.local/lib/python3.8/site-packages/airflow/example_dags/example_setup_teardown.py
[2023-12-04T12:15:22.712+0000] {processor.py:839} INFO - DAG(s) dict_keys(['example_setup_teardown']) retrieved from /home/airflow/.local/lib/python3.8/site-packages/airflow/example_dags/example_setup_teardown.py
[2023-12-04T12:15:22.841+0000] {logging_mixin.py:154} INFO - [2023-12-04T12:15:22.840+0000] {dag.py:2941} INFO - Sync 1 DAGs
[2023-12-04T12:15:22.924+0000] {logging_mixin.py:154} INFO - [2023-12-04T12:15:22.923+0000] {dag.py:3722} INFO - Setting next_dagrun for example_setup_teardown to 2023-12-03T12:15:22.923341+00:00, run_after=2023-12-04T12:15:22.923341+00:00
[2023-12-04T12:15:22.989+0000] {processor.py:179} INFO - Processing /home/airflow/.local/lib/python3.8/site-packages/airflow/example_dags/example_setup_teardown.py took 0.311 seconds
[2023-12-04T12:15:53.043+0000] {processor.py:157} INFO - Started process (PID=1470) to work on /home/airflow/.local/lib/python3.8/site-packages/airflow/example_dags/example_setup_teardown.py
[2023-12-04T12:15:53.045+0000] {processor.py:829} INFO - Processing file /home/airflow/.local/lib/python3.8/site-packages/airflow/example_dags/example_setup_teardown.py for tasks to queue
[2023-12-04T12:15:53.049+0000] {logging_mixin.py:154} INFO - [2023-12-04T12:15:53.049+0000] {dagbag.py:536} INFO - Filling up the DagBag from /home/airflow/.local/lib/python3.8/site-packages/airflow/example_dags/example_setup_teardown.py
[2023-12-04T12:15:53.065+0000] {processor.py:839} INFO - DAG(s) dict_keys(['example_setup_teardown']) retrieved from /home/airflow/.local/lib/python3.8/site-packages/airflow/example_dags/example_setup_teardown.py
[2023-12-04T12:15:53.105+0000] {logging_mixin.py:154} INFO - [2023-12-04T12:15:53.105+0000] {dag.py:2941} INFO - Sync 1 DAGs
[2023-12-04T12:15:53.141+0000] {logging_mixin.py:154} INFO - [2023-12-04T12:15:53.140+0000] {dag.py:3722} INFO - Setting next_dagrun for example_setup_teardown to 2023-12-03T12:15:53.140489+00:00, run_after=2023-12-04T12:15:53.140489+00:00
[2023-12-04T12:15:53.176+0000] {processor.py:179} INFO - Processing /home/airflow/.local/lib/python3.8/site-packages/airflow/example_dags/example_setup_teardown.py took 0.139 seconds
[2023-12-04T12:16:23.384+0000] {processor.py:157} INFO - Started process (PID=1525) to work on /home/airflow/.local/lib/python3.8/site-packages/airflow/example_dags/example_setup_teardown.py
[2023-12-04T12:16:23.386+0000] {processor.py:829} INFO - Processing file /home/airflow/.local/lib/python3.8/site-packages/airflow/example_dags/example_setup_teardown.py for tasks to queue
[2023-12-04T12:16:23.390+0000] {logging_mixin.py:154} INFO - [2023-12-04T12:16:23.390+0000] {dagbag.py:536} INFO - Filling up the DagBag from /home/airflow/.local/lib/python3.8/site-packages/airflow/example_dags/example_setup_teardown.py
[2023-12-04T12:16:23.402+0000] {processor.py:839} INFO - DAG(s) dict_keys(['example_setup_teardown']) retrieved from /home/airflow/.local/lib/python3.8/site-packages/airflow/example_dags/example_setup_teardown.py
[2023-12-04T12:16:23.436+0000] {logging_mixin.py:154} INFO - [2023-12-04T12:16:23.436+0000] {dag.py:2941} INFO - Sync 1 DAGs
[2023-12-04T12:16:23.469+0000] {logging_mixin.py:154} INFO - [2023-12-04T12:16:23.469+0000] {dag.py:3722} INFO - Setting next_dagrun for example_setup_teardown to 2023-12-03T12:16:23.469257+00:00, run_after=2023-12-04T12:16:23.469257+00:00
[2023-12-04T12:16:23.503+0000] {processor.py:179} INFO - Processing /home/airflow/.local/lib/python3.8/site-packages/airflow/example_dags/example_setup_teardown.py took 0.125 seconds
[2023-12-04T12:16:53.852+0000] {processor.py:157} INFO - Started process (PID=1579) to work on /home/airflow/.local/lib/python3.8/site-packages/airflow/example_dags/example_setup_teardown.py
[2023-12-04T12:16:53.855+0000] {processor.py:829} INFO - Processing file /home/airflow/.local/lib/python3.8/site-packages/airflow/example_dags/example_setup_teardown.py for tasks to queue
[2023-12-04T12:16:53.862+0000] {logging_mixin.py:154} INFO - [2023-12-04T12:16:53.861+0000] {dagbag.py:536} INFO - Filling up the DagBag from /home/airflow/.local/lib/python3.8/site-packages/airflow/example_dags/example_setup_teardown.py
[2023-12-04T12:16:53.878+0000] {processor.py:839} INFO - DAG(s) dict_keys(['example_setup_teardown']) retrieved from /home/airflow/.local/lib/python3.8/site-packages/airflow/example_dags/example_setup_teardown.py
[2023-12-04T12:16:53.923+0000] {logging_mixin.py:154} INFO - [2023-12-04T12:16:53.922+0000] {dag.py:2941} INFO - Sync 1 DAGs
[2023-12-04T12:16:53.966+0000] {logging_mixin.py:154} INFO - [2023-12-04T12:16:53.965+0000] {dag.py:3722} INFO - Setting next_dagrun for example_setup_teardown to 2023-12-03T12:16:53.965542+00:00, run_after=2023-12-04T12:16:53.965542+00:00
[2023-12-04T12:16:53.997+0000] {processor.py:179} INFO - Processing /home/airflow/.local/lib/python3.8/site-packages/airflow/example_dags/example_setup_teardown.py took 0.154 seconds
[2023-12-04T12:17:24.253+0000] {processor.py:157} INFO - Started process (PID=1633) to work on /home/airflow/.local/lib/python3.8/site-packages/airflow/example_dags/example_setup_teardown.py
[2023-12-04T12:17:24.256+0000] {processor.py:829} INFO - Processing file /home/airflow/.local/lib/python3.8/site-packages/airflow/example_dags/example_setup_teardown.py for tasks to queue
[2023-12-04T12:17:24.261+0000] {logging_mixin.py:154} INFO - [2023-12-04T12:17:24.260+0000] {dagbag.py:536} INFO - Filling up the DagBag from /home/airflow/.local/lib/python3.8/site-packages/airflow/example_dags/example_setup_teardown.py
[2023-12-04T12:17:24.274+0000] {processor.py:839} INFO - DAG(s) dict_keys(['example_setup_teardown']) retrieved from /home/airflow/.local/lib/python3.8/site-packages/airflow/example_dags/example_setup_teardown.py
[2023-12-04T12:17:24.309+0000] {logging_mixin.py:154} INFO - [2023-12-04T12:17:24.309+0000] {dag.py:2941} INFO - Sync 1 DAGs
[2023-12-04T12:17:24.345+0000] {logging_mixin.py:154} INFO - [2023-12-04T12:17:24.345+0000] {dag.py:3722} INFO - Setting next_dagrun for example_setup_teardown to 2023-12-03T12:17:24.345005+00:00, run_after=2023-12-04T12:17:24.345005+00:00
[2023-12-04T12:17:24.380+0000] {processor.py:179} INFO - Processing /home/airflow/.local/lib/python3.8/site-packages/airflow/example_dags/example_setup_teardown.py took 0.132 seconds
[2023-12-04T12:17:54.574+0000] {processor.py:157} INFO - Started process (PID=1687) to work on /home/airflow/.local/lib/python3.8/site-packages/airflow/example_dags/example_setup_teardown.py
[2023-12-04T12:17:54.577+0000] {processor.py:829} INFO - Processing file /home/airflow/.local/lib/python3.8/site-packages/airflow/example_dags/example_setup_teardown.py for tasks to queue
[2023-12-04T12:17:54.584+0000] {logging_mixin.py:154} INFO - [2023-12-04T12:17:54.583+0000] {dagbag.py:536} INFO - Filling up the DagBag from /home/airflow/.local/lib/python3.8/site-packages/airflow/example_dags/example_setup_teardown.py
[2023-12-04T12:17:54.595+0000] {processor.py:839} INFO - DAG(s) dict_keys(['example_setup_teardown']) retrieved from /home/airflow/.local/lib/python3.8/site-packages/airflow/example_dags/example_setup_teardown.py
[2023-12-04T12:17:54.634+0000] {logging_mixin.py:154} INFO - [2023-12-04T12:17:54.634+0000] {dag.py:2941} INFO - Sync 1 DAGs
[2023-12-04T12:17:54.668+0000] {logging_mixin.py:154} INFO - [2023-12-04T12:17:54.668+0000] {dag.py:3722} INFO - Setting next_dagrun for example_setup_teardown to 2023-12-03T12:17:54.668146+00:00, run_after=2023-12-04T12:17:54.668146+00:00
[2023-12-04T12:17:54.704+0000] {processor.py:179} INFO - Processing /home/airflow/.local/lib/python3.8/site-packages/airflow/example_dags/example_setup_teardown.py took 0.141 seconds
[2023-12-04T12:18:24.979+0000] {processor.py:157} INFO - Started process (PID=1747) to work on /home/airflow/.local/lib/python3.8/site-packages/airflow/example_dags/example_setup_teardown.py
[2023-12-04T12:18:24.982+0000] {processor.py:829} INFO - Processing file /home/airflow/.local/lib/python3.8/site-packages/airflow/example_dags/example_setup_teardown.py for tasks to queue
[2023-12-04T12:18:24.999+0000] {logging_mixin.py:154} INFO - [2023-12-04T12:18:24.998+0000] {dagbag.py:536} INFO - Filling up the DagBag from /home/airflow/.local/lib/python3.8/site-packages/airflow/example_dags/example_setup_teardown.py
[2023-12-04T12:18:25.015+0000] {processor.py:839} INFO - DAG(s) dict_keys(['example_setup_teardown']) retrieved from /home/airflow/.local/lib/python3.8/site-packages/airflow/example_dags/example_setup_teardown.py
[2023-12-04T12:18:25.055+0000] {logging_mixin.py:154} INFO - [2023-12-04T12:18:25.055+0000] {dag.py:2941} INFO - Sync 1 DAGs
[2023-12-04T12:18:25.090+0000] {logging_mixin.py:154} INFO - [2023-12-04T12:18:25.090+0000] {dag.py:3722} INFO - Setting next_dagrun for example_setup_teardown to 2023-12-03T12:18:25.090147+00:00, run_after=2023-12-04T12:18:25.090147+00:00
[2023-12-04T12:18:25.127+0000] {processor.py:179} INFO - Processing /home/airflow/.local/lib/python3.8/site-packages/airflow/example_dags/example_setup_teardown.py took 0.155 seconds
[2023-12-04T12:18:55.605+0000] {processor.py:157} INFO - Started process (PID=1802) to work on /home/airflow/.local/lib/python3.8/site-packages/airflow/example_dags/example_setup_teardown.py
[2023-12-04T12:18:55.608+0000] {processor.py:829} INFO - Processing file /home/airflow/.local/lib/python3.8/site-packages/airflow/example_dags/example_setup_teardown.py for tasks to queue
[2023-12-04T12:18:55.613+0000] {logging_mixin.py:154} INFO - [2023-12-04T12:18:55.612+0000] {dagbag.py:536} INFO - Filling up the DagBag from /home/airflow/.local/lib/python3.8/site-packages/airflow/example_dags/example_setup_teardown.py
[2023-12-04T12:18:55.624+0000] {processor.py:839} INFO - DAG(s) dict_keys(['example_setup_teardown']) retrieved from /home/airflow/.local/lib/python3.8/site-packages/airflow/example_dags/example_setup_teardown.py
[2023-12-04T12:18:55.658+0000] {logging_mixin.py:154} INFO - [2023-12-04T12:18:55.658+0000] {dag.py:2941} INFO - Sync 1 DAGs
[2023-12-04T12:18:55.693+0000] {logging_mixin.py:154} INFO - [2023-12-04T12:18:55.692+0000] {dag.py:3722} INFO - Setting next_dagrun for example_setup_teardown to 2023-12-03T12:18:55.692617+00:00, run_after=2023-12-04T12:18:55.692617+00:00
[2023-12-04T12:18:55.731+0000] {processor.py:179} INFO - Processing /home/airflow/.local/lib/python3.8/site-packages/airflow/example_dags/example_setup_teardown.py took 0.132 seconds
[2023-12-04T12:19:26.488+0000] {processor.py:157} INFO - Started process (PID=1856) to work on /home/airflow/.local/lib/python3.8/site-packages/airflow/example_dags/example_setup_teardown.py
[2023-12-04T12:19:26.491+0000] {processor.py:829} INFO - Processing file /home/airflow/.local/lib/python3.8/site-packages/airflow/example_dags/example_setup_teardown.py for tasks to queue
[2023-12-04T12:19:26.496+0000] {logging_mixin.py:154} INFO - [2023-12-04T12:19:26.495+0000] {dagbag.py:536} INFO - Filling up the DagBag from /home/airflow/.local/lib/python3.8/site-packages/airflow/example_dags/example_setup_teardown.py
[2023-12-04T12:19:26.507+0000] {processor.py:839} INFO - DAG(s) dict_keys(['example_setup_teardown']) retrieved from /home/airflow/.local/lib/python3.8/site-packages/airflow/example_dags/example_setup_teardown.py
[2023-12-04T12:19:26.547+0000] {logging_mixin.py:154} INFO - [2023-12-04T12:19:26.546+0000] {dag.py:2941} INFO - Sync 1 DAGs
[2023-12-04T12:19:26.588+0000] {logging_mixin.py:154} INFO - [2023-12-04T12:19:26.588+0000] {dag.py:3722} INFO - Setting next_dagrun for example_setup_teardown to 2023-12-03T12:19:26.587795+00:00, run_after=2023-12-04T12:19:26.587795+00:00
[2023-12-04T12:19:26.625+0000] {processor.py:179} INFO - Processing /home/airflow/.local/lib/python3.8/site-packages/airflow/example_dags/example_setup_teardown.py took 0.143 seconds
[2023-12-04T12:19:56.724+0000] {processor.py:157} INFO - Started process (PID=1911) to work on /home/airflow/.local/lib/python3.8/site-packages/airflow/example_dags/example_setup_teardown.py
[2023-12-04T12:19:56.727+0000] {processor.py:829} INFO - Processing file /home/airflow/.local/lib/python3.8/site-packages/airflow/example_dags/example_setup_teardown.py for tasks to queue
[2023-12-04T12:19:56.733+0000] {logging_mixin.py:154} INFO - [2023-12-04T12:19:56.732+0000] {dagbag.py:536} INFO - Filling up the DagBag from /home/airflow/.local/lib/python3.8/site-packages/airflow/example_dags/example_setup_teardown.py
[2023-12-04T12:19:56.746+0000] {processor.py:839} INFO - DAG(s) dict_keys(['example_setup_teardown']) retrieved from /home/airflow/.local/lib/python3.8/site-packages/airflow/example_dags/example_setup_teardown.py
[2023-12-04T12:19:56.785+0000] {logging_mixin.py:154} INFO - [2023-12-04T12:19:56.785+0000] {dag.py:2941} INFO - Sync 1 DAGs
[2023-12-04T12:19:56.821+0000] {logging_mixin.py:154} INFO - [2023-12-04T12:19:56.820+0000] {dag.py:3722} INFO - Setting next_dagrun for example_setup_teardown to 2023-12-03T12:19:56.820560+00:00, run_after=2023-12-04T12:19:56.820560+00:00
[2023-12-04T12:19:56.853+0000] {processor.py:179} INFO - Processing /home/airflow/.local/lib/python3.8/site-packages/airflow/example_dags/example_setup_teardown.py took 0.135 seconds
[2023-12-04T12:20:27.409+0000] {processor.py:157} INFO - Started process (PID=1965) to work on /home/airflow/.local/lib/python3.8/site-packages/airflow/example_dags/example_setup_teardown.py
[2023-12-04T12:20:27.411+0000] {processor.py:829} INFO - Processing file /home/airflow/.local/lib/python3.8/site-packages/airflow/example_dags/example_setup_teardown.py for tasks to queue
[2023-12-04T12:20:27.417+0000] {logging_mixin.py:154} INFO - [2023-12-04T12:20:27.416+0000] {dagbag.py:536} INFO - Filling up the DagBag from /home/airflow/.local/lib/python3.8/site-packages/airflow/example_dags/example_setup_teardown.py
[2023-12-04T12:20:27.428+0000] {processor.py:839} INFO - DAG(s) dict_keys(['example_setup_teardown']) retrieved from /home/airflow/.local/lib/python3.8/site-packages/airflow/example_dags/example_setup_teardown.py
[2023-12-04T12:20:27.475+0000] {logging_mixin.py:154} INFO - [2023-12-04T12:20:27.475+0000] {dag.py:2941} INFO - Sync 1 DAGs
[2023-12-04T12:20:27.509+0000] {logging_mixin.py:154} INFO - [2023-12-04T12:20:27.509+0000] {dag.py:3722} INFO - Setting next_dagrun for example_setup_teardown to 2023-12-03T12:20:27.508742+00:00, run_after=2023-12-04T12:20:27.508742+00:00
[2023-12-04T12:20:27.547+0000] {processor.py:179} INFO - Processing /home/airflow/.local/lib/python3.8/site-packages/airflow/example_dags/example_setup_teardown.py took 0.144 seconds
[2023-12-04T12:20:57.866+0000] {processor.py:157} INFO - Started process (PID=2019) to work on /home/airflow/.local/lib/python3.8/site-packages/airflow/example_dags/example_setup_teardown.py
[2023-12-04T12:20:57.868+0000] {processor.py:829} INFO - Processing file /home/airflow/.local/lib/python3.8/site-packages/airflow/example_dags/example_setup_teardown.py for tasks to queue
[2023-12-04T12:20:57.872+0000] {logging_mixin.py:154} INFO - [2023-12-04T12:20:57.872+0000] {dagbag.py:536} INFO - Filling up the DagBag from /home/airflow/.local/lib/python3.8/site-packages/airflow/example_dags/example_setup_teardown.py
[2023-12-04T12:20:57.884+0000] {processor.py:839} INFO - DAG(s) dict_keys(['example_setup_teardown']) retrieved from /home/airflow/.local/lib/python3.8/site-packages/airflow/example_dags/example_setup_teardown.py
[2023-12-04T12:20:57.919+0000] {logging_mixin.py:154} INFO - [2023-12-04T12:20:57.919+0000] {dag.py:2941} INFO - Sync 1 DAGs
[2023-12-04T12:20:57.955+0000] {logging_mixin.py:154} INFO - [2023-12-04T12:20:57.955+0000] {dag.py:3722} INFO - Setting next_dagrun for example_setup_teardown to 2023-12-03T12:20:57.955114+00:00, run_after=2023-12-04T12:20:57.955114+00:00
[2023-12-04T12:20:57.993+0000] {processor.py:179} INFO - Processing /home/airflow/.local/lib/python3.8/site-packages/airflow/example_dags/example_setup_teardown.py took 0.134 seconds
[2023-12-04T12:21:29.113+0000] {processor.py:157} INFO - Started process (PID=2072) to work on /home/airflow/.local/lib/python3.8/site-packages/airflow/example_dags/example_setup_teardown.py
[2023-12-04T12:21:29.118+0000] {processor.py:829} INFO - Processing file /home/airflow/.local/lib/python3.8/site-packages/airflow/example_dags/example_setup_teardown.py for tasks to queue
[2023-12-04T12:21:29.125+0000] {logging_mixin.py:154} INFO - [2023-12-04T12:21:29.124+0000] {dagbag.py:536} INFO - Filling up the DagBag from /home/airflow/.local/lib/python3.8/site-packages/airflow/example_dags/example_setup_teardown.py
[2023-12-04T12:21:29.143+0000] {processor.py:839} INFO - DAG(s) dict_keys(['example_setup_teardown']) retrieved from /home/airflow/.local/lib/python3.8/site-packages/airflow/example_dags/example_setup_teardown.py
[2023-12-04T12:21:29.190+0000] {logging_mixin.py:154} INFO - [2023-12-04T12:21:29.190+0000] {dag.py:2941} INFO - Sync 1 DAGs
[2023-12-04T12:21:29.230+0000] {logging_mixin.py:154} INFO - [2023-12-04T12:21:29.229+0000] {dag.py:3722} INFO - Setting next_dagrun for example_setup_teardown to 2023-12-03T12:21:29.229507+00:00, run_after=2023-12-04T12:21:29.229507+00:00
[2023-12-04T12:21:29.269+0000] {processor.py:179} INFO - Processing /home/airflow/.local/lib/python3.8/site-packages/airflow/example_dags/example_setup_teardown.py took 0.173 seconds
[2023-12-04T12:22:00.012+0000] {processor.py:157} INFO - Started process (PID=2126) to work on /home/airflow/.local/lib/python3.8/site-packages/airflow/example_dags/example_setup_teardown.py
[2023-12-04T12:22:00.016+0000] {processor.py:829} INFO - Processing file /home/airflow/.local/lib/python3.8/site-packages/airflow/example_dags/example_setup_teardown.py for tasks to queue
[2023-12-04T12:22:00.022+0000] {logging_mixin.py:154} INFO - [2023-12-04T12:22:00.022+0000] {dagbag.py:536} INFO - Filling up the DagBag from /home/airflow/.local/lib/python3.8/site-packages/airflow/example_dags/example_setup_teardown.py
[2023-12-04T12:22:00.035+0000] {processor.py:839} INFO - DAG(s) dict_keys(['example_setup_teardown']) retrieved from /home/airflow/.local/lib/python3.8/site-packages/airflow/example_dags/example_setup_teardown.py
[2023-12-04T12:22:00.077+0000] {logging_mixin.py:154} INFO - [2023-12-04T12:22:00.077+0000] {dag.py:2941} INFO - Sync 1 DAGs
[2023-12-04T12:22:00.116+0000] {logging_mixin.py:154} INFO - [2023-12-04T12:22:00.116+0000] {dag.py:3722} INFO - Setting next_dagrun for example_setup_teardown to 2023-12-03T12:22:00.115884+00:00, run_after=2023-12-04T12:22:00.115884+00:00
[2023-12-04T12:22:00.152+0000] {processor.py:179} INFO - Processing /home/airflow/.local/lib/python3.8/site-packages/airflow/example_dags/example_setup_teardown.py took 0.148 seconds
[2023-12-04T12:22:30.492+0000] {processor.py:157} INFO - Started process (PID=2180) to work on /home/airflow/.local/lib/python3.8/site-packages/airflow/example_dags/example_setup_teardown.py
[2023-12-04T12:22:30.494+0000] {processor.py:829} INFO - Processing file /home/airflow/.local/lib/python3.8/site-packages/airflow/example_dags/example_setup_teardown.py for tasks to queue
[2023-12-04T12:22:30.499+0000] {logging_mixin.py:154} INFO - [2023-12-04T12:22:30.499+0000] {dagbag.py:536} INFO - Filling up the DagBag from /home/airflow/.local/lib/python3.8/site-packages/airflow/example_dags/example_setup_teardown.py
[2023-12-04T12:22:30.512+0000] {processor.py:839} INFO - DAG(s) dict_keys(['example_setup_teardown']) retrieved from /home/airflow/.local/lib/python3.8/site-packages/airflow/example_dags/example_setup_teardown.py
[2023-12-04T12:22:30.547+0000] {logging_mixin.py:154} INFO - [2023-12-04T12:22:30.547+0000] {dag.py:2941} INFO - Sync 1 DAGs
[2023-12-04T12:22:30.589+0000] {logging_mixin.py:154} INFO - [2023-12-04T12:22:30.589+0000] {dag.py:3722} INFO - Setting next_dagrun for example_setup_teardown to 2023-12-03T12:22:30.589075+00:00, run_after=2023-12-04T12:22:30.589075+00:00
[2023-12-04T12:22:30.812+0000] {processor.py:179} INFO - Processing /home/airflow/.local/lib/python3.8/site-packages/airflow/example_dags/example_setup_teardown.py took 0.327 seconds
[2023-12-04T12:23:00.922+0000] {processor.py:157} INFO - Started process (PID=2233) to work on /home/airflow/.local/lib/python3.8/site-packages/airflow/example_dags/example_setup_teardown.py
[2023-12-04T12:23:00.925+0000] {processor.py:829} INFO - Processing file /home/airflow/.local/lib/python3.8/site-packages/airflow/example_dags/example_setup_teardown.py for tasks to queue
[2023-12-04T12:23:00.929+0000] {logging_mixin.py:154} INFO - [2023-12-04T12:23:00.929+0000] {dagbag.py:536} INFO - Filling up the DagBag from /home/airflow/.local/lib/python3.8/site-packages/airflow/example_dags/example_setup_teardown.py
[2023-12-04T12:23:00.942+0000] {processor.py:839} INFO - DAG(s) dict_keys(['example_setup_teardown']) retrieved from /home/airflow/.local/lib/python3.8/site-packages/airflow/example_dags/example_setup_teardown.py
[2023-12-04T12:23:00.982+0000] {logging_mixin.py:154} INFO - [2023-12-04T12:23:00.981+0000] {dag.py:2941} INFO - Sync 1 DAGs
[2023-12-04T12:23:01.016+0000] {logging_mixin.py:154} INFO - [2023-12-04T12:23:01.015+0000] {dag.py:3722} INFO - Setting next_dagrun for example_setup_teardown to 2023-12-03T12:23:01.015479+00:00, run_after=2023-12-04T12:23:01.015479+00:00
[2023-12-04T12:23:01.051+0000] {processor.py:179} INFO - Processing /home/airflow/.local/lib/python3.8/site-packages/airflow/example_dags/example_setup_teardown.py took 0.136 seconds
[2023-12-04T12:23:32.069+0000] {processor.py:157} INFO - Started process (PID=2287) to work on /home/airflow/.local/lib/python3.8/site-packages/airflow/example_dags/example_setup_teardown.py
[2023-12-04T12:23:32.072+0000] {processor.py:829} INFO - Processing file /home/airflow/.local/lib/python3.8/site-packages/airflow/example_dags/example_setup_teardown.py for tasks to queue
[2023-12-04T12:23:32.081+0000] {logging_mixin.py:154} INFO - [2023-12-04T12:23:32.080+0000] {dagbag.py:536} INFO - Filling up the DagBag from /home/airflow/.local/lib/python3.8/site-packages/airflow/example_dags/example_setup_teardown.py
[2023-12-04T12:23:32.093+0000] {processor.py:839} INFO - DAG(s) dict_keys(['example_setup_teardown']) retrieved from /home/airflow/.local/lib/python3.8/site-packages/airflow/example_dags/example_setup_teardown.py
[2023-12-04T12:23:32.157+0000] {logging_mixin.py:154} INFO - [2023-12-04T12:23:32.156+0000] {dag.py:2941} INFO - Sync 1 DAGs
[2023-12-04T12:23:32.232+0000] {logging_mixin.py:154} INFO - [2023-12-04T12:23:32.231+0000] {dag.py:3722} INFO - Setting next_dagrun for example_setup_teardown to 2023-12-03T12:23:32.231577+00:00, run_after=2023-12-04T12:23:32.231577+00:00
[2023-12-04T12:23:32.295+0000] {processor.py:179} INFO - Processing /home/airflow/.local/lib/python3.8/site-packages/airflow/example_dags/example_setup_teardown.py took 0.235 seconds
[2023-12-04T12:24:02.358+0000] {processor.py:157} INFO - Started process (PID=2340) to work on /home/airflow/.local/lib/python3.8/site-packages/airflow/example_dags/example_setup_teardown.py
[2023-12-04T12:24:02.361+0000] {processor.py:829} INFO - Processing file /home/airflow/.local/lib/python3.8/site-packages/airflow/example_dags/example_setup_teardown.py for tasks to queue
[2023-12-04T12:24:02.368+0000] {logging_mixin.py:154} INFO - [2023-12-04T12:24:02.368+0000] {dagbag.py:536} INFO - Filling up the DagBag from /home/airflow/.local/lib/python3.8/site-packages/airflow/example_dags/example_setup_teardown.py
[2023-12-04T12:24:02.380+0000] {processor.py:839} INFO - DAG(s) dict_keys(['example_setup_teardown']) retrieved from /home/airflow/.local/lib/python3.8/site-packages/airflow/example_dags/example_setup_teardown.py
[2023-12-04T12:24:02.423+0000] {logging_mixin.py:154} INFO - [2023-12-04T12:24:02.422+0000] {dag.py:2941} INFO - Sync 1 DAGs
[2023-12-04T12:24:02.466+0000] {logging_mixin.py:154} INFO - [2023-12-04T12:24:02.466+0000] {dag.py:3722} INFO - Setting next_dagrun for example_setup_teardown to 2023-12-03T12:24:02.466269+00:00, run_after=2023-12-04T12:24:02.466269+00:00
[2023-12-04T12:24:02.501+0000] {processor.py:179} INFO - Processing /home/airflow/.local/lib/python3.8/site-packages/airflow/example_dags/example_setup_teardown.py took 0.152 seconds
[2023-12-04T12:24:32.869+0000] {processor.py:157} INFO - Started process (PID=2394) to work on /home/airflow/.local/lib/python3.8/site-packages/airflow/example_dags/example_setup_teardown.py
[2023-12-04T12:24:32.872+0000] {processor.py:829} INFO - Processing file /home/airflow/.local/lib/python3.8/site-packages/airflow/example_dags/example_setup_teardown.py for tasks to queue
[2023-12-04T12:24:32.879+0000] {logging_mixin.py:154} INFO - [2023-12-04T12:24:32.877+0000] {dagbag.py:536} INFO - Filling up the DagBag from /home/airflow/.local/lib/python3.8/site-packages/airflow/example_dags/example_setup_teardown.py
[2023-12-04T12:24:32.891+0000] {processor.py:839} INFO - DAG(s) dict_keys(['example_setup_teardown']) retrieved from /home/airflow/.local/lib/python3.8/site-packages/airflow/example_dags/example_setup_teardown.py
[2023-12-04T12:24:32.928+0000] {logging_mixin.py:154} INFO - [2023-12-04T12:24:32.928+0000] {dag.py:2941} INFO - Sync 1 DAGs
[2023-12-04T12:24:32.968+0000] {logging_mixin.py:154} INFO - [2023-12-04T12:24:32.968+0000] {dag.py:3722} INFO - Setting next_dagrun for example_setup_teardown to 2023-12-03T12:24:32.968144+00:00, run_after=2023-12-04T12:24:32.968144+00:00
[2023-12-04T12:24:33.014+0000] {processor.py:179} INFO - Processing /home/airflow/.local/lib/python3.8/site-packages/airflow/example_dags/example_setup_teardown.py took 0.153 seconds
[2023-12-04T12:25:03.388+0000] {processor.py:157} INFO - Started process (PID=2448) to work on /home/airflow/.local/lib/python3.8/site-packages/airflow/example_dags/example_setup_teardown.py
[2023-12-04T12:25:03.391+0000] {processor.py:829} INFO - Processing file /home/airflow/.local/lib/python3.8/site-packages/airflow/example_dags/example_setup_teardown.py for tasks to queue
[2023-12-04T12:25:03.394+0000] {logging_mixin.py:154} INFO - [2023-12-04T12:25:03.394+0000] {dagbag.py:536} INFO - Filling up the DagBag from /home/airflow/.local/lib/python3.8/site-packages/airflow/example_dags/example_setup_teardown.py
[2023-12-04T12:25:03.406+0000] {processor.py:839} INFO - DAG(s) dict_keys(['example_setup_teardown']) retrieved from /home/airflow/.local/lib/python3.8/site-packages/airflow/example_dags/example_setup_teardown.py
[2023-12-04T12:25:03.439+0000] {logging_mixin.py:154} INFO - [2023-12-04T12:25:03.439+0000] {dag.py:2941} INFO - Sync 1 DAGs
[2023-12-04T12:25:03.646+0000] {logging_mixin.py:154} INFO - [2023-12-04T12:25:03.645+0000] {dag.py:3722} INFO - Setting next_dagrun for example_setup_teardown to 2023-12-03T12:25:03.645531+00:00, run_after=2023-12-04T12:25:03.645531+00:00
[2023-12-04T12:25:03.677+0000] {processor.py:179} INFO - Processing /home/airflow/.local/lib/python3.8/site-packages/airflow/example_dags/example_setup_teardown.py took 0.295 seconds
[2023-12-04T12:25:34.469+0000] {processor.py:157} INFO - Started process (PID=2502) to work on /home/airflow/.local/lib/python3.8/site-packages/airflow/example_dags/example_setup_teardown.py
[2023-12-04T12:25:34.472+0000] {processor.py:829} INFO - Processing file /home/airflow/.local/lib/python3.8/site-packages/airflow/example_dags/example_setup_teardown.py for tasks to queue
[2023-12-04T12:25:34.479+0000] {logging_mixin.py:154} INFO - [2023-12-04T12:25:34.479+0000] {dagbag.py:536} INFO - Filling up the DagBag from /home/airflow/.local/lib/python3.8/site-packages/airflow/example_dags/example_setup_teardown.py
[2023-12-04T12:25:34.496+0000] {processor.py:839} INFO - DAG(s) dict_keys(['example_setup_teardown']) retrieved from /home/airflow/.local/lib/python3.8/site-packages/airflow/example_dags/example_setup_teardown.py
[2023-12-04T12:25:34.532+0000] {logging_mixin.py:154} INFO - [2023-12-04T12:25:34.531+0000] {dag.py:2941} INFO - Sync 1 DAGs
[2023-12-04T12:25:34.570+0000] {logging_mixin.py:154} INFO - [2023-12-04T12:25:34.570+0000] {dag.py:3722} INFO - Setting next_dagrun for example_setup_teardown to 2023-12-03T12:25:34.569632+00:00, run_after=2023-12-04T12:25:34.569632+00:00
[2023-12-04T12:25:34.608+0000] {processor.py:179} INFO - Processing /home/airflow/.local/lib/python3.8/site-packages/airflow/example_dags/example_setup_teardown.py took 0.145 seconds
[2023-12-04T12:26:04.703+0000] {processor.py:157} INFO - Started process (PID=2557) to work on /home/airflow/.local/lib/python3.8/site-packages/airflow/example_dags/example_setup_teardown.py
[2023-12-04T12:26:04.705+0000] {processor.py:829} INFO - Processing file /home/airflow/.local/lib/python3.8/site-packages/airflow/example_dags/example_setup_teardown.py for tasks to queue
[2023-12-04T12:26:04.710+0000] {logging_mixin.py:154} INFO - [2023-12-04T12:26:04.709+0000] {dagbag.py:536} INFO - Filling up the DagBag from /home/airflow/.local/lib/python3.8/site-packages/airflow/example_dags/example_setup_teardown.py
[2023-12-04T12:26:04.721+0000] {processor.py:839} INFO - DAG(s) dict_keys(['example_setup_teardown']) retrieved from /home/airflow/.local/lib/python3.8/site-packages/airflow/example_dags/example_setup_teardown.py
[2023-12-04T12:26:04.765+0000] {logging_mixin.py:154} INFO - [2023-12-04T12:26:04.764+0000] {dag.py:2941} INFO - Sync 1 DAGs
[2023-12-04T12:26:04.807+0000] {logging_mixin.py:154} INFO - [2023-12-04T12:26:04.807+0000] {dag.py:3722} INFO - Setting next_dagrun for example_setup_teardown to 2023-12-03T12:26:04.807318+00:00, run_after=2023-12-04T12:26:04.807318+00:00
[2023-12-04T12:26:04.844+0000] {processor.py:179} INFO - Processing /home/airflow/.local/lib/python3.8/site-packages/airflow/example_dags/example_setup_teardown.py took 0.148 seconds
[2023-12-04T12:26:35.263+0000] {processor.py:157} INFO - Started process (PID=2611) to work on /home/airflow/.local/lib/python3.8/site-packages/airflow/example_dags/example_setup_teardown.py
[2023-12-04T12:26:35.265+0000] {processor.py:829} INFO - Processing file /home/airflow/.local/lib/python3.8/site-packages/airflow/example_dags/example_setup_teardown.py for tasks to queue
[2023-12-04T12:26:35.270+0000] {logging_mixin.py:154} INFO - [2023-12-04T12:26:35.269+0000] {dagbag.py:536} INFO - Filling up the DagBag from /home/airflow/.local/lib/python3.8/site-packages/airflow/example_dags/example_setup_teardown.py
[2023-12-04T12:26:35.280+0000] {processor.py:839} INFO - DAG(s) dict_keys(['example_setup_teardown']) retrieved from /home/airflow/.local/lib/python3.8/site-packages/airflow/example_dags/example_setup_teardown.py
[2023-12-04T12:26:35.315+0000] {logging_mixin.py:154} INFO - [2023-12-04T12:26:35.315+0000] {dag.py:2941} INFO - Sync 1 DAGs
[2023-12-04T12:26:35.571+0000] {logging_mixin.py:154} INFO - [2023-12-04T12:26:35.570+0000] {dag.py:3722} INFO - Setting next_dagrun for example_setup_teardown to 2023-12-03T12:26:35.570444+00:00, run_after=2023-12-04T12:26:35.570444+00:00
[2023-12-04T12:26:35.602+0000] {processor.py:179} INFO - Processing /home/airflow/.local/lib/python3.8/site-packages/airflow/example_dags/example_setup_teardown.py took 0.346 seconds
[2023-12-04T12:27:06.366+0000] {processor.py:157} INFO - Started process (PID=2665) to work on /home/airflow/.local/lib/python3.8/site-packages/airflow/example_dags/example_setup_teardown.py
[2023-12-04T12:27:06.375+0000] {processor.py:829} INFO - Processing file /home/airflow/.local/lib/python3.8/site-packages/airflow/example_dags/example_setup_teardown.py for tasks to queue
[2023-12-04T12:27:06.383+0000] {logging_mixin.py:154} INFO - [2023-12-04T12:27:06.382+0000] {dagbag.py:536} INFO - Filling up the DagBag from /home/airflow/.local/lib/python3.8/site-packages/airflow/example_dags/example_setup_teardown.py
[2023-12-04T12:27:06.397+0000] {processor.py:839} INFO - DAG(s) dict_keys(['example_setup_teardown']) retrieved from /home/airflow/.local/lib/python3.8/site-packages/airflow/example_dags/example_setup_teardown.py
[2023-12-04T12:27:06.438+0000] {logging_mixin.py:154} INFO - [2023-12-04T12:27:06.438+0000] {dag.py:2941} INFO - Sync 1 DAGs
[2023-12-04T12:27:06.488+0000] {logging_mixin.py:154} INFO - [2023-12-04T12:27:06.487+0000] {dag.py:3722} INFO - Setting next_dagrun for example_setup_teardown to 2023-12-03T12:27:06.487605+00:00, run_after=2023-12-04T12:27:06.487605+00:00
[2023-12-04T12:27:06.798+0000] {processor.py:179} INFO - Processing /home/airflow/.local/lib/python3.8/site-packages/airflow/example_dags/example_setup_teardown.py took 0.440 seconds
[2023-12-04T12:27:37.717+0000] {processor.py:157} INFO - Started process (PID=2719) to work on /home/airflow/.local/lib/python3.8/site-packages/airflow/example_dags/example_setup_teardown.py
[2023-12-04T12:27:37.719+0000] {processor.py:829} INFO - Processing file /home/airflow/.local/lib/python3.8/site-packages/airflow/example_dags/example_setup_teardown.py for tasks to queue
[2023-12-04T12:27:37.724+0000] {logging_mixin.py:154} INFO - [2023-12-04T12:27:37.724+0000] {dagbag.py:536} INFO - Filling up the DagBag from /home/airflow/.local/lib/python3.8/site-packages/airflow/example_dags/example_setup_teardown.py
[2023-12-04T12:27:37.736+0000] {processor.py:839} INFO - DAG(s) dict_keys(['example_setup_teardown']) retrieved from /home/airflow/.local/lib/python3.8/site-packages/airflow/example_dags/example_setup_teardown.py
[2023-12-04T12:27:37.768+0000] {logging_mixin.py:154} INFO - [2023-12-04T12:27:37.768+0000] {dag.py:2941} INFO - Sync 1 DAGs
[2023-12-04T12:27:37.827+0000] {logging_mixin.py:154} INFO - [2023-12-04T12:27:37.827+0000] {dag.py:3722} INFO - Setting next_dagrun for example_setup_teardown to 2023-12-03T12:27:37.826720+00:00, run_after=2023-12-04T12:27:37.826720+00:00
[2023-12-04T12:27:37.870+0000] {processor.py:179} INFO - Processing /home/airflow/.local/lib/python3.8/site-packages/airflow/example_dags/example_setup_teardown.py took 0.157 seconds
[2023-12-04T12:28:07.977+0000] {processor.py:157} INFO - Started process (PID=2772) to work on /home/airflow/.local/lib/python3.8/site-packages/airflow/example_dags/example_setup_teardown.py
[2023-12-04T12:28:07.980+0000] {processor.py:829} INFO - Processing file /home/airflow/.local/lib/python3.8/site-packages/airflow/example_dags/example_setup_teardown.py for tasks to queue
[2023-12-04T12:28:07.985+0000] {logging_mixin.py:154} INFO - [2023-12-04T12:28:07.984+0000] {dagbag.py:536} INFO - Filling up the DagBag from /home/airflow/.local/lib/python3.8/site-packages/airflow/example_dags/example_setup_teardown.py
[2023-12-04T12:28:07.995+0000] {processor.py:839} INFO - DAG(s) dict_keys(['example_setup_teardown']) retrieved from /home/airflow/.local/lib/python3.8/site-packages/airflow/example_dags/example_setup_teardown.py
[2023-12-04T12:28:08.031+0000] {logging_mixin.py:154} INFO - [2023-12-04T12:28:08.030+0000] {dag.py:2941} INFO - Sync 1 DAGs
[2023-12-04T12:28:08.260+0000] {logging_mixin.py:154} INFO - [2023-12-04T12:28:08.260+0000] {dag.py:3722} INFO - Setting next_dagrun for example_setup_teardown to 2023-12-03T12:28:08.259831+00:00, run_after=2023-12-04T12:28:08.259831+00:00
[2023-12-04T12:28:08.310+0000] {processor.py:179} INFO - Processing /home/airflow/.local/lib/python3.8/site-packages/airflow/example_dags/example_setup_teardown.py took 0.339 seconds
