[2023-12-04T10:19:36.236+0000] {processor.py:157} INFO - Started process (PID=56) to work on /home/airflow/.local/lib/python3.8/site-packages/airflow/example_dags/example_python_operator.py
[2023-12-04T10:19:36.239+0000] {processor.py:829} INFO - Processing file /home/airflow/.local/lib/python3.8/site-packages/airflow/example_dags/example_python_operator.py for tasks to queue
[2023-12-04T10:19:36.244+0000] {logging_mixin.py:154} INFO - [2023-12-04T10:19:36.244+0000] {dagbag.py:536} INFO - Filling up the DagBag from /home/airflow/.local/lib/python3.8/site-packages/airflow/example_dags/example_python_operator.py
[2023-12-04T10:19:36.263+0000] {processor.py:839} INFO - DAG(s) dict_keys(['example_python_operator']) retrieved from /home/airflow/.local/lib/python3.8/site-packages/airflow/example_dags/example_python_operator.py
[2023-12-04T10:19:36.467+0000] {logging_mixin.py:154} INFO - [2023-12-04T10:19:36.467+0000] {dag.py:2941} INFO - Sync 1 DAGs
[2023-12-04T10:19:36.491+0000] {logging_mixin.py:154} INFO - [2023-12-04T10:19:36.491+0000] {dag.py:3722} INFO - Setting next_dagrun for example_python_operator to None, run_after=None
[2023-12-04T10:19:36.529+0000] {processor.py:179} INFO - Processing /home/airflow/.local/lib/python3.8/site-packages/airflow/example_dags/example_python_operator.py took 0.299 seconds
[2023-12-04T10:20:06.642+0000] {processor.py:157} INFO - Started process (PID=110) to work on /home/airflow/.local/lib/python3.8/site-packages/airflow/example_dags/example_python_operator.py
[2023-12-04T10:20:06.650+0000] {processor.py:829} INFO - Processing file /home/airflow/.local/lib/python3.8/site-packages/airflow/example_dags/example_python_operator.py for tasks to queue
[2023-12-04T10:20:06.659+0000] {logging_mixin.py:154} INFO - [2023-12-04T10:20:06.658+0000] {dagbag.py:536} INFO - Filling up the DagBag from /home/airflow/.local/lib/python3.8/site-packages/airflow/example_dags/example_python_operator.py
[2023-12-04T10:20:06.682+0000] {processor.py:839} INFO - DAG(s) dict_keys(['example_python_operator']) retrieved from /home/airflow/.local/lib/python3.8/site-packages/airflow/example_dags/example_python_operator.py
[2023-12-04T10:20:06.726+0000] {logging_mixin.py:154} INFO - [2023-12-04T10:20:06.726+0000] {dag.py:2941} INFO - Sync 1 DAGs
[2023-12-04T10:20:06.753+0000] {logging_mixin.py:154} INFO - [2023-12-04T10:20:06.753+0000] {dag.py:3722} INFO - Setting next_dagrun for example_python_operator to None, run_after=None
[2023-12-04T10:20:06.808+0000] {processor.py:179} INFO - Processing /home/airflow/.local/lib/python3.8/site-packages/airflow/example_dags/example_python_operator.py took 0.190 seconds
[2023-12-04T10:20:36.951+0000] {processor.py:157} INFO - Started process (PID=165) to work on /home/airflow/.local/lib/python3.8/site-packages/airflow/example_dags/example_python_operator.py
[2023-12-04T10:20:36.953+0000] {processor.py:829} INFO - Processing file /home/airflow/.local/lib/python3.8/site-packages/airflow/example_dags/example_python_operator.py for tasks to queue
[2023-12-04T10:20:36.958+0000] {logging_mixin.py:154} INFO - [2023-12-04T10:20:36.957+0000] {dagbag.py:536} INFO - Filling up the DagBag from /home/airflow/.local/lib/python3.8/site-packages/airflow/example_dags/example_python_operator.py
[2023-12-04T10:20:36.975+0000] {processor.py:839} INFO - DAG(s) dict_keys(['example_python_operator']) retrieved from /home/airflow/.local/lib/python3.8/site-packages/airflow/example_dags/example_python_operator.py
[2023-12-04T10:20:37.022+0000] {logging_mixin.py:154} INFO - [2023-12-04T10:20:37.022+0000] {dag.py:2941} INFO - Sync 1 DAGs
[2023-12-04T10:20:37.044+0000] {logging_mixin.py:154} INFO - [2023-12-04T10:20:37.044+0000] {dag.py:3722} INFO - Setting next_dagrun for example_python_operator to None, run_after=None
[2023-12-04T10:20:37.077+0000] {processor.py:179} INFO - Processing /home/airflow/.local/lib/python3.8/site-packages/airflow/example_dags/example_python_operator.py took 0.133 seconds
[2023-12-04T10:21:09.662+0000] {processor.py:157} INFO - Started process (PID=226) to work on /home/airflow/.local/lib/python3.8/site-packages/airflow/example_dags/example_python_operator.py
[2023-12-04T10:21:09.684+0000] {processor.py:829} INFO - Processing file /home/airflow/.local/lib/python3.8/site-packages/airflow/example_dags/example_python_operator.py for tasks to queue
[2023-12-04T10:21:09.905+0000] {logging_mixin.py:154} INFO - [2023-12-04T10:21:09.894+0000] {dagbag.py:536} INFO - Filling up the DagBag from /home/airflow/.local/lib/python3.8/site-packages/airflow/example_dags/example_python_operator.py
[2023-12-04T10:21:10.266+0000] {processor.py:839} INFO - DAG(s) dict_keys(['example_python_operator']) retrieved from /home/airflow/.local/lib/python3.8/site-packages/airflow/example_dags/example_python_operator.py
[2023-12-04T10:21:10.376+0000] {logging_mixin.py:154} INFO - [2023-12-04T10:21:10.374+0000] {dag.py:2941} INFO - Sync 1 DAGs
[2023-12-04T10:21:10.428+0000] {logging_mixin.py:154} INFO - [2023-12-04T10:21:10.427+0000] {dag.py:3722} INFO - Setting next_dagrun for example_python_operator to None, run_after=None
[2023-12-04T10:21:10.479+0000] {processor.py:179} INFO - Processing /home/airflow/.local/lib/python3.8/site-packages/airflow/example_dags/example_python_operator.py took 1.002 seconds
[2023-12-04T10:21:40.977+0000] {processor.py:157} INFO - Started process (PID=280) to work on /home/airflow/.local/lib/python3.8/site-packages/airflow/example_dags/example_python_operator.py
[2023-12-04T10:21:40.980+0000] {processor.py:829} INFO - Processing file /home/airflow/.local/lib/python3.8/site-packages/airflow/example_dags/example_python_operator.py for tasks to queue
[2023-12-04T10:21:40.984+0000] {logging_mixin.py:154} INFO - [2023-12-04T10:21:40.984+0000] {dagbag.py:536} INFO - Filling up the DagBag from /home/airflow/.local/lib/python3.8/site-packages/airflow/example_dags/example_python_operator.py
[2023-12-04T10:21:41.012+0000] {processor.py:839} INFO - DAG(s) dict_keys(['example_python_operator']) retrieved from /home/airflow/.local/lib/python3.8/site-packages/airflow/example_dags/example_python_operator.py
[2023-12-04T10:21:41.056+0000] {logging_mixin.py:154} INFO - [2023-12-04T10:21:41.056+0000] {dag.py:2941} INFO - Sync 1 DAGs
[2023-12-04T10:21:41.085+0000] {logging_mixin.py:154} INFO - [2023-12-04T10:21:41.084+0000] {dag.py:3722} INFO - Setting next_dagrun for example_python_operator to None, run_after=None
[2023-12-04T10:21:41.133+0000] {processor.py:179} INFO - Processing /home/airflow/.local/lib/python3.8/site-packages/airflow/example_dags/example_python_operator.py took 0.162 seconds
[2023-12-04T10:22:20.113+0000] {processor.py:157} INFO - Started process (PID=334) to work on /home/airflow/.local/lib/python3.8/site-packages/airflow/example_dags/example_python_operator.py
[2023-12-04T10:22:20.118+0000] {processor.py:829} INFO - Processing file /home/airflow/.local/lib/python3.8/site-packages/airflow/example_dags/example_python_operator.py for tasks to queue
[2023-12-04T10:22:20.125+0000] {logging_mixin.py:154} INFO - [2023-12-04T10:22:20.124+0000] {dagbag.py:536} INFO - Filling up the DagBag from /home/airflow/.local/lib/python3.8/site-packages/airflow/example_dags/example_python_operator.py
[2023-12-04T10:22:20.171+0000] {processor.py:839} INFO - DAG(s) dict_keys(['example_python_operator']) retrieved from /home/airflow/.local/lib/python3.8/site-packages/airflow/example_dags/example_python_operator.py
[2023-12-04T10:22:20.231+0000] {logging_mixin.py:154} INFO - [2023-12-04T10:22:20.230+0000] {dag.py:2941} INFO - Sync 1 DAGs
[2023-12-04T10:22:20.258+0000] {logging_mixin.py:154} INFO - [2023-12-04T10:22:20.258+0000] {dag.py:3722} INFO - Setting next_dagrun for example_python_operator to None, run_after=None
[2023-12-04T10:22:20.321+0000] {processor.py:179} INFO - Processing /home/airflow/.local/lib/python3.8/site-packages/airflow/example_dags/example_python_operator.py took 0.217 seconds
[2023-12-04T10:23:00.443+0000] {processor.py:157} INFO - Started process (PID=388) to work on /home/airflow/.local/lib/python3.8/site-packages/airflow/example_dags/example_python_operator.py
[2023-12-04T10:23:00.448+0000] {processor.py:829} INFO - Processing file /home/airflow/.local/lib/python3.8/site-packages/airflow/example_dags/example_python_operator.py for tasks to queue
[2023-12-04T10:23:00.460+0000] {logging_mixin.py:154} INFO - [2023-12-04T10:23:00.459+0000] {dagbag.py:536} INFO - Filling up the DagBag from /home/airflow/.local/lib/python3.8/site-packages/airflow/example_dags/example_python_operator.py
[2023-12-04T10:23:00.501+0000] {processor.py:839} INFO - DAG(s) dict_keys(['example_python_operator']) retrieved from /home/airflow/.local/lib/python3.8/site-packages/airflow/example_dags/example_python_operator.py
[2023-12-04T10:23:00.577+0000] {logging_mixin.py:154} INFO - [2023-12-04T10:23:00.576+0000] {dag.py:2941} INFO - Sync 1 DAGs
[2023-12-04T10:23:00.663+0000] {logging_mixin.py:154} INFO - [2023-12-04T10:23:00.662+0000] {dag.py:3722} INFO - Setting next_dagrun for example_python_operator to None, run_after=None
[2023-12-04T10:23:00.795+0000] {processor.py:179} INFO - Processing /home/airflow/.local/lib/python3.8/site-packages/airflow/example_dags/example_python_operator.py took 0.365 seconds
[2023-12-04T10:23:31.575+0000] {processor.py:157} INFO - Started process (PID=443) to work on /home/airflow/.local/lib/python3.8/site-packages/airflow/example_dags/example_python_operator.py
[2023-12-04T10:23:31.578+0000] {processor.py:829} INFO - Processing file /home/airflow/.local/lib/python3.8/site-packages/airflow/example_dags/example_python_operator.py for tasks to queue
[2023-12-04T10:23:31.585+0000] {logging_mixin.py:154} INFO - [2023-12-04T10:23:31.583+0000] {dagbag.py:536} INFO - Filling up the DagBag from /home/airflow/.local/lib/python3.8/site-packages/airflow/example_dags/example_python_operator.py
[2023-12-04T10:23:31.618+0000] {processor.py:839} INFO - DAG(s) dict_keys(['example_python_operator']) retrieved from /home/airflow/.local/lib/python3.8/site-packages/airflow/example_dags/example_python_operator.py
[2023-12-04T10:23:31.783+0000] {logging_mixin.py:154} INFO - [2023-12-04T10:23:31.783+0000] {dag.py:2941} INFO - Sync 1 DAGs
[2023-12-04T10:23:31.818+0000] {logging_mixin.py:154} INFO - [2023-12-04T10:23:31.817+0000] {dag.py:3722} INFO - Setting next_dagrun for example_python_operator to None, run_after=None
[2023-12-04T10:23:31.863+0000] {processor.py:179} INFO - Processing /home/airflow/.local/lib/python3.8/site-packages/airflow/example_dags/example_python_operator.py took 0.296 seconds
[2023-12-04T10:24:26.765+0000] {processor.py:157} INFO - Started process (PID=502) to work on /home/airflow/.local/lib/python3.8/site-packages/airflow/example_dags/example_python_operator.py
[2023-12-04T10:24:26.768+0000] {processor.py:829} INFO - Processing file /home/airflow/.local/lib/python3.8/site-packages/airflow/example_dags/example_python_operator.py for tasks to queue
[2023-12-04T10:24:26.772+0000] {logging_mixin.py:154} INFO - [2023-12-04T10:24:26.772+0000] {dagbag.py:536} INFO - Filling up the DagBag from /home/airflow/.local/lib/python3.8/site-packages/airflow/example_dags/example_python_operator.py
[2023-12-04T10:24:26.793+0000] {processor.py:839} INFO - DAG(s) dict_keys(['example_python_operator']) retrieved from /home/airflow/.local/lib/python3.8/site-packages/airflow/example_dags/example_python_operator.py
[2023-12-04T10:24:26.858+0000] {logging_mixin.py:154} INFO - [2023-12-04T10:24:26.858+0000] {dag.py:2941} INFO - Sync 1 DAGs
[2023-12-04T10:24:26.894+0000] {logging_mixin.py:154} INFO - [2023-12-04T10:24:26.894+0000] {dag.py:3722} INFO - Setting next_dagrun for example_python_operator to None, run_after=None
[2023-12-04T10:24:26.945+0000] {processor.py:179} INFO - Processing /home/airflow/.local/lib/python3.8/site-packages/airflow/example_dags/example_python_operator.py took 0.187 seconds
[2023-12-04T10:25:07.830+0000] {processor.py:157} INFO - Started process (PID=560) to work on /home/airflow/.local/lib/python3.8/site-packages/airflow/example_dags/example_python_operator.py
[2023-12-04T10:25:07.843+0000] {processor.py:829} INFO - Processing file /home/airflow/.local/lib/python3.8/site-packages/airflow/example_dags/example_python_operator.py for tasks to queue
[2023-12-04T10:25:07.867+0000] {logging_mixin.py:154} INFO - [2023-12-04T10:25:07.866+0000] {dagbag.py:536} INFO - Filling up the DagBag from /home/airflow/.local/lib/python3.8/site-packages/airflow/example_dags/example_python_operator.py
[2023-12-04T10:25:07.900+0000] {processor.py:839} INFO - DAG(s) dict_keys(['example_python_operator']) retrieved from /home/airflow/.local/lib/python3.8/site-packages/airflow/example_dags/example_python_operator.py
[2023-12-04T10:25:08.126+0000] {logging_mixin.py:154} INFO - [2023-12-04T10:25:08.125+0000] {dag.py:2941} INFO - Sync 1 DAGs
[2023-12-04T10:25:08.211+0000] {logging_mixin.py:154} INFO - [2023-12-04T10:25:08.210+0000] {dag.py:3722} INFO - Setting next_dagrun for example_python_operator to None, run_after=None
[2023-12-04T10:25:08.392+0000] {processor.py:179} INFO - Processing /home/airflow/.local/lib/python3.8/site-packages/airflow/example_dags/example_python_operator.py took 0.588 seconds
[2023-12-04T10:25:52.689+0000] {processor.py:157} INFO - Started process (PID=617) to work on /home/airflow/.local/lib/python3.8/site-packages/airflow/example_dags/example_python_operator.py
[2023-12-04T10:25:52.695+0000] {processor.py:829} INFO - Processing file /home/airflow/.local/lib/python3.8/site-packages/airflow/example_dags/example_python_operator.py for tasks to queue
[2023-12-04T10:25:52.704+0000] {logging_mixin.py:154} INFO - [2023-12-04T10:25:52.704+0000] {dagbag.py:536} INFO - Filling up the DagBag from /home/airflow/.local/lib/python3.8/site-packages/airflow/example_dags/example_python_operator.py
[2023-12-04T10:25:52.734+0000] {processor.py:839} INFO - DAG(s) dict_keys(['example_python_operator']) retrieved from /home/airflow/.local/lib/python3.8/site-packages/airflow/example_dags/example_python_operator.py
[2023-12-04T10:25:52.798+0000] {logging_mixin.py:154} INFO - [2023-12-04T10:25:52.798+0000] {dag.py:2941} INFO - Sync 1 DAGs
[2023-12-04T10:25:52.832+0000] {logging_mixin.py:154} INFO - [2023-12-04T10:25:52.831+0000] {dag.py:3722} INFO - Setting next_dagrun for example_python_operator to None, run_after=None
[2023-12-04T10:25:52.982+0000] {processor.py:179} INFO - Processing /home/airflow/.local/lib/python3.8/site-packages/airflow/example_dags/example_python_operator.py took 0.321 seconds
[2023-12-04T10:26:23.184+0000] {processor.py:157} INFO - Started process (PID=671) to work on /home/airflow/.local/lib/python3.8/site-packages/airflow/example_dags/example_python_operator.py
[2023-12-04T10:26:23.187+0000] {processor.py:829} INFO - Processing file /home/airflow/.local/lib/python3.8/site-packages/airflow/example_dags/example_python_operator.py for tasks to queue
[2023-12-04T10:26:23.198+0000] {logging_mixin.py:154} INFO - [2023-12-04T10:26:23.196+0000] {dagbag.py:536} INFO - Filling up the DagBag from /home/airflow/.local/lib/python3.8/site-packages/airflow/example_dags/example_python_operator.py
[2023-12-04T10:26:23.248+0000] {processor.py:839} INFO - DAG(s) dict_keys(['example_python_operator']) retrieved from /home/airflow/.local/lib/python3.8/site-packages/airflow/example_dags/example_python_operator.py
[2023-12-04T10:26:23.317+0000] {logging_mixin.py:154} INFO - [2023-12-04T10:26:23.317+0000] {dag.py:2941} INFO - Sync 1 DAGs
[2023-12-04T10:26:23.355+0000] {logging_mixin.py:154} INFO - [2023-12-04T10:26:23.355+0000] {dag.py:3722} INFO - Setting next_dagrun for example_python_operator to None, run_after=None
[2023-12-04T10:26:23.431+0000] {processor.py:179} INFO - Processing /home/airflow/.local/lib/python3.8/site-packages/airflow/example_dags/example_python_operator.py took 0.266 seconds
[2023-12-04T10:27:02.826+0000] {processor.py:157} INFO - Started process (PID=732) to work on /home/airflow/.local/lib/python3.8/site-packages/airflow/example_dags/example_python_operator.py
[2023-12-04T10:27:02.834+0000] {processor.py:829} INFO - Processing file /home/airflow/.local/lib/python3.8/site-packages/airflow/example_dags/example_python_operator.py for tasks to queue
[2023-12-04T10:27:02.840+0000] {logging_mixin.py:154} INFO - [2023-12-04T10:27:02.839+0000] {dagbag.py:536} INFO - Filling up the DagBag from /home/airflow/.local/lib/python3.8/site-packages/airflow/example_dags/example_python_operator.py
[2023-12-04T10:27:03.163+0000] {processor.py:839} INFO - DAG(s) dict_keys(['example_python_operator']) retrieved from /home/airflow/.local/lib/python3.8/site-packages/airflow/example_dags/example_python_operator.py
[2023-12-04T10:27:03.211+0000] {logging_mixin.py:154} INFO - [2023-12-04T10:27:03.211+0000] {dag.py:2941} INFO - Sync 1 DAGs
[2023-12-04T10:27:03.235+0000] {logging_mixin.py:154} INFO - [2023-12-04T10:27:03.235+0000] {dag.py:3722} INFO - Setting next_dagrun for example_python_operator to None, run_after=None
[2023-12-04T10:27:03.312+0000] {processor.py:179} INFO - Processing /home/airflow/.local/lib/python3.8/site-packages/airflow/example_dags/example_python_operator.py took 0.497 seconds
[2023-12-04T10:27:49.445+0000] {processor.py:157} INFO - Started process (PID=788) to work on /home/airflow/.local/lib/python3.8/site-packages/airflow/example_dags/example_python_operator.py
[2023-12-04T10:27:49.452+0000] {processor.py:829} INFO - Processing file /home/airflow/.local/lib/python3.8/site-packages/airflow/example_dags/example_python_operator.py for tasks to queue
[2023-12-04T10:27:49.462+0000] {logging_mixin.py:154} INFO - [2023-12-04T10:27:49.461+0000] {dagbag.py:536} INFO - Filling up the DagBag from /home/airflow/.local/lib/python3.8/site-packages/airflow/example_dags/example_python_operator.py
[2023-12-04T10:27:49.519+0000] {processor.py:839} INFO - DAG(s) dict_keys(['example_python_operator']) retrieved from /home/airflow/.local/lib/python3.8/site-packages/airflow/example_dags/example_python_operator.py
[2023-12-04T10:27:49.625+0000] {logging_mixin.py:154} INFO - [2023-12-04T10:27:49.624+0000] {dag.py:2941} INFO - Sync 1 DAGs
[2023-12-04T10:27:49.669+0000] {logging_mixin.py:154} INFO - [2023-12-04T10:27:49.669+0000] {dag.py:3722} INFO - Setting next_dagrun for example_python_operator to None, run_after=None
[2023-12-04T10:27:49.724+0000] {processor.py:179} INFO - Processing /home/airflow/.local/lib/python3.8/site-packages/airflow/example_dags/example_python_operator.py took 0.295 seconds
[2023-12-04T10:28:23.087+0000] {processor.py:157} INFO - Started process (PID=840) to work on /home/airflow/.local/lib/python3.8/site-packages/airflow/example_dags/example_python_operator.py
[2023-12-04T10:28:23.096+0000] {processor.py:829} INFO - Processing file /home/airflow/.local/lib/python3.8/site-packages/airflow/example_dags/example_python_operator.py for tasks to queue
[2023-12-04T10:28:23.113+0000] {logging_mixin.py:154} INFO - [2023-12-04T10:28:23.108+0000] {dagbag.py:536} INFO - Filling up the DagBag from /home/airflow/.local/lib/python3.8/site-packages/airflow/example_dags/example_python_operator.py
[2023-12-04T10:28:23.163+0000] {processor.py:839} INFO - DAG(s) dict_keys(['example_python_operator']) retrieved from /home/airflow/.local/lib/python3.8/site-packages/airflow/example_dags/example_python_operator.py
[2023-12-04T10:28:23.278+0000] {logging_mixin.py:154} INFO - [2023-12-04T10:28:23.278+0000] {dag.py:2941} INFO - Sync 1 DAGs
[2023-12-04T10:28:23.631+0000] {logging_mixin.py:154} INFO - [2023-12-04T10:28:23.625+0000] {dag.py:3722} INFO - Setting next_dagrun for example_python_operator to None, run_after=None
[2023-12-04T10:28:23.800+0000] {processor.py:179} INFO - Processing /home/airflow/.local/lib/python3.8/site-packages/airflow/example_dags/example_python_operator.py took 0.741 seconds
[2023-12-04T10:29:01.686+0000] {processor.py:157} INFO - Started process (PID=894) to work on /home/airflow/.local/lib/python3.8/site-packages/airflow/example_dags/example_python_operator.py
[2023-12-04T10:29:01.693+0000] {processor.py:829} INFO - Processing file /home/airflow/.local/lib/python3.8/site-packages/airflow/example_dags/example_python_operator.py for tasks to queue
[2023-12-04T10:29:01.705+0000] {logging_mixin.py:154} INFO - [2023-12-04T10:29:01.704+0000] {dagbag.py:536} INFO - Filling up the DagBag from /home/airflow/.local/lib/python3.8/site-packages/airflow/example_dags/example_python_operator.py
[2023-12-04T10:29:01.739+0000] {processor.py:839} INFO - DAG(s) dict_keys(['example_python_operator']) retrieved from /home/airflow/.local/lib/python3.8/site-packages/airflow/example_dags/example_python_operator.py
[2023-12-04T10:29:01.813+0000] {logging_mixin.py:154} INFO - [2023-12-04T10:29:01.812+0000] {dag.py:2941} INFO - Sync 1 DAGs
[2023-12-04T10:29:01.922+0000] {logging_mixin.py:154} INFO - [2023-12-04T10:29:01.921+0000] {dag.py:3722} INFO - Setting next_dagrun for example_python_operator to None, run_after=None
[2023-12-04T10:29:02.360+0000] {processor.py:179} INFO - Processing /home/airflow/.local/lib/python3.8/site-packages/airflow/example_dags/example_python_operator.py took 0.690 seconds
[2023-12-04T12:02:17.159+0000] {processor.py:157} INFO - Started process (PID=71) to work on /home/airflow/.local/lib/python3.8/site-packages/airflow/example_dags/example_python_operator.py
[2023-12-04T12:02:17.175+0000] {processor.py:829} INFO - Processing file /home/airflow/.local/lib/python3.8/site-packages/airflow/example_dags/example_python_operator.py for tasks to queue
[2023-12-04T12:02:17.230+0000] {logging_mixin.py:154} INFO - [2023-12-04T12:02:17.228+0000] {dagbag.py:536} INFO - Filling up the DagBag from /home/airflow/.local/lib/python3.8/site-packages/airflow/example_dags/example_python_operator.py
[2023-12-04T12:02:17.599+0000] {processor.py:839} INFO - DAG(s) dict_keys(['example_python_operator']) retrieved from /home/airflow/.local/lib/python3.8/site-packages/airflow/example_dags/example_python_operator.py
[2023-12-04T12:02:19.823+0000] {logging_mixin.py:154} INFO - [2023-12-04T12:02:19.822+0000] {dag.py:2941} INFO - Sync 1 DAGs
[2023-12-04T12:02:19.929+0000] {logging_mixin.py:154} INFO - [2023-12-04T12:02:19.928+0000] {dag.py:3722} INFO - Setting next_dagrun for example_python_operator to None, run_after=None
[2023-12-04T12:02:20.029+0000] {processor.py:179} INFO - Processing /home/airflow/.local/lib/python3.8/site-packages/airflow/example_dags/example_python_operator.py took 3.008 seconds
[2023-12-04T12:03:08.696+0000] {processor.py:157} INFO - Started process (PID=125) to work on /home/airflow/.local/lib/python3.8/site-packages/airflow/example_dags/example_python_operator.py
[2023-12-04T12:03:08.700+0000] {processor.py:829} INFO - Processing file /home/airflow/.local/lib/python3.8/site-packages/airflow/example_dags/example_python_operator.py for tasks to queue
[2023-12-04T12:03:08.705+0000] {logging_mixin.py:154} INFO - [2023-12-04T12:03:08.705+0000] {dagbag.py:536} INFO - Filling up the DagBag from /home/airflow/.local/lib/python3.8/site-packages/airflow/example_dags/example_python_operator.py
[2023-12-04T12:03:08.732+0000] {processor.py:839} INFO - DAG(s) dict_keys(['example_python_operator']) retrieved from /home/airflow/.local/lib/python3.8/site-packages/airflow/example_dags/example_python_operator.py
[2023-12-04T12:03:08.805+0000] {logging_mixin.py:154} INFO - [2023-12-04T12:03:08.804+0000] {dag.py:2941} INFO - Sync 1 DAGs
[2023-12-04T12:03:10.848+0000] {logging_mixin.py:154} INFO - [2023-12-04T12:03:10.829+0000] {dag.py:3722} INFO - Setting next_dagrun for example_python_operator to None, run_after=None
[2023-12-04T12:03:10.960+0000] {processor.py:179} INFO - Processing /home/airflow/.local/lib/python3.8/site-packages/airflow/example_dags/example_python_operator.py took 2.273 seconds
[2023-12-04T12:03:41.908+0000] {processor.py:157} INFO - Started process (PID=179) to work on /home/airflow/.local/lib/python3.8/site-packages/airflow/example_dags/example_python_operator.py
[2023-12-04T12:03:41.911+0000] {processor.py:829} INFO - Processing file /home/airflow/.local/lib/python3.8/site-packages/airflow/example_dags/example_python_operator.py for tasks to queue
[2023-12-04T12:03:41.915+0000] {logging_mixin.py:154} INFO - [2023-12-04T12:03:41.915+0000] {dagbag.py:536} INFO - Filling up the DagBag from /home/airflow/.local/lib/python3.8/site-packages/airflow/example_dags/example_python_operator.py
[2023-12-04T12:03:41.937+0000] {processor.py:839} INFO - DAG(s) dict_keys(['example_python_operator']) retrieved from /home/airflow/.local/lib/python3.8/site-packages/airflow/example_dags/example_python_operator.py
[2023-12-04T12:03:41.976+0000] {logging_mixin.py:154} INFO - [2023-12-04T12:03:41.976+0000] {dag.py:2941} INFO - Sync 1 DAGs
[2023-12-04T12:03:41.998+0000] {logging_mixin.py:154} INFO - [2023-12-04T12:03:41.998+0000] {dag.py:3722} INFO - Setting next_dagrun for example_python_operator to None, run_after=None
[2023-12-04T12:03:42.027+0000] {processor.py:179} INFO - Processing /home/airflow/.local/lib/python3.8/site-packages/airflow/example_dags/example_python_operator.py took 0.126 seconds
[2023-12-04T12:04:12.608+0000] {processor.py:157} INFO - Started process (PID=233) to work on /home/airflow/.local/lib/python3.8/site-packages/airflow/example_dags/example_python_operator.py
[2023-12-04T12:04:12.611+0000] {processor.py:829} INFO - Processing file /home/airflow/.local/lib/python3.8/site-packages/airflow/example_dags/example_python_operator.py for tasks to queue
[2023-12-04T12:04:12.619+0000] {logging_mixin.py:154} INFO - [2023-12-04T12:04:12.618+0000] {dagbag.py:536} INFO - Filling up the DagBag from /home/airflow/.local/lib/python3.8/site-packages/airflow/example_dags/example_python_operator.py
[2023-12-04T12:04:12.636+0000] {processor.py:839} INFO - DAG(s) dict_keys(['example_python_operator']) retrieved from /home/airflow/.local/lib/python3.8/site-packages/airflow/example_dags/example_python_operator.py
[2023-12-04T12:04:12.682+0000] {logging_mixin.py:154} INFO - [2023-12-04T12:04:12.681+0000] {dag.py:2941} INFO - Sync 1 DAGs
[2023-12-04T12:04:12.709+0000] {logging_mixin.py:154} INFO - [2023-12-04T12:04:12.708+0000] {dag.py:3722} INFO - Setting next_dagrun for example_python_operator to None, run_after=None
[2023-12-04T12:04:12.763+0000] {processor.py:179} INFO - Processing /home/airflow/.local/lib/python3.8/site-packages/airflow/example_dags/example_python_operator.py took 0.160 seconds
[2023-12-04T12:04:43.459+0000] {processor.py:157} INFO - Started process (PID=287) to work on /home/airflow/.local/lib/python3.8/site-packages/airflow/example_dags/example_python_operator.py
[2023-12-04T12:04:43.461+0000] {processor.py:829} INFO - Processing file /home/airflow/.local/lib/python3.8/site-packages/airflow/example_dags/example_python_operator.py for tasks to queue
[2023-12-04T12:04:43.466+0000] {logging_mixin.py:154} INFO - [2023-12-04T12:04:43.466+0000] {dagbag.py:536} INFO - Filling up the DagBag from /home/airflow/.local/lib/python3.8/site-packages/airflow/example_dags/example_python_operator.py
[2023-12-04T12:04:43.483+0000] {processor.py:839} INFO - DAG(s) dict_keys(['example_python_operator']) retrieved from /home/airflow/.local/lib/python3.8/site-packages/airflow/example_dags/example_python_operator.py
[2023-12-04T12:04:43.528+0000] {logging_mixin.py:154} INFO - [2023-12-04T12:04:43.528+0000] {dag.py:2941} INFO - Sync 1 DAGs
[2023-12-04T12:04:43.555+0000] {logging_mixin.py:154} INFO - [2023-12-04T12:04:43.554+0000] {dag.py:3722} INFO - Setting next_dagrun for example_python_operator to None, run_after=None
[2023-12-04T12:04:43.594+0000] {processor.py:179} INFO - Processing /home/airflow/.local/lib/python3.8/site-packages/airflow/example_dags/example_python_operator.py took 0.142 seconds
[2023-12-04T12:05:13.900+0000] {processor.py:157} INFO - Started process (PID=341) to work on /home/airflow/.local/lib/python3.8/site-packages/airflow/example_dags/example_python_operator.py
[2023-12-04T12:05:13.907+0000] {processor.py:829} INFO - Processing file /home/airflow/.local/lib/python3.8/site-packages/airflow/example_dags/example_python_operator.py for tasks to queue
[2023-12-04T12:05:13.917+0000] {logging_mixin.py:154} INFO - [2023-12-04T12:05:13.916+0000] {dagbag.py:536} INFO - Filling up the DagBag from /home/airflow/.local/lib/python3.8/site-packages/airflow/example_dags/example_python_operator.py
[2023-12-04T12:05:13.941+0000] {processor.py:839} INFO - DAG(s) dict_keys(['example_python_operator']) retrieved from /home/airflow/.local/lib/python3.8/site-packages/airflow/example_dags/example_python_operator.py
[2023-12-04T12:05:13.983+0000] {logging_mixin.py:154} INFO - [2023-12-04T12:05:13.982+0000] {dag.py:2941} INFO - Sync 1 DAGs
[2023-12-04T12:05:14.005+0000] {logging_mixin.py:154} INFO - [2023-12-04T12:05:14.005+0000] {dag.py:3722} INFO - Setting next_dagrun for example_python_operator to None, run_after=None
[2023-12-04T12:05:14.051+0000] {processor.py:179} INFO - Processing /home/airflow/.local/lib/python3.8/site-packages/airflow/example_dags/example_python_operator.py took 0.157 seconds
[2023-12-04T12:05:44.849+0000] {processor.py:157} INFO - Started process (PID=395) to work on /home/airflow/.local/lib/python3.8/site-packages/airflow/example_dags/example_python_operator.py
[2023-12-04T12:05:44.852+0000] {processor.py:829} INFO - Processing file /home/airflow/.local/lib/python3.8/site-packages/airflow/example_dags/example_python_operator.py for tasks to queue
[2023-12-04T12:05:44.856+0000] {logging_mixin.py:154} INFO - [2023-12-04T12:05:44.856+0000] {dagbag.py:536} INFO - Filling up the DagBag from /home/airflow/.local/lib/python3.8/site-packages/airflow/example_dags/example_python_operator.py
[2023-12-04T12:05:44.873+0000] {processor.py:839} INFO - DAG(s) dict_keys(['example_python_operator']) retrieved from /home/airflow/.local/lib/python3.8/site-packages/airflow/example_dags/example_python_operator.py
[2023-12-04T12:05:44.915+0000] {logging_mixin.py:154} INFO - [2023-12-04T12:05:44.915+0000] {dag.py:2941} INFO - Sync 1 DAGs
[2023-12-04T12:05:44.936+0000] {logging_mixin.py:154} INFO - [2023-12-04T12:05:44.936+0000] {dag.py:3722} INFO - Setting next_dagrun for example_python_operator to None, run_after=None
[2023-12-04T12:05:44.968+0000] {processor.py:179} INFO - Processing /home/airflow/.local/lib/python3.8/site-packages/airflow/example_dags/example_python_operator.py took 0.126 seconds
[2023-12-04T12:06:15.323+0000] {processor.py:157} INFO - Started process (PID=449) to work on /home/airflow/.local/lib/python3.8/site-packages/airflow/example_dags/example_python_operator.py
[2023-12-04T12:06:15.326+0000] {processor.py:829} INFO - Processing file /home/airflow/.local/lib/python3.8/site-packages/airflow/example_dags/example_python_operator.py for tasks to queue
[2023-12-04T12:06:15.331+0000] {logging_mixin.py:154} INFO - [2023-12-04T12:06:15.331+0000] {dagbag.py:536} INFO - Filling up the DagBag from /home/airflow/.local/lib/python3.8/site-packages/airflow/example_dags/example_python_operator.py
[2023-12-04T12:06:15.348+0000] {processor.py:839} INFO - DAG(s) dict_keys(['example_python_operator']) retrieved from /home/airflow/.local/lib/python3.8/site-packages/airflow/example_dags/example_python_operator.py
[2023-12-04T12:06:15.397+0000] {logging_mixin.py:154} INFO - [2023-12-04T12:06:15.396+0000] {dag.py:2941} INFO - Sync 1 DAGs
[2023-12-04T12:06:15.419+0000] {logging_mixin.py:154} INFO - [2023-12-04T12:06:15.419+0000] {dag.py:3722} INFO - Setting next_dagrun for example_python_operator to None, run_after=None
[2023-12-04T12:06:15.453+0000] {processor.py:179} INFO - Processing /home/airflow/.local/lib/python3.8/site-packages/airflow/example_dags/example_python_operator.py took 0.136 seconds
[2023-12-04T12:06:45.653+0000] {processor.py:157} INFO - Started process (PID=504) to work on /home/airflow/.local/lib/python3.8/site-packages/airflow/example_dags/example_python_operator.py
[2023-12-04T12:06:45.657+0000] {processor.py:829} INFO - Processing file /home/airflow/.local/lib/python3.8/site-packages/airflow/example_dags/example_python_operator.py for tasks to queue
[2023-12-04T12:06:45.663+0000] {logging_mixin.py:154} INFO - [2023-12-04T12:06:45.661+0000] {dagbag.py:536} INFO - Filling up the DagBag from /home/airflow/.local/lib/python3.8/site-packages/airflow/example_dags/example_python_operator.py
[2023-12-04T12:06:45.681+0000] {processor.py:839} INFO - DAG(s) dict_keys(['example_python_operator']) retrieved from /home/airflow/.local/lib/python3.8/site-packages/airflow/example_dags/example_python_operator.py
[2023-12-04T12:06:45.721+0000] {logging_mixin.py:154} INFO - [2023-12-04T12:06:45.720+0000] {dag.py:2941} INFO - Sync 1 DAGs
[2023-12-04T12:06:45.748+0000] {logging_mixin.py:154} INFO - [2023-12-04T12:06:45.747+0000] {dag.py:3722} INFO - Setting next_dagrun for example_python_operator to None, run_after=None
[2023-12-04T12:06:45.788+0000] {processor.py:179} INFO - Processing /home/airflow/.local/lib/python3.8/site-packages/airflow/example_dags/example_python_operator.py took 0.141 seconds
[2023-12-04T12:07:16.618+0000] {processor.py:157} INFO - Started process (PID=558) to work on /home/airflow/.local/lib/python3.8/site-packages/airflow/example_dags/example_python_operator.py
[2023-12-04T12:07:16.621+0000] {processor.py:829} INFO - Processing file /home/airflow/.local/lib/python3.8/site-packages/airflow/example_dags/example_python_operator.py for tasks to queue
[2023-12-04T12:07:16.626+0000] {logging_mixin.py:154} INFO - [2023-12-04T12:07:16.625+0000] {dagbag.py:536} INFO - Filling up the DagBag from /home/airflow/.local/lib/python3.8/site-packages/airflow/example_dags/example_python_operator.py
[2023-12-04T12:07:16.646+0000] {processor.py:839} INFO - DAG(s) dict_keys(['example_python_operator']) retrieved from /home/airflow/.local/lib/python3.8/site-packages/airflow/example_dags/example_python_operator.py
[2023-12-04T12:07:16.684+0000] {logging_mixin.py:154} INFO - [2023-12-04T12:07:16.684+0000] {dag.py:2941} INFO - Sync 1 DAGs
[2023-12-04T12:07:16.705+0000] {logging_mixin.py:154} INFO - [2023-12-04T12:07:16.705+0000] {dag.py:3722} INFO - Setting next_dagrun for example_python_operator to None, run_after=None
[2023-12-04T12:07:16.737+0000] {processor.py:179} INFO - Processing /home/airflow/.local/lib/python3.8/site-packages/airflow/example_dags/example_python_operator.py took 0.126 seconds
[2023-12-04T12:07:47.414+0000] {processor.py:157} INFO - Started process (PID=612) to work on /home/airflow/.local/lib/python3.8/site-packages/airflow/example_dags/example_python_operator.py
[2023-12-04T12:07:47.418+0000] {processor.py:829} INFO - Processing file /home/airflow/.local/lib/python3.8/site-packages/airflow/example_dags/example_python_operator.py for tasks to queue
[2023-12-04T12:07:47.425+0000] {logging_mixin.py:154} INFO - [2023-12-04T12:07:47.425+0000] {dagbag.py:536} INFO - Filling up the DagBag from /home/airflow/.local/lib/python3.8/site-packages/airflow/example_dags/example_python_operator.py
[2023-12-04T12:07:47.444+0000] {processor.py:839} INFO - DAG(s) dict_keys(['example_python_operator']) retrieved from /home/airflow/.local/lib/python3.8/site-packages/airflow/example_dags/example_python_operator.py
[2023-12-04T12:07:47.481+0000] {logging_mixin.py:154} INFO - [2023-12-04T12:07:47.481+0000] {dag.py:2941} INFO - Sync 1 DAGs
[2023-12-04T12:07:47.502+0000] {logging_mixin.py:154} INFO - [2023-12-04T12:07:47.502+0000] {dag.py:3722} INFO - Setting next_dagrun for example_python_operator to None, run_after=None
[2023-12-04T12:07:47.534+0000] {processor.py:179} INFO - Processing /home/airflow/.local/lib/python3.8/site-packages/airflow/example_dags/example_python_operator.py took 0.129 seconds
[2023-12-04T12:08:18.161+0000] {processor.py:157} INFO - Started process (PID=667) to work on /home/airflow/.local/lib/python3.8/site-packages/airflow/example_dags/example_python_operator.py
[2023-12-04T12:08:18.163+0000] {processor.py:829} INFO - Processing file /home/airflow/.local/lib/python3.8/site-packages/airflow/example_dags/example_python_operator.py for tasks to queue
[2023-12-04T12:08:18.170+0000] {logging_mixin.py:154} INFO - [2023-12-04T12:08:18.169+0000] {dagbag.py:536} INFO - Filling up the DagBag from /home/airflow/.local/lib/python3.8/site-packages/airflow/example_dags/example_python_operator.py
[2023-12-04T12:08:18.187+0000] {processor.py:839} INFO - DAG(s) dict_keys(['example_python_operator']) retrieved from /home/airflow/.local/lib/python3.8/site-packages/airflow/example_dags/example_python_operator.py
[2023-12-04T12:08:18.233+0000] {logging_mixin.py:154} INFO - [2023-12-04T12:08:18.233+0000] {dag.py:2941} INFO - Sync 1 DAGs
[2023-12-04T12:08:18.255+0000] {logging_mixin.py:154} INFO - [2023-12-04T12:08:18.255+0000] {dag.py:3722} INFO - Setting next_dagrun for example_python_operator to None, run_after=None
[2023-12-04T12:08:18.288+0000] {processor.py:179} INFO - Processing /home/airflow/.local/lib/python3.8/site-packages/airflow/example_dags/example_python_operator.py took 0.133 seconds
[2023-12-04T12:08:48.457+0000] {processor.py:157} INFO - Started process (PID=721) to work on /home/airflow/.local/lib/python3.8/site-packages/airflow/example_dags/example_python_operator.py
[2023-12-04T12:08:48.460+0000] {processor.py:829} INFO - Processing file /home/airflow/.local/lib/python3.8/site-packages/airflow/example_dags/example_python_operator.py for tasks to queue
[2023-12-04T12:08:48.465+0000] {logging_mixin.py:154} INFO - [2023-12-04T12:08:48.464+0000] {dagbag.py:536} INFO - Filling up the DagBag from /home/airflow/.local/lib/python3.8/site-packages/airflow/example_dags/example_python_operator.py
[2023-12-04T12:08:48.481+0000] {processor.py:839} INFO - DAG(s) dict_keys(['example_python_operator']) retrieved from /home/airflow/.local/lib/python3.8/site-packages/airflow/example_dags/example_python_operator.py
[2023-12-04T12:08:48.523+0000] {logging_mixin.py:154} INFO - [2023-12-04T12:08:48.523+0000] {dag.py:2941} INFO - Sync 1 DAGs
[2023-12-04T12:08:48.544+0000] {logging_mixin.py:154} INFO - [2023-12-04T12:08:48.544+0000] {dag.py:3722} INFO - Setting next_dagrun for example_python_operator to None, run_after=None
[2023-12-04T12:08:48.579+0000] {processor.py:179} INFO - Processing /home/airflow/.local/lib/python3.8/site-packages/airflow/example_dags/example_python_operator.py took 0.128 seconds
[2023-12-04T12:09:19.188+0000] {processor.py:157} INFO - Started process (PID=775) to work on /home/airflow/.local/lib/python3.8/site-packages/airflow/example_dags/example_python_operator.py
[2023-12-04T12:09:19.191+0000] {processor.py:829} INFO - Processing file /home/airflow/.local/lib/python3.8/site-packages/airflow/example_dags/example_python_operator.py for tasks to queue
[2023-12-04T12:09:19.195+0000] {logging_mixin.py:154} INFO - [2023-12-04T12:09:19.195+0000] {dagbag.py:536} INFO - Filling up the DagBag from /home/airflow/.local/lib/python3.8/site-packages/airflow/example_dags/example_python_operator.py
[2023-12-04T12:09:19.223+0000] {processor.py:839} INFO - DAG(s) dict_keys(['example_python_operator']) retrieved from /home/airflow/.local/lib/python3.8/site-packages/airflow/example_dags/example_python_operator.py
[2023-12-04T12:09:19.267+0000] {logging_mixin.py:154} INFO - [2023-12-04T12:09:19.266+0000] {dag.py:2941} INFO - Sync 1 DAGs
[2023-12-04T12:09:19.287+0000] {logging_mixin.py:154} INFO - [2023-12-04T12:09:19.287+0000] {dag.py:3722} INFO - Setting next_dagrun for example_python_operator to None, run_after=None
[2023-12-04T12:09:19.322+0000] {processor.py:179} INFO - Processing /home/airflow/.local/lib/python3.8/site-packages/airflow/example_dags/example_python_operator.py took 0.140 seconds
[2023-12-04T12:09:49.479+0000] {processor.py:157} INFO - Started process (PID=830) to work on /home/airflow/.local/lib/python3.8/site-packages/airflow/example_dags/example_python_operator.py
[2023-12-04T12:09:49.482+0000] {processor.py:829} INFO - Processing file /home/airflow/.local/lib/python3.8/site-packages/airflow/example_dags/example_python_operator.py for tasks to queue
[2023-12-04T12:09:49.490+0000] {logging_mixin.py:154} INFO - [2023-12-04T12:09:49.489+0000] {dagbag.py:536} INFO - Filling up the DagBag from /home/airflow/.local/lib/python3.8/site-packages/airflow/example_dags/example_python_operator.py
[2023-12-04T12:09:49.512+0000] {processor.py:839} INFO - DAG(s) dict_keys(['example_python_operator']) retrieved from /home/airflow/.local/lib/python3.8/site-packages/airflow/example_dags/example_python_operator.py
[2023-12-04T12:09:49.573+0000] {logging_mixin.py:154} INFO - [2023-12-04T12:09:49.573+0000] {dag.py:2941} INFO - Sync 1 DAGs
[2023-12-04T12:09:49.597+0000] {logging_mixin.py:154} INFO - [2023-12-04T12:09:49.596+0000] {dag.py:3722} INFO - Setting next_dagrun for example_python_operator to None, run_after=None
[2023-12-04T12:09:49.643+0000] {processor.py:179} INFO - Processing /home/airflow/.local/lib/python3.8/site-packages/airflow/example_dags/example_python_operator.py took 0.175 seconds
[2023-12-04T12:10:19.807+0000] {processor.py:157} INFO - Started process (PID=884) to work on /home/airflow/.local/lib/python3.8/site-packages/airflow/example_dags/example_python_operator.py
[2023-12-04T12:10:19.810+0000] {processor.py:829} INFO - Processing file /home/airflow/.local/lib/python3.8/site-packages/airflow/example_dags/example_python_operator.py for tasks to queue
[2023-12-04T12:10:19.815+0000] {logging_mixin.py:154} INFO - [2023-12-04T12:10:19.814+0000] {dagbag.py:536} INFO - Filling up the DagBag from /home/airflow/.local/lib/python3.8/site-packages/airflow/example_dags/example_python_operator.py
[2023-12-04T12:10:19.838+0000] {processor.py:839} INFO - DAG(s) dict_keys(['example_python_operator']) retrieved from /home/airflow/.local/lib/python3.8/site-packages/airflow/example_dags/example_python_operator.py
[2023-12-04T12:10:19.909+0000] {logging_mixin.py:154} INFO - [2023-12-04T12:10:19.909+0000] {dag.py:2941} INFO - Sync 1 DAGs
[2023-12-04T12:10:19.933+0000] {logging_mixin.py:154} INFO - [2023-12-04T12:10:19.932+0000] {dag.py:3722} INFO - Setting next_dagrun for example_python_operator to None, run_after=None
[2023-12-04T12:10:19.972+0000] {processor.py:179} INFO - Processing /home/airflow/.local/lib/python3.8/site-packages/airflow/example_dags/example_python_operator.py took 0.175 seconds
[2023-12-04T12:10:50.139+0000] {processor.py:157} INFO - Started process (PID=939) to work on /home/airflow/.local/lib/python3.8/site-packages/airflow/example_dags/example_python_operator.py
[2023-12-04T12:10:50.143+0000] {processor.py:829} INFO - Processing file /home/airflow/.local/lib/python3.8/site-packages/airflow/example_dags/example_python_operator.py for tasks to queue
[2023-12-04T12:10:50.147+0000] {logging_mixin.py:154} INFO - [2023-12-04T12:10:50.147+0000] {dagbag.py:536} INFO - Filling up the DagBag from /home/airflow/.local/lib/python3.8/site-packages/airflow/example_dags/example_python_operator.py
[2023-12-04T12:10:50.164+0000] {processor.py:839} INFO - DAG(s) dict_keys(['example_python_operator']) retrieved from /home/airflow/.local/lib/python3.8/site-packages/airflow/example_dags/example_python_operator.py
[2023-12-04T12:10:50.209+0000] {logging_mixin.py:154} INFO - [2023-12-04T12:10:50.208+0000] {dag.py:2941} INFO - Sync 1 DAGs
[2023-12-04T12:10:50.230+0000] {logging_mixin.py:154} INFO - [2023-12-04T12:10:50.230+0000] {dag.py:3722} INFO - Setting next_dagrun for example_python_operator to None, run_after=None
[2023-12-04T12:10:50.262+0000] {processor.py:179} INFO - Processing /home/airflow/.local/lib/python3.8/site-packages/airflow/example_dags/example_python_operator.py took 0.128 seconds
[2023-12-04T12:11:20.874+0000] {processor.py:157} INFO - Started process (PID=993) to work on /home/airflow/.local/lib/python3.8/site-packages/airflow/example_dags/example_python_operator.py
[2023-12-04T12:11:20.877+0000] {processor.py:829} INFO - Processing file /home/airflow/.local/lib/python3.8/site-packages/airflow/example_dags/example_python_operator.py for tasks to queue
[2023-12-04T12:11:20.883+0000] {logging_mixin.py:154} INFO - [2023-12-04T12:11:20.882+0000] {dagbag.py:536} INFO - Filling up the DagBag from /home/airflow/.local/lib/python3.8/site-packages/airflow/example_dags/example_python_operator.py
[2023-12-04T12:11:20.904+0000] {processor.py:839} INFO - DAG(s) dict_keys(['example_python_operator']) retrieved from /home/airflow/.local/lib/python3.8/site-packages/airflow/example_dags/example_python_operator.py
[2023-12-04T12:11:20.945+0000] {logging_mixin.py:154} INFO - [2023-12-04T12:11:20.945+0000] {dag.py:2941} INFO - Sync 1 DAGs
[2023-12-04T12:11:20.966+0000] {logging_mixin.py:154} INFO - [2023-12-04T12:11:20.966+0000] {dag.py:3722} INFO - Setting next_dagrun for example_python_operator to None, run_after=None
[2023-12-04T12:11:20.999+0000] {processor.py:179} INFO - Processing /home/airflow/.local/lib/python3.8/site-packages/airflow/example_dags/example_python_operator.py took 0.136 seconds
[2023-12-04T12:11:51.577+0000] {processor.py:157} INFO - Started process (PID=1047) to work on /home/airflow/.local/lib/python3.8/site-packages/airflow/example_dags/example_python_operator.py
[2023-12-04T12:11:51.581+0000] {processor.py:829} INFO - Processing file /home/airflow/.local/lib/python3.8/site-packages/airflow/example_dags/example_python_operator.py for tasks to queue
[2023-12-04T12:11:51.587+0000] {logging_mixin.py:154} INFO - [2023-12-04T12:11:51.586+0000] {dagbag.py:536} INFO - Filling up the DagBag from /home/airflow/.local/lib/python3.8/site-packages/airflow/example_dags/example_python_operator.py
[2023-12-04T12:11:51.605+0000] {processor.py:839} INFO - DAG(s) dict_keys(['example_python_operator']) retrieved from /home/airflow/.local/lib/python3.8/site-packages/airflow/example_dags/example_python_operator.py
[2023-12-04T12:11:51.646+0000] {logging_mixin.py:154} INFO - [2023-12-04T12:11:51.645+0000] {dag.py:2941} INFO - Sync 1 DAGs
[2023-12-04T12:11:51.670+0000] {logging_mixin.py:154} INFO - [2023-12-04T12:11:51.669+0000] {dag.py:3722} INFO - Setting next_dagrun for example_python_operator to None, run_after=None
[2023-12-04T12:11:51.710+0000] {processor.py:179} INFO - Processing /home/airflow/.local/lib/python3.8/site-packages/airflow/example_dags/example_python_operator.py took 0.145 seconds
[2023-12-04T12:12:21.873+0000] {processor.py:157} INFO - Started process (PID=1101) to work on /home/airflow/.local/lib/python3.8/site-packages/airflow/example_dags/example_python_operator.py
[2023-12-04T12:12:21.875+0000] {processor.py:829} INFO - Processing file /home/airflow/.local/lib/python3.8/site-packages/airflow/example_dags/example_python_operator.py for tasks to queue
[2023-12-04T12:12:21.881+0000] {logging_mixin.py:154} INFO - [2023-12-04T12:12:21.880+0000] {dagbag.py:536} INFO - Filling up the DagBag from /home/airflow/.local/lib/python3.8/site-packages/airflow/example_dags/example_python_operator.py
[2023-12-04T12:12:21.899+0000] {processor.py:839} INFO - DAG(s) dict_keys(['example_python_operator']) retrieved from /home/airflow/.local/lib/python3.8/site-packages/airflow/example_dags/example_python_operator.py
[2023-12-04T12:12:21.942+0000] {logging_mixin.py:154} INFO - [2023-12-04T12:12:21.942+0000] {dag.py:2941} INFO - Sync 1 DAGs
[2023-12-04T12:12:21.962+0000] {logging_mixin.py:154} INFO - [2023-12-04T12:12:21.962+0000] {dag.py:3722} INFO - Setting next_dagrun for example_python_operator to None, run_after=None
[2023-12-04T12:12:22.000+0000] {processor.py:179} INFO - Processing /home/airflow/.local/lib/python3.8/site-packages/airflow/example_dags/example_python_operator.py took 0.133 seconds
[2023-12-04T12:12:52.142+0000] {processor.py:157} INFO - Started process (PID=1153) to work on /home/airflow/.local/lib/python3.8/site-packages/airflow/example_dags/example_python_operator.py
[2023-12-04T12:12:52.145+0000] {processor.py:829} INFO - Processing file /home/airflow/.local/lib/python3.8/site-packages/airflow/example_dags/example_python_operator.py for tasks to queue
[2023-12-04T12:12:52.150+0000] {logging_mixin.py:154} INFO - [2023-12-04T12:12:52.150+0000] {dagbag.py:536} INFO - Filling up the DagBag from /home/airflow/.local/lib/python3.8/site-packages/airflow/example_dags/example_python_operator.py
[2023-12-04T12:12:52.167+0000] {processor.py:839} INFO - DAG(s) dict_keys(['example_python_operator']) retrieved from /home/airflow/.local/lib/python3.8/site-packages/airflow/example_dags/example_python_operator.py
[2023-12-04T12:12:52.209+0000] {logging_mixin.py:154} INFO - [2023-12-04T12:12:52.208+0000] {dag.py:2941} INFO - Sync 1 DAGs
[2023-12-04T12:12:52.229+0000] {logging_mixin.py:154} INFO - [2023-12-04T12:12:52.228+0000] {dag.py:3722} INFO - Setting next_dagrun for example_python_operator to None, run_after=None
[2023-12-04T12:12:52.273+0000] {processor.py:179} INFO - Processing /home/airflow/.local/lib/python3.8/site-packages/airflow/example_dags/example_python_operator.py took 0.136 seconds
[2023-12-04T12:13:22.514+0000] {processor.py:157} INFO - Started process (PID=1207) to work on /home/airflow/.local/lib/python3.8/site-packages/airflow/example_dags/example_python_operator.py
[2023-12-04T12:13:22.519+0000] {processor.py:829} INFO - Processing file /home/airflow/.local/lib/python3.8/site-packages/airflow/example_dags/example_python_operator.py for tasks to queue
[2023-12-04T12:13:22.523+0000] {logging_mixin.py:154} INFO - [2023-12-04T12:13:22.522+0000] {dagbag.py:536} INFO - Filling up the DagBag from /home/airflow/.local/lib/python3.8/site-packages/airflow/example_dags/example_python_operator.py
[2023-12-04T12:13:22.540+0000] {processor.py:839} INFO - DAG(s) dict_keys(['example_python_operator']) retrieved from /home/airflow/.local/lib/python3.8/site-packages/airflow/example_dags/example_python_operator.py
[2023-12-04T12:13:22.579+0000] {logging_mixin.py:154} INFO - [2023-12-04T12:13:22.579+0000] {dag.py:2941} INFO - Sync 1 DAGs
[2023-12-04T12:13:22.599+0000] {logging_mixin.py:154} INFO - [2023-12-04T12:13:22.598+0000] {dag.py:3722} INFO - Setting next_dagrun for example_python_operator to None, run_after=None
[2023-12-04T12:13:22.632+0000] {processor.py:179} INFO - Processing /home/airflow/.local/lib/python3.8/site-packages/airflow/example_dags/example_python_operator.py took 0.124 seconds
[2023-12-04T12:13:53.245+0000] {processor.py:157} INFO - Started process (PID=1261) to work on /home/airflow/.local/lib/python3.8/site-packages/airflow/example_dags/example_python_operator.py
[2023-12-04T12:13:53.248+0000] {processor.py:829} INFO - Processing file /home/airflow/.local/lib/python3.8/site-packages/airflow/example_dags/example_python_operator.py for tasks to queue
[2023-12-04T12:13:53.255+0000] {logging_mixin.py:154} INFO - [2023-12-04T12:13:53.254+0000] {dagbag.py:536} INFO - Filling up the DagBag from /home/airflow/.local/lib/python3.8/site-packages/airflow/example_dags/example_python_operator.py
[2023-12-04T12:13:53.274+0000] {processor.py:839} INFO - DAG(s) dict_keys(['example_python_operator']) retrieved from /home/airflow/.local/lib/python3.8/site-packages/airflow/example_dags/example_python_operator.py
[2023-12-04T12:13:53.322+0000] {logging_mixin.py:154} INFO - [2023-12-04T12:13:53.322+0000] {dag.py:2941} INFO - Sync 1 DAGs
[2023-12-04T12:13:53.345+0000] {logging_mixin.py:154} INFO - [2023-12-04T12:13:53.345+0000] {dag.py:3722} INFO - Setting next_dagrun for example_python_operator to None, run_after=None
[2023-12-04T12:13:53.390+0000] {processor.py:179} INFO - Processing /home/airflow/.local/lib/python3.8/site-packages/airflow/example_dags/example_python_operator.py took 0.150 seconds
[2023-12-04T12:14:23.940+0000] {processor.py:157} INFO - Started process (PID=1322) to work on /home/airflow/.local/lib/python3.8/site-packages/airflow/example_dags/example_python_operator.py
[2023-12-04T12:14:23.947+0000] {processor.py:829} INFO - Processing file /home/airflow/.local/lib/python3.8/site-packages/airflow/example_dags/example_python_operator.py for tasks to queue
[2023-12-04T12:14:23.951+0000] {logging_mixin.py:154} INFO - [2023-12-04T12:14:23.951+0000] {dagbag.py:536} INFO - Filling up the DagBag from /home/airflow/.local/lib/python3.8/site-packages/airflow/example_dags/example_python_operator.py
[2023-12-04T12:14:23.971+0000] {processor.py:839} INFO - DAG(s) dict_keys(['example_python_operator']) retrieved from /home/airflow/.local/lib/python3.8/site-packages/airflow/example_dags/example_python_operator.py
[2023-12-04T12:14:24.015+0000] {logging_mixin.py:154} INFO - [2023-12-04T12:14:24.014+0000] {dag.py:2941} INFO - Sync 1 DAGs
[2023-12-04T12:14:24.035+0000] {logging_mixin.py:154} INFO - [2023-12-04T12:14:24.035+0000] {dag.py:3722} INFO - Setting next_dagrun for example_python_operator to None, run_after=None
[2023-12-04T12:14:24.081+0000] {processor.py:179} INFO - Processing /home/airflow/.local/lib/python3.8/site-packages/airflow/example_dags/example_python_operator.py took 0.148 seconds
[2023-12-04T12:14:54.482+0000] {processor.py:157} INFO - Started process (PID=1376) to work on /home/airflow/.local/lib/python3.8/site-packages/airflow/example_dags/example_python_operator.py
[2023-12-04T12:14:54.487+0000] {processor.py:829} INFO - Processing file /home/airflow/.local/lib/python3.8/site-packages/airflow/example_dags/example_python_operator.py for tasks to queue
[2023-12-04T12:14:54.491+0000] {logging_mixin.py:154} INFO - [2023-12-04T12:14:54.491+0000] {dagbag.py:536} INFO - Filling up the DagBag from /home/airflow/.local/lib/python3.8/site-packages/airflow/example_dags/example_python_operator.py
[2023-12-04T12:14:54.508+0000] {processor.py:839} INFO - DAG(s) dict_keys(['example_python_operator']) retrieved from /home/airflow/.local/lib/python3.8/site-packages/airflow/example_dags/example_python_operator.py
[2023-12-04T12:14:54.548+0000] {logging_mixin.py:154} INFO - [2023-12-04T12:14:54.548+0000] {dag.py:2941} INFO - Sync 1 DAGs
[2023-12-04T12:14:54.573+0000] {logging_mixin.py:154} INFO - [2023-12-04T12:14:54.572+0000] {dag.py:3722} INFO - Setting next_dagrun for example_python_operator to None, run_after=None
[2023-12-04T12:14:54.606+0000] {processor.py:179} INFO - Processing /home/airflow/.local/lib/python3.8/site-packages/airflow/example_dags/example_python_operator.py took 0.130 seconds
[2023-12-04T12:15:25.074+0000] {processor.py:157} INFO - Started process (PID=1430) to work on /home/airflow/.local/lib/python3.8/site-packages/airflow/example_dags/example_python_operator.py
[2023-12-04T12:15:25.077+0000] {processor.py:829} INFO - Processing file /home/airflow/.local/lib/python3.8/site-packages/airflow/example_dags/example_python_operator.py for tasks to queue
[2023-12-04T12:15:25.083+0000] {logging_mixin.py:154} INFO - [2023-12-04T12:15:25.083+0000] {dagbag.py:536} INFO - Filling up the DagBag from /home/airflow/.local/lib/python3.8/site-packages/airflow/example_dags/example_python_operator.py
[2023-12-04T12:15:25.101+0000] {processor.py:839} INFO - DAG(s) dict_keys(['example_python_operator']) retrieved from /home/airflow/.local/lib/python3.8/site-packages/airflow/example_dags/example_python_operator.py
[2023-12-04T12:15:25.150+0000] {logging_mixin.py:154} INFO - [2023-12-04T12:15:25.149+0000] {dag.py:2941} INFO - Sync 1 DAGs
[2023-12-04T12:15:25.172+0000] {logging_mixin.py:154} INFO - [2023-12-04T12:15:25.172+0000] {dag.py:3722} INFO - Setting next_dagrun for example_python_operator to None, run_after=None
[2023-12-04T12:15:25.207+0000] {processor.py:179} INFO - Processing /home/airflow/.local/lib/python3.8/site-packages/airflow/example_dags/example_python_operator.py took 0.140 seconds
[2023-12-04T12:15:55.761+0000] {processor.py:157} INFO - Started process (PID=1484) to work on /home/airflow/.local/lib/python3.8/site-packages/airflow/example_dags/example_python_operator.py
[2023-12-04T12:15:55.765+0000] {processor.py:829} INFO - Processing file /home/airflow/.local/lib/python3.8/site-packages/airflow/example_dags/example_python_operator.py for tasks to queue
[2023-12-04T12:15:55.772+0000] {logging_mixin.py:154} INFO - [2023-12-04T12:15:55.772+0000] {dagbag.py:536} INFO - Filling up the DagBag from /home/airflow/.local/lib/python3.8/site-packages/airflow/example_dags/example_python_operator.py
[2023-12-04T12:15:55.795+0000] {processor.py:839} INFO - DAG(s) dict_keys(['example_python_operator']) retrieved from /home/airflow/.local/lib/python3.8/site-packages/airflow/example_dags/example_python_operator.py
[2023-12-04T12:15:55.861+0000] {logging_mixin.py:154} INFO - [2023-12-04T12:15:55.860+0000] {dag.py:2941} INFO - Sync 1 DAGs
[2023-12-04T12:15:55.890+0000] {logging_mixin.py:154} INFO - [2023-12-04T12:15:55.889+0000] {dag.py:3722} INFO - Setting next_dagrun for example_python_operator to None, run_after=None
[2023-12-04T12:15:55.935+0000] {processor.py:179} INFO - Processing /home/airflow/.local/lib/python3.8/site-packages/airflow/example_dags/example_python_operator.py took 0.187 seconds
[2023-12-04T12:16:26.047+0000] {processor.py:157} INFO - Started process (PID=1538) to work on /home/airflow/.local/lib/python3.8/site-packages/airflow/example_dags/example_python_operator.py
[2023-12-04T12:16:26.049+0000] {processor.py:829} INFO - Processing file /home/airflow/.local/lib/python3.8/site-packages/airflow/example_dags/example_python_operator.py for tasks to queue
[2023-12-04T12:16:26.056+0000] {logging_mixin.py:154} INFO - [2023-12-04T12:16:26.055+0000] {dagbag.py:536} INFO - Filling up the DagBag from /home/airflow/.local/lib/python3.8/site-packages/airflow/example_dags/example_python_operator.py
[2023-12-04T12:16:26.071+0000] {processor.py:839} INFO - DAG(s) dict_keys(['example_python_operator']) retrieved from /home/airflow/.local/lib/python3.8/site-packages/airflow/example_dags/example_python_operator.py
[2023-12-04T12:16:26.118+0000] {logging_mixin.py:154} INFO - [2023-12-04T12:16:26.118+0000] {dag.py:2941} INFO - Sync 1 DAGs
[2023-12-04T12:16:26.140+0000] {logging_mixin.py:154} INFO - [2023-12-04T12:16:26.140+0000] {dag.py:3722} INFO - Setting next_dagrun for example_python_operator to None, run_after=None
[2023-12-04T12:16:26.174+0000] {processor.py:179} INFO - Processing /home/airflow/.local/lib/python3.8/site-packages/airflow/example_dags/example_python_operator.py took 0.140 seconds
[2023-12-04T12:16:56.432+0000] {processor.py:157} INFO - Started process (PID=1592) to work on /home/airflow/.local/lib/python3.8/site-packages/airflow/example_dags/example_python_operator.py
[2023-12-04T12:16:56.435+0000] {processor.py:829} INFO - Processing file /home/airflow/.local/lib/python3.8/site-packages/airflow/example_dags/example_python_operator.py for tasks to queue
[2023-12-04T12:16:56.440+0000] {logging_mixin.py:154} INFO - [2023-12-04T12:16:56.439+0000] {dagbag.py:536} INFO - Filling up the DagBag from /home/airflow/.local/lib/python3.8/site-packages/airflow/example_dags/example_python_operator.py
[2023-12-04T12:16:56.462+0000] {processor.py:839} INFO - DAG(s) dict_keys(['example_python_operator']) retrieved from /home/airflow/.local/lib/python3.8/site-packages/airflow/example_dags/example_python_operator.py
[2023-12-04T12:16:56.508+0000] {logging_mixin.py:154} INFO - [2023-12-04T12:16:56.507+0000] {dag.py:2941} INFO - Sync 1 DAGs
[2023-12-04T12:16:56.532+0000] {logging_mixin.py:154} INFO - [2023-12-04T12:16:56.532+0000] {dag.py:3722} INFO - Setting next_dagrun for example_python_operator to None, run_after=None
[2023-12-04T12:16:56.568+0000] {processor.py:179} INFO - Processing /home/airflow/.local/lib/python3.8/site-packages/airflow/example_dags/example_python_operator.py took 0.142 seconds
[2023-12-04T12:17:26.819+0000] {processor.py:157} INFO - Started process (PID=1646) to work on /home/airflow/.local/lib/python3.8/site-packages/airflow/example_dags/example_python_operator.py
[2023-12-04T12:17:26.821+0000] {processor.py:829} INFO - Processing file /home/airflow/.local/lib/python3.8/site-packages/airflow/example_dags/example_python_operator.py for tasks to queue
[2023-12-04T12:17:26.828+0000] {logging_mixin.py:154} INFO - [2023-12-04T12:17:26.827+0000] {dagbag.py:536} INFO - Filling up the DagBag from /home/airflow/.local/lib/python3.8/site-packages/airflow/example_dags/example_python_operator.py
[2023-12-04T12:17:26.846+0000] {processor.py:839} INFO - DAG(s) dict_keys(['example_python_operator']) retrieved from /home/airflow/.local/lib/python3.8/site-packages/airflow/example_dags/example_python_operator.py
[2023-12-04T12:17:26.895+0000] {logging_mixin.py:154} INFO - [2023-12-04T12:17:26.895+0000] {dag.py:2941} INFO - Sync 1 DAGs
[2023-12-04T12:17:26.917+0000] {logging_mixin.py:154} INFO - [2023-12-04T12:17:26.916+0000] {dag.py:3722} INFO - Setting next_dagrun for example_python_operator to None, run_after=None
[2023-12-04T12:17:26.953+0000] {processor.py:179} INFO - Processing /home/airflow/.local/lib/python3.8/site-packages/airflow/example_dags/example_python_operator.py took 0.141 seconds
[2023-12-04T12:17:57.131+0000] {processor.py:157} INFO - Started process (PID=1700) to work on /home/airflow/.local/lib/python3.8/site-packages/airflow/example_dags/example_python_operator.py
[2023-12-04T12:17:57.134+0000] {processor.py:829} INFO - Processing file /home/airflow/.local/lib/python3.8/site-packages/airflow/example_dags/example_python_operator.py for tasks to queue
[2023-12-04T12:17:57.141+0000] {logging_mixin.py:154} INFO - [2023-12-04T12:17:57.140+0000] {dagbag.py:536} INFO - Filling up the DagBag from /home/airflow/.local/lib/python3.8/site-packages/airflow/example_dags/example_python_operator.py
[2023-12-04T12:17:57.157+0000] {processor.py:839} INFO - DAG(s) dict_keys(['example_python_operator']) retrieved from /home/airflow/.local/lib/python3.8/site-packages/airflow/example_dags/example_python_operator.py
[2023-12-04T12:17:57.199+0000] {logging_mixin.py:154} INFO - [2023-12-04T12:17:57.198+0000] {dag.py:2941} INFO - Sync 1 DAGs
[2023-12-04T12:17:57.225+0000] {logging_mixin.py:154} INFO - [2023-12-04T12:17:57.225+0000] {dag.py:3722} INFO - Setting next_dagrun for example_python_operator to None, run_after=None
[2023-12-04T12:17:57.263+0000] {processor.py:179} INFO - Processing /home/airflow/.local/lib/python3.8/site-packages/airflow/example_dags/example_python_operator.py took 0.137 seconds
[2023-12-04T12:18:27.668+0000] {processor.py:157} INFO - Started process (PID=1754) to work on /home/airflow/.local/lib/python3.8/site-packages/airflow/example_dags/example_python_operator.py
[2023-12-04T12:18:27.670+0000] {processor.py:829} INFO - Processing file /home/airflow/.local/lib/python3.8/site-packages/airflow/example_dags/example_python_operator.py for tasks to queue
[2023-12-04T12:18:27.676+0000] {logging_mixin.py:154} INFO - [2023-12-04T12:18:27.675+0000] {dagbag.py:536} INFO - Filling up the DagBag from /home/airflow/.local/lib/python3.8/site-packages/airflow/example_dags/example_python_operator.py
[2023-12-04T12:18:27.694+0000] {processor.py:839} INFO - DAG(s) dict_keys(['example_python_operator']) retrieved from /home/airflow/.local/lib/python3.8/site-packages/airflow/example_dags/example_python_operator.py
[2023-12-04T12:18:27.735+0000] {logging_mixin.py:154} INFO - [2023-12-04T12:18:27.735+0000] {dag.py:2941} INFO - Sync 1 DAGs
[2023-12-04T12:18:27.760+0000] {logging_mixin.py:154} INFO - [2023-12-04T12:18:27.760+0000] {dag.py:3722} INFO - Setting next_dagrun for example_python_operator to None, run_after=None
[2023-12-04T12:18:27.793+0000] {processor.py:179} INFO - Processing /home/airflow/.local/lib/python3.8/site-packages/airflow/example_dags/example_python_operator.py took 0.130 seconds
[2023-12-04T12:18:58.164+0000] {processor.py:157} INFO - Started process (PID=1808) to work on /home/airflow/.local/lib/python3.8/site-packages/airflow/example_dags/example_python_operator.py
[2023-12-04T12:18:58.167+0000] {processor.py:829} INFO - Processing file /home/airflow/.local/lib/python3.8/site-packages/airflow/example_dags/example_python_operator.py for tasks to queue
[2023-12-04T12:18:58.171+0000] {logging_mixin.py:154} INFO - [2023-12-04T12:18:58.171+0000] {dagbag.py:536} INFO - Filling up the DagBag from /home/airflow/.local/lib/python3.8/site-packages/airflow/example_dags/example_python_operator.py
[2023-12-04T12:18:58.188+0000] {processor.py:839} INFO - DAG(s) dict_keys(['example_python_operator']) retrieved from /home/airflow/.local/lib/python3.8/site-packages/airflow/example_dags/example_python_operator.py
[2023-12-04T12:18:58.227+0000] {logging_mixin.py:154} INFO - [2023-12-04T12:18:58.227+0000] {dag.py:2941} INFO - Sync 1 DAGs
[2023-12-04T12:18:58.248+0000] {logging_mixin.py:154} INFO - [2023-12-04T12:18:58.247+0000] {dag.py:3722} INFO - Setting next_dagrun for example_python_operator to None, run_after=None
[2023-12-04T12:18:58.280+0000] {processor.py:179} INFO - Processing /home/airflow/.local/lib/python3.8/site-packages/airflow/example_dags/example_python_operator.py took 0.123 seconds
[2023-12-04T12:19:29.036+0000] {processor.py:157} INFO - Started process (PID=1862) to work on /home/airflow/.local/lib/python3.8/site-packages/airflow/example_dags/example_python_operator.py
[2023-12-04T12:19:29.038+0000] {processor.py:829} INFO - Processing file /home/airflow/.local/lib/python3.8/site-packages/airflow/example_dags/example_python_operator.py for tasks to queue
[2023-12-04T12:19:29.043+0000] {logging_mixin.py:154} INFO - [2023-12-04T12:19:29.043+0000] {dagbag.py:536} INFO - Filling up the DagBag from /home/airflow/.local/lib/python3.8/site-packages/airflow/example_dags/example_python_operator.py
[2023-12-04T12:19:29.061+0000] {processor.py:839} INFO - DAG(s) dict_keys(['example_python_operator']) retrieved from /home/airflow/.local/lib/python3.8/site-packages/airflow/example_dags/example_python_operator.py
[2023-12-04T12:19:29.099+0000] {logging_mixin.py:154} INFO - [2023-12-04T12:19:29.099+0000] {dag.py:2941} INFO - Sync 1 DAGs
[2023-12-04T12:19:29.119+0000] {logging_mixin.py:154} INFO - [2023-12-04T12:19:29.119+0000] {dag.py:3722} INFO - Setting next_dagrun for example_python_operator to None, run_after=None
[2023-12-04T12:19:29.151+0000] {processor.py:179} INFO - Processing /home/airflow/.local/lib/python3.8/site-packages/airflow/example_dags/example_python_operator.py took 0.121 seconds
[2023-12-04T12:19:59.377+0000] {processor.py:157} INFO - Started process (PID=1917) to work on /home/airflow/.local/lib/python3.8/site-packages/airflow/example_dags/example_python_operator.py
[2023-12-04T12:19:59.379+0000] {processor.py:829} INFO - Processing file /home/airflow/.local/lib/python3.8/site-packages/airflow/example_dags/example_python_operator.py for tasks to queue
[2023-12-04T12:19:59.384+0000] {logging_mixin.py:154} INFO - [2023-12-04T12:19:59.384+0000] {dagbag.py:536} INFO - Filling up the DagBag from /home/airflow/.local/lib/python3.8/site-packages/airflow/example_dags/example_python_operator.py
[2023-12-04T12:19:59.403+0000] {processor.py:839} INFO - DAG(s) dict_keys(['example_python_operator']) retrieved from /home/airflow/.local/lib/python3.8/site-packages/airflow/example_dags/example_python_operator.py
[2023-12-04T12:19:59.452+0000] {logging_mixin.py:154} INFO - [2023-12-04T12:19:59.452+0000] {dag.py:2941} INFO - Sync 1 DAGs
[2023-12-04T12:19:59.477+0000] {logging_mixin.py:154} INFO - [2023-12-04T12:19:59.477+0000] {dag.py:3722} INFO - Setting next_dagrun for example_python_operator to None, run_after=None
[2023-12-04T12:19:59.516+0000] {processor.py:179} INFO - Processing /home/airflow/.local/lib/python3.8/site-packages/airflow/example_dags/example_python_operator.py took 0.145 seconds
[2023-12-04T12:20:30.115+0000] {processor.py:157} INFO - Started process (PID=1971) to work on /home/airflow/.local/lib/python3.8/site-packages/airflow/example_dags/example_python_operator.py
[2023-12-04T12:20:30.118+0000] {processor.py:829} INFO - Processing file /home/airflow/.local/lib/python3.8/site-packages/airflow/example_dags/example_python_operator.py for tasks to queue
[2023-12-04T12:20:30.122+0000] {logging_mixin.py:154} INFO - [2023-12-04T12:20:30.122+0000] {dagbag.py:536} INFO - Filling up the DagBag from /home/airflow/.local/lib/python3.8/site-packages/airflow/example_dags/example_python_operator.py
[2023-12-04T12:20:30.139+0000] {processor.py:839} INFO - DAG(s) dict_keys(['example_python_operator']) retrieved from /home/airflow/.local/lib/python3.8/site-packages/airflow/example_dags/example_python_operator.py
[2023-12-04T12:20:30.183+0000] {logging_mixin.py:154} INFO - [2023-12-04T12:20:30.183+0000] {dag.py:2941} INFO - Sync 1 DAGs
[2023-12-04T12:20:30.205+0000] {logging_mixin.py:154} INFO - [2023-12-04T12:20:30.205+0000] {dag.py:3722} INFO - Setting next_dagrun for example_python_operator to None, run_after=None
[2023-12-04T12:20:30.243+0000] {processor.py:179} INFO - Processing /home/airflow/.local/lib/python3.8/site-packages/airflow/example_dags/example_python_operator.py took 0.134 seconds
[2023-12-04T12:21:00.440+0000] {processor.py:157} INFO - Started process (PID=2025) to work on /home/airflow/.local/lib/python3.8/site-packages/airflow/example_dags/example_python_operator.py
[2023-12-04T12:21:00.442+0000] {processor.py:829} INFO - Processing file /home/airflow/.local/lib/python3.8/site-packages/airflow/example_dags/example_python_operator.py for tasks to queue
[2023-12-04T12:21:00.446+0000] {logging_mixin.py:154} INFO - [2023-12-04T12:21:00.446+0000] {dagbag.py:536} INFO - Filling up the DagBag from /home/airflow/.local/lib/python3.8/site-packages/airflow/example_dags/example_python_operator.py
[2023-12-04T12:21:00.463+0000] {processor.py:839} INFO - DAG(s) dict_keys(['example_python_operator']) retrieved from /home/airflow/.local/lib/python3.8/site-packages/airflow/example_dags/example_python_operator.py
[2023-12-04T12:21:00.505+0000] {logging_mixin.py:154} INFO - [2023-12-04T12:21:00.505+0000] {dag.py:2941} INFO - Sync 1 DAGs
[2023-12-04T12:21:00.526+0000] {logging_mixin.py:154} INFO - [2023-12-04T12:21:00.525+0000] {dag.py:3722} INFO - Setting next_dagrun for example_python_operator to None, run_after=None
[2023-12-04T12:21:00.565+0000] {processor.py:179} INFO - Processing /home/airflow/.local/lib/python3.8/site-packages/airflow/example_dags/example_python_operator.py took 0.131 seconds
[2023-12-04T12:21:30.882+0000] {processor.py:157} INFO - Started process (PID=2078) to work on /home/airflow/.local/lib/python3.8/site-packages/airflow/example_dags/example_python_operator.py
[2023-12-04T12:21:30.888+0000] {processor.py:829} INFO - Processing file /home/airflow/.local/lib/python3.8/site-packages/airflow/example_dags/example_python_operator.py for tasks to queue
[2023-12-04T12:21:30.895+0000] {logging_mixin.py:154} INFO - [2023-12-04T12:21:30.894+0000] {dagbag.py:536} INFO - Filling up the DagBag from /home/airflow/.local/lib/python3.8/site-packages/airflow/example_dags/example_python_operator.py
[2023-12-04T12:21:30.916+0000] {processor.py:839} INFO - DAG(s) dict_keys(['example_python_operator']) retrieved from /home/airflow/.local/lib/python3.8/site-packages/airflow/example_dags/example_python_operator.py
[2023-12-04T12:21:30.964+0000] {logging_mixin.py:154} INFO - [2023-12-04T12:21:30.963+0000] {dag.py:2941} INFO - Sync 1 DAGs
[2023-12-04T12:21:30.985+0000] {logging_mixin.py:154} INFO - [2023-12-04T12:21:30.984+0000] {dag.py:3722} INFO - Setting next_dagrun for example_python_operator to None, run_after=None
[2023-12-04T12:21:31.033+0000] {processor.py:179} INFO - Processing /home/airflow/.local/lib/python3.8/site-packages/airflow/example_dags/example_python_operator.py took 0.157 seconds
[2023-12-04T12:22:01.565+0000] {processor.py:157} INFO - Started process (PID=2132) to work on /home/airflow/.local/lib/python3.8/site-packages/airflow/example_dags/example_python_operator.py
[2023-12-04T12:22:01.568+0000] {processor.py:829} INFO - Processing file /home/airflow/.local/lib/python3.8/site-packages/airflow/example_dags/example_python_operator.py for tasks to queue
[2023-12-04T12:22:01.575+0000] {logging_mixin.py:154} INFO - [2023-12-04T12:22:01.574+0000] {dagbag.py:536} INFO - Filling up the DagBag from /home/airflow/.local/lib/python3.8/site-packages/airflow/example_dags/example_python_operator.py
[2023-12-04T12:22:01.594+0000] {processor.py:839} INFO - DAG(s) dict_keys(['example_python_operator']) retrieved from /home/airflow/.local/lib/python3.8/site-packages/airflow/example_dags/example_python_operator.py
[2023-12-04T12:22:01.634+0000] {logging_mixin.py:154} INFO - [2023-12-04T12:22:01.634+0000] {dag.py:2941} INFO - Sync 1 DAGs
[2023-12-04T12:22:01.656+0000] {logging_mixin.py:154} INFO - [2023-12-04T12:22:01.656+0000] {dag.py:3722} INFO - Setting next_dagrun for example_python_operator to None, run_after=None
[2023-12-04T12:22:01.689+0000] {processor.py:179} INFO - Processing /home/airflow/.local/lib/python3.8/site-packages/airflow/example_dags/example_python_operator.py took 0.137 seconds
[2023-12-04T12:22:31.870+0000] {processor.py:157} INFO - Started process (PID=2186) to work on /home/airflow/.local/lib/python3.8/site-packages/airflow/example_dags/example_python_operator.py
[2023-12-04T12:22:31.873+0000] {processor.py:829} INFO - Processing file /home/airflow/.local/lib/python3.8/site-packages/airflow/example_dags/example_python_operator.py for tasks to queue
[2023-12-04T12:22:31.878+0000] {logging_mixin.py:154} INFO - [2023-12-04T12:22:31.878+0000] {dagbag.py:536} INFO - Filling up the DagBag from /home/airflow/.local/lib/python3.8/site-packages/airflow/example_dags/example_python_operator.py
[2023-12-04T12:22:31.898+0000] {processor.py:839} INFO - DAG(s) dict_keys(['example_python_operator']) retrieved from /home/airflow/.local/lib/python3.8/site-packages/airflow/example_dags/example_python_operator.py
[2023-12-04T12:22:31.943+0000] {logging_mixin.py:154} INFO - [2023-12-04T12:22:31.942+0000] {dag.py:2941} INFO - Sync 1 DAGs
[2023-12-04T12:22:31.967+0000] {logging_mixin.py:154} INFO - [2023-12-04T12:22:31.966+0000] {dag.py:3722} INFO - Setting next_dagrun for example_python_operator to None, run_after=None
[2023-12-04T12:22:32.204+0000] {processor.py:179} INFO - Processing /home/airflow/.local/lib/python3.8/site-packages/airflow/example_dags/example_python_operator.py took 0.340 seconds
[2023-12-04T12:23:02.349+0000] {processor.py:157} INFO - Started process (PID=2239) to work on /home/airflow/.local/lib/python3.8/site-packages/airflow/example_dags/example_python_operator.py
[2023-12-04T12:23:02.352+0000] {processor.py:829} INFO - Processing file /home/airflow/.local/lib/python3.8/site-packages/airflow/example_dags/example_python_operator.py for tasks to queue
[2023-12-04T12:23:02.358+0000] {logging_mixin.py:154} INFO - [2023-12-04T12:23:02.357+0000] {dagbag.py:536} INFO - Filling up the DagBag from /home/airflow/.local/lib/python3.8/site-packages/airflow/example_dags/example_python_operator.py
[2023-12-04T12:23:02.375+0000] {processor.py:839} INFO - DAG(s) dict_keys(['example_python_operator']) retrieved from /home/airflow/.local/lib/python3.8/site-packages/airflow/example_dags/example_python_operator.py
[2023-12-04T12:23:02.416+0000] {logging_mixin.py:154} INFO - [2023-12-04T12:23:02.416+0000] {dag.py:2941} INFO - Sync 1 DAGs
[2023-12-04T12:23:02.436+0000] {logging_mixin.py:154} INFO - [2023-12-04T12:23:02.436+0000] {dag.py:3722} INFO - Setting next_dagrun for example_python_operator to None, run_after=None
[2023-12-04T12:23:02.472+0000] {processor.py:179} INFO - Processing /home/airflow/.local/lib/python3.8/site-packages/airflow/example_dags/example_python_operator.py took 0.131 seconds
[2023-12-04T12:23:33.133+0000] {processor.py:157} INFO - Started process (PID=2293) to work on /home/airflow/.local/lib/python3.8/site-packages/airflow/example_dags/example_python_operator.py
[2023-12-04T12:23:33.136+0000] {processor.py:829} INFO - Processing file /home/airflow/.local/lib/python3.8/site-packages/airflow/example_dags/example_python_operator.py for tasks to queue
[2023-12-04T12:23:33.145+0000] {logging_mixin.py:154} INFO - [2023-12-04T12:23:33.144+0000] {dagbag.py:536} INFO - Filling up the DagBag from /home/airflow/.local/lib/python3.8/site-packages/airflow/example_dags/example_python_operator.py
[2023-12-04T12:23:33.168+0000] {processor.py:839} INFO - DAG(s) dict_keys(['example_python_operator']) retrieved from /home/airflow/.local/lib/python3.8/site-packages/airflow/example_dags/example_python_operator.py
[2023-12-04T12:23:33.214+0000] {logging_mixin.py:154} INFO - [2023-12-04T12:23:33.213+0000] {dag.py:2941} INFO - Sync 1 DAGs
[2023-12-04T12:23:33.238+0000] {logging_mixin.py:154} INFO - [2023-12-04T12:23:33.238+0000] {dag.py:3722} INFO - Setting next_dagrun for example_python_operator to None, run_after=None
[2023-12-04T12:23:33.279+0000] {processor.py:179} INFO - Processing /home/airflow/.local/lib/python3.8/site-packages/airflow/example_dags/example_python_operator.py took 0.154 seconds
[2023-12-04T12:24:05.096+0000] {processor.py:157} INFO - Started process (PID=2347) to work on /home/airflow/.local/lib/python3.8/site-packages/airflow/example_dags/example_python_operator.py
[2023-12-04T12:24:05.101+0000] {processor.py:829} INFO - Processing file /home/airflow/.local/lib/python3.8/site-packages/airflow/example_dags/example_python_operator.py for tasks to queue
[2023-12-04T12:24:05.109+0000] {logging_mixin.py:154} INFO - [2023-12-04T12:24:05.109+0000] {dagbag.py:536} INFO - Filling up the DagBag from /home/airflow/.local/lib/python3.8/site-packages/airflow/example_dags/example_python_operator.py
[2023-12-04T12:24:05.130+0000] {processor.py:839} INFO - DAG(s) dict_keys(['example_python_operator']) retrieved from /home/airflow/.local/lib/python3.8/site-packages/airflow/example_dags/example_python_operator.py
[2023-12-04T12:24:05.178+0000] {logging_mixin.py:154} INFO - [2023-12-04T12:24:05.178+0000] {dag.py:2941} INFO - Sync 1 DAGs
[2023-12-04T12:24:05.211+0000] {logging_mixin.py:154} INFO - [2023-12-04T12:24:05.211+0000] {dag.py:3722} INFO - Setting next_dagrun for example_python_operator to None, run_after=None
[2023-12-04T12:24:05.480+0000] {processor.py:179} INFO - Processing /home/airflow/.local/lib/python3.8/site-packages/airflow/example_dags/example_python_operator.py took 0.394 seconds
[2023-12-04T12:24:36.179+0000] {processor.py:157} INFO - Started process (PID=2401) to work on /home/airflow/.local/lib/python3.8/site-packages/airflow/example_dags/example_python_operator.py
[2023-12-04T12:24:36.182+0000] {processor.py:829} INFO - Processing file /home/airflow/.local/lib/python3.8/site-packages/airflow/example_dags/example_python_operator.py for tasks to queue
[2023-12-04T12:24:36.186+0000] {logging_mixin.py:154} INFO - [2023-12-04T12:24:36.186+0000] {dagbag.py:536} INFO - Filling up the DagBag from /home/airflow/.local/lib/python3.8/site-packages/airflow/example_dags/example_python_operator.py
[2023-12-04T12:24:36.202+0000] {processor.py:839} INFO - DAG(s) dict_keys(['example_python_operator']) retrieved from /home/airflow/.local/lib/python3.8/site-packages/airflow/example_dags/example_python_operator.py
[2023-12-04T12:24:36.240+0000] {logging_mixin.py:154} INFO - [2023-12-04T12:24:36.240+0000] {dag.py:2941} INFO - Sync 1 DAGs
[2023-12-04T12:24:36.269+0000] {logging_mixin.py:154} INFO - [2023-12-04T12:24:36.269+0000] {dag.py:3722} INFO - Setting next_dagrun for example_python_operator to None, run_after=None
[2023-12-04T12:24:36.300+0000] {processor.py:179} INFO - Processing /home/airflow/.local/lib/python3.8/site-packages/airflow/example_dags/example_python_operator.py took 0.127 seconds
[2023-12-04T12:25:06.655+0000] {processor.py:157} INFO - Started process (PID=2455) to work on /home/airflow/.local/lib/python3.8/site-packages/airflow/example_dags/example_python_operator.py
[2023-12-04T12:25:06.657+0000] {processor.py:829} INFO - Processing file /home/airflow/.local/lib/python3.8/site-packages/airflow/example_dags/example_python_operator.py for tasks to queue
[2023-12-04T12:25:06.661+0000] {logging_mixin.py:154} INFO - [2023-12-04T12:25:06.661+0000] {dagbag.py:536} INFO - Filling up the DagBag from /home/airflow/.local/lib/python3.8/site-packages/airflow/example_dags/example_python_operator.py
[2023-12-04T12:25:06.678+0000] {processor.py:839} INFO - DAG(s) dict_keys(['example_python_operator']) retrieved from /home/airflow/.local/lib/python3.8/site-packages/airflow/example_dags/example_python_operator.py
[2023-12-04T12:25:06.715+0000] {logging_mixin.py:154} INFO - [2023-12-04T12:25:06.715+0000] {dag.py:2941} INFO - Sync 1 DAGs
[2023-12-04T12:25:06.735+0000] {logging_mixin.py:154} INFO - [2023-12-04T12:25:06.735+0000] {dag.py:3722} INFO - Setting next_dagrun for example_python_operator to None, run_after=None
[2023-12-04T12:25:06.765+0000] {processor.py:179} INFO - Processing /home/airflow/.local/lib/python3.8/site-packages/airflow/example_dags/example_python_operator.py took 0.116 seconds
[2023-12-04T12:25:37.767+0000] {processor.py:157} INFO - Started process (PID=2509) to work on /home/airflow/.local/lib/python3.8/site-packages/airflow/example_dags/example_python_operator.py
[2023-12-04T12:25:37.769+0000] {processor.py:829} INFO - Processing file /home/airflow/.local/lib/python3.8/site-packages/airflow/example_dags/example_python_operator.py for tasks to queue
[2023-12-04T12:25:37.773+0000] {logging_mixin.py:154} INFO - [2023-12-04T12:25:37.773+0000] {dagbag.py:536} INFO - Filling up the DagBag from /home/airflow/.local/lib/python3.8/site-packages/airflow/example_dags/example_python_operator.py
[2023-12-04T12:25:37.802+0000] {processor.py:839} INFO - DAG(s) dict_keys(['example_python_operator']) retrieved from /home/airflow/.local/lib/python3.8/site-packages/airflow/example_dags/example_python_operator.py
[2023-12-04T12:25:37.839+0000] {logging_mixin.py:154} INFO - [2023-12-04T12:25:37.839+0000] {dag.py:2941} INFO - Sync 1 DAGs
[2023-12-04T12:25:37.861+0000] {logging_mixin.py:154} INFO - [2023-12-04T12:25:37.860+0000] {dag.py:3722} INFO - Setting next_dagrun for example_python_operator to None, run_after=None
[2023-12-04T12:25:38.103+0000] {processor.py:179} INFO - Processing /home/airflow/.local/lib/python3.8/site-packages/airflow/example_dags/example_python_operator.py took 0.342 seconds
[2023-12-04T12:26:08.480+0000] {processor.py:157} INFO - Started process (PID=2564) to work on /home/airflow/.local/lib/python3.8/site-packages/airflow/example_dags/example_python_operator.py
[2023-12-04T12:26:08.483+0000] {processor.py:829} INFO - Processing file /home/airflow/.local/lib/python3.8/site-packages/airflow/example_dags/example_python_operator.py for tasks to queue
[2023-12-04T12:26:08.487+0000] {logging_mixin.py:154} INFO - [2023-12-04T12:26:08.487+0000] {dagbag.py:536} INFO - Filling up the DagBag from /home/airflow/.local/lib/python3.8/site-packages/airflow/example_dags/example_python_operator.py
[2023-12-04T12:26:08.504+0000] {processor.py:839} INFO - DAG(s) dict_keys(['example_python_operator']) retrieved from /home/airflow/.local/lib/python3.8/site-packages/airflow/example_dags/example_python_operator.py
[2023-12-04T12:26:08.543+0000] {logging_mixin.py:154} INFO - [2023-12-04T12:26:08.543+0000] {dag.py:2941} INFO - Sync 1 DAGs
[2023-12-04T12:26:08.564+0000] {logging_mixin.py:154} INFO - [2023-12-04T12:26:08.564+0000] {dag.py:3722} INFO - Setting next_dagrun for example_python_operator to None, run_after=None
[2023-12-04T12:26:08.596+0000] {processor.py:179} INFO - Processing /home/airflow/.local/lib/python3.8/site-packages/airflow/example_dags/example_python_operator.py took 0.122 seconds
[2023-12-04T12:26:38.959+0000] {processor.py:157} INFO - Started process (PID=2618) to work on /home/airflow/.local/lib/python3.8/site-packages/airflow/example_dags/example_python_operator.py
[2023-12-04T12:26:38.961+0000] {processor.py:829} INFO - Processing file /home/airflow/.local/lib/python3.8/site-packages/airflow/example_dags/example_python_operator.py for tasks to queue
[2023-12-04T12:26:38.965+0000] {logging_mixin.py:154} INFO - [2023-12-04T12:26:38.965+0000] {dagbag.py:536} INFO - Filling up the DagBag from /home/airflow/.local/lib/python3.8/site-packages/airflow/example_dags/example_python_operator.py
[2023-12-04T12:26:38.981+0000] {processor.py:839} INFO - DAG(s) dict_keys(['example_python_operator']) retrieved from /home/airflow/.local/lib/python3.8/site-packages/airflow/example_dags/example_python_operator.py
[2023-12-04T12:26:39.212+0000] {logging_mixin.py:154} INFO - [2023-12-04T12:26:39.211+0000] {dag.py:2941} INFO - Sync 1 DAGs
[2023-12-04T12:26:39.229+0000] {logging_mixin.py:154} INFO - [2023-12-04T12:26:39.229+0000] {dag.py:3722} INFO - Setting next_dagrun for example_python_operator to None, run_after=None
[2023-12-04T12:26:39.301+0000] {processor.py:179} INFO - Processing /home/airflow/.local/lib/python3.8/site-packages/airflow/example_dags/example_python_operator.py took 0.348 seconds
[2023-12-04T12:27:11.067+0000] {processor.py:157} INFO - Started process (PID=2673) to work on /home/airflow/.local/lib/python3.8/site-packages/airflow/example_dags/example_python_operator.py
[2023-12-04T12:27:11.070+0000] {processor.py:829} INFO - Processing file /home/airflow/.local/lib/python3.8/site-packages/airflow/example_dags/example_python_operator.py for tasks to queue
[2023-12-04T12:27:11.075+0000] {logging_mixin.py:154} INFO - [2023-12-04T12:27:11.075+0000] {dagbag.py:536} INFO - Filling up the DagBag from /home/airflow/.local/lib/python3.8/site-packages/airflow/example_dags/example_python_operator.py
[2023-12-04T12:27:11.097+0000] {processor.py:839} INFO - DAG(s) dict_keys(['example_python_operator']) retrieved from /home/airflow/.local/lib/python3.8/site-packages/airflow/example_dags/example_python_operator.py
[2023-12-04T12:27:11.156+0000] {logging_mixin.py:154} INFO - [2023-12-04T12:27:11.156+0000] {dag.py:2941} INFO - Sync 1 DAGs
[2023-12-04T12:27:11.193+0000] {logging_mixin.py:154} INFO - [2023-12-04T12:27:11.193+0000] {dag.py:3722} INFO - Setting next_dagrun for example_python_operator to None, run_after=None
[2023-12-04T12:27:11.537+0000] {processor.py:179} INFO - Processing /home/airflow/.local/lib/python3.8/site-packages/airflow/example_dags/example_python_operator.py took 0.479 seconds
[2023-12-04T12:27:42.255+0000] {processor.py:157} INFO - Started process (PID=2727) to work on /home/airflow/.local/lib/python3.8/site-packages/airflow/example_dags/example_python_operator.py
[2023-12-04T12:27:42.257+0000] {processor.py:829} INFO - Processing file /home/airflow/.local/lib/python3.8/site-packages/airflow/example_dags/example_python_operator.py for tasks to queue
[2023-12-04T12:27:42.261+0000] {logging_mixin.py:154} INFO - [2023-12-04T12:27:42.261+0000] {dagbag.py:536} INFO - Filling up the DagBag from /home/airflow/.local/lib/python3.8/site-packages/airflow/example_dags/example_python_operator.py
[2023-12-04T12:27:42.278+0000] {processor.py:839} INFO - DAG(s) dict_keys(['example_python_operator']) retrieved from /home/airflow/.local/lib/python3.8/site-packages/airflow/example_dags/example_python_operator.py
[2023-12-04T12:27:42.317+0000] {logging_mixin.py:154} INFO - [2023-12-04T12:27:42.317+0000] {dag.py:2941} INFO - Sync 1 DAGs
[2023-12-04T12:27:42.339+0000] {logging_mixin.py:154} INFO - [2023-12-04T12:27:42.339+0000] {dag.py:3722} INFO - Setting next_dagrun for example_python_operator to None, run_after=None
[2023-12-04T12:27:42.372+0000] {processor.py:179} INFO - Processing /home/airflow/.local/lib/python3.8/site-packages/airflow/example_dags/example_python_operator.py took 0.125 seconds
[2023-12-04T12:28:13.120+0000] {processor.py:157} INFO - Started process (PID=2780) to work on /home/airflow/.local/lib/python3.8/site-packages/airflow/example_dags/example_python_operator.py
[2023-12-04T12:28:13.123+0000] {processor.py:829} INFO - Processing file /home/airflow/.local/lib/python3.8/site-packages/airflow/example_dags/example_python_operator.py for tasks to queue
[2023-12-04T12:28:13.127+0000] {logging_mixin.py:154} INFO - [2023-12-04T12:28:13.127+0000] {dagbag.py:536} INFO - Filling up the DagBag from /home/airflow/.local/lib/python3.8/site-packages/airflow/example_dags/example_python_operator.py
[2023-12-04T12:28:13.145+0000] {processor.py:839} INFO - DAG(s) dict_keys(['example_python_operator']) retrieved from /home/airflow/.local/lib/python3.8/site-packages/airflow/example_dags/example_python_operator.py
[2023-12-04T12:28:13.373+0000] {logging_mixin.py:154} INFO - [2023-12-04T12:28:13.373+0000] {dag.py:2941} INFO - Sync 1 DAGs
[2023-12-04T12:28:13.403+0000] {logging_mixin.py:154} INFO - [2023-12-04T12:28:13.403+0000] {dag.py:3722} INFO - Setting next_dagrun for example_python_operator to None, run_after=None
[2023-12-04T12:28:13.433+0000] {processor.py:179} INFO - Processing /home/airflow/.local/lib/python3.8/site-packages/airflow/example_dags/example_python_operator.py took 0.318 seconds
