[2023-12-04T10:17:52.972+0000] {processor.py:157} INFO - Started process (PID=46) to work on /home/airflow/.local/lib/python3.8/site-packages/airflow/example_dags/example_dag_decorator.py
[2023-12-04T10:17:52.994+0000] {processor.py:829} INFO - Processing file /home/airflow/.local/lib/python3.8/site-packages/airflow/example_dags/example_dag_decorator.py for tasks to queue
[2023-12-04T10:17:53.130+0000] {logging_mixin.py:154} INFO - [2023-12-04T10:17:53.115+0000] {dagbag.py:536} INFO - Filling up the DagBag from /home/airflow/.local/lib/python3.8/site-packages/airflow/example_dags/example_dag_decorator.py
[2023-12-04T10:17:57.796+0000] {processor.py:839} INFO - DAG(s) dict_keys(['example_dag_decorator']) retrieved from /home/airflow/.local/lib/python3.8/site-packages/airflow/example_dags/example_dag_decorator.py
[2023-12-04T10:18:00.501+0000] {logging_mixin.py:154} INFO - [2023-12-04T10:18:00.494+0000] {dag.py:2941} INFO - Sync 1 DAGs
[2023-12-04T10:18:03.256+0000] {logging_mixin.py:154} INFO - [2023-12-04T10:18:03.254+0000] {dag.py:3722} INFO - Setting next_dagrun for example_dag_decorator to None, run_after=None
[2023-12-04T10:18:03.556+0000] {processor.py:179} INFO - Processing /home/airflow/.local/lib/python3.8/site-packages/airflow/example_dags/example_dag_decorator.py took 10.695 seconds
[2023-12-04T10:19:32.503+0000] {processor.py:157} INFO - Started process (PID=34) to work on /home/airflow/.local/lib/python3.8/site-packages/airflow/example_dags/example_dag_decorator.py
[2023-12-04T10:19:32.506+0000] {processor.py:829} INFO - Processing file /home/airflow/.local/lib/python3.8/site-packages/airflow/example_dags/example_dag_decorator.py for tasks to queue
[2023-12-04T10:19:32.513+0000] {logging_mixin.py:154} INFO - [2023-12-04T10:19:32.512+0000] {dagbag.py:536} INFO - Filling up the DagBag from /home/airflow/.local/lib/python3.8/site-packages/airflow/example_dags/example_dag_decorator.py
[2023-12-04T10:19:32.862+0000] {processor.py:839} INFO - DAG(s) dict_keys(['example_dag_decorator']) retrieved from /home/airflow/.local/lib/python3.8/site-packages/airflow/example_dags/example_dag_decorator.py
[2023-12-04T10:19:33.408+0000] {logging_mixin.py:154} INFO - [2023-12-04T10:19:33.408+0000] {dag.py:2941} INFO - Sync 1 DAGs
[2023-12-04T10:19:33.435+0000] {logging_mixin.py:154} INFO - [2023-12-04T10:19:33.435+0000] {dag.py:3722} INFO - Setting next_dagrun for example_dag_decorator to None, run_after=None
[2023-12-04T10:19:33.490+0000] {processor.py:179} INFO - Processing /home/airflow/.local/lib/python3.8/site-packages/airflow/example_dags/example_dag_decorator.py took 0.995 seconds
[2023-12-04T10:20:04.092+0000] {processor.py:157} INFO - Started process (PID=89) to work on /home/airflow/.local/lib/python3.8/site-packages/airflow/example_dags/example_dag_decorator.py
[2023-12-04T10:20:04.103+0000] {processor.py:829} INFO - Processing file /home/airflow/.local/lib/python3.8/site-packages/airflow/example_dags/example_dag_decorator.py for tasks to queue
[2023-12-04T10:20:04.109+0000] {logging_mixin.py:154} INFO - [2023-12-04T10:20:04.108+0000] {dagbag.py:536} INFO - Filling up the DagBag from /home/airflow/.local/lib/python3.8/site-packages/airflow/example_dags/example_dag_decorator.py
[2023-12-04T10:20:04.299+0000] {processor.py:839} INFO - DAG(s) dict_keys(['example_dag_decorator']) retrieved from /home/airflow/.local/lib/python3.8/site-packages/airflow/example_dags/example_dag_decorator.py
[2023-12-04T10:20:04.499+0000] {logging_mixin.py:154} INFO - [2023-12-04T10:20:04.499+0000] {dag.py:2941} INFO - Sync 1 DAGs
[2023-12-04T10:20:04.515+0000] {logging_mixin.py:154} INFO - [2023-12-04T10:20:04.514+0000] {dag.py:3722} INFO - Setting next_dagrun for example_dag_decorator to None, run_after=None
[2023-12-04T10:20:04.548+0000] {processor.py:179} INFO - Processing /home/airflow/.local/lib/python3.8/site-packages/airflow/example_dags/example_dag_decorator.py took 0.475 seconds
[2023-12-04T10:20:34.692+0000] {processor.py:157} INFO - Started process (PID=145) to work on /home/airflow/.local/lib/python3.8/site-packages/airflow/example_dags/example_dag_decorator.py
[2023-12-04T10:20:34.695+0000] {processor.py:829} INFO - Processing file /home/airflow/.local/lib/python3.8/site-packages/airflow/example_dags/example_dag_decorator.py for tasks to queue
[2023-12-04T10:20:34.700+0000] {logging_mixin.py:154} INFO - [2023-12-04T10:20:34.700+0000] {dagbag.py:536} INFO - Filling up the DagBag from /home/airflow/.local/lib/python3.8/site-packages/airflow/example_dags/example_dag_decorator.py
[2023-12-04T10:20:34.823+0000] {processor.py:839} INFO - DAG(s) dict_keys(['example_dag_decorator']) retrieved from /home/airflow/.local/lib/python3.8/site-packages/airflow/example_dags/example_dag_decorator.py
[2023-12-04T10:20:35.037+0000] {logging_mixin.py:154} INFO - [2023-12-04T10:20:35.037+0000] {dag.py:2941} INFO - Sync 1 DAGs
[2023-12-04T10:20:35.062+0000] {logging_mixin.py:154} INFO - [2023-12-04T10:20:35.061+0000] {dag.py:3722} INFO - Setting next_dagrun for example_dag_decorator to None, run_after=None
[2023-12-04T10:20:35.099+0000] {processor.py:179} INFO - Processing /home/airflow/.local/lib/python3.8/site-packages/airflow/example_dags/example_dag_decorator.py took 0.413 seconds
[2023-12-04T10:21:05.602+0000] {processor.py:157} INFO - Started process (PID=198) to work on /home/airflow/.local/lib/python3.8/site-packages/airflow/example_dags/example_dag_decorator.py
[2023-12-04T10:21:05.606+0000] {processor.py:829} INFO - Processing file /home/airflow/.local/lib/python3.8/site-packages/airflow/example_dags/example_dag_decorator.py for tasks to queue
[2023-12-04T10:21:05.617+0000] {logging_mixin.py:154} INFO - [2023-12-04T10:21:05.616+0000] {dagbag.py:536} INFO - Filling up the DagBag from /home/airflow/.local/lib/python3.8/site-packages/airflow/example_dags/example_dag_decorator.py
[2023-12-04T10:21:05.938+0000] {processor.py:839} INFO - DAG(s) dict_keys(['example_dag_decorator']) retrieved from /home/airflow/.local/lib/python3.8/site-packages/airflow/example_dags/example_dag_decorator.py
[2023-12-04T10:21:06.182+0000] {logging_mixin.py:154} INFO - [2023-12-04T10:21:06.182+0000] {dag.py:2941} INFO - Sync 1 DAGs
[2023-12-04T10:21:06.204+0000] {logging_mixin.py:154} INFO - [2023-12-04T10:21:06.204+0000] {dag.py:3722} INFO - Setting next_dagrun for example_dag_decorator to None, run_after=None
[2023-12-04T10:21:06.243+0000] {processor.py:179} INFO - Processing /home/airflow/.local/lib/python3.8/site-packages/airflow/example_dags/example_dag_decorator.py took 0.649 seconds
[2023-12-04T10:21:36.416+0000] {processor.py:157} INFO - Started process (PID=252) to work on /home/airflow/.local/lib/python3.8/site-packages/airflow/example_dags/example_dag_decorator.py
[2023-12-04T10:21:36.418+0000] {processor.py:829} INFO - Processing file /home/airflow/.local/lib/python3.8/site-packages/airflow/example_dags/example_dag_decorator.py for tasks to queue
[2023-12-04T10:21:36.424+0000] {logging_mixin.py:154} INFO - [2023-12-04T10:21:36.423+0000] {dagbag.py:536} INFO - Filling up the DagBag from /home/airflow/.local/lib/python3.8/site-packages/airflow/example_dags/example_dag_decorator.py
[2023-12-04T10:21:36.881+0000] {processor.py:839} INFO - DAG(s) dict_keys(['example_dag_decorator']) retrieved from /home/airflow/.local/lib/python3.8/site-packages/airflow/example_dags/example_dag_decorator.py
[2023-12-04T10:21:37.088+0000] {logging_mixin.py:154} INFO - [2023-12-04T10:21:37.087+0000] {dag.py:2941} INFO - Sync 1 DAGs
[2023-12-04T10:21:37.123+0000] {logging_mixin.py:154} INFO - [2023-12-04T10:21:37.123+0000] {dag.py:3722} INFO - Setting next_dagrun for example_dag_decorator to None, run_after=None
[2023-12-04T10:21:37.171+0000] {processor.py:179} INFO - Processing /home/airflow/.local/lib/python3.8/site-packages/airflow/example_dags/example_dag_decorator.py took 0.767 seconds
[2023-12-04T10:22:07.881+0000] {processor.py:157} INFO - Started process (PID=306) to work on /home/airflow/.local/lib/python3.8/site-packages/airflow/example_dags/example_dag_decorator.py
[2023-12-04T10:22:07.899+0000] {processor.py:829} INFO - Processing file /home/airflow/.local/lib/python3.8/site-packages/airflow/example_dags/example_dag_decorator.py for tasks to queue
[2023-12-04T10:22:08.260+0000] {logging_mixin.py:154} INFO - [2023-12-04T10:22:08.073+0000] {dagbag.py:536} INFO - Filling up the DagBag from /home/airflow/.local/lib/python3.8/site-packages/airflow/example_dags/example_dag_decorator.py
[2023-12-04T10:22:10.893+0000] {processor.py:839} INFO - DAG(s) dict_keys(['example_dag_decorator']) retrieved from /home/airflow/.local/lib/python3.8/site-packages/airflow/example_dags/example_dag_decorator.py
[2023-12-04T10:22:11.453+0000] {logging_mixin.py:154} INFO - [2023-12-04T10:22:11.453+0000] {dag.py:2941} INFO - Sync 1 DAGs
[2023-12-04T10:22:11.483+0000] {logging_mixin.py:154} INFO - [2023-12-04T10:22:11.483+0000] {dag.py:3722} INFO - Setting next_dagrun for example_dag_decorator to None, run_after=None
[2023-12-04T10:22:11.537+0000] {processor.py:179} INFO - Processing /home/airflow/.local/lib/python3.8/site-packages/airflow/example_dags/example_dag_decorator.py took 3.827 seconds
[2023-12-04T10:22:42.038+0000] {processor.py:157} INFO - Started process (PID=368) to work on /home/airflow/.local/lib/python3.8/site-packages/airflow/example_dags/example_dag_decorator.py
[2023-12-04T10:22:42.051+0000] {processor.py:829} INFO - Processing file /home/airflow/.local/lib/python3.8/site-packages/airflow/example_dags/example_dag_decorator.py for tasks to queue
[2023-12-04T10:22:42.056+0000] {logging_mixin.py:154} INFO - [2023-12-04T10:22:42.056+0000] {dagbag.py:536} INFO - Filling up the DagBag from /home/airflow/.local/lib/python3.8/site-packages/airflow/example_dags/example_dag_decorator.py
[2023-12-04T10:22:42.622+0000] {processor.py:839} INFO - DAG(s) dict_keys(['example_dag_decorator']) retrieved from /home/airflow/.local/lib/python3.8/site-packages/airflow/example_dags/example_dag_decorator.py
[2023-12-04T10:22:43.305+0000] {logging_mixin.py:154} INFO - [2023-12-04T10:22:43.304+0000] {dag.py:2941} INFO - Sync 1 DAGs
[2023-12-04T10:22:43.409+0000] {logging_mixin.py:154} INFO - [2023-12-04T10:22:43.408+0000] {dag.py:3722} INFO - Setting next_dagrun for example_dag_decorator to None, run_after=None
[2023-12-04T10:22:43.537+0000] {processor.py:179} INFO - Processing /home/airflow/.local/lib/python3.8/site-packages/airflow/example_dags/example_dag_decorator.py took 1.504 seconds
[2023-12-04T10:23:19.109+0000] {processor.py:157} INFO - Started process (PID=419) to work on /home/airflow/.local/lib/python3.8/site-packages/airflow/example_dags/example_dag_decorator.py
[2023-12-04T10:23:19.112+0000] {processor.py:829} INFO - Processing file /home/airflow/.local/lib/python3.8/site-packages/airflow/example_dags/example_dag_decorator.py for tasks to queue
[2023-12-04T10:23:19.128+0000] {logging_mixin.py:154} INFO - [2023-12-04T10:23:19.127+0000] {dagbag.py:536} INFO - Filling up the DagBag from /home/airflow/.local/lib/python3.8/site-packages/airflow/example_dags/example_dag_decorator.py
[2023-12-04T10:23:19.753+0000] {processor.py:839} INFO - DAG(s) dict_keys(['example_dag_decorator']) retrieved from /home/airflow/.local/lib/python3.8/site-packages/airflow/example_dags/example_dag_decorator.py
[2023-12-04T10:23:20.395+0000] {logging_mixin.py:154} INFO - [2023-12-04T10:23:20.395+0000] {dag.py:2941} INFO - Sync 1 DAGs
[2023-12-04T10:23:20.427+0000] {logging_mixin.py:154} INFO - [2023-12-04T10:23:20.426+0000] {dag.py:3722} INFO - Setting next_dagrun for example_dag_decorator to None, run_after=None
[2023-12-04T10:23:22.285+0000] {processor.py:179} INFO - Processing /home/airflow/.local/lib/python3.8/site-packages/airflow/example_dags/example_dag_decorator.py took 3.183 seconds
[2023-12-04T10:24:09.935+0000] {processor.py:157} INFO - Started process (PID=475) to work on /home/airflow/.local/lib/python3.8/site-packages/airflow/example_dags/example_dag_decorator.py
[2023-12-04T10:24:09.942+0000] {processor.py:829} INFO - Processing file /home/airflow/.local/lib/python3.8/site-packages/airflow/example_dags/example_dag_decorator.py for tasks to queue
[2023-12-04T10:24:09.982+0000] {logging_mixin.py:154} INFO - [2023-12-04T10:24:09.979+0000] {dagbag.py:536} INFO - Filling up the DagBag from /home/airflow/.local/lib/python3.8/site-packages/airflow/example_dags/example_dag_decorator.py
[2023-12-04T10:24:11.518+0000] {processor.py:839} INFO - DAG(s) dict_keys(['example_dag_decorator']) retrieved from /home/airflow/.local/lib/python3.8/site-packages/airflow/example_dags/example_dag_decorator.py
[2023-12-04T10:24:16.250+0000] {logging_mixin.py:154} INFO - [2023-12-04T10:24:16.246+0000] {dag.py:2941} INFO - Sync 1 DAGs
[2023-12-04T10:24:16.635+0000] {logging_mixin.py:154} INFO - [2023-12-04T10:24:16.634+0000] {dag.py:3722} INFO - Setting next_dagrun for example_dag_decorator to None, run_after=None
[2023-12-04T10:24:16.977+0000] {processor.py:179} INFO - Processing /home/airflow/.local/lib/python3.8/site-packages/airflow/example_dags/example_dag_decorator.py took 7.062 seconds
[2023-12-04T10:24:48.319+0000] {processor.py:157} INFO - Started process (PID=530) to work on /home/airflow/.local/lib/python3.8/site-packages/airflow/example_dags/example_dag_decorator.py
[2023-12-04T10:24:48.326+0000] {processor.py:829} INFO - Processing file /home/airflow/.local/lib/python3.8/site-packages/airflow/example_dags/example_dag_decorator.py for tasks to queue
[2023-12-04T10:24:48.354+0000] {logging_mixin.py:154} INFO - [2023-12-04T10:24:48.352+0000] {dagbag.py:536} INFO - Filling up the DagBag from /home/airflow/.local/lib/python3.8/site-packages/airflow/example_dags/example_dag_decorator.py
[2023-12-04T10:24:49.113+0000] {processor.py:839} INFO - DAG(s) dict_keys(['example_dag_decorator']) retrieved from /home/airflow/.local/lib/python3.8/site-packages/airflow/example_dags/example_dag_decorator.py
[2023-12-04T10:24:50.601+0000] {logging_mixin.py:154} INFO - [2023-12-04T10:24:50.600+0000] {dag.py:2941} INFO - Sync 1 DAGs
[2023-12-04T10:24:50.675+0000] {logging_mixin.py:154} INFO - [2023-12-04T10:24:50.674+0000] {dag.py:3722} INFO - Setting next_dagrun for example_dag_decorator to None, run_after=None
[2023-12-04T10:24:50.887+0000] {processor.py:179} INFO - Processing /home/airflow/.local/lib/python3.8/site-packages/airflow/example_dags/example_dag_decorator.py took 2.594 seconds
[2023-12-04T10:25:27.932+0000] {processor.py:157} INFO - Started process (PID=590) to work on /home/airflow/.local/lib/python3.8/site-packages/airflow/example_dags/example_dag_decorator.py
[2023-12-04T10:25:27.964+0000] {processor.py:829} INFO - Processing file /home/airflow/.local/lib/python3.8/site-packages/airflow/example_dags/example_dag_decorator.py for tasks to queue
[2023-12-04T10:25:28.028+0000] {logging_mixin.py:154} INFO - [2023-12-04T10:25:28.025+0000] {dagbag.py:536} INFO - Filling up the DagBag from /home/airflow/.local/lib/python3.8/site-packages/airflow/example_dags/example_dag_decorator.py
[2023-12-04T10:25:30.357+0000] {processor.py:839} INFO - DAG(s) dict_keys(['example_dag_decorator']) retrieved from /home/airflow/.local/lib/python3.8/site-packages/airflow/example_dags/example_dag_decorator.py
[2023-12-04T10:25:32.041+0000] {logging_mixin.py:154} INFO - [2023-12-04T10:25:32.040+0000] {dag.py:2941} INFO - Sync 1 DAGs
[2023-12-04T10:25:32.262+0000] {logging_mixin.py:154} INFO - [2023-12-04T10:25:32.249+0000] {dag.py:3722} INFO - Setting next_dagrun for example_dag_decorator to None, run_after=None
[2023-12-04T10:25:32.456+0000] {processor.py:179} INFO - Processing /home/airflow/.local/lib/python3.8/site-packages/airflow/example_dags/example_dag_decorator.py took 4.556 seconds
[2023-12-04T10:26:03.093+0000] {processor.py:157} INFO - Started process (PID=643) to work on /home/airflow/.local/lib/python3.8/site-packages/airflow/example_dags/example_dag_decorator.py
[2023-12-04T10:26:03.134+0000] {processor.py:829} INFO - Processing file /home/airflow/.local/lib/python3.8/site-packages/airflow/example_dags/example_dag_decorator.py for tasks to queue
[2023-12-04T10:26:03.195+0000] {logging_mixin.py:154} INFO - [2023-12-04T10:26:03.191+0000] {dagbag.py:536} INFO - Filling up the DagBag from /home/airflow/.local/lib/python3.8/site-packages/airflow/example_dags/example_dag_decorator.py
[2023-12-04T10:26:03.702+0000] {processor.py:839} INFO - DAG(s) dict_keys(['example_dag_decorator']) retrieved from /home/airflow/.local/lib/python3.8/site-packages/airflow/example_dags/example_dag_decorator.py
[2023-12-04T10:26:04.134+0000] {logging_mixin.py:154} INFO - [2023-12-04T10:26:04.134+0000] {dag.py:2941} INFO - Sync 1 DAGs
[2023-12-04T10:26:04.206+0000] {logging_mixin.py:154} INFO - [2023-12-04T10:26:04.205+0000] {dag.py:3722} INFO - Setting next_dagrun for example_dag_decorator to None, run_after=None
[2023-12-04T10:26:04.295+0000] {processor.py:179} INFO - Processing /home/airflow/.local/lib/python3.8/site-packages/airflow/example_dags/example_dag_decorator.py took 1.349 seconds
[2023-12-04T10:26:34.630+0000] {processor.py:157} INFO - Started process (PID=697) to work on /home/airflow/.local/lib/python3.8/site-packages/airflow/example_dags/example_dag_decorator.py
[2023-12-04T10:26:34.633+0000] {processor.py:829} INFO - Processing file /home/airflow/.local/lib/python3.8/site-packages/airflow/example_dags/example_dag_decorator.py for tasks to queue
[2023-12-04T10:26:34.638+0000] {logging_mixin.py:154} INFO - [2023-12-04T10:26:34.638+0000] {dagbag.py:536} INFO - Filling up the DagBag from /home/airflow/.local/lib/python3.8/site-packages/airflow/example_dags/example_dag_decorator.py
[2023-12-04T10:26:34.808+0000] {processor.py:839} INFO - DAG(s) dict_keys(['example_dag_decorator']) retrieved from /home/airflow/.local/lib/python3.8/site-packages/airflow/example_dags/example_dag_decorator.py
[2023-12-04T10:26:35.085+0000] {logging_mixin.py:154} INFO - [2023-12-04T10:26:35.084+0000] {dag.py:2941} INFO - Sync 1 DAGs
[2023-12-04T10:26:35.406+0000] {logging_mixin.py:154} INFO - [2023-12-04T10:26:35.405+0000] {dag.py:3722} INFO - Setting next_dagrun for example_dag_decorator to None, run_after=None
[2023-12-04T10:26:37.254+0000] {processor.py:179} INFO - Processing /home/airflow/.local/lib/python3.8/site-packages/airflow/example_dags/example_dag_decorator.py took 2.654 seconds
[2023-12-04T10:27:10.083+0000] {processor.py:157} INFO - Started process (PID=751) to work on /home/airflow/.local/lib/python3.8/site-packages/airflow/example_dags/example_dag_decorator.py
[2023-12-04T10:27:10.090+0000] {processor.py:829} INFO - Processing file /home/airflow/.local/lib/python3.8/site-packages/airflow/example_dags/example_dag_decorator.py for tasks to queue
[2023-12-04T10:27:10.110+0000] {logging_mixin.py:154} INFO - [2023-12-04T10:27:10.108+0000] {dagbag.py:536} INFO - Filling up the DagBag from /home/airflow/.local/lib/python3.8/site-packages/airflow/example_dags/example_dag_decorator.py
[2023-12-04T10:27:11.232+0000] {processor.py:839} INFO - DAG(s) dict_keys(['example_dag_decorator']) retrieved from /home/airflow/.local/lib/python3.8/site-packages/airflow/example_dags/example_dag_decorator.py
[2023-12-04T10:27:12.051+0000] {logging_mixin.py:154} INFO - [2023-12-04T10:27:12.050+0000] {dag.py:2941} INFO - Sync 1 DAGs
[2023-12-04T10:27:15.320+0000] {logging_mixin.py:154} INFO - [2023-12-04T10:27:15.318+0000] {dag.py:3722} INFO - Setting next_dagrun for example_dag_decorator to None, run_after=None
[2023-12-04T10:27:15.483+0000] {processor.py:179} INFO - Processing /home/airflow/.local/lib/python3.8/site-packages/airflow/example_dags/example_dag_decorator.py took 5.432 seconds
[2023-12-04T10:27:57.479+0000] {processor.py:157} INFO - Started process (PID=811) to work on /home/airflow/.local/lib/python3.8/site-packages/airflow/example_dags/example_dag_decorator.py
[2023-12-04T10:27:57.486+0000] {processor.py:829} INFO - Processing file /home/airflow/.local/lib/python3.8/site-packages/airflow/example_dags/example_dag_decorator.py for tasks to queue
[2023-12-04T10:27:57.520+0000] {logging_mixin.py:154} INFO - [2023-12-04T10:27:57.518+0000] {dagbag.py:536} INFO - Filling up the DagBag from /home/airflow/.local/lib/python3.8/site-packages/airflow/example_dags/example_dag_decorator.py
[2023-12-04T10:28:00.537+0000] {processor.py:839} INFO - DAG(s) dict_keys(['example_dag_decorator']) retrieved from /home/airflow/.local/lib/python3.8/site-packages/airflow/example_dags/example_dag_decorator.py
[2023-12-04T10:28:01.980+0000] {logging_mixin.py:154} INFO - [2023-12-04T10:28:01.972+0000] {dag.py:2941} INFO - Sync 1 DAGs
[2023-12-04T10:28:02.359+0000] {logging_mixin.py:154} INFO - [2023-12-04T10:28:02.359+0000] {dag.py:3722} INFO - Setting next_dagrun for example_dag_decorator to None, run_after=None
[2023-12-04T10:28:02.686+0000] {processor.py:179} INFO - Processing /home/airflow/.local/lib/python3.8/site-packages/airflow/example_dags/example_dag_decorator.py took 5.300 seconds
[2023-12-04T10:28:43.305+0000] {processor.py:157} INFO - Started process (PID=872) to work on /home/airflow/.local/lib/python3.8/site-packages/airflow/example_dags/example_dag_decorator.py
[2023-12-04T10:28:43.311+0000] {processor.py:829} INFO - Processing file /home/airflow/.local/lib/python3.8/site-packages/airflow/example_dags/example_dag_decorator.py for tasks to queue
[2023-12-04T10:28:43.320+0000] {logging_mixin.py:154} INFO - [2023-12-04T10:28:43.319+0000] {dagbag.py:536} INFO - Filling up the DagBag from /home/airflow/.local/lib/python3.8/site-packages/airflow/example_dags/example_dag_decorator.py
[2023-12-04T10:28:43.842+0000] {processor.py:839} INFO - DAG(s) dict_keys(['example_dag_decorator']) retrieved from /home/airflow/.local/lib/python3.8/site-packages/airflow/example_dags/example_dag_decorator.py
[2023-12-04T10:28:45.298+0000] {logging_mixin.py:154} INFO - [2023-12-04T10:28:45.296+0000] {dag.py:2941} INFO - Sync 1 DAGs
[2023-12-04T10:28:45.353+0000] {logging_mixin.py:154} INFO - [2023-12-04T10:28:45.352+0000] {dag.py:3722} INFO - Setting next_dagrun for example_dag_decorator to None, run_after=None
[2023-12-04T10:28:45.584+0000] {processor.py:179} INFO - Processing /home/airflow/.local/lib/python3.8/site-packages/airflow/example_dags/example_dag_decorator.py took 2.289 seconds
[2023-12-04T12:01:57.752+0000] {processor.py:157} INFO - Started process (PID=41) to work on /home/airflow/.local/lib/python3.8/site-packages/airflow/example_dags/example_dag_decorator.py
[2023-12-04T12:01:57.766+0000] {processor.py:829} INFO - Processing file /home/airflow/.local/lib/python3.8/site-packages/airflow/example_dags/example_dag_decorator.py for tasks to queue
[2023-12-04T12:01:57.850+0000] {logging_mixin.py:154} INFO - [2023-12-04T12:01:57.848+0000] {dagbag.py:536} INFO - Filling up the DagBag from /home/airflow/.local/lib/python3.8/site-packages/airflow/example_dags/example_dag_decorator.py
[2023-12-04T12:01:58.526+0000] {processor.py:839} INFO - DAG(s) dict_keys(['example_dag_decorator']) retrieved from /home/airflow/.local/lib/python3.8/site-packages/airflow/example_dags/example_dag_decorator.py
[2023-12-04T12:01:59.620+0000] {logging_mixin.py:154} INFO - [2023-12-04T12:01:59.616+0000] {dag.py:2941} INFO - Sync 1 DAGs
[2023-12-04T12:01:59.756+0000] {logging_mixin.py:154} INFO - [2023-12-04T12:01:59.754+0000] {dag.py:3722} INFO - Setting next_dagrun for example_dag_decorator to None, run_after=None
[2023-12-04T12:01:59.881+0000] {processor.py:179} INFO - Processing /home/airflow/.local/lib/python3.8/site-packages/airflow/example_dags/example_dag_decorator.py took 2.165 seconds
[2023-12-04T12:02:55.153+0000] {processor.py:157} INFO - Started process (PID=103) to work on /home/airflow/.local/lib/python3.8/site-packages/airflow/example_dags/example_dag_decorator.py
[2023-12-04T12:02:55.166+0000] {processor.py:829} INFO - Processing file /home/airflow/.local/lib/python3.8/site-packages/airflow/example_dags/example_dag_decorator.py for tasks to queue
[2023-12-04T12:02:55.207+0000] {logging_mixin.py:154} INFO - [2023-12-04T12:02:55.203+0000] {dagbag.py:536} INFO - Filling up the DagBag from /home/airflow/.local/lib/python3.8/site-packages/airflow/example_dags/example_dag_decorator.py
[2023-12-04T12:02:56.147+0000] {processor.py:839} INFO - DAG(s) dict_keys(['example_dag_decorator']) retrieved from /home/airflow/.local/lib/python3.8/site-packages/airflow/example_dags/example_dag_decorator.py
[2023-12-04T12:02:57.253+0000] {logging_mixin.py:154} INFO - [2023-12-04T12:02:57.252+0000] {dag.py:2941} INFO - Sync 1 DAGs
[2023-12-04T12:02:57.663+0000] {logging_mixin.py:154} INFO - [2023-12-04T12:02:57.645+0000] {dag.py:3722} INFO - Setting next_dagrun for example_dag_decorator to None, run_after=None
[2023-12-04T12:02:58.203+0000] {processor.py:179} INFO - Processing /home/airflow/.local/lib/python3.8/site-packages/airflow/example_dags/example_dag_decorator.py took 3.162 seconds
[2023-12-04T12:03:28.876+0000] {processor.py:157} INFO - Started process (PID=155) to work on /home/airflow/.local/lib/python3.8/site-packages/airflow/example_dags/example_dag_decorator.py
[2023-12-04T12:03:28.878+0000] {processor.py:829} INFO - Processing file /home/airflow/.local/lib/python3.8/site-packages/airflow/example_dags/example_dag_decorator.py for tasks to queue
[2023-12-04T12:03:28.891+0000] {logging_mixin.py:154} INFO - [2023-12-04T12:03:28.890+0000] {dagbag.py:536} INFO - Filling up the DagBag from /home/airflow/.local/lib/python3.8/site-packages/airflow/example_dags/example_dag_decorator.py
[2023-12-04T12:03:29.043+0000] {processor.py:839} INFO - DAG(s) dict_keys(['example_dag_decorator']) retrieved from /home/airflow/.local/lib/python3.8/site-packages/airflow/example_dags/example_dag_decorator.py
[2023-12-04T12:03:29.230+0000] {logging_mixin.py:154} INFO - [2023-12-04T12:03:29.230+0000] {dag.py:2941} INFO - Sync 1 DAGs
[2023-12-04T12:03:29.248+0000] {logging_mixin.py:154} INFO - [2023-12-04T12:03:29.248+0000] {dag.py:3722} INFO - Setting next_dagrun for example_dag_decorator to None, run_after=None
[2023-12-04T12:03:29.280+0000] {processor.py:179} INFO - Processing /home/airflow/.local/lib/python3.8/site-packages/airflow/example_dags/example_dag_decorator.py took 0.410 seconds
[2023-12-04T12:04:00.055+0000] {processor.py:157} INFO - Started process (PID=209) to work on /home/airflow/.local/lib/python3.8/site-packages/airflow/example_dags/example_dag_decorator.py
[2023-12-04T12:04:00.058+0000] {processor.py:829} INFO - Processing file /home/airflow/.local/lib/python3.8/site-packages/airflow/example_dags/example_dag_decorator.py for tasks to queue
[2023-12-04T12:04:00.064+0000] {logging_mixin.py:154} INFO - [2023-12-04T12:04:00.063+0000] {dagbag.py:536} INFO - Filling up the DagBag from /home/airflow/.local/lib/python3.8/site-packages/airflow/example_dags/example_dag_decorator.py
[2023-12-04T12:04:00.172+0000] {processor.py:839} INFO - DAG(s) dict_keys(['example_dag_decorator']) retrieved from /home/airflow/.local/lib/python3.8/site-packages/airflow/example_dags/example_dag_decorator.py
[2023-12-04T12:04:00.322+0000] {logging_mixin.py:154} INFO - [2023-12-04T12:04:00.322+0000] {dag.py:2941} INFO - Sync 1 DAGs
[2023-12-04T12:04:00.344+0000] {logging_mixin.py:154} INFO - [2023-12-04T12:04:00.344+0000] {dag.py:3722} INFO - Setting next_dagrun for example_dag_decorator to None, run_after=None
[2023-12-04T12:04:00.383+0000] {processor.py:179} INFO - Processing /home/airflow/.local/lib/python3.8/site-packages/airflow/example_dags/example_dag_decorator.py took 0.335 seconds
[2023-12-04T12:04:30.680+0000] {processor.py:157} INFO - Started process (PID=263) to work on /home/airflow/.local/lib/python3.8/site-packages/airflow/example_dags/example_dag_decorator.py
[2023-12-04T12:04:30.682+0000] {processor.py:829} INFO - Processing file /home/airflow/.local/lib/python3.8/site-packages/airflow/example_dags/example_dag_decorator.py for tasks to queue
[2023-12-04T12:04:30.687+0000] {logging_mixin.py:154} INFO - [2023-12-04T12:04:30.687+0000] {dagbag.py:536} INFO - Filling up the DagBag from /home/airflow/.local/lib/python3.8/site-packages/airflow/example_dags/example_dag_decorator.py
[2023-12-04T12:04:30.792+0000] {processor.py:839} INFO - DAG(s) dict_keys(['example_dag_decorator']) retrieved from /home/airflow/.local/lib/python3.8/site-packages/airflow/example_dags/example_dag_decorator.py
[2023-12-04T12:04:30.942+0000] {logging_mixin.py:154} INFO - [2023-12-04T12:04:30.941+0000] {dag.py:2941} INFO - Sync 1 DAGs
[2023-12-04T12:04:30.960+0000] {logging_mixin.py:154} INFO - [2023-12-04T12:04:30.960+0000] {dag.py:3722} INFO - Setting next_dagrun for example_dag_decorator to None, run_after=None
[2023-12-04T12:04:30.999+0000] {processor.py:179} INFO - Processing /home/airflow/.local/lib/python3.8/site-packages/airflow/example_dags/example_dag_decorator.py took 0.326 seconds
[2023-12-04T12:05:01.841+0000] {processor.py:157} INFO - Started process (PID=317) to work on /home/airflow/.local/lib/python3.8/site-packages/airflow/example_dags/example_dag_decorator.py
[2023-12-04T12:05:01.843+0000] {processor.py:829} INFO - Processing file /home/airflow/.local/lib/python3.8/site-packages/airflow/example_dags/example_dag_decorator.py for tasks to queue
[2023-12-04T12:05:01.848+0000] {logging_mixin.py:154} INFO - [2023-12-04T12:05:01.848+0000] {dagbag.py:536} INFO - Filling up the DagBag from /home/airflow/.local/lib/python3.8/site-packages/airflow/example_dags/example_dag_decorator.py
[2023-12-04T12:05:01.951+0000] {processor.py:839} INFO - DAG(s) dict_keys(['example_dag_decorator']) retrieved from /home/airflow/.local/lib/python3.8/site-packages/airflow/example_dags/example_dag_decorator.py
[2023-12-04T12:05:01.993+0000] {logging_mixin.py:154} INFO - [2023-12-04T12:05:01.993+0000] {dag.py:2941} INFO - Sync 1 DAGs
[2023-12-04T12:05:02.016+0000] {logging_mixin.py:154} INFO - [2023-12-04T12:05:02.016+0000] {dag.py:3722} INFO - Setting next_dagrun for example_dag_decorator to None, run_after=None
[2023-12-04T12:05:02.049+0000] {processor.py:179} INFO - Processing /home/airflow/.local/lib/python3.8/site-packages/airflow/example_dags/example_dag_decorator.py took 0.215 seconds
[2023-12-04T12:05:32.286+0000] {processor.py:157} INFO - Started process (PID=371) to work on /home/airflow/.local/lib/python3.8/site-packages/airflow/example_dags/example_dag_decorator.py
[2023-12-04T12:05:32.289+0000] {processor.py:829} INFO - Processing file /home/airflow/.local/lib/python3.8/site-packages/airflow/example_dags/example_dag_decorator.py for tasks to queue
[2023-12-04T12:05:32.294+0000] {logging_mixin.py:154} INFO - [2023-12-04T12:05:32.293+0000] {dagbag.py:536} INFO - Filling up the DagBag from /home/airflow/.local/lib/python3.8/site-packages/airflow/example_dags/example_dag_decorator.py
[2023-12-04T12:05:32.401+0000] {processor.py:839} INFO - DAG(s) dict_keys(['example_dag_decorator']) retrieved from /home/airflow/.local/lib/python3.8/site-packages/airflow/example_dags/example_dag_decorator.py
[2023-12-04T12:05:32.555+0000] {logging_mixin.py:154} INFO - [2023-12-04T12:05:32.554+0000] {dag.py:2941} INFO - Sync 1 DAGs
[2023-12-04T12:05:32.571+0000] {logging_mixin.py:154} INFO - [2023-12-04T12:05:32.571+0000] {dag.py:3722} INFO - Setting next_dagrun for example_dag_decorator to None, run_after=None
[2023-12-04T12:05:32.605+0000] {processor.py:179} INFO - Processing /home/airflow/.local/lib/python3.8/site-packages/airflow/example_dags/example_dag_decorator.py took 0.324 seconds
[2023-12-04T12:06:02.851+0000] {processor.py:157} INFO - Started process (PID=425) to work on /home/airflow/.local/lib/python3.8/site-packages/airflow/example_dags/example_dag_decorator.py
[2023-12-04T12:06:02.853+0000] {processor.py:829} INFO - Processing file /home/airflow/.local/lib/python3.8/site-packages/airflow/example_dags/example_dag_decorator.py for tasks to queue
[2023-12-04T12:06:02.859+0000] {logging_mixin.py:154} INFO - [2023-12-04T12:06:02.858+0000] {dagbag.py:536} INFO - Filling up the DagBag from /home/airflow/.local/lib/python3.8/site-packages/airflow/example_dags/example_dag_decorator.py
[2023-12-04T12:06:02.961+0000] {processor.py:839} INFO - DAG(s) dict_keys(['example_dag_decorator']) retrieved from /home/airflow/.local/lib/python3.8/site-packages/airflow/example_dags/example_dag_decorator.py
[2023-12-04T12:06:03.107+0000] {logging_mixin.py:154} INFO - [2023-12-04T12:06:03.107+0000] {dag.py:2941} INFO - Sync 1 DAGs
[2023-12-04T12:06:03.124+0000] {logging_mixin.py:154} INFO - [2023-12-04T12:06:03.124+0000] {dag.py:3722} INFO - Setting next_dagrun for example_dag_decorator to None, run_after=None
[2023-12-04T12:06:03.160+0000] {processor.py:179} INFO - Processing /home/airflow/.local/lib/python3.8/site-packages/airflow/example_dags/example_dag_decorator.py took 0.315 seconds
[2023-12-04T12:06:33.361+0000] {processor.py:157} INFO - Started process (PID=480) to work on /home/airflow/.local/lib/python3.8/site-packages/airflow/example_dags/example_dag_decorator.py
[2023-12-04T12:06:33.364+0000] {processor.py:829} INFO - Processing file /home/airflow/.local/lib/python3.8/site-packages/airflow/example_dags/example_dag_decorator.py for tasks to queue
[2023-12-04T12:06:33.368+0000] {logging_mixin.py:154} INFO - [2023-12-04T12:06:33.368+0000] {dagbag.py:536} INFO - Filling up the DagBag from /home/airflow/.local/lib/python3.8/site-packages/airflow/example_dags/example_dag_decorator.py
[2023-12-04T12:06:33.472+0000] {processor.py:839} INFO - DAG(s) dict_keys(['example_dag_decorator']) retrieved from /home/airflow/.local/lib/python3.8/site-packages/airflow/example_dags/example_dag_decorator.py
[2023-12-04T12:06:33.618+0000] {logging_mixin.py:154} INFO - [2023-12-04T12:06:33.617+0000] {dag.py:2941} INFO - Sync 1 DAGs
[2023-12-04T12:06:33.639+0000] {logging_mixin.py:154} INFO - [2023-12-04T12:06:33.638+0000] {dag.py:3722} INFO - Setting next_dagrun for example_dag_decorator to None, run_after=None
[2023-12-04T12:06:33.676+0000] {processor.py:179} INFO - Processing /home/airflow/.local/lib/python3.8/site-packages/airflow/example_dags/example_dag_decorator.py took 0.320 seconds
[2023-12-04T12:07:03.819+0000] {processor.py:157} INFO - Started process (PID=534) to work on /home/airflow/.local/lib/python3.8/site-packages/airflow/example_dags/example_dag_decorator.py
[2023-12-04T12:07:03.822+0000] {processor.py:829} INFO - Processing file /home/airflow/.local/lib/python3.8/site-packages/airflow/example_dags/example_dag_decorator.py for tasks to queue
[2023-12-04T12:07:03.828+0000] {logging_mixin.py:154} INFO - [2023-12-04T12:07:03.827+0000] {dagbag.py:536} INFO - Filling up the DagBag from /home/airflow/.local/lib/python3.8/site-packages/airflow/example_dags/example_dag_decorator.py
[2023-12-04T12:07:03.934+0000] {processor.py:839} INFO - DAG(s) dict_keys(['example_dag_decorator']) retrieved from /home/airflow/.local/lib/python3.8/site-packages/airflow/example_dags/example_dag_decorator.py
[2023-12-04T12:07:04.083+0000] {logging_mixin.py:154} INFO - [2023-12-04T12:07:04.083+0000] {dag.py:2941} INFO - Sync 1 DAGs
[2023-12-04T12:07:04.099+0000] {logging_mixin.py:154} INFO - [2023-12-04T12:07:04.099+0000] {dag.py:3722} INFO - Setting next_dagrun for example_dag_decorator to None, run_after=None
[2023-12-04T12:07:04.132+0000] {processor.py:179} INFO - Processing /home/airflow/.local/lib/python3.8/site-packages/airflow/example_dags/example_dag_decorator.py took 0.319 seconds
[2023-12-04T12:07:34.550+0000] {processor.py:157} INFO - Started process (PID=588) to work on /home/airflow/.local/lib/python3.8/site-packages/airflow/example_dags/example_dag_decorator.py
[2023-12-04T12:07:34.552+0000] {processor.py:829} INFO - Processing file /home/airflow/.local/lib/python3.8/site-packages/airflow/example_dags/example_dag_decorator.py for tasks to queue
[2023-12-04T12:07:34.557+0000] {logging_mixin.py:154} INFO - [2023-12-04T12:07:34.557+0000] {dagbag.py:536} INFO - Filling up the DagBag from /home/airflow/.local/lib/python3.8/site-packages/airflow/example_dags/example_dag_decorator.py
[2023-12-04T12:07:34.668+0000] {processor.py:839} INFO - DAG(s) dict_keys(['example_dag_decorator']) retrieved from /home/airflow/.local/lib/python3.8/site-packages/airflow/example_dags/example_dag_decorator.py
[2023-12-04T12:07:34.822+0000] {logging_mixin.py:154} INFO - [2023-12-04T12:07:34.822+0000] {dag.py:2941} INFO - Sync 1 DAGs
[2023-12-04T12:07:34.839+0000] {logging_mixin.py:154} INFO - [2023-12-04T12:07:34.839+0000] {dag.py:3722} INFO - Setting next_dagrun for example_dag_decorator to None, run_after=None
[2023-12-04T12:07:34.873+0000] {processor.py:179} INFO - Processing /home/airflow/.local/lib/python3.8/site-packages/airflow/example_dags/example_dag_decorator.py took 0.330 seconds
[2023-12-04T12:08:05.425+0000] {processor.py:157} INFO - Started process (PID=643) to work on /home/airflow/.local/lib/python3.8/site-packages/airflow/example_dags/example_dag_decorator.py
[2023-12-04T12:08:05.429+0000] {processor.py:829} INFO - Processing file /home/airflow/.local/lib/python3.8/site-packages/airflow/example_dags/example_dag_decorator.py for tasks to queue
[2023-12-04T12:08:05.437+0000] {logging_mixin.py:154} INFO - [2023-12-04T12:08:05.436+0000] {dagbag.py:536} INFO - Filling up the DagBag from /home/airflow/.local/lib/python3.8/site-packages/airflow/example_dags/example_dag_decorator.py
[2023-12-04T12:08:05.548+0000] {processor.py:839} INFO - DAG(s) dict_keys(['example_dag_decorator']) retrieved from /home/airflow/.local/lib/python3.8/site-packages/airflow/example_dags/example_dag_decorator.py
[2023-12-04T12:08:05.704+0000] {logging_mixin.py:154} INFO - [2023-12-04T12:08:05.703+0000] {dag.py:2941} INFO - Sync 1 DAGs
[2023-12-04T12:08:05.722+0000] {logging_mixin.py:154} INFO - [2023-12-04T12:08:05.722+0000] {dag.py:3722} INFO - Setting next_dagrun for example_dag_decorator to None, run_after=None
[2023-12-04T12:08:05.767+0000] {processor.py:179} INFO - Processing /home/airflow/.local/lib/python3.8/site-packages/airflow/example_dags/example_dag_decorator.py took 0.352 seconds
[2023-12-04T12:08:36.400+0000] {processor.py:157} INFO - Started process (PID=697) to work on /home/airflow/.local/lib/python3.8/site-packages/airflow/example_dags/example_dag_decorator.py
[2023-12-04T12:08:36.403+0000] {processor.py:829} INFO - Processing file /home/airflow/.local/lib/python3.8/site-packages/airflow/example_dags/example_dag_decorator.py for tasks to queue
[2023-12-04T12:08:36.410+0000] {logging_mixin.py:154} INFO - [2023-12-04T12:08:36.409+0000] {dagbag.py:536} INFO - Filling up the DagBag from /home/airflow/.local/lib/python3.8/site-packages/airflow/example_dags/example_dag_decorator.py
[2023-12-04T12:08:36.539+0000] {processor.py:839} INFO - DAG(s) dict_keys(['example_dag_decorator']) retrieved from /home/airflow/.local/lib/python3.8/site-packages/airflow/example_dags/example_dag_decorator.py
[2023-12-04T12:08:36.686+0000] {logging_mixin.py:154} INFO - [2023-12-04T12:08:36.686+0000] {dag.py:2941} INFO - Sync 1 DAGs
[2023-12-04T12:08:36.703+0000] {logging_mixin.py:154} INFO - [2023-12-04T12:08:36.703+0000] {dag.py:3722} INFO - Setting next_dagrun for example_dag_decorator to None, run_after=None
[2023-12-04T12:08:36.739+0000] {processor.py:179} INFO - Processing /home/airflow/.local/lib/python3.8/site-packages/airflow/example_dags/example_dag_decorator.py took 0.347 seconds
[2023-12-04T12:09:07.315+0000] {processor.py:157} INFO - Started process (PID=751) to work on /home/airflow/.local/lib/python3.8/site-packages/airflow/example_dags/example_dag_decorator.py
[2023-12-04T12:09:07.317+0000] {processor.py:829} INFO - Processing file /home/airflow/.local/lib/python3.8/site-packages/airflow/example_dags/example_dag_decorator.py for tasks to queue
[2023-12-04T12:09:07.322+0000] {logging_mixin.py:154} INFO - [2023-12-04T12:09:07.321+0000] {dagbag.py:536} INFO - Filling up the DagBag from /home/airflow/.local/lib/python3.8/site-packages/airflow/example_dags/example_dag_decorator.py
[2023-12-04T12:09:07.442+0000] {processor.py:839} INFO - DAG(s) dict_keys(['example_dag_decorator']) retrieved from /home/airflow/.local/lib/python3.8/site-packages/airflow/example_dags/example_dag_decorator.py
[2023-12-04T12:09:07.590+0000] {logging_mixin.py:154} INFO - [2023-12-04T12:09:07.589+0000] {dag.py:2941} INFO - Sync 1 DAGs
[2023-12-04T12:09:07.608+0000] {logging_mixin.py:154} INFO - [2023-12-04T12:09:07.608+0000] {dag.py:3722} INFO - Setting next_dagrun for example_dag_decorator to None, run_after=None
[2023-12-04T12:09:07.643+0000] {processor.py:179} INFO - Processing /home/airflow/.local/lib/python3.8/site-packages/airflow/example_dags/example_dag_decorator.py took 0.335 seconds
[2023-12-04T12:09:38.533+0000] {processor.py:157} INFO - Started process (PID=806) to work on /home/airflow/.local/lib/python3.8/site-packages/airflow/example_dags/example_dag_decorator.py
[2023-12-04T12:09:38.535+0000] {processor.py:829} INFO - Processing file /home/airflow/.local/lib/python3.8/site-packages/airflow/example_dags/example_dag_decorator.py for tasks to queue
[2023-12-04T12:09:38.541+0000] {logging_mixin.py:154} INFO - [2023-12-04T12:09:38.541+0000] {dagbag.py:536} INFO - Filling up the DagBag from /home/airflow/.local/lib/python3.8/site-packages/airflow/example_dags/example_dag_decorator.py
[2023-12-04T12:09:38.646+0000] {processor.py:839} INFO - DAG(s) dict_keys(['example_dag_decorator']) retrieved from /home/airflow/.local/lib/python3.8/site-packages/airflow/example_dags/example_dag_decorator.py
[2023-12-04T12:09:38.799+0000] {logging_mixin.py:154} INFO - [2023-12-04T12:09:38.798+0000] {dag.py:2941} INFO - Sync 1 DAGs
[2023-12-04T12:09:38.815+0000] {logging_mixin.py:154} INFO - [2023-12-04T12:09:38.815+0000] {dag.py:3722} INFO - Setting next_dagrun for example_dag_decorator to None, run_after=None
[2023-12-04T12:09:38.849+0000] {processor.py:179} INFO - Processing /home/airflow/.local/lib/python3.8/site-packages/airflow/example_dags/example_dag_decorator.py took 0.322 seconds
[2023-12-04T12:10:09.704+0000] {processor.py:157} INFO - Started process (PID=860) to work on /home/airflow/.local/lib/python3.8/site-packages/airflow/example_dags/example_dag_decorator.py
[2023-12-04T12:10:09.707+0000] {processor.py:829} INFO - Processing file /home/airflow/.local/lib/python3.8/site-packages/airflow/example_dags/example_dag_decorator.py for tasks to queue
[2023-12-04T12:10:09.712+0000] {logging_mixin.py:154} INFO - [2023-12-04T12:10:09.712+0000] {dagbag.py:536} INFO - Filling up the DagBag from /home/airflow/.local/lib/python3.8/site-packages/airflow/example_dags/example_dag_decorator.py
[2023-12-04T12:10:09.821+0000] {processor.py:839} INFO - DAG(s) dict_keys(['example_dag_decorator']) retrieved from /home/airflow/.local/lib/python3.8/site-packages/airflow/example_dags/example_dag_decorator.py
[2023-12-04T12:10:09.976+0000] {logging_mixin.py:154} INFO - [2023-12-04T12:10:09.976+0000] {dag.py:2941} INFO - Sync 1 DAGs
[2023-12-04T12:10:09.993+0000] {logging_mixin.py:154} INFO - [2023-12-04T12:10:09.993+0000] {dag.py:3722} INFO - Setting next_dagrun for example_dag_decorator to None, run_after=None
[2023-12-04T12:10:10.044+0000] {processor.py:179} INFO - Processing /home/airflow/.local/lib/python3.8/site-packages/airflow/example_dags/example_dag_decorator.py took 0.347 seconds
[2023-12-04T12:10:40.150+0000] {processor.py:157} INFO - Started process (PID=916) to work on /home/airflow/.local/lib/python3.8/site-packages/airflow/example_dags/example_dag_decorator.py
[2023-12-04T12:10:40.152+0000] {processor.py:829} INFO - Processing file /home/airflow/.local/lib/python3.8/site-packages/airflow/example_dags/example_dag_decorator.py for tasks to queue
[2023-12-04T12:10:40.157+0000] {logging_mixin.py:154} INFO - [2023-12-04T12:10:40.156+0000] {dagbag.py:536} INFO - Filling up the DagBag from /home/airflow/.local/lib/python3.8/site-packages/airflow/example_dags/example_dag_decorator.py
[2023-12-04T12:10:40.260+0000] {processor.py:839} INFO - DAG(s) dict_keys(['example_dag_decorator']) retrieved from /home/airflow/.local/lib/python3.8/site-packages/airflow/example_dags/example_dag_decorator.py
[2023-12-04T12:10:40.412+0000] {logging_mixin.py:154} INFO - [2023-12-04T12:10:40.412+0000] {dag.py:2941} INFO - Sync 1 DAGs
[2023-12-04T12:10:40.432+0000] {logging_mixin.py:154} INFO - [2023-12-04T12:10:40.432+0000] {dag.py:3722} INFO - Setting next_dagrun for example_dag_decorator to None, run_after=None
[2023-12-04T12:10:40.651+0000] {processor.py:179} INFO - Processing /home/airflow/.local/lib/python3.8/site-packages/airflow/example_dags/example_dag_decorator.py took 0.507 seconds
[2023-12-04T12:11:10.788+0000] {processor.py:157} INFO - Started process (PID=970) to work on /home/airflow/.local/lib/python3.8/site-packages/airflow/example_dags/example_dag_decorator.py
[2023-12-04T12:11:10.790+0000] {processor.py:829} INFO - Processing file /home/airflow/.local/lib/python3.8/site-packages/airflow/example_dags/example_dag_decorator.py for tasks to queue
[2023-12-04T12:11:10.794+0000] {logging_mixin.py:154} INFO - [2023-12-04T12:11:10.794+0000] {dagbag.py:536} INFO - Filling up the DagBag from /home/airflow/.local/lib/python3.8/site-packages/airflow/example_dags/example_dag_decorator.py
[2023-12-04T12:11:10.900+0000] {processor.py:839} INFO - DAG(s) dict_keys(['example_dag_decorator']) retrieved from /home/airflow/.local/lib/python3.8/site-packages/airflow/example_dags/example_dag_decorator.py
[2023-12-04T12:11:11.093+0000] {logging_mixin.py:154} INFO - [2023-12-04T12:11:11.093+0000] {dag.py:2941} INFO - Sync 1 DAGs
[2023-12-04T12:11:11.110+0000] {logging_mixin.py:154} INFO - [2023-12-04T12:11:11.110+0000] {dag.py:3722} INFO - Setting next_dagrun for example_dag_decorator to None, run_after=None
[2023-12-04T12:11:11.145+0000] {processor.py:179} INFO - Processing /home/airflow/.local/lib/python3.8/site-packages/airflow/example_dags/example_dag_decorator.py took 0.363 seconds
[2023-12-04T12:11:42.050+0000] {processor.py:157} INFO - Started process (PID=1024) to work on /home/airflow/.local/lib/python3.8/site-packages/airflow/example_dags/example_dag_decorator.py
[2023-12-04T12:11:42.052+0000] {processor.py:829} INFO - Processing file /home/airflow/.local/lib/python3.8/site-packages/airflow/example_dags/example_dag_decorator.py for tasks to queue
[2023-12-04T12:11:42.057+0000] {logging_mixin.py:154} INFO - [2023-12-04T12:11:42.056+0000] {dagbag.py:536} INFO - Filling up the DagBag from /home/airflow/.local/lib/python3.8/site-packages/airflow/example_dags/example_dag_decorator.py
[2023-12-04T12:11:42.161+0000] {processor.py:839} INFO - DAG(s) dict_keys(['example_dag_decorator']) retrieved from /home/airflow/.local/lib/python3.8/site-packages/airflow/example_dags/example_dag_decorator.py
[2023-12-04T12:11:42.312+0000] {logging_mixin.py:154} INFO - [2023-12-04T12:11:42.312+0000] {dag.py:2941} INFO - Sync 1 DAGs
[2023-12-04T12:11:42.329+0000] {logging_mixin.py:154} INFO - [2023-12-04T12:11:42.329+0000] {dag.py:3722} INFO - Setting next_dagrun for example_dag_decorator to None, run_after=None
[2023-12-04T12:11:42.359+0000] {processor.py:179} INFO - Processing /home/airflow/.local/lib/python3.8/site-packages/airflow/example_dags/example_dag_decorator.py took 0.315 seconds
[2023-12-04T12:12:12.982+0000] {processor.py:157} INFO - Started process (PID=1078) to work on /home/airflow/.local/lib/python3.8/site-packages/airflow/example_dags/example_dag_decorator.py
[2023-12-04T12:12:12.985+0000] {processor.py:829} INFO - Processing file /home/airflow/.local/lib/python3.8/site-packages/airflow/example_dags/example_dag_decorator.py for tasks to queue
[2023-12-04T12:12:12.989+0000] {logging_mixin.py:154} INFO - [2023-12-04T12:12:12.989+0000] {dagbag.py:536} INFO - Filling up the DagBag from /home/airflow/.local/lib/python3.8/site-packages/airflow/example_dags/example_dag_decorator.py
[2023-12-04T12:12:13.092+0000] {processor.py:839} INFO - DAG(s) dict_keys(['example_dag_decorator']) retrieved from /home/airflow/.local/lib/python3.8/site-packages/airflow/example_dags/example_dag_decorator.py
[2023-12-04T12:12:13.235+0000] {logging_mixin.py:154} INFO - [2023-12-04T12:12:13.235+0000] {dag.py:2941} INFO - Sync 1 DAGs
[2023-12-04T12:12:13.442+0000] {logging_mixin.py:154} INFO - [2023-12-04T12:12:13.442+0000] {dag.py:3722} INFO - Setting next_dagrun for example_dag_decorator to None, run_after=None
[2023-12-04T12:12:13.474+0000] {processor.py:179} INFO - Processing /home/airflow/.local/lib/python3.8/site-packages/airflow/example_dags/example_dag_decorator.py took 0.498 seconds
[2023-12-04T12:12:44.253+0000] {processor.py:157} INFO - Started process (PID=1132) to work on /home/airflow/.local/lib/python3.8/site-packages/airflow/example_dags/example_dag_decorator.py
[2023-12-04T12:12:44.256+0000] {processor.py:829} INFO - Processing file /home/airflow/.local/lib/python3.8/site-packages/airflow/example_dags/example_dag_decorator.py for tasks to queue
[2023-12-04T12:12:44.261+0000] {logging_mixin.py:154} INFO - [2023-12-04T12:12:44.260+0000] {dagbag.py:536} INFO - Filling up the DagBag from /home/airflow/.local/lib/python3.8/site-packages/airflow/example_dags/example_dag_decorator.py
[2023-12-04T12:12:44.375+0000] {processor.py:839} INFO - DAG(s) dict_keys(['example_dag_decorator']) retrieved from /home/airflow/.local/lib/python3.8/site-packages/airflow/example_dags/example_dag_decorator.py
[2023-12-04T12:12:44.533+0000] {logging_mixin.py:154} INFO - [2023-12-04T12:12:44.533+0000] {dag.py:2941} INFO - Sync 1 DAGs
[2023-12-04T12:12:44.550+0000] {logging_mixin.py:154} INFO - [2023-12-04T12:12:44.550+0000] {dag.py:3722} INFO - Setting next_dagrun for example_dag_decorator to None, run_after=None
[2023-12-04T12:12:44.582+0000] {processor.py:179} INFO - Processing /home/airflow/.local/lib/python3.8/site-packages/airflow/example_dags/example_dag_decorator.py took 0.335 seconds
[2023-12-04T12:13:14.680+0000] {processor.py:157} INFO - Started process (PID=1186) to work on /home/airflow/.local/lib/python3.8/site-packages/airflow/example_dags/example_dag_decorator.py
[2023-12-04T12:13:14.688+0000] {processor.py:829} INFO - Processing file /home/airflow/.local/lib/python3.8/site-packages/airflow/example_dags/example_dag_decorator.py for tasks to queue
[2023-12-04T12:13:14.696+0000] {logging_mixin.py:154} INFO - [2023-12-04T12:13:14.695+0000] {dagbag.py:536} INFO - Filling up the DagBag from /home/airflow/.local/lib/python3.8/site-packages/airflow/example_dags/example_dag_decorator.py
[2023-12-04T12:13:14.823+0000] {processor.py:839} INFO - DAG(s) dict_keys(['example_dag_decorator']) retrieved from /home/airflow/.local/lib/python3.8/site-packages/airflow/example_dags/example_dag_decorator.py
[2023-12-04T12:13:14.992+0000] {logging_mixin.py:154} INFO - [2023-12-04T12:13:14.992+0000] {dag.py:2941} INFO - Sync 1 DAGs
[2023-12-04T12:13:15.188+0000] {logging_mixin.py:154} INFO - [2023-12-04T12:13:15.188+0000] {dag.py:3722} INFO - Setting next_dagrun for example_dag_decorator to None, run_after=None
[2023-12-04T12:13:15.222+0000] {processor.py:179} INFO - Processing /home/airflow/.local/lib/python3.8/site-packages/airflow/example_dags/example_dag_decorator.py took 0.551 seconds
[2023-12-04T12:13:45.391+0000] {processor.py:157} INFO - Started process (PID=1242) to work on /home/airflow/.local/lib/python3.8/site-packages/airflow/example_dags/example_dag_decorator.py
[2023-12-04T12:13:45.394+0000] {processor.py:829} INFO - Processing file /home/airflow/.local/lib/python3.8/site-packages/airflow/example_dags/example_dag_decorator.py for tasks to queue
[2023-12-04T12:13:45.399+0000] {logging_mixin.py:154} INFO - [2023-12-04T12:13:45.398+0000] {dagbag.py:536} INFO - Filling up the DagBag from /home/airflow/.local/lib/python3.8/site-packages/airflow/example_dags/example_dag_decorator.py
[2023-12-04T12:13:45.510+0000] {processor.py:839} INFO - DAG(s) dict_keys(['example_dag_decorator']) retrieved from /home/airflow/.local/lib/python3.8/site-packages/airflow/example_dags/example_dag_decorator.py
[2023-12-04T12:13:45.668+0000] {logging_mixin.py:154} INFO - [2023-12-04T12:13:45.668+0000] {dag.py:2941} INFO - Sync 1 DAGs
[2023-12-04T12:13:45.685+0000] {logging_mixin.py:154} INFO - [2023-12-04T12:13:45.685+0000] {dag.py:3722} INFO - Setting next_dagrun for example_dag_decorator to None, run_after=None
[2023-12-04T12:13:45.722+0000] {processor.py:179} INFO - Processing /home/airflow/.local/lib/python3.8/site-packages/airflow/example_dags/example_dag_decorator.py took 0.336 seconds
[2023-12-04T12:14:15.876+0000] {processor.py:157} INFO - Started process (PID=1294) to work on /home/airflow/.local/lib/python3.8/site-packages/airflow/example_dags/example_dag_decorator.py
[2023-12-04T12:14:15.881+0000] {processor.py:829} INFO - Processing file /home/airflow/.local/lib/python3.8/site-packages/airflow/example_dags/example_dag_decorator.py for tasks to queue
[2023-12-04T12:14:15.887+0000] {logging_mixin.py:154} INFO - [2023-12-04T12:14:15.886+0000] {dagbag.py:536} INFO - Filling up the DagBag from /home/airflow/.local/lib/python3.8/site-packages/airflow/example_dags/example_dag_decorator.py
[2023-12-04T12:14:16.009+0000] {processor.py:839} INFO - DAG(s) dict_keys(['example_dag_decorator']) retrieved from /home/airflow/.local/lib/python3.8/site-packages/airflow/example_dags/example_dag_decorator.py
[2023-12-04T12:14:16.408+0000] {logging_mixin.py:154} INFO - [2023-12-04T12:14:16.408+0000] {dag.py:2941} INFO - Sync 1 DAGs
[2023-12-04T12:14:16.424+0000] {logging_mixin.py:154} INFO - [2023-12-04T12:14:16.424+0000] {dag.py:3722} INFO - Setting next_dagrun for example_dag_decorator to None, run_after=None
[2023-12-04T12:14:16.461+0000] {processor.py:179} INFO - Processing /home/airflow/.local/lib/python3.8/site-packages/airflow/example_dags/example_dag_decorator.py took 0.599 seconds
[2023-12-04T12:14:46.530+0000] {processor.py:157} INFO - Started process (PID=1348) to work on /home/airflow/.local/lib/python3.8/site-packages/airflow/example_dags/example_dag_decorator.py
[2023-12-04T12:14:46.532+0000] {processor.py:829} INFO - Processing file /home/airflow/.local/lib/python3.8/site-packages/airflow/example_dags/example_dag_decorator.py for tasks to queue
[2023-12-04T12:14:46.536+0000] {logging_mixin.py:154} INFO - [2023-12-04T12:14:46.536+0000] {dagbag.py:536} INFO - Filling up the DagBag from /home/airflow/.local/lib/python3.8/site-packages/airflow/example_dags/example_dag_decorator.py
[2023-12-04T12:14:46.647+0000] {processor.py:839} INFO - DAG(s) dict_keys(['example_dag_decorator']) retrieved from /home/airflow/.local/lib/python3.8/site-packages/airflow/example_dags/example_dag_decorator.py
[2023-12-04T12:14:46.687+0000] {logging_mixin.py:154} INFO - [2023-12-04T12:14:46.686+0000] {dag.py:2941} INFO - Sync 1 DAGs
[2023-12-04T12:14:46.709+0000] {logging_mixin.py:154} INFO - [2023-12-04T12:14:46.709+0000] {dag.py:3722} INFO - Setting next_dagrun for example_dag_decorator to None, run_after=None
[2023-12-04T12:14:46.759+0000] {processor.py:179} INFO - Processing /home/airflow/.local/lib/python3.8/site-packages/airflow/example_dags/example_dag_decorator.py took 0.235 seconds
[2023-12-04T12:15:17.067+0000] {processor.py:157} INFO - Started process (PID=1402) to work on /home/airflow/.local/lib/python3.8/site-packages/airflow/example_dags/example_dag_decorator.py
[2023-12-04T12:15:17.071+0000] {processor.py:829} INFO - Processing file /home/airflow/.local/lib/python3.8/site-packages/airflow/example_dags/example_dag_decorator.py for tasks to queue
[2023-12-04T12:15:17.081+0000] {logging_mixin.py:154} INFO - [2023-12-04T12:15:17.080+0000] {dagbag.py:536} INFO - Filling up the DagBag from /home/airflow/.local/lib/python3.8/site-packages/airflow/example_dags/example_dag_decorator.py
[2023-12-04T12:15:17.210+0000] {processor.py:839} INFO - DAG(s) dict_keys(['example_dag_decorator']) retrieved from /home/airflow/.local/lib/python3.8/site-packages/airflow/example_dags/example_dag_decorator.py
[2023-12-04T12:15:17.363+0000] {logging_mixin.py:154} INFO - [2023-12-04T12:15:17.362+0000] {dag.py:2941} INFO - Sync 1 DAGs
[2023-12-04T12:15:17.380+0000] {logging_mixin.py:154} INFO - [2023-12-04T12:15:17.380+0000] {dag.py:3722} INFO - Setting next_dagrun for example_dag_decorator to None, run_after=None
[2023-12-04T12:15:17.418+0000] {processor.py:179} INFO - Processing /home/airflow/.local/lib/python3.8/site-packages/airflow/example_dags/example_dag_decorator.py took 0.362 seconds
[2023-12-04T12:15:47.553+0000] {processor.py:157} INFO - Started process (PID=1456) to work on /home/airflow/.local/lib/python3.8/site-packages/airflow/example_dags/example_dag_decorator.py
[2023-12-04T12:15:47.556+0000] {processor.py:829} INFO - Processing file /home/airflow/.local/lib/python3.8/site-packages/airflow/example_dags/example_dag_decorator.py for tasks to queue
[2023-12-04T12:15:47.561+0000] {logging_mixin.py:154} INFO - [2023-12-04T12:15:47.561+0000] {dagbag.py:536} INFO - Filling up the DagBag from /home/airflow/.local/lib/python3.8/site-packages/airflow/example_dags/example_dag_decorator.py
[2023-12-04T12:15:47.683+0000] {processor.py:839} INFO - DAG(s) dict_keys(['example_dag_decorator']) retrieved from /home/airflow/.local/lib/python3.8/site-packages/airflow/example_dags/example_dag_decorator.py
[2023-12-04T12:15:48.063+0000] {logging_mixin.py:154} INFO - [2023-12-04T12:15:48.063+0000] {dag.py:2941} INFO - Sync 1 DAGs
[2023-12-04T12:15:48.084+0000] {logging_mixin.py:154} INFO - [2023-12-04T12:15:48.084+0000] {dag.py:3722} INFO - Setting next_dagrun for example_dag_decorator to None, run_after=None
[2023-12-04T12:15:48.117+0000] {processor.py:179} INFO - Processing /home/airflow/.local/lib/python3.8/site-packages/airflow/example_dags/example_dag_decorator.py took 0.569 seconds
[2023-12-04T12:16:18.306+0000] {processor.py:157} INFO - Started process (PID=1512) to work on /home/airflow/.local/lib/python3.8/site-packages/airflow/example_dags/example_dag_decorator.py
[2023-12-04T12:16:18.308+0000] {processor.py:829} INFO - Processing file /home/airflow/.local/lib/python3.8/site-packages/airflow/example_dags/example_dag_decorator.py for tasks to queue
[2023-12-04T12:16:18.313+0000] {logging_mixin.py:154} INFO - [2023-12-04T12:16:18.312+0000] {dagbag.py:536} INFO - Filling up the DagBag from /home/airflow/.local/lib/python3.8/site-packages/airflow/example_dags/example_dag_decorator.py
[2023-12-04T12:16:18.450+0000] {processor.py:839} INFO - DAG(s) dict_keys(['example_dag_decorator']) retrieved from /home/airflow/.local/lib/python3.8/site-packages/airflow/example_dags/example_dag_decorator.py
[2023-12-04T12:16:18.617+0000] {logging_mixin.py:154} INFO - [2023-12-04T12:16:18.617+0000] {dag.py:2941} INFO - Sync 1 DAGs
[2023-12-04T12:16:18.820+0000] {logging_mixin.py:154} INFO - [2023-12-04T12:16:18.820+0000] {dag.py:3722} INFO - Setting next_dagrun for example_dag_decorator to None, run_after=None
[2023-12-04T12:16:18.863+0000] {processor.py:179} INFO - Processing /home/airflow/.local/lib/python3.8/site-packages/airflow/example_dags/example_dag_decorator.py took 0.563 seconds
[2023-12-04T12:16:49.629+0000] {processor.py:157} INFO - Started process (PID=1566) to work on /home/airflow/.local/lib/python3.8/site-packages/airflow/example_dags/example_dag_decorator.py
[2023-12-04T12:16:49.631+0000] {processor.py:829} INFO - Processing file /home/airflow/.local/lib/python3.8/site-packages/airflow/example_dags/example_dag_decorator.py for tasks to queue
[2023-12-04T12:16:49.636+0000] {logging_mixin.py:154} INFO - [2023-12-04T12:16:49.635+0000] {dagbag.py:536} INFO - Filling up the DagBag from /home/airflow/.local/lib/python3.8/site-packages/airflow/example_dags/example_dag_decorator.py
[2023-12-04T12:16:49.750+0000] {processor.py:839} INFO - DAG(s) dict_keys(['example_dag_decorator']) retrieved from /home/airflow/.local/lib/python3.8/site-packages/airflow/example_dags/example_dag_decorator.py
[2023-12-04T12:16:50.099+0000] {logging_mixin.py:154} INFO - [2023-12-04T12:16:50.098+0000] {dag.py:2941} INFO - Sync 1 DAGs
[2023-12-04T12:16:50.114+0000] {logging_mixin.py:154} INFO - [2023-12-04T12:16:50.114+0000] {dag.py:3722} INFO - Setting next_dagrun for example_dag_decorator to None, run_after=None
[2023-12-04T12:16:50.148+0000] {processor.py:179} INFO - Processing /home/airflow/.local/lib/python3.8/site-packages/airflow/example_dags/example_dag_decorator.py took 0.525 seconds
[2023-12-04T12:17:20.196+0000] {processor.py:157} INFO - Started process (PID=1622) to work on /home/airflow/.local/lib/python3.8/site-packages/airflow/example_dags/example_dag_decorator.py
[2023-12-04T12:17:20.198+0000] {processor.py:829} INFO - Processing file /home/airflow/.local/lib/python3.8/site-packages/airflow/example_dags/example_dag_decorator.py for tasks to queue
[2023-12-04T12:17:20.203+0000] {logging_mixin.py:154} INFO - [2023-12-04T12:17:20.202+0000] {dagbag.py:536} INFO - Filling up the DagBag from /home/airflow/.local/lib/python3.8/site-packages/airflow/example_dags/example_dag_decorator.py
[2023-12-04T12:17:20.312+0000] {processor.py:839} INFO - DAG(s) dict_keys(['example_dag_decorator']) retrieved from /home/airflow/.local/lib/python3.8/site-packages/airflow/example_dags/example_dag_decorator.py
[2023-12-04T12:17:20.704+0000] {logging_mixin.py:154} INFO - [2023-12-04T12:17:20.704+0000] {dag.py:2941} INFO - Sync 1 DAGs
[2023-12-04T12:17:20.720+0000] {logging_mixin.py:154} INFO - [2023-12-04T12:17:20.719+0000] {dag.py:3722} INFO - Setting next_dagrun for example_dag_decorator to None, run_after=None
[2023-12-04T12:17:20.748+0000] {processor.py:179} INFO - Processing /home/airflow/.local/lib/python3.8/site-packages/airflow/example_dags/example_dag_decorator.py took 0.559 seconds
[2023-12-04T12:17:50.929+0000] {processor.py:157} INFO - Started process (PID=1679) to work on /home/airflow/.local/lib/python3.8/site-packages/airflow/example_dags/example_dag_decorator.py
[2023-12-04T12:17:50.932+0000] {processor.py:829} INFO - Processing file /home/airflow/.local/lib/python3.8/site-packages/airflow/example_dags/example_dag_decorator.py for tasks to queue
[2023-12-04T12:17:50.938+0000] {logging_mixin.py:154} INFO - [2023-12-04T12:17:50.937+0000] {dagbag.py:536} INFO - Filling up the DagBag from /home/airflow/.local/lib/python3.8/site-packages/airflow/example_dags/example_dag_decorator.py
[2023-12-04T12:17:51.061+0000] {processor.py:839} INFO - DAG(s) dict_keys(['example_dag_decorator']) retrieved from /home/airflow/.local/lib/python3.8/site-packages/airflow/example_dags/example_dag_decorator.py
[2023-12-04T12:17:51.399+0000] {logging_mixin.py:154} INFO - [2023-12-04T12:17:51.399+0000] {dag.py:2941} INFO - Sync 1 DAGs
[2023-12-04T12:17:51.416+0000] {logging_mixin.py:154} INFO - [2023-12-04T12:17:51.416+0000] {dag.py:3722} INFO - Setting next_dagrun for example_dag_decorator to None, run_after=None
[2023-12-04T12:17:51.448+0000] {processor.py:179} INFO - Processing /home/airflow/.local/lib/python3.8/site-packages/airflow/example_dags/example_dag_decorator.py took 0.525 seconds
[2023-12-04T12:18:21.511+0000] {processor.py:157} INFO - Started process (PID=1734) to work on /home/airflow/.local/lib/python3.8/site-packages/airflow/example_dags/example_dag_decorator.py
[2023-12-04T12:18:21.513+0000] {processor.py:829} INFO - Processing file /home/airflow/.local/lib/python3.8/site-packages/airflow/example_dags/example_dag_decorator.py for tasks to queue
[2023-12-04T12:18:21.519+0000] {logging_mixin.py:154} INFO - [2023-12-04T12:18:21.518+0000] {dagbag.py:536} INFO - Filling up the DagBag from /home/airflow/.local/lib/python3.8/site-packages/airflow/example_dags/example_dag_decorator.py
[2023-12-04T12:18:21.631+0000] {processor.py:839} INFO - DAG(s) dict_keys(['example_dag_decorator']) retrieved from /home/airflow/.local/lib/python3.8/site-packages/airflow/example_dags/example_dag_decorator.py
[2023-12-04T12:18:21.964+0000] {logging_mixin.py:154} INFO - [2023-12-04T12:18:21.964+0000] {dag.py:2941} INFO - Sync 1 DAGs
[2023-12-04T12:18:21.983+0000] {logging_mixin.py:154} INFO - [2023-12-04T12:18:21.983+0000] {dag.py:3722} INFO - Setting next_dagrun for example_dag_decorator to None, run_after=None
[2023-12-04T12:18:22.019+0000] {processor.py:179} INFO - Processing /home/airflow/.local/lib/python3.8/site-packages/airflow/example_dags/example_dag_decorator.py took 0.513 seconds
[2023-12-04T12:18:52.867+0000] {processor.py:157} INFO - Started process (PID=1788) to work on /home/airflow/.local/lib/python3.8/site-packages/airflow/example_dags/example_dag_decorator.py
[2023-12-04T12:18:52.869+0000] {processor.py:829} INFO - Processing file /home/airflow/.local/lib/python3.8/site-packages/airflow/example_dags/example_dag_decorator.py for tasks to queue
[2023-12-04T12:18:52.876+0000] {logging_mixin.py:154} INFO - [2023-12-04T12:18:52.876+0000] {dagbag.py:536} INFO - Filling up the DagBag from /home/airflow/.local/lib/python3.8/site-packages/airflow/example_dags/example_dag_decorator.py
[2023-12-04T12:18:52.985+0000] {processor.py:839} INFO - DAG(s) dict_keys(['example_dag_decorator']) retrieved from /home/airflow/.local/lib/python3.8/site-packages/airflow/example_dags/example_dag_decorator.py
[2023-12-04T12:18:53.344+0000] {logging_mixin.py:154} INFO - [2023-12-04T12:18:53.343+0000] {dag.py:2941} INFO - Sync 1 DAGs
[2023-12-04T12:18:53.363+0000] {logging_mixin.py:154} INFO - [2023-12-04T12:18:53.362+0000] {dag.py:3722} INFO - Setting next_dagrun for example_dag_decorator to None, run_after=None
[2023-12-04T12:18:53.395+0000] {processor.py:179} INFO - Processing /home/airflow/.local/lib/python3.8/site-packages/airflow/example_dags/example_dag_decorator.py took 0.534 seconds
[2023-12-04T12:19:23.590+0000] {processor.py:157} INFO - Started process (PID=1842) to work on /home/airflow/.local/lib/python3.8/site-packages/airflow/example_dags/example_dag_decorator.py
[2023-12-04T12:19:23.593+0000] {processor.py:829} INFO - Processing file /home/airflow/.local/lib/python3.8/site-packages/airflow/example_dags/example_dag_decorator.py for tasks to queue
[2023-12-04T12:19:23.604+0000] {logging_mixin.py:154} INFO - [2023-12-04T12:19:23.603+0000] {dagbag.py:536} INFO - Filling up the DagBag from /home/airflow/.local/lib/python3.8/site-packages/airflow/example_dags/example_dag_decorator.py
[2023-12-04T12:19:23.739+0000] {processor.py:839} INFO - DAG(s) dict_keys(['example_dag_decorator']) retrieved from /home/airflow/.local/lib/python3.8/site-packages/airflow/example_dags/example_dag_decorator.py
[2023-12-04T12:19:24.217+0000] {logging_mixin.py:154} INFO - [2023-12-04T12:19:24.217+0000] {dag.py:2941} INFO - Sync 1 DAGs
[2023-12-04T12:19:24.239+0000] {logging_mixin.py:154} INFO - [2023-12-04T12:19:24.239+0000] {dag.py:3722} INFO - Setting next_dagrun for example_dag_decorator to None, run_after=None
[2023-12-04T12:19:24.269+0000] {processor.py:179} INFO - Processing /home/airflow/.local/lib/python3.8/site-packages/airflow/example_dags/example_dag_decorator.py took 0.684 seconds
[2023-12-04T12:19:54.872+0000] {processor.py:157} INFO - Started process (PID=1897) to work on /home/airflow/.local/lib/python3.8/site-packages/airflow/example_dags/example_dag_decorator.py
[2023-12-04T12:19:54.875+0000] {processor.py:829} INFO - Processing file /home/airflow/.local/lib/python3.8/site-packages/airflow/example_dags/example_dag_decorator.py for tasks to queue
[2023-12-04T12:19:54.879+0000] {logging_mixin.py:154} INFO - [2023-12-04T12:19:54.879+0000] {dagbag.py:536} INFO - Filling up the DagBag from /home/airflow/.local/lib/python3.8/site-packages/airflow/example_dags/example_dag_decorator.py
[2023-12-04T12:19:55.002+0000] {processor.py:839} INFO - DAG(s) dict_keys(['example_dag_decorator']) retrieved from /home/airflow/.local/lib/python3.8/site-packages/airflow/example_dags/example_dag_decorator.py
[2023-12-04T12:19:55.418+0000] {logging_mixin.py:154} INFO - [2023-12-04T12:19:55.418+0000] {dag.py:2941} INFO - Sync 1 DAGs
[2023-12-04T12:19:55.435+0000] {logging_mixin.py:154} INFO - [2023-12-04T12:19:55.434+0000] {dag.py:3722} INFO - Setting next_dagrun for example_dag_decorator to None, run_after=None
[2023-12-04T12:19:55.469+0000] {processor.py:179} INFO - Processing /home/airflow/.local/lib/python3.8/site-packages/airflow/example_dags/example_dag_decorator.py took 0.606 seconds
[2023-12-04T12:20:25.626+0000] {processor.py:157} INFO - Started process (PID=1961) to work on /home/airflow/.local/lib/python3.8/site-packages/airflow/example_dags/example_dag_decorator.py
[2023-12-04T12:20:25.628+0000] {processor.py:829} INFO - Processing file /home/airflow/.local/lib/python3.8/site-packages/airflow/example_dags/example_dag_decorator.py for tasks to queue
[2023-12-04T12:20:25.632+0000] {logging_mixin.py:154} INFO - [2023-12-04T12:20:25.632+0000] {dagbag.py:536} INFO - Filling up the DagBag from /home/airflow/.local/lib/python3.8/site-packages/airflow/example_dags/example_dag_decorator.py
[2023-12-04T12:20:25.764+0000] {processor.py:839} INFO - DAG(s) dict_keys(['example_dag_decorator']) retrieved from /home/airflow/.local/lib/python3.8/site-packages/airflow/example_dags/example_dag_decorator.py
[2023-12-04T12:20:26.105+0000] {logging_mixin.py:154} INFO - [2023-12-04T12:20:26.104+0000] {dag.py:2941} INFO - Sync 1 DAGs
[2023-12-04T12:20:26.120+0000] {logging_mixin.py:154} INFO - [2023-12-04T12:20:26.120+0000] {dag.py:3722} INFO - Setting next_dagrun for example_dag_decorator to None, run_after=None
[2023-12-04T12:20:26.154+0000] {processor.py:179} INFO - Processing /home/airflow/.local/lib/python3.8/site-packages/airflow/example_dags/example_dag_decorator.py took 0.534 seconds
[2023-12-04T12:20:57.107+0000] {processor.py:157} INFO - Started process (PID=2015) to work on /home/airflow/.local/lib/python3.8/site-packages/airflow/example_dags/example_dag_decorator.py
[2023-12-04T12:20:57.109+0000] {processor.py:829} INFO - Processing file /home/airflow/.local/lib/python3.8/site-packages/airflow/example_dags/example_dag_decorator.py for tasks to queue
[2023-12-04T12:20:57.114+0000] {logging_mixin.py:154} INFO - [2023-12-04T12:20:57.113+0000] {dagbag.py:536} INFO - Filling up the DagBag from /home/airflow/.local/lib/python3.8/site-packages/airflow/example_dags/example_dag_decorator.py
[2023-12-04T12:20:57.220+0000] {processor.py:839} INFO - DAG(s) dict_keys(['example_dag_decorator']) retrieved from /home/airflow/.local/lib/python3.8/site-packages/airflow/example_dags/example_dag_decorator.py
[2023-12-04T12:20:57.551+0000] {logging_mixin.py:154} INFO - [2023-12-04T12:20:57.551+0000] {dag.py:2941} INFO - Sync 1 DAGs
[2023-12-04T12:20:57.566+0000] {logging_mixin.py:154} INFO - [2023-12-04T12:20:57.566+0000] {dag.py:3722} INFO - Setting next_dagrun for example_dag_decorator to None, run_after=None
[2023-12-04T12:20:57.605+0000] {processor.py:179} INFO - Processing /home/airflow/.local/lib/python3.8/site-packages/airflow/example_dags/example_dag_decorator.py took 0.502 seconds
[2023-12-04T12:21:28.393+0000] {processor.py:157} INFO - Started process (PID=2068) to work on /home/airflow/.local/lib/python3.8/site-packages/airflow/example_dags/example_dag_decorator.py
[2023-12-04T12:21:28.396+0000] {processor.py:829} INFO - Processing file /home/airflow/.local/lib/python3.8/site-packages/airflow/example_dags/example_dag_decorator.py for tasks to queue
[2023-12-04T12:21:28.402+0000] {logging_mixin.py:154} INFO - [2023-12-04T12:21:28.401+0000] {dagbag.py:536} INFO - Filling up the DagBag from /home/airflow/.local/lib/python3.8/site-packages/airflow/example_dags/example_dag_decorator.py
[2023-12-04T12:21:28.527+0000] {processor.py:839} INFO - DAG(s) dict_keys(['example_dag_decorator']) retrieved from /home/airflow/.local/lib/python3.8/site-packages/airflow/example_dags/example_dag_decorator.py
[2023-12-04T12:21:28.980+0000] {logging_mixin.py:154} INFO - [2023-12-04T12:21:28.980+0000] {dag.py:2941} INFO - Sync 1 DAGs
[2023-12-04T12:21:29.002+0000] {logging_mixin.py:154} INFO - [2023-12-04T12:21:29.002+0000] {dag.py:3722} INFO - Setting next_dagrun for example_dag_decorator to None, run_after=None
[2023-12-04T12:21:29.049+0000] {processor.py:179} INFO - Processing /home/airflow/.local/lib/python3.8/site-packages/airflow/example_dags/example_dag_decorator.py took 0.662 seconds
[2023-12-04T12:21:59.242+0000] {processor.py:157} INFO - Started process (PID=2124) to work on /home/airflow/.local/lib/python3.8/site-packages/airflow/example_dags/example_dag_decorator.py
[2023-12-04T12:21:59.245+0000] {processor.py:829} INFO - Processing file /home/airflow/.local/lib/python3.8/site-packages/airflow/example_dags/example_dag_decorator.py for tasks to queue
[2023-12-04T12:21:59.249+0000] {logging_mixin.py:154} INFO - [2023-12-04T12:21:59.249+0000] {dagbag.py:536} INFO - Filling up the DagBag from /home/airflow/.local/lib/python3.8/site-packages/airflow/example_dags/example_dag_decorator.py
[2023-12-04T12:21:59.379+0000] {processor.py:839} INFO - DAG(s) dict_keys(['example_dag_decorator']) retrieved from /home/airflow/.local/lib/python3.8/site-packages/airflow/example_dags/example_dag_decorator.py
[2023-12-04T12:21:59.734+0000] {logging_mixin.py:154} INFO - [2023-12-04T12:21:59.734+0000] {dag.py:2941} INFO - Sync 1 DAGs
[2023-12-04T12:21:59.750+0000] {logging_mixin.py:154} INFO - [2023-12-04T12:21:59.750+0000] {dag.py:3722} INFO - Setting next_dagrun for example_dag_decorator to None, run_after=None
[2023-12-04T12:21:59.784+0000] {processor.py:179} INFO - Processing /home/airflow/.local/lib/python3.8/site-packages/airflow/example_dags/example_dag_decorator.py took 0.551 seconds
[2023-12-04T12:22:29.920+0000] {processor.py:157} INFO - Started process (PID=2178) to work on /home/airflow/.local/lib/python3.8/site-packages/airflow/example_dags/example_dag_decorator.py
[2023-12-04T12:22:29.924+0000] {processor.py:829} INFO - Processing file /home/airflow/.local/lib/python3.8/site-packages/airflow/example_dags/example_dag_decorator.py for tasks to queue
[2023-12-04T12:22:29.933+0000] {logging_mixin.py:154} INFO - [2023-12-04T12:22:29.933+0000] {dagbag.py:536} INFO - Filling up the DagBag from /home/airflow/.local/lib/python3.8/site-packages/airflow/example_dags/example_dag_decorator.py
[2023-12-04T12:22:30.042+0000] {processor.py:839} INFO - DAG(s) dict_keys(['example_dag_decorator']) retrieved from /home/airflow/.local/lib/python3.8/site-packages/airflow/example_dags/example_dag_decorator.py
[2023-12-04T12:22:30.379+0000] {logging_mixin.py:154} INFO - [2023-12-04T12:22:30.379+0000] {dag.py:2941} INFO - Sync 1 DAGs
[2023-12-04T12:22:30.394+0000] {logging_mixin.py:154} INFO - [2023-12-04T12:22:30.394+0000] {dag.py:3722} INFO - Setting next_dagrun for example_dag_decorator to None, run_after=None
[2023-12-04T12:22:30.426+0000] {processor.py:179} INFO - Processing /home/airflow/.local/lib/python3.8/site-packages/airflow/example_dags/example_dag_decorator.py took 0.514 seconds
[2023-12-04T12:23:00.477+0000] {processor.py:157} INFO - Started process (PID=2231) to work on /home/airflow/.local/lib/python3.8/site-packages/airflow/example_dags/example_dag_decorator.py
[2023-12-04T12:23:00.480+0000] {processor.py:829} INFO - Processing file /home/airflow/.local/lib/python3.8/site-packages/airflow/example_dags/example_dag_decorator.py for tasks to queue
[2023-12-04T12:23:00.485+0000] {logging_mixin.py:154} INFO - [2023-12-04T12:23:00.485+0000] {dagbag.py:536} INFO - Filling up the DagBag from /home/airflow/.local/lib/python3.8/site-packages/airflow/example_dags/example_dag_decorator.py
[2023-12-04T12:23:00.589+0000] {processor.py:839} INFO - DAG(s) dict_keys(['example_dag_decorator']) retrieved from /home/airflow/.local/lib/python3.8/site-packages/airflow/example_dags/example_dag_decorator.py
[2023-12-04T12:23:00.813+0000] {logging_mixin.py:154} INFO - [2023-12-04T12:23:00.813+0000] {dag.py:2941} INFO - Sync 1 DAGs
[2023-12-04T12:23:00.830+0000] {logging_mixin.py:154} INFO - [2023-12-04T12:23:00.830+0000] {dag.py:3722} INFO - Setting next_dagrun for example_dag_decorator to None, run_after=None
[2023-12-04T12:23:00.860+0000] {processor.py:179} INFO - Processing /home/airflow/.local/lib/python3.8/site-packages/airflow/example_dags/example_dag_decorator.py took 0.390 seconds
[2023-12-04T12:23:31.866+0000] {processor.py:157} INFO - Started process (PID=2285) to work on /home/airflow/.local/lib/python3.8/site-packages/airflow/example_dags/example_dag_decorator.py
[2023-12-04T12:23:31.869+0000] {processor.py:829} INFO - Processing file /home/airflow/.local/lib/python3.8/site-packages/airflow/example_dags/example_dag_decorator.py for tasks to queue
[2023-12-04T12:23:31.874+0000] {logging_mixin.py:154} INFO - [2023-12-04T12:23:31.873+0000] {dagbag.py:536} INFO - Filling up the DagBag from /home/airflow/.local/lib/python3.8/site-packages/airflow/example_dags/example_dag_decorator.py
[2023-12-04T12:23:31.986+0000] {processor.py:839} INFO - DAG(s) dict_keys(['example_dag_decorator']) retrieved from /home/airflow/.local/lib/python3.8/site-packages/airflow/example_dags/example_dag_decorator.py
[2023-12-04T12:23:32.464+0000] {logging_mixin.py:154} INFO - [2023-12-04T12:23:32.464+0000] {dag.py:2941} INFO - Sync 1 DAGs
[2023-12-04T12:23:32.494+0000] {logging_mixin.py:154} INFO - [2023-12-04T12:23:32.494+0000] {dag.py:3722} INFO - Setting next_dagrun for example_dag_decorator to None, run_after=None
[2023-12-04T12:23:32.529+0000] {processor.py:179} INFO - Processing /home/airflow/.local/lib/python3.8/site-packages/airflow/example_dags/example_dag_decorator.py took 0.669 seconds
[2023-12-04T12:24:03.573+0000] {processor.py:157} INFO - Started process (PID=2341) to work on /home/airflow/.local/lib/python3.8/site-packages/airflow/example_dags/example_dag_decorator.py
[2023-12-04T12:24:03.576+0000] {processor.py:829} INFO - Processing file /home/airflow/.local/lib/python3.8/site-packages/airflow/example_dags/example_dag_decorator.py for tasks to queue
[2023-12-04T12:24:03.583+0000] {logging_mixin.py:154} INFO - [2023-12-04T12:24:03.582+0000] {dagbag.py:536} INFO - Filling up the DagBag from /home/airflow/.local/lib/python3.8/site-packages/airflow/example_dags/example_dag_decorator.py
[2023-12-04T12:24:03.892+0000] {processor.py:839} INFO - DAG(s) dict_keys(['example_dag_decorator']) retrieved from /home/airflow/.local/lib/python3.8/site-packages/airflow/example_dags/example_dag_decorator.py
[2023-12-04T12:24:04.071+0000] {logging_mixin.py:154} INFO - [2023-12-04T12:24:04.071+0000] {dag.py:2941} INFO - Sync 1 DAGs
[2023-12-04T12:24:04.089+0000] {logging_mixin.py:154} INFO - [2023-12-04T12:24:04.089+0000] {dag.py:3722} INFO - Setting next_dagrun for example_dag_decorator to None, run_after=None
[2023-12-04T12:24:04.124+0000] {processor.py:179} INFO - Processing /home/airflow/.local/lib/python3.8/site-packages/airflow/example_dags/example_dag_decorator.py took 0.566 seconds
[2023-12-04T12:24:34.266+0000] {processor.py:157} INFO - Started process (PID=2396) to work on /home/airflow/.local/lib/python3.8/site-packages/airflow/example_dags/example_dag_decorator.py
[2023-12-04T12:24:34.269+0000] {processor.py:829} INFO - Processing file /home/airflow/.local/lib/python3.8/site-packages/airflow/example_dags/example_dag_decorator.py for tasks to queue
[2023-12-04T12:24:34.274+0000] {logging_mixin.py:154} INFO - [2023-12-04T12:24:34.273+0000] {dagbag.py:536} INFO - Filling up the DagBag from /home/airflow/.local/lib/python3.8/site-packages/airflow/example_dags/example_dag_decorator.py
[2023-12-04T12:24:34.384+0000] {processor.py:839} INFO - DAG(s) dict_keys(['example_dag_decorator']) retrieved from /home/airflow/.local/lib/python3.8/site-packages/airflow/example_dags/example_dag_decorator.py
[2023-12-04T12:24:34.733+0000] {logging_mixin.py:154} INFO - [2023-12-04T12:24:34.733+0000] {dag.py:2941} INFO - Sync 1 DAGs
[2023-12-04T12:24:34.748+0000] {logging_mixin.py:154} INFO - [2023-12-04T12:24:34.748+0000] {dag.py:3722} INFO - Setting next_dagrun for example_dag_decorator to None, run_after=None
[2023-12-04T12:24:34.781+0000] {processor.py:179} INFO - Processing /home/airflow/.local/lib/python3.8/site-packages/airflow/example_dags/example_dag_decorator.py took 0.522 seconds
[2023-12-04T12:25:04.883+0000] {processor.py:157} INFO - Started process (PID=2450) to work on /home/airflow/.local/lib/python3.8/site-packages/airflow/example_dags/example_dag_decorator.py
[2023-12-04T12:25:04.885+0000] {processor.py:829} INFO - Processing file /home/airflow/.local/lib/python3.8/site-packages/airflow/example_dags/example_dag_decorator.py for tasks to queue
[2023-12-04T12:25:04.891+0000] {logging_mixin.py:154} INFO - [2023-12-04T12:25:04.890+0000] {dagbag.py:536} INFO - Filling up the DagBag from /home/airflow/.local/lib/python3.8/site-packages/airflow/example_dags/example_dag_decorator.py
[2023-12-04T12:25:05.005+0000] {processor.py:839} INFO - DAG(s) dict_keys(['example_dag_decorator']) retrieved from /home/airflow/.local/lib/python3.8/site-packages/airflow/example_dags/example_dag_decorator.py
[2023-12-04T12:25:05.043+0000] {logging_mixin.py:154} INFO - [2023-12-04T12:25:05.043+0000] {dag.py:2941} INFO - Sync 1 DAGs
[2023-12-04T12:25:05.066+0000] {logging_mixin.py:154} INFO - [2023-12-04T12:25:05.065+0000] {dag.py:3722} INFO - Setting next_dagrun for example_dag_decorator to None, run_after=None
[2023-12-04T12:25:05.280+0000] {processor.py:179} INFO - Processing /home/airflow/.local/lib/python3.8/site-packages/airflow/example_dags/example_dag_decorator.py took 0.403 seconds
[2023-12-04T12:25:35.649+0000] {processor.py:157} INFO - Started process (PID=2503) to work on /home/airflow/.local/lib/python3.8/site-packages/airflow/example_dags/example_dag_decorator.py
[2023-12-04T12:25:35.651+0000] {processor.py:829} INFO - Processing file /home/airflow/.local/lib/python3.8/site-packages/airflow/example_dags/example_dag_decorator.py for tasks to queue
[2023-12-04T12:25:35.660+0000] {logging_mixin.py:154} INFO - [2023-12-04T12:25:35.660+0000] {dagbag.py:536} INFO - Filling up the DagBag from /home/airflow/.local/lib/python3.8/site-packages/airflow/example_dags/example_dag_decorator.py
[2023-12-04T12:25:35.964+0000] {processor.py:839} INFO - DAG(s) dict_keys(['example_dag_decorator']) retrieved from /home/airflow/.local/lib/python3.8/site-packages/airflow/example_dags/example_dag_decorator.py
[2023-12-04T12:25:36.134+0000] {logging_mixin.py:154} INFO - [2023-12-04T12:25:36.133+0000] {dag.py:2941} INFO - Sync 1 DAGs
[2023-12-04T12:25:36.149+0000] {logging_mixin.py:154} INFO - [2023-12-04T12:25:36.149+0000] {dag.py:3722} INFO - Setting next_dagrun for example_dag_decorator to None, run_after=None
[2023-12-04T12:25:36.180+0000] {processor.py:179} INFO - Processing /home/airflow/.local/lib/python3.8/site-packages/airflow/example_dags/example_dag_decorator.py took 0.536 seconds
[2023-12-04T12:26:06.894+0000] {processor.py:157} INFO - Started process (PID=2558) to work on /home/airflow/.local/lib/python3.8/site-packages/airflow/example_dags/example_dag_decorator.py
[2023-12-04T12:26:06.897+0000] {processor.py:829} INFO - Processing file /home/airflow/.local/lib/python3.8/site-packages/airflow/example_dags/example_dag_decorator.py for tasks to queue
[2023-12-04T12:26:06.902+0000] {logging_mixin.py:154} INFO - [2023-12-04T12:26:06.902+0000] {dagbag.py:536} INFO - Filling up the DagBag from /home/airflow/.local/lib/python3.8/site-packages/airflow/example_dags/example_dag_decorator.py
[2023-12-04T12:26:07.015+0000] {processor.py:839} INFO - DAG(s) dict_keys(['example_dag_decorator']) retrieved from /home/airflow/.local/lib/python3.8/site-packages/airflow/example_dags/example_dag_decorator.py
[2023-12-04T12:26:07.353+0000] {logging_mixin.py:154} INFO - [2023-12-04T12:26:07.353+0000] {dag.py:2941} INFO - Sync 1 DAGs
[2023-12-04T12:26:07.370+0000] {logging_mixin.py:154} INFO - [2023-12-04T12:26:07.370+0000] {dag.py:3722} INFO - Setting next_dagrun for example_dag_decorator to None, run_after=None
[2023-12-04T12:26:07.399+0000] {processor.py:179} INFO - Processing /home/airflow/.local/lib/python3.8/site-packages/airflow/example_dags/example_dag_decorator.py took 0.534 seconds
[2023-12-04T12:26:37.647+0000] {processor.py:157} INFO - Started process (PID=2612) to work on /home/airflow/.local/lib/python3.8/site-packages/airflow/example_dags/example_dag_decorator.py
[2023-12-04T12:26:37.650+0000] {processor.py:829} INFO - Processing file /home/airflow/.local/lib/python3.8/site-packages/airflow/example_dags/example_dag_decorator.py for tasks to queue
[2023-12-04T12:26:37.655+0000] {logging_mixin.py:154} INFO - [2023-12-04T12:26:37.655+0000] {dagbag.py:536} INFO - Filling up the DagBag from /home/airflow/.local/lib/python3.8/site-packages/airflow/example_dags/example_dag_decorator.py
[2023-12-04T12:26:37.967+0000] {processor.py:839} INFO - DAG(s) dict_keys(['example_dag_decorator']) retrieved from /home/airflow/.local/lib/python3.8/site-packages/airflow/example_dags/example_dag_decorator.py
[2023-12-04T12:26:38.112+0000] {logging_mixin.py:154} INFO - [2023-12-04T12:26:38.112+0000] {dag.py:2941} INFO - Sync 1 DAGs
[2023-12-04T12:26:38.129+0000] {logging_mixin.py:154} INFO - [2023-12-04T12:26:38.128+0000] {dag.py:3722} INFO - Setting next_dagrun for example_dag_decorator to None, run_after=None
[2023-12-04T12:26:38.158+0000] {processor.py:179} INFO - Processing /home/airflow/.local/lib/python3.8/site-packages/airflow/example_dags/example_dag_decorator.py took 0.517 seconds
[2023-12-04T12:27:08.892+0000] {processor.py:157} INFO - Started process (PID=2666) to work on /home/airflow/.local/lib/python3.8/site-packages/airflow/example_dags/example_dag_decorator.py
[2023-12-04T12:27:08.952+0000] {processor.py:829} INFO - Processing file /home/airflow/.local/lib/python3.8/site-packages/airflow/example_dags/example_dag_decorator.py for tasks to queue
[2023-12-04T12:27:08.972+0000] {logging_mixin.py:154} INFO - [2023-12-04T12:27:08.972+0000] {dagbag.py:536} INFO - Filling up the DagBag from /home/airflow/.local/lib/python3.8/site-packages/airflow/example_dags/example_dag_decorator.py
[2023-12-04T12:27:09.623+0000] {processor.py:839} INFO - DAG(s) dict_keys(['example_dag_decorator']) retrieved from /home/airflow/.local/lib/python3.8/site-packages/airflow/example_dags/example_dag_decorator.py
[2023-12-04T12:27:09.905+0000] {logging_mixin.py:154} INFO - [2023-12-04T12:27:09.905+0000] {dag.py:2941} INFO - Sync 1 DAGs
[2023-12-04T12:27:09.932+0000] {logging_mixin.py:154} INFO - [2023-12-04T12:27:09.931+0000] {dag.py:3722} INFO - Setting next_dagrun for example_dag_decorator to None, run_after=None
[2023-12-04T12:27:09.978+0000] {processor.py:179} INFO - Processing /home/airflow/.local/lib/python3.8/site-packages/airflow/example_dags/example_dag_decorator.py took 1.127 seconds
[2023-12-04T12:27:40.107+0000] {processor.py:157} INFO - Started process (PID=2721) to work on /home/airflow/.local/lib/python3.8/site-packages/airflow/example_dags/example_dag_decorator.py
[2023-12-04T12:27:40.109+0000] {processor.py:829} INFO - Processing file /home/airflow/.local/lib/python3.8/site-packages/airflow/example_dags/example_dag_decorator.py for tasks to queue
[2023-12-04T12:27:40.113+0000] {logging_mixin.py:154} INFO - [2023-12-04T12:27:40.113+0000] {dagbag.py:536} INFO - Filling up the DagBag from /home/airflow/.local/lib/python3.8/site-packages/airflow/example_dags/example_dag_decorator.py
[2023-12-04T12:27:40.218+0000] {processor.py:839} INFO - DAG(s) dict_keys(['example_dag_decorator']) retrieved from /home/airflow/.local/lib/python3.8/site-packages/airflow/example_dags/example_dag_decorator.py
[2023-12-04T12:27:40.569+0000] {logging_mixin.py:154} INFO - [2023-12-04T12:27:40.568+0000] {dag.py:2941} INFO - Sync 1 DAGs
[2023-12-04T12:27:40.585+0000] {logging_mixin.py:154} INFO - [2023-12-04T12:27:40.585+0000] {dag.py:3722} INFO - Setting next_dagrun for example_dag_decorator to None, run_after=None
[2023-12-04T12:27:40.620+0000] {processor.py:179} INFO - Processing /home/airflow/.local/lib/python3.8/site-packages/airflow/example_dags/example_dag_decorator.py took 0.519 seconds
[2023-12-04T12:28:10.748+0000] {processor.py:157} INFO - Started process (PID=2774) to work on /home/airflow/.local/lib/python3.8/site-packages/airflow/example_dags/example_dag_decorator.py
[2023-12-04T12:28:10.751+0000] {processor.py:829} INFO - Processing file /home/airflow/.local/lib/python3.8/site-packages/airflow/example_dags/example_dag_decorator.py for tasks to queue
[2023-12-04T12:28:10.756+0000] {logging_mixin.py:154} INFO - [2023-12-04T12:28:10.755+0000] {dagbag.py:536} INFO - Filling up the DagBag from /home/airflow/.local/lib/python3.8/site-packages/airflow/example_dags/example_dag_decorator.py
[2023-12-04T12:28:11.056+0000] {processor.py:839} INFO - DAG(s) dict_keys(['example_dag_decorator']) retrieved from /home/airflow/.local/lib/python3.8/site-packages/airflow/example_dags/example_dag_decorator.py
[2023-12-04T12:28:11.224+0000] {logging_mixin.py:154} INFO - [2023-12-04T12:28:11.224+0000] {dag.py:2941} INFO - Sync 1 DAGs
[2023-12-04T12:28:11.245+0000] {logging_mixin.py:154} INFO - [2023-12-04T12:28:11.245+0000] {dag.py:3722} INFO - Setting next_dagrun for example_dag_decorator to None, run_after=None
[2023-12-04T12:28:11.276+0000] {processor.py:179} INFO - Processing /home/airflow/.local/lib/python3.8/site-packages/airflow/example_dags/example_dag_decorator.py took 0.534 seconds
