[2023-12-22T19:03:16.597+0000] {processor.py:157} INFO - Started process (PID=70) to work on /home/airflow/.local/lib/python3.8/site-packages/airflow/example_dags/example_short_circuit_operator.py
[2023-12-22T19:03:16.605+0000] {processor.py:829} INFO - Processing file /home/airflow/.local/lib/python3.8/site-packages/airflow/example_dags/example_short_circuit_operator.py for tasks to queue
[2023-12-22T19:03:16.654+0000] {logging_mixin.py:154} INFO - [2023-12-22T19:03:16.650+0000] {dagbag.py:536} INFO - Filling up the DagBag from /home/airflow/.local/lib/python3.8/site-packages/airflow/example_dags/example_short_circuit_operator.py
[2023-12-22T19:03:16.872+0000] {processor.py:839} INFO - DAG(s) dict_keys(['example_short_circuit_operator']) retrieved from /home/airflow/.local/lib/python3.8/site-packages/airflow/example_dags/example_short_circuit_operator.py
[2023-12-22T19:03:19.177+0000] {logging_mixin.py:154} INFO - [2023-12-22T19:03:19.164+0000] {dag.py:2941} INFO - Sync 1 DAGs
[2023-12-22T19:03:19.749+0000] {logging_mixin.py:154} INFO - [2023-12-22T19:03:19.748+0000] {dag.py:3722} INFO - Setting next_dagrun for example_short_circuit_operator to 2023-12-21T19:03:19.743769+00:00, run_after=2023-12-22T19:03:19.743769+00:00
[2023-12-22T19:03:19.956+0000] {processor.py:179} INFO - Processing /home/airflow/.local/lib/python3.8/site-packages/airflow/example_dags/example_short_circuit_operator.py took 3.405 seconds
[2023-12-22T19:03:51.214+0000] {processor.py:157} INFO - Started process (PID=126) to work on /home/airflow/.local/lib/python3.8/site-packages/airflow/example_dags/example_short_circuit_operator.py
[2023-12-22T19:03:51.454+0000] {processor.py:829} INFO - Processing file /home/airflow/.local/lib/python3.8/site-packages/airflow/example_dags/example_short_circuit_operator.py for tasks to queue
[2023-12-22T19:03:51.461+0000] {logging_mixin.py:154} INFO - [2023-12-22T19:03:51.460+0000] {dagbag.py:536} INFO - Filling up the DagBag from /home/airflow/.local/lib/python3.8/site-packages/airflow/example_dags/example_short_circuit_operator.py
[2023-12-22T19:03:51.479+0000] {processor.py:839} INFO - DAG(s) dict_keys(['example_short_circuit_operator']) retrieved from /home/airflow/.local/lib/python3.8/site-packages/airflow/example_dags/example_short_circuit_operator.py
[2023-12-22T19:03:51.530+0000] {logging_mixin.py:154} INFO - [2023-12-22T19:03:51.530+0000] {dag.py:2941} INFO - Sync 1 DAGs
[2023-12-22T19:03:51.574+0000] {logging_mixin.py:154} INFO - [2023-12-22T19:03:51.574+0000] {dag.py:3722} INFO - Setting next_dagrun for example_short_circuit_operator to 2023-12-21T19:03:51.573773+00:00, run_after=2023-12-22T19:03:51.573773+00:00
[2023-12-22T19:03:51.709+0000] {processor.py:179} INFO - Processing /home/airflow/.local/lib/python3.8/site-packages/airflow/example_dags/example_short_circuit_operator.py took 0.502 seconds
[2023-12-22T19:04:21.855+0000] {processor.py:157} INFO - Started process (PID=182) to work on /home/airflow/.local/lib/python3.8/site-packages/airflow/example_dags/example_short_circuit_operator.py
[2023-12-22T19:04:21.858+0000] {processor.py:829} INFO - Processing file /home/airflow/.local/lib/python3.8/site-packages/airflow/example_dags/example_short_circuit_operator.py for tasks to queue
[2023-12-22T19:04:21.863+0000] {logging_mixin.py:154} INFO - [2023-12-22T19:04:21.863+0000] {dagbag.py:536} INFO - Filling up the DagBag from /home/airflow/.local/lib/python3.8/site-packages/airflow/example_dags/example_short_circuit_operator.py
[2023-12-22T19:04:21.877+0000] {processor.py:839} INFO - DAG(s) dict_keys(['example_short_circuit_operator']) retrieved from /home/airflow/.local/lib/python3.8/site-packages/airflow/example_dags/example_short_circuit_operator.py
[2023-12-22T19:04:21.929+0000] {logging_mixin.py:154} INFO - [2023-12-22T19:04:21.928+0000] {dag.py:2941} INFO - Sync 1 DAGs
[2023-12-22T19:04:21.965+0000] {logging_mixin.py:154} INFO - [2023-12-22T19:04:21.965+0000] {dag.py:3722} INFO - Setting next_dagrun for example_short_circuit_operator to 2023-12-21T19:04:21.965044+00:00, run_after=2023-12-22T19:04:21.965044+00:00
[2023-12-22T19:04:21.999+0000] {processor.py:179} INFO - Processing /home/airflow/.local/lib/python3.8/site-packages/airflow/example_dags/example_short_circuit_operator.py took 0.150 seconds
[2023-12-22T19:04:52.108+0000] {processor.py:157} INFO - Started process (PID=238) to work on /home/airflow/.local/lib/python3.8/site-packages/airflow/example_dags/example_short_circuit_operator.py
[2023-12-22T19:04:52.111+0000] {processor.py:829} INFO - Processing file /home/airflow/.local/lib/python3.8/site-packages/airflow/example_dags/example_short_circuit_operator.py for tasks to queue
[2023-12-22T19:04:52.116+0000] {logging_mixin.py:154} INFO - [2023-12-22T19:04:52.116+0000] {dagbag.py:536} INFO - Filling up the DagBag from /home/airflow/.local/lib/python3.8/site-packages/airflow/example_dags/example_short_circuit_operator.py
[2023-12-22T19:04:52.130+0000] {processor.py:839} INFO - DAG(s) dict_keys(['example_short_circuit_operator']) retrieved from /home/airflow/.local/lib/python3.8/site-packages/airflow/example_dags/example_short_circuit_operator.py
[2023-12-22T19:04:52.180+0000] {logging_mixin.py:154} INFO - [2023-12-22T19:04:52.180+0000] {dag.py:2941} INFO - Sync 1 DAGs
[2023-12-22T19:04:52.218+0000] {logging_mixin.py:154} INFO - [2023-12-22T19:04:52.218+0000] {dag.py:3722} INFO - Setting next_dagrun for example_short_circuit_operator to 2023-12-21T19:04:52.217710+00:00, run_after=2023-12-22T19:04:52.217710+00:00
[2023-12-22T19:04:52.257+0000] {processor.py:179} INFO - Processing /home/airflow/.local/lib/python3.8/site-packages/airflow/example_dags/example_short_circuit_operator.py took 0.155 seconds
[2023-12-22T19:05:22.414+0000] {processor.py:157} INFO - Started process (PID=294) to work on /home/airflow/.local/lib/python3.8/site-packages/airflow/example_dags/example_short_circuit_operator.py
[2023-12-22T19:05:22.418+0000] {processor.py:829} INFO - Processing file /home/airflow/.local/lib/python3.8/site-packages/airflow/example_dags/example_short_circuit_operator.py for tasks to queue
[2023-12-22T19:05:22.428+0000] {logging_mixin.py:154} INFO - [2023-12-22T19:05:22.428+0000] {dagbag.py:536} INFO - Filling up the DagBag from /home/airflow/.local/lib/python3.8/site-packages/airflow/example_dags/example_short_circuit_operator.py
[2023-12-22T19:05:22.447+0000] {processor.py:839} INFO - DAG(s) dict_keys(['example_short_circuit_operator']) retrieved from /home/airflow/.local/lib/python3.8/site-packages/airflow/example_dags/example_short_circuit_operator.py
[2023-12-22T19:05:22.499+0000] {logging_mixin.py:154} INFO - [2023-12-22T19:05:22.498+0000] {dag.py:2941} INFO - Sync 1 DAGs
[2023-12-22T19:05:22.533+0000] {logging_mixin.py:154} INFO - [2023-12-22T19:05:22.533+0000] {dag.py:3722} INFO - Setting next_dagrun for example_short_circuit_operator to 2023-12-21T19:05:22.532753+00:00, run_after=2023-12-22T19:05:22.532753+00:00
[2023-12-22T19:05:22.564+0000] {processor.py:179} INFO - Processing /home/airflow/.local/lib/python3.8/site-packages/airflow/example_dags/example_short_circuit_operator.py took 0.168 seconds
[2023-12-22T19:05:52.645+0000] {processor.py:157} INFO - Started process (PID=350) to work on /home/airflow/.local/lib/python3.8/site-packages/airflow/example_dags/example_short_circuit_operator.py
[2023-12-22T19:05:52.647+0000] {processor.py:829} INFO - Processing file /home/airflow/.local/lib/python3.8/site-packages/airflow/example_dags/example_short_circuit_operator.py for tasks to queue
[2023-12-22T19:05:52.651+0000] {logging_mixin.py:154} INFO - [2023-12-22T19:05:52.651+0000] {dagbag.py:536} INFO - Filling up the DagBag from /home/airflow/.local/lib/python3.8/site-packages/airflow/example_dags/example_short_circuit_operator.py
[2023-12-22T19:05:52.663+0000] {processor.py:839} INFO - DAG(s) dict_keys(['example_short_circuit_operator']) retrieved from /home/airflow/.local/lib/python3.8/site-packages/airflow/example_dags/example_short_circuit_operator.py
[2023-12-22T19:05:52.708+0000] {logging_mixin.py:154} INFO - [2023-12-22T19:05:52.708+0000] {dag.py:2941} INFO - Sync 1 DAGs
[2023-12-22T19:05:52.742+0000] {logging_mixin.py:154} INFO - [2023-12-22T19:05:52.742+0000] {dag.py:3722} INFO - Setting next_dagrun for example_short_circuit_operator to 2023-12-21T19:05:52.742127+00:00, run_after=2023-12-22T19:05:52.742127+00:00
[2023-12-22T19:05:52.774+0000] {processor.py:179} INFO - Processing /home/airflow/.local/lib/python3.8/site-packages/airflow/example_dags/example_short_circuit_operator.py took 0.135 seconds
[2023-12-22T19:06:23.365+0000] {processor.py:157} INFO - Started process (PID=406) to work on /home/airflow/.local/lib/python3.8/site-packages/airflow/example_dags/example_short_circuit_operator.py
[2023-12-22T19:06:23.367+0000] {processor.py:829} INFO - Processing file /home/airflow/.local/lib/python3.8/site-packages/airflow/example_dags/example_short_circuit_operator.py for tasks to queue
[2023-12-22T19:06:23.372+0000] {logging_mixin.py:154} INFO - [2023-12-22T19:06:23.371+0000] {dagbag.py:536} INFO - Filling up the DagBag from /home/airflow/.local/lib/python3.8/site-packages/airflow/example_dags/example_short_circuit_operator.py
[2023-12-22T19:06:23.387+0000] {processor.py:839} INFO - DAG(s) dict_keys(['example_short_circuit_operator']) retrieved from /home/airflow/.local/lib/python3.8/site-packages/airflow/example_dags/example_short_circuit_operator.py
[2023-12-22T19:06:23.429+0000] {logging_mixin.py:154} INFO - [2023-12-22T19:06:23.429+0000] {dag.py:2941} INFO - Sync 1 DAGs
[2023-12-22T19:06:23.467+0000] {logging_mixin.py:154} INFO - [2023-12-22T19:06:23.467+0000] {dag.py:3722} INFO - Setting next_dagrun for example_short_circuit_operator to 2023-12-21T19:06:23.467190+00:00, run_after=2023-12-22T19:06:23.467190+00:00
[2023-12-22T19:06:23.503+0000] {processor.py:179} INFO - Processing /home/airflow/.local/lib/python3.8/site-packages/airflow/example_dags/example_short_circuit_operator.py took 0.147 seconds
[2023-12-22T19:06:53.663+0000] {processor.py:157} INFO - Started process (PID=462) to work on /home/airflow/.local/lib/python3.8/site-packages/airflow/example_dags/example_short_circuit_operator.py
[2023-12-22T19:06:53.666+0000] {processor.py:829} INFO - Processing file /home/airflow/.local/lib/python3.8/site-packages/airflow/example_dags/example_short_circuit_operator.py for tasks to queue
[2023-12-22T19:06:53.671+0000] {logging_mixin.py:154} INFO - [2023-12-22T19:06:53.670+0000] {dagbag.py:536} INFO - Filling up the DagBag from /home/airflow/.local/lib/python3.8/site-packages/airflow/example_dags/example_short_circuit_operator.py
[2023-12-22T19:06:53.684+0000] {processor.py:839} INFO - DAG(s) dict_keys(['example_short_circuit_operator']) retrieved from /home/airflow/.local/lib/python3.8/site-packages/airflow/example_dags/example_short_circuit_operator.py
[2023-12-22T19:06:53.729+0000] {logging_mixin.py:154} INFO - [2023-12-22T19:06:53.729+0000] {dag.py:2941} INFO - Sync 1 DAGs
[2023-12-22T19:06:53.767+0000] {logging_mixin.py:154} INFO - [2023-12-22T19:06:53.767+0000] {dag.py:3722} INFO - Setting next_dagrun for example_short_circuit_operator to 2023-12-21T19:06:53.765096+00:00, run_after=2023-12-22T19:06:53.765096+00:00
[2023-12-22T19:06:53.805+0000] {processor.py:179} INFO - Processing /home/airflow/.local/lib/python3.8/site-packages/airflow/example_dags/example_short_circuit_operator.py took 0.149 seconds
[2023-12-22T19:07:23.907+0000] {processor.py:157} INFO - Started process (PID=518) to work on /home/airflow/.local/lib/python3.8/site-packages/airflow/example_dags/example_short_circuit_operator.py
[2023-12-22T19:07:23.909+0000] {processor.py:829} INFO - Processing file /home/airflow/.local/lib/python3.8/site-packages/airflow/example_dags/example_short_circuit_operator.py for tasks to queue
[2023-12-22T19:07:23.913+0000] {logging_mixin.py:154} INFO - [2023-12-22T19:07:23.913+0000] {dagbag.py:536} INFO - Filling up the DagBag from /home/airflow/.local/lib/python3.8/site-packages/airflow/example_dags/example_short_circuit_operator.py
[2023-12-22T19:07:23.925+0000] {processor.py:839} INFO - DAG(s) dict_keys(['example_short_circuit_operator']) retrieved from /home/airflow/.local/lib/python3.8/site-packages/airflow/example_dags/example_short_circuit_operator.py
[2023-12-22T19:07:23.967+0000] {logging_mixin.py:154} INFO - [2023-12-22T19:07:23.967+0000] {dag.py:2941} INFO - Sync 1 DAGs
[2023-12-22T19:07:24.001+0000] {logging_mixin.py:154} INFO - [2023-12-22T19:07:24.001+0000] {dag.py:3722} INFO - Setting next_dagrun for example_short_circuit_operator to 2023-12-21T19:07:24.000805+00:00, run_after=2023-12-22T19:07:24.000805+00:00
[2023-12-22T19:07:24.033+0000] {processor.py:179} INFO - Processing /home/airflow/.local/lib/python3.8/site-packages/airflow/example_dags/example_short_circuit_operator.py took 0.132 seconds
[2023-12-22T19:07:54.631+0000] {processor.py:157} INFO - Started process (PID=574) to work on /home/airflow/.local/lib/python3.8/site-packages/airflow/example_dags/example_short_circuit_operator.py
[2023-12-22T19:07:54.634+0000] {processor.py:829} INFO - Processing file /home/airflow/.local/lib/python3.8/site-packages/airflow/example_dags/example_short_circuit_operator.py for tasks to queue
[2023-12-22T19:07:54.638+0000] {logging_mixin.py:154} INFO - [2023-12-22T19:07:54.637+0000] {dagbag.py:536} INFO - Filling up the DagBag from /home/airflow/.local/lib/python3.8/site-packages/airflow/example_dags/example_short_circuit_operator.py
[2023-12-22T19:07:54.651+0000] {processor.py:839} INFO - DAG(s) dict_keys(['example_short_circuit_operator']) retrieved from /home/airflow/.local/lib/python3.8/site-packages/airflow/example_dags/example_short_circuit_operator.py
[2023-12-22T19:07:54.697+0000] {logging_mixin.py:154} INFO - [2023-12-22T19:07:54.697+0000] {dag.py:2941} INFO - Sync 1 DAGs
[2023-12-22T19:07:54.736+0000] {logging_mixin.py:154} INFO - [2023-12-22T19:07:54.735+0000] {dag.py:3722} INFO - Setting next_dagrun for example_short_circuit_operator to 2023-12-21T19:07:54.735305+00:00, run_after=2023-12-22T19:07:54.735305+00:00
[2023-12-22T19:07:54.771+0000] {processor.py:179} INFO - Processing /home/airflow/.local/lib/python3.8/site-packages/airflow/example_dags/example_short_circuit_operator.py took 0.147 seconds
[2023-12-22T19:08:24.991+0000] {processor.py:157} INFO - Started process (PID=630) to work on /home/airflow/.local/lib/python3.8/site-packages/airflow/example_dags/example_short_circuit_operator.py
[2023-12-22T19:08:24.993+0000] {processor.py:829} INFO - Processing file /home/airflow/.local/lib/python3.8/site-packages/airflow/example_dags/example_short_circuit_operator.py for tasks to queue
[2023-12-22T19:08:25.000+0000] {logging_mixin.py:154} INFO - [2023-12-22T19:08:24.999+0000] {dagbag.py:536} INFO - Filling up the DagBag from /home/airflow/.local/lib/python3.8/site-packages/airflow/example_dags/example_short_circuit_operator.py
[2023-12-22T19:08:25.018+0000] {processor.py:839} INFO - DAG(s) dict_keys(['example_short_circuit_operator']) retrieved from /home/airflow/.local/lib/python3.8/site-packages/airflow/example_dags/example_short_circuit_operator.py
[2023-12-22T19:08:25.055+0000] {logging_mixin.py:154} INFO - [2023-12-22T19:08:25.055+0000] {dag.py:2941} INFO - Sync 1 DAGs
[2023-12-22T19:08:25.100+0000] {logging_mixin.py:154} INFO - [2023-12-22T19:08:25.099+0000] {dag.py:3722} INFO - Setting next_dagrun for example_short_circuit_operator to 2023-12-21T19:08:25.099582+00:00, run_after=2023-12-22T19:08:25.099582+00:00
[2023-12-22T19:08:25.131+0000] {processor.py:179} INFO - Processing /home/airflow/.local/lib/python3.8/site-packages/airflow/example_dags/example_short_circuit_operator.py took 0.148 seconds
[2023-12-22T19:08:55.278+0000] {processor.py:157} INFO - Started process (PID=686) to work on /home/airflow/.local/lib/python3.8/site-packages/airflow/example_dags/example_short_circuit_operator.py
[2023-12-22T19:08:55.280+0000] {processor.py:829} INFO - Processing file /home/airflow/.local/lib/python3.8/site-packages/airflow/example_dags/example_short_circuit_operator.py for tasks to queue
[2023-12-22T19:08:55.284+0000] {logging_mixin.py:154} INFO - [2023-12-22T19:08:55.284+0000] {dagbag.py:536} INFO - Filling up the DagBag from /home/airflow/.local/lib/python3.8/site-packages/airflow/example_dags/example_short_circuit_operator.py
[2023-12-22T19:08:55.299+0000] {processor.py:839} INFO - DAG(s) dict_keys(['example_short_circuit_operator']) retrieved from /home/airflow/.local/lib/python3.8/site-packages/airflow/example_dags/example_short_circuit_operator.py
[2023-12-22T19:08:55.347+0000] {logging_mixin.py:154} INFO - [2023-12-22T19:08:55.347+0000] {dag.py:2941} INFO - Sync 1 DAGs
[2023-12-22T19:08:55.385+0000] {logging_mixin.py:154} INFO - [2023-12-22T19:08:55.385+0000] {dag.py:3722} INFO - Setting next_dagrun for example_short_circuit_operator to 2023-12-21T19:08:55.385187+00:00, run_after=2023-12-22T19:08:55.385187+00:00
[2023-12-22T19:08:55.430+0000] {processor.py:179} INFO - Processing /home/airflow/.local/lib/python3.8/site-packages/airflow/example_dags/example_short_circuit_operator.py took 0.159 seconds
[2023-12-22T19:09:25.725+0000] {processor.py:157} INFO - Started process (PID=742) to work on /home/airflow/.local/lib/python3.8/site-packages/airflow/example_dags/example_short_circuit_operator.py
[2023-12-22T19:09:25.728+0000] {processor.py:829} INFO - Processing file /home/airflow/.local/lib/python3.8/site-packages/airflow/example_dags/example_short_circuit_operator.py for tasks to queue
[2023-12-22T19:09:25.732+0000] {logging_mixin.py:154} INFO - [2023-12-22T19:09:25.731+0000] {dagbag.py:536} INFO - Filling up the DagBag from /home/airflow/.local/lib/python3.8/site-packages/airflow/example_dags/example_short_circuit_operator.py
[2023-12-22T19:09:25.744+0000] {processor.py:839} INFO - DAG(s) dict_keys(['example_short_circuit_operator']) retrieved from /home/airflow/.local/lib/python3.8/site-packages/airflow/example_dags/example_short_circuit_operator.py
[2023-12-22T19:09:25.790+0000] {logging_mixin.py:154} INFO - [2023-12-22T19:09:25.790+0000] {dag.py:2941} INFO - Sync 1 DAGs
[2023-12-22T19:09:25.825+0000] {logging_mixin.py:154} INFO - [2023-12-22T19:09:25.825+0000] {dag.py:3722} INFO - Setting next_dagrun for example_short_circuit_operator to 2023-12-21T19:09:25.824429+00:00, run_after=2023-12-22T19:09:25.824429+00:00
[2023-12-22T19:09:25.868+0000] {processor.py:179} INFO - Processing /home/airflow/.local/lib/python3.8/site-packages/airflow/example_dags/example_short_circuit_operator.py took 0.149 seconds
[2023-12-22T19:09:56.426+0000] {processor.py:157} INFO - Started process (PID=797) to work on /home/airflow/.local/lib/python3.8/site-packages/airflow/example_dags/example_short_circuit_operator.py
[2023-12-22T19:09:56.429+0000] {processor.py:829} INFO - Processing file /home/airflow/.local/lib/python3.8/site-packages/airflow/example_dags/example_short_circuit_operator.py for tasks to queue
[2023-12-22T19:09:56.432+0000] {logging_mixin.py:154} INFO - [2023-12-22T19:09:56.432+0000] {dagbag.py:536} INFO - Filling up the DagBag from /home/airflow/.local/lib/python3.8/site-packages/airflow/example_dags/example_short_circuit_operator.py
[2023-12-22T19:09:56.445+0000] {processor.py:839} INFO - DAG(s) dict_keys(['example_short_circuit_operator']) retrieved from /home/airflow/.local/lib/python3.8/site-packages/airflow/example_dags/example_short_circuit_operator.py
[2023-12-22T19:09:56.482+0000] {logging_mixin.py:154} INFO - [2023-12-22T19:09:56.481+0000] {dag.py:2941} INFO - Sync 1 DAGs
[2023-12-22T19:09:56.517+0000] {logging_mixin.py:154} INFO - [2023-12-22T19:09:56.517+0000] {dag.py:3722} INFO - Setting next_dagrun for example_short_circuit_operator to 2023-12-21T19:09:56.516792+00:00, run_after=2023-12-22T19:09:56.516792+00:00
[2023-12-22T19:09:56.551+0000] {processor.py:179} INFO - Processing /home/airflow/.local/lib/python3.8/site-packages/airflow/example_dags/example_short_circuit_operator.py took 0.135 seconds
[2023-12-22T19:10:26.665+0000] {processor.py:157} INFO - Started process (PID=854) to work on /home/airflow/.local/lib/python3.8/site-packages/airflow/example_dags/example_short_circuit_operator.py
[2023-12-22T19:10:26.668+0000] {processor.py:829} INFO - Processing file /home/airflow/.local/lib/python3.8/site-packages/airflow/example_dags/example_short_circuit_operator.py for tasks to queue
[2023-12-22T19:10:26.677+0000] {logging_mixin.py:154} INFO - [2023-12-22T19:10:26.677+0000] {dagbag.py:536} INFO - Filling up the DagBag from /home/airflow/.local/lib/python3.8/site-packages/airflow/example_dags/example_short_circuit_operator.py
[2023-12-22T19:10:26.696+0000] {processor.py:839} INFO - DAG(s) dict_keys(['example_short_circuit_operator']) retrieved from /home/airflow/.local/lib/python3.8/site-packages/airflow/example_dags/example_short_circuit_operator.py
[2023-12-22T19:10:26.753+0000] {logging_mixin.py:154} INFO - [2023-12-22T19:10:26.753+0000] {dag.py:2941} INFO - Sync 1 DAGs
[2023-12-22T19:10:26.805+0000] {logging_mixin.py:154} INFO - [2023-12-22T19:10:26.805+0000] {dag.py:3722} INFO - Setting next_dagrun for example_short_circuit_operator to 2023-12-21T19:10:26.805191+00:00, run_after=2023-12-22T19:10:26.805191+00:00
[2023-12-22T19:10:26.858+0000] {processor.py:179} INFO - Processing /home/airflow/.local/lib/python3.8/site-packages/airflow/example_dags/example_short_circuit_operator.py took 0.202 seconds
[2023-12-22T19:10:57.007+0000] {processor.py:157} INFO - Started process (PID=910) to work on /home/airflow/.local/lib/python3.8/site-packages/airflow/example_dags/example_short_circuit_operator.py
[2023-12-22T19:10:57.009+0000] {processor.py:829} INFO - Processing file /home/airflow/.local/lib/python3.8/site-packages/airflow/example_dags/example_short_circuit_operator.py for tasks to queue
[2023-12-22T19:10:57.014+0000] {logging_mixin.py:154} INFO - [2023-12-22T19:10:57.014+0000] {dagbag.py:536} INFO - Filling up the DagBag from /home/airflow/.local/lib/python3.8/site-packages/airflow/example_dags/example_short_circuit_operator.py
[2023-12-22T19:10:57.027+0000] {processor.py:839} INFO - DAG(s) dict_keys(['example_short_circuit_operator']) retrieved from /home/airflow/.local/lib/python3.8/site-packages/airflow/example_dags/example_short_circuit_operator.py
[2023-12-22T19:10:57.070+0000] {logging_mixin.py:154} INFO - [2023-12-22T19:10:57.070+0000] {dag.py:2941} INFO - Sync 1 DAGs
[2023-12-22T19:10:57.104+0000] {logging_mixin.py:154} INFO - [2023-12-22T19:10:57.104+0000] {dag.py:3722} INFO - Setting next_dagrun for example_short_circuit_operator to 2023-12-21T19:10:57.103736+00:00, run_after=2023-12-22T19:10:57.103736+00:00
[2023-12-22T19:10:57.136+0000] {processor.py:179} INFO - Processing /home/airflow/.local/lib/python3.8/site-packages/airflow/example_dags/example_short_circuit_operator.py took 0.135 seconds
[2023-12-22T19:11:27.594+0000] {processor.py:157} INFO - Started process (PID=966) to work on /home/airflow/.local/lib/python3.8/site-packages/airflow/example_dags/example_short_circuit_operator.py
[2023-12-22T19:11:27.596+0000] {processor.py:829} INFO - Processing file /home/airflow/.local/lib/python3.8/site-packages/airflow/example_dags/example_short_circuit_operator.py for tasks to queue
[2023-12-22T19:11:27.601+0000] {logging_mixin.py:154} INFO - [2023-12-22T19:11:27.600+0000] {dagbag.py:536} INFO - Filling up the DagBag from /home/airflow/.local/lib/python3.8/site-packages/airflow/example_dags/example_short_circuit_operator.py
[2023-12-22T19:11:27.613+0000] {processor.py:839} INFO - DAG(s) dict_keys(['example_short_circuit_operator']) retrieved from /home/airflow/.local/lib/python3.8/site-packages/airflow/example_dags/example_short_circuit_operator.py
[2023-12-22T19:11:27.656+0000] {logging_mixin.py:154} INFO - [2023-12-22T19:11:27.656+0000] {dag.py:2941} INFO - Sync 1 DAGs
[2023-12-22T19:11:27.690+0000] {logging_mixin.py:154} INFO - [2023-12-22T19:11:27.690+0000] {dag.py:3722} INFO - Setting next_dagrun for example_short_circuit_operator to 2023-12-21T19:11:27.689923+00:00, run_after=2023-12-22T19:11:27.689923+00:00
[2023-12-22T19:11:27.721+0000] {processor.py:179} INFO - Processing /home/airflow/.local/lib/python3.8/site-packages/airflow/example_dags/example_short_circuit_operator.py took 0.133 seconds
[2023-12-22T19:11:58.028+0000] {processor.py:157} INFO - Started process (PID=1022) to work on /home/airflow/.local/lib/python3.8/site-packages/airflow/example_dags/example_short_circuit_operator.py
[2023-12-22T19:11:58.030+0000] {processor.py:829} INFO - Processing file /home/airflow/.local/lib/python3.8/site-packages/airflow/example_dags/example_short_circuit_operator.py for tasks to queue
[2023-12-22T19:11:58.035+0000] {logging_mixin.py:154} INFO - [2023-12-22T19:11:58.034+0000] {dagbag.py:536} INFO - Filling up the DagBag from /home/airflow/.local/lib/python3.8/site-packages/airflow/example_dags/example_short_circuit_operator.py
[2023-12-22T19:11:58.048+0000] {processor.py:839} INFO - DAG(s) dict_keys(['example_short_circuit_operator']) retrieved from /home/airflow/.local/lib/python3.8/site-packages/airflow/example_dags/example_short_circuit_operator.py
[2023-12-22T19:11:58.090+0000] {logging_mixin.py:154} INFO - [2023-12-22T19:11:58.090+0000] {dag.py:2941} INFO - Sync 1 DAGs
[2023-12-22T19:11:58.125+0000] {logging_mixin.py:154} INFO - [2023-12-22T19:11:58.124+0000] {dag.py:3722} INFO - Setting next_dagrun for example_short_circuit_operator to 2023-12-21T19:11:58.124470+00:00, run_after=2023-12-22T19:11:58.124470+00:00
[2023-12-22T19:11:58.159+0000] {processor.py:179} INFO - Processing /home/airflow/.local/lib/python3.8/site-packages/airflow/example_dags/example_short_circuit_operator.py took 0.137 seconds
[2023-12-22T19:12:28.535+0000] {processor.py:157} INFO - Started process (PID=1079) to work on /home/airflow/.local/lib/python3.8/site-packages/airflow/example_dags/example_short_circuit_operator.py
[2023-12-22T19:12:28.537+0000] {processor.py:829} INFO - Processing file /home/airflow/.local/lib/python3.8/site-packages/airflow/example_dags/example_short_circuit_operator.py for tasks to queue
[2023-12-22T19:12:28.542+0000] {logging_mixin.py:154} INFO - [2023-12-22T19:12:28.542+0000] {dagbag.py:536} INFO - Filling up the DagBag from /home/airflow/.local/lib/python3.8/site-packages/airflow/example_dags/example_short_circuit_operator.py
[2023-12-22T19:12:28.555+0000] {processor.py:839} INFO - DAG(s) dict_keys(['example_short_circuit_operator']) retrieved from /home/airflow/.local/lib/python3.8/site-packages/airflow/example_dags/example_short_circuit_operator.py
[2023-12-22T19:12:28.593+0000] {logging_mixin.py:154} INFO - [2023-12-22T19:12:28.593+0000] {dag.py:2941} INFO - Sync 1 DAGs
[2023-12-22T19:12:28.629+0000] {logging_mixin.py:154} INFO - [2023-12-22T19:12:28.629+0000] {dag.py:3722} INFO - Setting next_dagrun for example_short_circuit_operator to 2023-12-21T19:12:28.629297+00:00, run_after=2023-12-22T19:12:28.629297+00:00
[2023-12-22T19:12:28.670+0000] {processor.py:179} INFO - Processing /home/airflow/.local/lib/python3.8/site-packages/airflow/example_dags/example_short_circuit_operator.py took 0.141 seconds
[2023-12-22T19:12:58.834+0000] {processor.py:157} INFO - Started process (PID=1135) to work on /home/airflow/.local/lib/python3.8/site-packages/airflow/example_dags/example_short_circuit_operator.py
[2023-12-22T19:12:58.836+0000] {processor.py:829} INFO - Processing file /home/airflow/.local/lib/python3.8/site-packages/airflow/example_dags/example_short_circuit_operator.py for tasks to queue
[2023-12-22T19:12:58.840+0000] {logging_mixin.py:154} INFO - [2023-12-22T19:12:58.840+0000] {dagbag.py:536} INFO - Filling up the DagBag from /home/airflow/.local/lib/python3.8/site-packages/airflow/example_dags/example_short_circuit_operator.py
[2023-12-22T19:12:58.853+0000] {processor.py:839} INFO - DAG(s) dict_keys(['example_short_circuit_operator']) retrieved from /home/airflow/.local/lib/python3.8/site-packages/airflow/example_dags/example_short_circuit_operator.py
[2023-12-22T19:12:58.891+0000] {logging_mixin.py:154} INFO - [2023-12-22T19:12:58.890+0000] {dag.py:2941} INFO - Sync 1 DAGs
[2023-12-22T19:12:58.925+0000] {logging_mixin.py:154} INFO - [2023-12-22T19:12:58.925+0000] {dag.py:3722} INFO - Setting next_dagrun for example_short_circuit_operator to 2023-12-21T19:12:58.924886+00:00, run_after=2023-12-22T19:12:58.924886+00:00
[2023-12-22T19:12:58.957+0000] {processor.py:179} INFO - Processing /home/airflow/.local/lib/python3.8/site-packages/airflow/example_dags/example_short_circuit_operator.py took 0.129 seconds
[2023-12-22T19:13:29.503+0000] {processor.py:157} INFO - Started process (PID=1191) to work on /home/airflow/.local/lib/python3.8/site-packages/airflow/example_dags/example_short_circuit_operator.py
[2023-12-22T19:13:29.505+0000] {processor.py:829} INFO - Processing file /home/airflow/.local/lib/python3.8/site-packages/airflow/example_dags/example_short_circuit_operator.py for tasks to queue
[2023-12-22T19:13:29.509+0000] {logging_mixin.py:154} INFO - [2023-12-22T19:13:29.509+0000] {dagbag.py:536} INFO - Filling up the DagBag from /home/airflow/.local/lib/python3.8/site-packages/airflow/example_dags/example_short_circuit_operator.py
[2023-12-22T19:13:29.521+0000] {processor.py:839} INFO - DAG(s) dict_keys(['example_short_circuit_operator']) retrieved from /home/airflow/.local/lib/python3.8/site-packages/airflow/example_dags/example_short_circuit_operator.py
[2023-12-22T19:13:29.562+0000] {logging_mixin.py:154} INFO - [2023-12-22T19:13:29.562+0000] {dag.py:2941} INFO - Sync 1 DAGs
[2023-12-22T19:13:29.595+0000] {logging_mixin.py:154} INFO - [2023-12-22T19:13:29.595+0000] {dag.py:3722} INFO - Setting next_dagrun for example_short_circuit_operator to 2023-12-21T19:13:29.595211+00:00, run_after=2023-12-22T19:13:29.595211+00:00
[2023-12-22T19:13:29.631+0000] {processor.py:179} INFO - Processing /home/airflow/.local/lib/python3.8/site-packages/airflow/example_dags/example_short_circuit_operator.py took 0.135 seconds
[2023-12-22T19:13:59.699+0000] {processor.py:157} INFO - Started process (PID=1247) to work on /home/airflow/.local/lib/python3.8/site-packages/airflow/example_dags/example_short_circuit_operator.py
[2023-12-22T19:13:59.701+0000] {processor.py:829} INFO - Processing file /home/airflow/.local/lib/python3.8/site-packages/airflow/example_dags/example_short_circuit_operator.py for tasks to queue
[2023-12-22T19:13:59.705+0000] {logging_mixin.py:154} INFO - [2023-12-22T19:13:59.705+0000] {dagbag.py:536} INFO - Filling up the DagBag from /home/airflow/.local/lib/python3.8/site-packages/airflow/example_dags/example_short_circuit_operator.py
[2023-12-22T19:13:59.718+0000] {processor.py:839} INFO - DAG(s) dict_keys(['example_short_circuit_operator']) retrieved from /home/airflow/.local/lib/python3.8/site-packages/airflow/example_dags/example_short_circuit_operator.py
[2023-12-22T19:13:59.756+0000] {logging_mixin.py:154} INFO - [2023-12-22T19:13:59.755+0000] {dag.py:2941} INFO - Sync 1 DAGs
[2023-12-22T19:13:59.791+0000] {logging_mixin.py:154} INFO - [2023-12-22T19:13:59.791+0000] {dag.py:3722} INFO - Setting next_dagrun for example_short_circuit_operator to 2023-12-21T19:13:59.790773+00:00, run_after=2023-12-22T19:13:59.790773+00:00
[2023-12-22T19:13:59.821+0000] {processor.py:179} INFO - Processing /home/airflow/.local/lib/python3.8/site-packages/airflow/example_dags/example_short_circuit_operator.py took 0.129 seconds
[2023-12-22T19:14:30.345+0000] {processor.py:157} INFO - Started process (PID=1304) to work on /home/airflow/.local/lib/python3.8/site-packages/airflow/example_dags/example_short_circuit_operator.py
[2023-12-22T19:14:30.348+0000] {processor.py:829} INFO - Processing file /home/airflow/.local/lib/python3.8/site-packages/airflow/example_dags/example_short_circuit_operator.py for tasks to queue
[2023-12-22T19:14:30.352+0000] {logging_mixin.py:154} INFO - [2023-12-22T19:14:30.352+0000] {dagbag.py:536} INFO - Filling up the DagBag from /home/airflow/.local/lib/python3.8/site-packages/airflow/example_dags/example_short_circuit_operator.py
[2023-12-22T19:14:30.364+0000] {processor.py:839} INFO - DAG(s) dict_keys(['example_short_circuit_operator']) retrieved from /home/airflow/.local/lib/python3.8/site-packages/airflow/example_dags/example_short_circuit_operator.py
[2023-12-22T19:14:30.413+0000] {logging_mixin.py:154} INFO - [2023-12-22T19:14:30.412+0000] {dag.py:2941} INFO - Sync 1 DAGs
[2023-12-22T19:14:30.448+0000] {logging_mixin.py:154} INFO - [2023-12-22T19:14:30.448+0000] {dag.py:3722} INFO - Setting next_dagrun for example_short_circuit_operator to 2023-12-21T19:14:30.447500+00:00, run_after=2023-12-22T19:14:30.447500+00:00
[2023-12-22T19:14:30.486+0000] {processor.py:179} INFO - Processing /home/airflow/.local/lib/python3.8/site-packages/airflow/example_dags/example_short_circuit_operator.py took 0.149 seconds
[2023-12-22T19:15:00.682+0000] {processor.py:157} INFO - Started process (PID=1360) to work on /home/airflow/.local/lib/python3.8/site-packages/airflow/example_dags/example_short_circuit_operator.py
[2023-12-22T19:15:00.684+0000] {processor.py:829} INFO - Processing file /home/airflow/.local/lib/python3.8/site-packages/airflow/example_dags/example_short_circuit_operator.py for tasks to queue
[2023-12-22T19:15:00.688+0000] {logging_mixin.py:154} INFO - [2023-12-22T19:15:00.688+0000] {dagbag.py:536} INFO - Filling up the DagBag from /home/airflow/.local/lib/python3.8/site-packages/airflow/example_dags/example_short_circuit_operator.py
[2023-12-22T19:15:00.700+0000] {processor.py:839} INFO - DAG(s) dict_keys(['example_short_circuit_operator']) retrieved from /home/airflow/.local/lib/python3.8/site-packages/airflow/example_dags/example_short_circuit_operator.py
[2023-12-22T19:15:00.741+0000] {logging_mixin.py:154} INFO - [2023-12-22T19:15:00.740+0000] {dag.py:2941} INFO - Sync 1 DAGs
[2023-12-22T19:15:00.782+0000] {logging_mixin.py:154} INFO - [2023-12-22T19:15:00.781+0000] {dag.py:3722} INFO - Setting next_dagrun for example_short_circuit_operator to 2023-12-21T19:15:00.779991+00:00, run_after=2023-12-22T19:15:00.779991+00:00
[2023-12-22T19:15:00.834+0000] {processor.py:179} INFO - Processing /home/airflow/.local/lib/python3.8/site-packages/airflow/example_dags/example_short_circuit_operator.py took 0.158 seconds
[2023-12-22T19:15:31.170+0000] {processor.py:157} INFO - Started process (PID=1416) to work on /home/airflow/.local/lib/python3.8/site-packages/airflow/example_dags/example_short_circuit_operator.py
[2023-12-22T19:15:31.172+0000] {processor.py:829} INFO - Processing file /home/airflow/.local/lib/python3.8/site-packages/airflow/example_dags/example_short_circuit_operator.py for tasks to queue
[2023-12-22T19:15:31.177+0000] {logging_mixin.py:154} INFO - [2023-12-22T19:15:31.176+0000] {dagbag.py:536} INFO - Filling up the DagBag from /home/airflow/.local/lib/python3.8/site-packages/airflow/example_dags/example_short_circuit_operator.py
[2023-12-22T19:15:31.189+0000] {processor.py:839} INFO - DAG(s) dict_keys(['example_short_circuit_operator']) retrieved from /home/airflow/.local/lib/python3.8/site-packages/airflow/example_dags/example_short_circuit_operator.py
[2023-12-22T19:15:31.227+0000] {logging_mixin.py:154} INFO - [2023-12-22T19:15:31.227+0000] {dag.py:2941} INFO - Sync 1 DAGs
[2023-12-22T19:15:31.264+0000] {logging_mixin.py:154} INFO - [2023-12-22T19:15:31.263+0000] {dag.py:3722} INFO - Setting next_dagrun for example_short_circuit_operator to 2023-12-21T19:15:31.263297+00:00, run_after=2023-12-22T19:15:31.263297+00:00
[2023-12-22T19:15:31.311+0000] {processor.py:179} INFO - Processing /home/airflow/.local/lib/python3.8/site-packages/airflow/example_dags/example_short_circuit_operator.py took 0.147 seconds
[2023-12-22T19:16:01.411+0000] {processor.py:157} INFO - Started process (PID=1472) to work on /home/airflow/.local/lib/python3.8/site-packages/airflow/example_dags/example_short_circuit_operator.py
[2023-12-22T19:16:01.415+0000] {processor.py:829} INFO - Processing file /home/airflow/.local/lib/python3.8/site-packages/airflow/example_dags/example_short_circuit_operator.py for tasks to queue
[2023-12-22T19:16:01.419+0000] {logging_mixin.py:154} INFO - [2023-12-22T19:16:01.419+0000] {dagbag.py:536} INFO - Filling up the DagBag from /home/airflow/.local/lib/python3.8/site-packages/airflow/example_dags/example_short_circuit_operator.py
[2023-12-22T19:16:01.434+0000] {processor.py:839} INFO - DAG(s) dict_keys(['example_short_circuit_operator']) retrieved from /home/airflow/.local/lib/python3.8/site-packages/airflow/example_dags/example_short_circuit_operator.py
[2023-12-22T19:16:01.477+0000] {logging_mixin.py:154} INFO - [2023-12-22T19:16:01.476+0000] {dag.py:2941} INFO - Sync 1 DAGs
[2023-12-22T19:16:01.512+0000] {logging_mixin.py:154} INFO - [2023-12-22T19:16:01.512+0000] {dag.py:3722} INFO - Setting next_dagrun for example_short_circuit_operator to 2023-12-21T19:16:01.512234+00:00, run_after=2023-12-22T19:16:01.512234+00:00
[2023-12-22T19:16:01.557+0000] {processor.py:179} INFO - Processing /home/airflow/.local/lib/python3.8/site-packages/airflow/example_dags/example_short_circuit_operator.py took 0.152 seconds
[2023-12-22T19:16:31.651+0000] {processor.py:157} INFO - Started process (PID=1528) to work on /home/airflow/.local/lib/python3.8/site-packages/airflow/example_dags/example_short_circuit_operator.py
[2023-12-22T19:16:31.653+0000] {processor.py:829} INFO - Processing file /home/airflow/.local/lib/python3.8/site-packages/airflow/example_dags/example_short_circuit_operator.py for tasks to queue
[2023-12-22T19:16:31.658+0000] {logging_mixin.py:154} INFO - [2023-12-22T19:16:31.657+0000] {dagbag.py:536} INFO - Filling up the DagBag from /home/airflow/.local/lib/python3.8/site-packages/airflow/example_dags/example_short_circuit_operator.py
[2023-12-22T19:16:31.670+0000] {processor.py:839} INFO - DAG(s) dict_keys(['example_short_circuit_operator']) retrieved from /home/airflow/.local/lib/python3.8/site-packages/airflow/example_dags/example_short_circuit_operator.py
[2023-12-22T19:16:31.709+0000] {logging_mixin.py:154} INFO - [2023-12-22T19:16:31.709+0000] {dag.py:2941} INFO - Sync 1 DAGs
[2023-12-22T19:16:31.759+0000] {logging_mixin.py:154} INFO - [2023-12-22T19:16:31.759+0000] {dag.py:3722} INFO - Setting next_dagrun for example_short_circuit_operator to 2023-12-21T19:16:31.758947+00:00, run_after=2023-12-22T19:16:31.758947+00:00
[2023-12-22T19:16:31.786+0000] {processor.py:179} INFO - Processing /home/airflow/.local/lib/python3.8/site-packages/airflow/example_dags/example_short_circuit_operator.py took 0.142 seconds
[2023-12-22T19:17:02.191+0000] {processor.py:157} INFO - Started process (PID=1582) to work on /home/airflow/.local/lib/python3.8/site-packages/airflow/example_dags/example_short_circuit_operator.py
[2023-12-22T19:17:02.194+0000] {processor.py:829} INFO - Processing file /home/airflow/.local/lib/python3.8/site-packages/airflow/example_dags/example_short_circuit_operator.py for tasks to queue
[2023-12-22T19:17:02.198+0000] {logging_mixin.py:154} INFO - [2023-12-22T19:17:02.198+0000] {dagbag.py:536} INFO - Filling up the DagBag from /home/airflow/.local/lib/python3.8/site-packages/airflow/example_dags/example_short_circuit_operator.py
[2023-12-22T19:17:02.211+0000] {processor.py:839} INFO - DAG(s) dict_keys(['example_short_circuit_operator']) retrieved from /home/airflow/.local/lib/python3.8/site-packages/airflow/example_dags/example_short_circuit_operator.py
[2023-12-22T19:17:02.247+0000] {logging_mixin.py:154} INFO - [2023-12-22T19:17:02.247+0000] {dag.py:2941} INFO - Sync 1 DAGs
[2023-12-22T19:17:02.280+0000] {logging_mixin.py:154} INFO - [2023-12-22T19:17:02.280+0000] {dag.py:3722} INFO - Setting next_dagrun for example_short_circuit_operator to 2023-12-21T19:17:02.280262+00:00, run_after=2023-12-22T19:17:02.280262+00:00
[2023-12-22T19:17:02.310+0000] {processor.py:179} INFO - Processing /home/airflow/.local/lib/python3.8/site-packages/airflow/example_dags/example_short_circuit_operator.py took 0.125 seconds
[2023-12-22T19:17:32.450+0000] {processor.py:157} INFO - Started process (PID=1638) to work on /home/airflow/.local/lib/python3.8/site-packages/airflow/example_dags/example_short_circuit_operator.py
[2023-12-22T19:17:32.452+0000] {processor.py:829} INFO - Processing file /home/airflow/.local/lib/python3.8/site-packages/airflow/example_dags/example_short_circuit_operator.py for tasks to queue
[2023-12-22T19:17:32.456+0000] {logging_mixin.py:154} INFO - [2023-12-22T19:17:32.456+0000] {dagbag.py:536} INFO - Filling up the DagBag from /home/airflow/.local/lib/python3.8/site-packages/airflow/example_dags/example_short_circuit_operator.py
[2023-12-22T19:17:32.468+0000] {processor.py:839} INFO - DAG(s) dict_keys(['example_short_circuit_operator']) retrieved from /home/airflow/.local/lib/python3.8/site-packages/airflow/example_dags/example_short_circuit_operator.py
[2023-12-22T19:17:32.506+0000] {logging_mixin.py:154} INFO - [2023-12-22T19:17:32.505+0000] {dag.py:2941} INFO - Sync 1 DAGs
[2023-12-22T19:17:32.540+0000] {logging_mixin.py:154} INFO - [2023-12-22T19:17:32.539+0000] {dag.py:3722} INFO - Setting next_dagrun for example_short_circuit_operator to 2023-12-21T19:17:32.539562+00:00, run_after=2023-12-22T19:17:32.539562+00:00
[2023-12-22T19:17:32.571+0000] {processor.py:179} INFO - Processing /home/airflow/.local/lib/python3.8/site-packages/airflow/example_dags/example_short_circuit_operator.py took 0.128 seconds
[2023-12-22T19:18:02.694+0000] {processor.py:157} INFO - Started process (PID=1694) to work on /home/airflow/.local/lib/python3.8/site-packages/airflow/example_dags/example_short_circuit_operator.py
[2023-12-22T19:18:02.698+0000] {processor.py:829} INFO - Processing file /home/airflow/.local/lib/python3.8/site-packages/airflow/example_dags/example_short_circuit_operator.py for tasks to queue
[2023-12-22T19:18:02.702+0000] {logging_mixin.py:154} INFO - [2023-12-22T19:18:02.701+0000] {dagbag.py:536} INFO - Filling up the DagBag from /home/airflow/.local/lib/python3.8/site-packages/airflow/example_dags/example_short_circuit_operator.py
[2023-12-22T19:18:02.715+0000] {processor.py:839} INFO - DAG(s) dict_keys(['example_short_circuit_operator']) retrieved from /home/airflow/.local/lib/python3.8/site-packages/airflow/example_dags/example_short_circuit_operator.py
[2023-12-22T19:18:02.754+0000] {logging_mixin.py:154} INFO - [2023-12-22T19:18:02.754+0000] {dag.py:2941} INFO - Sync 1 DAGs
[2023-12-22T19:18:02.788+0000] {logging_mixin.py:154} INFO - [2023-12-22T19:18:02.788+0000] {dag.py:3722} INFO - Setting next_dagrun for example_short_circuit_operator to 2023-12-21T19:18:02.787921+00:00, run_after=2023-12-22T19:18:02.787921+00:00
[2023-12-22T19:18:02.818+0000] {processor.py:179} INFO - Processing /home/airflow/.local/lib/python3.8/site-packages/airflow/example_dags/example_short_circuit_operator.py took 0.131 seconds
[2023-12-22T19:18:32.893+0000] {processor.py:157} INFO - Started process (PID=1751) to work on /home/airflow/.local/lib/python3.8/site-packages/airflow/example_dags/example_short_circuit_operator.py
[2023-12-22T19:18:32.895+0000] {processor.py:829} INFO - Processing file /home/airflow/.local/lib/python3.8/site-packages/airflow/example_dags/example_short_circuit_operator.py for tasks to queue
[2023-12-22T19:18:32.900+0000] {logging_mixin.py:154} INFO - [2023-12-22T19:18:32.899+0000] {dagbag.py:536} INFO - Filling up the DagBag from /home/airflow/.local/lib/python3.8/site-packages/airflow/example_dags/example_short_circuit_operator.py
[2023-12-22T19:18:32.913+0000] {processor.py:839} INFO - DAG(s) dict_keys(['example_short_circuit_operator']) retrieved from /home/airflow/.local/lib/python3.8/site-packages/airflow/example_dags/example_short_circuit_operator.py
[2023-12-22T19:18:32.952+0000] {logging_mixin.py:154} INFO - [2023-12-22T19:18:32.952+0000] {dag.py:2941} INFO - Sync 1 DAGs
[2023-12-22T19:18:32.986+0000] {logging_mixin.py:154} INFO - [2023-12-22T19:18:32.986+0000] {dag.py:3722} INFO - Setting next_dagrun for example_short_circuit_operator to 2023-12-21T19:18:32.985777+00:00, run_after=2023-12-22T19:18:32.985777+00:00
[2023-12-22T19:18:33.018+0000] {processor.py:179} INFO - Processing /home/airflow/.local/lib/python3.8/site-packages/airflow/example_dags/example_short_circuit_operator.py took 0.132 seconds
[2023-12-22T19:19:03.185+0000] {processor.py:157} INFO - Started process (PID=1807) to work on /home/airflow/.local/lib/python3.8/site-packages/airflow/example_dags/example_short_circuit_operator.py
[2023-12-22T19:19:03.188+0000] {processor.py:829} INFO - Processing file /home/airflow/.local/lib/python3.8/site-packages/airflow/example_dags/example_short_circuit_operator.py for tasks to queue
[2023-12-22T19:19:03.196+0000] {logging_mixin.py:154} INFO - [2023-12-22T19:19:03.195+0000] {dagbag.py:536} INFO - Filling up the DagBag from /home/airflow/.local/lib/python3.8/site-packages/airflow/example_dags/example_short_circuit_operator.py
[2023-12-22T19:19:03.213+0000] {processor.py:839} INFO - DAG(s) dict_keys(['example_short_circuit_operator']) retrieved from /home/airflow/.local/lib/python3.8/site-packages/airflow/example_dags/example_short_circuit_operator.py
[2023-12-22T19:19:03.285+0000] {logging_mixin.py:154} INFO - [2023-12-22T19:19:03.285+0000] {dag.py:2941} INFO - Sync 1 DAGs
[2023-12-22T19:19:03.324+0000] {logging_mixin.py:154} INFO - [2023-12-22T19:19:03.324+0000] {dag.py:3722} INFO - Setting next_dagrun for example_short_circuit_operator to 2023-12-21T19:19:03.323815+00:00, run_after=2023-12-22T19:19:03.323815+00:00
[2023-12-22T19:19:03.354+0000] {processor.py:179} INFO - Processing /home/airflow/.local/lib/python3.8/site-packages/airflow/example_dags/example_short_circuit_operator.py took 0.176 seconds
[2023-12-22T19:19:33.775+0000] {processor.py:157} INFO - Started process (PID=1863) to work on /home/airflow/.local/lib/python3.8/site-packages/airflow/example_dags/example_short_circuit_operator.py
[2023-12-22T19:19:33.777+0000] {processor.py:829} INFO - Processing file /home/airflow/.local/lib/python3.8/site-packages/airflow/example_dags/example_short_circuit_operator.py for tasks to queue
[2023-12-22T19:19:33.781+0000] {logging_mixin.py:154} INFO - [2023-12-22T19:19:33.781+0000] {dagbag.py:536} INFO - Filling up the DagBag from /home/airflow/.local/lib/python3.8/site-packages/airflow/example_dags/example_short_circuit_operator.py
[2023-12-22T19:19:33.793+0000] {processor.py:839} INFO - DAG(s) dict_keys(['example_short_circuit_operator']) retrieved from /home/airflow/.local/lib/python3.8/site-packages/airflow/example_dags/example_short_circuit_operator.py
[2023-12-22T19:19:33.832+0000] {logging_mixin.py:154} INFO - [2023-12-22T19:19:33.831+0000] {dag.py:2941} INFO - Sync 1 DAGs
[2023-12-22T19:19:33.865+0000] {logging_mixin.py:154} INFO - [2023-12-22T19:19:33.865+0000] {dag.py:3722} INFO - Setting next_dagrun for example_short_circuit_operator to 2023-12-21T19:19:33.865246+00:00, run_after=2023-12-22T19:19:33.865246+00:00
[2023-12-22T19:19:33.898+0000] {processor.py:179} INFO - Processing /home/airflow/.local/lib/python3.8/site-packages/airflow/example_dags/example_short_circuit_operator.py took 0.129 seconds
[2023-12-22T19:20:04.009+0000] {processor.py:157} INFO - Started process (PID=1919) to work on /home/airflow/.local/lib/python3.8/site-packages/airflow/example_dags/example_short_circuit_operator.py
[2023-12-22T19:20:04.011+0000] {processor.py:829} INFO - Processing file /home/airflow/.local/lib/python3.8/site-packages/airflow/example_dags/example_short_circuit_operator.py for tasks to queue
[2023-12-22T19:20:04.016+0000] {logging_mixin.py:154} INFO - [2023-12-22T19:20:04.015+0000] {dagbag.py:536} INFO - Filling up the DagBag from /home/airflow/.local/lib/python3.8/site-packages/airflow/example_dags/example_short_circuit_operator.py
[2023-12-22T19:20:04.028+0000] {processor.py:839} INFO - DAG(s) dict_keys(['example_short_circuit_operator']) retrieved from /home/airflow/.local/lib/python3.8/site-packages/airflow/example_dags/example_short_circuit_operator.py
[2023-12-22T19:20:04.069+0000] {logging_mixin.py:154} INFO - [2023-12-22T19:20:04.069+0000] {dag.py:2941} INFO - Sync 1 DAGs
[2023-12-22T19:20:04.103+0000] {logging_mixin.py:154} INFO - [2023-12-22T19:20:04.103+0000] {dag.py:3722} INFO - Setting next_dagrun for example_short_circuit_operator to 2023-12-21T19:20:04.102677+00:00, run_after=2023-12-22T19:20:04.102677+00:00
[2023-12-22T19:20:04.137+0000] {processor.py:179} INFO - Processing /home/airflow/.local/lib/python3.8/site-packages/airflow/example_dags/example_short_circuit_operator.py took 0.135 seconds
[2023-12-22T19:20:34.655+0000] {processor.py:157} INFO - Started process (PID=1975) to work on /home/airflow/.local/lib/python3.8/site-packages/airflow/example_dags/example_short_circuit_operator.py
[2023-12-22T19:20:34.664+0000] {processor.py:829} INFO - Processing file /home/airflow/.local/lib/python3.8/site-packages/airflow/example_dags/example_short_circuit_operator.py for tasks to queue
[2023-12-22T19:20:34.672+0000] {logging_mixin.py:154} INFO - [2023-12-22T19:20:34.672+0000] {dagbag.py:536} INFO - Filling up the DagBag from /home/airflow/.local/lib/python3.8/site-packages/airflow/example_dags/example_short_circuit_operator.py
[2023-12-22T19:20:34.692+0000] {processor.py:839} INFO - DAG(s) dict_keys(['example_short_circuit_operator']) retrieved from /home/airflow/.local/lib/python3.8/site-packages/airflow/example_dags/example_short_circuit_operator.py
[2023-12-22T19:20:34.749+0000] {logging_mixin.py:154} INFO - [2023-12-22T19:20:34.748+0000] {dag.py:2941} INFO - Sync 1 DAGs
[2023-12-22T19:20:34.802+0000] {logging_mixin.py:154} INFO - [2023-12-22T19:20:34.801+0000] {dag.py:3722} INFO - Setting next_dagrun for example_short_circuit_operator to 2023-12-21T19:20:34.801227+00:00, run_after=2023-12-22T19:20:34.801227+00:00
[2023-12-22T19:20:34.844+0000] {processor.py:179} INFO - Processing /home/airflow/.local/lib/python3.8/site-packages/airflow/example_dags/example_short_circuit_operator.py took 0.198 seconds
[2023-12-22T20:14:14.396+0000] {processor.py:157} INFO - Started process (PID=69) to work on /home/airflow/.local/lib/python3.8/site-packages/airflow/example_dags/example_short_circuit_operator.py
[2023-12-22T20:14:14.409+0000] {processor.py:829} INFO - Processing file /home/airflow/.local/lib/python3.8/site-packages/airflow/example_dags/example_short_circuit_operator.py for tasks to queue
[2023-12-22T20:14:14.414+0000] {logging_mixin.py:154} INFO - [2023-12-22T20:14:14.413+0000] {dagbag.py:536} INFO - Filling up the DagBag from /home/airflow/.local/lib/python3.8/site-packages/airflow/example_dags/example_short_circuit_operator.py
[2023-12-22T20:14:14.514+0000] {processor.py:839} INFO - DAG(s) dict_keys(['example_short_circuit_operator']) retrieved from /home/airflow/.local/lib/python3.8/site-packages/airflow/example_dags/example_short_circuit_operator.py
[2023-12-22T20:14:14.779+0000] {logging_mixin.py:154} INFO - [2023-12-22T20:14:14.779+0000] {dag.py:2941} INFO - Sync 1 DAGs
[2023-12-22T20:14:14.836+0000] {logging_mixin.py:154} INFO - [2023-12-22T20:14:14.836+0000] {dag.py:3722} INFO - Setting next_dagrun for example_short_circuit_operator to 2023-12-21T20:14:14.835822+00:00, run_after=2023-12-22T20:14:14.835822+00:00
[2023-12-22T20:14:14.890+0000] {processor.py:179} INFO - Processing /home/airflow/.local/lib/python3.8/site-packages/airflow/example_dags/example_short_circuit_operator.py took 0.501 seconds
[2023-12-22T20:14:45.453+0000] {processor.py:157} INFO - Started process (PID=125) to work on /home/airflow/.local/lib/python3.8/site-packages/airflow/example_dags/example_short_circuit_operator.py
[2023-12-22T20:14:45.456+0000] {processor.py:829} INFO - Processing file /home/airflow/.local/lib/python3.8/site-packages/airflow/example_dags/example_short_circuit_operator.py for tasks to queue
[2023-12-22T20:14:45.461+0000] {logging_mixin.py:154} INFO - [2023-12-22T20:14:45.461+0000] {dagbag.py:536} INFO - Filling up the DagBag from /home/airflow/.local/lib/python3.8/site-packages/airflow/example_dags/example_short_circuit_operator.py
[2023-12-22T20:14:45.482+0000] {processor.py:839} INFO - DAG(s) dict_keys(['example_short_circuit_operator']) retrieved from /home/airflow/.local/lib/python3.8/site-packages/airflow/example_dags/example_short_circuit_operator.py
[2023-12-22T20:14:45.539+0000] {logging_mixin.py:154} INFO - [2023-12-22T20:14:45.539+0000] {dag.py:2941} INFO - Sync 1 DAGs
[2023-12-22T20:14:45.573+0000] {logging_mixin.py:154} INFO - [2023-12-22T20:14:45.573+0000] {dag.py:3722} INFO - Setting next_dagrun for example_short_circuit_operator to 2023-12-21T20:14:45.572639+00:00, run_after=2023-12-22T20:14:45.572639+00:00
[2023-12-22T20:14:45.620+0000] {processor.py:179} INFO - Processing /home/airflow/.local/lib/python3.8/site-packages/airflow/example_dags/example_short_circuit_operator.py took 0.179 seconds
[2023-12-22T20:15:15.812+0000] {processor.py:157} INFO - Started process (PID=181) to work on /home/airflow/.local/lib/python3.8/site-packages/airflow/example_dags/example_short_circuit_operator.py
[2023-12-22T20:15:15.814+0000] {processor.py:829} INFO - Processing file /home/airflow/.local/lib/python3.8/site-packages/airflow/example_dags/example_short_circuit_operator.py for tasks to queue
[2023-12-22T20:15:15.818+0000] {logging_mixin.py:154} INFO - [2023-12-22T20:15:15.818+0000] {dagbag.py:536} INFO - Filling up the DagBag from /home/airflow/.local/lib/python3.8/site-packages/airflow/example_dags/example_short_circuit_operator.py
[2023-12-22T20:15:15.830+0000] {processor.py:839} INFO - DAG(s) dict_keys(['example_short_circuit_operator']) retrieved from /home/airflow/.local/lib/python3.8/site-packages/airflow/example_dags/example_short_circuit_operator.py
[2023-12-22T20:15:15.871+0000] {logging_mixin.py:154} INFO - [2023-12-22T20:15:15.871+0000] {dag.py:2941} INFO - Sync 1 DAGs
[2023-12-22T20:15:15.905+0000] {logging_mixin.py:154} INFO - [2023-12-22T20:15:15.905+0000] {dag.py:3722} INFO - Setting next_dagrun for example_short_circuit_operator to 2023-12-21T20:15:15.905132+00:00, run_after=2023-12-22T20:15:15.905132+00:00
[2023-12-22T20:15:15.945+0000] {processor.py:179} INFO - Processing /home/airflow/.local/lib/python3.8/site-packages/airflow/example_dags/example_short_circuit_operator.py took 0.140 seconds
[2023-12-22T20:15:48.237+0000] {processor.py:157} INFO - Started process (PID=237) to work on /home/airflow/.local/lib/python3.8/site-packages/airflow/example_dags/example_short_circuit_operator.py
[2023-12-22T20:15:48.242+0000] {processor.py:829} INFO - Processing file /home/airflow/.local/lib/python3.8/site-packages/airflow/example_dags/example_short_circuit_operator.py for tasks to queue
[2023-12-22T20:15:48.256+0000] {logging_mixin.py:154} INFO - [2023-12-22T20:15:48.255+0000] {dagbag.py:536} INFO - Filling up the DagBag from /home/airflow/.local/lib/python3.8/site-packages/airflow/example_dags/example_short_circuit_operator.py
[2023-12-22T20:15:48.277+0000] {processor.py:839} INFO - DAG(s) dict_keys(['example_short_circuit_operator']) retrieved from /home/airflow/.local/lib/python3.8/site-packages/airflow/example_dags/example_short_circuit_operator.py
[2023-12-22T20:15:48.406+0000] {logging_mixin.py:154} INFO - [2023-12-22T20:15:48.406+0000] {dag.py:2941} INFO - Sync 1 DAGs
[2023-12-22T20:15:48.488+0000] {logging_mixin.py:154} INFO - [2023-12-22T20:15:48.483+0000] {dag.py:3722} INFO - Setting next_dagrun for example_short_circuit_operator to 2023-12-21T20:15:48.480405+00:00, run_after=2023-12-22T20:15:48.480405+00:00
[2023-12-22T20:15:48.550+0000] {processor.py:179} INFO - Processing /home/airflow/.local/lib/python3.8/site-packages/airflow/example_dags/example_short_circuit_operator.py took 0.326 seconds
[2023-12-22T20:17:53.585+0000] {processor.py:157} INFO - Started process (PID=63) to work on /home/airflow/.local/lib/python3.8/site-packages/airflow/example_dags/example_short_circuit_operator.py
[2023-12-22T20:17:53.588+0000] {processor.py:829} INFO - Processing file /home/airflow/.local/lib/python3.8/site-packages/airflow/example_dags/example_short_circuit_operator.py for tasks to queue
[2023-12-22T20:17:53.595+0000] {logging_mixin.py:154} INFO - [2023-12-22T20:17:53.594+0000] {dagbag.py:536} INFO - Filling up the DagBag from /home/airflow/.local/lib/python3.8/site-packages/airflow/example_dags/example_short_circuit_operator.py
[2023-12-22T20:17:53.615+0000] {processor.py:839} INFO - DAG(s) dict_keys(['example_short_circuit_operator']) retrieved from /home/airflow/.local/lib/python3.8/site-packages/airflow/example_dags/example_short_circuit_operator.py
[2023-12-22T20:17:53.664+0000] {logging_mixin.py:154} INFO - [2023-12-22T20:17:53.664+0000] {dag.py:2941} INFO - Sync 1 DAGs
[2023-12-22T20:17:53.777+0000] {logging_mixin.py:154} INFO - [2023-12-22T20:17:53.776+0000] {dag.py:3722} INFO - Setting next_dagrun for example_short_circuit_operator to 2023-12-21T20:17:53.773070+00:00, run_after=2023-12-22T20:17:53.773070+00:00
[2023-12-22T20:17:53.857+0000] {processor.py:179} INFO - Processing /home/airflow/.local/lib/python3.8/site-packages/airflow/example_dags/example_short_circuit_operator.py took 0.281 seconds
[2023-12-22T20:18:24.812+0000] {processor.py:157} INFO - Started process (PID=119) to work on /home/airflow/.local/lib/python3.8/site-packages/airflow/example_dags/example_short_circuit_operator.py
[2023-12-22T20:18:24.816+0000] {processor.py:829} INFO - Processing file /home/airflow/.local/lib/python3.8/site-packages/airflow/example_dags/example_short_circuit_operator.py for tasks to queue
[2023-12-22T20:18:24.821+0000] {logging_mixin.py:154} INFO - [2023-12-22T20:18:24.821+0000] {dagbag.py:536} INFO - Filling up the DagBag from /home/airflow/.local/lib/python3.8/site-packages/airflow/example_dags/example_short_circuit_operator.py
[2023-12-22T20:18:24.837+0000] {processor.py:839} INFO - DAG(s) dict_keys(['example_short_circuit_operator']) retrieved from /home/airflow/.local/lib/python3.8/site-packages/airflow/example_dags/example_short_circuit_operator.py
[2023-12-22T20:18:24.897+0000] {logging_mixin.py:154} INFO - [2023-12-22T20:18:24.896+0000] {dag.py:2941} INFO - Sync 1 DAGs
[2023-12-22T20:18:24.936+0000] {logging_mixin.py:154} INFO - [2023-12-22T20:18:24.936+0000] {dag.py:3722} INFO - Setting next_dagrun for example_short_circuit_operator to 2023-12-21T20:18:24.935778+00:00, run_after=2023-12-22T20:18:24.935778+00:00
[2023-12-22T20:18:24.982+0000] {processor.py:179} INFO - Processing /home/airflow/.local/lib/python3.8/site-packages/airflow/example_dags/example_short_circuit_operator.py took 0.177 seconds
[2023-12-22T20:18:55.903+0000] {processor.py:157} INFO - Started process (PID=175) to work on /home/airflow/.local/lib/python3.8/site-packages/airflow/example_dags/example_short_circuit_operator.py
[2023-12-22T20:18:55.906+0000] {processor.py:829} INFO - Processing file /home/airflow/.local/lib/python3.8/site-packages/airflow/example_dags/example_short_circuit_operator.py for tasks to queue
[2023-12-22T20:18:55.915+0000] {logging_mixin.py:154} INFO - [2023-12-22T20:18:55.913+0000] {dagbag.py:536} INFO - Filling up the DagBag from /home/airflow/.local/lib/python3.8/site-packages/airflow/example_dags/example_short_circuit_operator.py
[2023-12-22T20:18:55.935+0000] {processor.py:839} INFO - DAG(s) dict_keys(['example_short_circuit_operator']) retrieved from /home/airflow/.local/lib/python3.8/site-packages/airflow/example_dags/example_short_circuit_operator.py
[2023-12-22T20:18:55.977+0000] {logging_mixin.py:154} INFO - [2023-12-22T20:18:55.977+0000] {dag.py:2941} INFO - Sync 1 DAGs
[2023-12-22T20:18:56.018+0000] {logging_mixin.py:154} INFO - [2023-12-22T20:18:56.018+0000] {dag.py:3722} INFO - Setting next_dagrun for example_short_circuit_operator to 2023-12-21T20:18:56.017679+00:00, run_after=2023-12-22T20:18:56.017679+00:00
[2023-12-22T20:18:56.058+0000] {processor.py:179} INFO - Processing /home/airflow/.local/lib/python3.8/site-packages/airflow/example_dags/example_short_circuit_operator.py took 0.166 seconds
[2023-12-22T20:19:26.897+0000] {processor.py:157} INFO - Started process (PID=231) to work on /home/airflow/.local/lib/python3.8/site-packages/airflow/example_dags/example_short_circuit_operator.py
[2023-12-22T20:19:26.900+0000] {processor.py:829} INFO - Processing file /home/airflow/.local/lib/python3.8/site-packages/airflow/example_dags/example_short_circuit_operator.py for tasks to queue
[2023-12-22T20:19:26.911+0000] {logging_mixin.py:154} INFO - [2023-12-22T20:19:26.910+0000] {dagbag.py:536} INFO - Filling up the DagBag from /home/airflow/.local/lib/python3.8/site-packages/airflow/example_dags/example_short_circuit_operator.py
[2023-12-22T20:19:26.928+0000] {processor.py:839} INFO - DAG(s) dict_keys(['example_short_circuit_operator']) retrieved from /home/airflow/.local/lib/python3.8/site-packages/airflow/example_dags/example_short_circuit_operator.py
[2023-12-22T20:19:26.986+0000] {logging_mixin.py:154} INFO - [2023-12-22T20:19:26.986+0000] {dag.py:2941} INFO - Sync 1 DAGs
[2023-12-22T20:19:27.039+0000] {logging_mixin.py:154} INFO - [2023-12-22T20:19:27.038+0000] {dag.py:3722} INFO - Setting next_dagrun for example_short_circuit_operator to 2023-12-21T20:19:27.038422+00:00, run_after=2023-12-22T20:19:27.038422+00:00
[2023-12-22T20:19:27.084+0000] {processor.py:179} INFO - Processing /home/airflow/.local/lib/python3.8/site-packages/airflow/example_dags/example_short_circuit_operator.py took 0.202 seconds
[2023-12-22T20:19:57.214+0000] {processor.py:157} INFO - Started process (PID=287) to work on /home/airflow/.local/lib/python3.8/site-packages/airflow/example_dags/example_short_circuit_operator.py
[2023-12-22T20:19:57.218+0000] {processor.py:829} INFO - Processing file /home/airflow/.local/lib/python3.8/site-packages/airflow/example_dags/example_short_circuit_operator.py for tasks to queue
[2023-12-22T20:19:57.225+0000] {logging_mixin.py:154} INFO - [2023-12-22T20:19:57.224+0000] {dagbag.py:536} INFO - Filling up the DagBag from /home/airflow/.local/lib/python3.8/site-packages/airflow/example_dags/example_short_circuit_operator.py
[2023-12-22T20:19:57.241+0000] {processor.py:839} INFO - DAG(s) dict_keys(['example_short_circuit_operator']) retrieved from /home/airflow/.local/lib/python3.8/site-packages/airflow/example_dags/example_short_circuit_operator.py
[2023-12-22T20:19:57.283+0000] {logging_mixin.py:154} INFO - [2023-12-22T20:19:57.283+0000] {dag.py:2941} INFO - Sync 1 DAGs
[2023-12-22T20:19:57.320+0000] {logging_mixin.py:154} INFO - [2023-12-22T20:19:57.319+0000] {dag.py:3722} INFO - Setting next_dagrun for example_short_circuit_operator to 2023-12-21T20:19:57.319586+00:00, run_after=2023-12-22T20:19:57.319586+00:00
[2023-12-22T20:19:57.356+0000] {processor.py:179} INFO - Processing /home/airflow/.local/lib/python3.8/site-packages/airflow/example_dags/example_short_circuit_operator.py took 0.156 seconds
[2023-12-22T20:20:27.746+0000] {processor.py:157} INFO - Started process (PID=343) to work on /home/airflow/.local/lib/python3.8/site-packages/airflow/example_dags/example_short_circuit_operator.py
[2023-12-22T20:20:27.748+0000] {processor.py:829} INFO - Processing file /home/airflow/.local/lib/python3.8/site-packages/airflow/example_dags/example_short_circuit_operator.py for tasks to queue
[2023-12-22T20:20:27.752+0000] {logging_mixin.py:154} INFO - [2023-12-22T20:20:27.752+0000] {dagbag.py:536} INFO - Filling up the DagBag from /home/airflow/.local/lib/python3.8/site-packages/airflow/example_dags/example_short_circuit_operator.py
[2023-12-22T20:20:27.765+0000] {processor.py:839} INFO - DAG(s) dict_keys(['example_short_circuit_operator']) retrieved from /home/airflow/.local/lib/python3.8/site-packages/airflow/example_dags/example_short_circuit_operator.py
[2023-12-22T20:20:27.805+0000] {logging_mixin.py:154} INFO - [2023-12-22T20:20:27.805+0000] {dag.py:2941} INFO - Sync 1 DAGs
[2023-12-22T20:20:27.846+0000] {logging_mixin.py:154} INFO - [2023-12-22T20:20:27.846+0000] {dag.py:3722} INFO - Setting next_dagrun for example_short_circuit_operator to 2023-12-21T20:20:27.846008+00:00, run_after=2023-12-22T20:20:27.846008+00:00
[2023-12-22T20:20:27.882+0000] {processor.py:179} INFO - Processing /home/airflow/.local/lib/python3.8/site-packages/airflow/example_dags/example_short_circuit_operator.py took 0.143 seconds
[2023-12-22T20:20:58.353+0000] {processor.py:157} INFO - Started process (PID=399) to work on /home/airflow/.local/lib/python3.8/site-packages/airflow/example_dags/example_short_circuit_operator.py
[2023-12-22T20:20:58.356+0000] {processor.py:829} INFO - Processing file /home/airflow/.local/lib/python3.8/site-packages/airflow/example_dags/example_short_circuit_operator.py for tasks to queue
[2023-12-22T20:20:58.360+0000] {logging_mixin.py:154} INFO - [2023-12-22T20:20:58.360+0000] {dagbag.py:536} INFO - Filling up the DagBag from /home/airflow/.local/lib/python3.8/site-packages/airflow/example_dags/example_short_circuit_operator.py
[2023-12-22T20:20:58.373+0000] {processor.py:839} INFO - DAG(s) dict_keys(['example_short_circuit_operator']) retrieved from /home/airflow/.local/lib/python3.8/site-packages/airflow/example_dags/example_short_circuit_operator.py
[2023-12-22T20:20:58.414+0000] {logging_mixin.py:154} INFO - [2023-12-22T20:20:58.414+0000] {dag.py:2941} INFO - Sync 1 DAGs
[2023-12-22T20:20:58.448+0000] {logging_mixin.py:154} INFO - [2023-12-22T20:20:58.448+0000] {dag.py:3722} INFO - Setting next_dagrun for example_short_circuit_operator to 2023-12-21T20:20:58.448216+00:00, run_after=2023-12-22T20:20:58.448216+00:00
[2023-12-22T20:20:58.490+0000] {processor.py:179} INFO - Processing /home/airflow/.local/lib/python3.8/site-packages/airflow/example_dags/example_short_circuit_operator.py took 0.143 seconds
[2023-12-22T20:21:28.792+0000] {processor.py:157} INFO - Started process (PID=454) to work on /home/airflow/.local/lib/python3.8/site-packages/airflow/example_dags/example_short_circuit_operator.py
[2023-12-22T20:21:28.794+0000] {processor.py:829} INFO - Processing file /home/airflow/.local/lib/python3.8/site-packages/airflow/example_dags/example_short_circuit_operator.py for tasks to queue
[2023-12-22T20:21:28.798+0000] {logging_mixin.py:154} INFO - [2023-12-22T20:21:28.798+0000] {dagbag.py:536} INFO - Filling up the DagBag from /home/airflow/.local/lib/python3.8/site-packages/airflow/example_dags/example_short_circuit_operator.py
[2023-12-22T20:21:28.810+0000] {processor.py:839} INFO - DAG(s) dict_keys(['example_short_circuit_operator']) retrieved from /home/airflow/.local/lib/python3.8/site-packages/airflow/example_dags/example_short_circuit_operator.py
[2023-12-22T20:21:28.848+0000] {logging_mixin.py:154} INFO - [2023-12-22T20:21:28.848+0000] {dag.py:2941} INFO - Sync 1 DAGs
[2023-12-22T20:21:28.883+0000] {logging_mixin.py:154} INFO - [2023-12-22T20:21:28.882+0000] {dag.py:3722} INFO - Setting next_dagrun for example_short_circuit_operator to 2023-12-21T20:21:28.882467+00:00, run_after=2023-12-22T20:21:28.882467+00:00
[2023-12-22T20:21:28.921+0000] {processor.py:179} INFO - Processing /home/airflow/.local/lib/python3.8/site-packages/airflow/example_dags/example_short_circuit_operator.py took 0.135 seconds
[2023-12-22T20:21:59.423+0000] {processor.py:157} INFO - Started process (PID=510) to work on /home/airflow/.local/lib/python3.8/site-packages/airflow/example_dags/example_short_circuit_operator.py
[2023-12-22T20:21:59.426+0000] {processor.py:829} INFO - Processing file /home/airflow/.local/lib/python3.8/site-packages/airflow/example_dags/example_short_circuit_operator.py for tasks to queue
[2023-12-22T20:21:59.430+0000] {logging_mixin.py:154} INFO - [2023-12-22T20:21:59.430+0000] {dagbag.py:536} INFO - Filling up the DagBag from /home/airflow/.local/lib/python3.8/site-packages/airflow/example_dags/example_short_circuit_operator.py
[2023-12-22T20:21:59.444+0000] {processor.py:839} INFO - DAG(s) dict_keys(['example_short_circuit_operator']) retrieved from /home/airflow/.local/lib/python3.8/site-packages/airflow/example_dags/example_short_circuit_operator.py
[2023-12-22T20:21:59.483+0000] {logging_mixin.py:154} INFO - [2023-12-22T20:21:59.483+0000] {dag.py:2941} INFO - Sync 1 DAGs
[2023-12-22T20:21:59.517+0000] {logging_mixin.py:154} INFO - [2023-12-22T20:21:59.517+0000] {dag.py:3722} INFO - Setting next_dagrun for example_short_circuit_operator to 2023-12-21T20:21:59.517230+00:00, run_after=2023-12-22T20:21:59.517230+00:00
[2023-12-22T20:21:59.558+0000] {processor.py:179} INFO - Processing /home/airflow/.local/lib/python3.8/site-packages/airflow/example_dags/example_short_circuit_operator.py took 0.141 seconds
[2023-12-22T20:22:30.605+0000] {processor.py:157} INFO - Started process (PID=572) to work on /home/airflow/.local/lib/python3.8/site-packages/airflow/example_dags/example_short_circuit_operator.py
[2023-12-22T20:22:30.608+0000] {processor.py:829} INFO - Processing file /home/airflow/.local/lib/python3.8/site-packages/airflow/example_dags/example_short_circuit_operator.py for tasks to queue
[2023-12-22T20:22:30.618+0000] {logging_mixin.py:154} INFO - [2023-12-22T20:22:30.617+0000] {dagbag.py:536} INFO - Filling up the DagBag from /home/airflow/.local/lib/python3.8/site-packages/airflow/example_dags/example_short_circuit_operator.py
[2023-12-22T20:22:30.638+0000] {processor.py:839} INFO - DAG(s) dict_keys(['example_short_circuit_operator']) retrieved from /home/airflow/.local/lib/python3.8/site-packages/airflow/example_dags/example_short_circuit_operator.py
[2023-12-22T20:22:30.702+0000] {logging_mixin.py:154} INFO - [2023-12-22T20:22:30.702+0000] {dag.py:2941} INFO - Sync 1 DAGs
[2023-12-22T20:22:30.749+0000] {logging_mixin.py:154} INFO - [2023-12-22T20:22:30.748+0000] {dag.py:3722} INFO - Setting next_dagrun for example_short_circuit_operator to 2023-12-21T20:22:30.748464+00:00, run_after=2023-12-22T20:22:30.748464+00:00
[2023-12-22T20:22:30.780+0000] {processor.py:179} INFO - Processing /home/airflow/.local/lib/python3.8/site-packages/airflow/example_dags/example_short_circuit_operator.py took 0.184 seconds
[2023-12-22T20:23:25.257+0000] {processor.py:157} INFO - Started process (PID=650) to work on /home/airflow/.local/lib/python3.8/site-packages/airflow/example_dags/example_short_circuit_operator.py
[2023-12-22T20:23:25.261+0000] {processor.py:829} INFO - Processing file /home/airflow/.local/lib/python3.8/site-packages/airflow/example_dags/example_short_circuit_operator.py for tasks to queue
[2023-12-22T20:23:25.269+0000] {logging_mixin.py:154} INFO - [2023-12-22T20:23:25.268+0000] {dagbag.py:536} INFO - Filling up the DagBag from /home/airflow/.local/lib/python3.8/site-packages/airflow/example_dags/example_short_circuit_operator.py
[2023-12-22T20:23:25.300+0000] {processor.py:839} INFO - DAG(s) dict_keys(['example_short_circuit_operator']) retrieved from /home/airflow/.local/lib/python3.8/site-packages/airflow/example_dags/example_short_circuit_operator.py
[2023-12-22T20:23:25.535+0000] {logging_mixin.py:154} INFO - [2023-12-22T20:23:25.535+0000] {dag.py:2941} INFO - Sync 1 DAGs
[2023-12-22T20:23:26.037+0000] {logging_mixin.py:154} INFO - [2023-12-22T20:23:26.036+0000] {dag.py:3722} INFO - Setting next_dagrun for example_short_circuit_operator to 2023-12-21T20:23:26.028421+00:00, run_after=2023-12-22T20:23:26.028421+00:00
[2023-12-22T20:23:26.217+0000] {processor.py:179} INFO - Processing /home/airflow/.local/lib/python3.8/site-packages/airflow/example_dags/example_short_circuit_operator.py took 0.995 seconds
[2023-12-22T20:25:31.618+0000] {processor.py:157} INFO - Started process (PID=767) to work on /home/airflow/.local/lib/python3.8/site-packages/airflow/example_dags/example_short_circuit_operator.py
[2023-12-22T20:25:31.624+0000] {processor.py:829} INFO - Processing file /home/airflow/.local/lib/python3.8/site-packages/airflow/example_dags/example_short_circuit_operator.py for tasks to queue
[2023-12-22T20:25:31.636+0000] {logging_mixin.py:154} INFO - [2023-12-22T20:25:31.635+0000] {dagbag.py:536} INFO - Filling up the DagBag from /home/airflow/.local/lib/python3.8/site-packages/airflow/example_dags/example_short_circuit_operator.py
[2023-12-22T20:25:31.687+0000] {processor.py:839} INFO - DAG(s) dict_keys(['example_short_circuit_operator']) retrieved from /home/airflow/.local/lib/python3.8/site-packages/airflow/example_dags/example_short_circuit_operator.py
[2023-12-22T20:25:32.249+0000] {logging_mixin.py:154} INFO - [2023-12-22T20:25:32.215+0000] {dag.py:2941} INFO - Sync 1 DAGs
[2023-12-22T20:25:33.303+0000] {logging_mixin.py:154} INFO - [2023-12-22T20:25:33.300+0000] {dag.py:3722} INFO - Setting next_dagrun for example_short_circuit_operator to 2023-12-21T20:25:33.280280+00:00, run_after=2023-12-22T20:25:33.280280+00:00
[2023-12-22T20:25:34.526+0000] {processor.py:179} INFO - Processing /home/airflow/.local/lib/python3.8/site-packages/airflow/example_dags/example_short_circuit_operator.py took 2.928 seconds
