[2023-12-22T19:03:13.633+0000] {processor.py:157} INFO - Started process (PID=66) to work on /home/airflow/.local/lib/python3.8/site-packages/airflow/example_dags/example_bash_operator.py
[2023-12-22T19:03:13.641+0000] {processor.py:829} INFO - Processing file /home/airflow/.local/lib/python3.8/site-packages/airflow/example_dags/example_bash_operator.py for tasks to queue
[2023-12-22T19:03:13.663+0000] {logging_mixin.py:154} INFO - [2023-12-22T19:03:13.659+0000] {dagbag.py:536} INFO - Filling up the DagBag from /home/airflow/.local/lib/python3.8/site-packages/airflow/example_dags/example_bash_operator.py
[2023-12-22T19:03:13.797+0000] {processor.py:839} INFO - DAG(s) dict_keys(['example_bash_operator']) retrieved from /home/airflow/.local/lib/python3.8/site-packages/airflow/example_dags/example_bash_operator.py
[2023-12-22T19:03:14.039+0000] {logging_mixin.py:154} INFO - [2023-12-22T19:03:14.026+0000] {dag.py:2941} INFO - Sync 1 DAGs
[2023-12-22T19:03:14.193+0000] {logging_mixin.py:154} INFO - [2023-12-22T19:03:14.191+0000] {dag.py:3722} INFO - Setting next_dagrun for example_bash_operator to 2023-12-21T00:00:00+00:00, run_after=2023-12-22T00:00:00+00:00
[2023-12-22T19:03:14.322+0000] {processor.py:179} INFO - Processing /home/airflow/.local/lib/python3.8/site-packages/airflow/example_dags/example_bash_operator.py took 0.728 seconds
[2023-12-22T19:03:45.056+0000] {processor.py:157} INFO - Started process (PID=122) to work on /home/airflow/.local/lib/python3.8/site-packages/airflow/example_dags/example_bash_operator.py
[2023-12-22T19:03:45.073+0000] {processor.py:829} INFO - Processing file /home/airflow/.local/lib/python3.8/site-packages/airflow/example_dags/example_bash_operator.py for tasks to queue
[2023-12-22T19:03:45.156+0000] {logging_mixin.py:154} INFO - [2023-12-22T19:03:45.155+0000] {dagbag.py:536} INFO - Filling up the DagBag from /home/airflow/.local/lib/python3.8/site-packages/airflow/example_dags/example_bash_operator.py
[2023-12-22T19:03:45.334+0000] {processor.py:839} INFO - DAG(s) dict_keys(['example_bash_operator']) retrieved from /home/airflow/.local/lib/python3.8/site-packages/airflow/example_dags/example_bash_operator.py
[2023-12-22T19:03:45.415+0000] {logging_mixin.py:154} INFO - [2023-12-22T19:03:45.415+0000] {dag.py:2941} INFO - Sync 1 DAGs
[2023-12-22T19:03:45.467+0000] {logging_mixin.py:154} INFO - [2023-12-22T19:03:45.467+0000] {dag.py:3722} INFO - Setting next_dagrun for example_bash_operator to 2023-12-21T00:00:00+00:00, run_after=2023-12-22T00:00:00+00:00
[2023-12-22T19:03:45.511+0000] {processor.py:179} INFO - Processing /home/airflow/.local/lib/python3.8/site-packages/airflow/example_dags/example_bash_operator.py took 0.564 seconds
[2023-12-22T19:04:16.125+0000] {processor.py:157} INFO - Started process (PID=178) to work on /home/airflow/.local/lib/python3.8/site-packages/airflow/example_dags/example_bash_operator.py
[2023-12-22T19:04:16.130+0000] {processor.py:829} INFO - Processing file /home/airflow/.local/lib/python3.8/site-packages/airflow/example_dags/example_bash_operator.py for tasks to queue
[2023-12-22T19:04:16.137+0000] {logging_mixin.py:154} INFO - [2023-12-22T19:04:16.137+0000] {dagbag.py:536} INFO - Filling up the DagBag from /home/airflow/.local/lib/python3.8/site-packages/airflow/example_dags/example_bash_operator.py
[2023-12-22T19:04:16.163+0000] {processor.py:839} INFO - DAG(s) dict_keys(['example_bash_operator']) retrieved from /home/airflow/.local/lib/python3.8/site-packages/airflow/example_dags/example_bash_operator.py
[2023-12-22T19:04:16.220+0000] {logging_mixin.py:154} INFO - [2023-12-22T19:04:16.220+0000] {dag.py:2941} INFO - Sync 1 DAGs
[2023-12-22T19:04:16.263+0000] {logging_mixin.py:154} INFO - [2023-12-22T19:04:16.263+0000] {dag.py:3722} INFO - Setting next_dagrun for example_bash_operator to 2023-12-21T00:00:00+00:00, run_after=2023-12-22T00:00:00+00:00
[2023-12-22T19:04:16.293+0000] {processor.py:179} INFO - Processing /home/airflow/.local/lib/python3.8/site-packages/airflow/example_dags/example_bash_operator.py took 0.182 seconds
[2023-12-22T19:04:46.473+0000] {processor.py:157} INFO - Started process (PID=234) to work on /home/airflow/.local/lib/python3.8/site-packages/airflow/example_dags/example_bash_operator.py
[2023-12-22T19:04:46.476+0000] {processor.py:829} INFO - Processing file /home/airflow/.local/lib/python3.8/site-packages/airflow/example_dags/example_bash_operator.py for tasks to queue
[2023-12-22T19:04:46.480+0000] {logging_mixin.py:154} INFO - [2023-12-22T19:04:46.480+0000] {dagbag.py:536} INFO - Filling up the DagBag from /home/airflow/.local/lib/python3.8/site-packages/airflow/example_dags/example_bash_operator.py
[2023-12-22T19:04:46.501+0000] {processor.py:839} INFO - DAG(s) dict_keys(['example_bash_operator']) retrieved from /home/airflow/.local/lib/python3.8/site-packages/airflow/example_dags/example_bash_operator.py
[2023-12-22T19:04:46.568+0000] {logging_mixin.py:154} INFO - [2023-12-22T19:04:46.568+0000] {dag.py:2941} INFO - Sync 1 DAGs
[2023-12-22T19:04:46.610+0000] {logging_mixin.py:154} INFO - [2023-12-22T19:04:46.610+0000] {dag.py:3722} INFO - Setting next_dagrun for example_bash_operator to 2023-12-21T00:00:00+00:00, run_after=2023-12-22T00:00:00+00:00
[2023-12-22T19:04:46.651+0000] {processor.py:179} INFO - Processing /home/airflow/.local/lib/python3.8/site-packages/airflow/example_dags/example_bash_operator.py took 0.185 seconds
[2023-12-22T19:05:16.728+0000] {processor.py:157} INFO - Started process (PID=290) to work on /home/airflow/.local/lib/python3.8/site-packages/airflow/example_dags/example_bash_operator.py
[2023-12-22T19:05:16.732+0000] {processor.py:829} INFO - Processing file /home/airflow/.local/lib/python3.8/site-packages/airflow/example_dags/example_bash_operator.py for tasks to queue
[2023-12-22T19:05:16.742+0000] {logging_mixin.py:154} INFO - [2023-12-22T19:05:16.738+0000] {dagbag.py:536} INFO - Filling up the DagBag from /home/airflow/.local/lib/python3.8/site-packages/airflow/example_dags/example_bash_operator.py
[2023-12-22T19:05:16.764+0000] {processor.py:839} INFO - DAG(s) dict_keys(['example_bash_operator']) retrieved from /home/airflow/.local/lib/python3.8/site-packages/airflow/example_dags/example_bash_operator.py
[2023-12-22T19:05:16.814+0000] {logging_mixin.py:154} INFO - [2023-12-22T19:05:16.814+0000] {dag.py:2941} INFO - Sync 1 DAGs
[2023-12-22T19:05:16.852+0000] {logging_mixin.py:154} INFO - [2023-12-22T19:05:16.852+0000] {dag.py:3722} INFO - Setting next_dagrun for example_bash_operator to 2023-12-21T00:00:00+00:00, run_after=2023-12-22T00:00:00+00:00
[2023-12-22T19:05:16.889+0000] {processor.py:179} INFO - Processing /home/airflow/.local/lib/python3.8/site-packages/airflow/example_dags/example_bash_operator.py took 0.168 seconds
[2023-12-22T19:05:47.234+0000] {processor.py:157} INFO - Started process (PID=346) to work on /home/airflow/.local/lib/python3.8/site-packages/airflow/example_dags/example_bash_operator.py
[2023-12-22T19:05:47.237+0000] {processor.py:829} INFO - Processing file /home/airflow/.local/lib/python3.8/site-packages/airflow/example_dags/example_bash_operator.py for tasks to queue
[2023-12-22T19:05:47.242+0000] {logging_mixin.py:154} INFO - [2023-12-22T19:05:47.241+0000] {dagbag.py:536} INFO - Filling up the DagBag from /home/airflow/.local/lib/python3.8/site-packages/airflow/example_dags/example_bash_operator.py
[2023-12-22T19:05:47.268+0000] {processor.py:839} INFO - DAG(s) dict_keys(['example_bash_operator']) retrieved from /home/airflow/.local/lib/python3.8/site-packages/airflow/example_dags/example_bash_operator.py
[2023-12-22T19:05:47.324+0000] {logging_mixin.py:154} INFO - [2023-12-22T19:05:47.323+0000] {dag.py:2941} INFO - Sync 1 DAGs
[2023-12-22T19:05:47.360+0000] {logging_mixin.py:154} INFO - [2023-12-22T19:05:47.359+0000] {dag.py:3722} INFO - Setting next_dagrun for example_bash_operator to 2023-12-21T00:00:00+00:00, run_after=2023-12-22T00:00:00+00:00
[2023-12-22T19:05:47.390+0000] {processor.py:179} INFO - Processing /home/airflow/.local/lib/python3.8/site-packages/airflow/example_dags/example_bash_operator.py took 0.165 seconds
[2023-12-22T19:06:17.908+0000] {processor.py:157} INFO - Started process (PID=402) to work on /home/airflow/.local/lib/python3.8/site-packages/airflow/example_dags/example_bash_operator.py
[2023-12-22T19:06:17.911+0000] {processor.py:829} INFO - Processing file /home/airflow/.local/lib/python3.8/site-packages/airflow/example_dags/example_bash_operator.py for tasks to queue
[2023-12-22T19:06:17.919+0000] {logging_mixin.py:154} INFO - [2023-12-22T19:06:17.919+0000] {dagbag.py:536} INFO - Filling up the DagBag from /home/airflow/.local/lib/python3.8/site-packages/airflow/example_dags/example_bash_operator.py
[2023-12-22T19:06:17.942+0000] {processor.py:839} INFO - DAG(s) dict_keys(['example_bash_operator']) retrieved from /home/airflow/.local/lib/python3.8/site-packages/airflow/example_dags/example_bash_operator.py
[2023-12-22T19:06:18.018+0000] {logging_mixin.py:154} INFO - [2023-12-22T19:06:18.018+0000] {dag.py:2941} INFO - Sync 1 DAGs
[2023-12-22T19:06:18.062+0000] {logging_mixin.py:154} INFO - [2023-12-22T19:06:18.061+0000] {dag.py:3722} INFO - Setting next_dagrun for example_bash_operator to 2023-12-21T00:00:00+00:00, run_after=2023-12-22T00:00:00+00:00
[2023-12-22T19:06:18.092+0000] {processor.py:179} INFO - Processing /home/airflow/.local/lib/python3.8/site-packages/airflow/example_dags/example_bash_operator.py took 0.195 seconds
[2023-12-22T19:06:48.211+0000] {processor.py:157} INFO - Started process (PID=458) to work on /home/airflow/.local/lib/python3.8/site-packages/airflow/example_dags/example_bash_operator.py
[2023-12-22T19:06:48.214+0000] {processor.py:829} INFO - Processing file /home/airflow/.local/lib/python3.8/site-packages/airflow/example_dags/example_bash_operator.py for tasks to queue
[2023-12-22T19:06:48.220+0000] {logging_mixin.py:154} INFO - [2023-12-22T19:06:48.219+0000] {dagbag.py:536} INFO - Filling up the DagBag from /home/airflow/.local/lib/python3.8/site-packages/airflow/example_dags/example_bash_operator.py
[2023-12-22T19:06:48.257+0000] {processor.py:839} INFO - DAG(s) dict_keys(['example_bash_operator']) retrieved from /home/airflow/.local/lib/python3.8/site-packages/airflow/example_dags/example_bash_operator.py
[2023-12-22T19:06:48.329+0000] {logging_mixin.py:154} INFO - [2023-12-22T19:06:48.329+0000] {dag.py:2941} INFO - Sync 1 DAGs
[2023-12-22T19:06:48.376+0000] {logging_mixin.py:154} INFO - [2023-12-22T19:06:48.375+0000] {dag.py:3722} INFO - Setting next_dagrun for example_bash_operator to 2023-12-21T00:00:00+00:00, run_after=2023-12-22T00:00:00+00:00
[2023-12-22T19:06:48.411+0000] {processor.py:179} INFO - Processing /home/airflow/.local/lib/python3.8/site-packages/airflow/example_dags/example_bash_operator.py took 0.209 seconds
[2023-12-22T19:07:18.564+0000] {processor.py:157} INFO - Started process (PID=514) to work on /home/airflow/.local/lib/python3.8/site-packages/airflow/example_dags/example_bash_operator.py
[2023-12-22T19:07:18.566+0000] {processor.py:829} INFO - Processing file /home/airflow/.local/lib/python3.8/site-packages/airflow/example_dags/example_bash_operator.py for tasks to queue
[2023-12-22T19:07:18.571+0000] {logging_mixin.py:154} INFO - [2023-12-22T19:07:18.570+0000] {dagbag.py:536} INFO - Filling up the DagBag from /home/airflow/.local/lib/python3.8/site-packages/airflow/example_dags/example_bash_operator.py
[2023-12-22T19:07:18.590+0000] {processor.py:839} INFO - DAG(s) dict_keys(['example_bash_operator']) retrieved from /home/airflow/.local/lib/python3.8/site-packages/airflow/example_dags/example_bash_operator.py
[2023-12-22T19:07:18.646+0000] {logging_mixin.py:154} INFO - [2023-12-22T19:07:18.646+0000] {dag.py:2941} INFO - Sync 1 DAGs
[2023-12-22T19:07:18.684+0000] {logging_mixin.py:154} INFO - [2023-12-22T19:07:18.684+0000] {dag.py:3722} INFO - Setting next_dagrun for example_bash_operator to 2023-12-21T00:00:00+00:00, run_after=2023-12-22T00:00:00+00:00
[2023-12-22T19:07:18.712+0000] {processor.py:179} INFO - Processing /home/airflow/.local/lib/python3.8/site-packages/airflow/example_dags/example_bash_operator.py took 0.154 seconds
[2023-12-22T19:07:49.204+0000] {processor.py:157} INFO - Started process (PID=570) to work on /home/airflow/.local/lib/python3.8/site-packages/airflow/example_dags/example_bash_operator.py
[2023-12-22T19:07:49.209+0000] {processor.py:829} INFO - Processing file /home/airflow/.local/lib/python3.8/site-packages/airflow/example_dags/example_bash_operator.py for tasks to queue
[2023-12-22T19:07:49.214+0000] {logging_mixin.py:154} INFO - [2023-12-22T19:07:49.213+0000] {dagbag.py:536} INFO - Filling up the DagBag from /home/airflow/.local/lib/python3.8/site-packages/airflow/example_dags/example_bash_operator.py
[2023-12-22T19:07:49.236+0000] {processor.py:839} INFO - DAG(s) dict_keys(['example_bash_operator']) retrieved from /home/airflow/.local/lib/python3.8/site-packages/airflow/example_dags/example_bash_operator.py
[2023-12-22T19:07:49.292+0000] {logging_mixin.py:154} INFO - [2023-12-22T19:07:49.291+0000] {dag.py:2941} INFO - Sync 1 DAGs
[2023-12-22T19:07:49.329+0000] {logging_mixin.py:154} INFO - [2023-12-22T19:07:49.329+0000] {dag.py:3722} INFO - Setting next_dagrun for example_bash_operator to 2023-12-21T00:00:00+00:00, run_after=2023-12-22T00:00:00+00:00
[2023-12-22T19:07:49.360+0000] {processor.py:179} INFO - Processing /home/airflow/.local/lib/python3.8/site-packages/airflow/example_dags/example_bash_operator.py took 0.162 seconds
[2023-12-22T19:08:19.612+0000] {processor.py:157} INFO - Started process (PID=626) to work on /home/airflow/.local/lib/python3.8/site-packages/airflow/example_dags/example_bash_operator.py
[2023-12-22T19:08:19.614+0000] {processor.py:829} INFO - Processing file /home/airflow/.local/lib/python3.8/site-packages/airflow/example_dags/example_bash_operator.py for tasks to queue
[2023-12-22T19:08:19.618+0000] {logging_mixin.py:154} INFO - [2023-12-22T19:08:19.618+0000] {dagbag.py:536} INFO - Filling up the DagBag from /home/airflow/.local/lib/python3.8/site-packages/airflow/example_dags/example_bash_operator.py
[2023-12-22T19:08:19.638+0000] {processor.py:839} INFO - DAG(s) dict_keys(['example_bash_operator']) retrieved from /home/airflow/.local/lib/python3.8/site-packages/airflow/example_dags/example_bash_operator.py
[2023-12-22T19:08:19.687+0000] {logging_mixin.py:154} INFO - [2023-12-22T19:08:19.687+0000] {dag.py:2941} INFO - Sync 1 DAGs
[2023-12-22T19:08:19.724+0000] {logging_mixin.py:154} INFO - [2023-12-22T19:08:19.724+0000] {dag.py:3722} INFO - Setting next_dagrun for example_bash_operator to 2023-12-21T00:00:00+00:00, run_after=2023-12-22T00:00:00+00:00
[2023-12-22T19:08:19.762+0000] {processor.py:179} INFO - Processing /home/airflow/.local/lib/python3.8/site-packages/airflow/example_dags/example_bash_operator.py took 0.155 seconds
[2023-12-22T19:08:50.005+0000] {processor.py:157} INFO - Started process (PID=682) to work on /home/airflow/.local/lib/python3.8/site-packages/airflow/example_dags/example_bash_operator.py
[2023-12-22T19:08:50.008+0000] {processor.py:829} INFO - Processing file /home/airflow/.local/lib/python3.8/site-packages/airflow/example_dags/example_bash_operator.py for tasks to queue
[2023-12-22T19:08:50.012+0000] {logging_mixin.py:154} INFO - [2023-12-22T19:08:50.012+0000] {dagbag.py:536} INFO - Filling up the DagBag from /home/airflow/.local/lib/python3.8/site-packages/airflow/example_dags/example_bash_operator.py
[2023-12-22T19:08:50.033+0000] {processor.py:839} INFO - DAG(s) dict_keys(['example_bash_operator']) retrieved from /home/airflow/.local/lib/python3.8/site-packages/airflow/example_dags/example_bash_operator.py
[2023-12-22T19:08:50.080+0000] {logging_mixin.py:154} INFO - [2023-12-22T19:08:50.080+0000] {dag.py:2941} INFO - Sync 1 DAGs
[2023-12-22T19:08:50.116+0000] {logging_mixin.py:154} INFO - [2023-12-22T19:08:50.116+0000] {dag.py:3722} INFO - Setting next_dagrun for example_bash_operator to 2023-12-21T00:00:00+00:00, run_after=2023-12-22T00:00:00+00:00
[2023-12-22T19:08:50.165+0000] {processor.py:179} INFO - Processing /home/airflow/.local/lib/python3.8/site-packages/airflow/example_dags/example_bash_operator.py took 0.166 seconds
[2023-12-22T19:09:20.431+0000] {processor.py:157} INFO - Started process (PID=738) to work on /home/airflow/.local/lib/python3.8/site-packages/airflow/example_dags/example_bash_operator.py
[2023-12-22T19:09:20.441+0000] {processor.py:829} INFO - Processing file /home/airflow/.local/lib/python3.8/site-packages/airflow/example_dags/example_bash_operator.py for tasks to queue
[2023-12-22T19:09:20.459+0000] {logging_mixin.py:154} INFO - [2023-12-22T19:09:20.458+0000] {dagbag.py:536} INFO - Filling up the DagBag from /home/airflow/.local/lib/python3.8/site-packages/airflow/example_dags/example_bash_operator.py
[2023-12-22T19:09:20.533+0000] {processor.py:839} INFO - DAG(s) dict_keys(['example_bash_operator']) retrieved from /home/airflow/.local/lib/python3.8/site-packages/airflow/example_dags/example_bash_operator.py
[2023-12-22T19:09:20.712+0000] {logging_mixin.py:154} INFO - [2023-12-22T19:09:20.711+0000] {dag.py:2941} INFO - Sync 1 DAGs
[2023-12-22T19:09:20.852+0000] {logging_mixin.py:154} INFO - [2023-12-22T19:09:20.852+0000] {dag.py:3722} INFO - Setting next_dagrun for example_bash_operator to 2023-12-21T00:00:00+00:00, run_after=2023-12-22T00:00:00+00:00
[2023-12-22T19:09:21.017+0000] {processor.py:179} INFO - Processing /home/airflow/.local/lib/python3.8/site-packages/airflow/example_dags/example_bash_operator.py took 0.615 seconds
[2023-12-22T19:09:51.153+0000] {processor.py:157} INFO - Started process (PID=793) to work on /home/airflow/.local/lib/python3.8/site-packages/airflow/example_dags/example_bash_operator.py
[2023-12-22T19:09:51.155+0000] {processor.py:829} INFO - Processing file /home/airflow/.local/lib/python3.8/site-packages/airflow/example_dags/example_bash_operator.py for tasks to queue
[2023-12-22T19:09:51.159+0000] {logging_mixin.py:154} INFO - [2023-12-22T19:09:51.159+0000] {dagbag.py:536} INFO - Filling up the DagBag from /home/airflow/.local/lib/python3.8/site-packages/airflow/example_dags/example_bash_operator.py
[2023-12-22T19:09:51.178+0000] {processor.py:839} INFO - DAG(s) dict_keys(['example_bash_operator']) retrieved from /home/airflow/.local/lib/python3.8/site-packages/airflow/example_dags/example_bash_operator.py
[2023-12-22T19:09:51.227+0000] {logging_mixin.py:154} INFO - [2023-12-22T19:09:51.227+0000] {dag.py:2941} INFO - Sync 1 DAGs
[2023-12-22T19:09:51.261+0000] {logging_mixin.py:154} INFO - [2023-12-22T19:09:51.261+0000] {dag.py:3722} INFO - Setting next_dagrun for example_bash_operator to 2023-12-21T00:00:00+00:00, run_after=2023-12-22T00:00:00+00:00
[2023-12-22T19:09:51.302+0000] {processor.py:179} INFO - Processing /home/airflow/.local/lib/python3.8/site-packages/airflow/example_dags/example_bash_operator.py took 0.155 seconds
[2023-12-22T19:10:21.413+0000] {processor.py:157} INFO - Started process (PID=850) to work on /home/airflow/.local/lib/python3.8/site-packages/airflow/example_dags/example_bash_operator.py
[2023-12-22T19:10:21.415+0000] {processor.py:829} INFO - Processing file /home/airflow/.local/lib/python3.8/site-packages/airflow/example_dags/example_bash_operator.py for tasks to queue
[2023-12-22T19:10:21.419+0000] {logging_mixin.py:154} INFO - [2023-12-22T19:10:21.418+0000] {dagbag.py:536} INFO - Filling up the DagBag from /home/airflow/.local/lib/python3.8/site-packages/airflow/example_dags/example_bash_operator.py
[2023-12-22T19:10:21.439+0000] {processor.py:839} INFO - DAG(s) dict_keys(['example_bash_operator']) retrieved from /home/airflow/.local/lib/python3.8/site-packages/airflow/example_dags/example_bash_operator.py
[2023-12-22T19:10:21.489+0000] {logging_mixin.py:154} INFO - [2023-12-22T19:10:21.489+0000] {dag.py:2941} INFO - Sync 1 DAGs
[2023-12-22T19:10:21.525+0000] {logging_mixin.py:154} INFO - [2023-12-22T19:10:21.525+0000] {dag.py:3722} INFO - Setting next_dagrun for example_bash_operator to 2023-12-21T00:00:00+00:00, run_after=2023-12-22T00:00:00+00:00
[2023-12-22T19:10:21.557+0000] {processor.py:179} INFO - Processing /home/airflow/.local/lib/python3.8/site-packages/airflow/example_dags/example_bash_operator.py took 0.161 seconds
[2023-12-22T19:10:51.610+0000] {processor.py:157} INFO - Started process (PID=906) to work on /home/airflow/.local/lib/python3.8/site-packages/airflow/example_dags/example_bash_operator.py
[2023-12-22T19:10:51.613+0000] {processor.py:829} INFO - Processing file /home/airflow/.local/lib/python3.8/site-packages/airflow/example_dags/example_bash_operator.py for tasks to queue
[2023-12-22T19:10:51.618+0000] {logging_mixin.py:154} INFO - [2023-12-22T19:10:51.618+0000] {dagbag.py:536} INFO - Filling up the DagBag from /home/airflow/.local/lib/python3.8/site-packages/airflow/example_dags/example_bash_operator.py
[2023-12-22T19:10:51.638+0000] {processor.py:839} INFO - DAG(s) dict_keys(['example_bash_operator']) retrieved from /home/airflow/.local/lib/python3.8/site-packages/airflow/example_dags/example_bash_operator.py
[2023-12-22T19:10:51.691+0000] {logging_mixin.py:154} INFO - [2023-12-22T19:10:51.690+0000] {dag.py:2941} INFO - Sync 1 DAGs
[2023-12-22T19:10:51.730+0000] {logging_mixin.py:154} INFO - [2023-12-22T19:10:51.730+0000] {dag.py:3722} INFO - Setting next_dagrun for example_bash_operator to 2023-12-21T00:00:00+00:00, run_after=2023-12-22T00:00:00+00:00
[2023-12-22T19:10:51.767+0000] {processor.py:179} INFO - Processing /home/airflow/.local/lib/python3.8/site-packages/airflow/example_dags/example_bash_operator.py took 0.163 seconds
[2023-12-22T19:11:22.342+0000] {processor.py:157} INFO - Started process (PID=962) to work on /home/airflow/.local/lib/python3.8/site-packages/airflow/example_dags/example_bash_operator.py
[2023-12-22T19:11:22.344+0000] {processor.py:829} INFO - Processing file /home/airflow/.local/lib/python3.8/site-packages/airflow/example_dags/example_bash_operator.py for tasks to queue
[2023-12-22T19:11:22.349+0000] {logging_mixin.py:154} INFO - [2023-12-22T19:11:22.348+0000] {dagbag.py:536} INFO - Filling up the DagBag from /home/airflow/.local/lib/python3.8/site-packages/airflow/example_dags/example_bash_operator.py
[2023-12-22T19:11:22.372+0000] {processor.py:839} INFO - DAG(s) dict_keys(['example_bash_operator']) retrieved from /home/airflow/.local/lib/python3.8/site-packages/airflow/example_dags/example_bash_operator.py
[2023-12-22T19:11:22.427+0000] {logging_mixin.py:154} INFO - [2023-12-22T19:11:22.426+0000] {dag.py:2941} INFO - Sync 1 DAGs
[2023-12-22T19:11:22.465+0000] {logging_mixin.py:154} INFO - [2023-12-22T19:11:22.465+0000] {dag.py:3722} INFO - Setting next_dagrun for example_bash_operator to 2023-12-21T00:00:00+00:00, run_after=2023-12-22T00:00:00+00:00
[2023-12-22T19:11:22.499+0000] {processor.py:179} INFO - Processing /home/airflow/.local/lib/python3.8/site-packages/airflow/example_dags/example_bash_operator.py took 0.164 seconds
[2023-12-22T19:11:52.661+0000] {processor.py:157} INFO - Started process (PID=1018) to work on /home/airflow/.local/lib/python3.8/site-packages/airflow/example_dags/example_bash_operator.py
[2023-12-22T19:11:52.664+0000] {processor.py:829} INFO - Processing file /home/airflow/.local/lib/python3.8/site-packages/airflow/example_dags/example_bash_operator.py for tasks to queue
[2023-12-22T19:11:52.672+0000] {logging_mixin.py:154} INFO - [2023-12-22T19:11:52.672+0000] {dagbag.py:536} INFO - Filling up the DagBag from /home/airflow/.local/lib/python3.8/site-packages/airflow/example_dags/example_bash_operator.py
[2023-12-22T19:11:52.697+0000] {processor.py:839} INFO - DAG(s) dict_keys(['example_bash_operator']) retrieved from /home/airflow/.local/lib/python3.8/site-packages/airflow/example_dags/example_bash_operator.py
[2023-12-22T19:11:52.756+0000] {logging_mixin.py:154} INFO - [2023-12-22T19:11:52.755+0000] {dag.py:2941} INFO - Sync 1 DAGs
[2023-12-22T19:11:52.793+0000] {logging_mixin.py:154} INFO - [2023-12-22T19:11:52.793+0000] {dag.py:3722} INFO - Setting next_dagrun for example_bash_operator to 2023-12-21T00:00:00+00:00, run_after=2023-12-22T00:00:00+00:00
[2023-12-22T19:11:52.825+0000] {processor.py:179} INFO - Processing /home/airflow/.local/lib/python3.8/site-packages/airflow/example_dags/example_bash_operator.py took 0.175 seconds
[2023-12-22T19:12:23.184+0000] {processor.py:157} INFO - Started process (PID=1075) to work on /home/airflow/.local/lib/python3.8/site-packages/airflow/example_dags/example_bash_operator.py
[2023-12-22T19:12:23.187+0000] {processor.py:829} INFO - Processing file /home/airflow/.local/lib/python3.8/site-packages/airflow/example_dags/example_bash_operator.py for tasks to queue
[2023-12-22T19:12:23.191+0000] {logging_mixin.py:154} INFO - [2023-12-22T19:12:23.191+0000] {dagbag.py:536} INFO - Filling up the DagBag from /home/airflow/.local/lib/python3.8/site-packages/airflow/example_dags/example_bash_operator.py
[2023-12-22T19:12:23.211+0000] {processor.py:839} INFO - DAG(s) dict_keys(['example_bash_operator']) retrieved from /home/airflow/.local/lib/python3.8/site-packages/airflow/example_dags/example_bash_operator.py
[2023-12-22T19:12:23.260+0000] {logging_mixin.py:154} INFO - [2023-12-22T19:12:23.260+0000] {dag.py:2941} INFO - Sync 1 DAGs
[2023-12-22T19:12:23.295+0000] {logging_mixin.py:154} INFO - [2023-12-22T19:12:23.295+0000] {dag.py:3722} INFO - Setting next_dagrun for example_bash_operator to 2023-12-21T00:00:00+00:00, run_after=2023-12-22T00:00:00+00:00
[2023-12-22T19:12:23.327+0000] {processor.py:179} INFO - Processing /home/airflow/.local/lib/python3.8/site-packages/airflow/example_dags/example_bash_operator.py took 0.149 seconds
[2023-12-22T19:12:53.563+0000] {processor.py:157} INFO - Started process (PID=1131) to work on /home/airflow/.local/lib/python3.8/site-packages/airflow/example_dags/example_bash_operator.py
[2023-12-22T19:12:53.566+0000] {processor.py:829} INFO - Processing file /home/airflow/.local/lib/python3.8/site-packages/airflow/example_dags/example_bash_operator.py for tasks to queue
[2023-12-22T19:12:53.572+0000] {logging_mixin.py:154} INFO - [2023-12-22T19:12:53.572+0000] {dagbag.py:536} INFO - Filling up the DagBag from /home/airflow/.local/lib/python3.8/site-packages/airflow/example_dags/example_bash_operator.py
[2023-12-22T19:12:53.596+0000] {processor.py:839} INFO - DAG(s) dict_keys(['example_bash_operator']) retrieved from /home/airflow/.local/lib/python3.8/site-packages/airflow/example_dags/example_bash_operator.py
[2023-12-22T19:12:53.651+0000] {logging_mixin.py:154} INFO - [2023-12-22T19:12:53.650+0000] {dag.py:2941} INFO - Sync 1 DAGs
[2023-12-22T19:12:53.697+0000] {logging_mixin.py:154} INFO - [2023-12-22T19:12:53.697+0000] {dag.py:3722} INFO - Setting next_dagrun for example_bash_operator to 2023-12-21T00:00:00+00:00, run_after=2023-12-22T00:00:00+00:00
[2023-12-22T19:12:53.734+0000] {processor.py:179} INFO - Processing /home/airflow/.local/lib/python3.8/site-packages/airflow/example_dags/example_bash_operator.py took 0.182 seconds
[2023-12-22T19:13:24.149+0000] {processor.py:157} INFO - Started process (PID=1187) to work on /home/airflow/.local/lib/python3.8/site-packages/airflow/example_dags/example_bash_operator.py
[2023-12-22T19:13:24.151+0000] {processor.py:829} INFO - Processing file /home/airflow/.local/lib/python3.8/site-packages/airflow/example_dags/example_bash_operator.py for tasks to queue
[2023-12-22T19:13:24.155+0000] {logging_mixin.py:154} INFO - [2023-12-22T19:13:24.155+0000] {dagbag.py:536} INFO - Filling up the DagBag from /home/airflow/.local/lib/python3.8/site-packages/airflow/example_dags/example_bash_operator.py
[2023-12-22T19:13:24.174+0000] {processor.py:839} INFO - DAG(s) dict_keys(['example_bash_operator']) retrieved from /home/airflow/.local/lib/python3.8/site-packages/airflow/example_dags/example_bash_operator.py
[2023-12-22T19:13:24.226+0000] {logging_mixin.py:154} INFO - [2023-12-22T19:13:24.225+0000] {dag.py:2941} INFO - Sync 1 DAGs
[2023-12-22T19:13:24.266+0000] {logging_mixin.py:154} INFO - [2023-12-22T19:13:24.265+0000] {dag.py:3722} INFO - Setting next_dagrun for example_bash_operator to 2023-12-21T00:00:00+00:00, run_after=2023-12-22T00:00:00+00:00
[2023-12-22T19:13:24.291+0000] {processor.py:179} INFO - Processing /home/airflow/.local/lib/python3.8/site-packages/airflow/example_dags/example_bash_operator.py took 0.149 seconds
[2023-12-22T19:13:54.445+0000] {processor.py:157} INFO - Started process (PID=1243) to work on /home/airflow/.local/lib/python3.8/site-packages/airflow/example_dags/example_bash_operator.py
[2023-12-22T19:13:54.448+0000] {processor.py:829} INFO - Processing file /home/airflow/.local/lib/python3.8/site-packages/airflow/example_dags/example_bash_operator.py for tasks to queue
[2023-12-22T19:13:54.452+0000] {logging_mixin.py:154} INFO - [2023-12-22T19:13:54.452+0000] {dagbag.py:536} INFO - Filling up the DagBag from /home/airflow/.local/lib/python3.8/site-packages/airflow/example_dags/example_bash_operator.py
[2023-12-22T19:13:54.473+0000] {processor.py:839} INFO - DAG(s) dict_keys(['example_bash_operator']) retrieved from /home/airflow/.local/lib/python3.8/site-packages/airflow/example_dags/example_bash_operator.py
[2023-12-22T19:13:54.523+0000] {logging_mixin.py:154} INFO - [2023-12-22T19:13:54.522+0000] {dag.py:2941} INFO - Sync 1 DAGs
[2023-12-22T19:13:54.560+0000] {logging_mixin.py:154} INFO - [2023-12-22T19:13:54.560+0000] {dag.py:3722} INFO - Setting next_dagrun for example_bash_operator to 2023-12-21T00:00:00+00:00, run_after=2023-12-22T00:00:00+00:00
[2023-12-22T19:13:54.587+0000] {processor.py:179} INFO - Processing /home/airflow/.local/lib/python3.8/site-packages/airflow/example_dags/example_bash_operator.py took 0.149 seconds
[2023-12-22T19:14:24.945+0000] {processor.py:157} INFO - Started process (PID=1298) to work on /home/airflow/.local/lib/python3.8/site-packages/airflow/example_dags/example_bash_operator.py
[2023-12-22T19:14:24.947+0000] {processor.py:829} INFO - Processing file /home/airflow/.local/lib/python3.8/site-packages/airflow/example_dags/example_bash_operator.py for tasks to queue
[2023-12-22T19:14:24.951+0000] {logging_mixin.py:154} INFO - [2023-12-22T19:14:24.951+0000] {dagbag.py:536} INFO - Filling up the DagBag from /home/airflow/.local/lib/python3.8/site-packages/airflow/example_dags/example_bash_operator.py
[2023-12-22T19:14:24.972+0000] {processor.py:839} INFO - DAG(s) dict_keys(['example_bash_operator']) retrieved from /home/airflow/.local/lib/python3.8/site-packages/airflow/example_dags/example_bash_operator.py
[2023-12-22T19:14:25.019+0000] {logging_mixin.py:154} INFO - [2023-12-22T19:14:25.019+0000] {dag.py:2941} INFO - Sync 1 DAGs
[2023-12-22T19:14:25.063+0000] {logging_mixin.py:154} INFO - [2023-12-22T19:14:25.063+0000] {dag.py:3722} INFO - Setting next_dagrun for example_bash_operator to 2023-12-21T00:00:00+00:00, run_after=2023-12-22T00:00:00+00:00
[2023-12-22T19:14:25.091+0000] {processor.py:179} INFO - Processing /home/airflow/.local/lib/python3.8/site-packages/airflow/example_dags/example_bash_operator.py took 0.153 seconds
[2023-12-22T19:14:55.305+0000] {processor.py:157} INFO - Started process (PID=1354) to work on /home/airflow/.local/lib/python3.8/site-packages/airflow/example_dags/example_bash_operator.py
[2023-12-22T19:14:55.307+0000] {processor.py:829} INFO - Processing file /home/airflow/.local/lib/python3.8/site-packages/airflow/example_dags/example_bash_operator.py for tasks to queue
[2023-12-22T19:14:55.311+0000] {logging_mixin.py:154} INFO - [2023-12-22T19:14:55.311+0000] {dagbag.py:536} INFO - Filling up the DagBag from /home/airflow/.local/lib/python3.8/site-packages/airflow/example_dags/example_bash_operator.py
[2023-12-22T19:14:55.331+0000] {processor.py:839} INFO - DAG(s) dict_keys(['example_bash_operator']) retrieved from /home/airflow/.local/lib/python3.8/site-packages/airflow/example_dags/example_bash_operator.py
[2023-12-22T19:14:55.379+0000] {logging_mixin.py:154} INFO - [2023-12-22T19:14:55.378+0000] {dag.py:2941} INFO - Sync 1 DAGs
[2023-12-22T19:14:55.418+0000] {logging_mixin.py:154} INFO - [2023-12-22T19:14:55.417+0000] {dag.py:3722} INFO - Setting next_dagrun for example_bash_operator to 2023-12-21T00:00:00+00:00, run_after=2023-12-22T00:00:00+00:00
[2023-12-22T19:14:55.460+0000] {processor.py:179} INFO - Processing /home/airflow/.local/lib/python3.8/site-packages/airflow/example_dags/example_bash_operator.py took 0.161 seconds
[2023-12-22T19:15:25.816+0000] {processor.py:157} INFO - Started process (PID=1410) to work on /home/airflow/.local/lib/python3.8/site-packages/airflow/example_dags/example_bash_operator.py
[2023-12-22T19:15:25.818+0000] {processor.py:829} INFO - Processing file /home/airflow/.local/lib/python3.8/site-packages/airflow/example_dags/example_bash_operator.py for tasks to queue
[2023-12-22T19:15:25.823+0000] {logging_mixin.py:154} INFO - [2023-12-22T19:15:25.823+0000] {dagbag.py:536} INFO - Filling up the DagBag from /home/airflow/.local/lib/python3.8/site-packages/airflow/example_dags/example_bash_operator.py
[2023-12-22T19:15:25.843+0000] {processor.py:839} INFO - DAG(s) dict_keys(['example_bash_operator']) retrieved from /home/airflow/.local/lib/python3.8/site-packages/airflow/example_dags/example_bash_operator.py
[2023-12-22T19:15:25.896+0000] {logging_mixin.py:154} INFO - [2023-12-22T19:15:25.896+0000] {dag.py:2941} INFO - Sync 1 DAGs
[2023-12-22T19:15:25.938+0000] {logging_mixin.py:154} INFO - [2023-12-22T19:15:25.938+0000] {dag.py:3722} INFO - Setting next_dagrun for example_bash_operator to 2023-12-21T00:00:00+00:00, run_after=2023-12-22T00:00:00+00:00
[2023-12-22T19:15:25.978+0000] {processor.py:179} INFO - Processing /home/airflow/.local/lib/python3.8/site-packages/airflow/example_dags/example_bash_operator.py took 0.168 seconds
[2023-12-22T19:15:56.364+0000] {processor.py:157} INFO - Started process (PID=1466) to work on /home/airflow/.local/lib/python3.8/site-packages/airflow/example_dags/example_bash_operator.py
[2023-12-22T19:15:56.367+0000] {processor.py:829} INFO - Processing file /home/airflow/.local/lib/python3.8/site-packages/airflow/example_dags/example_bash_operator.py for tasks to queue
[2023-12-22T19:15:56.372+0000] {logging_mixin.py:154} INFO - [2023-12-22T19:15:56.371+0000] {dagbag.py:536} INFO - Filling up the DagBag from /home/airflow/.local/lib/python3.8/site-packages/airflow/example_dags/example_bash_operator.py
[2023-12-22T19:15:56.398+0000] {processor.py:839} INFO - DAG(s) dict_keys(['example_bash_operator']) retrieved from /home/airflow/.local/lib/python3.8/site-packages/airflow/example_dags/example_bash_operator.py
[2023-12-22T19:15:56.457+0000] {logging_mixin.py:154} INFO - [2023-12-22T19:15:56.457+0000] {dag.py:2941} INFO - Sync 1 DAGs
[2023-12-22T19:15:56.497+0000] {logging_mixin.py:154} INFO - [2023-12-22T19:15:56.497+0000] {dag.py:3722} INFO - Setting next_dagrun for example_bash_operator to 2023-12-21T00:00:00+00:00, run_after=2023-12-22T00:00:00+00:00
[2023-12-22T19:15:56.529+0000] {processor.py:179} INFO - Processing /home/airflow/.local/lib/python3.8/site-packages/airflow/example_dags/example_bash_operator.py took 0.172 seconds
[2023-12-22T19:16:26.630+0000] {processor.py:157} INFO - Started process (PID=1522) to work on /home/airflow/.local/lib/python3.8/site-packages/airflow/example_dags/example_bash_operator.py
[2023-12-22T19:16:26.632+0000] {processor.py:829} INFO - Processing file /home/airflow/.local/lib/python3.8/site-packages/airflow/example_dags/example_bash_operator.py for tasks to queue
[2023-12-22T19:16:26.639+0000] {logging_mixin.py:154} INFO - [2023-12-22T19:16:26.638+0000] {dagbag.py:536} INFO - Filling up the DagBag from /home/airflow/.local/lib/python3.8/site-packages/airflow/example_dags/example_bash_operator.py
[2023-12-22T19:16:26.661+0000] {processor.py:839} INFO - DAG(s) dict_keys(['example_bash_operator']) retrieved from /home/airflow/.local/lib/python3.8/site-packages/airflow/example_dags/example_bash_operator.py
[2023-12-22T19:16:26.717+0000] {logging_mixin.py:154} INFO - [2023-12-22T19:16:26.717+0000] {dag.py:2941} INFO - Sync 1 DAGs
[2023-12-22T19:16:26.767+0000] {logging_mixin.py:154} INFO - [2023-12-22T19:16:26.767+0000] {dag.py:3722} INFO - Setting next_dagrun for example_bash_operator to 2023-12-21T00:00:00+00:00, run_after=2023-12-22T00:00:00+00:00
[2023-12-22T19:16:26.797+0000] {processor.py:179} INFO - Processing /home/airflow/.local/lib/python3.8/site-packages/airflow/example_dags/example_bash_operator.py took 0.177 seconds
[2023-12-22T19:16:56.976+0000] {processor.py:157} INFO - Started process (PID=1578) to work on /home/airflow/.local/lib/python3.8/site-packages/airflow/example_dags/example_bash_operator.py
[2023-12-22T19:16:56.978+0000] {processor.py:829} INFO - Processing file /home/airflow/.local/lib/python3.8/site-packages/airflow/example_dags/example_bash_operator.py for tasks to queue
[2023-12-22T19:16:56.982+0000] {logging_mixin.py:154} INFO - [2023-12-22T19:16:56.982+0000] {dagbag.py:536} INFO - Filling up the DagBag from /home/airflow/.local/lib/python3.8/site-packages/airflow/example_dags/example_bash_operator.py
[2023-12-22T19:16:57.001+0000] {processor.py:839} INFO - DAG(s) dict_keys(['example_bash_operator']) retrieved from /home/airflow/.local/lib/python3.8/site-packages/airflow/example_dags/example_bash_operator.py
[2023-12-22T19:16:57.052+0000] {logging_mixin.py:154} INFO - [2023-12-22T19:16:57.052+0000] {dag.py:2941} INFO - Sync 1 DAGs
[2023-12-22T19:16:57.086+0000] {logging_mixin.py:154} INFO - [2023-12-22T19:16:57.086+0000] {dag.py:3722} INFO - Setting next_dagrun for example_bash_operator to 2023-12-21T00:00:00+00:00, run_after=2023-12-22T00:00:00+00:00
[2023-12-22T19:16:57.118+0000] {processor.py:179} INFO - Processing /home/airflow/.local/lib/python3.8/site-packages/airflow/example_dags/example_bash_operator.py took 0.148 seconds
[2023-12-22T19:17:27.228+0000] {processor.py:157} INFO - Started process (PID=1634) to work on /home/airflow/.local/lib/python3.8/site-packages/airflow/example_dags/example_bash_operator.py
[2023-12-22T19:17:27.231+0000] {processor.py:829} INFO - Processing file /home/airflow/.local/lib/python3.8/site-packages/airflow/example_dags/example_bash_operator.py for tasks to queue
[2023-12-22T19:17:27.235+0000] {logging_mixin.py:154} INFO - [2023-12-22T19:17:27.235+0000] {dagbag.py:536} INFO - Filling up the DagBag from /home/airflow/.local/lib/python3.8/site-packages/airflow/example_dags/example_bash_operator.py
[2023-12-22T19:17:27.253+0000] {processor.py:839} INFO - DAG(s) dict_keys(['example_bash_operator']) retrieved from /home/airflow/.local/lib/python3.8/site-packages/airflow/example_dags/example_bash_operator.py
[2023-12-22T19:17:27.299+0000] {logging_mixin.py:154} INFO - [2023-12-22T19:17:27.298+0000] {dag.py:2941} INFO - Sync 1 DAGs
[2023-12-22T19:17:27.336+0000] {logging_mixin.py:154} INFO - [2023-12-22T19:17:27.336+0000] {dag.py:3722} INFO - Setting next_dagrun for example_bash_operator to 2023-12-21T00:00:00+00:00, run_after=2023-12-22T00:00:00+00:00
[2023-12-22T19:17:27.372+0000] {processor.py:179} INFO - Processing /home/airflow/.local/lib/python3.8/site-packages/airflow/example_dags/example_bash_operator.py took 0.150 seconds
[2023-12-22T19:17:57.467+0000] {processor.py:157} INFO - Started process (PID=1690) to work on /home/airflow/.local/lib/python3.8/site-packages/airflow/example_dags/example_bash_operator.py
[2023-12-22T19:17:57.469+0000] {processor.py:829} INFO - Processing file /home/airflow/.local/lib/python3.8/site-packages/airflow/example_dags/example_bash_operator.py for tasks to queue
[2023-12-22T19:17:57.475+0000] {logging_mixin.py:154} INFO - [2023-12-22T19:17:57.474+0000] {dagbag.py:536} INFO - Filling up the DagBag from /home/airflow/.local/lib/python3.8/site-packages/airflow/example_dags/example_bash_operator.py
[2023-12-22T19:17:57.496+0000] {processor.py:839} INFO - DAG(s) dict_keys(['example_bash_operator']) retrieved from /home/airflow/.local/lib/python3.8/site-packages/airflow/example_dags/example_bash_operator.py
[2023-12-22T19:17:57.544+0000] {logging_mixin.py:154} INFO - [2023-12-22T19:17:57.544+0000] {dag.py:2941} INFO - Sync 1 DAGs
[2023-12-22T19:17:57.580+0000] {logging_mixin.py:154} INFO - [2023-12-22T19:17:57.580+0000] {dag.py:3722} INFO - Setting next_dagrun for example_bash_operator to 2023-12-21T00:00:00+00:00, run_after=2023-12-22T00:00:00+00:00
[2023-12-22T19:17:57.610+0000] {processor.py:179} INFO - Processing /home/airflow/.local/lib/python3.8/site-packages/airflow/example_dags/example_bash_operator.py took 0.151 seconds
[2023-12-22T19:18:28.638+0000] {processor.py:157} INFO - Started process (PID=1747) to work on /home/airflow/.local/lib/python3.8/site-packages/airflow/example_dags/example_bash_operator.py
[2023-12-22T19:18:28.642+0000] {processor.py:829} INFO - Processing file /home/airflow/.local/lib/python3.8/site-packages/airflow/example_dags/example_bash_operator.py for tasks to queue
[2023-12-22T19:18:28.648+0000] {logging_mixin.py:154} INFO - [2023-12-22T19:18:28.648+0000] {dagbag.py:536} INFO - Filling up the DagBag from /home/airflow/.local/lib/python3.8/site-packages/airflow/example_dags/example_bash_operator.py
[2023-12-22T19:18:28.670+0000] {processor.py:839} INFO - DAG(s) dict_keys(['example_bash_operator']) retrieved from /home/airflow/.local/lib/python3.8/site-packages/airflow/example_dags/example_bash_operator.py
[2023-12-22T19:18:28.716+0000] {logging_mixin.py:154} INFO - [2023-12-22T19:18:28.715+0000] {dag.py:2941} INFO - Sync 1 DAGs
[2023-12-22T19:18:28.751+0000] {logging_mixin.py:154} INFO - [2023-12-22T19:18:28.751+0000] {dag.py:3722} INFO - Setting next_dagrun for example_bash_operator to 2023-12-21T00:00:00+00:00, run_after=2023-12-22T00:00:00+00:00
[2023-12-22T19:18:28.785+0000] {processor.py:179} INFO - Processing /home/airflow/.local/lib/python3.8/site-packages/airflow/example_dags/example_bash_operator.py took 0.154 seconds
[2023-12-22T19:18:58.931+0000] {processor.py:157} INFO - Started process (PID=1803) to work on /home/airflow/.local/lib/python3.8/site-packages/airflow/example_dags/example_bash_operator.py
[2023-12-22T19:18:58.933+0000] {processor.py:829} INFO - Processing file /home/airflow/.local/lib/python3.8/site-packages/airflow/example_dags/example_bash_operator.py for tasks to queue
[2023-12-22T19:18:58.938+0000] {logging_mixin.py:154} INFO - [2023-12-22T19:18:58.937+0000] {dagbag.py:536} INFO - Filling up the DagBag from /home/airflow/.local/lib/python3.8/site-packages/airflow/example_dags/example_bash_operator.py
[2023-12-22T19:18:58.957+0000] {processor.py:839} INFO - DAG(s) dict_keys(['example_bash_operator']) retrieved from /home/airflow/.local/lib/python3.8/site-packages/airflow/example_dags/example_bash_operator.py
[2023-12-22T19:18:59.004+0000] {logging_mixin.py:154} INFO - [2023-12-22T19:18:59.004+0000] {dag.py:2941} INFO - Sync 1 DAGs
[2023-12-22T19:18:59.040+0000] {logging_mixin.py:154} INFO - [2023-12-22T19:18:59.040+0000] {dag.py:3722} INFO - Setting next_dagrun for example_bash_operator to 2023-12-21T00:00:00+00:00, run_after=2023-12-22T00:00:00+00:00
[2023-12-22T19:18:59.079+0000] {processor.py:179} INFO - Processing /home/airflow/.local/lib/python3.8/site-packages/airflow/example_dags/example_bash_operator.py took 0.154 seconds
[2023-12-22T19:19:29.524+0000] {processor.py:157} INFO - Started process (PID=1859) to work on /home/airflow/.local/lib/python3.8/site-packages/airflow/example_dags/example_bash_operator.py
[2023-12-22T19:19:29.526+0000] {processor.py:829} INFO - Processing file /home/airflow/.local/lib/python3.8/site-packages/airflow/example_dags/example_bash_operator.py for tasks to queue
[2023-12-22T19:19:29.531+0000] {logging_mixin.py:154} INFO - [2023-12-22T19:19:29.531+0000] {dagbag.py:536} INFO - Filling up the DagBag from /home/airflow/.local/lib/python3.8/site-packages/airflow/example_dags/example_bash_operator.py
[2023-12-22T19:19:29.551+0000] {processor.py:839} INFO - DAG(s) dict_keys(['example_bash_operator']) retrieved from /home/airflow/.local/lib/python3.8/site-packages/airflow/example_dags/example_bash_operator.py
[2023-12-22T19:19:29.596+0000] {logging_mixin.py:154} INFO - [2023-12-22T19:19:29.596+0000] {dag.py:2941} INFO - Sync 1 DAGs
[2023-12-22T19:19:29.632+0000] {logging_mixin.py:154} INFO - [2023-12-22T19:19:29.632+0000] {dag.py:3722} INFO - Setting next_dagrun for example_bash_operator to 2023-12-21T00:00:00+00:00, run_after=2023-12-22T00:00:00+00:00
[2023-12-22T19:19:29.684+0000] {processor.py:179} INFO - Processing /home/airflow/.local/lib/python3.8/site-packages/airflow/example_dags/example_bash_operator.py took 0.167 seconds
[2023-12-22T19:19:59.747+0000] {processor.py:157} INFO - Started process (PID=1915) to work on /home/airflow/.local/lib/python3.8/site-packages/airflow/example_dags/example_bash_operator.py
[2023-12-22T19:19:59.750+0000] {processor.py:829} INFO - Processing file /home/airflow/.local/lib/python3.8/site-packages/airflow/example_dags/example_bash_operator.py for tasks to queue
[2023-12-22T19:19:59.755+0000] {logging_mixin.py:154} INFO - [2023-12-22T19:19:59.755+0000] {dagbag.py:536} INFO - Filling up the DagBag from /home/airflow/.local/lib/python3.8/site-packages/airflow/example_dags/example_bash_operator.py
[2023-12-22T19:19:59.782+0000] {processor.py:839} INFO - DAG(s) dict_keys(['example_bash_operator']) retrieved from /home/airflow/.local/lib/python3.8/site-packages/airflow/example_dags/example_bash_operator.py
[2023-12-22T19:19:59.837+0000] {logging_mixin.py:154} INFO - [2023-12-22T19:19:59.837+0000] {dag.py:2941} INFO - Sync 1 DAGs
[2023-12-22T19:19:59.875+0000] {logging_mixin.py:154} INFO - [2023-12-22T19:19:59.875+0000] {dag.py:3722} INFO - Setting next_dagrun for example_bash_operator to 2023-12-21T00:00:00+00:00, run_after=2023-12-22T00:00:00+00:00
[2023-12-22T19:19:59.902+0000] {processor.py:179} INFO - Processing /home/airflow/.local/lib/python3.8/site-packages/airflow/example_dags/example_bash_operator.py took 0.164 seconds
[2023-12-22T19:20:30.386+0000] {processor.py:157} INFO - Started process (PID=1971) to work on /home/airflow/.local/lib/python3.8/site-packages/airflow/example_dags/example_bash_operator.py
[2023-12-22T19:20:30.389+0000] {processor.py:829} INFO - Processing file /home/airflow/.local/lib/python3.8/site-packages/airflow/example_dags/example_bash_operator.py for tasks to queue
[2023-12-22T19:20:30.393+0000] {logging_mixin.py:154} INFO - [2023-12-22T19:20:30.393+0000] {dagbag.py:536} INFO - Filling up the DagBag from /home/airflow/.local/lib/python3.8/site-packages/airflow/example_dags/example_bash_operator.py
[2023-12-22T19:20:30.414+0000] {processor.py:839} INFO - DAG(s) dict_keys(['example_bash_operator']) retrieved from /home/airflow/.local/lib/python3.8/site-packages/airflow/example_dags/example_bash_operator.py
[2023-12-22T19:20:30.467+0000] {logging_mixin.py:154} INFO - [2023-12-22T19:20:30.467+0000] {dag.py:2941} INFO - Sync 1 DAGs
[2023-12-22T19:20:30.506+0000] {logging_mixin.py:154} INFO - [2023-12-22T19:20:30.506+0000] {dag.py:3722} INFO - Setting next_dagrun for example_bash_operator to 2023-12-21T00:00:00+00:00, run_after=2023-12-22T00:00:00+00:00
[2023-12-22T19:20:30.539+0000] {processor.py:179} INFO - Processing /home/airflow/.local/lib/python3.8/site-packages/airflow/example_dags/example_bash_operator.py took 0.160 seconds
[2023-12-22T20:14:13.316+0000] {processor.py:157} INFO - Started process (PID=64) to work on /home/airflow/.local/lib/python3.8/site-packages/airflow/example_dags/example_bash_operator.py
[2023-12-22T20:14:13.320+0000] {processor.py:829} INFO - Processing file /home/airflow/.local/lib/python3.8/site-packages/airflow/example_dags/example_bash_operator.py for tasks to queue
[2023-12-22T20:14:13.337+0000] {logging_mixin.py:154} INFO - [2023-12-22T20:14:13.336+0000] {dagbag.py:536} INFO - Filling up the DagBag from /home/airflow/.local/lib/python3.8/site-packages/airflow/example_dags/example_bash_operator.py
[2023-12-22T20:14:13.390+0000] {processor.py:839} INFO - DAG(s) dict_keys(['example_bash_operator']) retrieved from /home/airflow/.local/lib/python3.8/site-packages/airflow/example_dags/example_bash_operator.py
[2023-12-22T20:14:13.453+0000] {logging_mixin.py:154} INFO - [2023-12-22T20:14:13.453+0000] {dag.py:2941} INFO - Sync 1 DAGs
[2023-12-22T20:14:13.502+0000] {logging_mixin.py:154} INFO - [2023-12-22T20:14:13.502+0000] {dag.py:3722} INFO - Setting next_dagrun for example_bash_operator to 2023-12-21T00:00:00+00:00, run_after=2023-12-22T00:00:00+00:00
[2023-12-22T20:14:13.606+0000] {processor.py:179} INFO - Processing /home/airflow/.local/lib/python3.8/site-packages/airflow/example_dags/example_bash_operator.py took 0.300 seconds
[2023-12-22T20:14:43.876+0000] {processor.py:157} INFO - Started process (PID=120) to work on /home/airflow/.local/lib/python3.8/site-packages/airflow/example_dags/example_bash_operator.py
[2023-12-22T20:14:43.878+0000] {processor.py:829} INFO - Processing file /home/airflow/.local/lib/python3.8/site-packages/airflow/example_dags/example_bash_operator.py for tasks to queue
[2023-12-22T20:14:43.884+0000] {logging_mixin.py:154} INFO - [2023-12-22T20:14:43.884+0000] {dagbag.py:536} INFO - Filling up the DagBag from /home/airflow/.local/lib/python3.8/site-packages/airflow/example_dags/example_bash_operator.py
[2023-12-22T20:14:43.906+0000] {processor.py:839} INFO - DAG(s) dict_keys(['example_bash_operator']) retrieved from /home/airflow/.local/lib/python3.8/site-packages/airflow/example_dags/example_bash_operator.py
[2023-12-22T20:14:43.967+0000] {logging_mixin.py:154} INFO - [2023-12-22T20:14:43.967+0000] {dag.py:2941} INFO - Sync 1 DAGs
[2023-12-22T20:14:44.050+0000] {logging_mixin.py:154} INFO - [2023-12-22T20:14:44.050+0000] {dag.py:3722} INFO - Setting next_dagrun for example_bash_operator to 2023-12-21T00:00:00+00:00, run_after=2023-12-22T00:00:00+00:00
[2023-12-22T20:14:44.100+0000] {processor.py:179} INFO - Processing /home/airflow/.local/lib/python3.8/site-packages/airflow/example_dags/example_bash_operator.py took 0.231 seconds
[2023-12-22T20:15:14.369+0000] {processor.py:157} INFO - Started process (PID=176) to work on /home/airflow/.local/lib/python3.8/site-packages/airflow/example_dags/example_bash_operator.py
[2023-12-22T20:15:14.371+0000] {processor.py:829} INFO - Processing file /home/airflow/.local/lib/python3.8/site-packages/airflow/example_dags/example_bash_operator.py for tasks to queue
[2023-12-22T20:15:14.376+0000] {logging_mixin.py:154} INFO - [2023-12-22T20:15:14.376+0000] {dagbag.py:536} INFO - Filling up the DagBag from /home/airflow/.local/lib/python3.8/site-packages/airflow/example_dags/example_bash_operator.py
[2023-12-22T20:15:14.395+0000] {processor.py:839} INFO - DAG(s) dict_keys(['example_bash_operator']) retrieved from /home/airflow/.local/lib/python3.8/site-packages/airflow/example_dags/example_bash_operator.py
[2023-12-22T20:15:14.458+0000] {logging_mixin.py:154} INFO - [2023-12-22T20:15:14.458+0000] {dag.py:2941} INFO - Sync 1 DAGs
[2023-12-22T20:15:14.495+0000] {logging_mixin.py:154} INFO - [2023-12-22T20:15:14.495+0000] {dag.py:3722} INFO - Setting next_dagrun for example_bash_operator to 2023-12-21T00:00:00+00:00, run_after=2023-12-22T00:00:00+00:00
[2023-12-22T20:15:14.526+0000] {processor.py:179} INFO - Processing /home/airflow/.local/lib/python3.8/site-packages/airflow/example_dags/example_bash_operator.py took 0.164 seconds
[2023-12-22T20:15:46.902+0000] {processor.py:157} INFO - Started process (PID=233) to work on /home/airflow/.local/lib/python3.8/site-packages/airflow/example_dags/example_bash_operator.py
[2023-12-22T20:15:46.905+0000] {processor.py:829} INFO - Processing file /home/airflow/.local/lib/python3.8/site-packages/airflow/example_dags/example_bash_operator.py for tasks to queue
[2023-12-22T20:15:46.914+0000] {logging_mixin.py:154} INFO - [2023-12-22T20:15:46.913+0000] {dagbag.py:536} INFO - Filling up the DagBag from /home/airflow/.local/lib/python3.8/site-packages/airflow/example_dags/example_bash_operator.py
[2023-12-22T20:15:46.967+0000] {processor.py:839} INFO - DAG(s) dict_keys(['example_bash_operator']) retrieved from /home/airflow/.local/lib/python3.8/site-packages/airflow/example_dags/example_bash_operator.py
[2023-12-22T20:15:47.144+0000] {logging_mixin.py:154} INFO - [2023-12-22T20:15:47.143+0000] {dag.py:2941} INFO - Sync 1 DAGs
[2023-12-22T20:15:47.288+0000] {logging_mixin.py:154} INFO - [2023-12-22T20:15:47.286+0000] {dag.py:3722} INFO - Setting next_dagrun for example_bash_operator to 2023-12-21T00:00:00+00:00, run_after=2023-12-22T00:00:00+00:00
[2023-12-22T20:15:47.387+0000] {processor.py:179} INFO - Processing /home/airflow/.local/lib/python3.8/site-packages/airflow/example_dags/example_bash_operator.py took 0.495 seconds
[2023-12-22T20:17:52.866+0000] {processor.py:157} INFO - Started process (PID=59) to work on /home/airflow/.local/lib/python3.8/site-packages/airflow/example_dags/example_bash_operator.py
[2023-12-22T20:17:52.868+0000] {processor.py:829} INFO - Processing file /home/airflow/.local/lib/python3.8/site-packages/airflow/example_dags/example_bash_operator.py for tasks to queue
[2023-12-22T20:17:52.875+0000] {logging_mixin.py:154} INFO - [2023-12-22T20:17:52.874+0000] {dagbag.py:536} INFO - Filling up the DagBag from /home/airflow/.local/lib/python3.8/site-packages/airflow/example_dags/example_bash_operator.py
[2023-12-22T20:17:52.913+0000] {processor.py:839} INFO - DAG(s) dict_keys(['example_bash_operator']) retrieved from /home/airflow/.local/lib/python3.8/site-packages/airflow/example_dags/example_bash_operator.py
[2023-12-22T20:17:53.050+0000] {logging_mixin.py:154} INFO - [2023-12-22T20:17:53.049+0000] {dag.py:2941} INFO - Sync 1 DAGs
[2023-12-22T20:17:53.125+0000] {logging_mixin.py:154} INFO - [2023-12-22T20:17:53.125+0000] {dag.py:3722} INFO - Setting next_dagrun for example_bash_operator to 2023-12-21T00:00:00+00:00, run_after=2023-12-22T00:00:00+00:00
[2023-12-22T20:17:53.169+0000] {processor.py:179} INFO - Processing /home/airflow/.local/lib/python3.8/site-packages/airflow/example_dags/example_bash_operator.py took 0.309 seconds
[2023-12-22T20:18:23.443+0000] {processor.py:157} INFO - Started process (PID=115) to work on /home/airflow/.local/lib/python3.8/site-packages/airflow/example_dags/example_bash_operator.py
[2023-12-22T20:18:23.447+0000] {processor.py:829} INFO - Processing file /home/airflow/.local/lib/python3.8/site-packages/airflow/example_dags/example_bash_operator.py for tasks to queue
[2023-12-22T20:18:23.452+0000] {logging_mixin.py:154} INFO - [2023-12-22T20:18:23.451+0000] {dagbag.py:536} INFO - Filling up the DagBag from /home/airflow/.local/lib/python3.8/site-packages/airflow/example_dags/example_bash_operator.py
[2023-12-22T20:18:23.478+0000] {processor.py:839} INFO - DAG(s) dict_keys(['example_bash_operator']) retrieved from /home/airflow/.local/lib/python3.8/site-packages/airflow/example_dags/example_bash_operator.py
[2023-12-22T20:18:23.538+0000] {logging_mixin.py:154} INFO - [2023-12-22T20:18:23.538+0000] {dag.py:2941} INFO - Sync 1 DAGs
[2023-12-22T20:18:23.585+0000] {logging_mixin.py:154} INFO - [2023-12-22T20:18:23.585+0000] {dag.py:3722} INFO - Setting next_dagrun for example_bash_operator to 2023-12-21T00:00:00+00:00, run_after=2023-12-22T00:00:00+00:00
[2023-12-22T20:18:23.629+0000] {processor.py:179} INFO - Processing /home/airflow/.local/lib/python3.8/site-packages/airflow/example_dags/example_bash_operator.py took 0.193 seconds
[2023-12-22T20:18:54.516+0000] {processor.py:157} INFO - Started process (PID=171) to work on /home/airflow/.local/lib/python3.8/site-packages/airflow/example_dags/example_bash_operator.py
[2023-12-22T20:18:54.520+0000] {processor.py:829} INFO - Processing file /home/airflow/.local/lib/python3.8/site-packages/airflow/example_dags/example_bash_operator.py for tasks to queue
[2023-12-22T20:18:54.524+0000] {logging_mixin.py:154} INFO - [2023-12-22T20:18:54.524+0000] {dagbag.py:536} INFO - Filling up the DagBag from /home/airflow/.local/lib/python3.8/site-packages/airflow/example_dags/example_bash_operator.py
[2023-12-22T20:18:54.551+0000] {processor.py:839} INFO - DAG(s) dict_keys(['example_bash_operator']) retrieved from /home/airflow/.local/lib/python3.8/site-packages/airflow/example_dags/example_bash_operator.py
[2023-12-22T20:18:54.622+0000] {logging_mixin.py:154} INFO - [2023-12-22T20:18:54.622+0000] {dag.py:2941} INFO - Sync 1 DAGs
[2023-12-22T20:18:54.678+0000] {logging_mixin.py:154} INFO - [2023-12-22T20:18:54.678+0000] {dag.py:3722} INFO - Setting next_dagrun for example_bash_operator to 2023-12-21T00:00:00+00:00, run_after=2023-12-22T00:00:00+00:00
[2023-12-22T20:18:54.722+0000] {processor.py:179} INFO - Processing /home/airflow/.local/lib/python3.8/site-packages/airflow/example_dags/example_bash_operator.py took 0.213 seconds
[2023-12-22T20:19:25.612+0000] {processor.py:157} INFO - Started process (PID=227) to work on /home/airflow/.local/lib/python3.8/site-packages/airflow/example_dags/example_bash_operator.py
[2023-12-22T20:19:25.614+0000] {processor.py:829} INFO - Processing file /home/airflow/.local/lib/python3.8/site-packages/airflow/example_dags/example_bash_operator.py for tasks to queue
[2023-12-22T20:19:25.621+0000] {logging_mixin.py:154} INFO - [2023-12-22T20:19:25.620+0000] {dagbag.py:536} INFO - Filling up the DagBag from /home/airflow/.local/lib/python3.8/site-packages/airflow/example_dags/example_bash_operator.py
[2023-12-22T20:19:25.658+0000] {processor.py:839} INFO - DAG(s) dict_keys(['example_bash_operator']) retrieved from /home/airflow/.local/lib/python3.8/site-packages/airflow/example_dags/example_bash_operator.py
[2023-12-22T20:19:25.722+0000] {logging_mixin.py:154} INFO - [2023-12-22T20:19:25.722+0000] {dag.py:2941} INFO - Sync 1 DAGs
[2023-12-22T20:19:25.763+0000] {logging_mixin.py:154} INFO - [2023-12-22T20:19:25.762+0000] {dag.py:3722} INFO - Setting next_dagrun for example_bash_operator to 2023-12-21T00:00:00+00:00, run_after=2023-12-22T00:00:00+00:00
[2023-12-22T20:19:25.797+0000] {processor.py:179} INFO - Processing /home/airflow/.local/lib/python3.8/site-packages/airflow/example_dags/example_bash_operator.py took 0.192 seconds
[2023-12-22T20:19:55.981+0000] {processor.py:157} INFO - Started process (PID=284) to work on /home/airflow/.local/lib/python3.8/site-packages/airflow/example_dags/example_bash_operator.py
[2023-12-22T20:19:55.984+0000] {processor.py:829} INFO - Processing file /home/airflow/.local/lib/python3.8/site-packages/airflow/example_dags/example_bash_operator.py for tasks to queue
[2023-12-22T20:19:55.989+0000] {logging_mixin.py:154} INFO - [2023-12-22T20:19:55.988+0000] {dagbag.py:536} INFO - Filling up the DagBag from /home/airflow/.local/lib/python3.8/site-packages/airflow/example_dags/example_bash_operator.py
[2023-12-22T20:19:56.009+0000] {processor.py:839} INFO - DAG(s) dict_keys(['example_bash_operator']) retrieved from /home/airflow/.local/lib/python3.8/site-packages/airflow/example_dags/example_bash_operator.py
[2023-12-22T20:19:56.057+0000] {logging_mixin.py:154} INFO - [2023-12-22T20:19:56.057+0000] {dag.py:2941} INFO - Sync 1 DAGs
[2023-12-22T20:19:56.092+0000] {logging_mixin.py:154} INFO - [2023-12-22T20:19:56.091+0000] {dag.py:3722} INFO - Setting next_dagrun for example_bash_operator to 2023-12-21T00:00:00+00:00, run_after=2023-12-22T00:00:00+00:00
[2023-12-22T20:19:56.127+0000] {processor.py:179} INFO - Processing /home/airflow/.local/lib/python3.8/site-packages/airflow/example_dags/example_bash_operator.py took 0.154 seconds
[2023-12-22T20:20:26.448+0000] {processor.py:157} INFO - Started process (PID=339) to work on /home/airflow/.local/lib/python3.8/site-packages/airflow/example_dags/example_bash_operator.py
[2023-12-22T20:20:26.451+0000] {processor.py:829} INFO - Processing file /home/airflow/.local/lib/python3.8/site-packages/airflow/example_dags/example_bash_operator.py for tasks to queue
[2023-12-22T20:20:26.455+0000] {logging_mixin.py:154} INFO - [2023-12-22T20:20:26.455+0000] {dagbag.py:536} INFO - Filling up the DagBag from /home/airflow/.local/lib/python3.8/site-packages/airflow/example_dags/example_bash_operator.py
[2023-12-22T20:20:26.475+0000] {processor.py:839} INFO - DAG(s) dict_keys(['example_bash_operator']) retrieved from /home/airflow/.local/lib/python3.8/site-packages/airflow/example_dags/example_bash_operator.py
[2023-12-22T20:20:26.523+0000] {logging_mixin.py:154} INFO - [2023-12-22T20:20:26.523+0000] {dag.py:2941} INFO - Sync 1 DAGs
[2023-12-22T20:20:26.561+0000] {logging_mixin.py:154} INFO - [2023-12-22T20:20:26.561+0000] {dag.py:3722} INFO - Setting next_dagrun for example_bash_operator to 2023-12-21T00:00:00+00:00, run_after=2023-12-22T00:00:00+00:00
[2023-12-22T20:20:26.592+0000] {processor.py:179} INFO - Processing /home/airflow/.local/lib/python3.8/site-packages/airflow/example_dags/example_bash_operator.py took 0.150 seconds
[2023-12-22T20:20:57.025+0000] {processor.py:157} INFO - Started process (PID=395) to work on /home/airflow/.local/lib/python3.8/site-packages/airflow/example_dags/example_bash_operator.py
[2023-12-22T20:20:57.031+0000] {processor.py:829} INFO - Processing file /home/airflow/.local/lib/python3.8/site-packages/airflow/example_dags/example_bash_operator.py for tasks to queue
[2023-12-22T20:20:57.036+0000] {logging_mixin.py:154} INFO - [2023-12-22T20:20:57.036+0000] {dagbag.py:536} INFO - Filling up the DagBag from /home/airflow/.local/lib/python3.8/site-packages/airflow/example_dags/example_bash_operator.py
[2023-12-22T20:20:57.056+0000] {processor.py:839} INFO - DAG(s) dict_keys(['example_bash_operator']) retrieved from /home/airflow/.local/lib/python3.8/site-packages/airflow/example_dags/example_bash_operator.py
[2023-12-22T20:20:57.104+0000] {logging_mixin.py:154} INFO - [2023-12-22T20:20:57.104+0000] {dag.py:2941} INFO - Sync 1 DAGs
[2023-12-22T20:20:57.153+0000] {logging_mixin.py:154} INFO - [2023-12-22T20:20:57.153+0000] {dag.py:3722} INFO - Setting next_dagrun for example_bash_operator to 2023-12-21T00:00:00+00:00, run_after=2023-12-22T00:00:00+00:00
[2023-12-22T20:20:57.201+0000] {processor.py:179} INFO - Processing /home/airflow/.local/lib/python3.8/site-packages/airflow/example_dags/example_bash_operator.py took 0.182 seconds
[2023-12-22T20:21:27.475+0000] {processor.py:157} INFO - Started process (PID=450) to work on /home/airflow/.local/lib/python3.8/site-packages/airflow/example_dags/example_bash_operator.py
[2023-12-22T20:21:27.478+0000] {processor.py:829} INFO - Processing file /home/airflow/.local/lib/python3.8/site-packages/airflow/example_dags/example_bash_operator.py for tasks to queue
[2023-12-22T20:21:27.482+0000] {logging_mixin.py:154} INFO - [2023-12-22T20:21:27.482+0000] {dagbag.py:536} INFO - Filling up the DagBag from /home/airflow/.local/lib/python3.8/site-packages/airflow/example_dags/example_bash_operator.py
[2023-12-22T20:21:27.501+0000] {processor.py:839} INFO - DAG(s) dict_keys(['example_bash_operator']) retrieved from /home/airflow/.local/lib/python3.8/site-packages/airflow/example_dags/example_bash_operator.py
[2023-12-22T20:21:27.550+0000] {logging_mixin.py:154} INFO - [2023-12-22T20:21:27.550+0000] {dag.py:2941} INFO - Sync 1 DAGs
[2023-12-22T20:21:27.587+0000] {logging_mixin.py:154} INFO - [2023-12-22T20:21:27.587+0000] {dag.py:3722} INFO - Setting next_dagrun for example_bash_operator to 2023-12-21T00:00:00+00:00, run_after=2023-12-22T00:00:00+00:00
[2023-12-22T20:21:27.630+0000] {processor.py:179} INFO - Processing /home/airflow/.local/lib/python3.8/site-packages/airflow/example_dags/example_bash_operator.py took 0.162 seconds
[2023-12-22T20:21:58.073+0000] {processor.py:157} INFO - Started process (PID=506) to work on /home/airflow/.local/lib/python3.8/site-packages/airflow/example_dags/example_bash_operator.py
[2023-12-22T20:21:58.076+0000] {processor.py:829} INFO - Processing file /home/airflow/.local/lib/python3.8/site-packages/airflow/example_dags/example_bash_operator.py for tasks to queue
[2023-12-22T20:21:58.085+0000] {logging_mixin.py:154} INFO - [2023-12-22T20:21:58.085+0000] {dagbag.py:536} INFO - Filling up the DagBag from /home/airflow/.local/lib/python3.8/site-packages/airflow/example_dags/example_bash_operator.py
[2023-12-22T20:21:58.109+0000] {processor.py:839} INFO - DAG(s) dict_keys(['example_bash_operator']) retrieved from /home/airflow/.local/lib/python3.8/site-packages/airflow/example_dags/example_bash_operator.py
[2023-12-22T20:21:58.164+0000] {logging_mixin.py:154} INFO - [2023-12-22T20:21:58.163+0000] {dag.py:2941} INFO - Sync 1 DAGs
[2023-12-22T20:21:58.217+0000] {logging_mixin.py:154} INFO - [2023-12-22T20:21:58.217+0000] {dag.py:3722} INFO - Setting next_dagrun for example_bash_operator to 2023-12-21T00:00:00+00:00, run_after=2023-12-22T00:00:00+00:00
[2023-12-22T20:21:58.259+0000] {processor.py:179} INFO - Processing /home/airflow/.local/lib/python3.8/site-packages/airflow/example_dags/example_bash_operator.py took 0.201 seconds
[2023-12-22T20:22:29.953+0000] {processor.py:157} INFO - Started process (PID=568) to work on /home/airflow/.local/lib/python3.8/site-packages/airflow/example_dags/example_bash_operator.py
[2023-12-22T20:22:29.955+0000] {processor.py:829} INFO - Processing file /home/airflow/.local/lib/python3.8/site-packages/airflow/example_dags/example_bash_operator.py for tasks to queue
[2023-12-22T20:22:29.961+0000] {logging_mixin.py:154} INFO - [2023-12-22T20:22:29.961+0000] {dagbag.py:536} INFO - Filling up the DagBag from /home/airflow/.local/lib/python3.8/site-packages/airflow/example_dags/example_bash_operator.py
[2023-12-22T20:22:29.985+0000] {processor.py:839} INFO - DAG(s) dict_keys(['example_bash_operator']) retrieved from /home/airflow/.local/lib/python3.8/site-packages/airflow/example_dags/example_bash_operator.py
[2023-12-22T20:22:30.103+0000] {logging_mixin.py:154} INFO - [2023-12-22T20:22:30.103+0000] {dag.py:2941} INFO - Sync 1 DAGs
[2023-12-22T20:22:30.145+0000] {logging_mixin.py:154} INFO - [2023-12-22T20:22:30.144+0000] {dag.py:3722} INFO - Setting next_dagrun for example_bash_operator to 2023-12-21T00:00:00+00:00, run_after=2023-12-22T00:00:00+00:00
[2023-12-22T20:22:30.173+0000] {processor.py:179} INFO - Processing /home/airflow/.local/lib/python3.8/site-packages/airflow/example_dags/example_bash_operator.py took 0.226 seconds
[2023-12-22T20:23:20.849+0000] {processor.py:157} INFO - Started process (PID=641) to work on /home/airflow/.local/lib/python3.8/site-packages/airflow/example_dags/example_bash_operator.py
[2023-12-22T20:23:20.872+0000] {processor.py:829} INFO - Processing file /home/airflow/.local/lib/python3.8/site-packages/airflow/example_dags/example_bash_operator.py for tasks to queue
[2023-12-22T20:23:20.885+0000] {logging_mixin.py:154} INFO - [2023-12-22T20:23:20.884+0000] {dagbag.py:536} INFO - Filling up the DagBag from /home/airflow/.local/lib/python3.8/site-packages/airflow/example_dags/example_bash_operator.py
[2023-12-22T20:23:20.980+0000] {processor.py:839} INFO - DAG(s) dict_keys(['example_bash_operator']) retrieved from /home/airflow/.local/lib/python3.8/site-packages/airflow/example_dags/example_bash_operator.py
[2023-12-22T20:23:21.093+0000] {logging_mixin.py:154} INFO - [2023-12-22T20:23:21.093+0000] {dag.py:2941} INFO - Sync 1 DAGs
[2023-12-22T20:23:21.245+0000] {logging_mixin.py:154} INFO - [2023-12-22T20:23:21.244+0000] {dag.py:3722} INFO - Setting next_dagrun for example_bash_operator to 2023-12-21T00:00:00+00:00, run_after=2023-12-22T00:00:00+00:00
[2023-12-22T20:23:21.496+0000] {processor.py:179} INFO - Processing /home/airflow/.local/lib/python3.8/site-packages/airflow/example_dags/example_bash_operator.py took 0.689 seconds
[2023-12-22T20:25:27.847+0000] {processor.py:157} INFO - Started process (PID=763) to work on /home/airflow/.local/lib/python3.8/site-packages/airflow/example_dags/example_bash_operator.py
[2023-12-22T20:25:27.852+0000] {processor.py:829} INFO - Processing file /home/airflow/.local/lib/python3.8/site-packages/airflow/example_dags/example_bash_operator.py for tasks to queue
[2023-12-22T20:25:27.924+0000] {logging_mixin.py:154} INFO - [2023-12-22T20:25:27.903+0000] {dagbag.py:536} INFO - Filling up the DagBag from /home/airflow/.local/lib/python3.8/site-packages/airflow/example_dags/example_bash_operator.py
[2023-12-22T20:25:28.112+0000] {processor.py:839} INFO - DAG(s) dict_keys(['example_bash_operator']) retrieved from /home/airflow/.local/lib/python3.8/site-packages/airflow/example_dags/example_bash_operator.py
[2023-12-22T20:25:28.714+0000] {logging_mixin.py:154} INFO - [2023-12-22T20:25:28.713+0000] {dag.py:2941} INFO - Sync 1 DAGs
[2023-12-22T20:25:29.023+0000] {logging_mixin.py:154} INFO - [2023-12-22T20:25:29.023+0000] {dag.py:3722} INFO - Setting next_dagrun for example_bash_operator to 2023-12-21T00:00:00+00:00, run_after=2023-12-22T00:00:00+00:00
[2023-12-22T20:25:29.335+0000] {processor.py:179} INFO - Processing /home/airflow/.local/lib/python3.8/site-packages/airflow/example_dags/example_bash_operator.py took 1.609 seconds
