[2023-12-22T19:03:24.700+0000] {processor.py:157} INFO - Started process (PID=79) to work on /home/airflow/.local/lib/python3.8/site-packages/airflow/example_dags/example_setup_teardown_taskflow.py
[2023-12-22T19:03:24.705+0000] {processor.py:829} INFO - Processing file /home/airflow/.local/lib/python3.8/site-packages/airflow/example_dags/example_setup_teardown_taskflow.py for tasks to queue
[2023-12-22T19:03:24.714+0000] {logging_mixin.py:154} INFO - [2023-12-22T19:03:24.713+0000] {dagbag.py:536} INFO - Filling up the DagBag from /home/airflow/.local/lib/python3.8/site-packages/airflow/example_dags/example_setup_teardown_taskflow.py
[2023-12-22T19:03:24.731+0000] {processor.py:839} INFO - DAG(s) dict_keys(['example_setup_teardown_taskflow']) retrieved from /home/airflow/.local/lib/python3.8/site-packages/airflow/example_dags/example_setup_teardown_taskflow.py
[2023-12-22T19:03:24.783+0000] {logging_mixin.py:154} INFO - [2023-12-22T19:03:24.783+0000] {dag.py:2941} INFO - Sync 1 DAGs
[2023-12-22T19:03:24.820+0000] {logging_mixin.py:154} INFO - [2023-12-22T19:03:24.819+0000] {dag.py:3722} INFO - Setting next_dagrun for example_setup_teardown_taskflow to 2023-12-21T19:03:24.819420+00:00, run_after=2023-12-22T19:03:24.819420+00:00
[2023-12-22T19:03:24.862+0000] {processor.py:179} INFO - Processing /home/airflow/.local/lib/python3.8/site-packages/airflow/example_dags/example_setup_teardown_taskflow.py took 0.178 seconds
[2023-12-22T19:03:55.444+0000] {processor.py:157} INFO - Started process (PID=135) to work on /home/airflow/.local/lib/python3.8/site-packages/airflow/example_dags/example_setup_teardown_taskflow.py
[2023-12-22T19:03:55.449+0000] {processor.py:829} INFO - Processing file /home/airflow/.local/lib/python3.8/site-packages/airflow/example_dags/example_setup_teardown_taskflow.py for tasks to queue
[2023-12-22T19:03:55.455+0000] {logging_mixin.py:154} INFO - [2023-12-22T19:03:55.455+0000] {dagbag.py:536} INFO - Filling up the DagBag from /home/airflow/.local/lib/python3.8/site-packages/airflow/example_dags/example_setup_teardown_taskflow.py
[2023-12-22T19:03:55.482+0000] {processor.py:839} INFO - DAG(s) dict_keys(['example_setup_teardown_taskflow']) retrieved from /home/airflow/.local/lib/python3.8/site-packages/airflow/example_dags/example_setup_teardown_taskflow.py
[2023-12-22T19:03:55.519+0000] {logging_mixin.py:154} INFO - [2023-12-22T19:03:55.519+0000] {dag.py:2941} INFO - Sync 1 DAGs
[2023-12-22T19:03:55.557+0000] {logging_mixin.py:154} INFO - [2023-12-22T19:03:55.557+0000] {dag.py:3722} INFO - Setting next_dagrun for example_setup_teardown_taskflow to 2023-12-21T19:03:55.557326+00:00, run_after=2023-12-22T19:03:55.557326+00:00
[2023-12-22T19:03:55.606+0000] {processor.py:179} INFO - Processing /home/airflow/.local/lib/python3.8/site-packages/airflow/example_dags/example_setup_teardown_taskflow.py took 0.168 seconds
[2023-12-22T19:04:25.733+0000] {processor.py:157} INFO - Started process (PID=191) to work on /home/airflow/.local/lib/python3.8/site-packages/airflow/example_dags/example_setup_teardown_taskflow.py
[2023-12-22T19:04:25.735+0000] {processor.py:829} INFO - Processing file /home/airflow/.local/lib/python3.8/site-packages/airflow/example_dags/example_setup_teardown_taskflow.py for tasks to queue
[2023-12-22T19:04:25.740+0000] {logging_mixin.py:154} INFO - [2023-12-22T19:04:25.739+0000] {dagbag.py:536} INFO - Filling up the DagBag from /home/airflow/.local/lib/python3.8/site-packages/airflow/example_dags/example_setup_teardown_taskflow.py
[2023-12-22T19:04:25.756+0000] {processor.py:839} INFO - DAG(s) dict_keys(['example_setup_teardown_taskflow']) retrieved from /home/airflow/.local/lib/python3.8/site-packages/airflow/example_dags/example_setup_teardown_taskflow.py
[2023-12-22T19:04:25.798+0000] {logging_mixin.py:154} INFO - [2023-12-22T19:04:25.798+0000] {dag.py:2941} INFO - Sync 1 DAGs
[2023-12-22T19:04:25.837+0000] {logging_mixin.py:154} INFO - [2023-12-22T19:04:25.837+0000] {dag.py:3722} INFO - Setting next_dagrun for example_setup_teardown_taskflow to 2023-12-21T19:04:25.836428+00:00, run_after=2023-12-22T19:04:25.836428+00:00
[2023-12-22T19:04:25.875+0000] {processor.py:179} INFO - Processing /home/airflow/.local/lib/python3.8/site-packages/airflow/example_dags/example_setup_teardown_taskflow.py took 0.148 seconds
[2023-12-22T19:04:56.410+0000] {processor.py:157} INFO - Started process (PID=247) to work on /home/airflow/.local/lib/python3.8/site-packages/airflow/example_dags/example_setup_teardown_taskflow.py
[2023-12-22T19:04:56.412+0000] {processor.py:829} INFO - Processing file /home/airflow/.local/lib/python3.8/site-packages/airflow/example_dags/example_setup_teardown_taskflow.py for tasks to queue
[2023-12-22T19:04:56.417+0000] {logging_mixin.py:154} INFO - [2023-12-22T19:04:56.417+0000] {dagbag.py:536} INFO - Filling up the DagBag from /home/airflow/.local/lib/python3.8/site-packages/airflow/example_dags/example_setup_teardown_taskflow.py
[2023-12-22T19:04:56.436+0000] {processor.py:839} INFO - DAG(s) dict_keys(['example_setup_teardown_taskflow']) retrieved from /home/airflow/.local/lib/python3.8/site-packages/airflow/example_dags/example_setup_teardown_taskflow.py
[2023-12-22T19:04:56.483+0000] {logging_mixin.py:154} INFO - [2023-12-22T19:04:56.483+0000] {dag.py:2941} INFO - Sync 1 DAGs
[2023-12-22T19:04:56.535+0000] {logging_mixin.py:154} INFO - [2023-12-22T19:04:56.534+0000] {dag.py:3722} INFO - Setting next_dagrun for example_setup_teardown_taskflow to 2023-12-21T19:04:56.534532+00:00, run_after=2023-12-22T19:04:56.534532+00:00
[2023-12-22T19:04:56.620+0000] {processor.py:179} INFO - Processing /home/airflow/.local/lib/python3.8/site-packages/airflow/example_dags/example_setup_teardown_taskflow.py took 0.217 seconds
[2023-12-22T19:05:27.353+0000] {processor.py:157} INFO - Started process (PID=303) to work on /home/airflow/.local/lib/python3.8/site-packages/airflow/example_dags/example_setup_teardown_taskflow.py
[2023-12-22T19:05:27.355+0000] {processor.py:829} INFO - Processing file /home/airflow/.local/lib/python3.8/site-packages/airflow/example_dags/example_setup_teardown_taskflow.py for tasks to queue
[2023-12-22T19:05:27.360+0000] {logging_mixin.py:154} INFO - [2023-12-22T19:05:27.359+0000] {dagbag.py:536} INFO - Filling up the DagBag from /home/airflow/.local/lib/python3.8/site-packages/airflow/example_dags/example_setup_teardown_taskflow.py
[2023-12-22T19:05:27.379+0000] {processor.py:839} INFO - DAG(s) dict_keys(['example_setup_teardown_taskflow']) retrieved from /home/airflow/.local/lib/python3.8/site-packages/airflow/example_dags/example_setup_teardown_taskflow.py
[2023-12-22T19:05:27.433+0000] {logging_mixin.py:154} INFO - [2023-12-22T19:05:27.433+0000] {dag.py:2941} INFO - Sync 1 DAGs
[2023-12-22T19:05:27.473+0000] {logging_mixin.py:154} INFO - [2023-12-22T19:05:27.473+0000] {dag.py:3722} INFO - Setting next_dagrun for example_setup_teardown_taskflow to 2023-12-21T19:05:27.472488+00:00, run_after=2023-12-22T19:05:27.472488+00:00
[2023-12-22T19:05:27.547+0000] {processor.py:179} INFO - Processing /home/airflow/.local/lib/python3.8/site-packages/airflow/example_dags/example_setup_teardown_taskflow.py took 0.200 seconds
[2023-12-22T19:05:57.681+0000] {processor.py:157} INFO - Started process (PID=359) to work on /home/airflow/.local/lib/python3.8/site-packages/airflow/example_dags/example_setup_teardown_taskflow.py
[2023-12-22T19:05:57.684+0000] {processor.py:829} INFO - Processing file /home/airflow/.local/lib/python3.8/site-packages/airflow/example_dags/example_setup_teardown_taskflow.py for tasks to queue
[2023-12-22T19:05:57.688+0000] {logging_mixin.py:154} INFO - [2023-12-22T19:05:57.688+0000] {dagbag.py:536} INFO - Filling up the DagBag from /home/airflow/.local/lib/python3.8/site-packages/airflow/example_dags/example_setup_teardown_taskflow.py
[2023-12-22T19:05:57.705+0000] {processor.py:839} INFO - DAG(s) dict_keys(['example_setup_teardown_taskflow']) retrieved from /home/airflow/.local/lib/python3.8/site-packages/airflow/example_dags/example_setup_teardown_taskflow.py
[2023-12-22T19:05:57.749+0000] {logging_mixin.py:154} INFO - [2023-12-22T19:05:57.748+0000] {dag.py:2941} INFO - Sync 1 DAGs
[2023-12-22T19:05:57.785+0000] {logging_mixin.py:154} INFO - [2023-12-22T19:05:57.784+0000] {dag.py:3722} INFO - Setting next_dagrun for example_setup_teardown_taskflow to 2023-12-21T19:05:57.784427+00:00, run_after=2023-12-22T19:05:57.784427+00:00
[2023-12-22T19:05:57.817+0000] {processor.py:179} INFO - Processing /home/airflow/.local/lib/python3.8/site-packages/airflow/example_dags/example_setup_teardown_taskflow.py took 0.143 seconds
[2023-12-22T19:06:28.242+0000] {processor.py:157} INFO - Started process (PID=415) to work on /home/airflow/.local/lib/python3.8/site-packages/airflow/example_dags/example_setup_teardown_taskflow.py
[2023-12-22T19:06:28.245+0000] {processor.py:829} INFO - Processing file /home/airflow/.local/lib/python3.8/site-packages/airflow/example_dags/example_setup_teardown_taskflow.py for tasks to queue
[2023-12-22T19:06:28.252+0000] {logging_mixin.py:154} INFO - [2023-12-22T19:06:28.252+0000] {dagbag.py:536} INFO - Filling up the DagBag from /home/airflow/.local/lib/python3.8/site-packages/airflow/example_dags/example_setup_teardown_taskflow.py
[2023-12-22T19:06:28.272+0000] {processor.py:839} INFO - DAG(s) dict_keys(['example_setup_teardown_taskflow']) retrieved from /home/airflow/.local/lib/python3.8/site-packages/airflow/example_dags/example_setup_teardown_taskflow.py
[2023-12-22T19:06:28.313+0000] {logging_mixin.py:154} INFO - [2023-12-22T19:06:28.312+0000] {dag.py:2941} INFO - Sync 1 DAGs
[2023-12-22T19:06:28.347+0000] {logging_mixin.py:154} INFO - [2023-12-22T19:06:28.346+0000] {dag.py:3722} INFO - Setting next_dagrun for example_setup_teardown_taskflow to 2023-12-21T19:06:28.345525+00:00, run_after=2023-12-22T19:06:28.345525+00:00
[2023-12-22T19:06:28.375+0000] {processor.py:179} INFO - Processing /home/airflow/.local/lib/python3.8/site-packages/airflow/example_dags/example_setup_teardown_taskflow.py took 0.140 seconds
[2023-12-22T19:06:58.483+0000] {processor.py:157} INFO - Started process (PID=471) to work on /home/airflow/.local/lib/python3.8/site-packages/airflow/example_dags/example_setup_teardown_taskflow.py
[2023-12-22T19:06:58.486+0000] {processor.py:829} INFO - Processing file /home/airflow/.local/lib/python3.8/site-packages/airflow/example_dags/example_setup_teardown_taskflow.py for tasks to queue
[2023-12-22T19:06:58.493+0000] {logging_mixin.py:154} INFO - [2023-12-22T19:06:58.493+0000] {dagbag.py:536} INFO - Filling up the DagBag from /home/airflow/.local/lib/python3.8/site-packages/airflow/example_dags/example_setup_teardown_taskflow.py
[2023-12-22T19:06:58.509+0000] {processor.py:839} INFO - DAG(s) dict_keys(['example_setup_teardown_taskflow']) retrieved from /home/airflow/.local/lib/python3.8/site-packages/airflow/example_dags/example_setup_teardown_taskflow.py
[2023-12-22T19:06:58.555+0000] {logging_mixin.py:154} INFO - [2023-12-22T19:06:58.555+0000] {dag.py:2941} INFO - Sync 1 DAGs
[2023-12-22T19:06:58.590+0000] {logging_mixin.py:154} INFO - [2023-12-22T19:06:58.590+0000] {dag.py:3722} INFO - Setting next_dagrun for example_setup_teardown_taskflow to 2023-12-21T19:06:58.589854+00:00, run_after=2023-12-22T19:06:58.589854+00:00
[2023-12-22T19:06:58.628+0000] {processor.py:179} INFO - Processing /home/airflow/.local/lib/python3.8/site-packages/airflow/example_dags/example_setup_teardown_taskflow.py took 0.151 seconds
[2023-12-22T19:07:28.834+0000] {processor.py:157} INFO - Started process (PID=527) to work on /home/airflow/.local/lib/python3.8/site-packages/airflow/example_dags/example_setup_teardown_taskflow.py
[2023-12-22T19:07:28.837+0000] {processor.py:829} INFO - Processing file /home/airflow/.local/lib/python3.8/site-packages/airflow/example_dags/example_setup_teardown_taskflow.py for tasks to queue
[2023-12-22T19:07:28.844+0000] {logging_mixin.py:154} INFO - [2023-12-22T19:07:28.843+0000] {dagbag.py:536} INFO - Filling up the DagBag from /home/airflow/.local/lib/python3.8/site-packages/airflow/example_dags/example_setup_teardown_taskflow.py
[2023-12-22T19:07:28.867+0000] {processor.py:839} INFO - DAG(s) dict_keys(['example_setup_teardown_taskflow']) retrieved from /home/airflow/.local/lib/python3.8/site-packages/airflow/example_dags/example_setup_teardown_taskflow.py
[2023-12-22T19:07:28.918+0000] {logging_mixin.py:154} INFO - [2023-12-22T19:07:28.917+0000] {dag.py:2941} INFO - Sync 1 DAGs
[2023-12-22T19:07:28.957+0000] {logging_mixin.py:154} INFO - [2023-12-22T19:07:28.957+0000] {dag.py:3722} INFO - Setting next_dagrun for example_setup_teardown_taskflow to 2023-12-21T19:07:28.957229+00:00, run_after=2023-12-22T19:07:28.957229+00:00
[2023-12-22T19:07:28.993+0000] {processor.py:179} INFO - Processing /home/airflow/.local/lib/python3.8/site-packages/airflow/example_dags/example_setup_teardown_taskflow.py took 0.167 seconds
[2023-12-22T19:07:59.575+0000] {processor.py:157} INFO - Started process (PID=583) to work on /home/airflow/.local/lib/python3.8/site-packages/airflow/example_dags/example_setup_teardown_taskflow.py
[2023-12-22T19:07:59.577+0000] {processor.py:829} INFO - Processing file /home/airflow/.local/lib/python3.8/site-packages/airflow/example_dags/example_setup_teardown_taskflow.py for tasks to queue
[2023-12-22T19:07:59.582+0000] {logging_mixin.py:154} INFO - [2023-12-22T19:07:59.581+0000] {dagbag.py:536} INFO - Filling up the DagBag from /home/airflow/.local/lib/python3.8/site-packages/airflow/example_dags/example_setup_teardown_taskflow.py
[2023-12-22T19:07:59.597+0000] {processor.py:839} INFO - DAG(s) dict_keys(['example_setup_teardown_taskflow']) retrieved from /home/airflow/.local/lib/python3.8/site-packages/airflow/example_dags/example_setup_teardown_taskflow.py
[2023-12-22T19:07:59.637+0000] {logging_mixin.py:154} INFO - [2023-12-22T19:07:59.637+0000] {dag.py:2941} INFO - Sync 1 DAGs
[2023-12-22T19:07:59.673+0000] {logging_mixin.py:154} INFO - [2023-12-22T19:07:59.672+0000] {dag.py:3722} INFO - Setting next_dagrun for example_setup_teardown_taskflow to 2023-12-21T19:07:59.672506+00:00, run_after=2023-12-22T19:07:59.672506+00:00
[2023-12-22T19:07:59.713+0000] {processor.py:179} INFO - Processing /home/airflow/.local/lib/python3.8/site-packages/airflow/example_dags/example_setup_teardown_taskflow.py took 0.146 seconds
[2023-12-22T19:08:29.813+0000] {processor.py:157} INFO - Started process (PID=639) to work on /home/airflow/.local/lib/python3.8/site-packages/airflow/example_dags/example_setup_teardown_taskflow.py
[2023-12-22T19:08:29.815+0000] {processor.py:829} INFO - Processing file /home/airflow/.local/lib/python3.8/site-packages/airflow/example_dags/example_setup_teardown_taskflow.py for tasks to queue
[2023-12-22T19:08:29.819+0000] {logging_mixin.py:154} INFO - [2023-12-22T19:08:29.819+0000] {dagbag.py:536} INFO - Filling up the DagBag from /home/airflow/.local/lib/python3.8/site-packages/airflow/example_dags/example_setup_teardown_taskflow.py
[2023-12-22T19:08:29.837+0000] {processor.py:839} INFO - DAG(s) dict_keys(['example_setup_teardown_taskflow']) retrieved from /home/airflow/.local/lib/python3.8/site-packages/airflow/example_dags/example_setup_teardown_taskflow.py
[2023-12-22T19:08:29.874+0000] {logging_mixin.py:154} INFO - [2023-12-22T19:08:29.874+0000] {dag.py:2941} INFO - Sync 1 DAGs
[2023-12-22T19:08:29.909+0000] {logging_mixin.py:154} INFO - [2023-12-22T19:08:29.909+0000] {dag.py:3722} INFO - Setting next_dagrun for example_setup_teardown_taskflow to 2023-12-21T19:08:29.909308+00:00, run_after=2023-12-22T19:08:29.909308+00:00
[2023-12-22T19:08:29.941+0000] {processor.py:179} INFO - Processing /home/airflow/.local/lib/python3.8/site-packages/airflow/example_dags/example_setup_teardown_taskflow.py took 0.135 seconds
[2023-12-22T19:09:00.148+0000] {processor.py:157} INFO - Started process (PID=695) to work on /home/airflow/.local/lib/python3.8/site-packages/airflow/example_dags/example_setup_teardown_taskflow.py
[2023-12-22T19:09:00.151+0000] {processor.py:829} INFO - Processing file /home/airflow/.local/lib/python3.8/site-packages/airflow/example_dags/example_setup_teardown_taskflow.py for tasks to queue
[2023-12-22T19:09:00.155+0000] {logging_mixin.py:154} INFO - [2023-12-22T19:09:00.155+0000] {dagbag.py:536} INFO - Filling up the DagBag from /home/airflow/.local/lib/python3.8/site-packages/airflow/example_dags/example_setup_teardown_taskflow.py
[2023-12-22T19:09:00.171+0000] {processor.py:839} INFO - DAG(s) dict_keys(['example_setup_teardown_taskflow']) retrieved from /home/airflow/.local/lib/python3.8/site-packages/airflow/example_dags/example_setup_teardown_taskflow.py
[2023-12-22T19:09:00.213+0000] {logging_mixin.py:154} INFO - [2023-12-22T19:09:00.212+0000] {dag.py:2941} INFO - Sync 1 DAGs
[2023-12-22T19:09:00.259+0000] {logging_mixin.py:154} INFO - [2023-12-22T19:09:00.259+0000] {dag.py:3722} INFO - Setting next_dagrun for example_setup_teardown_taskflow to 2023-12-21T19:09:00.259012+00:00, run_after=2023-12-22T19:09:00.259012+00:00
[2023-12-22T19:09:00.295+0000] {processor.py:179} INFO - Processing /home/airflow/.local/lib/python3.8/site-packages/airflow/example_dags/example_setup_teardown_taskflow.py took 0.154 seconds
[2023-12-22T19:09:30.614+0000] {processor.py:157} INFO - Started process (PID=751) to work on /home/airflow/.local/lib/python3.8/site-packages/airflow/example_dags/example_setup_teardown_taskflow.py
[2023-12-22T19:09:30.617+0000] {processor.py:829} INFO - Processing file /home/airflow/.local/lib/python3.8/site-packages/airflow/example_dags/example_setup_teardown_taskflow.py for tasks to queue
[2023-12-22T19:09:30.624+0000] {logging_mixin.py:154} INFO - [2023-12-22T19:09:30.623+0000] {dagbag.py:536} INFO - Filling up the DagBag from /home/airflow/.local/lib/python3.8/site-packages/airflow/example_dags/example_setup_teardown_taskflow.py
[2023-12-22T19:09:30.641+0000] {processor.py:839} INFO - DAG(s) dict_keys(['example_setup_teardown_taskflow']) retrieved from /home/airflow/.local/lib/python3.8/site-packages/airflow/example_dags/example_setup_teardown_taskflow.py
[2023-12-22T19:09:30.680+0000] {logging_mixin.py:154} INFO - [2023-12-22T19:09:30.679+0000] {dag.py:2941} INFO - Sync 1 DAGs
[2023-12-22T19:09:30.722+0000] {logging_mixin.py:154} INFO - [2023-12-22T19:09:30.722+0000] {dag.py:3722} INFO - Setting next_dagrun for example_setup_teardown_taskflow to 2023-12-21T19:09:30.715427+00:00, run_after=2023-12-22T19:09:30.715427+00:00
[2023-12-22T19:09:30.756+0000] {processor.py:179} INFO - Processing /home/airflow/.local/lib/python3.8/site-packages/airflow/example_dags/example_setup_teardown_taskflow.py took 0.151 seconds
[2023-12-22T19:10:01.297+0000] {processor.py:157} INFO - Started process (PID=806) to work on /home/airflow/.local/lib/python3.8/site-packages/airflow/example_dags/example_setup_teardown_taskflow.py
[2023-12-22T19:10:01.300+0000] {processor.py:829} INFO - Processing file /home/airflow/.local/lib/python3.8/site-packages/airflow/example_dags/example_setup_teardown_taskflow.py for tasks to queue
[2023-12-22T19:10:01.305+0000] {logging_mixin.py:154} INFO - [2023-12-22T19:10:01.305+0000] {dagbag.py:536} INFO - Filling up the DagBag from /home/airflow/.local/lib/python3.8/site-packages/airflow/example_dags/example_setup_teardown_taskflow.py
[2023-12-22T19:10:01.322+0000] {processor.py:839} INFO - DAG(s) dict_keys(['example_setup_teardown_taskflow']) retrieved from /home/airflow/.local/lib/python3.8/site-packages/airflow/example_dags/example_setup_teardown_taskflow.py
[2023-12-22T19:10:01.360+0000] {logging_mixin.py:154} INFO - [2023-12-22T19:10:01.359+0000] {dag.py:2941} INFO - Sync 1 DAGs
[2023-12-22T19:10:01.397+0000] {logging_mixin.py:154} INFO - [2023-12-22T19:10:01.396+0000] {dag.py:3722} INFO - Setting next_dagrun for example_setup_teardown_taskflow to 2023-12-21T19:10:01.396582+00:00, run_after=2023-12-22T19:10:01.396582+00:00
[2023-12-22T19:10:01.427+0000] {processor.py:179} INFO - Processing /home/airflow/.local/lib/python3.8/site-packages/airflow/example_dags/example_setup_teardown_taskflow.py took 0.138 seconds
[2023-12-22T19:10:31.608+0000] {processor.py:157} INFO - Started process (PID=863) to work on /home/airflow/.local/lib/python3.8/site-packages/airflow/example_dags/example_setup_teardown_taskflow.py
[2023-12-22T19:10:31.610+0000] {processor.py:829} INFO - Processing file /home/airflow/.local/lib/python3.8/site-packages/airflow/example_dags/example_setup_teardown_taskflow.py for tasks to queue
[2023-12-22T19:10:31.616+0000] {logging_mixin.py:154} INFO - [2023-12-22T19:10:31.615+0000] {dagbag.py:536} INFO - Filling up the DagBag from /home/airflow/.local/lib/python3.8/site-packages/airflow/example_dags/example_setup_teardown_taskflow.py
[2023-12-22T19:10:31.643+0000] {processor.py:839} INFO - DAG(s) dict_keys(['example_setup_teardown_taskflow']) retrieved from /home/airflow/.local/lib/python3.8/site-packages/airflow/example_dags/example_setup_teardown_taskflow.py
[2023-12-22T19:10:31.701+0000] {logging_mixin.py:154} INFO - [2023-12-22T19:10:31.701+0000] {dag.py:2941} INFO - Sync 1 DAGs
[2023-12-22T19:10:31.766+0000] {logging_mixin.py:154} INFO - [2023-12-22T19:10:31.766+0000] {dag.py:3722} INFO - Setting next_dagrun for example_setup_teardown_taskflow to 2023-12-21T19:10:31.765239+00:00, run_after=2023-12-22T19:10:31.765239+00:00
[2023-12-22T19:10:31.828+0000] {processor.py:179} INFO - Processing /home/airflow/.local/lib/python3.8/site-packages/airflow/example_dags/example_setup_teardown_taskflow.py took 0.227 seconds
[2023-12-22T19:11:02.060+0000] {processor.py:157} INFO - Started process (PID=919) to work on /home/airflow/.local/lib/python3.8/site-packages/airflow/example_dags/example_setup_teardown_taskflow.py
[2023-12-22T19:11:02.063+0000] {processor.py:829} INFO - Processing file /home/airflow/.local/lib/python3.8/site-packages/airflow/example_dags/example_setup_teardown_taskflow.py for tasks to queue
[2023-12-22T19:11:02.069+0000] {logging_mixin.py:154} INFO - [2023-12-22T19:11:02.069+0000] {dagbag.py:536} INFO - Filling up the DagBag from /home/airflow/.local/lib/python3.8/site-packages/airflow/example_dags/example_setup_teardown_taskflow.py
[2023-12-22T19:11:02.085+0000] {processor.py:839} INFO - DAG(s) dict_keys(['example_setup_teardown_taskflow']) retrieved from /home/airflow/.local/lib/python3.8/site-packages/airflow/example_dags/example_setup_teardown_taskflow.py
[2023-12-22T19:11:02.127+0000] {logging_mixin.py:154} INFO - [2023-12-22T19:11:02.127+0000] {dag.py:2941} INFO - Sync 1 DAGs
[2023-12-22T19:11:02.160+0000] {logging_mixin.py:154} INFO - [2023-12-22T19:11:02.160+0000] {dag.py:3722} INFO - Setting next_dagrun for example_setup_teardown_taskflow to 2023-12-21T19:11:02.160122+00:00, run_after=2023-12-22T19:11:02.160122+00:00
[2023-12-22T19:11:02.197+0000] {processor.py:179} INFO - Processing /home/airflow/.local/lib/python3.8/site-packages/airflow/example_dags/example_setup_teardown_taskflow.py took 0.144 seconds
[2023-12-22T19:11:33.068+0000] {processor.py:157} INFO - Started process (PID=975) to work on /home/airflow/.local/lib/python3.8/site-packages/airflow/example_dags/example_setup_teardown_taskflow.py
[2023-12-22T19:11:33.070+0000] {processor.py:829} INFO - Processing file /home/airflow/.local/lib/python3.8/site-packages/airflow/example_dags/example_setup_teardown_taskflow.py for tasks to queue
[2023-12-22T19:11:33.075+0000] {logging_mixin.py:154} INFO - [2023-12-22T19:11:33.074+0000] {dagbag.py:536} INFO - Filling up the DagBag from /home/airflow/.local/lib/python3.8/site-packages/airflow/example_dags/example_setup_teardown_taskflow.py
[2023-12-22T19:11:33.094+0000] {processor.py:839} INFO - DAG(s) dict_keys(['example_setup_teardown_taskflow']) retrieved from /home/airflow/.local/lib/python3.8/site-packages/airflow/example_dags/example_setup_teardown_taskflow.py
[2023-12-22T19:11:33.147+0000] {logging_mixin.py:154} INFO - [2023-12-22T19:11:33.146+0000] {dag.py:2941} INFO - Sync 1 DAGs
[2023-12-22T19:11:33.191+0000] {logging_mixin.py:154} INFO - [2023-12-22T19:11:33.190+0000] {dag.py:3722} INFO - Setting next_dagrun for example_setup_teardown_taskflow to 2023-12-21T19:11:33.190318+00:00, run_after=2023-12-22T19:11:33.190318+00:00
[2023-12-22T19:11:33.233+0000] {processor.py:179} INFO - Processing /home/airflow/.local/lib/python3.8/site-packages/airflow/example_dags/example_setup_teardown_taskflow.py took 0.171 seconds
[2023-12-22T19:12:03.818+0000] {processor.py:157} INFO - Started process (PID=1031) to work on /home/airflow/.local/lib/python3.8/site-packages/airflow/example_dags/example_setup_teardown_taskflow.py
[2023-12-22T19:12:03.820+0000] {processor.py:829} INFO - Processing file /home/airflow/.local/lib/python3.8/site-packages/airflow/example_dags/example_setup_teardown_taskflow.py for tasks to queue
[2023-12-22T19:12:03.824+0000] {logging_mixin.py:154} INFO - [2023-12-22T19:12:03.824+0000] {dagbag.py:536} INFO - Filling up the DagBag from /home/airflow/.local/lib/python3.8/site-packages/airflow/example_dags/example_setup_teardown_taskflow.py
[2023-12-22T19:12:03.839+0000] {processor.py:839} INFO - DAG(s) dict_keys(['example_setup_teardown_taskflow']) retrieved from /home/airflow/.local/lib/python3.8/site-packages/airflow/example_dags/example_setup_teardown_taskflow.py
[2023-12-22T19:12:03.875+0000] {logging_mixin.py:154} INFO - [2023-12-22T19:12:03.875+0000] {dag.py:2941} INFO - Sync 1 DAGs
[2023-12-22T19:12:03.914+0000] {logging_mixin.py:154} INFO - [2023-12-22T19:12:03.914+0000] {dag.py:3722} INFO - Setting next_dagrun for example_setup_teardown_taskflow to 2023-12-21T19:12:03.913735+00:00, run_after=2023-12-22T19:12:03.913735+00:00
[2023-12-22T19:12:03.952+0000] {processor.py:179} INFO - Processing /home/airflow/.local/lib/python3.8/site-packages/airflow/example_dags/example_setup_teardown_taskflow.py took 0.141 seconds
[2023-12-22T19:12:34.341+0000] {processor.py:157} INFO - Started process (PID=1088) to work on /home/airflow/.local/lib/python3.8/site-packages/airflow/example_dags/example_setup_teardown_taskflow.py
[2023-12-22T19:12:34.343+0000] {processor.py:829} INFO - Processing file /home/airflow/.local/lib/python3.8/site-packages/airflow/example_dags/example_setup_teardown_taskflow.py for tasks to queue
[2023-12-22T19:12:34.347+0000] {logging_mixin.py:154} INFO - [2023-12-22T19:12:34.347+0000] {dagbag.py:536} INFO - Filling up the DagBag from /home/airflow/.local/lib/python3.8/site-packages/airflow/example_dags/example_setup_teardown_taskflow.py
[2023-12-22T19:12:34.363+0000] {processor.py:839} INFO - DAG(s) dict_keys(['example_setup_teardown_taskflow']) retrieved from /home/airflow/.local/lib/python3.8/site-packages/airflow/example_dags/example_setup_teardown_taskflow.py
[2023-12-22T19:12:34.397+0000] {logging_mixin.py:154} INFO - [2023-12-22T19:12:34.396+0000] {dag.py:2941} INFO - Sync 1 DAGs
[2023-12-22T19:12:34.434+0000] {logging_mixin.py:154} INFO - [2023-12-22T19:12:34.433+0000] {dag.py:3722} INFO - Setting next_dagrun for example_setup_teardown_taskflow to 2023-12-21T19:12:34.433525+00:00, run_after=2023-12-22T19:12:34.433525+00:00
[2023-12-22T19:12:34.463+0000] {processor.py:179} INFO - Processing /home/airflow/.local/lib/python3.8/site-packages/airflow/example_dags/example_setup_teardown_taskflow.py took 0.129 seconds
[2023-12-22T19:13:04.602+0000] {processor.py:157} INFO - Started process (PID=1144) to work on /home/airflow/.local/lib/python3.8/site-packages/airflow/example_dags/example_setup_teardown_taskflow.py
[2023-12-22T19:13:04.604+0000] {processor.py:829} INFO - Processing file /home/airflow/.local/lib/python3.8/site-packages/airflow/example_dags/example_setup_teardown_taskflow.py for tasks to queue
[2023-12-22T19:13:04.608+0000] {logging_mixin.py:154} INFO - [2023-12-22T19:13:04.608+0000] {dagbag.py:536} INFO - Filling up the DagBag from /home/airflow/.local/lib/python3.8/site-packages/airflow/example_dags/example_setup_teardown_taskflow.py
[2023-12-22T19:13:04.623+0000] {processor.py:839} INFO - DAG(s) dict_keys(['example_setup_teardown_taskflow']) retrieved from /home/airflow/.local/lib/python3.8/site-packages/airflow/example_dags/example_setup_teardown_taskflow.py
[2023-12-22T19:13:04.658+0000] {logging_mixin.py:154} INFO - [2023-12-22T19:13:04.658+0000] {dag.py:2941} INFO - Sync 1 DAGs
[2023-12-22T19:13:04.692+0000] {logging_mixin.py:154} INFO - [2023-12-22T19:13:04.692+0000] {dag.py:3722} INFO - Setting next_dagrun for example_setup_teardown_taskflow to 2023-12-21T19:13:04.691886+00:00, run_after=2023-12-22T19:13:04.691886+00:00
[2023-12-22T19:13:04.724+0000] {processor.py:179} INFO - Processing /home/airflow/.local/lib/python3.8/site-packages/airflow/example_dags/example_setup_teardown_taskflow.py took 0.128 seconds
[2023-12-22T19:13:35.126+0000] {processor.py:157} INFO - Started process (PID=1200) to work on /home/airflow/.local/lib/python3.8/site-packages/airflow/example_dags/example_setup_teardown_taskflow.py
[2023-12-22T19:13:35.129+0000] {processor.py:829} INFO - Processing file /home/airflow/.local/lib/python3.8/site-packages/airflow/example_dags/example_setup_teardown_taskflow.py for tasks to queue
[2023-12-22T19:13:35.136+0000] {logging_mixin.py:154} INFO - [2023-12-22T19:13:35.135+0000] {dagbag.py:536} INFO - Filling up the DagBag from /home/airflow/.local/lib/python3.8/site-packages/airflow/example_dags/example_setup_teardown_taskflow.py
[2023-12-22T19:13:35.154+0000] {processor.py:839} INFO - DAG(s) dict_keys(['example_setup_teardown_taskflow']) retrieved from /home/airflow/.local/lib/python3.8/site-packages/airflow/example_dags/example_setup_teardown_taskflow.py
[2023-12-22T19:13:35.194+0000] {logging_mixin.py:154} INFO - [2023-12-22T19:13:35.194+0000] {dag.py:2941} INFO - Sync 1 DAGs
[2023-12-22T19:13:35.235+0000] {logging_mixin.py:154} INFO - [2023-12-22T19:13:35.235+0000] {dag.py:3722} INFO - Setting next_dagrun for example_setup_teardown_taskflow to 2023-12-21T19:13:35.234872+00:00, run_after=2023-12-22T19:13:35.234872+00:00
[2023-12-22T19:13:35.270+0000] {processor.py:179} INFO - Processing /home/airflow/.local/lib/python3.8/site-packages/airflow/example_dags/example_setup_teardown_taskflow.py took 0.151 seconds
[2023-12-22T19:14:05.824+0000] {processor.py:157} INFO - Started process (PID=1256) to work on /home/airflow/.local/lib/python3.8/site-packages/airflow/example_dags/example_setup_teardown_taskflow.py
[2023-12-22T19:14:05.826+0000] {processor.py:829} INFO - Processing file /home/airflow/.local/lib/python3.8/site-packages/airflow/example_dags/example_setup_teardown_taskflow.py for tasks to queue
[2023-12-22T19:14:05.833+0000] {logging_mixin.py:154} INFO - [2023-12-22T19:14:05.832+0000] {dagbag.py:536} INFO - Filling up the DagBag from /home/airflow/.local/lib/python3.8/site-packages/airflow/example_dags/example_setup_teardown_taskflow.py
[2023-12-22T19:14:05.852+0000] {processor.py:839} INFO - DAG(s) dict_keys(['example_setup_teardown_taskflow']) retrieved from /home/airflow/.local/lib/python3.8/site-packages/airflow/example_dags/example_setup_teardown_taskflow.py
[2023-12-22T19:14:05.887+0000] {logging_mixin.py:154} INFO - [2023-12-22T19:14:05.887+0000] {dag.py:2941} INFO - Sync 1 DAGs
[2023-12-22T19:14:05.929+0000] {logging_mixin.py:154} INFO - [2023-12-22T19:14:05.929+0000] {dag.py:3722} INFO - Setting next_dagrun for example_setup_teardown_taskflow to 2023-12-21T19:14:05.928622+00:00, run_after=2023-12-22T19:14:05.928622+00:00
[2023-12-22T19:14:05.959+0000] {processor.py:179} INFO - Processing /home/airflow/.local/lib/python3.8/site-packages/airflow/example_dags/example_setup_teardown_taskflow.py took 0.144 seconds
[2023-12-22T19:14:36.124+0000] {processor.py:157} INFO - Started process (PID=1313) to work on /home/airflow/.local/lib/python3.8/site-packages/airflow/example_dags/example_setup_teardown_taskflow.py
[2023-12-22T19:14:36.126+0000] {processor.py:829} INFO - Processing file /home/airflow/.local/lib/python3.8/site-packages/airflow/example_dags/example_setup_teardown_taskflow.py for tasks to queue
[2023-12-22T19:14:36.130+0000] {logging_mixin.py:154} INFO - [2023-12-22T19:14:36.129+0000] {dagbag.py:536} INFO - Filling up the DagBag from /home/airflow/.local/lib/python3.8/site-packages/airflow/example_dags/example_setup_teardown_taskflow.py
[2023-12-22T19:14:36.146+0000] {processor.py:839} INFO - DAG(s) dict_keys(['example_setup_teardown_taskflow']) retrieved from /home/airflow/.local/lib/python3.8/site-packages/airflow/example_dags/example_setup_teardown_taskflow.py
[2023-12-22T19:14:36.180+0000] {logging_mixin.py:154} INFO - [2023-12-22T19:14:36.180+0000] {dag.py:2941} INFO - Sync 1 DAGs
[2023-12-22T19:14:36.214+0000] {logging_mixin.py:154} INFO - [2023-12-22T19:14:36.214+0000] {dag.py:3722} INFO - Setting next_dagrun for example_setup_teardown_taskflow to 2023-12-21T19:14:36.213721+00:00, run_after=2023-12-22T19:14:36.213721+00:00
[2023-12-22T19:14:36.250+0000] {processor.py:179} INFO - Processing /home/airflow/.local/lib/python3.8/site-packages/airflow/example_dags/example_setup_teardown_taskflow.py took 0.132 seconds
[2023-12-22T19:15:06.626+0000] {processor.py:157} INFO - Started process (PID=1369) to work on /home/airflow/.local/lib/python3.8/site-packages/airflow/example_dags/example_setup_teardown_taskflow.py
[2023-12-22T19:15:06.640+0000] {processor.py:829} INFO - Processing file /home/airflow/.local/lib/python3.8/site-packages/airflow/example_dags/example_setup_teardown_taskflow.py for tasks to queue
[2023-12-22T19:15:06.648+0000] {logging_mixin.py:154} INFO - [2023-12-22T19:15:06.646+0000] {dagbag.py:536} INFO - Filling up the DagBag from /home/airflow/.local/lib/python3.8/site-packages/airflow/example_dags/example_setup_teardown_taskflow.py
[2023-12-22T19:15:06.674+0000] {processor.py:839} INFO - DAG(s) dict_keys(['example_setup_teardown_taskflow']) retrieved from /home/airflow/.local/lib/python3.8/site-packages/airflow/example_dags/example_setup_teardown_taskflow.py
[2023-12-22T19:15:06.718+0000] {logging_mixin.py:154} INFO - [2023-12-22T19:15:06.718+0000] {dag.py:2941} INFO - Sync 1 DAGs
[2023-12-22T19:15:06.756+0000] {logging_mixin.py:154} INFO - [2023-12-22T19:15:06.756+0000] {dag.py:3722} INFO - Setting next_dagrun for example_setup_teardown_taskflow to 2023-12-21T19:15:06.755493+00:00, run_after=2023-12-22T19:15:06.755493+00:00
[2023-12-22T19:15:06.807+0000] {processor.py:179} INFO - Processing /home/airflow/.local/lib/python3.8/site-packages/airflow/example_dags/example_setup_teardown_taskflow.py took 0.190 seconds
[2023-12-22T19:15:36.954+0000] {processor.py:157} INFO - Started process (PID=1425) to work on /home/airflow/.local/lib/python3.8/site-packages/airflow/example_dags/example_setup_teardown_taskflow.py
[2023-12-22T19:15:36.956+0000] {processor.py:829} INFO - Processing file /home/airflow/.local/lib/python3.8/site-packages/airflow/example_dags/example_setup_teardown_taskflow.py for tasks to queue
[2023-12-22T19:15:36.961+0000] {logging_mixin.py:154} INFO - [2023-12-22T19:15:36.960+0000] {dagbag.py:536} INFO - Filling up the DagBag from /home/airflow/.local/lib/python3.8/site-packages/airflow/example_dags/example_setup_teardown_taskflow.py
[2023-12-22T19:15:36.977+0000] {processor.py:839} INFO - DAG(s) dict_keys(['example_setup_teardown_taskflow']) retrieved from /home/airflow/.local/lib/python3.8/site-packages/airflow/example_dags/example_setup_teardown_taskflow.py
[2023-12-22T19:15:37.011+0000] {logging_mixin.py:154} INFO - [2023-12-22T19:15:37.011+0000] {dag.py:2941} INFO - Sync 1 DAGs
[2023-12-22T19:15:37.047+0000] {logging_mixin.py:154} INFO - [2023-12-22T19:15:37.047+0000] {dag.py:3722} INFO - Setting next_dagrun for example_setup_teardown_taskflow to 2023-12-21T19:15:37.046674+00:00, run_after=2023-12-22T19:15:37.046674+00:00
[2023-12-22T19:15:37.093+0000] {processor.py:179} INFO - Processing /home/airflow/.local/lib/python3.8/site-packages/airflow/example_dags/example_setup_teardown_taskflow.py took 0.145 seconds
[2023-12-22T19:16:07.218+0000] {processor.py:157} INFO - Started process (PID=1481) to work on /home/airflow/.local/lib/python3.8/site-packages/airflow/example_dags/example_setup_teardown_taskflow.py
[2023-12-22T19:16:07.220+0000] {processor.py:829} INFO - Processing file /home/airflow/.local/lib/python3.8/site-packages/airflow/example_dags/example_setup_teardown_taskflow.py for tasks to queue
[2023-12-22T19:16:07.224+0000] {logging_mixin.py:154} INFO - [2023-12-22T19:16:07.224+0000] {dagbag.py:536} INFO - Filling up the DagBag from /home/airflow/.local/lib/python3.8/site-packages/airflow/example_dags/example_setup_teardown_taskflow.py
[2023-12-22T19:16:07.240+0000] {processor.py:839} INFO - DAG(s) dict_keys(['example_setup_teardown_taskflow']) retrieved from /home/airflow/.local/lib/python3.8/site-packages/airflow/example_dags/example_setup_teardown_taskflow.py
[2023-12-22T19:16:07.276+0000] {logging_mixin.py:154} INFO - [2023-12-22T19:16:07.276+0000] {dag.py:2941} INFO - Sync 1 DAGs
[2023-12-22T19:16:07.311+0000] {logging_mixin.py:154} INFO - [2023-12-22T19:16:07.310+0000] {dag.py:3722} INFO - Setting next_dagrun for example_setup_teardown_taskflow to 2023-12-21T19:16:07.310615+00:00, run_after=2023-12-22T19:16:07.310615+00:00
[2023-12-22T19:16:07.345+0000] {processor.py:179} INFO - Processing /home/airflow/.local/lib/python3.8/site-packages/airflow/example_dags/example_setup_teardown_taskflow.py took 0.133 seconds
[2023-12-22T19:16:37.418+0000] {processor.py:157} INFO - Started process (PID=1537) to work on /home/airflow/.local/lib/python3.8/site-packages/airflow/example_dags/example_setup_teardown_taskflow.py
[2023-12-22T19:16:37.420+0000] {processor.py:829} INFO - Processing file /home/airflow/.local/lib/python3.8/site-packages/airflow/example_dags/example_setup_teardown_taskflow.py for tasks to queue
[2023-12-22T19:16:37.424+0000] {logging_mixin.py:154} INFO - [2023-12-22T19:16:37.424+0000] {dagbag.py:536} INFO - Filling up the DagBag from /home/airflow/.local/lib/python3.8/site-packages/airflow/example_dags/example_setup_teardown_taskflow.py
[2023-12-22T19:16:37.443+0000] {processor.py:839} INFO - DAG(s) dict_keys(['example_setup_teardown_taskflow']) retrieved from /home/airflow/.local/lib/python3.8/site-packages/airflow/example_dags/example_setup_teardown_taskflow.py
[2023-12-22T19:16:37.478+0000] {logging_mixin.py:154} INFO - [2023-12-22T19:16:37.477+0000] {dag.py:2941} INFO - Sync 1 DAGs
[2023-12-22T19:16:37.510+0000] {logging_mixin.py:154} INFO - [2023-12-22T19:16:37.510+0000] {dag.py:3722} INFO - Setting next_dagrun for example_setup_teardown_taskflow to 2023-12-21T19:16:37.509971+00:00, run_after=2023-12-22T19:16:37.509971+00:00
[2023-12-22T19:16:37.536+0000] {processor.py:179} INFO - Processing /home/airflow/.local/lib/python3.8/site-packages/airflow/example_dags/example_setup_teardown_taskflow.py took 0.124 seconds
[2023-12-22T19:17:07.707+0000] {processor.py:157} INFO - Started process (PID=1593) to work on /home/airflow/.local/lib/python3.8/site-packages/airflow/example_dags/example_setup_teardown_taskflow.py
[2023-12-22T19:17:07.709+0000] {processor.py:829} INFO - Processing file /home/airflow/.local/lib/python3.8/site-packages/airflow/example_dags/example_setup_teardown_taskflow.py for tasks to queue
[2023-12-22T19:17:07.714+0000] {logging_mixin.py:154} INFO - [2023-12-22T19:17:07.714+0000] {dagbag.py:536} INFO - Filling up the DagBag from /home/airflow/.local/lib/python3.8/site-packages/airflow/example_dags/example_setup_teardown_taskflow.py
[2023-12-22T19:17:07.734+0000] {processor.py:839} INFO - DAG(s) dict_keys(['example_setup_teardown_taskflow']) retrieved from /home/airflow/.local/lib/python3.8/site-packages/airflow/example_dags/example_setup_teardown_taskflow.py
[2023-12-22T19:17:07.774+0000] {logging_mixin.py:154} INFO - [2023-12-22T19:17:07.774+0000] {dag.py:2941} INFO - Sync 1 DAGs
[2023-12-22T19:17:07.810+0000] {logging_mixin.py:154} INFO - [2023-12-22T19:17:07.810+0000] {dag.py:3722} INFO - Setting next_dagrun for example_setup_teardown_taskflow to 2023-12-21T19:17:07.810337+00:00, run_after=2023-12-22T19:17:07.810337+00:00
[2023-12-22T19:17:07.851+0000] {processor.py:179} INFO - Processing /home/airflow/.local/lib/python3.8/site-packages/airflow/example_dags/example_setup_teardown_taskflow.py took 0.151 seconds
[2023-12-22T19:17:38.081+0000] {processor.py:157} INFO - Started process (PID=1649) to work on /home/airflow/.local/lib/python3.8/site-packages/airflow/example_dags/example_setup_teardown_taskflow.py
[2023-12-22T19:17:38.083+0000] {processor.py:829} INFO - Processing file /home/airflow/.local/lib/python3.8/site-packages/airflow/example_dags/example_setup_teardown_taskflow.py for tasks to queue
[2023-12-22T19:17:38.087+0000] {logging_mixin.py:154} INFO - [2023-12-22T19:17:38.087+0000] {dagbag.py:536} INFO - Filling up the DagBag from /home/airflow/.local/lib/python3.8/site-packages/airflow/example_dags/example_setup_teardown_taskflow.py
[2023-12-22T19:17:38.104+0000] {processor.py:839} INFO - DAG(s) dict_keys(['example_setup_teardown_taskflow']) retrieved from /home/airflow/.local/lib/python3.8/site-packages/airflow/example_dags/example_setup_teardown_taskflow.py
[2023-12-22T19:17:38.154+0000] {logging_mixin.py:154} INFO - [2023-12-22T19:17:38.154+0000] {dag.py:2941} INFO - Sync 1 DAGs
[2023-12-22T19:17:38.188+0000] {logging_mixin.py:154} INFO - [2023-12-22T19:17:38.188+0000] {dag.py:3722} INFO - Setting next_dagrun for example_setup_teardown_taskflow to 2023-12-21T19:17:38.188294+00:00, run_after=2023-12-22T19:17:38.188294+00:00
[2023-12-22T19:17:38.226+0000] {processor.py:179} INFO - Processing /home/airflow/.local/lib/python3.8/site-packages/airflow/example_dags/example_setup_teardown_taskflow.py took 0.151 seconds
[2023-12-22T19:18:08.478+0000] {processor.py:157} INFO - Started process (PID=1705) to work on /home/airflow/.local/lib/python3.8/site-packages/airflow/example_dags/example_setup_teardown_taskflow.py
[2023-12-22T19:18:08.483+0000] {processor.py:829} INFO - Processing file /home/airflow/.local/lib/python3.8/site-packages/airflow/example_dags/example_setup_teardown_taskflow.py for tasks to queue
[2023-12-22T19:18:08.491+0000] {logging_mixin.py:154} INFO - [2023-12-22T19:18:08.491+0000] {dagbag.py:536} INFO - Filling up the DagBag from /home/airflow/.local/lib/python3.8/site-packages/airflow/example_dags/example_setup_teardown_taskflow.py
[2023-12-22T19:18:08.511+0000] {processor.py:839} INFO - DAG(s) dict_keys(['example_setup_teardown_taskflow']) retrieved from /home/airflow/.local/lib/python3.8/site-packages/airflow/example_dags/example_setup_teardown_taskflow.py
[2023-12-22T19:18:08.563+0000] {logging_mixin.py:154} INFO - [2023-12-22T19:18:08.563+0000] {dag.py:2941} INFO - Sync 1 DAGs
[2023-12-22T19:18:08.607+0000] {logging_mixin.py:154} INFO - [2023-12-22T19:18:08.607+0000] {dag.py:3722} INFO - Setting next_dagrun for example_setup_teardown_taskflow to 2023-12-21T19:18:08.606688+00:00, run_after=2023-12-22T19:18:08.606688+00:00
[2023-12-22T19:18:08.648+0000] {processor.py:179} INFO - Processing /home/airflow/.local/lib/python3.8/site-packages/airflow/example_dags/example_setup_teardown_taskflow.py took 0.179 seconds
[2023-12-22T19:18:38.839+0000] {processor.py:157} INFO - Started process (PID=1762) to work on /home/airflow/.local/lib/python3.8/site-packages/airflow/example_dags/example_setup_teardown_taskflow.py
[2023-12-22T19:18:38.841+0000] {processor.py:829} INFO - Processing file /home/airflow/.local/lib/python3.8/site-packages/airflow/example_dags/example_setup_teardown_taskflow.py for tasks to queue
[2023-12-22T19:18:38.846+0000] {logging_mixin.py:154} INFO - [2023-12-22T19:18:38.846+0000] {dagbag.py:536} INFO - Filling up the DagBag from /home/airflow/.local/lib/python3.8/site-packages/airflow/example_dags/example_setup_teardown_taskflow.py
[2023-12-22T19:18:38.864+0000] {processor.py:839} INFO - DAG(s) dict_keys(['example_setup_teardown_taskflow']) retrieved from /home/airflow/.local/lib/python3.8/site-packages/airflow/example_dags/example_setup_teardown_taskflow.py
[2023-12-22T19:18:38.913+0000] {logging_mixin.py:154} INFO - [2023-12-22T19:18:38.913+0000] {dag.py:2941} INFO - Sync 1 DAGs
[2023-12-22T19:18:38.949+0000] {logging_mixin.py:154} INFO - [2023-12-22T19:18:38.949+0000] {dag.py:3722} INFO - Setting next_dagrun for example_setup_teardown_taskflow to 2023-12-21T19:18:38.949015+00:00, run_after=2023-12-22T19:18:38.949015+00:00
[2023-12-22T19:18:38.981+0000] {processor.py:179} INFO - Processing /home/airflow/.local/lib/python3.8/site-packages/airflow/example_dags/example_setup_teardown_taskflow.py took 0.147 seconds
[2023-12-22T19:19:09.085+0000] {processor.py:157} INFO - Started process (PID=1818) to work on /home/airflow/.local/lib/python3.8/site-packages/airflow/example_dags/example_setup_teardown_taskflow.py
[2023-12-22T19:19:09.087+0000] {processor.py:829} INFO - Processing file /home/airflow/.local/lib/python3.8/site-packages/airflow/example_dags/example_setup_teardown_taskflow.py for tasks to queue
[2023-12-22T19:19:09.092+0000] {logging_mixin.py:154} INFO - [2023-12-22T19:19:09.091+0000] {dagbag.py:536} INFO - Filling up the DagBag from /home/airflow/.local/lib/python3.8/site-packages/airflow/example_dags/example_setup_teardown_taskflow.py
[2023-12-22T19:19:09.110+0000] {processor.py:839} INFO - DAG(s) dict_keys(['example_setup_teardown_taskflow']) retrieved from /home/airflow/.local/lib/python3.8/site-packages/airflow/example_dags/example_setup_teardown_taskflow.py
[2023-12-22T19:19:09.148+0000] {logging_mixin.py:154} INFO - [2023-12-22T19:19:09.148+0000] {dag.py:2941} INFO - Sync 1 DAGs
[2023-12-22T19:19:09.184+0000] {logging_mixin.py:154} INFO - [2023-12-22T19:19:09.184+0000] {dag.py:3722} INFO - Setting next_dagrun for example_setup_teardown_taskflow to 2023-12-21T19:19:09.184025+00:00, run_after=2023-12-22T19:19:09.184025+00:00
[2023-12-22T19:19:09.217+0000] {processor.py:179} INFO - Processing /home/airflow/.local/lib/python3.8/site-packages/airflow/example_dags/example_setup_teardown_taskflow.py took 0.138 seconds
[2023-12-22T19:19:39.675+0000] {processor.py:157} INFO - Started process (PID=1872) to work on /home/airflow/.local/lib/python3.8/site-packages/airflow/example_dags/example_setup_teardown_taskflow.py
[2023-12-22T19:19:39.677+0000] {processor.py:829} INFO - Processing file /home/airflow/.local/lib/python3.8/site-packages/airflow/example_dags/example_setup_teardown_taskflow.py for tasks to queue
[2023-12-22T19:19:39.681+0000] {logging_mixin.py:154} INFO - [2023-12-22T19:19:39.681+0000] {dagbag.py:536} INFO - Filling up the DagBag from /home/airflow/.local/lib/python3.8/site-packages/airflow/example_dags/example_setup_teardown_taskflow.py
[2023-12-22T19:19:39.697+0000] {processor.py:839} INFO - DAG(s) dict_keys(['example_setup_teardown_taskflow']) retrieved from /home/airflow/.local/lib/python3.8/site-packages/airflow/example_dags/example_setup_teardown_taskflow.py
[2023-12-22T19:19:39.733+0000] {logging_mixin.py:154} INFO - [2023-12-22T19:19:39.732+0000] {dag.py:2941} INFO - Sync 1 DAGs
[2023-12-22T19:19:39.768+0000] {logging_mixin.py:154} INFO - [2023-12-22T19:19:39.767+0000] {dag.py:3722} INFO - Setting next_dagrun for example_setup_teardown_taskflow to 2023-12-21T19:19:39.767417+00:00, run_after=2023-12-22T19:19:39.767417+00:00
[2023-12-22T19:19:39.803+0000] {processor.py:179} INFO - Processing /home/airflow/.local/lib/python3.8/site-packages/airflow/example_dags/example_setup_teardown_taskflow.py took 0.134 seconds
[2023-12-22T19:20:10.140+0000] {processor.py:157} INFO - Started process (PID=1928) to work on /home/airflow/.local/lib/python3.8/site-packages/airflow/example_dags/example_setup_teardown_taskflow.py
[2023-12-22T19:20:10.142+0000] {processor.py:829} INFO - Processing file /home/airflow/.local/lib/python3.8/site-packages/airflow/example_dags/example_setup_teardown_taskflow.py for tasks to queue
[2023-12-22T19:20:10.148+0000] {logging_mixin.py:154} INFO - [2023-12-22T19:20:10.147+0000] {dagbag.py:536} INFO - Filling up the DagBag from /home/airflow/.local/lib/python3.8/site-packages/airflow/example_dags/example_setup_teardown_taskflow.py
[2023-12-22T19:20:10.166+0000] {processor.py:839} INFO - DAG(s) dict_keys(['example_setup_teardown_taskflow']) retrieved from /home/airflow/.local/lib/python3.8/site-packages/airflow/example_dags/example_setup_teardown_taskflow.py
[2023-12-22T19:20:10.201+0000] {logging_mixin.py:154} INFO - [2023-12-22T19:20:10.201+0000] {dag.py:2941} INFO - Sync 1 DAGs
[2023-12-22T19:20:10.244+0000] {logging_mixin.py:154} INFO - [2023-12-22T19:20:10.244+0000] {dag.py:3722} INFO - Setting next_dagrun for example_setup_teardown_taskflow to 2023-12-21T19:20:10.243930+00:00, run_after=2023-12-22T19:20:10.243930+00:00
[2023-12-22T19:20:10.287+0000] {processor.py:179} INFO - Processing /home/airflow/.local/lib/python3.8/site-packages/airflow/example_dags/example_setup_teardown_taskflow.py took 0.153 seconds
[2023-12-22T20:14:16.788+0000] {processor.py:157} INFO - Started process (PID=78) to work on /home/airflow/.local/lib/python3.8/site-packages/airflow/example_dags/example_setup_teardown_taskflow.py
[2023-12-22T20:14:16.792+0000] {processor.py:829} INFO - Processing file /home/airflow/.local/lib/python3.8/site-packages/airflow/example_dags/example_setup_teardown_taskflow.py for tasks to queue
[2023-12-22T20:14:16.804+0000] {logging_mixin.py:154} INFO - [2023-12-22T20:14:16.804+0000] {dagbag.py:536} INFO - Filling up the DagBag from /home/airflow/.local/lib/python3.8/site-packages/airflow/example_dags/example_setup_teardown_taskflow.py
[2023-12-22T20:14:16.850+0000] {processor.py:839} INFO - DAG(s) dict_keys(['example_setup_teardown_taskflow']) retrieved from /home/airflow/.local/lib/python3.8/site-packages/airflow/example_dags/example_setup_teardown_taskflow.py
[2023-12-22T20:14:16.908+0000] {logging_mixin.py:154} INFO - [2023-12-22T20:14:16.908+0000] {dag.py:2941} INFO - Sync 1 DAGs
[2023-12-22T20:14:16.963+0000] {logging_mixin.py:154} INFO - [2023-12-22T20:14:16.963+0000] {dag.py:3722} INFO - Setting next_dagrun for example_setup_teardown_taskflow to 2023-12-21T20:14:16.962375+00:00, run_after=2023-12-22T20:14:16.962375+00:00
[2023-12-22T20:14:17.031+0000] {processor.py:179} INFO - Processing /home/airflow/.local/lib/python3.8/site-packages/airflow/example_dags/example_setup_teardown_taskflow.py took 0.250 seconds
[2023-12-22T20:14:47.721+0000] {processor.py:157} INFO - Started process (PID=134) to work on /home/airflow/.local/lib/python3.8/site-packages/airflow/example_dags/example_setup_teardown_taskflow.py
[2023-12-22T20:14:47.723+0000] {processor.py:829} INFO - Processing file /home/airflow/.local/lib/python3.8/site-packages/airflow/example_dags/example_setup_teardown_taskflow.py for tasks to queue
[2023-12-22T20:14:47.729+0000] {logging_mixin.py:154} INFO - [2023-12-22T20:14:47.729+0000] {dagbag.py:536} INFO - Filling up the DagBag from /home/airflow/.local/lib/python3.8/site-packages/airflow/example_dags/example_setup_teardown_taskflow.py
[2023-12-22T20:14:47.747+0000] {processor.py:839} INFO - DAG(s) dict_keys(['example_setup_teardown_taskflow']) retrieved from /home/airflow/.local/lib/python3.8/site-packages/airflow/example_dags/example_setup_teardown_taskflow.py
[2023-12-22T20:14:47.794+0000] {logging_mixin.py:154} INFO - [2023-12-22T20:14:47.794+0000] {dag.py:2941} INFO - Sync 1 DAGs
[2023-12-22T20:14:47.831+0000] {logging_mixin.py:154} INFO - [2023-12-22T20:14:47.830+0000] {dag.py:3722} INFO - Setting next_dagrun for example_setup_teardown_taskflow to 2023-12-21T20:14:47.830436+00:00, run_after=2023-12-22T20:14:47.830436+00:00
[2023-12-22T20:14:47.872+0000] {processor.py:179} INFO - Processing /home/airflow/.local/lib/python3.8/site-packages/airflow/example_dags/example_setup_teardown_taskflow.py took 0.160 seconds
[2023-12-22T20:15:17.984+0000] {processor.py:157} INFO - Started process (PID=190) to work on /home/airflow/.local/lib/python3.8/site-packages/airflow/example_dags/example_setup_teardown_taskflow.py
[2023-12-22T20:15:17.986+0000] {processor.py:829} INFO - Processing file /home/airflow/.local/lib/python3.8/site-packages/airflow/example_dags/example_setup_teardown_taskflow.py for tasks to queue
[2023-12-22T20:15:17.991+0000] {logging_mixin.py:154} INFO - [2023-12-22T20:15:17.990+0000] {dagbag.py:536} INFO - Filling up the DagBag from /home/airflow/.local/lib/python3.8/site-packages/airflow/example_dags/example_setup_teardown_taskflow.py
[2023-12-22T20:15:18.008+0000] {processor.py:839} INFO - DAG(s) dict_keys(['example_setup_teardown_taskflow']) retrieved from /home/airflow/.local/lib/python3.8/site-packages/airflow/example_dags/example_setup_teardown_taskflow.py
[2023-12-22T20:15:18.048+0000] {logging_mixin.py:154} INFO - [2023-12-22T20:15:18.048+0000] {dag.py:2941} INFO - Sync 1 DAGs
[2023-12-22T20:15:18.085+0000] {logging_mixin.py:154} INFO - [2023-12-22T20:15:18.085+0000] {dag.py:3722} INFO - Setting next_dagrun for example_setup_teardown_taskflow to 2023-12-21T20:15:18.085046+00:00, run_after=2023-12-22T20:15:18.085046+00:00
[2023-12-22T20:15:18.120+0000] {processor.py:179} INFO - Processing /home/airflow/.local/lib/python3.8/site-packages/airflow/example_dags/example_setup_teardown_taskflow.py took 0.142 seconds
[2023-12-22T20:15:50.562+0000] {processor.py:157} INFO - Started process (PID=246) to work on /home/airflow/.local/lib/python3.8/site-packages/airflow/example_dags/example_setup_teardown_taskflow.py
[2023-12-22T20:15:50.580+0000] {processor.py:829} INFO - Processing file /home/airflow/.local/lib/python3.8/site-packages/airflow/example_dags/example_setup_teardown_taskflow.py for tasks to queue
[2023-12-22T20:15:50.610+0000] {logging_mixin.py:154} INFO - [2023-12-22T20:15:50.609+0000] {dagbag.py:536} INFO - Filling up the DagBag from /home/airflow/.local/lib/python3.8/site-packages/airflow/example_dags/example_setup_teardown_taskflow.py
[2023-12-22T20:15:50.705+0000] {processor.py:839} INFO - DAG(s) dict_keys(['example_setup_teardown_taskflow']) retrieved from /home/airflow/.local/lib/python3.8/site-packages/airflow/example_dags/example_setup_teardown_taskflow.py
[2023-12-22T20:15:50.776+0000] {logging_mixin.py:154} INFO - [2023-12-22T20:15:50.776+0000] {dag.py:2941} INFO - Sync 1 DAGs
[2023-12-22T20:15:50.832+0000] {logging_mixin.py:154} INFO - [2023-12-22T20:15:50.831+0000] {dag.py:3722} INFO - Setting next_dagrun for example_setup_teardown_taskflow to 2023-12-21T20:15:50.831180+00:00, run_after=2023-12-22T20:15:50.831180+00:00
[2023-12-22T20:15:50.873+0000] {processor.py:179} INFO - Processing /home/airflow/.local/lib/python3.8/site-packages/airflow/example_dags/example_setup_teardown_taskflow.py took 0.340 seconds
[2023-12-22T20:17:55.106+0000] {processor.py:157} INFO - Started process (PID=72) to work on /home/airflow/.local/lib/python3.8/site-packages/airflow/example_dags/example_setup_teardown_taskflow.py
[2023-12-22T20:17:55.109+0000] {processor.py:829} INFO - Processing file /home/airflow/.local/lib/python3.8/site-packages/airflow/example_dags/example_setup_teardown_taskflow.py for tasks to queue
[2023-12-22T20:17:55.114+0000] {logging_mixin.py:154} INFO - [2023-12-22T20:17:55.113+0000] {dagbag.py:536} INFO - Filling up the DagBag from /home/airflow/.local/lib/python3.8/site-packages/airflow/example_dags/example_setup_teardown_taskflow.py
[2023-12-22T20:17:55.132+0000] {processor.py:839} INFO - DAG(s) dict_keys(['example_setup_teardown_taskflow']) retrieved from /home/airflow/.local/lib/python3.8/site-packages/airflow/example_dags/example_setup_teardown_taskflow.py
[2023-12-22T20:17:55.220+0000] {logging_mixin.py:154} INFO - [2023-12-22T20:17:55.219+0000] {dag.py:2941} INFO - Sync 1 DAGs
[2023-12-22T20:17:55.302+0000] {logging_mixin.py:154} INFO - [2023-12-22T20:17:55.302+0000] {dag.py:3722} INFO - Setting next_dagrun for example_setup_teardown_taskflow to 2023-12-21T20:17:55.302184+00:00, run_after=2023-12-22T20:17:55.302184+00:00
[2023-12-22T20:17:55.351+0000] {processor.py:179} INFO - Processing /home/airflow/.local/lib/python3.8/site-packages/airflow/example_dags/example_setup_teardown_taskflow.py took 0.254 seconds
[2023-12-22T20:18:26.121+0000] {processor.py:157} INFO - Started process (PID=128) to work on /home/airflow/.local/lib/python3.8/site-packages/airflow/example_dags/example_setup_teardown_taskflow.py
[2023-12-22T20:18:26.127+0000] {processor.py:829} INFO - Processing file /home/airflow/.local/lib/python3.8/site-packages/airflow/example_dags/example_setup_teardown_taskflow.py for tasks to queue
[2023-12-22T20:18:26.134+0000] {logging_mixin.py:154} INFO - [2023-12-22T20:18:26.133+0000] {dagbag.py:536} INFO - Filling up the DagBag from /home/airflow/.local/lib/python3.8/site-packages/airflow/example_dags/example_setup_teardown_taskflow.py
[2023-12-22T20:18:26.153+0000] {processor.py:839} INFO - DAG(s) dict_keys(['example_setup_teardown_taskflow']) retrieved from /home/airflow/.local/lib/python3.8/site-packages/airflow/example_dags/example_setup_teardown_taskflow.py
[2023-12-22T20:18:26.200+0000] {logging_mixin.py:154} INFO - [2023-12-22T20:18:26.200+0000] {dag.py:2941} INFO - Sync 1 DAGs
[2023-12-22T20:18:26.250+0000] {logging_mixin.py:154} INFO - [2023-12-22T20:18:26.250+0000] {dag.py:3722} INFO - Setting next_dagrun for example_setup_teardown_taskflow to 2023-12-21T20:18:26.250034+00:00, run_after=2023-12-22T20:18:26.250034+00:00
[2023-12-22T20:18:26.295+0000] {processor.py:179} INFO - Processing /home/airflow/.local/lib/python3.8/site-packages/airflow/example_dags/example_setup_teardown_taskflow.py took 0.188 seconds
[2023-12-22T20:18:57.148+0000] {processor.py:157} INFO - Started process (PID=184) to work on /home/airflow/.local/lib/python3.8/site-packages/airflow/example_dags/example_setup_teardown_taskflow.py
[2023-12-22T20:18:57.151+0000] {processor.py:829} INFO - Processing file /home/airflow/.local/lib/python3.8/site-packages/airflow/example_dags/example_setup_teardown_taskflow.py for tasks to queue
[2023-12-22T20:18:57.155+0000] {logging_mixin.py:154} INFO - [2023-12-22T20:18:57.155+0000] {dagbag.py:536} INFO - Filling up the DagBag from /home/airflow/.local/lib/python3.8/site-packages/airflow/example_dags/example_setup_teardown_taskflow.py
[2023-12-22T20:18:57.171+0000] {processor.py:839} INFO - DAG(s) dict_keys(['example_setup_teardown_taskflow']) retrieved from /home/airflow/.local/lib/python3.8/site-packages/airflow/example_dags/example_setup_teardown_taskflow.py
[2023-12-22T20:18:57.208+0000] {logging_mixin.py:154} INFO - [2023-12-22T20:18:57.208+0000] {dag.py:2941} INFO - Sync 1 DAGs
[2023-12-22T20:18:57.243+0000] {logging_mixin.py:154} INFO - [2023-12-22T20:18:57.243+0000] {dag.py:3722} INFO - Setting next_dagrun for example_setup_teardown_taskflow to 2023-12-21T20:18:57.243294+00:00, run_after=2023-12-22T20:18:57.243294+00:00
[2023-12-22T20:18:57.278+0000] {processor.py:179} INFO - Processing /home/airflow/.local/lib/python3.8/site-packages/airflow/example_dags/example_setup_teardown_taskflow.py took 0.137 seconds
[2023-12-22T20:19:28.380+0000] {processor.py:157} INFO - Started process (PID=240) to work on /home/airflow/.local/lib/python3.8/site-packages/airflow/example_dags/example_setup_teardown_taskflow.py
[2023-12-22T20:19:28.383+0000] {processor.py:829} INFO - Processing file /home/airflow/.local/lib/python3.8/site-packages/airflow/example_dags/example_setup_teardown_taskflow.py for tasks to queue
[2023-12-22T20:19:28.390+0000] {logging_mixin.py:154} INFO - [2023-12-22T20:19:28.388+0000] {dagbag.py:536} INFO - Filling up the DagBag from /home/airflow/.local/lib/python3.8/site-packages/airflow/example_dags/example_setup_teardown_taskflow.py
[2023-12-22T20:19:28.410+0000] {processor.py:839} INFO - DAG(s) dict_keys(['example_setup_teardown_taskflow']) retrieved from /home/airflow/.local/lib/python3.8/site-packages/airflow/example_dags/example_setup_teardown_taskflow.py
[2023-12-22T20:19:28.478+0000] {logging_mixin.py:154} INFO - [2023-12-22T20:19:28.477+0000] {dag.py:2941} INFO - Sync 1 DAGs
[2023-12-22T20:19:28.563+0000] {logging_mixin.py:154} INFO - [2023-12-22T20:19:28.562+0000] {dag.py:3722} INFO - Setting next_dagrun for example_setup_teardown_taskflow to 2023-12-21T20:19:28.561776+00:00, run_after=2023-12-22T20:19:28.561776+00:00
[2023-12-22T20:19:28.610+0000] {processor.py:179} INFO - Processing /home/airflow/.local/lib/python3.8/site-packages/airflow/example_dags/example_setup_teardown_taskflow.py took 0.237 seconds
[2023-12-22T20:19:58.671+0000] {processor.py:157} INFO - Started process (PID=296) to work on /home/airflow/.local/lib/python3.8/site-packages/airflow/example_dags/example_setup_teardown_taskflow.py
[2023-12-22T20:19:58.673+0000] {processor.py:829} INFO - Processing file /home/airflow/.local/lib/python3.8/site-packages/airflow/example_dags/example_setup_teardown_taskflow.py for tasks to queue
[2023-12-22T20:19:58.678+0000] {logging_mixin.py:154} INFO - [2023-12-22T20:19:58.678+0000] {dagbag.py:536} INFO - Filling up the DagBag from /home/airflow/.local/lib/python3.8/site-packages/airflow/example_dags/example_setup_teardown_taskflow.py
[2023-12-22T20:19:58.693+0000] {processor.py:839} INFO - DAG(s) dict_keys(['example_setup_teardown_taskflow']) retrieved from /home/airflow/.local/lib/python3.8/site-packages/airflow/example_dags/example_setup_teardown_taskflow.py
[2023-12-22T20:19:58.729+0000] {logging_mixin.py:154} INFO - [2023-12-22T20:19:58.729+0000] {dag.py:2941} INFO - Sync 1 DAGs
[2023-12-22T20:19:58.762+0000] {logging_mixin.py:154} INFO - [2023-12-22T20:19:58.762+0000] {dag.py:3722} INFO - Setting next_dagrun for example_setup_teardown_taskflow to 2023-12-21T20:19:58.762116+00:00, run_after=2023-12-22T20:19:58.762116+00:00
[2023-12-22T20:19:58.796+0000] {processor.py:179} INFO - Processing /home/airflow/.local/lib/python3.8/site-packages/airflow/example_dags/example_setup_teardown_taskflow.py took 0.131 seconds
[2023-12-22T20:20:29.010+0000] {processor.py:157} INFO - Started process (PID=352) to work on /home/airflow/.local/lib/python3.8/site-packages/airflow/example_dags/example_setup_teardown_taskflow.py
[2023-12-22T20:20:29.012+0000] {processor.py:829} INFO - Processing file /home/airflow/.local/lib/python3.8/site-packages/airflow/example_dags/example_setup_teardown_taskflow.py for tasks to queue
[2023-12-22T20:20:29.017+0000] {logging_mixin.py:154} INFO - [2023-12-22T20:20:29.016+0000] {dagbag.py:536} INFO - Filling up the DagBag from /home/airflow/.local/lib/python3.8/site-packages/airflow/example_dags/example_setup_teardown_taskflow.py
[2023-12-22T20:20:29.034+0000] {processor.py:839} INFO - DAG(s) dict_keys(['example_setup_teardown_taskflow']) retrieved from /home/airflow/.local/lib/python3.8/site-packages/airflow/example_dags/example_setup_teardown_taskflow.py
[2023-12-22T20:20:29.067+0000] {logging_mixin.py:154} INFO - [2023-12-22T20:20:29.066+0000] {dag.py:2941} INFO - Sync 1 DAGs
[2023-12-22T20:20:29.100+0000] {logging_mixin.py:154} INFO - [2023-12-22T20:20:29.100+0000] {dag.py:3722} INFO - Setting next_dagrun for example_setup_teardown_taskflow to 2023-12-21T20:20:29.099861+00:00, run_after=2023-12-22T20:20:29.099861+00:00
[2023-12-22T20:20:29.134+0000] {processor.py:179} INFO - Processing /home/airflow/.local/lib/python3.8/site-packages/airflow/example_dags/example_setup_teardown_taskflow.py took 0.131 seconds
[2023-12-22T20:20:59.317+0000] {processor.py:157} INFO - Started process (PID=408) to work on /home/airflow/.local/lib/python3.8/site-packages/airflow/example_dags/example_setup_teardown_taskflow.py
[2023-12-22T20:20:59.320+0000] {processor.py:829} INFO - Processing file /home/airflow/.local/lib/python3.8/site-packages/airflow/example_dags/example_setup_teardown_taskflow.py for tasks to queue
[2023-12-22T20:20:59.327+0000] {logging_mixin.py:154} INFO - [2023-12-22T20:20:59.325+0000] {dagbag.py:536} INFO - Filling up the DagBag from /home/airflow/.local/lib/python3.8/site-packages/airflow/example_dags/example_setup_teardown_taskflow.py
[2023-12-22T20:20:59.343+0000] {processor.py:839} INFO - DAG(s) dict_keys(['example_setup_teardown_taskflow']) retrieved from /home/airflow/.local/lib/python3.8/site-packages/airflow/example_dags/example_setup_teardown_taskflow.py
[2023-12-22T20:20:59.399+0000] {logging_mixin.py:154} INFO - [2023-12-22T20:20:59.399+0000] {dag.py:2941} INFO - Sync 1 DAGs
[2023-12-22T20:20:59.441+0000] {logging_mixin.py:154} INFO - [2023-12-22T20:20:59.440+0000] {dag.py:3722} INFO - Setting next_dagrun for example_setup_teardown_taskflow to 2023-12-21T20:20:59.439698+00:00, run_after=2023-12-22T20:20:59.439698+00:00
[2023-12-22T20:20:59.518+0000] {processor.py:179} INFO - Processing /home/airflow/.local/lib/python3.8/site-packages/airflow/example_dags/example_setup_teardown_taskflow.py took 0.215 seconds
[2023-12-22T20:21:30.013+0000] {processor.py:157} INFO - Started process (PID=470) to work on /home/airflow/.local/lib/python3.8/site-packages/airflow/example_dags/example_setup_teardown_taskflow.py
[2023-12-22T20:21:30.015+0000] {processor.py:829} INFO - Processing file /home/airflow/.local/lib/python3.8/site-packages/airflow/example_dags/example_setup_teardown_taskflow.py for tasks to queue
[2023-12-22T20:21:30.022+0000] {logging_mixin.py:154} INFO - [2023-12-22T20:21:30.021+0000] {dagbag.py:536} INFO - Filling up the DagBag from /home/airflow/.local/lib/python3.8/site-packages/airflow/example_dags/example_setup_teardown_taskflow.py
[2023-12-22T20:21:30.038+0000] {processor.py:839} INFO - DAG(s) dict_keys(['example_setup_teardown_taskflow']) retrieved from /home/airflow/.local/lib/python3.8/site-packages/airflow/example_dags/example_setup_teardown_taskflow.py
[2023-12-22T20:21:30.077+0000] {logging_mixin.py:154} INFO - [2023-12-22T20:21:30.077+0000] {dag.py:2941} INFO - Sync 1 DAGs
[2023-12-22T20:21:30.110+0000] {logging_mixin.py:154} INFO - [2023-12-22T20:21:30.110+0000] {dag.py:3722} INFO - Setting next_dagrun for example_setup_teardown_taskflow to 2023-12-21T20:21:30.110324+00:00, run_after=2023-12-22T20:21:30.110324+00:00
[2023-12-22T20:21:30.149+0000] {processor.py:179} INFO - Processing /home/airflow/.local/lib/python3.8/site-packages/airflow/example_dags/example_setup_teardown_taskflow.py took 0.143 seconds
[2023-12-22T20:22:00.606+0000] {processor.py:157} INFO - Started process (PID=526) to work on /home/airflow/.local/lib/python3.8/site-packages/airflow/example_dags/example_setup_teardown_taskflow.py
[2023-12-22T20:22:00.608+0000] {processor.py:829} INFO - Processing file /home/airflow/.local/lib/python3.8/site-packages/airflow/example_dags/example_setup_teardown_taskflow.py for tasks to queue
[2023-12-22T20:22:00.613+0000] {logging_mixin.py:154} INFO - [2023-12-22T20:22:00.611+0000] {dagbag.py:536} INFO - Filling up the DagBag from /home/airflow/.local/lib/python3.8/site-packages/airflow/example_dags/example_setup_teardown_taskflow.py
[2023-12-22T20:22:00.628+0000] {processor.py:839} INFO - DAG(s) dict_keys(['example_setup_teardown_taskflow']) retrieved from /home/airflow/.local/lib/python3.8/site-packages/airflow/example_dags/example_setup_teardown_taskflow.py
[2023-12-22T20:22:00.667+0000] {logging_mixin.py:154} INFO - [2023-12-22T20:22:00.667+0000] {dag.py:2941} INFO - Sync 1 DAGs
[2023-12-22T20:22:00.700+0000] {logging_mixin.py:154} INFO - [2023-12-22T20:22:00.699+0000] {dag.py:3722} INFO - Setting next_dagrun for example_setup_teardown_taskflow to 2023-12-21T20:22:00.699618+00:00, run_after=2023-12-22T20:22:00.699618+00:00
[2023-12-22T20:22:00.730+0000] {processor.py:179} INFO - Processing /home/airflow/.local/lib/python3.8/site-packages/airflow/example_dags/example_setup_teardown_taskflow.py took 0.130 seconds
[2023-12-22T20:22:32.086+0000] {processor.py:157} INFO - Started process (PID=581) to work on /home/airflow/.local/lib/python3.8/site-packages/airflow/example_dags/example_setup_teardown_taskflow.py
[2023-12-22T20:22:32.088+0000] {processor.py:829} INFO - Processing file /home/airflow/.local/lib/python3.8/site-packages/airflow/example_dags/example_setup_teardown_taskflow.py for tasks to queue
[2023-12-22T20:22:32.096+0000] {logging_mixin.py:154} INFO - [2023-12-22T20:22:32.095+0000] {dagbag.py:536} INFO - Filling up the DagBag from /home/airflow/.local/lib/python3.8/site-packages/airflow/example_dags/example_setup_teardown_taskflow.py
[2023-12-22T20:22:32.136+0000] {processor.py:839} INFO - DAG(s) dict_keys(['example_setup_teardown_taskflow']) retrieved from /home/airflow/.local/lib/python3.8/site-packages/airflow/example_dags/example_setup_teardown_taskflow.py
[2023-12-22T20:22:32.212+0000] {logging_mixin.py:154} INFO - [2023-12-22T20:22:32.212+0000] {dag.py:2941} INFO - Sync 1 DAGs
[2023-12-22T20:22:32.258+0000] {logging_mixin.py:154} INFO - [2023-12-22T20:22:32.258+0000] {dag.py:3722} INFO - Setting next_dagrun for example_setup_teardown_taskflow to 2023-12-21T20:22:32.258303+00:00, run_after=2023-12-22T20:22:32.258303+00:00
[2023-12-22T20:22:32.290+0000] {processor.py:179} INFO - Processing /home/airflow/.local/lib/python3.8/site-packages/airflow/example_dags/example_setup_teardown_taskflow.py took 0.211 seconds
[2023-12-22T20:23:48.825+0000] {processor.py:157} INFO - Started process (PID=670) to work on /home/airflow/.local/lib/python3.8/site-packages/airflow/example_dags/example_setup_teardown_taskflow.py
[2023-12-22T20:23:48.847+0000] {processor.py:829} INFO - Processing file /home/airflow/.local/lib/python3.8/site-packages/airflow/example_dags/example_setup_teardown_taskflow.py for tasks to queue
[2023-12-22T20:23:48.886+0000] {logging_mixin.py:154} INFO - [2023-12-22T20:23:48.874+0000] {dagbag.py:536} INFO - Filling up the DagBag from /home/airflow/.local/lib/python3.8/site-packages/airflow/example_dags/example_setup_teardown_taskflow.py
[2023-12-22T20:23:49.466+0000] {processor.py:839} INFO - DAG(s) dict_keys(['example_setup_teardown_taskflow']) retrieved from /home/airflow/.local/lib/python3.8/site-packages/airflow/example_dags/example_setup_teardown_taskflow.py
[2023-12-22T20:23:51.076+0000] {logging_mixin.py:154} INFO - [2023-12-22T20:23:51.065+0000] {dag.py:2941} INFO - Sync 1 DAGs
[2023-12-22T20:23:51.385+0000] {logging_mixin.py:154} INFO - [2023-12-22T20:23:51.382+0000] {dag.py:3722} INFO - Setting next_dagrun for example_setup_teardown_taskflow to 2023-12-21T20:23:51.379589+00:00, run_after=2023-12-22T20:23:51.379589+00:00
[2023-12-22T20:23:51.576+0000] {processor.py:179} INFO - Processing /home/airflow/.local/lib/python3.8/site-packages/airflow/example_dags/example_setup_teardown_taskflow.py took 2.805 seconds
[2023-12-22T20:26:38.384+0000] {processor.py:157} INFO - Started process (PID=803) to work on /home/airflow/.local/lib/python3.8/site-packages/airflow/example_dags/example_setup_teardown_taskflow.py
[2023-12-22T20:26:38.412+0000] {processor.py:829} INFO - Processing file /home/airflow/.local/lib/python3.8/site-packages/airflow/example_dags/example_setup_teardown_taskflow.py for tasks to queue
[2023-12-22T20:26:38.426+0000] {logging_mixin.py:154} INFO - [2023-12-22T20:26:38.424+0000] {dagbag.py:536} INFO - Filling up the DagBag from /home/airflow/.local/lib/python3.8/site-packages/airflow/example_dags/example_setup_teardown_taskflow.py
[2023-12-22T20:26:38.537+0000] {processor.py:839} INFO - DAG(s) dict_keys(['example_setup_teardown_taskflow']) retrieved from /home/airflow/.local/lib/python3.8/site-packages/airflow/example_dags/example_setup_teardown_taskflow.py
[2023-12-22T20:26:38.998+0000] {logging_mixin.py:154} INFO - [2023-12-22T20:26:38.997+0000] {dag.py:2941} INFO - Sync 1 DAGs
[2023-12-22T20:26:39.280+0000] {logging_mixin.py:154} INFO - [2023-12-22T20:26:39.278+0000] {dag.py:3722} INFO - Setting next_dagrun for example_setup_teardown_taskflow to 2023-12-21T20:26:39.272318+00:00, run_after=2023-12-22T20:26:39.272318+00:00
[2023-12-22T20:26:40.693+0000] {processor.py:179} INFO - Processing /home/airflow/.local/lib/python3.8/site-packages/airflow/example_dags/example_setup_teardown_taskflow.py took 2.224 seconds
