[2023-12-22T19:03:02.650+0000] {processor.py:157} INFO - Started process (PID=45) to work on /home/airflow/.local/lib/python3.8/site-packages/airflow/example_dags/example_xcom.py
[2023-12-22T19:03:02.654+0000] {processor.py:829} INFO - Processing file /home/airflow/.local/lib/python3.8/site-packages/airflow/example_dags/example_xcom.py for tasks to queue
[2023-12-22T19:03:02.665+0000] {logging_mixin.py:154} INFO - [2023-12-22T19:03:02.664+0000] {dagbag.py:536} INFO - Filling up the DagBag from /home/airflow/.local/lib/python3.8/site-packages/airflow/example_dags/example_xcom.py
[2023-12-22T19:03:02.715+0000] {processor.py:839} INFO - DAG(s) dict_keys(['example_xcom']) retrieved from /home/airflow/.local/lib/python3.8/site-packages/airflow/example_dags/example_xcom.py
[2023-12-22T19:03:02.866+0000] {logging_mixin.py:154} INFO - [2023-12-22T19:03:02.865+0000] {dag.py:2941} INFO - Sync 1 DAGs
[2023-12-22T19:03:03.027+0000] {logging_mixin.py:154} INFO - [2023-12-22T19:03:03.026+0000] {dag.py:3722} INFO - Setting next_dagrun for example_xcom to 2021-01-01T00:00:00+00:00, run_after=2021-01-01T00:00:00+00:00
[2023-12-22T19:03:03.157+0000] {processor.py:179} INFO - Processing /home/airflow/.local/lib/python3.8/site-packages/airflow/example_dags/example_xcom.py took 0.516 seconds
[2023-12-22T19:03:33.906+0000] {processor.py:157} INFO - Started process (PID=101) to work on /home/airflow/.local/lib/python3.8/site-packages/airflow/example_dags/example_xcom.py
[2023-12-22T19:03:33.910+0000] {processor.py:829} INFO - Processing file /home/airflow/.local/lib/python3.8/site-packages/airflow/example_dags/example_xcom.py for tasks to queue
[2023-12-22T19:03:33.916+0000] {logging_mixin.py:154} INFO - [2023-12-22T19:03:33.915+0000] {dagbag.py:536} INFO - Filling up the DagBag from /home/airflow/.local/lib/python3.8/site-packages/airflow/example_dags/example_xcom.py
[2023-12-22T19:03:33.933+0000] {processor.py:839} INFO - DAG(s) dict_keys(['example_xcom']) retrieved from /home/airflow/.local/lib/python3.8/site-packages/airflow/example_dags/example_xcom.py
[2023-12-22T19:03:34.028+0000] {logging_mixin.py:154} INFO - [2023-12-22T19:03:34.027+0000] {dag.py:2941} INFO - Sync 1 DAGs
[2023-12-22T19:03:34.111+0000] {logging_mixin.py:154} INFO - [2023-12-22T19:03:34.111+0000] {dag.py:3722} INFO - Setting next_dagrun for example_xcom to 2021-01-01T00:00:00+00:00, run_after=2021-01-01T00:00:00+00:00
[2023-12-22T19:03:34.197+0000] {processor.py:179} INFO - Processing /home/airflow/.local/lib/python3.8/site-packages/airflow/example_dags/example_xcom.py took 0.298 seconds
[2023-12-22T19:04:05.463+0000] {processor.py:157} INFO - Started process (PID=157) to work on /home/airflow/.local/lib/python3.8/site-packages/airflow/example_dags/example_xcom.py
[2023-12-22T19:04:05.476+0000] {processor.py:829} INFO - Processing file /home/airflow/.local/lib/python3.8/site-packages/airflow/example_dags/example_xcom.py for tasks to queue
[2023-12-22T19:04:05.487+0000] {logging_mixin.py:154} INFO - [2023-12-22T19:04:05.487+0000] {dagbag.py:536} INFO - Filling up the DagBag from /home/airflow/.local/lib/python3.8/site-packages/airflow/example_dags/example_xcom.py
[2023-12-22T19:04:05.509+0000] {processor.py:839} INFO - DAG(s) dict_keys(['example_xcom']) retrieved from /home/airflow/.local/lib/python3.8/site-packages/airflow/example_dags/example_xcom.py
[2023-12-22T19:04:05.780+0000] {logging_mixin.py:154} INFO - [2023-12-22T19:04:05.780+0000] {dag.py:2941} INFO - Sync 1 DAGs
[2023-12-22T19:04:05.863+0000] {logging_mixin.py:154} INFO - [2023-12-22T19:04:05.863+0000] {dag.py:3722} INFO - Setting next_dagrun for example_xcom to 2021-01-01T00:00:00+00:00, run_after=2021-01-01T00:00:00+00:00
[2023-12-22T19:04:05.924+0000] {processor.py:179} INFO - Processing /home/airflow/.local/lib/python3.8/site-packages/airflow/example_dags/example_xcom.py took 0.476 seconds
[2023-12-22T19:04:36.134+0000] {processor.py:157} INFO - Started process (PID=213) to work on /home/airflow/.local/lib/python3.8/site-packages/airflow/example_dags/example_xcom.py
[2023-12-22T19:04:36.137+0000] {processor.py:829} INFO - Processing file /home/airflow/.local/lib/python3.8/site-packages/airflow/example_dags/example_xcom.py for tasks to queue
[2023-12-22T19:04:36.143+0000] {logging_mixin.py:154} INFO - [2023-12-22T19:04:36.142+0000] {dagbag.py:536} INFO - Filling up the DagBag from /home/airflow/.local/lib/python3.8/site-packages/airflow/example_dags/example_xcom.py
[2023-12-22T19:04:36.158+0000] {processor.py:839} INFO - DAG(s) dict_keys(['example_xcom']) retrieved from /home/airflow/.local/lib/python3.8/site-packages/airflow/example_dags/example_xcom.py
[2023-12-22T19:04:36.200+0000] {logging_mixin.py:154} INFO - [2023-12-22T19:04:36.200+0000] {dag.py:2941} INFO - Sync 1 DAGs
[2023-12-22T19:04:36.247+0000] {logging_mixin.py:154} INFO - [2023-12-22T19:04:36.246+0000] {dag.py:3722} INFO - Setting next_dagrun for example_xcom to 2021-01-01T00:00:00+00:00, run_after=2021-01-01T00:00:00+00:00
[2023-12-22T19:04:36.289+0000] {processor.py:179} INFO - Processing /home/airflow/.local/lib/python3.8/site-packages/airflow/example_dags/example_xcom.py took 0.161 seconds
[2023-12-22T19:05:06.428+0000] {processor.py:157} INFO - Started process (PID=269) to work on /home/airflow/.local/lib/python3.8/site-packages/airflow/example_dags/example_xcom.py
[2023-12-22T19:05:06.431+0000] {processor.py:829} INFO - Processing file /home/airflow/.local/lib/python3.8/site-packages/airflow/example_dags/example_xcom.py for tasks to queue
[2023-12-22T19:05:06.436+0000] {logging_mixin.py:154} INFO - [2023-12-22T19:05:06.436+0000] {dagbag.py:536} INFO - Filling up the DagBag from /home/airflow/.local/lib/python3.8/site-packages/airflow/example_dags/example_xcom.py
[2023-12-22T19:05:06.450+0000] {processor.py:839} INFO - DAG(s) dict_keys(['example_xcom']) retrieved from /home/airflow/.local/lib/python3.8/site-packages/airflow/example_dags/example_xcom.py
[2023-12-22T19:05:06.489+0000] {logging_mixin.py:154} INFO - [2023-12-22T19:05:06.488+0000] {dag.py:2941} INFO - Sync 1 DAGs
[2023-12-22T19:05:06.522+0000] {logging_mixin.py:154} INFO - [2023-12-22T19:05:06.521+0000] {dag.py:3722} INFO - Setting next_dagrun for example_xcom to 2021-01-01T00:00:00+00:00, run_after=2021-01-01T00:00:00+00:00
[2023-12-22T19:05:06.563+0000] {processor.py:179} INFO - Processing /home/airflow/.local/lib/python3.8/site-packages/airflow/example_dags/example_xcom.py took 0.141 seconds
[2023-12-22T19:05:37.259+0000] {processor.py:157} INFO - Started process (PID=325) to work on /home/airflow/.local/lib/python3.8/site-packages/airflow/example_dags/example_xcom.py
[2023-12-22T19:05:37.262+0000] {processor.py:829} INFO - Processing file /home/airflow/.local/lib/python3.8/site-packages/airflow/example_dags/example_xcom.py for tasks to queue
[2023-12-22T19:05:37.270+0000] {logging_mixin.py:154} INFO - [2023-12-22T19:05:37.270+0000] {dagbag.py:536} INFO - Filling up the DagBag from /home/airflow/.local/lib/python3.8/site-packages/airflow/example_dags/example_xcom.py
[2023-12-22T19:05:37.288+0000] {processor.py:839} INFO - DAG(s) dict_keys(['example_xcom']) retrieved from /home/airflow/.local/lib/python3.8/site-packages/airflow/example_dags/example_xcom.py
[2023-12-22T19:05:37.329+0000] {logging_mixin.py:154} INFO - [2023-12-22T19:05:37.328+0000] {dag.py:2941} INFO - Sync 1 DAGs
[2023-12-22T19:05:37.362+0000] {logging_mixin.py:154} INFO - [2023-12-22T19:05:37.361+0000] {dag.py:3722} INFO - Setting next_dagrun for example_xcom to 2021-01-01T00:00:00+00:00, run_after=2021-01-01T00:00:00+00:00
[2023-12-22T19:05:37.396+0000] {processor.py:179} INFO - Processing /home/airflow/.local/lib/python3.8/site-packages/airflow/example_dags/example_xcom.py took 0.145 seconds
[2023-12-22T19:06:07.523+0000] {processor.py:157} INFO - Started process (PID=381) to work on /home/airflow/.local/lib/python3.8/site-packages/airflow/example_dags/example_xcom.py
[2023-12-22T19:06:07.526+0000] {processor.py:829} INFO - Processing file /home/airflow/.local/lib/python3.8/site-packages/airflow/example_dags/example_xcom.py for tasks to queue
[2023-12-22T19:06:07.531+0000] {logging_mixin.py:154} INFO - [2023-12-22T19:06:07.530+0000] {dagbag.py:536} INFO - Filling up the DagBag from /home/airflow/.local/lib/python3.8/site-packages/airflow/example_dags/example_xcom.py
[2023-12-22T19:06:07.544+0000] {processor.py:839} INFO - DAG(s) dict_keys(['example_xcom']) retrieved from /home/airflow/.local/lib/python3.8/site-packages/airflow/example_dags/example_xcom.py
[2023-12-22T19:06:07.582+0000] {logging_mixin.py:154} INFO - [2023-12-22T19:06:07.582+0000] {dag.py:2941} INFO - Sync 1 DAGs
[2023-12-22T19:06:07.615+0000] {logging_mixin.py:154} INFO - [2023-12-22T19:06:07.615+0000] {dag.py:3722} INFO - Setting next_dagrun for example_xcom to 2021-01-01T00:00:00+00:00, run_after=2021-01-01T00:00:00+00:00
[2023-12-22T19:06:07.649+0000] {processor.py:179} INFO - Processing /home/airflow/.local/lib/python3.8/site-packages/airflow/example_dags/example_xcom.py took 0.132 seconds
[2023-12-22T19:06:38.183+0000] {processor.py:157} INFO - Started process (PID=437) to work on /home/airflow/.local/lib/python3.8/site-packages/airflow/example_dags/example_xcom.py
[2023-12-22T19:06:38.186+0000] {processor.py:829} INFO - Processing file /home/airflow/.local/lib/python3.8/site-packages/airflow/example_dags/example_xcom.py for tasks to queue
[2023-12-22T19:06:38.194+0000] {logging_mixin.py:154} INFO - [2023-12-22T19:06:38.194+0000] {dagbag.py:536} INFO - Filling up the DagBag from /home/airflow/.local/lib/python3.8/site-packages/airflow/example_dags/example_xcom.py
[2023-12-22T19:06:38.218+0000] {processor.py:839} INFO - DAG(s) dict_keys(['example_xcom']) retrieved from /home/airflow/.local/lib/python3.8/site-packages/airflow/example_dags/example_xcom.py
[2023-12-22T19:06:38.264+0000] {logging_mixin.py:154} INFO - [2023-12-22T19:06:38.263+0000] {dag.py:2941} INFO - Sync 1 DAGs
[2023-12-22T19:06:38.308+0000] {logging_mixin.py:154} INFO - [2023-12-22T19:06:38.307+0000] {dag.py:3722} INFO - Setting next_dagrun for example_xcom to 2021-01-01T00:00:00+00:00, run_after=2021-01-01T00:00:00+00:00
[2023-12-22T19:06:38.367+0000] {processor.py:179} INFO - Processing /home/airflow/.local/lib/python3.8/site-packages/airflow/example_dags/example_xcom.py took 0.194 seconds
[2023-12-22T19:07:09.195+0000] {processor.py:157} INFO - Started process (PID=500) to work on /home/airflow/.local/lib/python3.8/site-packages/airflow/example_dags/example_xcom.py
[2023-12-22T19:07:09.198+0000] {processor.py:829} INFO - Processing file /home/airflow/.local/lib/python3.8/site-packages/airflow/example_dags/example_xcom.py for tasks to queue
[2023-12-22T19:07:09.212+0000] {logging_mixin.py:154} INFO - [2023-12-22T19:07:09.202+0000] {dagbag.py:536} INFO - Filling up the DagBag from /home/airflow/.local/lib/python3.8/site-packages/airflow/example_dags/example_xcom.py
[2023-12-22T19:07:09.237+0000] {processor.py:839} INFO - DAG(s) dict_keys(['example_xcom']) retrieved from /home/airflow/.local/lib/python3.8/site-packages/airflow/example_dags/example_xcom.py
[2023-12-22T19:07:09.295+0000] {logging_mixin.py:154} INFO - [2023-12-22T19:07:09.294+0000] {dag.py:2941} INFO - Sync 1 DAGs
[2023-12-22T19:07:09.342+0000] {logging_mixin.py:154} INFO - [2023-12-22T19:07:09.342+0000] {dag.py:3722} INFO - Setting next_dagrun for example_xcom to 2021-01-01T00:00:00+00:00, run_after=2021-01-01T00:00:00+00:00
[2023-12-22T19:07:09.379+0000] {processor.py:179} INFO - Processing /home/airflow/.local/lib/python3.8/site-packages/airflow/example_dags/example_xcom.py took 0.193 seconds
[2023-12-22T19:07:39.836+0000] {processor.py:157} INFO - Started process (PID=556) to work on /home/airflow/.local/lib/python3.8/site-packages/airflow/example_dags/example_xcom.py
[2023-12-22T19:07:39.839+0000] {processor.py:829} INFO - Processing file /home/airflow/.local/lib/python3.8/site-packages/airflow/example_dags/example_xcom.py for tasks to queue
[2023-12-22T19:07:39.845+0000] {logging_mixin.py:154} INFO - [2023-12-22T19:07:39.843+0000] {dagbag.py:536} INFO - Filling up the DagBag from /home/airflow/.local/lib/python3.8/site-packages/airflow/example_dags/example_xcom.py
[2023-12-22T19:07:39.862+0000] {processor.py:839} INFO - DAG(s) dict_keys(['example_xcom']) retrieved from /home/airflow/.local/lib/python3.8/site-packages/airflow/example_dags/example_xcom.py
[2023-12-22T19:07:39.931+0000] {logging_mixin.py:154} INFO - [2023-12-22T19:07:39.930+0000] {dag.py:2941} INFO - Sync 1 DAGs
[2023-12-22T19:07:39.972+0000] {logging_mixin.py:154} INFO - [2023-12-22T19:07:39.972+0000] {dag.py:3722} INFO - Setting next_dagrun for example_xcom to 2021-01-01T00:00:00+00:00, run_after=2021-01-01T00:00:00+00:00
[2023-12-22T19:07:40.012+0000] {processor.py:179} INFO - Processing /home/airflow/.local/lib/python3.8/site-packages/airflow/example_dags/example_xcom.py took 0.184 seconds
[2023-12-22T19:08:10.241+0000] {processor.py:157} INFO - Started process (PID=612) to work on /home/airflow/.local/lib/python3.8/site-packages/airflow/example_dags/example_xcom.py
[2023-12-22T19:08:10.244+0000] {processor.py:829} INFO - Processing file /home/airflow/.local/lib/python3.8/site-packages/airflow/example_dags/example_xcom.py for tasks to queue
[2023-12-22T19:08:10.236+0000] {logging_mixin.py:154} INFO - [2023-12-22T19:08:10.235+0000] {dagbag.py:536} INFO - Filling up the DagBag from /home/airflow/.local/lib/python3.8/site-packages/airflow/example_dags/example_xcom.py
[2023-12-22T19:08:10.261+0000] {processor.py:839} INFO - DAG(s) dict_keys(['example_xcom']) retrieved from /home/airflow/.local/lib/python3.8/site-packages/airflow/example_dags/example_xcom.py
[2023-12-22T19:08:10.312+0000] {logging_mixin.py:154} INFO - [2023-12-22T19:08:10.312+0000] {dag.py:2941} INFO - Sync 1 DAGs
[2023-12-22T19:08:10.369+0000] {logging_mixin.py:154} INFO - [2023-12-22T19:08:10.369+0000] {dag.py:3722} INFO - Setting next_dagrun for example_xcom to 2021-01-01T00:00:00+00:00, run_after=2021-01-01T00:00:00+00:00
[2023-12-22T19:08:10.416+0000] {processor.py:179} INFO - Processing /home/airflow/.local/lib/python3.8/site-packages/airflow/example_dags/example_xcom.py took 0.205 seconds
[2023-12-22T19:08:40.781+0000] {processor.py:157} INFO - Started process (PID=668) to work on /home/airflow/.local/lib/python3.8/site-packages/airflow/example_dags/example_xcom.py
[2023-12-22T19:08:40.783+0000] {processor.py:829} INFO - Processing file /home/airflow/.local/lib/python3.8/site-packages/airflow/example_dags/example_xcom.py for tasks to queue
[2023-12-22T19:08:40.789+0000] {logging_mixin.py:154} INFO - [2023-12-22T19:08:40.788+0000] {dagbag.py:536} INFO - Filling up the DagBag from /home/airflow/.local/lib/python3.8/site-packages/airflow/example_dags/example_xcom.py
[2023-12-22T19:08:40.811+0000] {processor.py:839} INFO - DAG(s) dict_keys(['example_xcom']) retrieved from /home/airflow/.local/lib/python3.8/site-packages/airflow/example_dags/example_xcom.py
[2023-12-22T19:08:40.880+0000] {logging_mixin.py:154} INFO - [2023-12-22T19:08:40.880+0000] {dag.py:2941} INFO - Sync 1 DAGs
[2023-12-22T19:08:40.938+0000] {logging_mixin.py:154} INFO - [2023-12-22T19:08:40.937+0000] {dag.py:3722} INFO - Setting next_dagrun for example_xcom to 2021-01-01T00:00:00+00:00, run_after=2021-01-01T00:00:00+00:00
[2023-12-22T19:08:40.984+0000] {processor.py:179} INFO - Processing /home/airflow/.local/lib/python3.8/site-packages/airflow/example_dags/example_xcom.py took 0.211 seconds
[2023-12-22T19:09:11.270+0000] {processor.py:157} INFO - Started process (PID=724) to work on /home/airflow/.local/lib/python3.8/site-packages/airflow/example_dags/example_xcom.py
[2023-12-22T19:09:11.274+0000] {processor.py:829} INFO - Processing file /home/airflow/.local/lib/python3.8/site-packages/airflow/example_dags/example_xcom.py for tasks to queue
[2023-12-22T19:09:11.279+0000] {logging_mixin.py:154} INFO - [2023-12-22T19:09:11.279+0000] {dagbag.py:536} INFO - Filling up the DagBag from /home/airflow/.local/lib/python3.8/site-packages/airflow/example_dags/example_xcom.py
[2023-12-22T19:09:11.293+0000] {processor.py:839} INFO - DAG(s) dict_keys(['example_xcom']) retrieved from /home/airflow/.local/lib/python3.8/site-packages/airflow/example_dags/example_xcom.py
[2023-12-22T19:09:11.347+0000] {logging_mixin.py:154} INFO - [2023-12-22T19:09:11.346+0000] {dag.py:2941} INFO - Sync 1 DAGs
[2023-12-22T19:09:11.397+0000] {logging_mixin.py:154} INFO - [2023-12-22T19:09:11.396+0000] {dag.py:3722} INFO - Setting next_dagrun for example_xcom to 2021-01-01T00:00:00+00:00, run_after=2021-01-01T00:00:00+00:00
[2023-12-22T19:09:11.434+0000] {processor.py:179} INFO - Processing /home/airflow/.local/lib/python3.8/site-packages/airflow/example_dags/example_xcom.py took 0.171 seconds
[2023-12-22T19:09:41.726+0000] {processor.py:157} INFO - Started process (PID=777) to work on /home/airflow/.local/lib/python3.8/site-packages/airflow/example_dags/example_xcom.py
[2023-12-22T19:09:41.730+0000] {processor.py:829} INFO - Processing file /home/airflow/.local/lib/python3.8/site-packages/airflow/example_dags/example_xcom.py for tasks to queue
[2023-12-22T19:09:41.737+0000] {logging_mixin.py:154} INFO - [2023-12-22T19:09:41.736+0000] {dagbag.py:536} INFO - Filling up the DagBag from /home/airflow/.local/lib/python3.8/site-packages/airflow/example_dags/example_xcom.py
[2023-12-22T19:09:41.758+0000] {processor.py:839} INFO - DAG(s) dict_keys(['example_xcom']) retrieved from /home/airflow/.local/lib/python3.8/site-packages/airflow/example_dags/example_xcom.py
[2023-12-22T19:09:41.803+0000] {logging_mixin.py:154} INFO - [2023-12-22T19:09:41.802+0000] {dag.py:2941} INFO - Sync 1 DAGs
[2023-12-22T19:09:41.842+0000] {logging_mixin.py:154} INFO - [2023-12-22T19:09:41.842+0000] {dag.py:3722} INFO - Setting next_dagrun for example_xcom to 2021-01-01T00:00:00+00:00, run_after=2021-01-01T00:00:00+00:00
[2023-12-22T19:09:41.895+0000] {processor.py:179} INFO - Processing /home/airflow/.local/lib/python3.8/site-packages/airflow/example_dags/example_xcom.py took 0.177 seconds
[2023-12-22T19:10:12.215+0000] {processor.py:157} INFO - Started process (PID=834) to work on /home/airflow/.local/lib/python3.8/site-packages/airflow/example_dags/example_xcom.py
[2023-12-22T19:10:12.218+0000] {processor.py:829} INFO - Processing file /home/airflow/.local/lib/python3.8/site-packages/airflow/example_dags/example_xcom.py for tasks to queue
[2023-12-22T19:10:12.223+0000] {logging_mixin.py:154} INFO - [2023-12-22T19:10:12.222+0000] {dagbag.py:536} INFO - Filling up the DagBag from /home/airflow/.local/lib/python3.8/site-packages/airflow/example_dags/example_xcom.py
[2023-12-22T19:10:12.236+0000] {processor.py:839} INFO - DAG(s) dict_keys(['example_xcom']) retrieved from /home/airflow/.local/lib/python3.8/site-packages/airflow/example_dags/example_xcom.py
[2023-12-22T19:10:12.280+0000] {logging_mixin.py:154} INFO - [2023-12-22T19:10:12.280+0000] {dag.py:2941} INFO - Sync 1 DAGs
[2023-12-22T19:10:12.318+0000] {logging_mixin.py:154} INFO - [2023-12-22T19:10:12.318+0000] {dag.py:3722} INFO - Setting next_dagrun for example_xcom to 2021-01-01T00:00:00+00:00, run_after=2021-01-01T00:00:00+00:00
[2023-12-22T19:10:12.356+0000] {processor.py:179} INFO - Processing /home/airflow/.local/lib/python3.8/site-packages/airflow/example_dags/example_xcom.py took 0.147 seconds
[2023-12-22T19:10:42.463+0000] {processor.py:157} INFO - Started process (PID=890) to work on /home/airflow/.local/lib/python3.8/site-packages/airflow/example_dags/example_xcom.py
[2023-12-22T19:10:42.467+0000] {processor.py:829} INFO - Processing file /home/airflow/.local/lib/python3.8/site-packages/airflow/example_dags/example_xcom.py for tasks to queue
[2023-12-22T19:10:42.474+0000] {logging_mixin.py:154} INFO - [2023-12-22T19:10:42.473+0000] {dagbag.py:536} INFO - Filling up the DagBag from /home/airflow/.local/lib/python3.8/site-packages/airflow/example_dags/example_xcom.py
[2023-12-22T19:10:42.499+0000] {processor.py:839} INFO - DAG(s) dict_keys(['example_xcom']) retrieved from /home/airflow/.local/lib/python3.8/site-packages/airflow/example_dags/example_xcom.py
[2023-12-22T19:10:42.565+0000] {logging_mixin.py:154} INFO - [2023-12-22T19:10:42.564+0000] {dag.py:2941} INFO - Sync 1 DAGs
[2023-12-22T19:10:42.706+0000] {logging_mixin.py:154} INFO - [2023-12-22T19:10:42.706+0000] {dag.py:3722} INFO - Setting next_dagrun for example_xcom to 2021-01-01T00:00:00+00:00, run_after=2021-01-01T00:00:00+00:00
[2023-12-22T19:10:42.765+0000] {processor.py:179} INFO - Processing /home/airflow/.local/lib/python3.8/site-packages/airflow/example_dags/example_xcom.py took 0.314 seconds
[2023-12-22T19:11:13.483+0000] {processor.py:157} INFO - Started process (PID=946) to work on /home/airflow/.local/lib/python3.8/site-packages/airflow/example_dags/example_xcom.py
[2023-12-22T19:11:13.485+0000] {processor.py:829} INFO - Processing file /home/airflow/.local/lib/python3.8/site-packages/airflow/example_dags/example_xcom.py for tasks to queue
[2023-12-22T19:11:13.490+0000] {logging_mixin.py:154} INFO - [2023-12-22T19:11:13.490+0000] {dagbag.py:536} INFO - Filling up the DagBag from /home/airflow/.local/lib/python3.8/site-packages/airflow/example_dags/example_xcom.py
[2023-12-22T19:11:13.502+0000] {processor.py:839} INFO - DAG(s) dict_keys(['example_xcom']) retrieved from /home/airflow/.local/lib/python3.8/site-packages/airflow/example_dags/example_xcom.py
[2023-12-22T19:11:13.538+0000] {logging_mixin.py:154} INFO - [2023-12-22T19:11:13.538+0000] {dag.py:2941} INFO - Sync 1 DAGs
[2023-12-22T19:11:13.580+0000] {logging_mixin.py:154} INFO - [2023-12-22T19:11:13.579+0000] {dag.py:3722} INFO - Setting next_dagrun for example_xcom to 2021-01-01T00:00:00+00:00, run_after=2021-01-01T00:00:00+00:00
[2023-12-22T19:11:13.610+0000] {processor.py:179} INFO - Processing /home/airflow/.local/lib/python3.8/site-packages/airflow/example_dags/example_xcom.py took 0.136 seconds
[2023-12-22T19:11:43.874+0000] {processor.py:157} INFO - Started process (PID=1002) to work on /home/airflow/.local/lib/python3.8/site-packages/airflow/example_dags/example_xcom.py
[2023-12-22T19:11:43.877+0000] {processor.py:829} INFO - Processing file /home/airflow/.local/lib/python3.8/site-packages/airflow/example_dags/example_xcom.py for tasks to queue
[2023-12-22T19:11:43.881+0000] {logging_mixin.py:154} INFO - [2023-12-22T19:11:43.881+0000] {dagbag.py:536} INFO - Filling up the DagBag from /home/airflow/.local/lib/python3.8/site-packages/airflow/example_dags/example_xcom.py
[2023-12-22T19:11:43.894+0000] {processor.py:839} INFO - DAG(s) dict_keys(['example_xcom']) retrieved from /home/airflow/.local/lib/python3.8/site-packages/airflow/example_dags/example_xcom.py
[2023-12-22T19:11:43.938+0000] {logging_mixin.py:154} INFO - [2023-12-22T19:11:43.937+0000] {dag.py:2941} INFO - Sync 1 DAGs
[2023-12-22T19:11:43.971+0000] {logging_mixin.py:154} INFO - [2023-12-22T19:11:43.970+0000] {dag.py:3722} INFO - Setting next_dagrun for example_xcom to 2021-01-01T00:00:00+00:00, run_after=2021-01-01T00:00:00+00:00
[2023-12-22T19:11:44.002+0000] {processor.py:179} INFO - Processing /home/airflow/.local/lib/python3.8/site-packages/airflow/example_dags/example_xcom.py took 0.140 seconds
[2023-12-22T19:12:14.432+0000] {processor.py:157} INFO - Started process (PID=1059) to work on /home/airflow/.local/lib/python3.8/site-packages/airflow/example_dags/example_xcom.py
[2023-12-22T19:12:14.434+0000] {processor.py:829} INFO - Processing file /home/airflow/.local/lib/python3.8/site-packages/airflow/example_dags/example_xcom.py for tasks to queue
[2023-12-22T19:12:14.439+0000] {logging_mixin.py:154} INFO - [2023-12-22T19:12:14.439+0000] {dagbag.py:536} INFO - Filling up the DagBag from /home/airflow/.local/lib/python3.8/site-packages/airflow/example_dags/example_xcom.py
[2023-12-22T19:12:14.454+0000] {processor.py:839} INFO - DAG(s) dict_keys(['example_xcom']) retrieved from /home/airflow/.local/lib/python3.8/site-packages/airflow/example_dags/example_xcom.py
[2023-12-22T19:12:14.490+0000] {logging_mixin.py:154} INFO - [2023-12-22T19:12:14.490+0000] {dag.py:2941} INFO - Sync 1 DAGs
[2023-12-22T19:12:14.544+0000] {logging_mixin.py:154} INFO - [2023-12-22T19:12:14.544+0000] {dag.py:3722} INFO - Setting next_dagrun for example_xcom to 2021-01-01T00:00:00+00:00, run_after=2021-01-01T00:00:00+00:00
[2023-12-22T19:12:14.576+0000] {processor.py:179} INFO - Processing /home/airflow/.local/lib/python3.8/site-packages/airflow/example_dags/example_xcom.py took 0.150 seconds
[2023-12-22T19:12:45.367+0000] {processor.py:157} INFO - Started process (PID=1115) to work on /home/airflow/.local/lib/python3.8/site-packages/airflow/example_dags/example_xcom.py
[2023-12-22T19:12:45.370+0000] {processor.py:829} INFO - Processing file /home/airflow/.local/lib/python3.8/site-packages/airflow/example_dags/example_xcom.py for tasks to queue
[2023-12-22T19:12:45.378+0000] {logging_mixin.py:154} INFO - [2023-12-22T19:12:45.377+0000] {dagbag.py:536} INFO - Filling up the DagBag from /home/airflow/.local/lib/python3.8/site-packages/airflow/example_dags/example_xcom.py
[2023-12-22T19:12:45.394+0000] {processor.py:839} INFO - DAG(s) dict_keys(['example_xcom']) retrieved from /home/airflow/.local/lib/python3.8/site-packages/airflow/example_dags/example_xcom.py
[2023-12-22T19:12:45.431+0000] {logging_mixin.py:154} INFO - [2023-12-22T19:12:45.431+0000] {dag.py:2941} INFO - Sync 1 DAGs
[2023-12-22T19:12:45.466+0000] {logging_mixin.py:154} INFO - [2023-12-22T19:12:45.465+0000] {dag.py:3722} INFO - Setting next_dagrun for example_xcom to 2021-01-01T00:00:00+00:00, run_after=2021-01-01T00:00:00+00:00
[2023-12-22T19:12:45.498+0000] {processor.py:179} INFO - Processing /home/airflow/.local/lib/python3.8/site-packages/airflow/example_dags/example_xcom.py took 0.143 seconds
[2023-12-22T19:13:15.740+0000] {processor.py:157} INFO - Started process (PID=1171) to work on /home/airflow/.local/lib/python3.8/site-packages/airflow/example_dags/example_xcom.py
[2023-12-22T19:13:15.743+0000] {processor.py:829} INFO - Processing file /home/airflow/.local/lib/python3.8/site-packages/airflow/example_dags/example_xcom.py for tasks to queue
[2023-12-22T19:13:15.748+0000] {logging_mixin.py:154} INFO - [2023-12-22T19:13:15.747+0000] {dagbag.py:536} INFO - Filling up the DagBag from /home/airflow/.local/lib/python3.8/site-packages/airflow/example_dags/example_xcom.py
[2023-12-22T19:13:15.761+0000] {processor.py:839} INFO - DAG(s) dict_keys(['example_xcom']) retrieved from /home/airflow/.local/lib/python3.8/site-packages/airflow/example_dags/example_xcom.py
[2023-12-22T19:13:15.799+0000] {logging_mixin.py:154} INFO - [2023-12-22T19:13:15.799+0000] {dag.py:2941} INFO - Sync 1 DAGs
[2023-12-22T19:13:15.841+0000] {logging_mixin.py:154} INFO - [2023-12-22T19:13:15.841+0000] {dag.py:3722} INFO - Setting next_dagrun for example_xcom to 2021-01-01T00:00:00+00:00, run_after=2021-01-01T00:00:00+00:00
[2023-12-22T19:13:15.879+0000] {processor.py:179} INFO - Processing /home/airflow/.local/lib/python3.8/site-packages/airflow/example_dags/example_xcom.py took 0.145 seconds
[2023-12-22T19:13:46.234+0000] {processor.py:157} INFO - Started process (PID=1227) to work on /home/airflow/.local/lib/python3.8/site-packages/airflow/example_dags/example_xcom.py
[2023-12-22T19:13:46.237+0000] {processor.py:829} INFO - Processing file /home/airflow/.local/lib/python3.8/site-packages/airflow/example_dags/example_xcom.py for tasks to queue
[2023-12-22T19:13:46.241+0000] {logging_mixin.py:154} INFO - [2023-12-22T19:13:46.240+0000] {dagbag.py:536} INFO - Filling up the DagBag from /home/airflow/.local/lib/python3.8/site-packages/airflow/example_dags/example_xcom.py
[2023-12-22T19:13:46.253+0000] {processor.py:839} INFO - DAG(s) dict_keys(['example_xcom']) retrieved from /home/airflow/.local/lib/python3.8/site-packages/airflow/example_dags/example_xcom.py
[2023-12-22T19:13:46.294+0000] {logging_mixin.py:154} INFO - [2023-12-22T19:13:46.294+0000] {dag.py:2941} INFO - Sync 1 DAGs
[2023-12-22T19:13:46.325+0000] {logging_mixin.py:154} INFO - [2023-12-22T19:13:46.325+0000] {dag.py:3722} INFO - Setting next_dagrun for example_xcom to 2021-01-01T00:00:00+00:00, run_after=2021-01-01T00:00:00+00:00
[2023-12-22T19:13:46.363+0000] {processor.py:179} INFO - Processing /home/airflow/.local/lib/python3.8/site-packages/airflow/example_dags/example_xcom.py took 0.135 seconds
[2023-12-22T19:14:16.731+0000] {processor.py:157} INFO - Started process (PID=1284) to work on /home/airflow/.local/lib/python3.8/site-packages/airflow/example_dags/example_xcom.py
[2023-12-22T19:14:16.735+0000] {processor.py:829} INFO - Processing file /home/airflow/.local/lib/python3.8/site-packages/airflow/example_dags/example_xcom.py for tasks to queue
[2023-12-22T19:14:16.741+0000] {logging_mixin.py:154} INFO - [2023-12-22T19:14:16.740+0000] {dagbag.py:536} INFO - Filling up the DagBag from /home/airflow/.local/lib/python3.8/site-packages/airflow/example_dags/example_xcom.py
[2023-12-22T19:14:16.754+0000] {processor.py:839} INFO - DAG(s) dict_keys(['example_xcom']) retrieved from /home/airflow/.local/lib/python3.8/site-packages/airflow/example_dags/example_xcom.py
[2023-12-22T19:14:16.817+0000] {logging_mixin.py:154} INFO - [2023-12-22T19:14:16.817+0000] {dag.py:2941} INFO - Sync 1 DAGs
[2023-12-22T19:14:16.855+0000] {logging_mixin.py:154} INFO - [2023-12-22T19:14:16.855+0000] {dag.py:3722} INFO - Setting next_dagrun for example_xcom to 2021-01-01T00:00:00+00:00, run_after=2021-01-01T00:00:00+00:00
[2023-12-22T19:14:16.888+0000] {processor.py:179} INFO - Processing /home/airflow/.local/lib/python3.8/site-packages/airflow/example_dags/example_xcom.py took 0.164 seconds
[2023-12-22T19:14:47.126+0000] {processor.py:157} INFO - Started process (PID=1340) to work on /home/airflow/.local/lib/python3.8/site-packages/airflow/example_dags/example_xcom.py
[2023-12-22T19:14:47.128+0000] {processor.py:829} INFO - Processing file /home/airflow/.local/lib/python3.8/site-packages/airflow/example_dags/example_xcom.py for tasks to queue
[2023-12-22T19:14:47.132+0000] {logging_mixin.py:154} INFO - [2023-12-22T19:14:47.132+0000] {dagbag.py:536} INFO - Filling up the DagBag from /home/airflow/.local/lib/python3.8/site-packages/airflow/example_dags/example_xcom.py
[2023-12-22T19:14:47.159+0000] {processor.py:839} INFO - DAG(s) dict_keys(['example_xcom']) retrieved from /home/airflow/.local/lib/python3.8/site-packages/airflow/example_dags/example_xcom.py
[2023-12-22T19:14:47.203+0000] {logging_mixin.py:154} INFO - [2023-12-22T19:14:47.203+0000] {dag.py:2941} INFO - Sync 1 DAGs
[2023-12-22T19:14:47.234+0000] {logging_mixin.py:154} INFO - [2023-12-22T19:14:47.234+0000] {dag.py:3722} INFO - Setting next_dagrun for example_xcom to 2021-01-01T00:00:00+00:00, run_after=2021-01-01T00:00:00+00:00
[2023-12-22T19:14:47.276+0000] {processor.py:179} INFO - Processing /home/airflow/.local/lib/python3.8/site-packages/airflow/example_dags/example_xcom.py took 0.156 seconds
[2023-12-22T19:15:17.551+0000] {processor.py:157} INFO - Started process (PID=1396) to work on /home/airflow/.local/lib/python3.8/site-packages/airflow/example_dags/example_xcom.py
[2023-12-22T19:15:17.553+0000] {processor.py:829} INFO - Processing file /home/airflow/.local/lib/python3.8/site-packages/airflow/example_dags/example_xcom.py for tasks to queue
[2023-12-22T19:15:17.557+0000] {logging_mixin.py:154} INFO - [2023-12-22T19:15:17.557+0000] {dagbag.py:536} INFO - Filling up the DagBag from /home/airflow/.local/lib/python3.8/site-packages/airflow/example_dags/example_xcom.py
[2023-12-22T19:15:17.570+0000] {processor.py:839} INFO - DAG(s) dict_keys(['example_xcom']) retrieved from /home/airflow/.local/lib/python3.8/site-packages/airflow/example_dags/example_xcom.py
[2023-12-22T19:15:17.605+0000] {logging_mixin.py:154} INFO - [2023-12-22T19:15:17.605+0000] {dag.py:2941} INFO - Sync 1 DAGs
[2023-12-22T19:15:17.640+0000] {logging_mixin.py:154} INFO - [2023-12-22T19:15:17.639+0000] {dag.py:3722} INFO - Setting next_dagrun for example_xcom to 2021-01-01T00:00:00+00:00, run_after=2021-01-01T00:00:00+00:00
[2023-12-22T19:15:17.680+0000] {processor.py:179} INFO - Processing /home/airflow/.local/lib/python3.8/site-packages/airflow/example_dags/example_xcom.py took 0.135 seconds
[2023-12-22T19:15:47.895+0000] {processor.py:157} INFO - Started process (PID=1452) to work on /home/airflow/.local/lib/python3.8/site-packages/airflow/example_dags/example_xcom.py
[2023-12-22T19:15:47.897+0000] {processor.py:829} INFO - Processing file /home/airflow/.local/lib/python3.8/site-packages/airflow/example_dags/example_xcom.py for tasks to queue
[2023-12-22T19:15:47.902+0000] {logging_mixin.py:154} INFO - [2023-12-22T19:15:47.901+0000] {dagbag.py:536} INFO - Filling up the DagBag from /home/airflow/.local/lib/python3.8/site-packages/airflow/example_dags/example_xcom.py
[2023-12-22T19:15:47.915+0000] {processor.py:839} INFO - DAG(s) dict_keys(['example_xcom']) retrieved from /home/airflow/.local/lib/python3.8/site-packages/airflow/example_dags/example_xcom.py
[2023-12-22T19:15:47.950+0000] {logging_mixin.py:154} INFO - [2023-12-22T19:15:47.949+0000] {dag.py:2941} INFO - Sync 1 DAGs
[2023-12-22T19:15:47.983+0000] {logging_mixin.py:154} INFO - [2023-12-22T19:15:47.983+0000] {dag.py:3722} INFO - Setting next_dagrun for example_xcom to 2021-01-01T00:00:00+00:00, run_after=2021-01-01T00:00:00+00:00
[2023-12-22T19:15:48.014+0000] {processor.py:179} INFO - Processing /home/airflow/.local/lib/python3.8/site-packages/airflow/example_dags/example_xcom.py took 0.125 seconds
[2023-12-22T19:16:19.035+0000] {processor.py:157} INFO - Started process (PID=1508) to work on /home/airflow/.local/lib/python3.8/site-packages/airflow/example_dags/example_xcom.py
[2023-12-22T19:16:19.038+0000] {processor.py:829} INFO - Processing file /home/airflow/.local/lib/python3.8/site-packages/airflow/example_dags/example_xcom.py for tasks to queue
[2023-12-22T19:16:19.045+0000] {logging_mixin.py:154} INFO - [2023-12-22T19:16:19.044+0000] {dagbag.py:536} INFO - Filling up the DagBag from /home/airflow/.local/lib/python3.8/site-packages/airflow/example_dags/example_xcom.py
[2023-12-22T19:16:19.061+0000] {processor.py:839} INFO - DAG(s) dict_keys(['example_xcom']) retrieved from /home/airflow/.local/lib/python3.8/site-packages/airflow/example_dags/example_xcom.py
[2023-12-22T19:16:19.100+0000] {logging_mixin.py:154} INFO - [2023-12-22T19:16:19.099+0000] {dag.py:2941} INFO - Sync 1 DAGs
[2023-12-22T19:16:19.135+0000] {logging_mixin.py:154} INFO - [2023-12-22T19:16:19.135+0000] {dag.py:3722} INFO - Setting next_dagrun for example_xcom to 2021-01-01T00:00:00+00:00, run_after=2021-01-01T00:00:00+00:00
[2023-12-22T19:16:19.184+0000] {processor.py:179} INFO - Processing /home/airflow/.local/lib/python3.8/site-packages/airflow/example_dags/example_xcom.py took 0.157 seconds
[2023-12-22T19:16:49.274+0000] {processor.py:157} INFO - Started process (PID=1563) to work on /home/airflow/.local/lib/python3.8/site-packages/airflow/example_dags/example_xcom.py
[2023-12-22T19:16:49.277+0000] {processor.py:829} INFO - Processing file /home/airflow/.local/lib/python3.8/site-packages/airflow/example_dags/example_xcom.py for tasks to queue
[2023-12-22T19:16:49.282+0000] {logging_mixin.py:154} INFO - [2023-12-22T19:16:49.282+0000] {dagbag.py:536} INFO - Filling up the DagBag from /home/airflow/.local/lib/python3.8/site-packages/airflow/example_dags/example_xcom.py
[2023-12-22T19:16:49.296+0000] {processor.py:839} INFO - DAG(s) dict_keys(['example_xcom']) retrieved from /home/airflow/.local/lib/python3.8/site-packages/airflow/example_dags/example_xcom.py
[2023-12-22T19:16:49.342+0000] {logging_mixin.py:154} INFO - [2023-12-22T19:16:49.342+0000] {dag.py:2941} INFO - Sync 1 DAGs
[2023-12-22T19:16:49.376+0000] {logging_mixin.py:154} INFO - [2023-12-22T19:16:49.376+0000] {dag.py:3722} INFO - Setting next_dagrun for example_xcom to 2021-01-01T00:00:00+00:00, run_after=2021-01-01T00:00:00+00:00
[2023-12-22T19:16:49.422+0000] {processor.py:179} INFO - Processing /home/airflow/.local/lib/python3.8/site-packages/airflow/example_dags/example_xcom.py took 0.158 seconds
[2023-12-22T19:17:19.523+0000] {processor.py:157} INFO - Started process (PID=1619) to work on /home/airflow/.local/lib/python3.8/site-packages/airflow/example_dags/example_xcom.py
[2023-12-22T19:17:19.526+0000] {processor.py:829} INFO - Processing file /home/airflow/.local/lib/python3.8/site-packages/airflow/example_dags/example_xcom.py for tasks to queue
[2023-12-22T19:17:19.530+0000] {logging_mixin.py:154} INFO - [2023-12-22T19:17:19.529+0000] {dagbag.py:536} INFO - Filling up the DagBag from /home/airflow/.local/lib/python3.8/site-packages/airflow/example_dags/example_xcom.py
[2023-12-22T19:17:19.543+0000] {processor.py:839} INFO - DAG(s) dict_keys(['example_xcom']) retrieved from /home/airflow/.local/lib/python3.8/site-packages/airflow/example_dags/example_xcom.py
[2023-12-22T19:17:19.583+0000] {logging_mixin.py:154} INFO - [2023-12-22T19:17:19.583+0000] {dag.py:2941} INFO - Sync 1 DAGs
[2023-12-22T19:17:19.623+0000] {logging_mixin.py:154} INFO - [2023-12-22T19:17:19.623+0000] {dag.py:3722} INFO - Setting next_dagrun for example_xcom to 2021-01-01T00:00:00+00:00, run_after=2021-01-01T00:00:00+00:00
[2023-12-22T19:17:19.655+0000] {processor.py:179} INFO - Processing /home/airflow/.local/lib/python3.8/site-packages/airflow/example_dags/example_xcom.py took 0.139 seconds
[2023-12-22T19:17:49.733+0000] {processor.py:157} INFO - Started process (PID=1675) to work on /home/airflow/.local/lib/python3.8/site-packages/airflow/example_dags/example_xcom.py
[2023-12-22T19:17:49.735+0000] {processor.py:829} INFO - Processing file /home/airflow/.local/lib/python3.8/site-packages/airflow/example_dags/example_xcom.py for tasks to queue
[2023-12-22T19:17:49.739+0000] {logging_mixin.py:154} INFO - [2023-12-22T19:17:49.739+0000] {dagbag.py:536} INFO - Filling up the DagBag from /home/airflow/.local/lib/python3.8/site-packages/airflow/example_dags/example_xcom.py
[2023-12-22T19:17:49.753+0000] {processor.py:839} INFO - DAG(s) dict_keys(['example_xcom']) retrieved from /home/airflow/.local/lib/python3.8/site-packages/airflow/example_dags/example_xcom.py
[2023-12-22T19:17:49.788+0000] {logging_mixin.py:154} INFO - [2023-12-22T19:17:49.788+0000] {dag.py:2941} INFO - Sync 1 DAGs
[2023-12-22T19:17:49.821+0000] {logging_mixin.py:154} INFO - [2023-12-22T19:17:49.821+0000] {dag.py:3722} INFO - Setting next_dagrun for example_xcom to 2021-01-01T00:00:00+00:00, run_after=2021-01-01T00:00:00+00:00
[2023-12-22T19:17:49.854+0000] {processor.py:179} INFO - Processing /home/airflow/.local/lib/python3.8/site-packages/airflow/example_dags/example_xcom.py took 0.127 seconds
[2023-12-22T19:18:20.019+0000] {processor.py:157} INFO - Started process (PID=1732) to work on /home/airflow/.local/lib/python3.8/site-packages/airflow/example_dags/example_xcom.py
[2023-12-22T19:18:20.022+0000] {processor.py:829} INFO - Processing file /home/airflow/.local/lib/python3.8/site-packages/airflow/example_dags/example_xcom.py for tasks to queue
[2023-12-22T19:18:20.026+0000] {logging_mixin.py:154} INFO - [2023-12-22T19:18:20.026+0000] {dagbag.py:536} INFO - Filling up the DagBag from /home/airflow/.local/lib/python3.8/site-packages/airflow/example_dags/example_xcom.py
[2023-12-22T19:18:20.038+0000] {processor.py:839} INFO - DAG(s) dict_keys(['example_xcom']) retrieved from /home/airflow/.local/lib/python3.8/site-packages/airflow/example_dags/example_xcom.py
[2023-12-22T19:18:20.071+0000] {logging_mixin.py:154} INFO - [2023-12-22T19:18:20.070+0000] {dag.py:2941} INFO - Sync 1 DAGs
[2023-12-22T19:18:20.102+0000] {logging_mixin.py:154} INFO - [2023-12-22T19:18:20.101+0000] {dag.py:3722} INFO - Setting next_dagrun for example_xcom to 2021-01-01T00:00:00+00:00, run_after=2021-01-01T00:00:00+00:00
[2023-12-22T19:18:20.130+0000] {processor.py:179} INFO - Processing /home/airflow/.local/lib/python3.8/site-packages/airflow/example_dags/example_xcom.py took 0.119 seconds
[2023-12-22T19:18:50.288+0000] {processor.py:157} INFO - Started process (PID=1788) to work on /home/airflow/.local/lib/python3.8/site-packages/airflow/example_dags/example_xcom.py
[2023-12-22T19:18:50.290+0000] {processor.py:829} INFO - Processing file /home/airflow/.local/lib/python3.8/site-packages/airflow/example_dags/example_xcom.py for tasks to queue
[2023-12-22T19:18:50.297+0000] {logging_mixin.py:154} INFO - [2023-12-22T19:18:50.296+0000] {dagbag.py:536} INFO - Filling up the DagBag from /home/airflow/.local/lib/python3.8/site-packages/airflow/example_dags/example_xcom.py
[2023-12-22T19:18:50.312+0000] {processor.py:839} INFO - DAG(s) dict_keys(['example_xcom']) retrieved from /home/airflow/.local/lib/python3.8/site-packages/airflow/example_dags/example_xcom.py
[2023-12-22T19:18:50.363+0000] {logging_mixin.py:154} INFO - [2023-12-22T19:18:50.362+0000] {dag.py:2941} INFO - Sync 1 DAGs
[2023-12-22T19:18:50.395+0000] {logging_mixin.py:154} INFO - [2023-12-22T19:18:50.395+0000] {dag.py:3722} INFO - Setting next_dagrun for example_xcom to 2021-01-01T00:00:00+00:00, run_after=2021-01-01T00:00:00+00:00
[2023-12-22T19:18:50.425+0000] {processor.py:179} INFO - Processing /home/airflow/.local/lib/python3.8/site-packages/airflow/example_dags/example_xcom.py took 0.146 seconds
[2023-12-22T19:19:20.782+0000] {processor.py:157} INFO - Started process (PID=1844) to work on /home/airflow/.local/lib/python3.8/site-packages/airflow/example_dags/example_xcom.py
[2023-12-22T19:19:20.785+0000] {processor.py:829} INFO - Processing file /home/airflow/.local/lib/python3.8/site-packages/airflow/example_dags/example_xcom.py for tasks to queue
[2023-12-22T19:19:20.789+0000] {logging_mixin.py:154} INFO - [2023-12-22T19:19:20.788+0000] {dagbag.py:536} INFO - Filling up the DagBag from /home/airflow/.local/lib/python3.8/site-packages/airflow/example_dags/example_xcom.py
[2023-12-22T19:19:20.802+0000] {processor.py:839} INFO - DAG(s) dict_keys(['example_xcom']) retrieved from /home/airflow/.local/lib/python3.8/site-packages/airflow/example_dags/example_xcom.py
[2023-12-22T19:19:20.839+0000] {logging_mixin.py:154} INFO - [2023-12-22T19:19:20.838+0000] {dag.py:2941} INFO - Sync 1 DAGs
[2023-12-22T19:19:20.870+0000] {logging_mixin.py:154} INFO - [2023-12-22T19:19:20.870+0000] {dag.py:3722} INFO - Setting next_dagrun for example_xcom to 2021-01-01T00:00:00+00:00, run_after=2021-01-01T00:00:00+00:00
[2023-12-22T19:19:20.901+0000] {processor.py:179} INFO - Processing /home/airflow/.local/lib/python3.8/site-packages/airflow/example_dags/example_xcom.py took 0.125 seconds
[2023-12-22T19:19:51.111+0000] {processor.py:157} INFO - Started process (PID=1900) to work on /home/airflow/.local/lib/python3.8/site-packages/airflow/example_dags/example_xcom.py
[2023-12-22T19:19:51.114+0000] {processor.py:829} INFO - Processing file /home/airflow/.local/lib/python3.8/site-packages/airflow/example_dags/example_xcom.py for tasks to queue
[2023-12-22T19:19:51.119+0000] {logging_mixin.py:154} INFO - [2023-12-22T19:19:51.119+0000] {dagbag.py:536} INFO - Filling up the DagBag from /home/airflow/.local/lib/python3.8/site-packages/airflow/example_dags/example_xcom.py
[2023-12-22T19:19:51.135+0000] {processor.py:839} INFO - DAG(s) dict_keys(['example_xcom']) retrieved from /home/airflow/.local/lib/python3.8/site-packages/airflow/example_dags/example_xcom.py
[2023-12-22T19:19:51.177+0000] {logging_mixin.py:154} INFO - [2023-12-22T19:19:51.177+0000] {dag.py:2941} INFO - Sync 1 DAGs
[2023-12-22T19:19:51.212+0000] {logging_mixin.py:154} INFO - [2023-12-22T19:19:51.211+0000] {dag.py:3722} INFO - Setting next_dagrun for example_xcom to 2021-01-01T00:00:00+00:00, run_after=2021-01-01T00:00:00+00:00
[2023-12-22T19:19:51.244+0000] {processor.py:179} INFO - Processing /home/airflow/.local/lib/python3.8/site-packages/airflow/example_dags/example_xcom.py took 0.144 seconds
[2023-12-22T19:20:21.639+0000] {processor.py:157} INFO - Started process (PID=1956) to work on /home/airflow/.local/lib/python3.8/site-packages/airflow/example_dags/example_xcom.py
[2023-12-22T19:20:21.642+0000] {processor.py:829} INFO - Processing file /home/airflow/.local/lib/python3.8/site-packages/airflow/example_dags/example_xcom.py for tasks to queue
[2023-12-22T19:20:21.646+0000] {logging_mixin.py:154} INFO - [2023-12-22T19:20:21.646+0000] {dagbag.py:536} INFO - Filling up the DagBag from /home/airflow/.local/lib/python3.8/site-packages/airflow/example_dags/example_xcom.py
[2023-12-22T19:20:21.659+0000] {processor.py:839} INFO - DAG(s) dict_keys(['example_xcom']) retrieved from /home/airflow/.local/lib/python3.8/site-packages/airflow/example_dags/example_xcom.py
[2023-12-22T19:20:21.704+0000] {logging_mixin.py:154} INFO - [2023-12-22T19:20:21.704+0000] {dag.py:2941} INFO - Sync 1 DAGs
[2023-12-22T19:20:21.739+0000] {logging_mixin.py:154} INFO - [2023-12-22T19:20:21.739+0000] {dag.py:3722} INFO - Setting next_dagrun for example_xcom to 2021-01-01T00:00:00+00:00, run_after=2021-01-01T00:00:00+00:00
[2023-12-22T19:20:21.773+0000] {processor.py:179} INFO - Processing /home/airflow/.local/lib/python3.8/site-packages/airflow/example_dags/example_xcom.py took 0.140 seconds
[2023-12-22T20:14:09.686+0000] {processor.py:157} INFO - Started process (PID=44) to work on /home/airflow/.local/lib/python3.8/site-packages/airflow/example_dags/example_xcom.py
[2023-12-22T20:14:09.699+0000] {processor.py:829} INFO - Processing file /home/airflow/.local/lib/python3.8/site-packages/airflow/example_dags/example_xcom.py for tasks to queue
[2023-12-22T20:14:09.712+0000] {logging_mixin.py:154} INFO - [2023-12-22T20:14:09.712+0000] {dagbag.py:536} INFO - Filling up the DagBag from /home/airflow/.local/lib/python3.8/site-packages/airflow/example_dags/example_xcom.py
[2023-12-22T20:14:09.741+0000] {processor.py:839} INFO - DAG(s) dict_keys(['example_xcom']) retrieved from /home/airflow/.local/lib/python3.8/site-packages/airflow/example_dags/example_xcom.py
[2023-12-22T20:14:09.812+0000] {logging_mixin.py:154} INFO - [2023-12-22T20:14:09.812+0000] {dag.py:2941} INFO - Sync 1 DAGs
[2023-12-22T20:14:09.864+0000] {logging_mixin.py:154} INFO - [2023-12-22T20:14:09.864+0000] {dag.py:3722} INFO - Setting next_dagrun for example_xcom to 2021-01-01T00:00:00+00:00, run_after=2021-01-01T00:00:00+00:00
[2023-12-22T20:14:09.919+0000] {processor.py:179} INFO - Processing /home/airflow/.local/lib/python3.8/site-packages/airflow/example_dags/example_xcom.py took 0.243 seconds
[2023-12-22T20:14:40.608+0000] {processor.py:157} INFO - Started process (PID=100) to work on /home/airflow/.local/lib/python3.8/site-packages/airflow/example_dags/example_xcom.py
[2023-12-22T20:14:40.611+0000] {processor.py:829} INFO - Processing file /home/airflow/.local/lib/python3.8/site-packages/airflow/example_dags/example_xcom.py for tasks to queue
[2023-12-22T20:14:40.620+0000] {logging_mixin.py:154} INFO - [2023-12-22T20:14:40.620+0000] {dagbag.py:536} INFO - Filling up the DagBag from /home/airflow/.local/lib/python3.8/site-packages/airflow/example_dags/example_xcom.py
[2023-12-22T20:14:40.637+0000] {processor.py:839} INFO - DAG(s) dict_keys(['example_xcom']) retrieved from /home/airflow/.local/lib/python3.8/site-packages/airflow/example_dags/example_xcom.py
[2023-12-22T20:14:40.677+0000] {logging_mixin.py:154} INFO - [2023-12-22T20:14:40.676+0000] {dag.py:2941} INFO - Sync 1 DAGs
[2023-12-22T20:14:40.711+0000] {logging_mixin.py:154} INFO - [2023-12-22T20:14:40.710+0000] {dag.py:3722} INFO - Setting next_dagrun for example_xcom to 2021-01-01T00:00:00+00:00, run_after=2021-01-01T00:00:00+00:00
[2023-12-22T20:14:40.744+0000] {processor.py:179} INFO - Processing /home/airflow/.local/lib/python3.8/site-packages/airflow/example_dags/example_xcom.py took 0.143 seconds
[2023-12-22T20:15:11.108+0000] {processor.py:157} INFO - Started process (PID=156) to work on /home/airflow/.local/lib/python3.8/site-packages/airflow/example_dags/example_xcom.py
[2023-12-22T20:15:11.111+0000] {processor.py:829} INFO - Processing file /home/airflow/.local/lib/python3.8/site-packages/airflow/example_dags/example_xcom.py for tasks to queue
[2023-12-22T20:15:11.115+0000] {logging_mixin.py:154} INFO - [2023-12-22T20:15:11.114+0000] {dagbag.py:536} INFO - Filling up the DagBag from /home/airflow/.local/lib/python3.8/site-packages/airflow/example_dags/example_xcom.py
[2023-12-22T20:15:11.128+0000] {processor.py:839} INFO - DAG(s) dict_keys(['example_xcom']) retrieved from /home/airflow/.local/lib/python3.8/site-packages/airflow/example_dags/example_xcom.py
[2023-12-22T20:15:11.178+0000] {logging_mixin.py:154} INFO - [2023-12-22T20:15:11.178+0000] {dag.py:2941} INFO - Sync 1 DAGs
[2023-12-22T20:15:11.215+0000] {logging_mixin.py:154} INFO - [2023-12-22T20:15:11.214+0000] {dag.py:3722} INFO - Setting next_dagrun for example_xcom to 2021-01-01T00:00:00+00:00, run_after=2021-01-01T00:00:00+00:00
[2023-12-22T20:15:11.251+0000] {processor.py:179} INFO - Processing /home/airflow/.local/lib/python3.8/site-packages/airflow/example_dags/example_xcom.py took 0.151 seconds
[2023-12-22T20:15:41.707+0000] {processor.py:157} INFO - Started process (PID=212) to work on /home/airflow/.local/lib/python3.8/site-packages/airflow/example_dags/example_xcom.py
[2023-12-22T20:15:41.710+0000] {processor.py:829} INFO - Processing file /home/airflow/.local/lib/python3.8/site-packages/airflow/example_dags/example_xcom.py for tasks to queue
[2023-12-22T20:15:41.714+0000] {logging_mixin.py:154} INFO - [2023-12-22T20:15:41.714+0000] {dagbag.py:536} INFO - Filling up the DagBag from /home/airflow/.local/lib/python3.8/site-packages/airflow/example_dags/example_xcom.py
[2023-12-22T20:15:41.726+0000] {processor.py:839} INFO - DAG(s) dict_keys(['example_xcom']) retrieved from /home/airflow/.local/lib/python3.8/site-packages/airflow/example_dags/example_xcom.py
[2023-12-22T20:15:41.763+0000] {logging_mixin.py:154} INFO - [2023-12-22T20:15:41.763+0000] {dag.py:2941} INFO - Sync 1 DAGs
[2023-12-22T20:15:41.805+0000] {logging_mixin.py:154} INFO - [2023-12-22T20:15:41.804+0000] {dag.py:3722} INFO - Setting next_dagrun for example_xcom to 2021-01-01T00:00:00+00:00, run_after=2021-01-01T00:00:00+00:00
[2023-12-22T20:15:41.838+0000] {processor.py:179} INFO - Processing /home/airflow/.local/lib/python3.8/site-packages/airflow/example_dags/example_xcom.py took 0.137 seconds
[2023-12-22T20:17:48.811+0000] {processor.py:157} INFO - Started process (PID=45) to work on /home/airflow/.local/lib/python3.8/site-packages/airflow/example_dags/example_xcom.py
[2023-12-22T20:17:48.851+0000] {processor.py:829} INFO - Processing file /home/airflow/.local/lib/python3.8/site-packages/airflow/example_dags/example_xcom.py for tasks to queue
[2023-12-22T20:17:48.930+0000] {logging_mixin.py:154} INFO - [2023-12-22T20:17:48.929+0000] {dagbag.py:536} INFO - Filling up the DagBag from /home/airflow/.local/lib/python3.8/site-packages/airflow/example_dags/example_xcom.py
[2023-12-22T20:17:49.037+0000] {processor.py:839} INFO - DAG(s) dict_keys(['example_xcom']) retrieved from /home/airflow/.local/lib/python3.8/site-packages/airflow/example_dags/example_xcom.py
[2023-12-22T20:17:49.114+0000] {logging_mixin.py:154} INFO - [2023-12-22T20:17:49.114+0000] {dag.py:2941} INFO - Sync 1 DAGs
[2023-12-22T20:17:49.190+0000] {logging_mixin.py:154} INFO - [2023-12-22T20:17:49.189+0000] {dag.py:3722} INFO - Setting next_dagrun for example_xcom to 2021-01-01T00:00:00+00:00, run_after=2021-01-01T00:00:00+00:00
[2023-12-22T20:17:49.281+0000] {processor.py:179} INFO - Processing /home/airflow/.local/lib/python3.8/site-packages/airflow/example_dags/example_xcom.py took 0.546 seconds
[2023-12-22T20:18:19.682+0000] {processor.py:157} INFO - Started process (PID=101) to work on /home/airflow/.local/lib/python3.8/site-packages/airflow/example_dags/example_xcom.py
[2023-12-22T20:18:19.684+0000] {processor.py:829} INFO - Processing file /home/airflow/.local/lib/python3.8/site-packages/airflow/example_dags/example_xcom.py for tasks to queue
[2023-12-22T20:18:19.689+0000] {logging_mixin.py:154} INFO - [2023-12-22T20:18:19.689+0000] {dagbag.py:536} INFO - Filling up the DagBag from /home/airflow/.local/lib/python3.8/site-packages/airflow/example_dags/example_xcom.py
[2023-12-22T20:18:19.704+0000] {processor.py:839} INFO - DAG(s) dict_keys(['example_xcom']) retrieved from /home/airflow/.local/lib/python3.8/site-packages/airflow/example_dags/example_xcom.py
[2023-12-22T20:18:19.750+0000] {logging_mixin.py:154} INFO - [2023-12-22T20:18:19.749+0000] {dag.py:2941} INFO - Sync 1 DAGs
[2023-12-22T20:18:19.792+0000] {logging_mixin.py:154} INFO - [2023-12-22T20:18:19.791+0000] {dag.py:3722} INFO - Setting next_dagrun for example_xcom to 2021-01-01T00:00:00+00:00, run_after=2021-01-01T00:00:00+00:00
[2023-12-22T20:18:19.827+0000] {processor.py:179} INFO - Processing /home/airflow/.local/lib/python3.8/site-packages/airflow/example_dags/example_xcom.py took 0.152 seconds
[2023-12-22T20:18:49.952+0000] {processor.py:157} INFO - Started process (PID=157) to work on /home/airflow/.local/lib/python3.8/site-packages/airflow/example_dags/example_xcom.py
[2023-12-22T20:18:49.954+0000] {processor.py:829} INFO - Processing file /home/airflow/.local/lib/python3.8/site-packages/airflow/example_dags/example_xcom.py for tasks to queue
[2023-12-22T20:18:49.962+0000] {logging_mixin.py:154} INFO - [2023-12-22T20:18:49.962+0000] {dagbag.py:536} INFO - Filling up the DagBag from /home/airflow/.local/lib/python3.8/site-packages/airflow/example_dags/example_xcom.py
[2023-12-22T20:18:49.978+0000] {processor.py:839} INFO - DAG(s) dict_keys(['example_xcom']) retrieved from /home/airflow/.local/lib/python3.8/site-packages/airflow/example_dags/example_xcom.py
[2023-12-22T20:18:50.023+0000] {logging_mixin.py:154} INFO - [2023-12-22T20:18:50.023+0000] {dag.py:2941} INFO - Sync 1 DAGs
[2023-12-22T20:18:50.066+0000] {logging_mixin.py:154} INFO - [2023-12-22T20:18:50.066+0000] {dag.py:3722} INFO - Setting next_dagrun for example_xcom to 2021-01-01T00:00:00+00:00, run_after=2021-01-01T00:00:00+00:00
[2023-12-22T20:18:50.102+0000] {processor.py:179} INFO - Processing /home/airflow/.local/lib/python3.8/site-packages/airflow/example_dags/example_xcom.py took 0.157 seconds
[2023-12-22T20:19:21.008+0000] {processor.py:157} INFO - Started process (PID=213) to work on /home/airflow/.local/lib/python3.8/site-packages/airflow/example_dags/example_xcom.py
[2023-12-22T20:19:21.011+0000] {processor.py:829} INFO - Processing file /home/airflow/.local/lib/python3.8/site-packages/airflow/example_dags/example_xcom.py for tasks to queue
[2023-12-22T20:19:21.016+0000] {logging_mixin.py:154} INFO - [2023-12-22T20:19:21.015+0000] {dagbag.py:536} INFO - Filling up the DagBag from /home/airflow/.local/lib/python3.8/site-packages/airflow/example_dags/example_xcom.py
[2023-12-22T20:19:21.033+0000] {processor.py:839} INFO - DAG(s) dict_keys(['example_xcom']) retrieved from /home/airflow/.local/lib/python3.8/site-packages/airflow/example_dags/example_xcom.py
[2023-12-22T20:19:21.077+0000] {logging_mixin.py:154} INFO - [2023-12-22T20:19:21.077+0000] {dag.py:2941} INFO - Sync 1 DAGs
[2023-12-22T20:19:21.123+0000] {logging_mixin.py:154} INFO - [2023-12-22T20:19:21.123+0000] {dag.py:3722} INFO - Setting next_dagrun for example_xcom to 2021-01-01T00:00:00+00:00, run_after=2021-01-01T00:00:00+00:00
[2023-12-22T20:19:21.166+0000] {processor.py:179} INFO - Processing /home/airflow/.local/lib/python3.8/site-packages/airflow/example_dags/example_xcom.py took 0.169 seconds
[2023-12-22T20:19:51.646+0000] {processor.py:157} INFO - Started process (PID=269) to work on /home/airflow/.local/lib/python3.8/site-packages/airflow/example_dags/example_xcom.py
[2023-12-22T20:19:51.649+0000] {processor.py:829} INFO - Processing file /home/airflow/.local/lib/python3.8/site-packages/airflow/example_dags/example_xcom.py for tasks to queue
[2023-12-22T20:19:51.652+0000] {logging_mixin.py:154} INFO - [2023-12-22T20:19:51.652+0000] {dagbag.py:536} INFO - Filling up the DagBag from /home/airflow/.local/lib/python3.8/site-packages/airflow/example_dags/example_xcom.py
[2023-12-22T20:19:51.664+0000] {processor.py:839} INFO - DAG(s) dict_keys(['example_xcom']) retrieved from /home/airflow/.local/lib/python3.8/site-packages/airflow/example_dags/example_xcom.py
[2023-12-22T20:19:51.702+0000] {logging_mixin.py:154} INFO - [2023-12-22T20:19:51.702+0000] {dag.py:2941} INFO - Sync 1 DAGs
[2023-12-22T20:19:51.736+0000] {logging_mixin.py:154} INFO - [2023-12-22T20:19:51.735+0000] {dag.py:3722} INFO - Setting next_dagrun for example_xcom to 2021-01-01T00:00:00+00:00, run_after=2021-01-01T00:00:00+00:00
[2023-12-22T20:19:51.768+0000] {processor.py:179} INFO - Processing /home/airflow/.local/lib/python3.8/site-packages/airflow/example_dags/example_xcom.py took 0.127 seconds
[2023-12-22T20:20:22.361+0000] {processor.py:157} INFO - Started process (PID=325) to work on /home/airflow/.local/lib/python3.8/site-packages/airflow/example_dags/example_xcom.py
[2023-12-22T20:20:22.364+0000] {processor.py:829} INFO - Processing file /home/airflow/.local/lib/python3.8/site-packages/airflow/example_dags/example_xcom.py for tasks to queue
[2023-12-22T20:20:22.372+0000] {logging_mixin.py:154} INFO - [2023-12-22T20:20:22.372+0000] {dagbag.py:536} INFO - Filling up the DagBag from /home/airflow/.local/lib/python3.8/site-packages/airflow/example_dags/example_xcom.py
[2023-12-22T20:20:22.385+0000] {processor.py:839} INFO - DAG(s) dict_keys(['example_xcom']) retrieved from /home/airflow/.local/lib/python3.8/site-packages/airflow/example_dags/example_xcom.py
[2023-12-22T20:20:22.418+0000] {logging_mixin.py:154} INFO - [2023-12-22T20:20:22.417+0000] {dag.py:2941} INFO - Sync 1 DAGs
[2023-12-22T20:20:22.451+0000] {logging_mixin.py:154} INFO - [2023-12-22T20:20:22.450+0000] {dag.py:3722} INFO - Setting next_dagrun for example_xcom to 2021-01-01T00:00:00+00:00, run_after=2021-01-01T00:00:00+00:00
[2023-12-22T20:20:22.480+0000] {processor.py:179} INFO - Processing /home/airflow/.local/lib/python3.8/site-packages/airflow/example_dags/example_xcom.py took 0.128 seconds
[2023-12-22T20:20:52.639+0000] {processor.py:157} INFO - Started process (PID=381) to work on /home/airflow/.local/lib/python3.8/site-packages/airflow/example_dags/example_xcom.py
[2023-12-22T20:20:52.641+0000] {processor.py:829} INFO - Processing file /home/airflow/.local/lib/python3.8/site-packages/airflow/example_dags/example_xcom.py for tasks to queue
[2023-12-22T20:20:52.645+0000] {logging_mixin.py:154} INFO - [2023-12-22T20:20:52.645+0000] {dagbag.py:536} INFO - Filling up the DagBag from /home/airflow/.local/lib/python3.8/site-packages/airflow/example_dags/example_xcom.py
[2023-12-22T20:20:52.658+0000] {processor.py:839} INFO - DAG(s) dict_keys(['example_xcom']) retrieved from /home/airflow/.local/lib/python3.8/site-packages/airflow/example_dags/example_xcom.py
[2023-12-22T20:20:52.698+0000] {logging_mixin.py:154} INFO - [2023-12-22T20:20:52.698+0000] {dag.py:2941} INFO - Sync 1 DAGs
[2023-12-22T20:20:52.732+0000] {logging_mixin.py:154} INFO - [2023-12-22T20:20:52.732+0000] {dag.py:3722} INFO - Setting next_dagrun for example_xcom to 2021-01-01T00:00:00+00:00, run_after=2021-01-01T00:00:00+00:00
[2023-12-22T20:20:52.763+0000] {processor.py:179} INFO - Processing /home/airflow/.local/lib/python3.8/site-packages/airflow/example_dags/example_xcom.py took 0.131 seconds
[2023-12-22T20:21:24.114+0000] {processor.py:157} INFO - Started process (PID=436) to work on /home/airflow/.local/lib/python3.8/site-packages/airflow/example_dags/example_xcom.py
[2023-12-22T20:21:24.116+0000] {processor.py:829} INFO - Processing file /home/airflow/.local/lib/python3.8/site-packages/airflow/example_dags/example_xcom.py for tasks to queue
[2023-12-22T20:21:24.120+0000] {logging_mixin.py:154} INFO - [2023-12-22T20:21:24.120+0000] {dagbag.py:536} INFO - Filling up the DagBag from /home/airflow/.local/lib/python3.8/site-packages/airflow/example_dags/example_xcom.py
[2023-12-22T20:21:24.133+0000] {processor.py:839} INFO - DAG(s) dict_keys(['example_xcom']) retrieved from /home/airflow/.local/lib/python3.8/site-packages/airflow/example_dags/example_xcom.py
[2023-12-22T20:21:24.169+0000] {logging_mixin.py:154} INFO - [2023-12-22T20:21:24.168+0000] {dag.py:2941} INFO - Sync 1 DAGs
[2023-12-22T20:21:24.202+0000] {logging_mixin.py:154} INFO - [2023-12-22T20:21:24.202+0000] {dag.py:3722} INFO - Setting next_dagrun for example_xcom to 2021-01-01T00:00:00+00:00, run_after=2021-01-01T00:00:00+00:00
[2023-12-22T20:21:24.234+0000] {processor.py:179} INFO - Processing /home/airflow/.local/lib/python3.8/site-packages/airflow/example_dags/example_xcom.py took 0.126 seconds
[2023-12-22T20:21:54.510+0000] {processor.py:157} INFO - Started process (PID=492) to work on /home/airflow/.local/lib/python3.8/site-packages/airflow/example_dags/example_xcom.py
[2023-12-22T20:21:54.512+0000] {processor.py:829} INFO - Processing file /home/airflow/.local/lib/python3.8/site-packages/airflow/example_dags/example_xcom.py for tasks to queue
[2023-12-22T20:21:54.516+0000] {logging_mixin.py:154} INFO - [2023-12-22T20:21:54.516+0000] {dagbag.py:536} INFO - Filling up the DagBag from /home/airflow/.local/lib/python3.8/site-packages/airflow/example_dags/example_xcom.py
[2023-12-22T20:21:54.529+0000] {processor.py:839} INFO - DAG(s) dict_keys(['example_xcom']) retrieved from /home/airflow/.local/lib/python3.8/site-packages/airflow/example_dags/example_xcom.py
[2023-12-22T20:21:54.570+0000] {logging_mixin.py:154} INFO - [2023-12-22T20:21:54.569+0000] {dag.py:2941} INFO - Sync 1 DAGs
[2023-12-22T20:21:54.604+0000] {logging_mixin.py:154} INFO - [2023-12-22T20:21:54.604+0000] {dag.py:3722} INFO - Setting next_dagrun for example_xcom to 2021-01-01T00:00:00+00:00, run_after=2021-01-01T00:00:00+00:00
[2023-12-22T20:21:54.645+0000] {processor.py:179} INFO - Processing /home/airflow/.local/lib/python3.8/site-packages/airflow/example_dags/example_xcom.py took 0.140 seconds
[2023-12-22T20:22:25.551+0000] {processor.py:157} INFO - Started process (PID=547) to work on /home/airflow/.local/lib/python3.8/site-packages/airflow/example_dags/example_xcom.py
[2023-12-22T20:22:25.556+0000] {processor.py:829} INFO - Processing file /home/airflow/.local/lib/python3.8/site-packages/airflow/example_dags/example_xcom.py for tasks to queue
[2023-12-22T20:22:25.560+0000] {logging_mixin.py:154} INFO - [2023-12-22T20:22:25.560+0000] {dagbag.py:536} INFO - Filling up the DagBag from /home/airflow/.local/lib/python3.8/site-packages/airflow/example_dags/example_xcom.py
[2023-12-22T20:22:25.574+0000] {processor.py:839} INFO - DAG(s) dict_keys(['example_xcom']) retrieved from /home/airflow/.local/lib/python3.8/site-packages/airflow/example_dags/example_xcom.py
[2023-12-22T20:22:25.614+0000] {logging_mixin.py:154} INFO - [2023-12-22T20:22:25.614+0000] {dag.py:2941} INFO - Sync 1 DAGs
[2023-12-22T20:22:25.675+0000] {logging_mixin.py:154} INFO - [2023-12-22T20:22:25.665+0000] {dag.py:3722} INFO - Setting next_dagrun for example_xcom to 2021-01-01T00:00:00+00:00, run_after=2021-01-01T00:00:00+00:00
[2023-12-22T20:22:25.784+0000] {processor.py:179} INFO - Processing /home/airflow/.local/lib/python3.8/site-packages/airflow/example_dags/example_xcom.py took 0.242 seconds
[2023-12-22T20:22:56.320+0000] {processor.py:157} INFO - Started process (PID=602) to work on /home/airflow/.local/lib/python3.8/site-packages/airflow/example_dags/example_xcom.py
[2023-12-22T20:22:56.324+0000] {processor.py:829} INFO - Processing file /home/airflow/.local/lib/python3.8/site-packages/airflow/example_dags/example_xcom.py for tasks to queue
[2023-12-22T20:22:56.331+0000] {logging_mixin.py:154} INFO - [2023-12-22T20:22:56.330+0000] {dagbag.py:536} INFO - Filling up the DagBag from /home/airflow/.local/lib/python3.8/site-packages/airflow/example_dags/example_xcom.py
[2023-12-22T20:22:56.359+0000] {processor.py:839} INFO - DAG(s) dict_keys(['example_xcom']) retrieved from /home/airflow/.local/lib/python3.8/site-packages/airflow/example_dags/example_xcom.py
[2023-12-22T20:22:56.414+0000] {logging_mixin.py:154} INFO - [2023-12-22T20:22:56.413+0000] {dag.py:2941} INFO - Sync 1 DAGs
[2023-12-22T20:22:56.454+0000] {logging_mixin.py:154} INFO - [2023-12-22T20:22:56.453+0000] {dag.py:3722} INFO - Setting next_dagrun for example_xcom to 2021-01-01T00:00:00+00:00, run_after=2021-01-01T00:00:00+00:00
[2023-12-22T20:22:56.496+0000] {processor.py:179} INFO - Processing /home/airflow/.local/lib/python3.8/site-packages/airflow/example_dags/example_xcom.py took 0.186 seconds
[2023-12-22T20:25:03.705+0000] {processor.py:157} INFO - Started process (PID=735) to work on /home/airflow/.local/lib/python3.8/site-packages/airflow/example_dags/example_xcom.py
[2023-12-22T20:25:03.764+0000] {processor.py:829} INFO - Processing file /home/airflow/.local/lib/python3.8/site-packages/airflow/example_dags/example_xcom.py for tasks to queue
[2023-12-22T20:25:03.986+0000] {logging_mixin.py:154} INFO - [2023-12-22T20:25:03.907+0000] {dagbag.py:536} INFO - Filling up the DagBag from /home/airflow/.local/lib/python3.8/site-packages/airflow/example_dags/example_xcom.py
[2023-12-22T20:25:05.675+0000] {processor.py:839} INFO - DAG(s) dict_keys(['example_xcom']) retrieved from /home/airflow/.local/lib/python3.8/site-packages/airflow/example_dags/example_xcom.py
[2023-12-22T20:25:06.416+0000] {logging_mixin.py:154} INFO - [2023-12-22T20:25:06.416+0000] {dag.py:2941} INFO - Sync 1 DAGs
[2023-12-22T20:25:06.647+0000] {logging_mixin.py:154} INFO - [2023-12-22T20:25:06.647+0000] {dag.py:3722} INFO - Setting next_dagrun for example_xcom to 2021-01-01T00:00:00+00:00, run_after=2021-01-01T00:00:00+00:00
[2023-12-22T20:25:07.027+0000] {processor.py:179} INFO - Processing /home/airflow/.local/lib/python3.8/site-packages/airflow/example_dags/example_xcom.py took 3.726 seconds
