[2023-12-22T19:03:21.060+0000] {processor.py:157} INFO - Started process (PID=72) to work on /home/airflow/.local/lib/python3.8/site-packages/airflow/example_dags/example_branch_labels.py
[2023-12-22T19:03:21.193+0000] {processor.py:829} INFO - Processing file /home/airflow/.local/lib/python3.8/site-packages/airflow/example_dags/example_branch_labels.py for tasks to queue
[2023-12-22T19:03:21.540+0000] {logging_mixin.py:154} INFO - [2023-12-22T19:03:21.536+0000] {dagbag.py:536} INFO - Filling up the DagBag from /home/airflow/.local/lib/python3.8/site-packages/airflow/example_dags/example_branch_labels.py
[2023-12-22T19:03:23.076+0000] {processor.py:839} INFO - DAG(s) dict_keys(['example_branch_labels']) retrieved from /home/airflow/.local/lib/python3.8/site-packages/airflow/example_dags/example_branch_labels.py
[2023-12-22T19:03:23.571+0000] {logging_mixin.py:154} INFO - [2023-12-22T19:03:23.570+0000] {dag.py:2941} INFO - Sync 1 DAGs
[2023-12-22T19:03:23.726+0000] {logging_mixin.py:154} INFO - [2023-12-22T19:03:23.725+0000] {dag.py:3722} INFO - Setting next_dagrun for example_branch_labels to 2023-12-21T00:00:00+00:00, run_after=2023-12-22T00:00:00+00:00
[2023-12-22T19:03:23.832+0000] {processor.py:179} INFO - Processing /home/airflow/.local/lib/python3.8/site-packages/airflow/example_dags/example_branch_labels.py took 2.802 seconds
[2023-12-22T19:03:53.979+0000] {processor.py:157} INFO - Started process (PID=129) to work on /home/airflow/.local/lib/python3.8/site-packages/airflow/example_dags/example_branch_labels.py
[2023-12-22T19:03:53.983+0000] {processor.py:829} INFO - Processing file /home/airflow/.local/lib/python3.8/site-packages/airflow/example_dags/example_branch_labels.py for tasks to queue
[2023-12-22T19:03:53.988+0000] {logging_mixin.py:154} INFO - [2023-12-22T19:03:53.987+0000] {dagbag.py:536} INFO - Filling up the DagBag from /home/airflow/.local/lib/python3.8/site-packages/airflow/example_dags/example_branch_labels.py
[2023-12-22T19:03:54.020+0000] {processor.py:839} INFO - DAG(s) dict_keys(['example_branch_labels']) retrieved from /home/airflow/.local/lib/python3.8/site-packages/airflow/example_dags/example_branch_labels.py
[2023-12-22T19:03:54.068+0000] {logging_mixin.py:154} INFO - [2023-12-22T19:03:54.067+0000] {dag.py:2941} INFO - Sync 1 DAGs
[2023-12-22T19:03:54.115+0000] {logging_mixin.py:154} INFO - [2023-12-22T19:03:54.114+0000] {dag.py:3722} INFO - Setting next_dagrun for example_branch_labels to 2023-12-21T00:00:00+00:00, run_after=2023-12-22T00:00:00+00:00
[2023-12-22T19:03:54.155+0000] {processor.py:179} INFO - Processing /home/airflow/.local/lib/python3.8/site-packages/airflow/example_dags/example_branch_labels.py took 0.182 seconds
[2023-12-22T19:04:24.229+0000] {processor.py:157} INFO - Started process (PID=185) to work on /home/airflow/.local/lib/python3.8/site-packages/airflow/example_dags/example_branch_labels.py
[2023-12-22T19:04:24.232+0000] {processor.py:829} INFO - Processing file /home/airflow/.local/lib/python3.8/site-packages/airflow/example_dags/example_branch_labels.py for tasks to queue
[2023-12-22T19:04:24.240+0000] {logging_mixin.py:154} INFO - [2023-12-22T19:04:24.239+0000] {dagbag.py:536} INFO - Filling up the DagBag from /home/airflow/.local/lib/python3.8/site-packages/airflow/example_dags/example_branch_labels.py
[2023-12-22T19:04:24.254+0000] {processor.py:839} INFO - DAG(s) dict_keys(['example_branch_labels']) retrieved from /home/airflow/.local/lib/python3.8/site-packages/airflow/example_dags/example_branch_labels.py
[2023-12-22T19:04:24.293+0000] {logging_mixin.py:154} INFO - [2023-12-22T19:04:24.293+0000] {dag.py:2941} INFO - Sync 1 DAGs
[2023-12-22T19:04:24.335+0000] {logging_mixin.py:154} INFO - [2023-12-22T19:04:24.334+0000] {dag.py:3722} INFO - Setting next_dagrun for example_branch_labels to 2023-12-21T00:00:00+00:00, run_after=2023-12-22T00:00:00+00:00
[2023-12-22T19:04:24.380+0000] {processor.py:179} INFO - Processing /home/airflow/.local/lib/python3.8/site-packages/airflow/example_dags/example_branch_labels.py took 0.158 seconds
[2023-12-22T19:04:54.727+0000] {processor.py:157} INFO - Started process (PID=241) to work on /home/airflow/.local/lib/python3.8/site-packages/airflow/example_dags/example_branch_labels.py
[2023-12-22T19:04:54.733+0000] {processor.py:829} INFO - Processing file /home/airflow/.local/lib/python3.8/site-packages/airflow/example_dags/example_branch_labels.py for tasks to queue
[2023-12-22T19:04:54.737+0000] {logging_mixin.py:154} INFO - [2023-12-22T19:04:54.737+0000] {dagbag.py:536} INFO - Filling up the DagBag from /home/airflow/.local/lib/python3.8/site-packages/airflow/example_dags/example_branch_labels.py
[2023-12-22T19:04:54.756+0000] {processor.py:839} INFO - DAG(s) dict_keys(['example_branch_labels']) retrieved from /home/airflow/.local/lib/python3.8/site-packages/airflow/example_dags/example_branch_labels.py
[2023-12-22T19:04:54.845+0000] {logging_mixin.py:154} INFO - [2023-12-22T19:04:54.845+0000] {dag.py:2941} INFO - Sync 1 DAGs
[2023-12-22T19:04:54.887+0000] {logging_mixin.py:154} INFO - [2023-12-22T19:04:54.886+0000] {dag.py:3722} INFO - Setting next_dagrun for example_branch_labels to 2023-12-21T00:00:00+00:00, run_after=2023-12-22T00:00:00+00:00
[2023-12-22T19:04:54.927+0000] {processor.py:179} INFO - Processing /home/airflow/.local/lib/python3.8/site-packages/airflow/example_dags/example_branch_labels.py took 0.221 seconds
[2023-12-22T19:05:25.629+0000] {processor.py:157} INFO - Started process (PID=296) to work on /home/airflow/.local/lib/python3.8/site-packages/airflow/example_dags/example_branch_labels.py
[2023-12-22T19:05:25.632+0000] {processor.py:829} INFO - Processing file /home/airflow/.local/lib/python3.8/site-packages/airflow/example_dags/example_branch_labels.py for tasks to queue
[2023-12-22T19:05:25.637+0000] {logging_mixin.py:154} INFO - [2023-12-22T19:05:25.637+0000] {dagbag.py:536} INFO - Filling up the DagBag from /home/airflow/.local/lib/python3.8/site-packages/airflow/example_dags/example_branch_labels.py
[2023-12-22T19:05:25.650+0000] {processor.py:839} INFO - DAG(s) dict_keys(['example_branch_labels']) retrieved from /home/airflow/.local/lib/python3.8/site-packages/airflow/example_dags/example_branch_labels.py
[2023-12-22T19:05:25.687+0000] {logging_mixin.py:154} INFO - [2023-12-22T19:05:25.687+0000] {dag.py:2941} INFO - Sync 1 DAGs
[2023-12-22T19:05:25.721+0000] {logging_mixin.py:154} INFO - [2023-12-22T19:05:25.721+0000] {dag.py:3722} INFO - Setting next_dagrun for example_branch_labels to 2023-12-21T00:00:00+00:00, run_after=2023-12-22T00:00:00+00:00
[2023-12-22T19:05:25.757+0000] {processor.py:179} INFO - Processing /home/airflow/.local/lib/python3.8/site-packages/airflow/example_dags/example_branch_labels.py took 0.133 seconds
[2023-12-22T19:05:55.845+0000] {processor.py:157} INFO - Started process (PID=352) to work on /home/airflow/.local/lib/python3.8/site-packages/airflow/example_dags/example_branch_labels.py
[2023-12-22T19:05:55.847+0000] {processor.py:829} INFO - Processing file /home/airflow/.local/lib/python3.8/site-packages/airflow/example_dags/example_branch_labels.py for tasks to queue
[2023-12-22T19:05:55.852+0000] {logging_mixin.py:154} INFO - [2023-12-22T19:05:55.852+0000] {dagbag.py:536} INFO - Filling up the DagBag from /home/airflow/.local/lib/python3.8/site-packages/airflow/example_dags/example_branch_labels.py
[2023-12-22T19:05:55.866+0000] {processor.py:839} INFO - DAG(s) dict_keys(['example_branch_labels']) retrieved from /home/airflow/.local/lib/python3.8/site-packages/airflow/example_dags/example_branch_labels.py
[2023-12-22T19:05:55.904+0000] {logging_mixin.py:154} INFO - [2023-12-22T19:05:55.903+0000] {dag.py:2941} INFO - Sync 1 DAGs
[2023-12-22T19:05:55.941+0000] {logging_mixin.py:154} INFO - [2023-12-22T19:05:55.941+0000] {dag.py:3722} INFO - Setting next_dagrun for example_branch_labels to 2023-12-21T00:00:00+00:00, run_after=2023-12-22T00:00:00+00:00
[2023-12-22T19:05:55.975+0000] {processor.py:179} INFO - Processing /home/airflow/.local/lib/python3.8/site-packages/airflow/example_dags/example_branch_labels.py took 0.136 seconds
[2023-12-22T19:06:26.601+0000] {processor.py:157} INFO - Started process (PID=408) to work on /home/airflow/.local/lib/python3.8/site-packages/airflow/example_dags/example_branch_labels.py
[2023-12-22T19:06:26.606+0000] {processor.py:829} INFO - Processing file /home/airflow/.local/lib/python3.8/site-packages/airflow/example_dags/example_branch_labels.py for tasks to queue
[2023-12-22T19:06:26.620+0000] {logging_mixin.py:154} INFO - [2023-12-22T19:06:26.618+0000] {dagbag.py:536} INFO - Filling up the DagBag from /home/airflow/.local/lib/python3.8/site-packages/airflow/example_dags/example_branch_labels.py
[2023-12-22T19:06:26.633+0000] {processor.py:839} INFO - DAG(s) dict_keys(['example_branch_labels']) retrieved from /home/airflow/.local/lib/python3.8/site-packages/airflow/example_dags/example_branch_labels.py
[2023-12-22T19:06:26.683+0000] {logging_mixin.py:154} INFO - [2023-12-22T19:06:26.682+0000] {dag.py:2941} INFO - Sync 1 DAGs
[2023-12-22T19:06:26.725+0000] {logging_mixin.py:154} INFO - [2023-12-22T19:06:26.725+0000] {dag.py:3722} INFO - Setting next_dagrun for example_branch_labels to 2023-12-21T00:00:00+00:00, run_after=2023-12-22T00:00:00+00:00
[2023-12-22T19:06:26.764+0000] {processor.py:179} INFO - Processing /home/airflow/.local/lib/python3.8/site-packages/airflow/example_dags/example_branch_labels.py took 0.170 seconds
[2023-12-22T19:06:56.890+0000] {processor.py:157} INFO - Started process (PID=464) to work on /home/airflow/.local/lib/python3.8/site-packages/airflow/example_dags/example_branch_labels.py
[2023-12-22T19:06:56.893+0000] {processor.py:829} INFO - Processing file /home/airflow/.local/lib/python3.8/site-packages/airflow/example_dags/example_branch_labels.py for tasks to queue
[2023-12-22T19:06:56.897+0000] {logging_mixin.py:154} INFO - [2023-12-22T19:06:56.897+0000] {dagbag.py:536} INFO - Filling up the DagBag from /home/airflow/.local/lib/python3.8/site-packages/airflow/example_dags/example_branch_labels.py
[2023-12-22T19:06:56.910+0000] {processor.py:839} INFO - DAG(s) dict_keys(['example_branch_labels']) retrieved from /home/airflow/.local/lib/python3.8/site-packages/airflow/example_dags/example_branch_labels.py
[2023-12-22T19:06:56.950+0000] {logging_mixin.py:154} INFO - [2023-12-22T19:06:56.950+0000] {dag.py:2941} INFO - Sync 1 DAGs
[2023-12-22T19:06:56.987+0000] {logging_mixin.py:154} INFO - [2023-12-22T19:06:56.987+0000] {dag.py:3722} INFO - Setting next_dagrun for example_branch_labels to 2023-12-21T00:00:00+00:00, run_after=2023-12-22T00:00:00+00:00
[2023-12-22T19:06:57.026+0000] {processor.py:179} INFO - Processing /home/airflow/.local/lib/python3.8/site-packages/airflow/example_dags/example_branch_labels.py took 0.142 seconds
[2023-12-22T19:07:27.105+0000] {processor.py:157} INFO - Started process (PID=520) to work on /home/airflow/.local/lib/python3.8/site-packages/airflow/example_dags/example_branch_labels.py
[2023-12-22T19:07:27.108+0000] {processor.py:829} INFO - Processing file /home/airflow/.local/lib/python3.8/site-packages/airflow/example_dags/example_branch_labels.py for tasks to queue
[2023-12-22T19:07:27.113+0000] {logging_mixin.py:154} INFO - [2023-12-22T19:07:27.112+0000] {dagbag.py:536} INFO - Filling up the DagBag from /home/airflow/.local/lib/python3.8/site-packages/airflow/example_dags/example_branch_labels.py
[2023-12-22T19:07:27.126+0000] {processor.py:839} INFO - DAG(s) dict_keys(['example_branch_labels']) retrieved from /home/airflow/.local/lib/python3.8/site-packages/airflow/example_dags/example_branch_labels.py
[2023-12-22T19:07:27.166+0000] {logging_mixin.py:154} INFO - [2023-12-22T19:07:27.166+0000] {dag.py:2941} INFO - Sync 1 DAGs
[2023-12-22T19:07:27.210+0000] {logging_mixin.py:154} INFO - [2023-12-22T19:07:27.209+0000] {dag.py:3722} INFO - Setting next_dagrun for example_branch_labels to 2023-12-21T00:00:00+00:00, run_after=2023-12-22T00:00:00+00:00
[2023-12-22T19:07:27.244+0000] {processor.py:179} INFO - Processing /home/airflow/.local/lib/python3.8/site-packages/airflow/example_dags/example_branch_labels.py took 0.145 seconds
[2023-12-22T19:07:57.961+0000] {processor.py:157} INFO - Started process (PID=576) to work on /home/airflow/.local/lib/python3.8/site-packages/airflow/example_dags/example_branch_labels.py
[2023-12-22T19:07:57.965+0000] {processor.py:829} INFO - Processing file /home/airflow/.local/lib/python3.8/site-packages/airflow/example_dags/example_branch_labels.py for tasks to queue
[2023-12-22T19:07:57.972+0000] {logging_mixin.py:154} INFO - [2023-12-22T19:07:57.971+0000] {dagbag.py:536} INFO - Filling up the DagBag from /home/airflow/.local/lib/python3.8/site-packages/airflow/example_dags/example_branch_labels.py
[2023-12-22T19:07:57.986+0000] {processor.py:839} INFO - DAG(s) dict_keys(['example_branch_labels']) retrieved from /home/airflow/.local/lib/python3.8/site-packages/airflow/example_dags/example_branch_labels.py
[2023-12-22T19:07:58.026+0000] {logging_mixin.py:154} INFO - [2023-12-22T19:07:58.025+0000] {dag.py:2941} INFO - Sync 1 DAGs
[2023-12-22T19:07:58.065+0000] {logging_mixin.py:154} INFO - [2023-12-22T19:07:58.065+0000] {dag.py:3722} INFO - Setting next_dagrun for example_branch_labels to 2023-12-21T00:00:00+00:00, run_after=2023-12-22T00:00:00+00:00
[2023-12-22T19:07:58.096+0000] {processor.py:179} INFO - Processing /home/airflow/.local/lib/python3.8/site-packages/airflow/example_dags/example_branch_labels.py took 0.141 seconds
[2023-12-22T19:08:28.217+0000] {processor.py:157} INFO - Started process (PID=632) to work on /home/airflow/.local/lib/python3.8/site-packages/airflow/example_dags/example_branch_labels.py
[2023-12-22T19:08:28.221+0000] {processor.py:829} INFO - Processing file /home/airflow/.local/lib/python3.8/site-packages/airflow/example_dags/example_branch_labels.py for tasks to queue
[2023-12-22T19:08:28.232+0000] {logging_mixin.py:154} INFO - [2023-12-22T19:08:28.232+0000] {dagbag.py:536} INFO - Filling up the DagBag from /home/airflow/.local/lib/python3.8/site-packages/airflow/example_dags/example_branch_labels.py
[2023-12-22T19:08:28.246+0000] {processor.py:839} INFO - DAG(s) dict_keys(['example_branch_labels']) retrieved from /home/airflow/.local/lib/python3.8/site-packages/airflow/example_dags/example_branch_labels.py
[2023-12-22T19:08:28.286+0000] {logging_mixin.py:154} INFO - [2023-12-22T19:08:28.286+0000] {dag.py:2941} INFO - Sync 1 DAGs
[2023-12-22T19:08:28.323+0000] {logging_mixin.py:154} INFO - [2023-12-22T19:08:28.323+0000] {dag.py:3722} INFO - Setting next_dagrun for example_branch_labels to 2023-12-21T00:00:00+00:00, run_after=2023-12-22T00:00:00+00:00
[2023-12-22T19:08:28.355+0000] {processor.py:179} INFO - Processing /home/airflow/.local/lib/python3.8/site-packages/airflow/example_dags/example_branch_labels.py took 0.147 seconds
[2023-12-22T19:08:58.533+0000] {processor.py:157} INFO - Started process (PID=688) to work on /home/airflow/.local/lib/python3.8/site-packages/airflow/example_dags/example_branch_labels.py
[2023-12-22T19:08:58.536+0000] {processor.py:829} INFO - Processing file /home/airflow/.local/lib/python3.8/site-packages/airflow/example_dags/example_branch_labels.py for tasks to queue
[2023-12-22T19:08:58.541+0000] {logging_mixin.py:154} INFO - [2023-12-22T19:08:58.541+0000] {dagbag.py:536} INFO - Filling up the DagBag from /home/airflow/.local/lib/python3.8/site-packages/airflow/example_dags/example_branch_labels.py
[2023-12-22T19:08:58.556+0000] {processor.py:839} INFO - DAG(s) dict_keys(['example_branch_labels']) retrieved from /home/airflow/.local/lib/python3.8/site-packages/airflow/example_dags/example_branch_labels.py
[2023-12-22T19:08:58.595+0000] {logging_mixin.py:154} INFO - [2023-12-22T19:08:58.595+0000] {dag.py:2941} INFO - Sync 1 DAGs
[2023-12-22T19:08:58.632+0000] {logging_mixin.py:154} INFO - [2023-12-22T19:08:58.631+0000] {dag.py:3722} INFO - Setting next_dagrun for example_branch_labels to 2023-12-21T00:00:00+00:00, run_after=2023-12-22T00:00:00+00:00
[2023-12-22T19:08:58.660+0000] {processor.py:179} INFO - Processing /home/airflow/.local/lib/python3.8/site-packages/airflow/example_dags/example_branch_labels.py took 0.133 seconds
[2023-12-22T19:09:28.952+0000] {processor.py:157} INFO - Started process (PID=744) to work on /home/airflow/.local/lib/python3.8/site-packages/airflow/example_dags/example_branch_labels.py
[2023-12-22T19:09:28.956+0000] {processor.py:829} INFO - Processing file /home/airflow/.local/lib/python3.8/site-packages/airflow/example_dags/example_branch_labels.py for tasks to queue
[2023-12-22T19:09:28.963+0000] {logging_mixin.py:154} INFO - [2023-12-22T19:09:28.963+0000] {dagbag.py:536} INFO - Filling up the DagBag from /home/airflow/.local/lib/python3.8/site-packages/airflow/example_dags/example_branch_labels.py
[2023-12-22T19:09:28.981+0000] {processor.py:839} INFO - DAG(s) dict_keys(['example_branch_labels']) retrieved from /home/airflow/.local/lib/python3.8/site-packages/airflow/example_dags/example_branch_labels.py
[2023-12-22T19:09:29.027+0000] {logging_mixin.py:154} INFO - [2023-12-22T19:09:29.027+0000] {dag.py:2941} INFO - Sync 1 DAGs
[2023-12-22T19:09:29.067+0000] {logging_mixin.py:154} INFO - [2023-12-22T19:09:29.066+0000] {dag.py:3722} INFO - Setting next_dagrun for example_branch_labels to 2023-12-21T00:00:00+00:00, run_after=2023-12-22T00:00:00+00:00
[2023-12-22T19:09:29.104+0000] {processor.py:179} INFO - Processing /home/airflow/.local/lib/python3.8/site-packages/airflow/example_dags/example_branch_labels.py took 0.159 seconds
[2023-12-22T19:09:59.664+0000] {processor.py:157} INFO - Started process (PID=799) to work on /home/airflow/.local/lib/python3.8/site-packages/airflow/example_dags/example_branch_labels.py
[2023-12-22T19:09:59.666+0000] {processor.py:829} INFO - Processing file /home/airflow/.local/lib/python3.8/site-packages/airflow/example_dags/example_branch_labels.py for tasks to queue
[2023-12-22T19:09:59.671+0000] {logging_mixin.py:154} INFO - [2023-12-22T19:09:59.671+0000] {dagbag.py:536} INFO - Filling up the DagBag from /home/airflow/.local/lib/python3.8/site-packages/airflow/example_dags/example_branch_labels.py
[2023-12-22T19:09:59.690+0000] {processor.py:839} INFO - DAG(s) dict_keys(['example_branch_labels']) retrieved from /home/airflow/.local/lib/python3.8/site-packages/airflow/example_dags/example_branch_labels.py
[2023-12-22T19:09:59.737+0000] {logging_mixin.py:154} INFO - [2023-12-22T19:09:59.736+0000] {dag.py:2941} INFO - Sync 1 DAGs
[2023-12-22T19:09:59.777+0000] {logging_mixin.py:154} INFO - [2023-12-22T19:09:59.777+0000] {dag.py:3722} INFO - Setting next_dagrun for example_branch_labels to 2023-12-21T00:00:00+00:00, run_after=2023-12-22T00:00:00+00:00
[2023-12-22T19:09:59.809+0000] {processor.py:179} INFO - Processing /home/airflow/.local/lib/python3.8/site-packages/airflow/example_dags/example_branch_labels.py took 0.160 seconds
[2023-12-22T19:10:29.915+0000] {processor.py:157} INFO - Started process (PID=856) to work on /home/airflow/.local/lib/python3.8/site-packages/airflow/example_dags/example_branch_labels.py
[2023-12-22T19:10:29.917+0000] {processor.py:829} INFO - Processing file /home/airflow/.local/lib/python3.8/site-packages/airflow/example_dags/example_branch_labels.py for tasks to queue
[2023-12-22T19:10:29.922+0000] {logging_mixin.py:154} INFO - [2023-12-22T19:10:29.921+0000] {dagbag.py:536} INFO - Filling up the DagBag from /home/airflow/.local/lib/python3.8/site-packages/airflow/example_dags/example_branch_labels.py
[2023-12-22T19:10:29.935+0000] {processor.py:839} INFO - DAG(s) dict_keys(['example_branch_labels']) retrieved from /home/airflow/.local/lib/python3.8/site-packages/airflow/example_dags/example_branch_labels.py
[2023-12-22T19:10:29.977+0000] {logging_mixin.py:154} INFO - [2023-12-22T19:10:29.977+0000] {dag.py:2941} INFO - Sync 1 DAGs
[2023-12-22T19:10:30.013+0000] {logging_mixin.py:154} INFO - [2023-12-22T19:10:30.013+0000] {dag.py:3722} INFO - Setting next_dagrun for example_branch_labels to 2023-12-21T00:00:00+00:00, run_after=2023-12-22T00:00:00+00:00
[2023-12-22T19:10:30.048+0000] {processor.py:179} INFO - Processing /home/airflow/.local/lib/python3.8/site-packages/airflow/example_dags/example_branch_labels.py took 0.138 seconds
[2023-12-22T19:11:00.223+0000] {processor.py:157} INFO - Started process (PID=912) to work on /home/airflow/.local/lib/python3.8/site-packages/airflow/example_dags/example_branch_labels.py
[2023-12-22T19:11:00.228+0000] {processor.py:829} INFO - Processing file /home/airflow/.local/lib/python3.8/site-packages/airflow/example_dags/example_branch_labels.py for tasks to queue
[2023-12-22T19:11:00.232+0000] {logging_mixin.py:154} INFO - [2023-12-22T19:11:00.231+0000] {dagbag.py:536} INFO - Filling up the DagBag from /home/airflow/.local/lib/python3.8/site-packages/airflow/example_dags/example_branch_labels.py
[2023-12-22T19:11:00.246+0000] {processor.py:839} INFO - DAG(s) dict_keys(['example_branch_labels']) retrieved from /home/airflow/.local/lib/python3.8/site-packages/airflow/example_dags/example_branch_labels.py
[2023-12-22T19:11:00.291+0000] {logging_mixin.py:154} INFO - [2023-12-22T19:11:00.290+0000] {dag.py:2941} INFO - Sync 1 DAGs
[2023-12-22T19:11:00.329+0000] {logging_mixin.py:154} INFO - [2023-12-22T19:11:00.328+0000] {dag.py:3722} INFO - Setting next_dagrun for example_branch_labels to 2023-12-21T00:00:00+00:00, run_after=2023-12-22T00:00:00+00:00
[2023-12-22T19:11:00.368+0000] {processor.py:179} INFO - Processing /home/airflow/.local/lib/python3.8/site-packages/airflow/example_dags/example_branch_labels.py took 0.150 seconds
[2023-12-22T19:11:30.838+0000] {processor.py:157} INFO - Started process (PID=968) to work on /home/airflow/.local/lib/python3.8/site-packages/airflow/example_dags/example_branch_labels.py
[2023-12-22T19:11:30.841+0000] {processor.py:829} INFO - Processing file /home/airflow/.local/lib/python3.8/site-packages/airflow/example_dags/example_branch_labels.py for tasks to queue
[2023-12-22T19:11:30.846+0000] {logging_mixin.py:154} INFO - [2023-12-22T19:11:30.846+0000] {dagbag.py:536} INFO - Filling up the DagBag from /home/airflow/.local/lib/python3.8/site-packages/airflow/example_dags/example_branch_labels.py
[2023-12-22T19:11:30.859+0000] {processor.py:839} INFO - DAG(s) dict_keys(['example_branch_labels']) retrieved from /home/airflow/.local/lib/python3.8/site-packages/airflow/example_dags/example_branch_labels.py
[2023-12-22T19:11:30.896+0000] {logging_mixin.py:154} INFO - [2023-12-22T19:11:30.895+0000] {dag.py:2941} INFO - Sync 1 DAGs
[2023-12-22T19:11:30.932+0000] {logging_mixin.py:154} INFO - [2023-12-22T19:11:30.932+0000] {dag.py:3722} INFO - Setting next_dagrun for example_branch_labels to 2023-12-21T00:00:00+00:00, run_after=2023-12-22T00:00:00+00:00
[2023-12-22T19:11:30.963+0000] {processor.py:179} INFO - Processing /home/airflow/.local/lib/python3.8/site-packages/airflow/example_dags/example_branch_labels.py took 0.130 seconds
[2023-12-22T19:12:01.251+0000] {processor.py:157} INFO - Started process (PID=1024) to work on /home/airflow/.local/lib/python3.8/site-packages/airflow/example_dags/example_branch_labels.py
[2023-12-22T19:12:01.254+0000] {processor.py:829} INFO - Processing file /home/airflow/.local/lib/python3.8/site-packages/airflow/example_dags/example_branch_labels.py for tasks to queue
[2023-12-22T19:12:01.259+0000] {logging_mixin.py:154} INFO - [2023-12-22T19:12:01.258+0000] {dagbag.py:536} INFO - Filling up the DagBag from /home/airflow/.local/lib/python3.8/site-packages/airflow/example_dags/example_branch_labels.py
[2023-12-22T19:12:01.272+0000] {processor.py:839} INFO - DAG(s) dict_keys(['example_branch_labels']) retrieved from /home/airflow/.local/lib/python3.8/site-packages/airflow/example_dags/example_branch_labels.py
[2023-12-22T19:12:01.308+0000] {logging_mixin.py:154} INFO - [2023-12-22T19:12:01.308+0000] {dag.py:2941} INFO - Sync 1 DAGs
[2023-12-22T19:12:01.344+0000] {logging_mixin.py:154} INFO - [2023-12-22T19:12:01.344+0000] {dag.py:3722} INFO - Setting next_dagrun for example_branch_labels to 2023-12-21T00:00:00+00:00, run_after=2023-12-22T00:00:00+00:00
[2023-12-22T19:12:01.375+0000] {processor.py:179} INFO - Processing /home/airflow/.local/lib/python3.8/site-packages/airflow/example_dags/example_branch_labels.py took 0.130 seconds
[2023-12-22T19:12:31.761+0000] {processor.py:157} INFO - Started process (PID=1081) to work on /home/airflow/.local/lib/python3.8/site-packages/airflow/example_dags/example_branch_labels.py
[2023-12-22T19:12:31.765+0000] {processor.py:829} INFO - Processing file /home/airflow/.local/lib/python3.8/site-packages/airflow/example_dags/example_branch_labels.py for tasks to queue
[2023-12-22T19:12:31.770+0000] {logging_mixin.py:154} INFO - [2023-12-22T19:12:31.770+0000] {dagbag.py:536} INFO - Filling up the DagBag from /home/airflow/.local/lib/python3.8/site-packages/airflow/example_dags/example_branch_labels.py
[2023-12-22T19:12:31.784+0000] {processor.py:839} INFO - DAG(s) dict_keys(['example_branch_labels']) retrieved from /home/airflow/.local/lib/python3.8/site-packages/airflow/example_dags/example_branch_labels.py
[2023-12-22T19:12:31.819+0000] {logging_mixin.py:154} INFO - [2023-12-22T19:12:31.819+0000] {dag.py:2941} INFO - Sync 1 DAGs
[2023-12-22T19:12:31.855+0000] {logging_mixin.py:154} INFO - [2023-12-22T19:12:31.855+0000] {dag.py:3722} INFO - Setting next_dagrun for example_branch_labels to 2023-12-21T00:00:00+00:00, run_after=2023-12-22T00:00:00+00:00
[2023-12-22T19:12:31.890+0000] {processor.py:179} INFO - Processing /home/airflow/.local/lib/python3.8/site-packages/airflow/example_dags/example_branch_labels.py took 0.135 seconds
[2023-12-22T19:13:02.049+0000] {processor.py:157} INFO - Started process (PID=1137) to work on /home/airflow/.local/lib/python3.8/site-packages/airflow/example_dags/example_branch_labels.py
[2023-12-22T19:13:02.052+0000] {processor.py:829} INFO - Processing file /home/airflow/.local/lib/python3.8/site-packages/airflow/example_dags/example_branch_labels.py for tasks to queue
[2023-12-22T19:13:02.057+0000] {logging_mixin.py:154} INFO - [2023-12-22T19:13:02.057+0000] {dagbag.py:536} INFO - Filling up the DagBag from /home/airflow/.local/lib/python3.8/site-packages/airflow/example_dags/example_branch_labels.py
[2023-12-22T19:13:02.070+0000] {processor.py:839} INFO - DAG(s) dict_keys(['example_branch_labels']) retrieved from /home/airflow/.local/lib/python3.8/site-packages/airflow/example_dags/example_branch_labels.py
[2023-12-22T19:13:02.107+0000] {logging_mixin.py:154} INFO - [2023-12-22T19:13:02.107+0000] {dag.py:2941} INFO - Sync 1 DAGs
[2023-12-22T19:13:02.143+0000] {logging_mixin.py:154} INFO - [2023-12-22T19:13:02.142+0000] {dag.py:3722} INFO - Setting next_dagrun for example_branch_labels to 2023-12-21T00:00:00+00:00, run_after=2023-12-22T00:00:00+00:00
[2023-12-22T19:13:02.174+0000] {processor.py:179} INFO - Processing /home/airflow/.local/lib/python3.8/site-packages/airflow/example_dags/example_branch_labels.py took 0.130 seconds
[2023-12-22T19:13:32.700+0000] {processor.py:157} INFO - Started process (PID=1193) to work on /home/airflow/.local/lib/python3.8/site-packages/airflow/example_dags/example_branch_labels.py
[2023-12-22T19:13:32.703+0000] {processor.py:829} INFO - Processing file /home/airflow/.local/lib/python3.8/site-packages/airflow/example_dags/example_branch_labels.py for tasks to queue
[2023-12-22T19:13:32.708+0000] {logging_mixin.py:154} INFO - [2023-12-22T19:13:32.708+0000] {dagbag.py:536} INFO - Filling up the DagBag from /home/airflow/.local/lib/python3.8/site-packages/airflow/example_dags/example_branch_labels.py
[2023-12-22T19:13:32.721+0000] {processor.py:839} INFO - DAG(s) dict_keys(['example_branch_labels']) retrieved from /home/airflow/.local/lib/python3.8/site-packages/airflow/example_dags/example_branch_labels.py
[2023-12-22T19:13:32.763+0000] {logging_mixin.py:154} INFO - [2023-12-22T19:13:32.763+0000] {dag.py:2941} INFO - Sync 1 DAGs
[2023-12-22T19:13:32.798+0000] {logging_mixin.py:154} INFO - [2023-12-22T19:13:32.798+0000] {dag.py:3722} INFO - Setting next_dagrun for example_branch_labels to 2023-12-21T00:00:00+00:00, run_after=2023-12-22T00:00:00+00:00
[2023-12-22T19:13:32.831+0000] {processor.py:179} INFO - Processing /home/airflow/.local/lib/python3.8/site-packages/airflow/example_dags/example_branch_labels.py took 0.137 seconds
[2023-12-22T19:14:02.918+0000] {processor.py:157} INFO - Started process (PID=1249) to work on /home/airflow/.local/lib/python3.8/site-packages/airflow/example_dags/example_branch_labels.py
[2023-12-22T19:14:02.920+0000] {processor.py:829} INFO - Processing file /home/airflow/.local/lib/python3.8/site-packages/airflow/example_dags/example_branch_labels.py for tasks to queue
[2023-12-22T19:14:02.925+0000] {logging_mixin.py:154} INFO - [2023-12-22T19:14:02.925+0000] {dagbag.py:536} INFO - Filling up the DagBag from /home/airflow/.local/lib/python3.8/site-packages/airflow/example_dags/example_branch_labels.py
[2023-12-22T19:14:02.938+0000] {processor.py:839} INFO - DAG(s) dict_keys(['example_branch_labels']) retrieved from /home/airflow/.local/lib/python3.8/site-packages/airflow/example_dags/example_branch_labels.py
[2023-12-22T19:14:02.977+0000] {logging_mixin.py:154} INFO - [2023-12-22T19:14:02.976+0000] {dag.py:2941} INFO - Sync 1 DAGs
[2023-12-22T19:14:03.011+0000] {logging_mixin.py:154} INFO - [2023-12-22T19:14:03.011+0000] {dag.py:3722} INFO - Setting next_dagrun for example_branch_labels to 2023-12-21T00:00:00+00:00, run_after=2023-12-22T00:00:00+00:00
[2023-12-22T19:14:03.048+0000] {processor.py:179} INFO - Processing /home/airflow/.local/lib/python3.8/site-packages/airflow/example_dags/example_branch_labels.py took 0.136 seconds
[2023-12-22T19:14:33.565+0000] {processor.py:157} INFO - Started process (PID=1306) to work on /home/airflow/.local/lib/python3.8/site-packages/airflow/example_dags/example_branch_labels.py
[2023-12-22T19:14:33.569+0000] {processor.py:829} INFO - Processing file /home/airflow/.local/lib/python3.8/site-packages/airflow/example_dags/example_branch_labels.py for tasks to queue
[2023-12-22T19:14:33.575+0000] {logging_mixin.py:154} INFO - [2023-12-22T19:14:33.575+0000] {dagbag.py:536} INFO - Filling up the DagBag from /home/airflow/.local/lib/python3.8/site-packages/airflow/example_dags/example_branch_labels.py
[2023-12-22T19:14:33.592+0000] {processor.py:839} INFO - DAG(s) dict_keys(['example_branch_labels']) retrieved from /home/airflow/.local/lib/python3.8/site-packages/airflow/example_dags/example_branch_labels.py
[2023-12-22T19:14:33.631+0000] {logging_mixin.py:154} INFO - [2023-12-22T19:14:33.631+0000] {dag.py:2941} INFO - Sync 1 DAGs
[2023-12-22T19:14:33.671+0000] {logging_mixin.py:154} INFO - [2023-12-22T19:14:33.671+0000] {dag.py:3722} INFO - Setting next_dagrun for example_branch_labels to 2023-12-21T00:00:00+00:00, run_after=2023-12-22T00:00:00+00:00
[2023-12-22T19:14:33.706+0000] {processor.py:179} INFO - Processing /home/airflow/.local/lib/python3.8/site-packages/airflow/example_dags/example_branch_labels.py took 0.148 seconds
[2023-12-22T19:15:03.904+0000] {processor.py:157} INFO - Started process (PID=1362) to work on /home/airflow/.local/lib/python3.8/site-packages/airflow/example_dags/example_branch_labels.py
[2023-12-22T19:15:03.906+0000] {processor.py:829} INFO - Processing file /home/airflow/.local/lib/python3.8/site-packages/airflow/example_dags/example_branch_labels.py for tasks to queue
[2023-12-22T19:15:03.911+0000] {logging_mixin.py:154} INFO - [2023-12-22T19:15:03.911+0000] {dagbag.py:536} INFO - Filling up the DagBag from /home/airflow/.local/lib/python3.8/site-packages/airflow/example_dags/example_branch_labels.py
[2023-12-22T19:15:03.927+0000] {processor.py:839} INFO - DAG(s) dict_keys(['example_branch_labels']) retrieved from /home/airflow/.local/lib/python3.8/site-packages/airflow/example_dags/example_branch_labels.py
[2023-12-22T19:15:03.963+0000] {logging_mixin.py:154} INFO - [2023-12-22T19:15:03.963+0000] {dag.py:2941} INFO - Sync 1 DAGs
[2023-12-22T19:15:03.998+0000] {logging_mixin.py:154} INFO - [2023-12-22T19:15:03.998+0000] {dag.py:3722} INFO - Setting next_dagrun for example_branch_labels to 2023-12-21T00:00:00+00:00, run_after=2023-12-22T00:00:00+00:00
[2023-12-22T19:15:04.042+0000] {processor.py:179} INFO - Processing /home/airflow/.local/lib/python3.8/site-packages/airflow/example_dags/example_branch_labels.py took 0.145 seconds
[2023-12-22T19:15:34.375+0000] {processor.py:157} INFO - Started process (PID=1418) to work on /home/airflow/.local/lib/python3.8/site-packages/airflow/example_dags/example_branch_labels.py
[2023-12-22T19:15:34.378+0000] {processor.py:829} INFO - Processing file /home/airflow/.local/lib/python3.8/site-packages/airflow/example_dags/example_branch_labels.py for tasks to queue
[2023-12-22T19:15:34.383+0000] {logging_mixin.py:154} INFO - [2023-12-22T19:15:34.383+0000] {dagbag.py:536} INFO - Filling up the DagBag from /home/airflow/.local/lib/python3.8/site-packages/airflow/example_dags/example_branch_labels.py
[2023-12-22T19:15:34.397+0000] {processor.py:839} INFO - DAG(s) dict_keys(['example_branch_labels']) retrieved from /home/airflow/.local/lib/python3.8/site-packages/airflow/example_dags/example_branch_labels.py
[2023-12-22T19:15:34.438+0000] {logging_mixin.py:154} INFO - [2023-12-22T19:15:34.437+0000] {dag.py:2941} INFO - Sync 1 DAGs
[2023-12-22T19:15:34.479+0000] {logging_mixin.py:154} INFO - [2023-12-22T19:15:34.478+0000] {dag.py:3722} INFO - Setting next_dagrun for example_branch_labels to 2023-12-21T00:00:00+00:00, run_after=2023-12-22T00:00:00+00:00
[2023-12-22T19:15:34.520+0000] {processor.py:179} INFO - Processing /home/airflow/.local/lib/python3.8/site-packages/airflow/example_dags/example_branch_labels.py took 0.151 seconds
[2023-12-22T19:16:04.640+0000] {processor.py:157} INFO - Started process (PID=1474) to work on /home/airflow/.local/lib/python3.8/site-packages/airflow/example_dags/example_branch_labels.py
[2023-12-22T19:16:04.642+0000] {processor.py:829} INFO - Processing file /home/airflow/.local/lib/python3.8/site-packages/airflow/example_dags/example_branch_labels.py for tasks to queue
[2023-12-22T19:16:04.646+0000] {logging_mixin.py:154} INFO - [2023-12-22T19:16:04.646+0000] {dagbag.py:536} INFO - Filling up the DagBag from /home/airflow/.local/lib/python3.8/site-packages/airflow/example_dags/example_branch_labels.py
[2023-12-22T19:16:04.660+0000] {processor.py:839} INFO - DAG(s) dict_keys(['example_branch_labels']) retrieved from /home/airflow/.local/lib/python3.8/site-packages/airflow/example_dags/example_branch_labels.py
[2023-12-22T19:16:04.697+0000] {logging_mixin.py:154} INFO - [2023-12-22T19:16:04.697+0000] {dag.py:2941} INFO - Sync 1 DAGs
[2023-12-22T19:16:04.733+0000] {logging_mixin.py:154} INFO - [2023-12-22T19:16:04.733+0000] {dag.py:3722} INFO - Setting next_dagrun for example_branch_labels to 2023-12-21T00:00:00+00:00, run_after=2023-12-22T00:00:00+00:00
[2023-12-22T19:16:04.764+0000] {processor.py:179} INFO - Processing /home/airflow/.local/lib/python3.8/site-packages/airflow/example_dags/example_branch_labels.py took 0.130 seconds
[2023-12-22T19:16:34.849+0000] {processor.py:157} INFO - Started process (PID=1530) to work on /home/airflow/.local/lib/python3.8/site-packages/airflow/example_dags/example_branch_labels.py
[2023-12-22T19:16:34.851+0000] {processor.py:829} INFO - Processing file /home/airflow/.local/lib/python3.8/site-packages/airflow/example_dags/example_branch_labels.py for tasks to queue
[2023-12-22T19:16:34.856+0000] {logging_mixin.py:154} INFO - [2023-12-22T19:16:34.856+0000] {dagbag.py:536} INFO - Filling up the DagBag from /home/airflow/.local/lib/python3.8/site-packages/airflow/example_dags/example_branch_labels.py
[2023-12-22T19:16:34.874+0000] {processor.py:839} INFO - DAG(s) dict_keys(['example_branch_labels']) retrieved from /home/airflow/.local/lib/python3.8/site-packages/airflow/example_dags/example_branch_labels.py
[2023-12-22T19:16:34.921+0000] {logging_mixin.py:154} INFO - [2023-12-22T19:16:34.921+0000] {dag.py:2941} INFO - Sync 1 DAGs
[2023-12-22T19:16:34.959+0000] {logging_mixin.py:154} INFO - [2023-12-22T19:16:34.959+0000] {dag.py:3722} INFO - Setting next_dagrun for example_branch_labels to 2023-12-21T00:00:00+00:00, run_after=2023-12-22T00:00:00+00:00
[2023-12-22T19:16:34.989+0000] {processor.py:179} INFO - Processing /home/airflow/.local/lib/python3.8/site-packages/airflow/example_dags/example_branch_labels.py took 0.146 seconds
[2023-12-22T19:17:05.058+0000] {processor.py:157} INFO - Started process (PID=1586) to work on /home/airflow/.local/lib/python3.8/site-packages/airflow/example_dags/example_branch_labels.py
[2023-12-22T19:17:05.060+0000] {processor.py:829} INFO - Processing file /home/airflow/.local/lib/python3.8/site-packages/airflow/example_dags/example_branch_labels.py for tasks to queue
[2023-12-22T19:17:05.066+0000] {logging_mixin.py:154} INFO - [2023-12-22T19:17:05.065+0000] {dagbag.py:536} INFO - Filling up the DagBag from /home/airflow/.local/lib/python3.8/site-packages/airflow/example_dags/example_branch_labels.py
[2023-12-22T19:17:05.079+0000] {processor.py:839} INFO - DAG(s) dict_keys(['example_branch_labels']) retrieved from /home/airflow/.local/lib/python3.8/site-packages/airflow/example_dags/example_branch_labels.py
[2023-12-22T19:17:05.116+0000] {logging_mixin.py:154} INFO - [2023-12-22T19:17:05.116+0000] {dag.py:2941} INFO - Sync 1 DAGs
[2023-12-22T19:17:05.152+0000] {logging_mixin.py:154} INFO - [2023-12-22T19:17:05.152+0000] {dag.py:3722} INFO - Setting next_dagrun for example_branch_labels to 2023-12-21T00:00:00+00:00, run_after=2023-12-22T00:00:00+00:00
[2023-12-22T19:17:05.196+0000] {processor.py:179} INFO - Processing /home/airflow/.local/lib/python3.8/site-packages/airflow/example_dags/example_branch_labels.py took 0.144 seconds
[2023-12-22T19:17:35.294+0000] {processor.py:157} INFO - Started process (PID=1642) to work on /home/airflow/.local/lib/python3.8/site-packages/airflow/example_dags/example_branch_labels.py
[2023-12-22T19:17:35.296+0000] {processor.py:829} INFO - Processing file /home/airflow/.local/lib/python3.8/site-packages/airflow/example_dags/example_branch_labels.py for tasks to queue
[2023-12-22T19:17:35.300+0000] {logging_mixin.py:154} INFO - [2023-12-22T19:17:35.300+0000] {dagbag.py:536} INFO - Filling up the DagBag from /home/airflow/.local/lib/python3.8/site-packages/airflow/example_dags/example_branch_labels.py
[2023-12-22T19:17:35.315+0000] {processor.py:839} INFO - DAG(s) dict_keys(['example_branch_labels']) retrieved from /home/airflow/.local/lib/python3.8/site-packages/airflow/example_dags/example_branch_labels.py
[2023-12-22T19:17:35.366+0000] {logging_mixin.py:154} INFO - [2023-12-22T19:17:35.366+0000] {dag.py:2941} INFO - Sync 1 DAGs
[2023-12-22T19:17:35.403+0000] {logging_mixin.py:154} INFO - [2023-12-22T19:17:35.403+0000] {dag.py:3722} INFO - Setting next_dagrun for example_branch_labels to 2023-12-21T00:00:00+00:00, run_after=2023-12-22T00:00:00+00:00
[2023-12-22T19:17:35.439+0000] {processor.py:179} INFO - Processing /home/airflow/.local/lib/python3.8/site-packages/airflow/example_dags/example_branch_labels.py took 0.150 seconds
[2023-12-22T19:18:05.533+0000] {processor.py:157} INFO - Started process (PID=1698) to work on /home/airflow/.local/lib/python3.8/site-packages/airflow/example_dags/example_branch_labels.py
[2023-12-22T19:18:05.536+0000] {processor.py:829} INFO - Processing file /home/airflow/.local/lib/python3.8/site-packages/airflow/example_dags/example_branch_labels.py for tasks to queue
[2023-12-22T19:18:05.543+0000] {logging_mixin.py:154} INFO - [2023-12-22T19:18:05.542+0000] {dagbag.py:536} INFO - Filling up the DagBag from /home/airflow/.local/lib/python3.8/site-packages/airflow/example_dags/example_branch_labels.py
[2023-12-22T19:18:05.564+0000] {processor.py:839} INFO - DAG(s) dict_keys(['example_branch_labels']) retrieved from /home/airflow/.local/lib/python3.8/site-packages/airflow/example_dags/example_branch_labels.py
[2023-12-22T19:18:05.601+0000] {logging_mixin.py:154} INFO - [2023-12-22T19:18:05.601+0000] {dag.py:2941} INFO - Sync 1 DAGs
[2023-12-22T19:18:05.643+0000] {logging_mixin.py:154} INFO - [2023-12-22T19:18:05.643+0000] {dag.py:3722} INFO - Setting next_dagrun for example_branch_labels to 2023-12-21T00:00:00+00:00, run_after=2023-12-22T00:00:00+00:00
[2023-12-22T19:18:05.672+0000] {processor.py:179} INFO - Processing /home/airflow/.local/lib/python3.8/site-packages/airflow/example_dags/example_branch_labels.py took 0.145 seconds
[2023-12-22T19:18:36.117+0000] {processor.py:157} INFO - Started process (PID=1753) to work on /home/airflow/.local/lib/python3.8/site-packages/airflow/example_dags/example_branch_labels.py
[2023-12-22T19:18:36.121+0000] {processor.py:829} INFO - Processing file /home/airflow/.local/lib/python3.8/site-packages/airflow/example_dags/example_branch_labels.py for tasks to queue
[2023-12-22T19:18:36.129+0000] {logging_mixin.py:154} INFO - [2023-12-22T19:18:36.128+0000] {dagbag.py:536} INFO - Filling up the DagBag from /home/airflow/.local/lib/python3.8/site-packages/airflow/example_dags/example_branch_labels.py
[2023-12-22T19:18:36.149+0000] {processor.py:839} INFO - DAG(s) dict_keys(['example_branch_labels']) retrieved from /home/airflow/.local/lib/python3.8/site-packages/airflow/example_dags/example_branch_labels.py
[2023-12-22T19:18:36.184+0000] {logging_mixin.py:154} INFO - [2023-12-22T19:18:36.184+0000] {dag.py:2941} INFO - Sync 1 DAGs
[2023-12-22T19:18:36.225+0000] {logging_mixin.py:154} INFO - [2023-12-22T19:18:36.225+0000] {dag.py:3722} INFO - Setting next_dagrun for example_branch_labels to 2023-12-21T00:00:00+00:00, run_after=2023-12-22T00:00:00+00:00
[2023-12-22T19:18:36.255+0000] {processor.py:179} INFO - Processing /home/airflow/.local/lib/python3.8/site-packages/airflow/example_dags/example_branch_labels.py took 0.151 seconds
[2023-12-22T19:19:06.448+0000] {processor.py:157} INFO - Started process (PID=1809) to work on /home/airflow/.local/lib/python3.8/site-packages/airflow/example_dags/example_branch_labels.py
[2023-12-22T19:19:06.451+0000] {processor.py:829} INFO - Processing file /home/airflow/.local/lib/python3.8/site-packages/airflow/example_dags/example_branch_labels.py for tasks to queue
[2023-12-22T19:19:06.459+0000] {logging_mixin.py:154} INFO - [2023-12-22T19:19:06.458+0000] {dagbag.py:536} INFO - Filling up the DagBag from /home/airflow/.local/lib/python3.8/site-packages/airflow/example_dags/example_branch_labels.py
[2023-12-22T19:19:06.473+0000] {processor.py:839} INFO - DAG(s) dict_keys(['example_branch_labels']) retrieved from /home/airflow/.local/lib/python3.8/site-packages/airflow/example_dags/example_branch_labels.py
[2023-12-22T19:19:06.516+0000] {logging_mixin.py:154} INFO - [2023-12-22T19:19:06.515+0000] {dag.py:2941} INFO - Sync 1 DAGs
[2023-12-22T19:19:06.556+0000] {logging_mixin.py:154} INFO - [2023-12-22T19:19:06.555+0000] {dag.py:3722} INFO - Setting next_dagrun for example_branch_labels to 2023-12-21T00:00:00+00:00, run_after=2023-12-22T00:00:00+00:00
[2023-12-22T19:19:06.598+0000] {processor.py:179} INFO - Processing /home/airflow/.local/lib/python3.8/site-packages/airflow/example_dags/example_branch_labels.py took 0.157 seconds
[2023-12-22T19:19:36.986+0000] {processor.py:157} INFO - Started process (PID=1865) to work on /home/airflow/.local/lib/python3.8/site-packages/airflow/example_dags/example_branch_labels.py
[2023-12-22T19:19:36.990+0000] {processor.py:829} INFO - Processing file /home/airflow/.local/lib/python3.8/site-packages/airflow/example_dags/example_branch_labels.py for tasks to queue
[2023-12-22T19:19:36.996+0000] {logging_mixin.py:154} INFO - [2023-12-22T19:19:36.995+0000] {dagbag.py:536} INFO - Filling up the DagBag from /home/airflow/.local/lib/python3.8/site-packages/airflow/example_dags/example_branch_labels.py
[2023-12-22T19:19:37.014+0000] {processor.py:839} INFO - DAG(s) dict_keys(['example_branch_labels']) retrieved from /home/airflow/.local/lib/python3.8/site-packages/airflow/example_dags/example_branch_labels.py
[2023-12-22T19:19:37.064+0000] {logging_mixin.py:154} INFO - [2023-12-22T19:19:37.064+0000] {dag.py:2941} INFO - Sync 1 DAGs
[2023-12-22T19:19:37.105+0000] {logging_mixin.py:154} INFO - [2023-12-22T19:19:37.105+0000] {dag.py:3722} INFO - Setting next_dagrun for example_branch_labels to 2023-12-21T00:00:00+00:00, run_after=2023-12-22T00:00:00+00:00
[2023-12-22T19:19:37.144+0000] {processor.py:179} INFO - Processing /home/airflow/.local/lib/python3.8/site-packages/airflow/example_dags/example_branch_labels.py took 0.169 seconds
[2023-12-22T19:20:07.211+0000] {processor.py:157} INFO - Started process (PID=1921) to work on /home/airflow/.local/lib/python3.8/site-packages/airflow/example_dags/example_branch_labels.py
[2023-12-22T19:20:07.216+0000] {processor.py:829} INFO - Processing file /home/airflow/.local/lib/python3.8/site-packages/airflow/example_dags/example_branch_labels.py for tasks to queue
[2023-12-22T19:20:07.223+0000] {logging_mixin.py:154} INFO - [2023-12-22T19:20:07.222+0000] {dagbag.py:536} INFO - Filling up the DagBag from /home/airflow/.local/lib/python3.8/site-packages/airflow/example_dags/example_branch_labels.py
[2023-12-22T19:20:07.237+0000] {processor.py:839} INFO - DAG(s) dict_keys(['example_branch_labels']) retrieved from /home/airflow/.local/lib/python3.8/site-packages/airflow/example_dags/example_branch_labels.py
[2023-12-22T19:20:07.273+0000] {logging_mixin.py:154} INFO - [2023-12-22T19:20:07.272+0000] {dag.py:2941} INFO - Sync 1 DAGs
[2023-12-22T19:20:07.309+0000] {logging_mixin.py:154} INFO - [2023-12-22T19:20:07.308+0000] {dag.py:3722} INFO - Setting next_dagrun for example_branch_labels to 2023-12-21T00:00:00+00:00, run_after=2023-12-22T00:00:00+00:00
[2023-12-22T19:20:07.358+0000] {processor.py:179} INFO - Processing /home/airflow/.local/lib/python3.8/site-packages/airflow/example_dags/example_branch_labels.py took 0.153 seconds
[2023-12-22T19:20:37.922+0000] {processor.py:157} INFO - Started process (PID=1977) to work on /home/airflow/.local/lib/python3.8/site-packages/airflow/example_dags/example_branch_labels.py
[2023-12-22T19:20:37.926+0000] {processor.py:829} INFO - Processing file /home/airflow/.local/lib/python3.8/site-packages/airflow/example_dags/example_branch_labels.py for tasks to queue
[2023-12-22T19:20:37.932+0000] {logging_mixin.py:154} INFO - [2023-12-22T19:20:37.931+0000] {dagbag.py:536} INFO - Filling up the DagBag from /home/airflow/.local/lib/python3.8/site-packages/airflow/example_dags/example_branch_labels.py
[2023-12-22T19:20:37.945+0000] {processor.py:839} INFO - DAG(s) dict_keys(['example_branch_labels']) retrieved from /home/airflow/.local/lib/python3.8/site-packages/airflow/example_dags/example_branch_labels.py
[2023-12-22T19:20:37.987+0000] {logging_mixin.py:154} INFO - [2023-12-22T19:20:37.987+0000] {dag.py:2941} INFO - Sync 1 DAGs
[2023-12-22T19:20:38.033+0000] {logging_mixin.py:154} INFO - [2023-12-22T19:20:38.033+0000] {dag.py:3722} INFO - Setting next_dagrun for example_branch_labels to 2023-12-21T00:00:00+00:00, run_after=2023-12-22T00:00:00+00:00
[2023-12-22T19:20:38.074+0000] {processor.py:179} INFO - Processing /home/airflow/.local/lib/python3.8/site-packages/airflow/example_dags/example_branch_labels.py took 0.157 seconds
[2023-12-22T20:14:15.027+0000] {processor.py:157} INFO - Started process (PID=71) to work on /home/airflow/.local/lib/python3.8/site-packages/airflow/example_dags/example_branch_labels.py
[2023-12-22T20:14:15.034+0000] {processor.py:829} INFO - Processing file /home/airflow/.local/lib/python3.8/site-packages/airflow/example_dags/example_branch_labels.py for tasks to queue
[2023-12-22T20:14:15.060+0000] {logging_mixin.py:154} INFO - [2023-12-22T20:14:15.059+0000] {dagbag.py:536} INFO - Filling up the DagBag from /home/airflow/.local/lib/python3.8/site-packages/airflow/example_dags/example_branch_labels.py
[2023-12-22T20:14:15.157+0000] {processor.py:839} INFO - DAG(s) dict_keys(['example_branch_labels']) retrieved from /home/airflow/.local/lib/python3.8/site-packages/airflow/example_dags/example_branch_labels.py
[2023-12-22T20:14:15.257+0000] {logging_mixin.py:154} INFO - [2023-12-22T20:14:15.257+0000] {dag.py:2941} INFO - Sync 1 DAGs
[2023-12-22T20:14:15.314+0000] {logging_mixin.py:154} INFO - [2023-12-22T20:14:15.313+0000] {dag.py:3722} INFO - Setting next_dagrun for example_branch_labels to 2023-12-21T00:00:00+00:00, run_after=2023-12-22T00:00:00+00:00
[2023-12-22T20:14:15.370+0000] {processor.py:179} INFO - Processing /home/airflow/.local/lib/python3.8/site-packages/airflow/example_dags/example_branch_labels.py took 0.382 seconds
[2023-12-22T20:14:45.863+0000] {processor.py:157} INFO - Started process (PID=127) to work on /home/airflow/.local/lib/python3.8/site-packages/airflow/example_dags/example_branch_labels.py
[2023-12-22T20:14:45.865+0000] {processor.py:829} INFO - Processing file /home/airflow/.local/lib/python3.8/site-packages/airflow/example_dags/example_branch_labels.py for tasks to queue
[2023-12-22T20:14:45.871+0000] {logging_mixin.py:154} INFO - [2023-12-22T20:14:45.870+0000] {dagbag.py:536} INFO - Filling up the DagBag from /home/airflow/.local/lib/python3.8/site-packages/airflow/example_dags/example_branch_labels.py
[2023-12-22T20:14:45.884+0000] {processor.py:839} INFO - DAG(s) dict_keys(['example_branch_labels']) retrieved from /home/airflow/.local/lib/python3.8/site-packages/airflow/example_dags/example_branch_labels.py
[2023-12-22T20:14:45.922+0000] {logging_mixin.py:154} INFO - [2023-12-22T20:14:45.922+0000] {dag.py:2941} INFO - Sync 1 DAGs
[2023-12-22T20:14:45.964+0000] {logging_mixin.py:154} INFO - [2023-12-22T20:14:45.964+0000] {dag.py:3722} INFO - Setting next_dagrun for example_branch_labels to 2023-12-21T00:00:00+00:00, run_after=2023-12-22T00:00:00+00:00
[2023-12-22T20:14:46.010+0000] {processor.py:179} INFO - Processing /home/airflow/.local/lib/python3.8/site-packages/airflow/example_dags/example_branch_labels.py took 0.153 seconds
[2023-12-22T20:15:16.203+0000] {processor.py:157} INFO - Started process (PID=183) to work on /home/airflow/.local/lib/python3.8/site-packages/airflow/example_dags/example_branch_labels.py
[2023-12-22T20:15:16.205+0000] {processor.py:829} INFO - Processing file /home/airflow/.local/lib/python3.8/site-packages/airflow/example_dags/example_branch_labels.py for tasks to queue
[2023-12-22T20:15:16.209+0000] {logging_mixin.py:154} INFO - [2023-12-22T20:15:16.209+0000] {dagbag.py:536} INFO - Filling up the DagBag from /home/airflow/.local/lib/python3.8/site-packages/airflow/example_dags/example_branch_labels.py
[2023-12-22T20:15:16.222+0000] {processor.py:839} INFO - DAG(s) dict_keys(['example_branch_labels']) retrieved from /home/airflow/.local/lib/python3.8/site-packages/airflow/example_dags/example_branch_labels.py
[2023-12-22T20:15:16.259+0000] {logging_mixin.py:154} INFO - [2023-12-22T20:15:16.259+0000] {dag.py:2941} INFO - Sync 1 DAGs
[2023-12-22T20:15:16.294+0000] {logging_mixin.py:154} INFO - [2023-12-22T20:15:16.294+0000] {dag.py:3722} INFO - Setting next_dagrun for example_branch_labels to 2023-12-21T00:00:00+00:00, run_after=2023-12-22T00:00:00+00:00
[2023-12-22T20:15:16.325+0000] {processor.py:179} INFO - Processing /home/airflow/.local/lib/python3.8/site-packages/airflow/example_dags/example_branch_labels.py took 0.129 seconds
[2023-12-22T20:15:48.694+0000] {processor.py:157} INFO - Started process (PID=239) to work on /home/airflow/.local/lib/python3.8/site-packages/airflow/example_dags/example_branch_labels.py
[2023-12-22T20:15:48.700+0000] {processor.py:829} INFO - Processing file /home/airflow/.local/lib/python3.8/site-packages/airflow/example_dags/example_branch_labels.py for tasks to queue
[2023-12-22T20:15:48.710+0000] {logging_mixin.py:154} INFO - [2023-12-22T20:15:48.709+0000] {dagbag.py:536} INFO - Filling up the DagBag from /home/airflow/.local/lib/python3.8/site-packages/airflow/example_dags/example_branch_labels.py
[2023-12-22T20:15:48.829+0000] {processor.py:839} INFO - DAG(s) dict_keys(['example_branch_labels']) retrieved from /home/airflow/.local/lib/python3.8/site-packages/airflow/example_dags/example_branch_labels.py
[2023-12-22T20:15:49.002+0000] {logging_mixin.py:154} INFO - [2023-12-22T20:15:49.002+0000] {dag.py:2941} INFO - Sync 1 DAGs
[2023-12-22T20:15:49.111+0000] {logging_mixin.py:154} INFO - [2023-12-22T20:15:49.110+0000] {dag.py:3722} INFO - Setting next_dagrun for example_branch_labels to 2023-12-21T00:00:00+00:00, run_after=2023-12-22T00:00:00+00:00
[2023-12-22T20:15:49.227+0000] {processor.py:179} INFO - Processing /home/airflow/.local/lib/python3.8/site-packages/airflow/example_dags/example_branch_labels.py took 0.555 seconds
[2023-12-22T20:17:53.936+0000] {processor.py:157} INFO - Started process (PID=65) to work on /home/airflow/.local/lib/python3.8/site-packages/airflow/example_dags/example_branch_labels.py
[2023-12-22T20:17:53.938+0000] {processor.py:829} INFO - Processing file /home/airflow/.local/lib/python3.8/site-packages/airflow/example_dags/example_branch_labels.py for tasks to queue
[2023-12-22T20:17:53.944+0000] {logging_mixin.py:154} INFO - [2023-12-22T20:17:53.943+0000] {dagbag.py:536} INFO - Filling up the DagBag from /home/airflow/.local/lib/python3.8/site-packages/airflow/example_dags/example_branch_labels.py
[2023-12-22T20:17:53.960+0000] {processor.py:839} INFO - DAG(s) dict_keys(['example_branch_labels']) retrieved from /home/airflow/.local/lib/python3.8/site-packages/airflow/example_dags/example_branch_labels.py
[2023-12-22T20:17:54.012+0000] {logging_mixin.py:154} INFO - [2023-12-22T20:17:54.011+0000] {dag.py:2941} INFO - Sync 1 DAGs
[2023-12-22T20:17:54.055+0000] {logging_mixin.py:154} INFO - [2023-12-22T20:17:54.055+0000] {dag.py:3722} INFO - Setting next_dagrun for example_branch_labels to 2023-12-21T00:00:00+00:00, run_after=2023-12-22T00:00:00+00:00
[2023-12-22T20:17:54.104+0000] {processor.py:179} INFO - Processing /home/airflow/.local/lib/python3.8/site-packages/airflow/example_dags/example_branch_labels.py took 0.174 seconds
[2023-12-22T20:18:25.292+0000] {processor.py:157} INFO - Started process (PID=121) to work on /home/airflow/.local/lib/python3.8/site-packages/airflow/example_dags/example_branch_labels.py
[2023-12-22T20:18:25.300+0000] {processor.py:829} INFO - Processing file /home/airflow/.local/lib/python3.8/site-packages/airflow/example_dags/example_branch_labels.py for tasks to queue
[2023-12-22T20:18:25.305+0000] {logging_mixin.py:154} INFO - [2023-12-22T20:18:25.304+0000] {dagbag.py:536} INFO - Filling up the DagBag from /home/airflow/.local/lib/python3.8/site-packages/airflow/example_dags/example_branch_labels.py
[2023-12-22T20:18:25.321+0000] {processor.py:839} INFO - DAG(s) dict_keys(['example_branch_labels']) retrieved from /home/airflow/.local/lib/python3.8/site-packages/airflow/example_dags/example_branch_labels.py
[2023-12-22T20:18:25.368+0000] {logging_mixin.py:154} INFO - [2023-12-22T20:18:25.368+0000] {dag.py:2941} INFO - Sync 1 DAGs
[2023-12-22T20:18:25.412+0000] {logging_mixin.py:154} INFO - [2023-12-22T20:18:25.411+0000] {dag.py:3722} INFO - Setting next_dagrun for example_branch_labels to 2023-12-21T00:00:00+00:00, run_after=2023-12-22T00:00:00+00:00
[2023-12-22T20:18:25.447+0000] {processor.py:179} INFO - Processing /home/airflow/.local/lib/python3.8/site-packages/airflow/example_dags/example_branch_labels.py took 0.162 seconds
[2023-12-22T20:18:56.284+0000] {processor.py:157} INFO - Started process (PID=177) to work on /home/airflow/.local/lib/python3.8/site-packages/airflow/example_dags/example_branch_labels.py
[2023-12-22T20:18:56.287+0000] {processor.py:829} INFO - Processing file /home/airflow/.local/lib/python3.8/site-packages/airflow/example_dags/example_branch_labels.py for tasks to queue
[2023-12-22T20:18:56.295+0000] {logging_mixin.py:154} INFO - [2023-12-22T20:18:56.294+0000] {dagbag.py:536} INFO - Filling up the DagBag from /home/airflow/.local/lib/python3.8/site-packages/airflow/example_dags/example_branch_labels.py
[2023-12-22T20:18:56.310+0000] {processor.py:839} INFO - DAG(s) dict_keys(['example_branch_labels']) retrieved from /home/airflow/.local/lib/python3.8/site-packages/airflow/example_dags/example_branch_labels.py
[2023-12-22T20:18:56.358+0000] {logging_mixin.py:154} INFO - [2023-12-22T20:18:56.358+0000] {dag.py:2941} INFO - Sync 1 DAGs
[2023-12-22T20:18:56.409+0000] {logging_mixin.py:154} INFO - [2023-12-22T20:18:56.408+0000] {dag.py:3722} INFO - Setting next_dagrun for example_branch_labels to 2023-12-21T00:00:00+00:00, run_after=2023-12-22T00:00:00+00:00
[2023-12-22T20:18:56.445+0000] {processor.py:179} INFO - Processing /home/airflow/.local/lib/python3.8/site-packages/airflow/example_dags/example_branch_labels.py took 0.167 seconds
[2023-12-22T20:19:27.185+0000] {processor.py:157} INFO - Started process (PID=233) to work on /home/airflow/.local/lib/python3.8/site-packages/airflow/example_dags/example_branch_labels.py
[2023-12-22T20:19:27.189+0000] {processor.py:829} INFO - Processing file /home/airflow/.local/lib/python3.8/site-packages/airflow/example_dags/example_branch_labels.py for tasks to queue
[2023-12-22T20:19:27.205+0000] {logging_mixin.py:154} INFO - [2023-12-22T20:19:27.204+0000] {dagbag.py:536} INFO - Filling up the DagBag from /home/airflow/.local/lib/python3.8/site-packages/airflow/example_dags/example_branch_labels.py
[2023-12-22T20:19:27.233+0000] {processor.py:839} INFO - DAG(s) dict_keys(['example_branch_labels']) retrieved from /home/airflow/.local/lib/python3.8/site-packages/airflow/example_dags/example_branch_labels.py
[2023-12-22T20:19:27.283+0000] {logging_mixin.py:154} INFO - [2023-12-22T20:19:27.282+0000] {dag.py:2941} INFO - Sync 1 DAGs
[2023-12-22T20:19:27.325+0000] {logging_mixin.py:154} INFO - [2023-12-22T20:19:27.325+0000] {dag.py:3722} INFO - Setting next_dagrun for example_branch_labels to 2023-12-21T00:00:00+00:00, run_after=2023-12-22T00:00:00+00:00
[2023-12-22T20:19:27.365+0000] {processor.py:179} INFO - Processing /home/airflow/.local/lib/python3.8/site-packages/airflow/example_dags/example_branch_labels.py took 0.194 seconds
[2023-12-22T20:19:57.589+0000] {processor.py:157} INFO - Started process (PID=289) to work on /home/airflow/.local/lib/python3.8/site-packages/airflow/example_dags/example_branch_labels.py
[2023-12-22T20:19:57.591+0000] {processor.py:829} INFO - Processing file /home/airflow/.local/lib/python3.8/site-packages/airflow/example_dags/example_branch_labels.py for tasks to queue
[2023-12-22T20:19:57.595+0000] {logging_mixin.py:154} INFO - [2023-12-22T20:19:57.595+0000] {dagbag.py:536} INFO - Filling up the DagBag from /home/airflow/.local/lib/python3.8/site-packages/airflow/example_dags/example_branch_labels.py
[2023-12-22T20:19:57.608+0000] {processor.py:839} INFO - DAG(s) dict_keys(['example_branch_labels']) retrieved from /home/airflow/.local/lib/python3.8/site-packages/airflow/example_dags/example_branch_labels.py
[2023-12-22T20:19:57.645+0000] {logging_mixin.py:154} INFO - [2023-12-22T20:19:57.644+0000] {dag.py:2941} INFO - Sync 1 DAGs
[2023-12-22T20:19:57.679+0000] {logging_mixin.py:154} INFO - [2023-12-22T20:19:57.679+0000] {dag.py:3722} INFO - Setting next_dagrun for example_branch_labels to 2023-12-21T00:00:00+00:00, run_after=2023-12-22T00:00:00+00:00
[2023-12-22T20:19:57.713+0000] {processor.py:179} INFO - Processing /home/airflow/.local/lib/python3.8/site-packages/airflow/example_dags/example_branch_labels.py took 0.130 seconds
[2023-12-22T20:20:28.095+0000] {processor.py:157} INFO - Started process (PID=345) to work on /home/airflow/.local/lib/python3.8/site-packages/airflow/example_dags/example_branch_labels.py
[2023-12-22T20:20:28.097+0000] {processor.py:829} INFO - Processing file /home/airflow/.local/lib/python3.8/site-packages/airflow/example_dags/example_branch_labels.py for tasks to queue
[2023-12-22T20:20:28.102+0000] {logging_mixin.py:154} INFO - [2023-12-22T20:20:28.101+0000] {dagbag.py:536} INFO - Filling up the DagBag from /home/airflow/.local/lib/python3.8/site-packages/airflow/example_dags/example_branch_labels.py
[2023-12-22T20:20:28.115+0000] {processor.py:839} INFO - DAG(s) dict_keys(['example_branch_labels']) retrieved from /home/airflow/.local/lib/python3.8/site-packages/airflow/example_dags/example_branch_labels.py
[2023-12-22T20:20:28.153+0000] {logging_mixin.py:154} INFO - [2023-12-22T20:20:28.152+0000] {dag.py:2941} INFO - Sync 1 DAGs
[2023-12-22T20:20:28.188+0000] {logging_mixin.py:154} INFO - [2023-12-22T20:20:28.188+0000] {dag.py:3722} INFO - Setting next_dagrun for example_branch_labels to 2023-12-21T00:00:00+00:00, run_after=2023-12-22T00:00:00+00:00
[2023-12-22T20:20:28.225+0000] {processor.py:179} INFO - Processing /home/airflow/.local/lib/python3.8/site-packages/airflow/example_dags/example_branch_labels.py took 0.135 seconds
[2023-12-22T20:20:58.573+0000] {processor.py:157} INFO - Started process (PID=401) to work on /home/airflow/.local/lib/python3.8/site-packages/airflow/example_dags/example_branch_labels.py
[2023-12-22T20:20:58.575+0000] {processor.py:829} INFO - Processing file /home/airflow/.local/lib/python3.8/site-packages/airflow/example_dags/example_branch_labels.py for tasks to queue
[2023-12-22T20:20:58.581+0000] {logging_mixin.py:154} INFO - [2023-12-22T20:20:58.580+0000] {dagbag.py:536} INFO - Filling up the DagBag from /home/airflow/.local/lib/python3.8/site-packages/airflow/example_dags/example_branch_labels.py
[2023-12-22T20:20:58.595+0000] {processor.py:839} INFO - DAG(s) dict_keys(['example_branch_labels']) retrieved from /home/airflow/.local/lib/python3.8/site-packages/airflow/example_dags/example_branch_labels.py
[2023-12-22T20:20:58.631+0000] {logging_mixin.py:154} INFO - [2023-12-22T20:20:58.631+0000] {dag.py:2941} INFO - Sync 1 DAGs
[2023-12-22T20:20:58.666+0000] {logging_mixin.py:154} INFO - [2023-12-22T20:20:58.666+0000] {dag.py:3722} INFO - Setting next_dagrun for example_branch_labels to 2023-12-21T00:00:00+00:00, run_after=2023-12-22T00:00:00+00:00
[2023-12-22T20:20:58.699+0000] {processor.py:179} INFO - Processing /home/airflow/.local/lib/python3.8/site-packages/airflow/example_dags/example_branch_labels.py took 0.134 seconds
[2023-12-22T20:21:29.140+0000] {processor.py:157} INFO - Started process (PID=456) to work on /home/airflow/.local/lib/python3.8/site-packages/airflow/example_dags/example_branch_labels.py
[2023-12-22T20:21:29.142+0000] {processor.py:829} INFO - Processing file /home/airflow/.local/lib/python3.8/site-packages/airflow/example_dags/example_branch_labels.py for tasks to queue
[2023-12-22T20:21:29.147+0000] {logging_mixin.py:154} INFO - [2023-12-22T20:21:29.146+0000] {dagbag.py:536} INFO - Filling up the DagBag from /home/airflow/.local/lib/python3.8/site-packages/airflow/example_dags/example_branch_labels.py
[2023-12-22T20:21:29.160+0000] {processor.py:839} INFO - DAG(s) dict_keys(['example_branch_labels']) retrieved from /home/airflow/.local/lib/python3.8/site-packages/airflow/example_dags/example_branch_labels.py
[2023-12-22T20:21:29.196+0000] {logging_mixin.py:154} INFO - [2023-12-22T20:21:29.195+0000] {dag.py:2941} INFO - Sync 1 DAGs
[2023-12-22T20:21:29.230+0000] {logging_mixin.py:154} INFO - [2023-12-22T20:21:29.230+0000] {dag.py:3722} INFO - Setting next_dagrun for example_branch_labels to 2023-12-21T00:00:00+00:00, run_after=2023-12-22T00:00:00+00:00
[2023-12-22T20:21:29.263+0000] {processor.py:179} INFO - Processing /home/airflow/.local/lib/python3.8/site-packages/airflow/example_dags/example_branch_labels.py took 0.128 seconds
[2023-12-22T20:21:59.839+0000] {processor.py:157} INFO - Started process (PID=519) to work on /home/airflow/.local/lib/python3.8/site-packages/airflow/example_dags/example_branch_labels.py
[2023-12-22T20:21:59.841+0000] {processor.py:829} INFO - Processing file /home/airflow/.local/lib/python3.8/site-packages/airflow/example_dags/example_branch_labels.py for tasks to queue
[2023-12-22T20:21:59.846+0000] {logging_mixin.py:154} INFO - [2023-12-22T20:21:59.846+0000] {dagbag.py:536} INFO - Filling up the DagBag from /home/airflow/.local/lib/python3.8/site-packages/airflow/example_dags/example_branch_labels.py
[2023-12-22T20:21:59.870+0000] {processor.py:839} INFO - DAG(s) dict_keys(['example_branch_labels']) retrieved from /home/airflow/.local/lib/python3.8/site-packages/airflow/example_dags/example_branch_labels.py
[2023-12-22T20:21:59.918+0000] {logging_mixin.py:154} INFO - [2023-12-22T20:21:59.918+0000] {dag.py:2941} INFO - Sync 1 DAGs
[2023-12-22T20:21:59.959+0000] {logging_mixin.py:154} INFO - [2023-12-22T20:21:59.959+0000] {dag.py:3722} INFO - Setting next_dagrun for example_branch_labels to 2023-12-21T00:00:00+00:00, run_after=2023-12-22T00:00:00+00:00
[2023-12-22T20:22:00.000+0000] {processor.py:179} INFO - Processing /home/airflow/.local/lib/python3.8/site-packages/airflow/example_dags/example_branch_labels.py took 0.175 seconds
[2023-12-22T20:22:31.035+0000] {processor.py:157} INFO - Started process (PID=574) to work on /home/airflow/.local/lib/python3.8/site-packages/airflow/example_dags/example_branch_labels.py
[2023-12-22T20:22:31.037+0000] {processor.py:829} INFO - Processing file /home/airflow/.local/lib/python3.8/site-packages/airflow/example_dags/example_branch_labels.py for tasks to queue
[2023-12-22T20:22:31.042+0000] {logging_mixin.py:154} INFO - [2023-12-22T20:22:31.041+0000] {dagbag.py:536} INFO - Filling up the DagBag from /home/airflow/.local/lib/python3.8/site-packages/airflow/example_dags/example_branch_labels.py
[2023-12-22T20:22:31.059+0000] {processor.py:839} INFO - DAG(s) dict_keys(['example_branch_labels']) retrieved from /home/airflow/.local/lib/python3.8/site-packages/airflow/example_dags/example_branch_labels.py
[2023-12-22T20:22:31.104+0000] {logging_mixin.py:154} INFO - [2023-12-22T20:22:31.104+0000] {dag.py:2941} INFO - Sync 1 DAGs
[2023-12-22T20:22:31.154+0000] {logging_mixin.py:154} INFO - [2023-12-22T20:22:31.154+0000] {dag.py:3722} INFO - Setting next_dagrun for example_branch_labels to 2023-12-21T00:00:00+00:00, run_after=2023-12-22T00:00:00+00:00
[2023-12-22T20:22:31.196+0000] {processor.py:179} INFO - Processing /home/airflow/.local/lib/python3.8/site-packages/airflow/example_dags/example_branch_labels.py took 0.168 seconds
[2023-12-22T20:23:26.721+0000] {processor.py:157} INFO - Started process (PID=652) to work on /home/airflow/.local/lib/python3.8/site-packages/airflow/example_dags/example_branch_labels.py
[2023-12-22T20:23:26.731+0000] {processor.py:829} INFO - Processing file /home/airflow/.local/lib/python3.8/site-packages/airflow/example_dags/example_branch_labels.py for tasks to queue
[2023-12-22T20:23:26.842+0000] {logging_mixin.py:154} INFO - [2023-12-22T20:23:26.814+0000] {dagbag.py:536} INFO - Filling up the DagBag from /home/airflow/.local/lib/python3.8/site-packages/airflow/example_dags/example_branch_labels.py
[2023-12-22T20:23:27.047+0000] {processor.py:839} INFO - DAG(s) dict_keys(['example_branch_labels']) retrieved from /home/airflow/.local/lib/python3.8/site-packages/airflow/example_dags/example_branch_labels.py
[2023-12-22T20:23:27.639+0000] {logging_mixin.py:154} INFO - [2023-12-22T20:23:27.637+0000] {dag.py:2941} INFO - Sync 1 DAGs
[2023-12-22T20:23:30.167+0000] {logging_mixin.py:154} INFO - [2023-12-22T20:23:30.166+0000] {dag.py:3722} INFO - Setting next_dagrun for example_branch_labels to 2023-12-21T00:00:00+00:00, run_after=2023-12-22T00:00:00+00:00
[2023-12-22T20:23:31.886+0000] {processor.py:179} INFO - Processing /home/airflow/.local/lib/python3.8/site-packages/airflow/example_dags/example_branch_labels.py took 5.190 seconds
[2023-12-22T20:26:28.752+0000] {processor.py:157} INFO - Started process (PID=796) to work on /home/airflow/.local/lib/python3.8/site-packages/airflow/example_dags/example_branch_labels.py
[2023-12-22T20:26:28.759+0000] {processor.py:829} INFO - Processing file /home/airflow/.local/lib/python3.8/site-packages/airflow/example_dags/example_branch_labels.py for tasks to queue
[2023-12-22T20:26:28.764+0000] {logging_mixin.py:154} INFO - [2023-12-22T20:26:28.763+0000] {dagbag.py:536} INFO - Filling up the DagBag from /home/airflow/.local/lib/python3.8/site-packages/airflow/example_dags/example_branch_labels.py
[2023-12-22T20:26:28.883+0000] {processor.py:839} INFO - DAG(s) dict_keys(['example_branch_labels']) retrieved from /home/airflow/.local/lib/python3.8/site-packages/airflow/example_dags/example_branch_labels.py
[2023-12-22T20:26:29.101+0000] {logging_mixin.py:154} INFO - [2023-12-22T20:26:29.100+0000] {dag.py:2941} INFO - Sync 1 DAGs
[2023-12-22T20:26:29.267+0000] {logging_mixin.py:154} INFO - [2023-12-22T20:26:29.266+0000] {dag.py:3722} INFO - Setting next_dagrun for example_branch_labels to 2023-12-21T00:00:00+00:00, run_after=2023-12-22T00:00:00+00:00
[2023-12-22T20:26:29.868+0000] {processor.py:179} INFO - Processing /home/airflow/.local/lib/python3.8/site-packages/airflow/example_dags/example_branch_labels.py took 1.157 seconds
