[2023-12-22T19:02:59.810+0000] {processor.py:157} INFO - Started process (PID=40) to work on /home/airflow/.local/lib/python3.8/site-packages/airflow/example_dags/example_branch_python_dop_operator_3.py
[2023-12-22T19:02:59.815+0000] {processor.py:829} INFO - Processing file /home/airflow/.local/lib/python3.8/site-packages/airflow/example_dags/example_branch_python_dop_operator_3.py for tasks to queue
[2023-12-22T19:02:59.833+0000] {logging_mixin.py:154} INFO - [2023-12-22T19:02:59.831+0000] {dagbag.py:536} INFO - Filling up the DagBag from /home/airflow/.local/lib/python3.8/site-packages/airflow/example_dags/example_branch_python_dop_operator_3.py
[2023-12-22T19:02:59.895+0000] {processor.py:839} INFO - DAG(s) dict_keys(['example_branch_dop_operator_v3']) retrieved from /home/airflow/.local/lib/python3.8/site-packages/airflow/example_dags/example_branch_python_dop_operator_3.py
[2023-12-22T19:03:00.203+0000] {logging_mixin.py:154} INFO - [2023-12-22T19:03:00.202+0000] {dag.py:2941} INFO - Sync 1 DAGs
[2023-12-22T19:03:00.640+0000] {logging_mixin.py:154} INFO - [2023-12-22T19:03:00.639+0000] {dag.py:3722} INFO - Setting next_dagrun for example_branch_dop_operator_v3 to 2023-12-22T19:02:00+00:00, run_after=2023-12-22T19:03:00+00:00
[2023-12-22T19:03:00.788+0000] {processor.py:179} INFO - Processing /home/airflow/.local/lib/python3.8/site-packages/airflow/example_dags/example_branch_python_dop_operator_3.py took 1.005 seconds
[2023-12-22T19:03:31.356+0000] {processor.py:157} INFO - Started process (PID=96) to work on /home/airflow/.local/lib/python3.8/site-packages/airflow/example_dags/example_branch_python_dop_operator_3.py
[2023-12-22T19:03:31.359+0000] {processor.py:829} INFO - Processing file /home/airflow/.local/lib/python3.8/site-packages/airflow/example_dags/example_branch_python_dop_operator_3.py for tasks to queue
[2023-12-22T19:03:31.364+0000] {logging_mixin.py:154} INFO - [2023-12-22T19:03:31.363+0000] {dagbag.py:536} INFO - Filling up the DagBag from /home/airflow/.local/lib/python3.8/site-packages/airflow/example_dags/example_branch_python_dop_operator_3.py
[2023-12-22T19:03:31.379+0000] {processor.py:839} INFO - DAG(s) dict_keys(['example_branch_dop_operator_v3']) retrieved from /home/airflow/.local/lib/python3.8/site-packages/airflow/example_dags/example_branch_python_dop_operator_3.py
[2023-12-22T19:03:31.416+0000] {logging_mixin.py:154} INFO - [2023-12-22T19:03:31.416+0000] {dag.py:2941} INFO - Sync 1 DAGs
[2023-12-22T19:03:31.465+0000] {logging_mixin.py:154} INFO - [2023-12-22T19:03:31.465+0000] {dag.py:3722} INFO - Setting next_dagrun for example_branch_dop_operator_v3 to 2023-12-22T19:02:00+00:00, run_after=2023-12-22T19:03:00+00:00
[2023-12-22T19:03:31.504+0000] {processor.py:179} INFO - Processing /home/airflow/.local/lib/python3.8/site-packages/airflow/example_dags/example_branch_python_dop_operator_3.py took 0.153 seconds
[2023-12-22T19:04:01.898+0000] {processor.py:157} INFO - Started process (PID=152) to work on /home/airflow/.local/lib/python3.8/site-packages/airflow/example_dags/example_branch_python_dop_operator_3.py
[2023-12-22T19:04:01.901+0000] {processor.py:829} INFO - Processing file /home/airflow/.local/lib/python3.8/site-packages/airflow/example_dags/example_branch_python_dop_operator_3.py for tasks to queue
[2023-12-22T19:04:01.905+0000] {logging_mixin.py:154} INFO - [2023-12-22T19:04:01.905+0000] {dagbag.py:536} INFO - Filling up the DagBag from /home/airflow/.local/lib/python3.8/site-packages/airflow/example_dags/example_branch_python_dop_operator_3.py
[2023-12-22T19:04:01.925+0000] {processor.py:839} INFO - DAG(s) dict_keys(['example_branch_dop_operator_v3']) retrieved from /home/airflow/.local/lib/python3.8/site-packages/airflow/example_dags/example_branch_python_dop_operator_3.py
[2023-12-22T19:04:01.964+0000] {logging_mixin.py:154} INFO - [2023-12-22T19:04:01.964+0000] {dag.py:2941} INFO - Sync 1 DAGs
[2023-12-22T19:04:02.005+0000] {logging_mixin.py:154} INFO - [2023-12-22T19:04:02.005+0000] {dag.py:3722} INFO - Setting next_dagrun for example_branch_dop_operator_v3 to 2023-12-22T19:03:00+00:00, run_after=2023-12-22T19:04:00+00:00
[2023-12-22T19:04:02.209+0000] {processor.py:179} INFO - Processing /home/airflow/.local/lib/python3.8/site-packages/airflow/example_dags/example_branch_python_dop_operator_3.py took 0.317 seconds
[2023-12-22T19:04:32.663+0000] {processor.py:157} INFO - Started process (PID=208) to work on /home/airflow/.local/lib/python3.8/site-packages/airflow/example_dags/example_branch_python_dop_operator_3.py
[2023-12-22T19:04:32.665+0000] {processor.py:829} INFO - Processing file /home/airflow/.local/lib/python3.8/site-packages/airflow/example_dags/example_branch_python_dop_operator_3.py for tasks to queue
[2023-12-22T19:04:32.669+0000] {logging_mixin.py:154} INFO - [2023-12-22T19:04:32.669+0000] {dagbag.py:536} INFO - Filling up the DagBag from /home/airflow/.local/lib/python3.8/site-packages/airflow/example_dags/example_branch_python_dop_operator_3.py
[2023-12-22T19:04:32.688+0000] {processor.py:839} INFO - DAG(s) dict_keys(['example_branch_dop_operator_v3']) retrieved from /home/airflow/.local/lib/python3.8/site-packages/airflow/example_dags/example_branch_python_dop_operator_3.py
[2023-12-22T19:04:32.728+0000] {logging_mixin.py:154} INFO - [2023-12-22T19:04:32.728+0000] {dag.py:2941} INFO - Sync 1 DAGs
[2023-12-22T19:04:32.773+0000] {logging_mixin.py:154} INFO - [2023-12-22T19:04:32.772+0000] {dag.py:3722} INFO - Setting next_dagrun for example_branch_dop_operator_v3 to 2023-12-22T19:03:00+00:00, run_after=2023-12-22T19:04:00+00:00
[2023-12-22T19:04:32.814+0000] {processor.py:179} INFO - Processing /home/airflow/.local/lib/python3.8/site-packages/airflow/example_dags/example_branch_python_dop_operator_3.py took 0.158 seconds
[2023-12-22T19:05:03.461+0000] {processor.py:157} INFO - Started process (PID=264) to work on /home/airflow/.local/lib/python3.8/site-packages/airflow/example_dags/example_branch_python_dop_operator_3.py
[2023-12-22T19:05:03.465+0000] {processor.py:829} INFO - Processing file /home/airflow/.local/lib/python3.8/site-packages/airflow/example_dags/example_branch_python_dop_operator_3.py for tasks to queue
[2023-12-22T19:05:03.473+0000] {logging_mixin.py:154} INFO - [2023-12-22T19:05:03.472+0000] {dagbag.py:536} INFO - Filling up the DagBag from /home/airflow/.local/lib/python3.8/site-packages/airflow/example_dags/example_branch_python_dop_operator_3.py
[2023-12-22T19:05:03.491+0000] {processor.py:839} INFO - DAG(s) dict_keys(['example_branch_dop_operator_v3']) retrieved from /home/airflow/.local/lib/python3.8/site-packages/airflow/example_dags/example_branch_python_dop_operator_3.py
[2023-12-22T19:05:03.535+0000] {logging_mixin.py:154} INFO - [2023-12-22T19:05:03.535+0000] {dag.py:2941} INFO - Sync 1 DAGs
[2023-12-22T19:05:03.579+0000] {logging_mixin.py:154} INFO - [2023-12-22T19:05:03.579+0000] {dag.py:3722} INFO - Setting next_dagrun for example_branch_dop_operator_v3 to 2023-12-22T19:04:00+00:00, run_after=2023-12-22T19:05:00+00:00
[2023-12-22T19:05:03.623+0000] {processor.py:179} INFO - Processing /home/airflow/.local/lib/python3.8/site-packages/airflow/example_dags/example_branch_python_dop_operator_3.py took 0.169 seconds
[2023-12-22T19:05:33.808+0000] {processor.py:157} INFO - Started process (PID=320) to work on /home/airflow/.local/lib/python3.8/site-packages/airflow/example_dags/example_branch_python_dop_operator_3.py
[2023-12-22T19:05:33.811+0000] {processor.py:829} INFO - Processing file /home/airflow/.local/lib/python3.8/site-packages/airflow/example_dags/example_branch_python_dop_operator_3.py for tasks to queue
[2023-12-22T19:05:33.815+0000] {logging_mixin.py:154} INFO - [2023-12-22T19:05:33.814+0000] {dagbag.py:536} INFO - Filling up the DagBag from /home/airflow/.local/lib/python3.8/site-packages/airflow/example_dags/example_branch_python_dop_operator_3.py
[2023-12-22T19:05:33.829+0000] {processor.py:839} INFO - DAG(s) dict_keys(['example_branch_dop_operator_v3']) retrieved from /home/airflow/.local/lib/python3.8/site-packages/airflow/example_dags/example_branch_python_dop_operator_3.py
[2023-12-22T19:05:33.871+0000] {logging_mixin.py:154} INFO - [2023-12-22T19:05:33.870+0000] {dag.py:2941} INFO - Sync 1 DAGs
[2023-12-22T19:05:33.916+0000] {logging_mixin.py:154} INFO - [2023-12-22T19:05:33.915+0000] {dag.py:3722} INFO - Setting next_dagrun for example_branch_dop_operator_v3 to 2023-12-22T19:04:00+00:00, run_after=2023-12-22T19:05:00+00:00
[2023-12-22T19:05:33.952+0000] {processor.py:179} INFO - Processing /home/airflow/.local/lib/python3.8/site-packages/airflow/example_dags/example_branch_python_dop_operator_3.py took 0.150 seconds
[2023-12-22T19:06:05.082+0000] {processor.py:157} INFO - Started process (PID=376) to work on /home/airflow/.local/lib/python3.8/site-packages/airflow/example_dags/example_branch_python_dop_operator_3.py
[2023-12-22T19:06:05.085+0000] {processor.py:829} INFO - Processing file /home/airflow/.local/lib/python3.8/site-packages/airflow/example_dags/example_branch_python_dop_operator_3.py for tasks to queue
[2023-12-22T19:06:05.096+0000] {logging_mixin.py:154} INFO - [2023-12-22T19:06:05.095+0000] {dagbag.py:536} INFO - Filling up the DagBag from /home/airflow/.local/lib/python3.8/site-packages/airflow/example_dags/example_branch_python_dop_operator_3.py
[2023-12-22T19:06:05.115+0000] {processor.py:839} INFO - DAG(s) dict_keys(['example_branch_dop_operator_v3']) retrieved from /home/airflow/.local/lib/python3.8/site-packages/airflow/example_dags/example_branch_python_dop_operator_3.py
[2023-12-22T19:06:05.160+0000] {logging_mixin.py:154} INFO - [2023-12-22T19:06:05.160+0000] {dag.py:2941} INFO - Sync 1 DAGs
[2023-12-22T19:06:05.210+0000] {logging_mixin.py:154} INFO - [2023-12-22T19:06:05.209+0000] {dag.py:3722} INFO - Setting next_dagrun for example_branch_dop_operator_v3 to 2023-12-22T19:05:00+00:00, run_after=2023-12-22T19:06:00+00:00
[2023-12-22T19:06:05.260+0000] {processor.py:179} INFO - Processing /home/airflow/.local/lib/python3.8/site-packages/airflow/example_dags/example_branch_python_dop_operator_3.py took 0.184 seconds
[2023-12-22T19:06:35.676+0000] {processor.py:157} INFO - Started process (PID=432) to work on /home/airflow/.local/lib/python3.8/site-packages/airflow/example_dags/example_branch_python_dop_operator_3.py
[2023-12-22T19:06:35.678+0000] {processor.py:829} INFO - Processing file /home/airflow/.local/lib/python3.8/site-packages/airflow/example_dags/example_branch_python_dop_operator_3.py for tasks to queue
[2023-12-22T19:06:35.682+0000] {logging_mixin.py:154} INFO - [2023-12-22T19:06:35.682+0000] {dagbag.py:536} INFO - Filling up the DagBag from /home/airflow/.local/lib/python3.8/site-packages/airflow/example_dags/example_branch_python_dop_operator_3.py
[2023-12-22T19:06:35.697+0000] {processor.py:839} INFO - DAG(s) dict_keys(['example_branch_dop_operator_v3']) retrieved from /home/airflow/.local/lib/python3.8/site-packages/airflow/example_dags/example_branch_python_dop_operator_3.py
[2023-12-22T19:06:35.732+0000] {logging_mixin.py:154} INFO - [2023-12-22T19:06:35.731+0000] {dag.py:2941} INFO - Sync 1 DAGs
[2023-12-22T19:06:35.778+0000] {logging_mixin.py:154} INFO - [2023-12-22T19:06:35.778+0000] {dag.py:3722} INFO - Setting next_dagrun for example_branch_dop_operator_v3 to 2023-12-22T19:05:00+00:00, run_after=2023-12-22T19:06:00+00:00
[2023-12-22T19:06:35.812+0000] {processor.py:179} INFO - Processing /home/airflow/.local/lib/python3.8/site-packages/airflow/example_dags/example_branch_python_dop_operator_3.py took 0.142 seconds
[2023-12-22T19:07:06.741+0000] {processor.py:157} INFO - Started process (PID=488) to work on /home/airflow/.local/lib/python3.8/site-packages/airflow/example_dags/example_branch_python_dop_operator_3.py
[2023-12-22T19:07:06.744+0000] {processor.py:829} INFO - Processing file /home/airflow/.local/lib/python3.8/site-packages/airflow/example_dags/example_branch_python_dop_operator_3.py for tasks to queue
[2023-12-22T19:07:06.751+0000] {logging_mixin.py:154} INFO - [2023-12-22T19:07:06.750+0000] {dagbag.py:536} INFO - Filling up the DagBag from /home/airflow/.local/lib/python3.8/site-packages/airflow/example_dags/example_branch_python_dop_operator_3.py
[2023-12-22T19:07:06.769+0000] {processor.py:839} INFO - DAG(s) dict_keys(['example_branch_dop_operator_v3']) retrieved from /home/airflow/.local/lib/python3.8/site-packages/airflow/example_dags/example_branch_python_dop_operator_3.py
[2023-12-22T19:07:06.811+0000] {logging_mixin.py:154} INFO - [2023-12-22T19:07:06.810+0000] {dag.py:2941} INFO - Sync 1 DAGs
[2023-12-22T19:07:06.858+0000] {logging_mixin.py:154} INFO - [2023-12-22T19:07:06.858+0000] {dag.py:3722} INFO - Setting next_dagrun for example_branch_dop_operator_v3 to 2023-12-22T19:06:00+00:00, run_after=2023-12-22T19:07:00+00:00
[2023-12-22T19:07:06.897+0000] {processor.py:179} INFO - Processing /home/airflow/.local/lib/python3.8/site-packages/airflow/example_dags/example_branch_python_dop_operator_3.py took 0.164 seconds
[2023-12-22T19:07:37.254+0000] {processor.py:157} INFO - Started process (PID=544) to work on /home/airflow/.local/lib/python3.8/site-packages/airflow/example_dags/example_branch_python_dop_operator_3.py
[2023-12-22T19:07:37.256+0000] {processor.py:829} INFO - Processing file /home/airflow/.local/lib/python3.8/site-packages/airflow/example_dags/example_branch_python_dop_operator_3.py for tasks to queue
[2023-12-22T19:07:37.260+0000] {logging_mixin.py:154} INFO - [2023-12-22T19:07:37.260+0000] {dagbag.py:536} INFO - Filling up the DagBag from /home/airflow/.local/lib/python3.8/site-packages/airflow/example_dags/example_branch_python_dop_operator_3.py
[2023-12-22T19:07:37.276+0000] {processor.py:839} INFO - DAG(s) dict_keys(['example_branch_dop_operator_v3']) retrieved from /home/airflow/.local/lib/python3.8/site-packages/airflow/example_dags/example_branch_python_dop_operator_3.py
[2023-12-22T19:07:37.311+0000] {logging_mixin.py:154} INFO - [2023-12-22T19:07:37.310+0000] {dag.py:2941} INFO - Sync 1 DAGs
[2023-12-22T19:07:37.361+0000] {logging_mixin.py:154} INFO - [2023-12-22T19:07:37.360+0000] {dag.py:3722} INFO - Setting next_dagrun for example_branch_dop_operator_v3 to 2023-12-22T19:06:00+00:00, run_after=2023-12-22T19:07:00+00:00
[2023-12-22T19:07:37.396+0000] {processor.py:179} INFO - Processing /home/airflow/.local/lib/python3.8/site-packages/airflow/example_dags/example_branch_python_dop_operator_3.py took 0.149 seconds
[2023-12-22T19:08:07.659+0000] {processor.py:157} INFO - Started process (PID=600) to work on /home/airflow/.local/lib/python3.8/site-packages/airflow/example_dags/example_branch_python_dop_operator_3.py
[2023-12-22T19:08:07.662+0000] {processor.py:829} INFO - Processing file /home/airflow/.local/lib/python3.8/site-packages/airflow/example_dags/example_branch_python_dop_operator_3.py for tasks to queue
[2023-12-22T19:08:07.666+0000] {logging_mixin.py:154} INFO - [2023-12-22T19:08:07.666+0000] {dagbag.py:536} INFO - Filling up the DagBag from /home/airflow/.local/lib/python3.8/site-packages/airflow/example_dags/example_branch_python_dop_operator_3.py
[2023-12-22T19:08:07.681+0000] {processor.py:839} INFO - DAG(s) dict_keys(['example_branch_dop_operator_v3']) retrieved from /home/airflow/.local/lib/python3.8/site-packages/airflow/example_dags/example_branch_python_dop_operator_3.py
[2023-12-22T19:08:07.719+0000] {logging_mixin.py:154} INFO - [2023-12-22T19:08:07.719+0000] {dag.py:2941} INFO - Sync 1 DAGs
[2023-12-22T19:08:07.763+0000] {logging_mixin.py:154} INFO - [2023-12-22T19:08:07.763+0000] {dag.py:3722} INFO - Setting next_dagrun for example_branch_dop_operator_v3 to 2023-12-22T19:07:00+00:00, run_after=2023-12-22T19:08:00+00:00
[2023-12-22T19:08:07.795+0000] {processor.py:179} INFO - Processing /home/airflow/.local/lib/python3.8/site-packages/airflow/example_dags/example_branch_python_dop_operator_3.py took 0.142 seconds
[2023-12-22T19:08:38.202+0000] {processor.py:157} INFO - Started process (PID=654) to work on /home/airflow/.local/lib/python3.8/site-packages/airflow/example_dags/example_branch_python_dop_operator_3.py
[2023-12-22T19:08:38.205+0000] {processor.py:829} INFO - Processing file /home/airflow/.local/lib/python3.8/site-packages/airflow/example_dags/example_branch_python_dop_operator_3.py for tasks to queue
[2023-12-22T19:08:38.212+0000] {logging_mixin.py:154} INFO - [2023-12-22T19:08:38.212+0000] {dagbag.py:536} INFO - Filling up the DagBag from /home/airflow/.local/lib/python3.8/site-packages/airflow/example_dags/example_branch_python_dop_operator_3.py
[2023-12-22T19:08:38.232+0000] {processor.py:839} INFO - DAG(s) dict_keys(['example_branch_dop_operator_v3']) retrieved from /home/airflow/.local/lib/python3.8/site-packages/airflow/example_dags/example_branch_python_dop_operator_3.py
[2023-12-22T19:08:38.272+0000] {logging_mixin.py:154} INFO - [2023-12-22T19:08:38.272+0000] {dag.py:2941} INFO - Sync 1 DAGs
[2023-12-22T19:08:38.327+0000] {logging_mixin.py:154} INFO - [2023-12-22T19:08:38.326+0000] {dag.py:3722} INFO - Setting next_dagrun for example_branch_dop_operator_v3 to 2023-12-22T19:07:00+00:00, run_after=2023-12-22T19:08:00+00:00
[2023-12-22T19:08:38.366+0000] {processor.py:179} INFO - Processing /home/airflow/.local/lib/python3.8/site-packages/airflow/example_dags/example_branch_python_dop_operator_3.py took 0.173 seconds
[2023-12-22T19:09:08.711+0000] {processor.py:157} INFO - Started process (PID=710) to work on /home/airflow/.local/lib/python3.8/site-packages/airflow/example_dags/example_branch_python_dop_operator_3.py
[2023-12-22T19:09:08.714+0000] {processor.py:829} INFO - Processing file /home/airflow/.local/lib/python3.8/site-packages/airflow/example_dags/example_branch_python_dop_operator_3.py for tasks to queue
[2023-12-22T19:09:08.718+0000] {logging_mixin.py:154} INFO - [2023-12-22T19:09:08.717+0000] {dagbag.py:536} INFO - Filling up the DagBag from /home/airflow/.local/lib/python3.8/site-packages/airflow/example_dags/example_branch_python_dop_operator_3.py
[2023-12-22T19:09:08.733+0000] {processor.py:839} INFO - DAG(s) dict_keys(['example_branch_dop_operator_v3']) retrieved from /home/airflow/.local/lib/python3.8/site-packages/airflow/example_dags/example_branch_python_dop_operator_3.py
[2023-12-22T19:09:08.768+0000] {logging_mixin.py:154} INFO - [2023-12-22T19:09:08.768+0000] {dag.py:2941} INFO - Sync 1 DAGs
[2023-12-22T19:09:08.814+0000] {logging_mixin.py:154} INFO - [2023-12-22T19:09:08.814+0000] {dag.py:3722} INFO - Setting next_dagrun for example_branch_dop_operator_v3 to 2023-12-22T19:08:00+00:00, run_after=2023-12-22T19:09:00+00:00
[2023-12-22T19:09:08.851+0000] {processor.py:179} INFO - Processing /home/airflow/.local/lib/python3.8/site-packages/airflow/example_dags/example_branch_python_dop_operator_3.py took 0.147 seconds
[2023-12-22T19:09:39.041+0000] {processor.py:157} INFO - Started process (PID=766) to work on /home/airflow/.local/lib/python3.8/site-packages/airflow/example_dags/example_branch_python_dop_operator_3.py
[2023-12-22T19:09:39.043+0000] {processor.py:829} INFO - Processing file /home/airflow/.local/lib/python3.8/site-packages/airflow/example_dags/example_branch_python_dop_operator_3.py for tasks to queue
[2023-12-22T19:09:39.047+0000] {logging_mixin.py:154} INFO - [2023-12-22T19:09:39.047+0000] {dagbag.py:536} INFO - Filling up the DagBag from /home/airflow/.local/lib/python3.8/site-packages/airflow/example_dags/example_branch_python_dop_operator_3.py
[2023-12-22T19:09:39.064+0000] {processor.py:839} INFO - DAG(s) dict_keys(['example_branch_dop_operator_v3']) retrieved from /home/airflow/.local/lib/python3.8/site-packages/airflow/example_dags/example_branch_python_dop_operator_3.py
[2023-12-22T19:09:39.119+0000] {logging_mixin.py:154} INFO - [2023-12-22T19:09:39.118+0000] {dag.py:2941} INFO - Sync 1 DAGs
[2023-12-22T19:09:39.169+0000] {logging_mixin.py:154} INFO - [2023-12-22T19:09:39.168+0000] {dag.py:3722} INFO - Setting next_dagrun for example_branch_dop_operator_v3 to 2023-12-22T19:08:00+00:00, run_after=2023-12-22T19:09:00+00:00
[2023-12-22T19:09:39.211+0000] {processor.py:179} INFO - Processing /home/airflow/.local/lib/python3.8/site-packages/airflow/example_dags/example_branch_python_dop_operator_3.py took 0.178 seconds
[2023-12-22T19:10:09.826+0000] {processor.py:157} INFO - Started process (PID=829) to work on /home/airflow/.local/lib/python3.8/site-packages/airflow/example_dags/example_branch_python_dop_operator_3.py
[2023-12-22T19:10:09.829+0000] {processor.py:829} INFO - Processing file /home/airflow/.local/lib/python3.8/site-packages/airflow/example_dags/example_branch_python_dop_operator_3.py for tasks to queue
[2023-12-22T19:10:09.834+0000] {logging_mixin.py:154} INFO - [2023-12-22T19:10:09.833+0000] {dagbag.py:536} INFO - Filling up the DagBag from /home/airflow/.local/lib/python3.8/site-packages/airflow/example_dags/example_branch_python_dop_operator_3.py
[2023-12-22T19:10:09.849+0000] {processor.py:839} INFO - DAG(s) dict_keys(['example_branch_dop_operator_v3']) retrieved from /home/airflow/.local/lib/python3.8/site-packages/airflow/example_dags/example_branch_python_dop_operator_3.py
[2023-12-22T19:10:09.888+0000] {logging_mixin.py:154} INFO - [2023-12-22T19:10:09.887+0000] {dag.py:2941} INFO - Sync 1 DAGs
[2023-12-22T19:10:09.931+0000] {logging_mixin.py:154} INFO - [2023-12-22T19:10:09.931+0000] {dag.py:3722} INFO - Setting next_dagrun for example_branch_dop_operator_v3 to 2023-12-22T19:09:00+00:00, run_after=2023-12-22T19:10:00+00:00
[2023-12-22T19:10:09.969+0000] {processor.py:179} INFO - Processing /home/airflow/.local/lib/python3.8/site-packages/airflow/example_dags/example_branch_python_dop_operator_3.py took 0.149 seconds
[2023-12-22T19:10:40.372+0000] {processor.py:157} INFO - Started process (PID=885) to work on /home/airflow/.local/lib/python3.8/site-packages/airflow/example_dags/example_branch_python_dop_operator_3.py
[2023-12-22T19:10:40.375+0000] {processor.py:829} INFO - Processing file /home/airflow/.local/lib/python3.8/site-packages/airflow/example_dags/example_branch_python_dop_operator_3.py for tasks to queue
[2023-12-22T19:10:40.382+0000] {logging_mixin.py:154} INFO - [2023-12-22T19:10:40.381+0000] {dagbag.py:536} INFO - Filling up the DagBag from /home/airflow/.local/lib/python3.8/site-packages/airflow/example_dags/example_branch_python_dop_operator_3.py
[2023-12-22T19:10:40.405+0000] {processor.py:839} INFO - DAG(s) dict_keys(['example_branch_dop_operator_v3']) retrieved from /home/airflow/.local/lib/python3.8/site-packages/airflow/example_dags/example_branch_python_dop_operator_3.py
[2023-12-22T19:10:40.442+0000] {logging_mixin.py:154} INFO - [2023-12-22T19:10:40.441+0000] {dag.py:2941} INFO - Sync 1 DAGs
[2023-12-22T19:10:40.502+0000] {logging_mixin.py:154} INFO - [2023-12-22T19:10:40.502+0000] {dag.py:3722} INFO - Setting next_dagrun for example_branch_dop_operator_v3 to 2023-12-22T19:09:00+00:00, run_after=2023-12-22T19:10:00+00:00
[2023-12-22T19:10:40.531+0000] {processor.py:179} INFO - Processing /home/airflow/.local/lib/python3.8/site-packages/airflow/example_dags/example_branch_python_dop_operator_3.py took 0.166 seconds
[2023-12-22T19:11:11.102+0000] {processor.py:157} INFO - Started process (PID=941) to work on /home/airflow/.local/lib/python3.8/site-packages/airflow/example_dags/example_branch_python_dop_operator_3.py
[2023-12-22T19:11:11.104+0000] {processor.py:829} INFO - Processing file /home/airflow/.local/lib/python3.8/site-packages/airflow/example_dags/example_branch_python_dop_operator_3.py for tasks to queue
[2023-12-22T19:11:11.108+0000] {logging_mixin.py:154} INFO - [2023-12-22T19:11:11.108+0000] {dagbag.py:536} INFO - Filling up the DagBag from /home/airflow/.local/lib/python3.8/site-packages/airflow/example_dags/example_branch_python_dop_operator_3.py
[2023-12-22T19:11:11.123+0000] {processor.py:839} INFO - DAG(s) dict_keys(['example_branch_dop_operator_v3']) retrieved from /home/airflow/.local/lib/python3.8/site-packages/airflow/example_dags/example_branch_python_dop_operator_3.py
[2023-12-22T19:11:11.159+0000] {logging_mixin.py:154} INFO - [2023-12-22T19:11:11.158+0000] {dag.py:2941} INFO - Sync 1 DAGs
[2023-12-22T19:11:11.203+0000] {logging_mixin.py:154} INFO - [2023-12-22T19:11:11.203+0000] {dag.py:3722} INFO - Setting next_dagrun for example_branch_dop_operator_v3 to 2023-12-22T19:10:00+00:00, run_after=2023-12-22T19:11:00+00:00
[2023-12-22T19:11:11.238+0000] {processor.py:179} INFO - Processing /home/airflow/.local/lib/python3.8/site-packages/airflow/example_dags/example_branch_python_dop_operator_3.py took 0.142 seconds
[2023-12-22T19:11:42.304+0000] {processor.py:157} INFO - Started process (PID=997) to work on /home/airflow/.local/lib/python3.8/site-packages/airflow/example_dags/example_branch_python_dop_operator_3.py
[2023-12-22T19:11:42.306+0000] {processor.py:829} INFO - Processing file /home/airflow/.local/lib/python3.8/site-packages/airflow/example_dags/example_branch_python_dop_operator_3.py for tasks to queue
[2023-12-22T19:11:42.311+0000] {logging_mixin.py:154} INFO - [2023-12-22T19:11:42.310+0000] {dagbag.py:536} INFO - Filling up the DagBag from /home/airflow/.local/lib/python3.8/site-packages/airflow/example_dags/example_branch_python_dop_operator_3.py
[2023-12-22T19:11:42.325+0000] {processor.py:839} INFO - DAG(s) dict_keys(['example_branch_dop_operator_v3']) retrieved from /home/airflow/.local/lib/python3.8/site-packages/airflow/example_dags/example_branch_python_dop_operator_3.py
[2023-12-22T19:11:42.365+0000] {logging_mixin.py:154} INFO - [2023-12-22T19:11:42.365+0000] {dag.py:2941} INFO - Sync 1 DAGs
[2023-12-22T19:11:42.410+0000] {logging_mixin.py:154} INFO - [2023-12-22T19:11:42.409+0000] {dag.py:3722} INFO - Setting next_dagrun for example_branch_dop_operator_v3 to 2023-12-22T19:10:00+00:00, run_after=2023-12-22T19:11:00+00:00
[2023-12-22T19:11:42.450+0000] {processor.py:179} INFO - Processing /home/airflow/.local/lib/python3.8/site-packages/airflow/example_dags/example_branch_python_dop_operator_3.py took 0.152 seconds
[2023-12-22T19:12:12.936+0000] {processor.py:157} INFO - Started process (PID=1054) to work on /home/airflow/.local/lib/python3.8/site-packages/airflow/example_dags/example_branch_python_dop_operator_3.py
[2023-12-22T19:12:12.939+0000] {processor.py:829} INFO - Processing file /home/airflow/.local/lib/python3.8/site-packages/airflow/example_dags/example_branch_python_dop_operator_3.py for tasks to queue
[2023-12-22T19:12:12.942+0000] {logging_mixin.py:154} INFO - [2023-12-22T19:12:12.942+0000] {dagbag.py:536} INFO - Filling up the DagBag from /home/airflow/.local/lib/python3.8/site-packages/airflow/example_dags/example_branch_python_dop_operator_3.py
[2023-12-22T19:12:12.957+0000] {processor.py:839} INFO - DAG(s) dict_keys(['example_branch_dop_operator_v3']) retrieved from /home/airflow/.local/lib/python3.8/site-packages/airflow/example_dags/example_branch_python_dop_operator_3.py
[2023-12-22T19:12:12.992+0000] {logging_mixin.py:154} INFO - [2023-12-22T19:12:12.992+0000] {dag.py:2941} INFO - Sync 1 DAGs
[2023-12-22T19:12:13.037+0000] {logging_mixin.py:154} INFO - [2023-12-22T19:12:13.037+0000] {dag.py:3722} INFO - Setting next_dagrun for example_branch_dop_operator_v3 to 2023-12-22T19:11:00+00:00, run_after=2023-12-22T19:12:00+00:00
[2023-12-22T19:12:13.068+0000] {processor.py:179} INFO - Processing /home/airflow/.local/lib/python3.8/site-packages/airflow/example_dags/example_branch_python_dop_operator_3.py took 0.138 seconds
[2023-12-22T19:12:43.805+0000] {processor.py:157} INFO - Started process (PID=1110) to work on /home/airflow/.local/lib/python3.8/site-packages/airflow/example_dags/example_branch_python_dop_operator_3.py
[2023-12-22T19:12:43.808+0000] {processor.py:829} INFO - Processing file /home/airflow/.local/lib/python3.8/site-packages/airflow/example_dags/example_branch_python_dop_operator_3.py for tasks to queue
[2023-12-22T19:12:43.816+0000] {logging_mixin.py:154} INFO - [2023-12-22T19:12:43.815+0000] {dagbag.py:536} INFO - Filling up the DagBag from /home/airflow/.local/lib/python3.8/site-packages/airflow/example_dags/example_branch_python_dop_operator_3.py
[2023-12-22T19:12:43.832+0000] {processor.py:839} INFO - DAG(s) dict_keys(['example_branch_dop_operator_v3']) retrieved from /home/airflow/.local/lib/python3.8/site-packages/airflow/example_dags/example_branch_python_dop_operator_3.py
[2023-12-22T19:12:43.865+0000] {logging_mixin.py:154} INFO - [2023-12-22T19:12:43.865+0000] {dag.py:2941} INFO - Sync 1 DAGs
[2023-12-22T19:12:43.907+0000] {logging_mixin.py:154} INFO - [2023-12-22T19:12:43.907+0000] {dag.py:3722} INFO - Setting next_dagrun for example_branch_dop_operator_v3 to 2023-12-22T19:11:00+00:00, run_after=2023-12-22T19:12:00+00:00
[2023-12-22T19:12:43.952+0000] {processor.py:179} INFO - Processing /home/airflow/.local/lib/python3.8/site-packages/airflow/example_dags/example_branch_python_dop_operator_3.py took 0.155 seconds
[2023-12-22T19:13:14.989+0000] {processor.py:157} INFO - Started process (PID=1166) to work on /home/airflow/.local/lib/python3.8/site-packages/airflow/example_dags/example_branch_python_dop_operator_3.py
[2023-12-22T19:13:14.991+0000] {processor.py:829} INFO - Processing file /home/airflow/.local/lib/python3.8/site-packages/airflow/example_dags/example_branch_python_dop_operator_3.py for tasks to queue
[2023-12-22T19:13:14.996+0000] {logging_mixin.py:154} INFO - [2023-12-22T19:13:14.995+0000] {dagbag.py:536} INFO - Filling up the DagBag from /home/airflow/.local/lib/python3.8/site-packages/airflow/example_dags/example_branch_python_dop_operator_3.py
[2023-12-22T19:13:15.011+0000] {processor.py:839} INFO - DAG(s) dict_keys(['example_branch_dop_operator_v3']) retrieved from /home/airflow/.local/lib/python3.8/site-packages/airflow/example_dags/example_branch_python_dop_operator_3.py
[2023-12-22T19:13:15.047+0000] {logging_mixin.py:154} INFO - [2023-12-22T19:13:15.047+0000] {dag.py:2941} INFO - Sync 1 DAGs
[2023-12-22T19:13:15.088+0000] {logging_mixin.py:154} INFO - [2023-12-22T19:13:15.088+0000] {dag.py:3722} INFO - Setting next_dagrun for example_branch_dop_operator_v3 to 2023-12-22T19:12:00+00:00, run_after=2023-12-22T19:13:00+00:00
[2023-12-22T19:13:15.124+0000] {processor.py:179} INFO - Processing /home/airflow/.local/lib/python3.8/site-packages/airflow/example_dags/example_branch_python_dop_operator_3.py took 0.141 seconds
[2023-12-22T19:13:45.197+0000] {processor.py:157} INFO - Started process (PID=1221) to work on /home/airflow/.local/lib/python3.8/site-packages/airflow/example_dags/example_branch_python_dop_operator_3.py
[2023-12-22T19:13:45.199+0000] {processor.py:829} INFO - Processing file /home/airflow/.local/lib/python3.8/site-packages/airflow/example_dags/example_branch_python_dop_operator_3.py for tasks to queue
[2023-12-22T19:13:45.203+0000] {logging_mixin.py:154} INFO - [2023-12-22T19:13:45.203+0000] {dagbag.py:536} INFO - Filling up the DagBag from /home/airflow/.local/lib/python3.8/site-packages/airflow/example_dags/example_branch_python_dop_operator_3.py
[2023-12-22T19:13:45.217+0000] {processor.py:839} INFO - DAG(s) dict_keys(['example_branch_dop_operator_v3']) retrieved from /home/airflow/.local/lib/python3.8/site-packages/airflow/example_dags/example_branch_python_dop_operator_3.py
[2023-12-22T19:13:45.249+0000] {logging_mixin.py:154} INFO - [2023-12-22T19:13:45.249+0000] {dag.py:2941} INFO - Sync 1 DAGs
[2023-12-22T19:13:45.292+0000] {logging_mixin.py:154} INFO - [2023-12-22T19:13:45.292+0000] {dag.py:3722} INFO - Setting next_dagrun for example_branch_dop_operator_v3 to 2023-12-22T19:12:00+00:00, run_after=2023-12-22T19:13:00+00:00
[2023-12-22T19:13:45.321+0000] {processor.py:179} INFO - Processing /home/airflow/.local/lib/python3.8/site-packages/airflow/example_dags/example_branch_python_dop_operator_3.py took 0.130 seconds
[2023-12-22T19:14:15.973+0000] {processor.py:157} INFO - Started process (PID=1278) to work on /home/airflow/.local/lib/python3.8/site-packages/airflow/example_dags/example_branch_python_dop_operator_3.py
[2023-12-22T19:14:15.976+0000] {processor.py:829} INFO - Processing file /home/airflow/.local/lib/python3.8/site-packages/airflow/example_dags/example_branch_python_dop_operator_3.py for tasks to queue
[2023-12-22T19:14:15.980+0000] {logging_mixin.py:154} INFO - [2023-12-22T19:14:15.980+0000] {dagbag.py:536} INFO - Filling up the DagBag from /home/airflow/.local/lib/python3.8/site-packages/airflow/example_dags/example_branch_python_dop_operator_3.py
[2023-12-22T19:14:16.005+0000] {processor.py:839} INFO - DAG(s) dict_keys(['example_branch_dop_operator_v3']) retrieved from /home/airflow/.local/lib/python3.8/site-packages/airflow/example_dags/example_branch_python_dop_operator_3.py
[2023-12-22T19:14:16.042+0000] {logging_mixin.py:154} INFO - [2023-12-22T19:14:16.042+0000] {dag.py:2941} INFO - Sync 1 DAGs
[2023-12-22T19:14:16.082+0000] {logging_mixin.py:154} INFO - [2023-12-22T19:14:16.081+0000] {dag.py:3722} INFO - Setting next_dagrun for example_branch_dop_operator_v3 to 2023-12-22T19:13:00+00:00, run_after=2023-12-22T19:14:00+00:00
[2023-12-22T19:14:16.123+0000] {processor.py:179} INFO - Processing /home/airflow/.local/lib/python3.8/site-packages/airflow/example_dags/example_branch_python_dop_operator_3.py took 0.159 seconds
[2023-12-22T19:14:46.309+0000] {processor.py:157} INFO - Started process (PID=1334) to work on /home/airflow/.local/lib/python3.8/site-packages/airflow/example_dags/example_branch_python_dop_operator_3.py
[2023-12-22T19:14:46.311+0000] {processor.py:829} INFO - Processing file /home/airflow/.local/lib/python3.8/site-packages/airflow/example_dags/example_branch_python_dop_operator_3.py for tasks to queue
[2023-12-22T19:14:46.316+0000] {logging_mixin.py:154} INFO - [2023-12-22T19:14:46.315+0000] {dagbag.py:536} INFO - Filling up the DagBag from /home/airflow/.local/lib/python3.8/site-packages/airflow/example_dags/example_branch_python_dop_operator_3.py
[2023-12-22T19:14:46.330+0000] {processor.py:839} INFO - DAG(s) dict_keys(['example_branch_dop_operator_v3']) retrieved from /home/airflow/.local/lib/python3.8/site-packages/airflow/example_dags/example_branch_python_dop_operator_3.py
[2023-12-22T19:14:46.361+0000] {logging_mixin.py:154} INFO - [2023-12-22T19:14:46.361+0000] {dag.py:2941} INFO - Sync 1 DAGs
[2023-12-22T19:14:46.409+0000] {logging_mixin.py:154} INFO - [2023-12-22T19:14:46.409+0000] {dag.py:3722} INFO - Setting next_dagrun for example_branch_dop_operator_v3 to 2023-12-22T19:13:00+00:00, run_after=2023-12-22T19:14:00+00:00
[2023-12-22T19:14:46.442+0000] {processor.py:179} INFO - Processing /home/airflow/.local/lib/python3.8/site-packages/airflow/example_dags/example_branch_python_dop_operator_3.py took 0.139 seconds
[2023-12-22T19:15:16.759+0000] {processor.py:157} INFO - Started process (PID=1390) to work on /home/airflow/.local/lib/python3.8/site-packages/airflow/example_dags/example_branch_python_dop_operator_3.py
[2023-12-22T19:15:16.762+0000] {processor.py:829} INFO - Processing file /home/airflow/.local/lib/python3.8/site-packages/airflow/example_dags/example_branch_python_dop_operator_3.py for tasks to queue
[2023-12-22T19:15:16.766+0000] {logging_mixin.py:154} INFO - [2023-12-22T19:15:16.766+0000] {dagbag.py:536} INFO - Filling up the DagBag from /home/airflow/.local/lib/python3.8/site-packages/airflow/example_dags/example_branch_python_dop_operator_3.py
[2023-12-22T19:15:16.782+0000] {processor.py:839} INFO - DAG(s) dict_keys(['example_branch_dop_operator_v3']) retrieved from /home/airflow/.local/lib/python3.8/site-packages/airflow/example_dags/example_branch_python_dop_operator_3.py
[2023-12-22T19:15:16.822+0000] {logging_mixin.py:154} INFO - [2023-12-22T19:15:16.821+0000] {dag.py:2941} INFO - Sync 1 DAGs
[2023-12-22T19:15:16.869+0000] {logging_mixin.py:154} INFO - [2023-12-22T19:15:16.869+0000] {dag.py:3722} INFO - Setting next_dagrun for example_branch_dop_operator_v3 to 2023-12-22T19:14:00+00:00, run_after=2023-12-22T19:15:00+00:00
[2023-12-22T19:15:16.922+0000] {processor.py:179} INFO - Processing /home/airflow/.local/lib/python3.8/site-packages/airflow/example_dags/example_branch_python_dop_operator_3.py took 0.171 seconds
[2023-12-22T19:15:47.032+0000] {processor.py:157} INFO - Started process (PID=1445) to work on /home/airflow/.local/lib/python3.8/site-packages/airflow/example_dags/example_branch_python_dop_operator_3.py
[2023-12-22T19:15:47.035+0000] {processor.py:829} INFO - Processing file /home/airflow/.local/lib/python3.8/site-packages/airflow/example_dags/example_branch_python_dop_operator_3.py for tasks to queue
[2023-12-22T19:15:47.039+0000] {logging_mixin.py:154} INFO - [2023-12-22T19:15:47.039+0000] {dagbag.py:536} INFO - Filling up the DagBag from /home/airflow/.local/lib/python3.8/site-packages/airflow/example_dags/example_branch_python_dop_operator_3.py
[2023-12-22T19:15:47.054+0000] {processor.py:839} INFO - DAG(s) dict_keys(['example_branch_dop_operator_v3']) retrieved from /home/airflow/.local/lib/python3.8/site-packages/airflow/example_dags/example_branch_python_dop_operator_3.py
[2023-12-22T19:15:47.090+0000] {logging_mixin.py:154} INFO - [2023-12-22T19:15:47.090+0000] {dag.py:2941} INFO - Sync 1 DAGs
[2023-12-22T19:15:47.132+0000] {logging_mixin.py:154} INFO - [2023-12-22T19:15:47.132+0000] {dag.py:3722} INFO - Setting next_dagrun for example_branch_dop_operator_v3 to 2023-12-22T19:14:00+00:00, run_after=2023-12-22T19:15:00+00:00
[2023-12-22T19:15:47.168+0000] {processor.py:179} INFO - Processing /home/airflow/.local/lib/python3.8/site-packages/airflow/example_dags/example_branch_python_dop_operator_3.py took 0.142 seconds
[2023-12-22T19:16:17.239+0000] {processor.py:157} INFO - Started process (PID=1501) to work on /home/airflow/.local/lib/python3.8/site-packages/airflow/example_dags/example_branch_python_dop_operator_3.py
[2023-12-22T19:16:17.241+0000] {processor.py:829} INFO - Processing file /home/airflow/.local/lib/python3.8/site-packages/airflow/example_dags/example_branch_python_dop_operator_3.py for tasks to queue
[2023-12-22T19:16:17.246+0000] {logging_mixin.py:154} INFO - [2023-12-22T19:16:17.245+0000] {dagbag.py:536} INFO - Filling up the DagBag from /home/airflow/.local/lib/python3.8/site-packages/airflow/example_dags/example_branch_python_dop_operator_3.py
[2023-12-22T19:16:17.262+0000] {processor.py:839} INFO - DAG(s) dict_keys(['example_branch_dop_operator_v3']) retrieved from /home/airflow/.local/lib/python3.8/site-packages/airflow/example_dags/example_branch_python_dop_operator_3.py
[2023-12-22T19:16:17.301+0000] {logging_mixin.py:154} INFO - [2023-12-22T19:16:17.300+0000] {dag.py:2941} INFO - Sync 1 DAGs
[2023-12-22T19:16:17.343+0000] {logging_mixin.py:154} INFO - [2023-12-22T19:16:17.343+0000] {dag.py:3722} INFO - Setting next_dagrun for example_branch_dop_operator_v3 to 2023-12-22T19:15:00+00:00, run_after=2023-12-22T19:16:00+00:00
[2023-12-22T19:16:17.378+0000] {processor.py:179} INFO - Processing /home/airflow/.local/lib/python3.8/site-packages/airflow/example_dags/example_branch_python_dop_operator_3.py took 0.145 seconds
[2023-12-22T19:16:47.496+0000] {processor.py:157} INFO - Started process (PID=1557) to work on /home/airflow/.local/lib/python3.8/site-packages/airflow/example_dags/example_branch_python_dop_operator_3.py
[2023-12-22T19:16:47.498+0000] {processor.py:829} INFO - Processing file /home/airflow/.local/lib/python3.8/site-packages/airflow/example_dags/example_branch_python_dop_operator_3.py for tasks to queue
[2023-12-22T19:16:47.502+0000] {logging_mixin.py:154} INFO - [2023-12-22T19:16:47.502+0000] {dagbag.py:536} INFO - Filling up the DagBag from /home/airflow/.local/lib/python3.8/site-packages/airflow/example_dags/example_branch_python_dop_operator_3.py
[2023-12-22T19:16:47.517+0000] {processor.py:839} INFO - DAG(s) dict_keys(['example_branch_dop_operator_v3']) retrieved from /home/airflow/.local/lib/python3.8/site-packages/airflow/example_dags/example_branch_python_dop_operator_3.py
[2023-12-22T19:16:47.548+0000] {logging_mixin.py:154} INFO - [2023-12-22T19:16:47.548+0000] {dag.py:2941} INFO - Sync 1 DAGs
[2023-12-22T19:16:47.588+0000] {logging_mixin.py:154} INFO - [2023-12-22T19:16:47.587+0000] {dag.py:3722} INFO - Setting next_dagrun for example_branch_dop_operator_v3 to 2023-12-22T19:15:00+00:00, run_after=2023-12-22T19:16:00+00:00
[2023-12-22T19:16:47.619+0000] {processor.py:179} INFO - Processing /home/airflow/.local/lib/python3.8/site-packages/airflow/example_dags/example_branch_python_dop_operator_3.py took 0.129 seconds
[2023-12-22T19:17:17.810+0000] {processor.py:157} INFO - Started process (PID=1613) to work on /home/airflow/.local/lib/python3.8/site-packages/airflow/example_dags/example_branch_python_dop_operator_3.py
[2023-12-22T19:17:17.812+0000] {processor.py:829} INFO - Processing file /home/airflow/.local/lib/python3.8/site-packages/airflow/example_dags/example_branch_python_dop_operator_3.py for tasks to queue
[2023-12-22T19:17:17.817+0000] {logging_mixin.py:154} INFO - [2023-12-22T19:17:17.816+0000] {dagbag.py:536} INFO - Filling up the DagBag from /home/airflow/.local/lib/python3.8/site-packages/airflow/example_dags/example_branch_python_dop_operator_3.py
[2023-12-22T19:17:17.831+0000] {processor.py:839} INFO - DAG(s) dict_keys(['example_branch_dop_operator_v3']) retrieved from /home/airflow/.local/lib/python3.8/site-packages/airflow/example_dags/example_branch_python_dop_operator_3.py
[2023-12-22T19:17:17.866+0000] {logging_mixin.py:154} INFO - [2023-12-22T19:17:17.866+0000] {dag.py:2941} INFO - Sync 1 DAGs
[2023-12-22T19:17:17.907+0000] {logging_mixin.py:154} INFO - [2023-12-22T19:17:17.907+0000] {dag.py:3722} INFO - Setting next_dagrun for example_branch_dop_operator_v3 to 2023-12-22T19:16:00+00:00, run_after=2023-12-22T19:17:00+00:00
[2023-12-22T19:17:17.939+0000] {processor.py:179} INFO - Processing /home/airflow/.local/lib/python3.8/site-packages/airflow/example_dags/example_branch_python_dop_operator_3.py took 0.135 seconds
[2023-12-22T19:17:48.196+0000] {processor.py:157} INFO - Started process (PID=1669) to work on /home/airflow/.local/lib/python3.8/site-packages/airflow/example_dags/example_branch_python_dop_operator_3.py
[2023-12-22T19:17:48.198+0000] {processor.py:829} INFO - Processing file /home/airflow/.local/lib/python3.8/site-packages/airflow/example_dags/example_branch_python_dop_operator_3.py for tasks to queue
[2023-12-22T19:17:48.205+0000] {logging_mixin.py:154} INFO - [2023-12-22T19:17:48.205+0000] {dagbag.py:536} INFO - Filling up the DagBag from /home/airflow/.local/lib/python3.8/site-packages/airflow/example_dags/example_branch_python_dop_operator_3.py
[2023-12-22T19:17:48.221+0000] {processor.py:839} INFO - DAG(s) dict_keys(['example_branch_dop_operator_v3']) retrieved from /home/airflow/.local/lib/python3.8/site-packages/airflow/example_dags/example_branch_python_dop_operator_3.py
[2023-12-22T19:17:48.258+0000] {logging_mixin.py:154} INFO - [2023-12-22T19:17:48.258+0000] {dag.py:2941} INFO - Sync 1 DAGs
[2023-12-22T19:17:48.305+0000] {logging_mixin.py:154} INFO - [2023-12-22T19:17:48.305+0000] {dag.py:3722} INFO - Setting next_dagrun for example_branch_dop_operator_v3 to 2023-12-22T19:16:00+00:00, run_after=2023-12-22T19:17:00+00:00
[2023-12-22T19:17:48.350+0000] {processor.py:179} INFO - Processing /home/airflow/.local/lib/python3.8/site-packages/airflow/example_dags/example_branch_python_dop_operator_3.py took 0.159 seconds
[2023-12-22T19:18:18.516+0000] {processor.py:157} INFO - Started process (PID=1726) to work on /home/airflow/.local/lib/python3.8/site-packages/airflow/example_dags/example_branch_python_dop_operator_3.py
[2023-12-22T19:18:18.518+0000] {processor.py:829} INFO - Processing file /home/airflow/.local/lib/python3.8/site-packages/airflow/example_dags/example_branch_python_dop_operator_3.py for tasks to queue
[2023-12-22T19:18:18.523+0000] {logging_mixin.py:154} INFO - [2023-12-22T19:18:18.522+0000] {dagbag.py:536} INFO - Filling up the DagBag from /home/airflow/.local/lib/python3.8/site-packages/airflow/example_dags/example_branch_python_dop_operator_3.py
[2023-12-22T19:18:18.541+0000] {processor.py:839} INFO - DAG(s) dict_keys(['example_branch_dop_operator_v3']) retrieved from /home/airflow/.local/lib/python3.8/site-packages/airflow/example_dags/example_branch_python_dop_operator_3.py
[2023-12-22T19:18:18.581+0000] {logging_mixin.py:154} INFO - [2023-12-22T19:18:18.580+0000] {dag.py:2941} INFO - Sync 1 DAGs
[2023-12-22T19:18:18.623+0000] {logging_mixin.py:154} INFO - [2023-12-22T19:18:18.623+0000] {dag.py:3722} INFO - Setting next_dagrun for example_branch_dop_operator_v3 to 2023-12-22T19:17:00+00:00, run_after=2023-12-22T19:18:00+00:00
[2023-12-22T19:18:18.655+0000] {processor.py:179} INFO - Processing /home/airflow/.local/lib/python3.8/site-packages/airflow/example_dags/example_branch_python_dop_operator_3.py took 0.149 seconds
[2023-12-22T19:18:48.868+0000] {processor.py:157} INFO - Started process (PID=1782) to work on /home/airflow/.local/lib/python3.8/site-packages/airflow/example_dags/example_branch_python_dop_operator_3.py
[2023-12-22T19:18:48.872+0000] {processor.py:829} INFO - Processing file /home/airflow/.local/lib/python3.8/site-packages/airflow/example_dags/example_branch_python_dop_operator_3.py for tasks to queue
[2023-12-22T19:18:48.878+0000] {logging_mixin.py:154} INFO - [2023-12-22T19:18:48.878+0000] {dagbag.py:536} INFO - Filling up the DagBag from /home/airflow/.local/lib/python3.8/site-packages/airflow/example_dags/example_branch_python_dop_operator_3.py
[2023-12-22T19:18:48.894+0000] {processor.py:839} INFO - DAG(s) dict_keys(['example_branch_dop_operator_v3']) retrieved from /home/airflow/.local/lib/python3.8/site-packages/airflow/example_dags/example_branch_python_dop_operator_3.py
[2023-12-22T19:18:48.932+0000] {logging_mixin.py:154} INFO - [2023-12-22T19:18:48.932+0000] {dag.py:2941} INFO - Sync 1 DAGs
[2023-12-22T19:18:48.974+0000] {logging_mixin.py:154} INFO - [2023-12-22T19:18:48.974+0000] {dag.py:3722} INFO - Setting next_dagrun for example_branch_dop_operator_v3 to 2023-12-22T19:17:00+00:00, run_after=2023-12-22T19:18:00+00:00
[2023-12-22T19:18:49.007+0000] {processor.py:179} INFO - Processing /home/airflow/.local/lib/python3.8/site-packages/airflow/example_dags/example_branch_python_dop_operator_3.py took 0.144 seconds
[2023-12-22T19:19:19.265+0000] {processor.py:157} INFO - Started process (PID=1838) to work on /home/airflow/.local/lib/python3.8/site-packages/airflow/example_dags/example_branch_python_dop_operator_3.py
[2023-12-22T19:19:19.268+0000] {processor.py:829} INFO - Processing file /home/airflow/.local/lib/python3.8/site-packages/airflow/example_dags/example_branch_python_dop_operator_3.py for tasks to queue
[2023-12-22T19:19:19.273+0000] {logging_mixin.py:154} INFO - [2023-12-22T19:19:19.273+0000] {dagbag.py:536} INFO - Filling up the DagBag from /home/airflow/.local/lib/python3.8/site-packages/airflow/example_dags/example_branch_python_dop_operator_3.py
[2023-12-22T19:19:19.288+0000] {processor.py:839} INFO - DAG(s) dict_keys(['example_branch_dop_operator_v3']) retrieved from /home/airflow/.local/lib/python3.8/site-packages/airflow/example_dags/example_branch_python_dop_operator_3.py
[2023-12-22T19:19:19.324+0000] {logging_mixin.py:154} INFO - [2023-12-22T19:19:19.324+0000] {dag.py:2941} INFO - Sync 1 DAGs
[2023-12-22T19:19:19.365+0000] {logging_mixin.py:154} INFO - [2023-12-22T19:19:19.365+0000] {dag.py:3722} INFO - Setting next_dagrun for example_branch_dop_operator_v3 to 2023-12-22T19:18:00+00:00, run_after=2023-12-22T19:19:00+00:00
[2023-12-22T19:19:19.402+0000] {processor.py:179} INFO - Processing /home/airflow/.local/lib/python3.8/site-packages/airflow/example_dags/example_branch_python_dop_operator_3.py took 0.144 seconds
[2023-12-22T19:19:49.486+0000] {processor.py:157} INFO - Started process (PID=1894) to work on /home/airflow/.local/lib/python3.8/site-packages/airflow/example_dags/example_branch_python_dop_operator_3.py
[2023-12-22T19:19:49.488+0000] {processor.py:829} INFO - Processing file /home/airflow/.local/lib/python3.8/site-packages/airflow/example_dags/example_branch_python_dop_operator_3.py for tasks to queue
[2023-12-22T19:19:49.494+0000] {logging_mixin.py:154} INFO - [2023-12-22T19:19:49.493+0000] {dagbag.py:536} INFO - Filling up the DagBag from /home/airflow/.local/lib/python3.8/site-packages/airflow/example_dags/example_branch_python_dop_operator_3.py
[2023-12-22T19:19:49.513+0000] {processor.py:839} INFO - DAG(s) dict_keys(['example_branch_dop_operator_v3']) retrieved from /home/airflow/.local/lib/python3.8/site-packages/airflow/example_dags/example_branch_python_dop_operator_3.py
[2023-12-22T19:19:49.548+0000] {logging_mixin.py:154} INFO - [2023-12-22T19:19:49.548+0000] {dag.py:2941} INFO - Sync 1 DAGs
[2023-12-22T19:19:49.590+0000] {logging_mixin.py:154} INFO - [2023-12-22T19:19:49.590+0000] {dag.py:3722} INFO - Setting next_dagrun for example_branch_dop_operator_v3 to 2023-12-22T19:18:00+00:00, run_after=2023-12-22T19:19:00+00:00
[2023-12-22T19:19:49.623+0000] {processor.py:179} INFO - Processing /home/airflow/.local/lib/python3.8/site-packages/airflow/example_dags/example_branch_python_dop_operator_3.py took 0.146 seconds
[2023-12-22T19:20:20.112+0000] {processor.py:157} INFO - Started process (PID=1950) to work on /home/airflow/.local/lib/python3.8/site-packages/airflow/example_dags/example_branch_python_dop_operator_3.py
[2023-12-22T19:20:20.115+0000] {processor.py:829} INFO - Processing file /home/airflow/.local/lib/python3.8/site-packages/airflow/example_dags/example_branch_python_dop_operator_3.py for tasks to queue
[2023-12-22T19:20:20.123+0000] {logging_mixin.py:154} INFO - [2023-12-22T19:20:20.122+0000] {dagbag.py:536} INFO - Filling up the DagBag from /home/airflow/.local/lib/python3.8/site-packages/airflow/example_dags/example_branch_python_dop_operator_3.py
[2023-12-22T19:20:20.154+0000] {processor.py:839} INFO - DAG(s) dict_keys(['example_branch_dop_operator_v3']) retrieved from /home/airflow/.local/lib/python3.8/site-packages/airflow/example_dags/example_branch_python_dop_operator_3.py
[2023-12-22T19:20:20.194+0000] {logging_mixin.py:154} INFO - [2023-12-22T19:20:20.194+0000] {dag.py:2941} INFO - Sync 1 DAGs
[2023-12-22T19:20:20.245+0000] {logging_mixin.py:154} INFO - [2023-12-22T19:20:20.244+0000] {dag.py:3722} INFO - Setting next_dagrun for example_branch_dop_operator_v3 to 2023-12-22T19:19:00+00:00, run_after=2023-12-22T19:20:00+00:00
[2023-12-22T19:20:20.302+0000] {processor.py:179} INFO - Processing /home/airflow/.local/lib/python3.8/site-packages/airflow/example_dags/example_branch_python_dop_operator_3.py took 0.203 seconds
[2023-12-22T20:14:08.149+0000] {processor.py:157} INFO - Started process (PID=39) to work on /home/airflow/.local/lib/python3.8/site-packages/airflow/example_dags/example_branch_python_dop_operator_3.py
[2023-12-22T20:14:08.183+0000] {processor.py:829} INFO - Processing file /home/airflow/.local/lib/python3.8/site-packages/airflow/example_dags/example_branch_python_dop_operator_3.py for tasks to queue
[2023-12-22T20:14:08.191+0000] {logging_mixin.py:154} INFO - [2023-12-22T20:14:08.191+0000] {dagbag.py:536} INFO - Filling up the DagBag from /home/airflow/.local/lib/python3.8/site-packages/airflow/example_dags/example_branch_python_dop_operator_3.py
[2023-12-22T20:14:08.253+0000] {processor.py:839} INFO - DAG(s) dict_keys(['example_branch_dop_operator_v3']) retrieved from /home/airflow/.local/lib/python3.8/site-packages/airflow/example_dags/example_branch_python_dop_operator_3.py
[2023-12-22T20:14:08.351+0000] {logging_mixin.py:154} INFO - [2023-12-22T20:14:08.350+0000] {dag.py:2941} INFO - Sync 1 DAGs
[2023-12-22T20:14:08.681+0000] {logging_mixin.py:154} INFO - [2023-12-22T20:14:08.680+0000] {dag.py:3722} INFO - Setting next_dagrun for example_branch_dop_operator_v3 to 2023-12-22T20:13:00+00:00, run_after=2023-12-22T20:14:00+00:00
[2023-12-22T20:14:08.839+0000] {processor.py:179} INFO - Processing /home/airflow/.local/lib/python3.8/site-packages/airflow/example_dags/example_branch_python_dop_operator_3.py took 0.771 seconds
[2023-12-22T20:14:40.020+0000] {processor.py:157} INFO - Started process (PID=95) to work on /home/airflow/.local/lib/python3.8/site-packages/airflow/example_dags/example_branch_python_dop_operator_3.py
[2023-12-22T20:14:40.023+0000] {processor.py:829} INFO - Processing file /home/airflow/.local/lib/python3.8/site-packages/airflow/example_dags/example_branch_python_dop_operator_3.py for tasks to queue
[2023-12-22T20:14:40.028+0000] {logging_mixin.py:154} INFO - [2023-12-22T20:14:40.028+0000] {dagbag.py:536} INFO - Filling up the DagBag from /home/airflow/.local/lib/python3.8/site-packages/airflow/example_dags/example_branch_python_dop_operator_3.py
[2023-12-22T20:14:40.055+0000] {processor.py:839} INFO - DAG(s) dict_keys(['example_branch_dop_operator_v3']) retrieved from /home/airflow/.local/lib/python3.8/site-packages/airflow/example_dags/example_branch_python_dop_operator_3.py
[2023-12-22T20:14:40.112+0000] {logging_mixin.py:154} INFO - [2023-12-22T20:14:40.112+0000] {dag.py:2941} INFO - Sync 1 DAGs
[2023-12-22T20:14:40.167+0000] {logging_mixin.py:154} INFO - [2023-12-22T20:14:40.167+0000] {dag.py:3722} INFO - Setting next_dagrun for example_branch_dop_operator_v3 to 2023-12-22T20:13:00+00:00, run_after=2023-12-22T20:14:00+00:00
[2023-12-22T20:14:40.228+0000] {processor.py:179} INFO - Processing /home/airflow/.local/lib/python3.8/site-packages/airflow/example_dags/example_branch_python_dop_operator_3.py took 0.215 seconds
[2023-12-22T20:15:10.368+0000] {processor.py:157} INFO - Started process (PID=151) to work on /home/airflow/.local/lib/python3.8/site-packages/airflow/example_dags/example_branch_python_dop_operator_3.py
[2023-12-22T20:15:10.378+0000] {processor.py:829} INFO - Processing file /home/airflow/.local/lib/python3.8/site-packages/airflow/example_dags/example_branch_python_dop_operator_3.py for tasks to queue
[2023-12-22T20:15:10.387+0000] {logging_mixin.py:154} INFO - [2023-12-22T20:15:10.386+0000] {dagbag.py:536} INFO - Filling up the DagBag from /home/airflow/.local/lib/python3.8/site-packages/airflow/example_dags/example_branch_python_dop_operator_3.py
[2023-12-22T20:15:10.407+0000] {processor.py:839} INFO - DAG(s) dict_keys(['example_branch_dop_operator_v3']) retrieved from /home/airflow/.local/lib/python3.8/site-packages/airflow/example_dags/example_branch_python_dop_operator_3.py
[2023-12-22T20:15:10.468+0000] {logging_mixin.py:154} INFO - [2023-12-22T20:15:10.468+0000] {dag.py:2941} INFO - Sync 1 DAGs
[2023-12-22T20:15:10.509+0000] {logging_mixin.py:154} INFO - [2023-12-22T20:15:10.509+0000] {dag.py:3722} INFO - Setting next_dagrun for example_branch_dop_operator_v3 to 2023-12-22T20:14:00+00:00, run_after=2023-12-22T20:15:00+00:00
[2023-12-22T20:15:10.542+0000] {processor.py:179} INFO - Processing /home/airflow/.local/lib/python3.8/site-packages/airflow/example_dags/example_branch_python_dop_operator_3.py took 0.184 seconds
[2023-12-22T20:15:40.886+0000] {processor.py:157} INFO - Started process (PID=206) to work on /home/airflow/.local/lib/python3.8/site-packages/airflow/example_dags/example_branch_python_dop_operator_3.py
[2023-12-22T20:15:40.889+0000] {processor.py:829} INFO - Processing file /home/airflow/.local/lib/python3.8/site-packages/airflow/example_dags/example_branch_python_dop_operator_3.py for tasks to queue
[2023-12-22T20:15:40.894+0000] {logging_mixin.py:154} INFO - [2023-12-22T20:15:40.894+0000] {dagbag.py:536} INFO - Filling up the DagBag from /home/airflow/.local/lib/python3.8/site-packages/airflow/example_dags/example_branch_python_dop_operator_3.py
[2023-12-22T20:15:40.918+0000] {processor.py:839} INFO - DAG(s) dict_keys(['example_branch_dop_operator_v3']) retrieved from /home/airflow/.local/lib/python3.8/site-packages/airflow/example_dags/example_branch_python_dop_operator_3.py
[2023-12-22T20:15:40.986+0000] {logging_mixin.py:154} INFO - [2023-12-22T20:15:40.986+0000] {dag.py:2941} INFO - Sync 1 DAGs
[2023-12-22T20:15:41.056+0000] {logging_mixin.py:154} INFO - [2023-12-22T20:15:41.055+0000] {dag.py:3722} INFO - Setting next_dagrun for example_branch_dop_operator_v3 to 2023-12-22T20:14:00+00:00, run_after=2023-12-22T20:15:00+00:00
[2023-12-22T20:15:41.090+0000] {processor.py:179} INFO - Processing /home/airflow/.local/lib/python3.8/site-packages/airflow/example_dags/example_branch_python_dop_operator_3.py took 0.211 seconds
[2023-12-22T20:17:47.105+0000] {processor.py:157} INFO - Started process (PID=40) to work on /home/airflow/.local/lib/python3.8/site-packages/airflow/example_dags/example_branch_python_dop_operator_3.py
[2023-12-22T20:17:47.108+0000] {processor.py:829} INFO - Processing file /home/airflow/.local/lib/python3.8/site-packages/airflow/example_dags/example_branch_python_dop_operator_3.py for tasks to queue
[2023-12-22T20:17:47.113+0000] {logging_mixin.py:154} INFO - [2023-12-22T20:17:47.112+0000] {dagbag.py:536} INFO - Filling up the DagBag from /home/airflow/.local/lib/python3.8/site-packages/airflow/example_dags/example_branch_python_dop_operator_3.py
[2023-12-22T20:17:47.132+0000] {processor.py:839} INFO - DAG(s) dict_keys(['example_branch_dop_operator_v3']) retrieved from /home/airflow/.local/lib/python3.8/site-packages/airflow/example_dags/example_branch_python_dop_operator_3.py
[2023-12-22T20:17:47.207+0000] {logging_mixin.py:154} INFO - [2023-12-22T20:17:47.206+0000] {dag.py:2941} INFO - Sync 1 DAGs
[2023-12-22T20:17:47.347+0000] {logging_mixin.py:154} INFO - [2023-12-22T20:17:47.347+0000] {dag.py:3722} INFO - Setting next_dagrun for example_branch_dop_operator_v3 to 2023-12-22T20:16:00+00:00, run_after=2023-12-22T20:17:00+00:00
[2023-12-22T20:17:47.440+0000] {processor.py:179} INFO - Processing /home/airflow/.local/lib/python3.8/site-packages/airflow/example_dags/example_branch_python_dop_operator_3.py took 0.342 seconds
[2023-12-22T20:18:18.128+0000] {processor.py:157} INFO - Started process (PID=96) to work on /home/airflow/.local/lib/python3.8/site-packages/airflow/example_dags/example_branch_python_dop_operator_3.py
[2023-12-22T20:18:18.132+0000] {processor.py:829} INFO - Processing file /home/airflow/.local/lib/python3.8/site-packages/airflow/example_dags/example_branch_python_dop_operator_3.py for tasks to queue
[2023-12-22T20:18:18.137+0000] {logging_mixin.py:154} INFO - [2023-12-22T20:18:18.136+0000] {dagbag.py:536} INFO - Filling up the DagBag from /home/airflow/.local/lib/python3.8/site-packages/airflow/example_dags/example_branch_python_dop_operator_3.py
[2023-12-22T20:18:18.155+0000] {processor.py:839} INFO - DAG(s) dict_keys(['example_branch_dop_operator_v3']) retrieved from /home/airflow/.local/lib/python3.8/site-packages/airflow/example_dags/example_branch_python_dop_operator_3.py
[2023-12-22T20:18:18.204+0000] {logging_mixin.py:154} INFO - [2023-12-22T20:18:18.204+0000] {dag.py:2941} INFO - Sync 1 DAGs
[2023-12-22T20:18:18.308+0000] {logging_mixin.py:154} INFO - [2023-12-22T20:18:18.307+0000] {dag.py:3722} INFO - Setting next_dagrun for example_branch_dop_operator_v3 to 2023-12-22T20:17:00+00:00, run_after=2023-12-22T20:18:00+00:00
[2023-12-22T20:18:18.361+0000] {processor.py:179} INFO - Processing /home/airflow/.local/lib/python3.8/site-packages/airflow/example_dags/example_branch_python_dop_operator_3.py took 0.245 seconds
[2023-12-22T20:18:49.334+0000] {processor.py:157} INFO - Started process (PID=152) to work on /home/airflow/.local/lib/python3.8/site-packages/airflow/example_dags/example_branch_python_dop_operator_3.py
[2023-12-22T20:18:49.337+0000] {processor.py:829} INFO - Processing file /home/airflow/.local/lib/python3.8/site-packages/airflow/example_dags/example_branch_python_dop_operator_3.py for tasks to queue
[2023-12-22T20:18:49.343+0000] {logging_mixin.py:154} INFO - [2023-12-22T20:18:49.342+0000] {dagbag.py:536} INFO - Filling up the DagBag from /home/airflow/.local/lib/python3.8/site-packages/airflow/example_dags/example_branch_python_dop_operator_3.py
[2023-12-22T20:18:49.365+0000] {processor.py:839} INFO - DAG(s) dict_keys(['example_branch_dop_operator_v3']) retrieved from /home/airflow/.local/lib/python3.8/site-packages/airflow/example_dags/example_branch_python_dop_operator_3.py
[2023-12-22T20:18:49.412+0000] {logging_mixin.py:154} INFO - [2023-12-22T20:18:49.412+0000] {dag.py:2941} INFO - Sync 1 DAGs
[2023-12-22T20:18:49.461+0000] {logging_mixin.py:154} INFO - [2023-12-22T20:18:49.459+0000] {dag.py:3722} INFO - Setting next_dagrun for example_branch_dop_operator_v3 to 2023-12-22T20:17:00+00:00, run_after=2023-12-22T20:18:00+00:00
[2023-12-22T20:18:49.503+0000] {processor.py:179} INFO - Processing /home/airflow/.local/lib/python3.8/site-packages/airflow/example_dags/example_branch_python_dop_operator_3.py took 0.175 seconds
[2023-12-22T20:19:19.954+0000] {processor.py:157} INFO - Started process (PID=208) to work on /home/airflow/.local/lib/python3.8/site-packages/airflow/example_dags/example_branch_python_dop_operator_3.py
[2023-12-22T20:19:19.957+0000] {processor.py:829} INFO - Processing file /home/airflow/.local/lib/python3.8/site-packages/airflow/example_dags/example_branch_python_dop_operator_3.py for tasks to queue
[2023-12-22T20:19:19.961+0000] {logging_mixin.py:154} INFO - [2023-12-22T20:19:19.961+0000] {dagbag.py:536} INFO - Filling up the DagBag from /home/airflow/.local/lib/python3.8/site-packages/airflow/example_dags/example_branch_python_dop_operator_3.py
[2023-12-22T20:19:19.978+0000] {processor.py:839} INFO - DAG(s) dict_keys(['example_branch_dop_operator_v3']) retrieved from /home/airflow/.local/lib/python3.8/site-packages/airflow/example_dags/example_branch_python_dop_operator_3.py
[2023-12-22T20:19:20.015+0000] {logging_mixin.py:154} INFO - [2023-12-22T20:19:20.014+0000] {dag.py:2941} INFO - Sync 1 DAGs
[2023-12-22T20:19:20.064+0000] {logging_mixin.py:154} INFO - [2023-12-22T20:19:20.064+0000] {dag.py:3722} INFO - Setting next_dagrun for example_branch_dop_operator_v3 to 2023-12-22T20:18:00+00:00, run_after=2023-12-22T20:19:00+00:00
[2023-12-22T20:19:20.099+0000] {processor.py:179} INFO - Processing /home/airflow/.local/lib/python3.8/site-packages/airflow/example_dags/example_branch_python_dop_operator_3.py took 0.150 seconds
[2023-12-22T20:19:50.283+0000] {processor.py:157} INFO - Started process (PID=263) to work on /home/airflow/.local/lib/python3.8/site-packages/airflow/example_dags/example_branch_python_dop_operator_3.py
[2023-12-22T20:19:50.286+0000] {processor.py:829} INFO - Processing file /home/airflow/.local/lib/python3.8/site-packages/airflow/example_dags/example_branch_python_dop_operator_3.py for tasks to queue
[2023-12-22T20:19:50.290+0000] {logging_mixin.py:154} INFO - [2023-12-22T20:19:50.289+0000] {dagbag.py:536} INFO - Filling up the DagBag from /home/airflow/.local/lib/python3.8/site-packages/airflow/example_dags/example_branch_python_dop_operator_3.py
[2023-12-22T20:19:50.305+0000] {processor.py:839} INFO - DAG(s) dict_keys(['example_branch_dop_operator_v3']) retrieved from /home/airflow/.local/lib/python3.8/site-packages/airflow/example_dags/example_branch_python_dop_operator_3.py
[2023-12-22T20:19:50.358+0000] {logging_mixin.py:154} INFO - [2023-12-22T20:19:50.357+0000] {dag.py:2941} INFO - Sync 1 DAGs
[2023-12-22T20:19:50.404+0000] {logging_mixin.py:154} INFO - [2023-12-22T20:19:50.404+0000] {dag.py:3722} INFO - Setting next_dagrun for example_branch_dop_operator_v3 to 2023-12-22T20:18:00+00:00, run_after=2023-12-22T20:19:00+00:00
[2023-12-22T20:19:50.441+0000] {processor.py:179} INFO - Processing /home/airflow/.local/lib/python3.8/site-packages/airflow/example_dags/example_branch_python_dop_operator_3.py took 0.163 seconds
[2023-12-22T20:20:20.701+0000] {processor.py:157} INFO - Started process (PID=319) to work on /home/airflow/.local/lib/python3.8/site-packages/airflow/example_dags/example_branch_python_dop_operator_3.py
[2023-12-22T20:20:20.704+0000] {processor.py:829} INFO - Processing file /home/airflow/.local/lib/python3.8/site-packages/airflow/example_dags/example_branch_python_dop_operator_3.py for tasks to queue
[2023-12-22T20:20:20.711+0000] {logging_mixin.py:154} INFO - [2023-12-22T20:20:20.711+0000] {dagbag.py:536} INFO - Filling up the DagBag from /home/airflow/.local/lib/python3.8/site-packages/airflow/example_dags/example_branch_python_dop_operator_3.py
[2023-12-22T20:20:20.726+0000] {processor.py:839} INFO - DAG(s) dict_keys(['example_branch_dop_operator_v3']) retrieved from /home/airflow/.local/lib/python3.8/site-packages/airflow/example_dags/example_branch_python_dop_operator_3.py
[2023-12-22T20:20:20.761+0000] {logging_mixin.py:154} INFO - [2023-12-22T20:20:20.760+0000] {dag.py:2941} INFO - Sync 1 DAGs
[2023-12-22T20:20:20.800+0000] {logging_mixin.py:154} INFO - [2023-12-22T20:20:20.800+0000] {dag.py:3722} INFO - Setting next_dagrun for example_branch_dop_operator_v3 to 2023-12-22T20:19:00+00:00, run_after=2023-12-22T20:20:00+00:00
[2023-12-22T20:20:20.834+0000] {processor.py:179} INFO - Processing /home/airflow/.local/lib/python3.8/site-packages/airflow/example_dags/example_branch_python_dop_operator_3.py took 0.142 seconds
[2023-12-22T20:20:50.925+0000] {processor.py:157} INFO - Started process (PID=375) to work on /home/airflow/.local/lib/python3.8/site-packages/airflow/example_dags/example_branch_python_dop_operator_3.py
[2023-12-22T20:20:50.928+0000] {processor.py:829} INFO - Processing file /home/airflow/.local/lib/python3.8/site-packages/airflow/example_dags/example_branch_python_dop_operator_3.py for tasks to queue
[2023-12-22T20:20:50.936+0000] {logging_mixin.py:154} INFO - [2023-12-22T20:20:50.936+0000] {dagbag.py:536} INFO - Filling up the DagBag from /home/airflow/.local/lib/python3.8/site-packages/airflow/example_dags/example_branch_python_dop_operator_3.py
[2023-12-22T20:20:50.957+0000] {processor.py:839} INFO - DAG(s) dict_keys(['example_branch_dop_operator_v3']) retrieved from /home/airflow/.local/lib/python3.8/site-packages/airflow/example_dags/example_branch_python_dop_operator_3.py
[2023-12-22T20:20:51.000+0000] {logging_mixin.py:154} INFO - [2023-12-22T20:20:51.000+0000] {dag.py:2941} INFO - Sync 1 DAGs
[2023-12-22T20:20:51.050+0000] {logging_mixin.py:154} INFO - [2023-12-22T20:20:51.050+0000] {dag.py:3722} INFO - Setting next_dagrun for example_branch_dop_operator_v3 to 2023-12-22T20:19:00+00:00, run_after=2023-12-22T20:20:00+00:00
[2023-12-22T20:20:51.088+0000] {processor.py:179} INFO - Processing /home/airflow/.local/lib/python3.8/site-packages/airflow/example_dags/example_branch_python_dop_operator_3.py took 0.174 seconds
[2023-12-22T20:21:21.990+0000] {processor.py:157} INFO - Started process (PID=430) to work on /home/airflow/.local/lib/python3.8/site-packages/airflow/example_dags/example_branch_python_dop_operator_3.py
[2023-12-22T20:21:21.994+0000] {processor.py:829} INFO - Processing file /home/airflow/.local/lib/python3.8/site-packages/airflow/example_dags/example_branch_python_dop_operator_3.py for tasks to queue
[2023-12-22T20:21:22.004+0000] {logging_mixin.py:154} INFO - [2023-12-22T20:21:22.003+0000] {dagbag.py:536} INFO - Filling up the DagBag from /home/airflow/.local/lib/python3.8/site-packages/airflow/example_dags/example_branch_python_dop_operator_3.py
[2023-12-22T20:21:22.026+0000] {processor.py:839} INFO - DAG(s) dict_keys(['example_branch_dop_operator_v3']) retrieved from /home/airflow/.local/lib/python3.8/site-packages/airflow/example_dags/example_branch_python_dop_operator_3.py
[2023-12-22T20:21:22.078+0000] {logging_mixin.py:154} INFO - [2023-12-22T20:21:22.078+0000] {dag.py:2941} INFO - Sync 1 DAGs
[2023-12-22T20:21:22.126+0000] {logging_mixin.py:154} INFO - [2023-12-22T20:21:22.126+0000] {dag.py:3722} INFO - Setting next_dagrun for example_branch_dop_operator_v3 to 2023-12-22T20:20:00+00:00, run_after=2023-12-22T20:21:00+00:00
[2023-12-22T20:21:22.161+0000] {processor.py:179} INFO - Processing /home/airflow/.local/lib/python3.8/site-packages/airflow/example_dags/example_branch_python_dop_operator_3.py took 0.181 seconds
[2023-12-22T20:21:52.682+0000] {processor.py:157} INFO - Started process (PID=486) to work on /home/airflow/.local/lib/python3.8/site-packages/airflow/example_dags/example_branch_python_dop_operator_3.py
[2023-12-22T20:21:52.685+0000] {processor.py:829} INFO - Processing file /home/airflow/.local/lib/python3.8/site-packages/airflow/example_dags/example_branch_python_dop_operator_3.py for tasks to queue
[2023-12-22T20:21:52.690+0000] {logging_mixin.py:154} INFO - [2023-12-22T20:21:52.690+0000] {dagbag.py:536} INFO - Filling up the DagBag from /home/airflow/.local/lib/python3.8/site-packages/airflow/example_dags/example_branch_python_dop_operator_3.py
[2023-12-22T20:21:52.711+0000] {processor.py:839} INFO - DAG(s) dict_keys(['example_branch_dop_operator_v3']) retrieved from /home/airflow/.local/lib/python3.8/site-packages/airflow/example_dags/example_branch_python_dop_operator_3.py
[2023-12-22T20:21:52.753+0000] {logging_mixin.py:154} INFO - [2023-12-22T20:21:52.753+0000] {dag.py:2941} INFO - Sync 1 DAGs
[2023-12-22T20:21:52.798+0000] {logging_mixin.py:154} INFO - [2023-12-22T20:21:52.798+0000] {dag.py:3722} INFO - Setting next_dagrun for example_branch_dop_operator_v3 to 2023-12-22T20:20:00+00:00, run_after=2023-12-22T20:21:00+00:00
[2023-12-22T20:21:52.831+0000] {processor.py:179} INFO - Processing /home/airflow/.local/lib/python3.8/site-packages/airflow/example_dags/example_branch_python_dop_operator_3.py took 0.157 seconds
[2023-12-22T20:22:23.777+0000] {processor.py:157} INFO - Started process (PID=542) to work on /home/airflow/.local/lib/python3.8/site-packages/airflow/example_dags/example_branch_python_dop_operator_3.py
[2023-12-22T20:22:23.781+0000] {processor.py:829} INFO - Processing file /home/airflow/.local/lib/python3.8/site-packages/airflow/example_dags/example_branch_python_dop_operator_3.py for tasks to queue
[2023-12-22T20:22:23.786+0000] {logging_mixin.py:154} INFO - [2023-12-22T20:22:23.785+0000] {dagbag.py:536} INFO - Filling up the DagBag from /home/airflow/.local/lib/python3.8/site-packages/airflow/example_dags/example_branch_python_dop_operator_3.py
[2023-12-22T20:22:23.803+0000] {processor.py:839} INFO - DAG(s) dict_keys(['example_branch_dop_operator_v3']) retrieved from /home/airflow/.local/lib/python3.8/site-packages/airflow/example_dags/example_branch_python_dop_operator_3.py
[2023-12-22T20:22:23.843+0000] {logging_mixin.py:154} INFO - [2023-12-22T20:22:23.843+0000] {dag.py:2941} INFO - Sync 1 DAGs
[2023-12-22T20:22:23.890+0000] {logging_mixin.py:154} INFO - [2023-12-22T20:22:23.890+0000] {dag.py:3722} INFO - Setting next_dagrun for example_branch_dop_operator_v3 to 2023-12-22T20:21:00+00:00, run_after=2023-12-22T20:22:00+00:00
[2023-12-22T20:22:23.927+0000] {processor.py:179} INFO - Processing /home/airflow/.local/lib/python3.8/site-packages/airflow/example_dags/example_branch_python_dop_operator_3.py took 0.156 seconds
[2023-12-22T20:22:54.835+0000] {processor.py:157} INFO - Started process (PID=597) to work on /home/airflow/.local/lib/python3.8/site-packages/airflow/example_dags/example_branch_python_dop_operator_3.py
[2023-12-22T20:22:54.837+0000] {processor.py:829} INFO - Processing file /home/airflow/.local/lib/python3.8/site-packages/airflow/example_dags/example_branch_python_dop_operator_3.py for tasks to queue
[2023-12-22T20:22:54.842+0000] {logging_mixin.py:154} INFO - [2023-12-22T20:22:54.842+0000] {dagbag.py:536} INFO - Filling up the DagBag from /home/airflow/.local/lib/python3.8/site-packages/airflow/example_dags/example_branch_python_dop_operator_3.py
[2023-12-22T20:22:54.858+0000] {processor.py:839} INFO - DAG(s) dict_keys(['example_branch_dop_operator_v3']) retrieved from /home/airflow/.local/lib/python3.8/site-packages/airflow/example_dags/example_branch_python_dop_operator_3.py
[2023-12-22T20:22:54.893+0000] {logging_mixin.py:154} INFO - [2023-12-22T20:22:54.893+0000] {dag.py:2941} INFO - Sync 1 DAGs
[2023-12-22T20:22:54.934+0000] {logging_mixin.py:154} INFO - [2023-12-22T20:22:54.934+0000] {dag.py:3722} INFO - Setting next_dagrun for example_branch_dop_operator_v3 to 2023-12-22T20:21:00+00:00, run_after=2023-12-22T20:22:00+00:00
[2023-12-22T20:22:54.968+0000] {processor.py:179} INFO - Processing /home/airflow/.local/lib/python3.8/site-packages/airflow/example_dags/example_branch_python_dop_operator_3.py took 0.139 seconds
[2023-12-22T20:24:54.717+0000] {processor.py:157} INFO - Started process (PID=722) to work on /home/airflow/.local/lib/python3.8/site-packages/airflow/example_dags/example_branch_python_dop_operator_3.py
[2023-12-22T20:24:54.740+0000] {processor.py:829} INFO - Processing file /home/airflow/.local/lib/python3.8/site-packages/airflow/example_dags/example_branch_python_dop_operator_3.py for tasks to queue
[2023-12-22T20:24:54.764+0000] {logging_mixin.py:154} INFO - [2023-12-22T20:24:54.763+0000] {dagbag.py:536} INFO - Filling up the DagBag from /home/airflow/.local/lib/python3.8/site-packages/airflow/example_dags/example_branch_python_dop_operator_3.py
[2023-12-22T20:24:55.052+0000] {processor.py:839} INFO - DAG(s) dict_keys(['example_branch_dop_operator_v3']) retrieved from /home/airflow/.local/lib/python3.8/site-packages/airflow/example_dags/example_branch_python_dop_operator_3.py
[2023-12-22T20:24:55.491+0000] {logging_mixin.py:154} INFO - [2023-12-22T20:24:55.491+0000] {dag.py:2941} INFO - Sync 1 DAGs
[2023-12-22T20:24:56.307+0000] {logging_mixin.py:154} INFO - [2023-12-22T20:24:56.306+0000] {dag.py:3722} INFO - Setting next_dagrun for example_branch_dop_operator_v3 to 2023-12-22T20:23:00+00:00, run_after=2023-12-22T20:24:00+00:00
[2023-12-22T20:24:57.426+0000] {processor.py:179} INFO - Processing /home/airflow/.local/lib/python3.8/site-packages/airflow/example_dags/example_branch_python_dop_operator_3.py took 2.750 seconds
[2023-12-22T20:26:20.484+0000] {processor.py:157} INFO - Started process (PID=785) to work on /home/airflow/.local/lib/python3.8/site-packages/airflow/example_dags/example_branch_python_dop_operator_3.py
[2023-12-22T20:26:20.497+0000] {processor.py:829} INFO - Processing file /home/airflow/.local/lib/python3.8/site-packages/airflow/example_dags/example_branch_python_dop_operator_3.py for tasks to queue
[2023-12-22T20:26:20.554+0000] {logging_mixin.py:154} INFO - [2023-12-22T20:26:20.545+0000] {dagbag.py:536} INFO - Filling up the DagBag from /home/airflow/.local/lib/python3.8/site-packages/airflow/example_dags/example_branch_python_dop_operator_3.py
[2023-12-22T20:26:20.830+0000] {processor.py:839} INFO - DAG(s) dict_keys(['example_branch_dop_operator_v3']) retrieved from /home/airflow/.local/lib/python3.8/site-packages/airflow/example_dags/example_branch_python_dop_operator_3.py
[2023-12-22T20:26:21.946+0000] {logging_mixin.py:154} INFO - [2023-12-22T20:26:21.906+0000] {dag.py:2941} INFO - Sync 1 DAGs
[2023-12-22T20:26:22.562+0000] {logging_mixin.py:154} INFO - [2023-12-22T20:26:22.546+0000] {dag.py:3722} INFO - Setting next_dagrun for example_branch_dop_operator_v3 to 2023-12-22T20:25:00+00:00, run_after=2023-12-22T20:26:00+00:00
[2023-12-22T20:26:23.027+0000] {processor.py:179} INFO - Processing /home/airflow/.local/lib/python3.8/site-packages/airflow/example_dags/example_branch_python_dop_operator_3.py took 2.686 seconds
