[2023-12-22T19:02:58.410+0000] {processor.py:157} INFO - Started process (PID=36) to work on /home/airflow/.local/lib/python3.8/site-packages/airflow/example_dags/example_dag_decorator.py
[2023-12-22T19:02:58.419+0000] {processor.py:829} INFO - Processing file /home/airflow/.local/lib/python3.8/site-packages/airflow/example_dags/example_dag_decorator.py for tasks to queue
[2023-12-22T19:02:58.433+0000] {logging_mixin.py:154} INFO - [2023-12-22T19:02:58.432+0000] {dagbag.py:536} INFO - Filling up the DagBag from /home/airflow/.local/lib/python3.8/site-packages/airflow/example_dags/example_dag_decorator.py
[2023-12-22T19:02:58.960+0000] {processor.py:839} INFO - DAG(s) dict_keys(['example_dag_decorator']) retrieved from /home/airflow/.local/lib/python3.8/site-packages/airflow/example_dags/example_dag_decorator.py
[2023-12-22T19:02:59.372+0000] {logging_mixin.py:154} INFO - [2023-12-22T19:02:59.372+0000] {dag.py:2941} INFO - Sync 1 DAGs
[2023-12-22T19:02:59.406+0000] {logging_mixin.py:154} INFO - [2023-12-22T19:02:59.406+0000] {dag.py:3722} INFO - Setting next_dagrun for example_dag_decorator to None, run_after=None
[2023-12-22T19:02:59.501+0000] {processor.py:179} INFO - Processing /home/airflow/.local/lib/python3.8/site-packages/airflow/example_dags/example_dag_decorator.py took 1.126 seconds
[2023-12-22T19:03:29.848+0000] {processor.py:157} INFO - Started process (PID=92) to work on /home/airflow/.local/lib/python3.8/site-packages/airflow/example_dags/example_dag_decorator.py
[2023-12-22T19:03:29.852+0000] {processor.py:829} INFO - Processing file /home/airflow/.local/lib/python3.8/site-packages/airflow/example_dags/example_dag_decorator.py for tasks to queue
[2023-12-22T19:03:29.859+0000] {logging_mixin.py:154} INFO - [2023-12-22T19:03:29.858+0000] {dagbag.py:536} INFO - Filling up the DagBag from /home/airflow/.local/lib/python3.8/site-packages/airflow/example_dags/example_dag_decorator.py
[2023-12-22T19:03:29.994+0000] {processor.py:839} INFO - DAG(s) dict_keys(['example_dag_decorator']) retrieved from /home/airflow/.local/lib/python3.8/site-packages/airflow/example_dags/example_dag_decorator.py
[2023-12-22T19:03:30.204+0000] {logging_mixin.py:154} INFO - [2023-12-22T19:03:30.203+0000] {dag.py:2941} INFO - Sync 1 DAGs
[2023-12-22T19:03:30.227+0000] {logging_mixin.py:154} INFO - [2023-12-22T19:03:30.227+0000] {dag.py:3722} INFO - Setting next_dagrun for example_dag_decorator to None, run_after=None
[2023-12-22T19:03:30.272+0000] {processor.py:179} INFO - Processing /home/airflow/.local/lib/python3.8/site-packages/airflow/example_dags/example_dag_decorator.py took 0.432 seconds
[2023-12-22T19:04:00.449+0000] {processor.py:157} INFO - Started process (PID=149) to work on /home/airflow/.local/lib/python3.8/site-packages/airflow/example_dags/example_dag_decorator.py
[2023-12-22T19:04:00.452+0000] {processor.py:829} INFO - Processing file /home/airflow/.local/lib/python3.8/site-packages/airflow/example_dags/example_dag_decorator.py for tasks to queue
[2023-12-22T19:04:00.459+0000] {logging_mixin.py:154} INFO - [2023-12-22T19:04:00.459+0000] {dagbag.py:536} INFO - Filling up the DagBag from /home/airflow/.local/lib/python3.8/site-packages/airflow/example_dags/example_dag_decorator.py
[2023-12-22T19:04:00.593+0000] {processor.py:839} INFO - DAG(s) dict_keys(['example_dag_decorator']) retrieved from /home/airflow/.local/lib/python3.8/site-packages/airflow/example_dags/example_dag_decorator.py
[2023-12-22T19:04:00.765+0000] {logging_mixin.py:154} INFO - [2023-12-22T19:04:00.765+0000] {dag.py:2941} INFO - Sync 1 DAGs
[2023-12-22T19:04:00.786+0000] {logging_mixin.py:154} INFO - [2023-12-22T19:04:00.785+0000] {dag.py:3722} INFO - Setting next_dagrun for example_dag_decorator to None, run_after=None
[2023-12-22T19:04:00.816+0000] {processor.py:179} INFO - Processing /home/airflow/.local/lib/python3.8/site-packages/airflow/example_dags/example_dag_decorator.py took 0.374 seconds
[2023-12-22T19:04:31.298+0000] {processor.py:157} INFO - Started process (PID=204) to work on /home/airflow/.local/lib/python3.8/site-packages/airflow/example_dags/example_dag_decorator.py
[2023-12-22T19:04:31.302+0000] {processor.py:829} INFO - Processing file /home/airflow/.local/lib/python3.8/site-packages/airflow/example_dags/example_dag_decorator.py for tasks to queue
[2023-12-22T19:04:31.309+0000] {logging_mixin.py:154} INFO - [2023-12-22T19:04:31.308+0000] {dagbag.py:536} INFO - Filling up the DagBag from /home/airflow/.local/lib/python3.8/site-packages/airflow/example_dags/example_dag_decorator.py
[2023-12-22T19:04:31.444+0000] {processor.py:839} INFO - DAG(s) dict_keys(['example_dag_decorator']) retrieved from /home/airflow/.local/lib/python3.8/site-packages/airflow/example_dags/example_dag_decorator.py
[2023-12-22T19:04:31.604+0000] {logging_mixin.py:154} INFO - [2023-12-22T19:04:31.604+0000] {dag.py:2941} INFO - Sync 1 DAGs
[2023-12-22T19:04:31.622+0000] {logging_mixin.py:154} INFO - [2023-12-22T19:04:31.622+0000] {dag.py:3722} INFO - Setting next_dagrun for example_dag_decorator to None, run_after=None
[2023-12-22T19:04:31.659+0000] {processor.py:179} INFO - Processing /home/airflow/.local/lib/python3.8/site-packages/airflow/example_dags/example_dag_decorator.py took 0.370 seconds
[2023-12-22T19:05:02.138+0000] {processor.py:157} INFO - Started process (PID=260) to work on /home/airflow/.local/lib/python3.8/site-packages/airflow/example_dags/example_dag_decorator.py
[2023-12-22T19:05:02.141+0000] {processor.py:829} INFO - Processing file /home/airflow/.local/lib/python3.8/site-packages/airflow/example_dags/example_dag_decorator.py for tasks to queue
[2023-12-22T19:05:02.146+0000] {logging_mixin.py:154} INFO - [2023-12-22T19:05:02.146+0000] {dagbag.py:536} INFO - Filling up the DagBag from /home/airflow/.local/lib/python3.8/site-packages/airflow/example_dags/example_dag_decorator.py
[2023-12-22T19:05:02.267+0000] {processor.py:839} INFO - DAG(s) dict_keys(['example_dag_decorator']) retrieved from /home/airflow/.local/lib/python3.8/site-packages/airflow/example_dags/example_dag_decorator.py
[2023-12-22T19:05:02.316+0000] {logging_mixin.py:154} INFO - [2023-12-22T19:05:02.315+0000] {dag.py:2941} INFO - Sync 1 DAGs
[2023-12-22T19:05:02.352+0000] {logging_mixin.py:154} INFO - [2023-12-22T19:05:02.352+0000] {dag.py:3722} INFO - Setting next_dagrun for example_dag_decorator to None, run_after=None
[2023-12-22T19:05:02.394+0000] {processor.py:179} INFO - Processing /home/airflow/.local/lib/python3.8/site-packages/airflow/example_dags/example_dag_decorator.py took 0.263 seconds
[2023-12-22T19:05:32.595+0000] {processor.py:157} INFO - Started process (PID=317) to work on /home/airflow/.local/lib/python3.8/site-packages/airflow/example_dags/example_dag_decorator.py
[2023-12-22T19:05:32.597+0000] {processor.py:829} INFO - Processing file /home/airflow/.local/lib/python3.8/site-packages/airflow/example_dags/example_dag_decorator.py for tasks to queue
[2023-12-22T19:05:32.603+0000] {logging_mixin.py:154} INFO - [2023-12-22T19:05:32.603+0000] {dagbag.py:536} INFO - Filling up the DagBag from /home/airflow/.local/lib/python3.8/site-packages/airflow/example_dags/example_dag_decorator.py
[2023-12-22T19:05:32.713+0000] {processor.py:839} INFO - DAG(s) dict_keys(['example_dag_decorator']) retrieved from /home/airflow/.local/lib/python3.8/site-packages/airflow/example_dags/example_dag_decorator.py
[2023-12-22T19:05:32.750+0000] {logging_mixin.py:154} INFO - [2023-12-22T19:05:32.750+0000] {dag.py:2941} INFO - Sync 1 DAGs
[2023-12-22T19:05:32.771+0000] {logging_mixin.py:154} INFO - [2023-12-22T19:05:32.771+0000] {dag.py:3722} INFO - Setting next_dagrun for example_dag_decorator to None, run_after=None
[2023-12-22T19:05:32.801+0000] {processor.py:179} INFO - Processing /home/airflow/.local/lib/python3.8/site-packages/airflow/example_dags/example_dag_decorator.py took 0.212 seconds
[2023-12-22T19:06:03.064+0000] {processor.py:157} INFO - Started process (PID=374) to work on /home/airflow/.local/lib/python3.8/site-packages/airflow/example_dags/example_dag_decorator.py
[2023-12-22T19:06:03.068+0000] {processor.py:829} INFO - Processing file /home/airflow/.local/lib/python3.8/site-packages/airflow/example_dags/example_dag_decorator.py for tasks to queue
[2023-12-22T19:06:03.079+0000] {logging_mixin.py:154} INFO - [2023-12-22T19:06:03.079+0000] {dagbag.py:536} INFO - Filling up the DagBag from /home/airflow/.local/lib/python3.8/site-packages/airflow/example_dags/example_dag_decorator.py
[2023-12-22T19:06:03.313+0000] {processor.py:839} INFO - DAG(s) dict_keys(['example_dag_decorator']) retrieved from /home/airflow/.local/lib/python3.8/site-packages/airflow/example_dags/example_dag_decorator.py
[2023-12-22T19:06:03.646+0000] {logging_mixin.py:154} INFO - [2023-12-22T19:06:03.646+0000] {dag.py:2941} INFO - Sync 1 DAGs
[2023-12-22T19:06:03.682+0000] {logging_mixin.py:154} INFO - [2023-12-22T19:06:03.682+0000] {dag.py:3722} INFO - Setting next_dagrun for example_dag_decorator to None, run_after=None
[2023-12-22T19:06:03.742+0000] {processor.py:179} INFO - Processing /home/airflow/.local/lib/python3.8/site-packages/airflow/example_dags/example_dag_decorator.py took 0.690 seconds
[2023-12-22T19:06:34.281+0000] {processor.py:157} INFO - Started process (PID=428) to work on /home/airflow/.local/lib/python3.8/site-packages/airflow/example_dags/example_dag_decorator.py
[2023-12-22T19:06:34.284+0000] {processor.py:829} INFO - Processing file /home/airflow/.local/lib/python3.8/site-packages/airflow/example_dags/example_dag_decorator.py for tasks to queue
[2023-12-22T19:06:34.290+0000] {logging_mixin.py:154} INFO - [2023-12-22T19:06:34.289+0000] {dagbag.py:536} INFO - Filling up the DagBag from /home/airflow/.local/lib/python3.8/site-packages/airflow/example_dags/example_dag_decorator.py
[2023-12-22T19:06:34.420+0000] {processor.py:839} INFO - DAG(s) dict_keys(['example_dag_decorator']) retrieved from /home/airflow/.local/lib/python3.8/site-packages/airflow/example_dags/example_dag_decorator.py
[2023-12-22T19:06:34.569+0000] {logging_mixin.py:154} INFO - [2023-12-22T19:06:34.569+0000] {dag.py:2941} INFO - Sync 1 DAGs
[2023-12-22T19:06:34.587+0000] {logging_mixin.py:154} INFO - [2023-12-22T19:06:34.587+0000] {dag.py:3722} INFO - Setting next_dagrun for example_dag_decorator to None, run_after=None
[2023-12-22T19:06:34.620+0000] {processor.py:179} INFO - Processing /home/airflow/.local/lib/python3.8/site-packages/airflow/example_dags/example_dag_decorator.py took 0.344 seconds
[2023-12-22T19:07:04.738+0000] {processor.py:157} INFO - Started process (PID=484) to work on /home/airflow/.local/lib/python3.8/site-packages/airflow/example_dags/example_dag_decorator.py
[2023-12-22T19:07:04.748+0000] {processor.py:829} INFO - Processing file /home/airflow/.local/lib/python3.8/site-packages/airflow/example_dags/example_dag_decorator.py for tasks to queue
[2023-12-22T19:07:04.761+0000] {logging_mixin.py:154} INFO - [2023-12-22T19:07:04.760+0000] {dagbag.py:536} INFO - Filling up the DagBag from /home/airflow/.local/lib/python3.8/site-packages/airflow/example_dags/example_dag_decorator.py
[2023-12-22T19:07:04.887+0000] {processor.py:839} INFO - DAG(s) dict_keys(['example_dag_decorator']) retrieved from /home/airflow/.local/lib/python3.8/site-packages/airflow/example_dags/example_dag_decorator.py
[2023-12-22T19:07:05.043+0000] {logging_mixin.py:154} INFO - [2023-12-22T19:07:05.043+0000] {dag.py:2941} INFO - Sync 1 DAGs
[2023-12-22T19:07:05.062+0000] {logging_mixin.py:154} INFO - [2023-12-22T19:07:05.062+0000] {dag.py:3722} INFO - Setting next_dagrun for example_dag_decorator to None, run_after=None
[2023-12-22T19:07:05.101+0000] {processor.py:179} INFO - Processing /home/airflow/.local/lib/python3.8/site-packages/airflow/example_dags/example_dag_decorator.py took 0.385 seconds
[2023-12-22T19:07:35.826+0000] {processor.py:157} INFO - Started process (PID=540) to work on /home/airflow/.local/lib/python3.8/site-packages/airflow/example_dags/example_dag_decorator.py
[2023-12-22T19:07:35.828+0000] {processor.py:829} INFO - Processing file /home/airflow/.local/lib/python3.8/site-packages/airflow/example_dags/example_dag_decorator.py for tasks to queue
[2023-12-22T19:07:35.834+0000] {logging_mixin.py:154} INFO - [2023-12-22T19:07:35.834+0000] {dagbag.py:536} INFO - Filling up the DagBag from /home/airflow/.local/lib/python3.8/site-packages/airflow/example_dags/example_dag_decorator.py
[2023-12-22T19:07:35.953+0000] {processor.py:839} INFO - DAG(s) dict_keys(['example_dag_decorator']) retrieved from /home/airflow/.local/lib/python3.8/site-packages/airflow/example_dags/example_dag_decorator.py
[2023-12-22T19:07:36.128+0000] {logging_mixin.py:154} INFO - [2023-12-22T19:07:36.128+0000] {dag.py:2941} INFO - Sync 1 DAGs
[2023-12-22T19:07:36.147+0000] {logging_mixin.py:154} INFO - [2023-12-22T19:07:36.147+0000] {dag.py:3722} INFO - Setting next_dagrun for example_dag_decorator to None, run_after=None
[2023-12-22T19:07:36.184+0000] {processor.py:179} INFO - Processing /home/airflow/.local/lib/python3.8/site-packages/airflow/example_dags/example_dag_decorator.py took 0.365 seconds
[2023-12-22T19:08:06.892+0000] {processor.py:157} INFO - Started process (PID=596) to work on /home/airflow/.local/lib/python3.8/site-packages/airflow/example_dags/example_dag_decorator.py
[2023-12-22T19:08:06.895+0000] {processor.py:829} INFO - Processing file /home/airflow/.local/lib/python3.8/site-packages/airflow/example_dags/example_dag_decorator.py for tasks to queue
[2023-12-22T19:08:06.903+0000] {logging_mixin.py:154} INFO - [2023-12-22T19:08:06.902+0000] {dagbag.py:536} INFO - Filling up the DagBag from /home/airflow/.local/lib/python3.8/site-packages/airflow/example_dags/example_dag_decorator.py
[2023-12-22T19:08:07.030+0000] {processor.py:839} INFO - DAG(s) dict_keys(['example_dag_decorator']) retrieved from /home/airflow/.local/lib/python3.8/site-packages/airflow/example_dags/example_dag_decorator.py
[2023-12-22T19:08:07.228+0000] {logging_mixin.py:154} INFO - [2023-12-22T19:08:07.228+0000] {dag.py:2941} INFO - Sync 1 DAGs
[2023-12-22T19:08:07.249+0000] {logging_mixin.py:154} INFO - [2023-12-22T19:08:07.249+0000] {dag.py:3722} INFO - Setting next_dagrun for example_dag_decorator to None, run_after=None
[2023-12-22T19:08:07.283+0000] {processor.py:179} INFO - Processing /home/airflow/.local/lib/python3.8/site-packages/airflow/example_dags/example_dag_decorator.py took 0.404 seconds
[2023-12-22T19:08:37.949+0000] {processor.py:157} INFO - Started process (PID=652) to work on /home/airflow/.local/lib/python3.8/site-packages/airflow/example_dags/example_dag_decorator.py
[2023-12-22T19:08:37.951+0000] {processor.py:829} INFO - Processing file /home/airflow/.local/lib/python3.8/site-packages/airflow/example_dags/example_dag_decorator.py for tasks to queue
[2023-12-22T19:08:37.957+0000] {logging_mixin.py:154} INFO - [2023-12-22T19:08:37.957+0000] {dagbag.py:536} INFO - Filling up the DagBag from /home/airflow/.local/lib/python3.8/site-packages/airflow/example_dags/example_dag_decorator.py
[2023-12-22T19:08:38.065+0000] {processor.py:839} INFO - DAG(s) dict_keys(['example_dag_decorator']) retrieved from /home/airflow/.local/lib/python3.8/site-packages/airflow/example_dags/example_dag_decorator.py
[2023-12-22T19:08:38.234+0000] {logging_mixin.py:154} INFO - [2023-12-22T19:08:38.234+0000] {dag.py:2941} INFO - Sync 1 DAGs
[2023-12-22T19:08:38.253+0000] {logging_mixin.py:154} INFO - [2023-12-22T19:08:38.253+0000] {dag.py:3722} INFO - Setting next_dagrun for example_dag_decorator to None, run_after=None
[2023-12-22T19:08:38.291+0000] {processor.py:179} INFO - Processing /home/airflow/.local/lib/python3.8/site-packages/airflow/example_dags/example_dag_decorator.py took 0.348 seconds
[2023-12-22T19:09:08.457+0000] {processor.py:157} INFO - Started process (PID=708) to work on /home/airflow/.local/lib/python3.8/site-packages/airflow/example_dags/example_dag_decorator.py
[2023-12-22T19:09:08.460+0000] {processor.py:829} INFO - Processing file /home/airflow/.local/lib/python3.8/site-packages/airflow/example_dags/example_dag_decorator.py for tasks to queue
[2023-12-22T19:09:08.468+0000] {logging_mixin.py:154} INFO - [2023-12-22T19:09:08.467+0000] {dagbag.py:536} INFO - Filling up the DagBag from /home/airflow/.local/lib/python3.8/site-packages/airflow/example_dags/example_dag_decorator.py
[2023-12-22T19:09:08.578+0000] {processor.py:839} INFO - DAG(s) dict_keys(['example_dag_decorator']) retrieved from /home/airflow/.local/lib/python3.8/site-packages/airflow/example_dags/example_dag_decorator.py
[2023-12-22T19:09:08.741+0000] {logging_mixin.py:154} INFO - [2023-12-22T19:09:08.741+0000] {dag.py:2941} INFO - Sync 1 DAGs
[2023-12-22T19:09:08.757+0000] {logging_mixin.py:154} INFO - [2023-12-22T19:09:08.757+0000] {dag.py:3722} INFO - Setting next_dagrun for example_dag_decorator to None, run_after=None
[2023-12-22T19:09:08.790+0000] {processor.py:179} INFO - Processing /home/airflow/.local/lib/python3.8/site-packages/airflow/example_dags/example_dag_decorator.py took 0.339 seconds
[2023-12-22T19:09:39.023+0000] {processor.py:157} INFO - Started process (PID=765) to work on /home/airflow/.local/lib/python3.8/site-packages/airflow/example_dags/example_dag_decorator.py
[2023-12-22T19:09:39.026+0000] {processor.py:829} INFO - Processing file /home/airflow/.local/lib/python3.8/site-packages/airflow/example_dags/example_dag_decorator.py for tasks to queue
[2023-12-22T19:09:39.031+0000] {logging_mixin.py:154} INFO - [2023-12-22T19:09:39.031+0000] {dagbag.py:536} INFO - Filling up the DagBag from /home/airflow/.local/lib/python3.8/site-packages/airflow/example_dags/example_dag_decorator.py
[2023-12-22T19:09:39.182+0000] {processor.py:839} INFO - DAG(s) dict_keys(['example_dag_decorator']) retrieved from /home/airflow/.local/lib/python3.8/site-packages/airflow/example_dags/example_dag_decorator.py
[2023-12-22T19:09:39.439+0000] {logging_mixin.py:154} INFO - [2023-12-22T19:09:39.439+0000] {dag.py:2941} INFO - Sync 1 DAGs
[2023-12-22T19:09:39.462+0000] {logging_mixin.py:154} INFO - [2023-12-22T19:09:39.462+0000] {dag.py:3722} INFO - Setting next_dagrun for example_dag_decorator to None, run_after=None
[2023-12-22T19:09:39.494+0000] {processor.py:179} INFO - Processing /home/airflow/.local/lib/python3.8/site-packages/airflow/example_dags/example_dag_decorator.py took 0.479 seconds
[2023-12-22T19:10:09.555+0000] {processor.py:157} INFO - Started process (PID=827) to work on /home/airflow/.local/lib/python3.8/site-packages/airflow/example_dags/example_dag_decorator.py
[2023-12-22T19:10:09.560+0000] {processor.py:829} INFO - Processing file /home/airflow/.local/lib/python3.8/site-packages/airflow/example_dags/example_dag_decorator.py for tasks to queue
[2023-12-22T19:10:09.565+0000] {logging_mixin.py:154} INFO - [2023-12-22T19:10:09.565+0000] {dagbag.py:536} INFO - Filling up the DagBag from /home/airflow/.local/lib/python3.8/site-packages/airflow/example_dags/example_dag_decorator.py
[2023-12-22T19:10:09.687+0000] {processor.py:839} INFO - DAG(s) dict_keys(['example_dag_decorator']) retrieved from /home/airflow/.local/lib/python3.8/site-packages/airflow/example_dags/example_dag_decorator.py
[2023-12-22T19:10:09.846+0000] {logging_mixin.py:154} INFO - [2023-12-22T19:10:09.846+0000] {dag.py:2941} INFO - Sync 1 DAGs
[2023-12-22T19:10:09.865+0000] {logging_mixin.py:154} INFO - [2023-12-22T19:10:09.865+0000] {dag.py:3722} INFO - Setting next_dagrun for example_dag_decorator to None, run_after=None
[2023-12-22T19:10:09.901+0000] {processor.py:179} INFO - Processing /home/airflow/.local/lib/python3.8/site-packages/airflow/example_dags/example_dag_decorator.py took 0.353 seconds
[2023-12-22T19:10:40.120+0000] {processor.py:157} INFO - Started process (PID=883) to work on /home/airflow/.local/lib/python3.8/site-packages/airflow/example_dags/example_dag_decorator.py
[2023-12-22T19:10:40.124+0000] {processor.py:829} INFO - Processing file /home/airflow/.local/lib/python3.8/site-packages/airflow/example_dags/example_dag_decorator.py for tasks to queue
[2023-12-22T19:10:40.130+0000] {logging_mixin.py:154} INFO - [2023-12-22T19:10:40.129+0000] {dagbag.py:536} INFO - Filling up the DagBag from /home/airflow/.local/lib/python3.8/site-packages/airflow/example_dags/example_dag_decorator.py
[2023-12-22T19:10:40.226+0000] {processor.py:839} INFO - DAG(s) dict_keys(['example_dag_decorator']) retrieved from /home/airflow/.local/lib/python3.8/site-packages/airflow/example_dags/example_dag_decorator.py
[2023-12-22T19:10:40.391+0000] {logging_mixin.py:154} INFO - [2023-12-22T19:10:40.390+0000] {dag.py:2941} INFO - Sync 1 DAGs
[2023-12-22T19:10:40.407+0000] {logging_mixin.py:154} INFO - [2023-12-22T19:10:40.407+0000] {dag.py:3722} INFO - Setting next_dagrun for example_dag_decorator to None, run_after=None
[2023-12-22T19:10:40.448+0000] {processor.py:179} INFO - Processing /home/airflow/.local/lib/python3.8/site-packages/airflow/example_dags/example_dag_decorator.py took 0.358 seconds
[2023-12-22T19:11:10.826+0000] {processor.py:157} INFO - Started process (PID=939) to work on /home/airflow/.local/lib/python3.8/site-packages/airflow/example_dags/example_dag_decorator.py
[2023-12-22T19:11:10.830+0000] {processor.py:829} INFO - Processing file /home/airflow/.local/lib/python3.8/site-packages/airflow/example_dags/example_dag_decorator.py for tasks to queue
[2023-12-22T19:11:10.834+0000] {logging_mixin.py:154} INFO - [2023-12-22T19:11:10.834+0000] {dagbag.py:536} INFO - Filling up the DagBag from /home/airflow/.local/lib/python3.8/site-packages/airflow/example_dags/example_dag_decorator.py
[2023-12-22T19:11:10.953+0000] {processor.py:839} INFO - DAG(s) dict_keys(['example_dag_decorator']) retrieved from /home/airflow/.local/lib/python3.8/site-packages/airflow/example_dags/example_dag_decorator.py
[2023-12-22T19:11:11.110+0000] {logging_mixin.py:154} INFO - [2023-12-22T19:11:11.110+0000] {dag.py:2941} INFO - Sync 1 DAGs
[2023-12-22T19:11:11.126+0000] {logging_mixin.py:154} INFO - [2023-12-22T19:11:11.126+0000] {dag.py:3722} INFO - Setting next_dagrun for example_dag_decorator to None, run_after=None
[2023-12-22T19:11:11.163+0000] {processor.py:179} INFO - Processing /home/airflow/.local/lib/python3.8/site-packages/airflow/example_dags/example_dag_decorator.py took 0.349 seconds
[2023-12-22T19:11:42.050+0000] {processor.py:157} INFO - Started process (PID=995) to work on /home/airflow/.local/lib/python3.8/site-packages/airflow/example_dags/example_dag_decorator.py
[2023-12-22T19:11:42.052+0000] {processor.py:829} INFO - Processing file /home/airflow/.local/lib/python3.8/site-packages/airflow/example_dags/example_dag_decorator.py for tasks to queue
[2023-12-22T19:11:42.057+0000] {logging_mixin.py:154} INFO - [2023-12-22T19:11:42.057+0000] {dagbag.py:536} INFO - Filling up the DagBag from /home/airflow/.local/lib/python3.8/site-packages/airflow/example_dags/example_dag_decorator.py
[2023-12-22T19:11:42.164+0000] {processor.py:839} INFO - DAG(s) dict_keys(['example_dag_decorator']) retrieved from /home/airflow/.local/lib/python3.8/site-packages/airflow/example_dags/example_dag_decorator.py
[2023-12-22T19:11:42.316+0000] {logging_mixin.py:154} INFO - [2023-12-22T19:11:42.316+0000] {dag.py:2941} INFO - Sync 1 DAGs
[2023-12-22T19:11:42.514+0000] {logging_mixin.py:154} INFO - [2023-12-22T19:11:42.514+0000] {dag.py:3722} INFO - Setting next_dagrun for example_dag_decorator to None, run_after=None
[2023-12-22T19:11:42.544+0000] {processor.py:179} INFO - Processing /home/airflow/.local/lib/python3.8/site-packages/airflow/example_dags/example_dag_decorator.py took 0.500 seconds
[2023-12-22T19:12:12.688+0000] {processor.py:157} INFO - Started process (PID=1052) to work on /home/airflow/.local/lib/python3.8/site-packages/airflow/example_dags/example_dag_decorator.py
[2023-12-22T19:12:12.691+0000] {processor.py:829} INFO - Processing file /home/airflow/.local/lib/python3.8/site-packages/airflow/example_dags/example_dag_decorator.py for tasks to queue
[2023-12-22T19:12:12.696+0000] {logging_mixin.py:154} INFO - [2023-12-22T19:12:12.696+0000] {dagbag.py:536} INFO - Filling up the DagBag from /home/airflow/.local/lib/python3.8/site-packages/airflow/example_dags/example_dag_decorator.py
[2023-12-22T19:12:12.805+0000] {processor.py:839} INFO - DAG(s) dict_keys(['example_dag_decorator']) retrieved from /home/airflow/.local/lib/python3.8/site-packages/airflow/example_dags/example_dag_decorator.py
[2023-12-22T19:12:12.961+0000] {logging_mixin.py:154} INFO - [2023-12-22T19:12:12.960+0000] {dag.py:2941} INFO - Sync 1 DAGs
[2023-12-22T19:12:12.979+0000] {logging_mixin.py:154} INFO - [2023-12-22T19:12:12.978+0000] {dag.py:3722} INFO - Setting next_dagrun for example_dag_decorator to None, run_after=None
[2023-12-22T19:12:13.011+0000] {processor.py:179} INFO - Processing /home/airflow/.local/lib/python3.8/site-packages/airflow/example_dags/example_dag_decorator.py took 0.328 seconds
[2023-12-22T19:12:43.534+0000] {processor.py:157} INFO - Started process (PID=1108) to work on /home/airflow/.local/lib/python3.8/site-packages/airflow/example_dags/example_dag_decorator.py
[2023-12-22T19:12:43.537+0000] {processor.py:829} INFO - Processing file /home/airflow/.local/lib/python3.8/site-packages/airflow/example_dags/example_dag_decorator.py for tasks to queue
[2023-12-22T19:12:43.544+0000] {logging_mixin.py:154} INFO - [2023-12-22T19:12:43.544+0000] {dagbag.py:536} INFO - Filling up the DagBag from /home/airflow/.local/lib/python3.8/site-packages/airflow/example_dags/example_dag_decorator.py
[2023-12-22T19:12:43.672+0000] {processor.py:839} INFO - DAG(s) dict_keys(['example_dag_decorator']) retrieved from /home/airflow/.local/lib/python3.8/site-packages/airflow/example_dags/example_dag_decorator.py
[2023-12-22T19:12:43.894+0000] {logging_mixin.py:154} INFO - [2023-12-22T19:12:43.893+0000] {dag.py:2941} INFO - Sync 1 DAGs
[2023-12-22T19:12:43.914+0000] {logging_mixin.py:154} INFO - [2023-12-22T19:12:43.914+0000] {dag.py:3722} INFO - Setting next_dagrun for example_dag_decorator to None, run_after=None
[2023-12-22T19:12:43.944+0000] {processor.py:179} INFO - Processing /home/airflow/.local/lib/python3.8/site-packages/airflow/example_dags/example_dag_decorator.py took 0.417 seconds
[2023-12-22T19:13:14.727+0000] {processor.py:157} INFO - Started process (PID=1164) to work on /home/airflow/.local/lib/python3.8/site-packages/airflow/example_dags/example_dag_decorator.py
[2023-12-22T19:13:14.730+0000] {processor.py:829} INFO - Processing file /home/airflow/.local/lib/python3.8/site-packages/airflow/example_dags/example_dag_decorator.py for tasks to queue
[2023-12-22T19:13:14.734+0000] {logging_mixin.py:154} INFO - [2023-12-22T19:13:14.734+0000] {dagbag.py:536} INFO - Filling up the DagBag from /home/airflow/.local/lib/python3.8/site-packages/airflow/example_dags/example_dag_decorator.py
[2023-12-22T19:13:14.848+0000] {processor.py:839} INFO - DAG(s) dict_keys(['example_dag_decorator']) retrieved from /home/airflow/.local/lib/python3.8/site-packages/airflow/example_dags/example_dag_decorator.py
[2023-12-22T19:13:15.035+0000] {logging_mixin.py:154} INFO - [2023-12-22T19:13:15.034+0000] {dag.py:2941} INFO - Sync 1 DAGs
[2023-12-22T19:13:15.276+0000] {logging_mixin.py:154} INFO - [2023-12-22T19:13:15.275+0000] {dag.py:3722} INFO - Setting next_dagrun for example_dag_decorator to None, run_after=None
[2023-12-22T19:13:15.389+0000] {processor.py:179} INFO - Processing /home/airflow/.local/lib/python3.8/site-packages/airflow/example_dags/example_dag_decorator.py took 0.671 seconds
[2023-12-22T19:13:45.602+0000] {processor.py:157} INFO - Started process (PID=1223) to work on /home/airflow/.local/lib/python3.8/site-packages/airflow/example_dags/example_dag_decorator.py
[2023-12-22T19:13:45.604+0000] {processor.py:829} INFO - Processing file /home/airflow/.local/lib/python3.8/site-packages/airflow/example_dags/example_dag_decorator.py for tasks to queue
[2023-12-22T19:13:45.608+0000] {logging_mixin.py:154} INFO - [2023-12-22T19:13:45.607+0000] {dagbag.py:536} INFO - Filling up the DagBag from /home/airflow/.local/lib/python3.8/site-packages/airflow/example_dags/example_dag_decorator.py
[2023-12-22T19:13:45.713+0000] {processor.py:839} INFO - DAG(s) dict_keys(['example_dag_decorator']) retrieved from /home/airflow/.local/lib/python3.8/site-packages/airflow/example_dags/example_dag_decorator.py
[2023-12-22T19:13:45.878+0000] {logging_mixin.py:154} INFO - [2023-12-22T19:13:45.877+0000] {dag.py:2941} INFO - Sync 1 DAGs
[2023-12-22T19:13:45.894+0000] {logging_mixin.py:154} INFO - [2023-12-22T19:13:45.894+0000] {dag.py:3722} INFO - Setting next_dagrun for example_dag_decorator to None, run_after=None
[2023-12-22T19:13:45.930+0000] {processor.py:179} INFO - Processing /home/airflow/.local/lib/python3.8/site-packages/airflow/example_dags/example_dag_decorator.py took 0.334 seconds
[2023-12-22T19:14:16.215+0000] {processor.py:157} INFO - Started process (PID=1280) to work on /home/airflow/.local/lib/python3.8/site-packages/airflow/example_dags/example_dag_decorator.py
[2023-12-22T19:14:16.217+0000] {processor.py:829} INFO - Processing file /home/airflow/.local/lib/python3.8/site-packages/airflow/example_dags/example_dag_decorator.py for tasks to queue
[2023-12-22T19:14:16.222+0000] {logging_mixin.py:154} INFO - [2023-12-22T19:14:16.221+0000] {dagbag.py:536} INFO - Filling up the DagBag from /home/airflow/.local/lib/python3.8/site-packages/airflow/example_dags/example_dag_decorator.py
[2023-12-22T19:14:16.332+0000] {processor.py:839} INFO - DAG(s) dict_keys(['example_dag_decorator']) retrieved from /home/airflow/.local/lib/python3.8/site-packages/airflow/example_dags/example_dag_decorator.py
[2023-12-22T19:14:16.494+0000] {logging_mixin.py:154} INFO - [2023-12-22T19:14:16.494+0000] {dag.py:2941} INFO - Sync 1 DAGs
[2023-12-22T19:14:16.517+0000] {logging_mixin.py:154} INFO - [2023-12-22T19:14:16.517+0000] {dag.py:3722} INFO - Setting next_dagrun for example_dag_decorator to None, run_after=None
[2023-12-22T19:14:16.552+0000] {processor.py:179} INFO - Processing /home/airflow/.local/lib/python3.8/site-packages/airflow/example_dags/example_dag_decorator.py took 0.342 seconds
[2023-12-22T19:14:46.676+0000] {processor.py:157} INFO - Started process (PID=1337) to work on /home/airflow/.local/lib/python3.8/site-packages/airflow/example_dags/example_dag_decorator.py
[2023-12-22T19:14:46.678+0000] {processor.py:829} INFO - Processing file /home/airflow/.local/lib/python3.8/site-packages/airflow/example_dags/example_dag_decorator.py for tasks to queue
[2023-12-22T19:14:46.683+0000] {logging_mixin.py:154} INFO - [2023-12-22T19:14:46.683+0000] {dagbag.py:536} INFO - Filling up the DagBag from /home/airflow/.local/lib/python3.8/site-packages/airflow/example_dags/example_dag_decorator.py
[2023-12-22T19:14:46.788+0000] {processor.py:839} INFO - DAG(s) dict_keys(['example_dag_decorator']) retrieved from /home/airflow/.local/lib/python3.8/site-packages/airflow/example_dags/example_dag_decorator.py
[2023-12-22T19:14:46.825+0000] {logging_mixin.py:154} INFO - [2023-12-22T19:14:46.825+0000] {dag.py:2941} INFO - Sync 1 DAGs
[2023-12-22T19:14:46.845+0000] {logging_mixin.py:154} INFO - [2023-12-22T19:14:46.844+0000] {dag.py:3722} INFO - Setting next_dagrun for example_dag_decorator to None, run_after=None
[2023-12-22T19:14:46.879+0000] {processor.py:179} INFO - Processing /home/airflow/.local/lib/python3.8/site-packages/airflow/example_dags/example_dag_decorator.py took 0.210 seconds
[2023-12-22T19:15:17.163+0000] {processor.py:157} INFO - Started process (PID=1393) to work on /home/airflow/.local/lib/python3.8/site-packages/airflow/example_dags/example_dag_decorator.py
[2023-12-22T19:15:17.167+0000] {processor.py:829} INFO - Processing file /home/airflow/.local/lib/python3.8/site-packages/airflow/example_dags/example_dag_decorator.py for tasks to queue
[2023-12-22T19:15:17.172+0000] {logging_mixin.py:154} INFO - [2023-12-22T19:15:17.172+0000] {dagbag.py:536} INFO - Filling up the DagBag from /home/airflow/.local/lib/python3.8/site-packages/airflow/example_dags/example_dag_decorator.py
[2023-12-22T19:15:17.290+0000] {processor.py:839} INFO - DAG(s) dict_keys(['example_dag_decorator']) retrieved from /home/airflow/.local/lib/python3.8/site-packages/airflow/example_dags/example_dag_decorator.py
[2023-12-22T19:15:17.486+0000] {logging_mixin.py:154} INFO - [2023-12-22T19:15:17.486+0000] {dag.py:2941} INFO - Sync 1 DAGs
[2023-12-22T19:15:17.514+0000] {logging_mixin.py:154} INFO - [2023-12-22T19:15:17.514+0000] {dag.py:3722} INFO - Setting next_dagrun for example_dag_decorator to None, run_after=None
[2023-12-22T19:15:17.724+0000] {processor.py:179} INFO - Processing /home/airflow/.local/lib/python3.8/site-packages/airflow/example_dags/example_dag_decorator.py took 0.571 seconds
[2023-12-22T19:15:47.880+0000] {processor.py:157} INFO - Started process (PID=1451) to work on /home/airflow/.local/lib/python3.8/site-packages/airflow/example_dags/example_dag_decorator.py
[2023-12-22T19:15:47.883+0000] {processor.py:829} INFO - Processing file /home/airflow/.local/lib/python3.8/site-packages/airflow/example_dags/example_dag_decorator.py for tasks to queue
[2023-12-22T19:15:47.888+0000] {logging_mixin.py:154} INFO - [2023-12-22T19:15:47.887+0000] {dagbag.py:536} INFO - Filling up the DagBag from /home/airflow/.local/lib/python3.8/site-packages/airflow/example_dags/example_dag_decorator.py
[2023-12-22T19:15:47.997+0000] {processor.py:839} INFO - DAG(s) dict_keys(['example_dag_decorator']) retrieved from /home/airflow/.local/lib/python3.8/site-packages/airflow/example_dags/example_dag_decorator.py
[2023-12-22T19:15:48.180+0000] {logging_mixin.py:154} INFO - [2023-12-22T19:15:48.180+0000] {dag.py:2941} INFO - Sync 1 DAGs
[2023-12-22T19:15:48.199+0000] {logging_mixin.py:154} INFO - [2023-12-22T19:15:48.199+0000] {dag.py:3722} INFO - Setting next_dagrun for example_dag_decorator to None, run_after=None
[2023-12-22T19:15:48.227+0000] {processor.py:179} INFO - Processing /home/airflow/.local/lib/python3.8/site-packages/airflow/example_dags/example_dag_decorator.py took 0.353 seconds
[2023-12-22T19:16:18.795+0000] {processor.py:157} INFO - Started process (PID=1506) to work on /home/airflow/.local/lib/python3.8/site-packages/airflow/example_dags/example_dag_decorator.py
[2023-12-22T19:16:18.808+0000] {processor.py:829} INFO - Processing file /home/airflow/.local/lib/python3.8/site-packages/airflow/example_dags/example_dag_decorator.py for tasks to queue
[2023-12-22T19:16:18.825+0000] {logging_mixin.py:154} INFO - [2023-12-22T19:16:18.825+0000] {dagbag.py:536} INFO - Filling up the DagBag from /home/airflow/.local/lib/python3.8/site-packages/airflow/example_dags/example_dag_decorator.py
[2023-12-22T19:16:18.964+0000] {processor.py:839} INFO - DAG(s) dict_keys(['example_dag_decorator']) retrieved from /home/airflow/.local/lib/python3.8/site-packages/airflow/example_dags/example_dag_decorator.py
[2023-12-22T19:16:19.315+0000] {logging_mixin.py:154} INFO - [2023-12-22T19:16:19.315+0000] {dag.py:2941} INFO - Sync 1 DAGs
[2023-12-22T19:16:19.332+0000] {logging_mixin.py:154} INFO - [2023-12-22T19:16:19.332+0000] {dag.py:3722} INFO - Setting next_dagrun for example_dag_decorator to None, run_after=None
[2023-12-22T19:16:19.359+0000] {processor.py:179} INFO - Processing /home/airflow/.local/lib/python3.8/site-packages/airflow/example_dags/example_dag_decorator.py took 0.570 seconds
[2023-12-22T19:16:49.459+0000] {processor.py:157} INFO - Started process (PID=1564) to work on /home/airflow/.local/lib/python3.8/site-packages/airflow/example_dags/example_dag_decorator.py
[2023-12-22T19:16:49.462+0000] {processor.py:829} INFO - Processing file /home/airflow/.local/lib/python3.8/site-packages/airflow/example_dags/example_dag_decorator.py for tasks to queue
[2023-12-22T19:16:49.466+0000] {logging_mixin.py:154} INFO - [2023-12-22T19:16:49.466+0000] {dagbag.py:536} INFO - Filling up the DagBag from /home/airflow/.local/lib/python3.8/site-packages/airflow/example_dags/example_dag_decorator.py
[2023-12-22T19:16:49.572+0000] {processor.py:839} INFO - DAG(s) dict_keys(['example_dag_decorator']) retrieved from /home/airflow/.local/lib/python3.8/site-packages/airflow/example_dags/example_dag_decorator.py
[2023-12-22T19:16:49.728+0000] {logging_mixin.py:154} INFO - [2023-12-22T19:16:49.727+0000] {dag.py:2941} INFO - Sync 1 DAGs
[2023-12-22T19:16:49.942+0000] {logging_mixin.py:154} INFO - [2023-12-22T19:16:49.942+0000] {dag.py:3722} INFO - Setting next_dagrun for example_dag_decorator to None, run_after=None
[2023-12-22T19:16:49.981+0000] {processor.py:179} INFO - Processing /home/airflow/.local/lib/python3.8/site-packages/airflow/example_dags/example_dag_decorator.py took 0.528 seconds
[2023-12-22T19:17:20.706+0000] {processor.py:157} INFO - Started process (PID=1621) to work on /home/airflow/.local/lib/python3.8/site-packages/airflow/example_dags/example_dag_decorator.py
[2023-12-22T19:17:20.709+0000] {processor.py:829} INFO - Processing file /home/airflow/.local/lib/python3.8/site-packages/airflow/example_dags/example_dag_decorator.py for tasks to queue
[2023-12-22T19:17:20.713+0000] {logging_mixin.py:154} INFO - [2023-12-22T19:17:20.713+0000] {dagbag.py:536} INFO - Filling up the DagBag from /home/airflow/.local/lib/python3.8/site-packages/airflow/example_dags/example_dag_decorator.py
[2023-12-22T19:17:20.815+0000] {processor.py:839} INFO - DAG(s) dict_keys(['example_dag_decorator']) retrieved from /home/airflow/.local/lib/python3.8/site-packages/airflow/example_dags/example_dag_decorator.py
[2023-12-22T19:17:21.160+0000] {logging_mixin.py:154} INFO - [2023-12-22T19:17:21.159+0000] {dag.py:2941} INFO - Sync 1 DAGs
[2023-12-22T19:17:21.175+0000] {logging_mixin.py:154} INFO - [2023-12-22T19:17:21.175+0000] {dag.py:3722} INFO - Setting next_dagrun for example_dag_decorator to None, run_after=None
[2023-12-22T19:17:21.207+0000] {processor.py:179} INFO - Processing /home/airflow/.local/lib/python3.8/site-packages/airflow/example_dags/example_dag_decorator.py took 0.507 seconds
[2023-12-22T19:17:51.358+0000] {processor.py:157} INFO - Started process (PID=1679) to work on /home/airflow/.local/lib/python3.8/site-packages/airflow/example_dags/example_dag_decorator.py
[2023-12-22T19:17:51.360+0000] {processor.py:829} INFO - Processing file /home/airflow/.local/lib/python3.8/site-packages/airflow/example_dags/example_dag_decorator.py for tasks to queue
[2023-12-22T19:17:51.364+0000] {logging_mixin.py:154} INFO - [2023-12-22T19:17:51.364+0000] {dagbag.py:536} INFO - Filling up the DagBag from /home/airflow/.local/lib/python3.8/site-packages/airflow/example_dags/example_dag_decorator.py
[2023-12-22T19:17:51.466+0000] {processor.py:839} INFO - DAG(s) dict_keys(['example_dag_decorator']) retrieved from /home/airflow/.local/lib/python3.8/site-packages/airflow/example_dags/example_dag_decorator.py
[2023-12-22T19:17:51.792+0000] {logging_mixin.py:154} INFO - [2023-12-22T19:17:51.792+0000] {dag.py:2941} INFO - Sync 1 DAGs
[2023-12-22T19:17:51.807+0000] {logging_mixin.py:154} INFO - [2023-12-22T19:17:51.806+0000] {dag.py:3722} INFO - Setting next_dagrun for example_dag_decorator to None, run_after=None
[2023-12-22T19:17:51.835+0000] {processor.py:179} INFO - Processing /home/airflow/.local/lib/python3.8/site-packages/airflow/example_dags/example_dag_decorator.py took 0.483 seconds
[2023-12-22T19:18:22.227+0000] {processor.py:157} INFO - Started process (PID=1735) to work on /home/airflow/.local/lib/python3.8/site-packages/airflow/example_dags/example_dag_decorator.py
[2023-12-22T19:18:22.229+0000] {processor.py:829} INFO - Processing file /home/airflow/.local/lib/python3.8/site-packages/airflow/example_dags/example_dag_decorator.py for tasks to queue
[2023-12-22T19:18:22.233+0000] {logging_mixin.py:154} INFO - [2023-12-22T19:18:22.233+0000] {dagbag.py:536} INFO - Filling up the DagBag from /home/airflow/.local/lib/python3.8/site-packages/airflow/example_dags/example_dag_decorator.py
[2023-12-22T19:18:22.342+0000] {processor.py:839} INFO - DAG(s) dict_keys(['example_dag_decorator']) retrieved from /home/airflow/.local/lib/python3.8/site-packages/airflow/example_dags/example_dag_decorator.py
[2023-12-22T19:18:22.487+0000] {logging_mixin.py:154} INFO - [2023-12-22T19:18:22.487+0000] {dag.py:2941} INFO - Sync 1 DAGs
[2023-12-22T19:18:22.679+0000] {logging_mixin.py:154} INFO - [2023-12-22T19:18:22.679+0000] {dag.py:3722} INFO - Setting next_dagrun for example_dag_decorator to None, run_after=None
[2023-12-22T19:18:22.713+0000] {processor.py:179} INFO - Processing /home/airflow/.local/lib/python3.8/site-packages/airflow/example_dags/example_dag_decorator.py took 0.494 seconds
[2023-12-22T19:18:53.630+0000] {processor.py:157} INFO - Started process (PID=1792) to work on /home/airflow/.local/lib/python3.8/site-packages/airflow/example_dags/example_dag_decorator.py
[2023-12-22T19:18:53.633+0000] {processor.py:829} INFO - Processing file /home/airflow/.local/lib/python3.8/site-packages/airflow/example_dags/example_dag_decorator.py for tasks to queue
[2023-12-22T19:18:53.639+0000] {logging_mixin.py:154} INFO - [2023-12-22T19:18:53.638+0000] {dagbag.py:536} INFO - Filling up the DagBag from /home/airflow/.local/lib/python3.8/site-packages/airflow/example_dags/example_dag_decorator.py
[2023-12-22T19:18:53.754+0000] {processor.py:839} INFO - DAG(s) dict_keys(['example_dag_decorator']) retrieved from /home/airflow/.local/lib/python3.8/site-packages/airflow/example_dags/example_dag_decorator.py
[2023-12-22T19:18:54.101+0000] {logging_mixin.py:154} INFO - [2023-12-22T19:18:54.100+0000] {dag.py:2941} INFO - Sync 1 DAGs
[2023-12-22T19:18:54.115+0000] {logging_mixin.py:154} INFO - [2023-12-22T19:18:54.115+0000] {dag.py:3722} INFO - Setting next_dagrun for example_dag_decorator to None, run_after=None
[2023-12-22T19:18:54.155+0000] {processor.py:179} INFO - Processing /home/airflow/.local/lib/python3.8/site-packages/airflow/example_dags/example_dag_decorator.py took 0.532 seconds
[2023-12-22T19:19:24.292+0000] {processor.py:157} INFO - Started process (PID=1850) to work on /home/airflow/.local/lib/python3.8/site-packages/airflow/example_dags/example_dag_decorator.py
[2023-12-22T19:19:24.296+0000] {processor.py:829} INFO - Processing file /home/airflow/.local/lib/python3.8/site-packages/airflow/example_dags/example_dag_decorator.py for tasks to queue
[2023-12-22T19:19:24.301+0000] {logging_mixin.py:154} INFO - [2023-12-22T19:19:24.300+0000] {dagbag.py:536} INFO - Filling up the DagBag from /home/airflow/.local/lib/python3.8/site-packages/airflow/example_dags/example_dag_decorator.py
[2023-12-22T19:19:24.403+0000] {processor.py:839} INFO - DAG(s) dict_keys(['example_dag_decorator']) retrieved from /home/airflow/.local/lib/python3.8/site-packages/airflow/example_dags/example_dag_decorator.py
[2023-12-22T19:19:24.751+0000] {logging_mixin.py:154} INFO - [2023-12-22T19:19:24.751+0000] {dag.py:2941} INFO - Sync 1 DAGs
[2023-12-22T19:19:24.766+0000] {logging_mixin.py:154} INFO - [2023-12-22T19:19:24.766+0000] {dag.py:3722} INFO - Setting next_dagrun for example_dag_decorator to None, run_after=None
[2023-12-22T19:19:24.796+0000] {processor.py:179} INFO - Processing /home/airflow/.local/lib/python3.8/site-packages/airflow/example_dags/example_dag_decorator.py took 0.509 seconds
[2023-12-22T19:19:55.645+0000] {processor.py:157} INFO - Started process (PID=1906) to work on /home/airflow/.local/lib/python3.8/site-packages/airflow/example_dags/example_dag_decorator.py
[2023-12-22T19:19:55.648+0000] {processor.py:829} INFO - Processing file /home/airflow/.local/lib/python3.8/site-packages/airflow/example_dags/example_dag_decorator.py for tasks to queue
[2023-12-22T19:19:55.657+0000] {logging_mixin.py:154} INFO - [2023-12-22T19:19:55.657+0000] {dagbag.py:536} INFO - Filling up the DagBag from /home/airflow/.local/lib/python3.8/site-packages/airflow/example_dags/example_dag_decorator.py
[2023-12-22T19:19:55.766+0000] {processor.py:839} INFO - DAG(s) dict_keys(['example_dag_decorator']) retrieved from /home/airflow/.local/lib/python3.8/site-packages/airflow/example_dags/example_dag_decorator.py
[2023-12-22T19:19:56.108+0000] {logging_mixin.py:154} INFO - [2023-12-22T19:19:56.107+0000] {dag.py:2941} INFO - Sync 1 DAGs
[2023-12-22T19:19:56.124+0000] {logging_mixin.py:154} INFO - [2023-12-22T19:19:56.124+0000] {dag.py:3722} INFO - Setting next_dagrun for example_dag_decorator to None, run_after=None
[2023-12-22T19:19:56.161+0000] {processor.py:179} INFO - Processing /home/airflow/.local/lib/python3.8/site-packages/airflow/example_dags/example_dag_decorator.py took 0.524 seconds
[2023-12-22T19:20:26.244+0000] {processor.py:157} INFO - Started process (PID=1962) to work on /home/airflow/.local/lib/python3.8/site-packages/airflow/example_dags/example_dag_decorator.py
[2023-12-22T19:20:26.247+0000] {processor.py:829} INFO - Processing file /home/airflow/.local/lib/python3.8/site-packages/airflow/example_dags/example_dag_decorator.py for tasks to queue
[2023-12-22T19:20:26.253+0000] {logging_mixin.py:154} INFO - [2023-12-22T19:20:26.253+0000] {dagbag.py:536} INFO - Filling up the DagBag from /home/airflow/.local/lib/python3.8/site-packages/airflow/example_dags/example_dag_decorator.py
[2023-12-22T19:20:26.388+0000] {processor.py:839} INFO - DAG(s) dict_keys(['example_dag_decorator']) retrieved from /home/airflow/.local/lib/python3.8/site-packages/airflow/example_dags/example_dag_decorator.py
[2023-12-22T19:20:26.436+0000] {logging_mixin.py:154} INFO - [2023-12-22T19:20:26.435+0000] {dag.py:2941} INFO - Sync 1 DAGs
[2023-12-22T19:20:26.456+0000] {logging_mixin.py:154} INFO - [2023-12-22T19:20:26.455+0000] {dag.py:3722} INFO - Setting next_dagrun for example_dag_decorator to None, run_after=None
[2023-12-22T19:20:26.489+0000] {processor.py:179} INFO - Processing /home/airflow/.local/lib/python3.8/site-packages/airflow/example_dags/example_dag_decorator.py took 0.251 seconds
[2023-12-22T20:14:02.265+0000] {processor.py:157} INFO - Started process (PID=35) to work on /home/airflow/.local/lib/python3.8/site-packages/airflow/example_dags/example_dag_decorator.py
[2023-12-22T20:14:02.284+0000] {processor.py:829} INFO - Processing file /home/airflow/.local/lib/python3.8/site-packages/airflow/example_dags/example_dag_decorator.py for tasks to queue
[2023-12-22T20:14:02.310+0000] {logging_mixin.py:154} INFO - [2023-12-22T20:14:02.308+0000] {dagbag.py:536} INFO - Filling up the DagBag from /home/airflow/.local/lib/python3.8/site-packages/airflow/example_dags/example_dag_decorator.py
[2023-12-22T20:14:03.251+0000] {processor.py:839} INFO - DAG(s) dict_keys(['example_dag_decorator']) retrieved from /home/airflow/.local/lib/python3.8/site-packages/airflow/example_dags/example_dag_decorator.py
[2023-12-22T20:14:06.553+0000] {logging_mixin.py:154} INFO - [2023-12-22T20:14:06.551+0000] {dag.py:2941} INFO - Sync 1 DAGs
[2023-12-22T20:14:06.649+0000] {logging_mixin.py:154} INFO - [2023-12-22T20:14:06.649+0000] {dag.py:3722} INFO - Setting next_dagrun for example_dag_decorator to None, run_after=None
[2023-12-22T20:14:06.772+0000] {processor.py:179} INFO - Processing /home/airflow/.local/lib/python3.8/site-packages/airflow/example_dags/example_dag_decorator.py took 4.533 seconds
[2023-12-22T20:14:37.061+0000] {processor.py:157} INFO - Started process (PID=90) to work on /home/airflow/.local/lib/python3.8/site-packages/airflow/example_dags/example_dag_decorator.py
[2023-12-22T20:14:37.077+0000] {processor.py:829} INFO - Processing file /home/airflow/.local/lib/python3.8/site-packages/airflow/example_dags/example_dag_decorator.py for tasks to queue
[2023-12-22T20:14:37.099+0000] {logging_mixin.py:154} INFO - [2023-12-22T20:14:37.096+0000] {dagbag.py:536} INFO - Filling up the DagBag from /home/airflow/.local/lib/python3.8/site-packages/airflow/example_dags/example_dag_decorator.py
[2023-12-22T20:14:37.519+0000] {processor.py:839} INFO - DAG(s) dict_keys(['example_dag_decorator']) retrieved from /home/airflow/.local/lib/python3.8/site-packages/airflow/example_dags/example_dag_decorator.py
[2023-12-22T20:14:37.824+0000] {logging_mixin.py:154} INFO - [2023-12-22T20:14:37.824+0000] {dag.py:2941} INFO - Sync 1 DAGs
[2023-12-22T20:14:37.869+0000] {logging_mixin.py:154} INFO - [2023-12-22T20:14:37.868+0000] {dag.py:3722} INFO - Setting next_dagrun for example_dag_decorator to None, run_after=None
[2023-12-22T20:14:37.970+0000] {processor.py:179} INFO - Processing /home/airflow/.local/lib/python3.8/site-packages/airflow/example_dags/example_dag_decorator.py took 0.938 seconds
[2023-12-22T20:15:08.709+0000] {processor.py:157} INFO - Started process (PID=146) to work on /home/airflow/.local/lib/python3.8/site-packages/airflow/example_dags/example_dag_decorator.py
[2023-12-22T20:15:08.711+0000] {processor.py:829} INFO - Processing file /home/airflow/.local/lib/python3.8/site-packages/airflow/example_dags/example_dag_decorator.py for tasks to queue
[2023-12-22T20:15:08.716+0000] {logging_mixin.py:154} INFO - [2023-12-22T20:15:08.716+0000] {dagbag.py:536} INFO - Filling up the DagBag from /home/airflow/.local/lib/python3.8/site-packages/airflow/example_dags/example_dag_decorator.py
[2023-12-22T20:15:08.836+0000] {processor.py:839} INFO - DAG(s) dict_keys(['example_dag_decorator']) retrieved from /home/airflow/.local/lib/python3.8/site-packages/airflow/example_dags/example_dag_decorator.py
[2023-12-22T20:15:08.989+0000] {logging_mixin.py:154} INFO - [2023-12-22T20:15:08.989+0000] {dag.py:2941} INFO - Sync 1 DAGs
[2023-12-22T20:15:09.006+0000] {logging_mixin.py:154} INFO - [2023-12-22T20:15:09.006+0000] {dag.py:3722} INFO - Setting next_dagrun for example_dag_decorator to None, run_after=None
[2023-12-22T20:15:09.039+0000] {processor.py:179} INFO - Processing /home/airflow/.local/lib/python3.8/site-packages/airflow/example_dags/example_dag_decorator.py took 0.340 seconds
[2023-12-22T20:15:39.299+0000] {processor.py:157} INFO - Started process (PID=202) to work on /home/airflow/.local/lib/python3.8/site-packages/airflow/example_dags/example_dag_decorator.py
[2023-12-22T20:15:39.305+0000] {processor.py:829} INFO - Processing file /home/airflow/.local/lib/python3.8/site-packages/airflow/example_dags/example_dag_decorator.py for tasks to queue
[2023-12-22T20:15:39.312+0000] {logging_mixin.py:154} INFO - [2023-12-22T20:15:39.311+0000] {dagbag.py:536} INFO - Filling up the DagBag from /home/airflow/.local/lib/python3.8/site-packages/airflow/example_dags/example_dag_decorator.py
[2023-12-22T20:15:39.485+0000] {processor.py:839} INFO - DAG(s) dict_keys(['example_dag_decorator']) retrieved from /home/airflow/.local/lib/python3.8/site-packages/airflow/example_dags/example_dag_decorator.py
[2023-12-22T20:15:39.673+0000] {logging_mixin.py:154} INFO - [2023-12-22T20:15:39.673+0000] {dag.py:2941} INFO - Sync 1 DAGs
[2023-12-22T20:15:39.690+0000] {logging_mixin.py:154} INFO - [2023-12-22T20:15:39.690+0000] {dag.py:3722} INFO - Setting next_dagrun for example_dag_decorator to None, run_after=None
[2023-12-22T20:15:39.724+0000] {processor.py:179} INFO - Processing /home/airflow/.local/lib/python3.8/site-packages/airflow/example_dags/example_dag_decorator.py took 0.432 seconds
[2023-12-22T20:17:46.401+0000] {processor.py:157} INFO - Started process (PID=36) to work on /home/airflow/.local/lib/python3.8/site-packages/airflow/example_dags/example_dag_decorator.py
[2023-12-22T20:17:46.403+0000] {processor.py:829} INFO - Processing file /home/airflow/.local/lib/python3.8/site-packages/airflow/example_dags/example_dag_decorator.py for tasks to queue
[2023-12-22T20:17:46.407+0000] {logging_mixin.py:154} INFO - [2023-12-22T20:17:46.407+0000] {dagbag.py:536} INFO - Filling up the DagBag from /home/airflow/.local/lib/python3.8/site-packages/airflow/example_dags/example_dag_decorator.py
[2023-12-22T20:17:46.563+0000] {processor.py:839} INFO - DAG(s) dict_keys(['example_dag_decorator']) retrieved from /home/airflow/.local/lib/python3.8/site-packages/airflow/example_dags/example_dag_decorator.py
[2023-12-22T20:17:46.917+0000] {logging_mixin.py:154} INFO - [2023-12-22T20:17:46.916+0000] {dag.py:2941} INFO - Sync 1 DAGs
[2023-12-22T20:17:46.962+0000] {logging_mixin.py:154} INFO - [2023-12-22T20:17:46.961+0000] {dag.py:3722} INFO - Setting next_dagrun for example_dag_decorator to None, run_after=None
[2023-12-22T20:17:47.047+0000] {processor.py:179} INFO - Processing /home/airflow/.local/lib/python3.8/site-packages/airflow/example_dags/example_dag_decorator.py took 0.651 seconds
[2023-12-22T20:18:17.563+0000] {processor.py:157} INFO - Started process (PID=93) to work on /home/airflow/.local/lib/python3.8/site-packages/airflow/example_dags/example_dag_decorator.py
[2023-12-22T20:18:17.566+0000] {processor.py:829} INFO - Processing file /home/airflow/.local/lib/python3.8/site-packages/airflow/example_dags/example_dag_decorator.py for tasks to queue
[2023-12-22T20:18:17.574+0000] {logging_mixin.py:154} INFO - [2023-12-22T20:18:17.573+0000] {dagbag.py:536} INFO - Filling up the DagBag from /home/airflow/.local/lib/python3.8/site-packages/airflow/example_dags/example_dag_decorator.py
[2023-12-22T20:18:17.725+0000] {processor.py:839} INFO - DAG(s) dict_keys(['example_dag_decorator']) retrieved from /home/airflow/.local/lib/python3.8/site-packages/airflow/example_dags/example_dag_decorator.py
[2023-12-22T20:18:17.983+0000] {logging_mixin.py:154} INFO - [2023-12-22T20:18:17.982+0000] {dag.py:2941} INFO - Sync 1 DAGs
[2023-12-22T20:18:18.004+0000] {logging_mixin.py:154} INFO - [2023-12-22T20:18:18.004+0000] {dag.py:3722} INFO - Setting next_dagrun for example_dag_decorator to None, run_after=None
[2023-12-22T20:18:18.048+0000] {processor.py:179} INFO - Processing /home/airflow/.local/lib/python3.8/site-packages/airflow/example_dags/example_dag_decorator.py took 0.496 seconds
[2023-12-22T20:18:48.423+0000] {processor.py:157} INFO - Started process (PID=149) to work on /home/airflow/.local/lib/python3.8/site-packages/airflow/example_dags/example_dag_decorator.py
[2023-12-22T20:18:48.427+0000] {processor.py:829} INFO - Processing file /home/airflow/.local/lib/python3.8/site-packages/airflow/example_dags/example_dag_decorator.py for tasks to queue
[2023-12-22T20:18:48.434+0000] {logging_mixin.py:154} INFO - [2023-12-22T20:18:48.433+0000] {dagbag.py:536} INFO - Filling up the DagBag from /home/airflow/.local/lib/python3.8/site-packages/airflow/example_dags/example_dag_decorator.py
[2023-12-22T20:18:48.584+0000] {processor.py:839} INFO - DAG(s) dict_keys(['example_dag_decorator']) retrieved from /home/airflow/.local/lib/python3.8/site-packages/airflow/example_dags/example_dag_decorator.py
[2023-12-22T20:18:48.795+0000] {logging_mixin.py:154} INFO - [2023-12-22T20:18:48.795+0000] {dag.py:2941} INFO - Sync 1 DAGs
[2023-12-22T20:18:48.818+0000] {logging_mixin.py:154} INFO - [2023-12-22T20:18:48.817+0000] {dag.py:3722} INFO - Setting next_dagrun for example_dag_decorator to None, run_after=None
[2023-12-22T20:18:48.861+0000] {processor.py:179} INFO - Processing /home/airflow/.local/lib/python3.8/site-packages/airflow/example_dags/example_dag_decorator.py took 0.446 seconds
[2023-12-22T20:19:19.078+0000] {processor.py:157} INFO - Started process (PID=204) to work on /home/airflow/.local/lib/python3.8/site-packages/airflow/example_dags/example_dag_decorator.py
[2023-12-22T20:19:19.081+0000] {processor.py:829} INFO - Processing file /home/airflow/.local/lib/python3.8/site-packages/airflow/example_dags/example_dag_decorator.py for tasks to queue
[2023-12-22T20:19:19.085+0000] {logging_mixin.py:154} INFO - [2023-12-22T20:19:19.085+0000] {dagbag.py:536} INFO - Filling up the DagBag from /home/airflow/.local/lib/python3.8/site-packages/airflow/example_dags/example_dag_decorator.py
[2023-12-22T20:19:19.198+0000] {processor.py:839} INFO - DAG(s) dict_keys(['example_dag_decorator']) retrieved from /home/airflow/.local/lib/python3.8/site-packages/airflow/example_dags/example_dag_decorator.py
[2023-12-22T20:19:19.352+0000] {logging_mixin.py:154} INFO - [2023-12-22T20:19:19.351+0000] {dag.py:2941} INFO - Sync 1 DAGs
[2023-12-22T20:19:19.369+0000] {logging_mixin.py:154} INFO - [2023-12-22T20:19:19.369+0000] {dag.py:3722} INFO - Setting next_dagrun for example_dag_decorator to None, run_after=None
[2023-12-22T20:19:19.407+0000] {processor.py:179} INFO - Processing /home/airflow/.local/lib/python3.8/site-packages/airflow/example_dags/example_dag_decorator.py took 0.336 seconds
[2023-12-22T20:19:49.608+0000] {processor.py:157} INFO - Started process (PID=260) to work on /home/airflow/.local/lib/python3.8/site-packages/airflow/example_dags/example_dag_decorator.py
[2023-12-22T20:19:49.610+0000] {processor.py:829} INFO - Processing file /home/airflow/.local/lib/python3.8/site-packages/airflow/example_dags/example_dag_decorator.py for tasks to queue
[2023-12-22T20:19:49.615+0000] {logging_mixin.py:154} INFO - [2023-12-22T20:19:49.614+0000] {dagbag.py:536} INFO - Filling up the DagBag from /home/airflow/.local/lib/python3.8/site-packages/airflow/example_dags/example_dag_decorator.py
[2023-12-22T20:19:49.740+0000] {processor.py:839} INFO - DAG(s) dict_keys(['example_dag_decorator']) retrieved from /home/airflow/.local/lib/python3.8/site-packages/airflow/example_dags/example_dag_decorator.py
[2023-12-22T20:19:49.930+0000] {logging_mixin.py:154} INFO - [2023-12-22T20:19:49.929+0000] {dag.py:2941} INFO - Sync 1 DAGs
[2023-12-22T20:19:49.953+0000] {logging_mixin.py:154} INFO - [2023-12-22T20:19:49.952+0000] {dag.py:3722} INFO - Setting next_dagrun for example_dag_decorator to None, run_after=None
[2023-12-22T20:19:49.986+0000] {processor.py:179} INFO - Processing /home/airflow/.local/lib/python3.8/site-packages/airflow/example_dags/example_dag_decorator.py took 0.385 seconds
[2023-12-22T20:20:20.115+0000] {processor.py:157} INFO - Started process (PID=317) to work on /home/airflow/.local/lib/python3.8/site-packages/airflow/example_dags/example_dag_decorator.py
[2023-12-22T20:20:20.117+0000] {processor.py:829} INFO - Processing file /home/airflow/.local/lib/python3.8/site-packages/airflow/example_dags/example_dag_decorator.py for tasks to queue
[2023-12-22T20:20:20.122+0000] {logging_mixin.py:154} INFO - [2023-12-22T20:20:20.121+0000] {dagbag.py:536} INFO - Filling up the DagBag from /home/airflow/.local/lib/python3.8/site-packages/airflow/example_dags/example_dag_decorator.py
[2023-12-22T20:20:20.227+0000] {processor.py:839} INFO - DAG(s) dict_keys(['example_dag_decorator']) retrieved from /home/airflow/.local/lib/python3.8/site-packages/airflow/example_dags/example_dag_decorator.py
[2023-12-22T20:20:20.371+0000] {logging_mixin.py:154} INFO - [2023-12-22T20:20:20.371+0000] {dag.py:2941} INFO - Sync 1 DAGs
[2023-12-22T20:20:20.388+0000] {logging_mixin.py:154} INFO - [2023-12-22T20:20:20.388+0000] {dag.py:3722} INFO - Setting next_dagrun for example_dag_decorator to None, run_after=None
[2023-12-22T20:20:20.421+0000] {processor.py:179} INFO - Processing /home/airflow/.local/lib/python3.8/site-packages/airflow/example_dags/example_dag_decorator.py took 0.311 seconds
[2023-12-22T20:20:50.489+0000] {processor.py:157} INFO - Started process (PID=373) to work on /home/airflow/.local/lib/python3.8/site-packages/airflow/example_dags/example_dag_decorator.py
[2023-12-22T20:20:50.492+0000] {processor.py:829} INFO - Processing file /home/airflow/.local/lib/python3.8/site-packages/airflow/example_dags/example_dag_decorator.py for tasks to queue
[2023-12-22T20:20:50.498+0000] {logging_mixin.py:154} INFO - [2023-12-22T20:20:50.498+0000] {dagbag.py:536} INFO - Filling up the DagBag from /home/airflow/.local/lib/python3.8/site-packages/airflow/example_dags/example_dag_decorator.py
[2023-12-22T20:20:50.602+0000] {processor.py:839} INFO - DAG(s) dict_keys(['example_dag_decorator']) retrieved from /home/airflow/.local/lib/python3.8/site-packages/airflow/example_dags/example_dag_decorator.py
[2023-12-22T20:20:50.776+0000] {logging_mixin.py:154} INFO - [2023-12-22T20:20:50.776+0000] {dag.py:2941} INFO - Sync 1 DAGs
[2023-12-22T20:20:50.800+0000] {logging_mixin.py:154} INFO - [2023-12-22T20:20:50.799+0000] {dag.py:3722} INFO - Setting next_dagrun for example_dag_decorator to None, run_after=None
[2023-12-22T20:20:50.842+0000] {processor.py:179} INFO - Processing /home/airflow/.local/lib/python3.8/site-packages/airflow/example_dags/example_dag_decorator.py took 0.362 seconds
[2023-12-22T20:21:21.682+0000] {processor.py:157} INFO - Started process (PID=428) to work on /home/airflow/.local/lib/python3.8/site-packages/airflow/example_dags/example_dag_decorator.py
[2023-12-22T20:21:21.684+0000] {processor.py:829} INFO - Processing file /home/airflow/.local/lib/python3.8/site-packages/airflow/example_dags/example_dag_decorator.py for tasks to queue
[2023-12-22T20:21:21.690+0000] {logging_mixin.py:154} INFO - [2023-12-22T20:21:21.689+0000] {dagbag.py:536} INFO - Filling up the DagBag from /home/airflow/.local/lib/python3.8/site-packages/airflow/example_dags/example_dag_decorator.py
[2023-12-22T20:21:21.805+0000] {processor.py:839} INFO - DAG(s) dict_keys(['example_dag_decorator']) retrieved from /home/airflow/.local/lib/python3.8/site-packages/airflow/example_dags/example_dag_decorator.py
[2023-12-22T20:21:21.971+0000] {logging_mixin.py:154} INFO - [2023-12-22T20:21:21.970+0000] {dag.py:2941} INFO - Sync 1 DAGs
[2023-12-22T20:21:21.998+0000] {logging_mixin.py:154} INFO - [2023-12-22T20:21:21.998+0000] {dag.py:3722} INFO - Setting next_dagrun for example_dag_decorator to None, run_after=None
[2023-12-22T20:21:22.043+0000] {processor.py:179} INFO - Processing /home/airflow/.local/lib/python3.8/site-packages/airflow/example_dags/example_dag_decorator.py took 0.366 seconds
[2023-12-22T20:21:52.328+0000] {processor.py:157} INFO - Started process (PID=484) to work on /home/airflow/.local/lib/python3.8/site-packages/airflow/example_dags/example_dag_decorator.py
[2023-12-22T20:21:52.331+0000] {processor.py:829} INFO - Processing file /home/airflow/.local/lib/python3.8/site-packages/airflow/example_dags/example_dag_decorator.py for tasks to queue
[2023-12-22T20:21:52.338+0000] {logging_mixin.py:154} INFO - [2023-12-22T20:21:52.337+0000] {dagbag.py:536} INFO - Filling up the DagBag from /home/airflow/.local/lib/python3.8/site-packages/airflow/example_dags/example_dag_decorator.py
[2023-12-22T20:21:52.500+0000] {processor.py:839} INFO - DAG(s) dict_keys(['example_dag_decorator']) retrieved from /home/airflow/.local/lib/python3.8/site-packages/airflow/example_dags/example_dag_decorator.py
[2023-12-22T20:21:52.755+0000] {logging_mixin.py:154} INFO - [2023-12-22T20:21:52.755+0000] {dag.py:2941} INFO - Sync 1 DAGs
[2023-12-22T20:21:52.775+0000] {logging_mixin.py:154} INFO - [2023-12-22T20:21:52.774+0000] {dag.py:3722} INFO - Setting next_dagrun for example_dag_decorator to None, run_after=None
[2023-12-22T20:21:52.803+0000] {processor.py:179} INFO - Processing /home/airflow/.local/lib/python3.8/site-packages/airflow/example_dags/example_dag_decorator.py took 0.483 seconds
[2023-12-22T20:22:23.295+0000] {processor.py:157} INFO - Started process (PID=540) to work on /home/airflow/.local/lib/python3.8/site-packages/airflow/example_dags/example_dag_decorator.py
[2023-12-22T20:22:23.298+0000] {processor.py:829} INFO - Processing file /home/airflow/.local/lib/python3.8/site-packages/airflow/example_dags/example_dag_decorator.py for tasks to queue
[2023-12-22T20:22:23.303+0000] {logging_mixin.py:154} INFO - [2023-12-22T20:22:23.302+0000] {dagbag.py:536} INFO - Filling up the DagBag from /home/airflow/.local/lib/python3.8/site-packages/airflow/example_dags/example_dag_decorator.py
[2023-12-22T20:22:23.442+0000] {processor.py:839} INFO - DAG(s) dict_keys(['example_dag_decorator']) retrieved from /home/airflow/.local/lib/python3.8/site-packages/airflow/example_dags/example_dag_decorator.py
[2023-12-22T20:22:23.634+0000] {logging_mixin.py:154} INFO - [2023-12-22T20:22:23.633+0000] {dag.py:2941} INFO - Sync 1 DAGs
[2023-12-22T20:22:23.662+0000] {logging_mixin.py:154} INFO - [2023-12-22T20:22:23.662+0000] {dag.py:3722} INFO - Setting next_dagrun for example_dag_decorator to None, run_after=None
[2023-12-22T20:22:23.710+0000] {processor.py:179} INFO - Processing /home/airflow/.local/lib/python3.8/site-packages/airflow/example_dags/example_dag_decorator.py took 0.424 seconds
[2023-12-22T20:22:54.524+0000] {processor.py:157} INFO - Started process (PID=595) to work on /home/airflow/.local/lib/python3.8/site-packages/airflow/example_dags/example_dag_decorator.py
[2023-12-22T20:22:54.532+0000] {processor.py:829} INFO - Processing file /home/airflow/.local/lib/python3.8/site-packages/airflow/example_dags/example_dag_decorator.py for tasks to queue
[2023-12-22T20:22:54.540+0000] {logging_mixin.py:154} INFO - [2023-12-22T20:22:54.539+0000] {dagbag.py:536} INFO - Filling up the DagBag from /home/airflow/.local/lib/python3.8/site-packages/airflow/example_dags/example_dag_decorator.py
[2023-12-22T20:22:54.679+0000] {processor.py:839} INFO - DAG(s) dict_keys(['example_dag_decorator']) retrieved from /home/airflow/.local/lib/python3.8/site-packages/airflow/example_dags/example_dag_decorator.py
[2023-12-22T20:22:54.853+0000] {logging_mixin.py:154} INFO - [2023-12-22T20:22:54.853+0000] {dag.py:2941} INFO - Sync 1 DAGs
[2023-12-22T20:22:54.870+0000] {logging_mixin.py:154} INFO - [2023-12-22T20:22:54.870+0000] {dag.py:3722} INFO - Setting next_dagrun for example_dag_decorator to None, run_after=None
[2023-12-22T20:22:54.906+0000] {processor.py:179} INFO - Processing /home/airflow/.local/lib/python3.8/site-packages/airflow/example_dags/example_dag_decorator.py took 0.388 seconds
[2023-12-22T20:24:39.954+0000] {processor.py:157} INFO - Started process (PID=703) to work on /home/airflow/.local/lib/python3.8/site-packages/airflow/example_dags/example_dag_decorator.py
[2023-12-22T20:24:39.962+0000] {processor.py:829} INFO - Processing file /home/airflow/.local/lib/python3.8/site-packages/airflow/example_dags/example_dag_decorator.py for tasks to queue
[2023-12-22T20:24:39.976+0000] {logging_mixin.py:154} INFO - [2023-12-22T20:24:39.976+0000] {dagbag.py:536} INFO - Filling up the DagBag from /home/airflow/.local/lib/python3.8/site-packages/airflow/example_dags/example_dag_decorator.py
[2023-12-22T20:24:44.978+0000] {processor.py:839} INFO - DAG(s) dict_keys(['example_dag_decorator']) retrieved from /home/airflow/.local/lib/python3.8/site-packages/airflow/example_dags/example_dag_decorator.py
[2023-12-22T20:24:50.788+0000] {logging_mixin.py:154} INFO - [2023-12-22T20:24:50.777+0000] {dag.py:2941} INFO - Sync 1 DAGs
[2023-12-22T20:24:51.015+0000] {logging_mixin.py:154} INFO - [2023-12-22T20:24:51.014+0000] {dag.py:3722} INFO - Setting next_dagrun for example_dag_decorator to None, run_after=None
[2023-12-22T20:24:52.786+0000] {processor.py:179} INFO - Processing /home/airflow/.local/lib/python3.8/site-packages/airflow/example_dags/example_dag_decorator.py took 12.890 seconds
[2023-12-22T20:25:56.519+0000] {processor.py:157} INFO - Started process (PID=781) to work on /home/airflow/.local/lib/python3.8/site-packages/airflow/example_dags/example_dag_decorator.py
[2023-12-22T20:25:56.537+0000] {processor.py:829} INFO - Processing file /home/airflow/.local/lib/python3.8/site-packages/airflow/example_dags/example_dag_decorator.py for tasks to queue
[2023-12-22T20:25:56.595+0000] {logging_mixin.py:154} INFO - [2023-12-22T20:25:56.551+0000] {dagbag.py:536} INFO - Filling up the DagBag from /home/airflow/.local/lib/python3.8/site-packages/airflow/example_dags/example_dag_decorator.py
[2023-12-22T20:26:00.044+0000] {processor.py:839} INFO - DAG(s) dict_keys(['example_dag_decorator']) retrieved from /home/airflow/.local/lib/python3.8/site-packages/airflow/example_dags/example_dag_decorator.py
[2023-12-22T20:26:07.493+0000] {logging_mixin.py:154} INFO - [2023-12-22T20:26:07.434+0000] {dag.py:2941} INFO - Sync 1 DAGs
[2023-12-22T20:26:07.903+0000] {logging_mixin.py:154} INFO - [2023-12-22T20:26:07.903+0000] {dag.py:3722} INFO - Setting next_dagrun for example_dag_decorator to None, run_after=None
[2023-12-22T20:26:08.237+0000] {processor.py:179} INFO - Processing /home/airflow/.local/lib/python3.8/site-packages/airflow/example_dags/example_dag_decorator.py took 11.732 seconds
