[2023-12-22T19:03:00.968+0000] {processor.py:157} INFO - Started process (PID=41) to work on /home/airflow/.local/lib/python3.8/site-packages/airflow/example_dags/example_branch_operator_decorator.py
[2023-12-22T19:03:00.978+0000] {processor.py:829} INFO - Processing file /home/airflow/.local/lib/python3.8/site-packages/airflow/example_dags/example_branch_operator_decorator.py for tasks to queue
[2023-12-22T19:03:00.989+0000] {logging_mixin.py:154} INFO - [2023-12-22T19:03:00.989+0000] {dagbag.py:536} INFO - Filling up the DagBag from /home/airflow/.local/lib/python3.8/site-packages/airflow/example_dags/example_branch_operator_decorator.py
[2023-12-22T19:03:01.073+0000] {processor.py:839} INFO - DAG(s) dict_keys(['example_branch_python_operator_decorator']) retrieved from /home/airflow/.local/lib/python3.8/site-packages/airflow/example_dags/example_branch_operator_decorator.py
[2023-12-22T19:03:01.151+0000] {logging_mixin.py:154} INFO - [2023-12-22T19:03:01.151+0000] {dag.py:2941} INFO - Sync 1 DAGs
[2023-12-22T19:03:01.347+0000] {logging_mixin.py:154} INFO - [2023-12-22T19:03:01.346+0000] {dag.py:3722} INFO - Setting next_dagrun for example_branch_python_operator_decorator to 2023-12-21T00:00:00+00:00, run_after=2023-12-22T00:00:00+00:00
[2023-12-22T19:03:01.477+0000] {processor.py:179} INFO - Processing /home/airflow/.local/lib/python3.8/site-packages/airflow/example_dags/example_branch_operator_decorator.py took 0.537 seconds
[2023-12-22T19:03:31.550+0000] {processor.py:157} INFO - Started process (PID=97) to work on /home/airflow/.local/lib/python3.8/site-packages/airflow/example_dags/example_branch_operator_decorator.py
[2023-12-22T19:03:31.553+0000] {processor.py:829} INFO - Processing file /home/airflow/.local/lib/python3.8/site-packages/airflow/example_dags/example_branch_operator_decorator.py for tasks to queue
[2023-12-22T19:03:31.558+0000] {logging_mixin.py:154} INFO - [2023-12-22T19:03:31.558+0000] {dagbag.py:536} INFO - Filling up the DagBag from /home/airflow/.local/lib/python3.8/site-packages/airflow/example_dags/example_branch_operator_decorator.py
[2023-12-22T19:03:31.576+0000] {processor.py:839} INFO - DAG(s) dict_keys(['example_branch_python_operator_decorator']) retrieved from /home/airflow/.local/lib/python3.8/site-packages/airflow/example_dags/example_branch_operator_decorator.py
[2023-12-22T19:03:31.619+0000] {logging_mixin.py:154} INFO - [2023-12-22T19:03:31.618+0000] {dag.py:2941} INFO - Sync 1 DAGs
[2023-12-22T19:03:31.657+0000] {logging_mixin.py:154} INFO - [2023-12-22T19:03:31.656+0000] {dag.py:3722} INFO - Setting next_dagrun for example_branch_python_operator_decorator to 2023-12-21T00:00:00+00:00, run_after=2023-12-22T00:00:00+00:00
[2023-12-22T19:03:31.692+0000] {processor.py:179} INFO - Processing /home/airflow/.local/lib/python3.8/site-packages/airflow/example_dags/example_branch_operator_decorator.py took 0.149 seconds
[2023-12-22T19:04:02.263+0000] {processor.py:157} INFO - Started process (PID=153) to work on /home/airflow/.local/lib/python3.8/site-packages/airflow/example_dags/example_branch_operator_decorator.py
[2023-12-22T19:04:02.266+0000] {processor.py:829} INFO - Processing file /home/airflow/.local/lib/python3.8/site-packages/airflow/example_dags/example_branch_operator_decorator.py for tasks to queue
[2023-12-22T19:04:02.271+0000] {logging_mixin.py:154} INFO - [2023-12-22T19:04:02.270+0000] {dagbag.py:536} INFO - Filling up the DagBag from /home/airflow/.local/lib/python3.8/site-packages/airflow/example_dags/example_branch_operator_decorator.py
[2023-12-22T19:04:02.288+0000] {processor.py:839} INFO - DAG(s) dict_keys(['example_branch_python_operator_decorator']) retrieved from /home/airflow/.local/lib/python3.8/site-packages/airflow/example_dags/example_branch_operator_decorator.py
[2023-12-22T19:04:02.327+0000] {logging_mixin.py:154} INFO - [2023-12-22T19:04:02.327+0000] {dag.py:2941} INFO - Sync 1 DAGs
[2023-12-22T19:04:02.361+0000] {logging_mixin.py:154} INFO - [2023-12-22T19:04:02.361+0000] {dag.py:3722} INFO - Setting next_dagrun for example_branch_python_operator_decorator to 2023-12-21T00:00:00+00:00, run_after=2023-12-22T00:00:00+00:00
[2023-12-22T19:04:02.397+0000] {processor.py:179} INFO - Processing /home/airflow/.local/lib/python3.8/site-packages/airflow/example_dags/example_branch_operator_decorator.py took 0.142 seconds
[2023-12-22T19:04:32.851+0000] {processor.py:157} INFO - Started process (PID=209) to work on /home/airflow/.local/lib/python3.8/site-packages/airflow/example_dags/example_branch_operator_decorator.py
[2023-12-22T19:04:32.854+0000] {processor.py:829} INFO - Processing file /home/airflow/.local/lib/python3.8/site-packages/airflow/example_dags/example_branch_operator_decorator.py for tasks to queue
[2023-12-22T19:04:32.858+0000] {logging_mixin.py:154} INFO - [2023-12-22T19:04:32.858+0000] {dagbag.py:536} INFO - Filling up the DagBag from /home/airflow/.local/lib/python3.8/site-packages/airflow/example_dags/example_branch_operator_decorator.py
[2023-12-22T19:04:32.875+0000] {processor.py:839} INFO - DAG(s) dict_keys(['example_branch_python_operator_decorator']) retrieved from /home/airflow/.local/lib/python3.8/site-packages/airflow/example_dags/example_branch_operator_decorator.py
[2023-12-22T19:04:32.918+0000] {logging_mixin.py:154} INFO - [2023-12-22T19:04:32.918+0000] {dag.py:2941} INFO - Sync 1 DAGs
[2023-12-22T19:04:32.955+0000] {logging_mixin.py:154} INFO - [2023-12-22T19:04:32.955+0000] {dag.py:3722} INFO - Setting next_dagrun for example_branch_python_operator_decorator to 2023-12-21T00:00:00+00:00, run_after=2023-12-22T00:00:00+00:00
[2023-12-22T19:04:32.996+0000] {processor.py:179} INFO - Processing /home/airflow/.local/lib/python3.8/site-packages/airflow/example_dags/example_branch_operator_decorator.py took 0.150 seconds
[2023-12-22T19:05:03.661+0000] {processor.py:157} INFO - Started process (PID=265) to work on /home/airflow/.local/lib/python3.8/site-packages/airflow/example_dags/example_branch_operator_decorator.py
[2023-12-22T19:05:03.663+0000] {processor.py:829} INFO - Processing file /home/airflow/.local/lib/python3.8/site-packages/airflow/example_dags/example_branch_operator_decorator.py for tasks to queue
[2023-12-22T19:05:03.667+0000] {logging_mixin.py:154} INFO - [2023-12-22T19:05:03.667+0000] {dagbag.py:536} INFO - Filling up the DagBag from /home/airflow/.local/lib/python3.8/site-packages/airflow/example_dags/example_branch_operator_decorator.py
[2023-12-22T19:05:03.686+0000] {processor.py:839} INFO - DAG(s) dict_keys(['example_branch_python_operator_decorator']) retrieved from /home/airflow/.local/lib/python3.8/site-packages/airflow/example_dags/example_branch_operator_decorator.py
[2023-12-22T19:05:03.721+0000] {logging_mixin.py:154} INFO - [2023-12-22T19:05:03.721+0000] {dag.py:2941} INFO - Sync 1 DAGs
[2023-12-22T19:05:03.759+0000] {logging_mixin.py:154} INFO - [2023-12-22T19:05:03.759+0000] {dag.py:3722} INFO - Setting next_dagrun for example_branch_python_operator_decorator to 2023-12-21T00:00:00+00:00, run_after=2023-12-22T00:00:00+00:00
[2023-12-22T19:05:03.804+0000] {processor.py:179} INFO - Processing /home/airflow/.local/lib/python3.8/site-packages/airflow/example_dags/example_branch_operator_decorator.py took 0.149 seconds
[2023-12-22T19:05:33.991+0000] {processor.py:157} INFO - Started process (PID=321) to work on /home/airflow/.local/lib/python3.8/site-packages/airflow/example_dags/example_branch_operator_decorator.py
[2023-12-22T19:05:33.994+0000] {processor.py:829} INFO - Processing file /home/airflow/.local/lib/python3.8/site-packages/airflow/example_dags/example_branch_operator_decorator.py for tasks to queue
[2023-12-22T19:05:33.998+0000] {logging_mixin.py:154} INFO - [2023-12-22T19:05:33.998+0000] {dagbag.py:536} INFO - Filling up the DagBag from /home/airflow/.local/lib/python3.8/site-packages/airflow/example_dags/example_branch_operator_decorator.py
[2023-12-22T19:05:34.016+0000] {processor.py:839} INFO - DAG(s) dict_keys(['example_branch_python_operator_decorator']) retrieved from /home/airflow/.local/lib/python3.8/site-packages/airflow/example_dags/example_branch_operator_decorator.py
[2023-12-22T19:05:34.051+0000] {logging_mixin.py:154} INFO - [2023-12-22T19:05:34.051+0000] {dag.py:2941} INFO - Sync 1 DAGs
[2023-12-22T19:05:34.089+0000] {logging_mixin.py:154} INFO - [2023-12-22T19:05:34.089+0000] {dag.py:3722} INFO - Setting next_dagrun for example_branch_python_operator_decorator to 2023-12-21T00:00:00+00:00, run_after=2023-12-22T00:00:00+00:00
[2023-12-22T19:05:34.121+0000] {processor.py:179} INFO - Processing /home/airflow/.local/lib/python3.8/site-packages/airflow/example_dags/example_branch_operator_decorator.py took 0.135 seconds
[2023-12-22T19:06:05.305+0000] {processor.py:157} INFO - Started process (PID=377) to work on /home/airflow/.local/lib/python3.8/site-packages/airflow/example_dags/example_branch_operator_decorator.py
[2023-12-22T19:06:05.307+0000] {processor.py:829} INFO - Processing file /home/airflow/.local/lib/python3.8/site-packages/airflow/example_dags/example_branch_operator_decorator.py for tasks to queue
[2023-12-22T19:06:05.311+0000] {logging_mixin.py:154} INFO - [2023-12-22T19:06:05.311+0000] {dagbag.py:536} INFO - Filling up the DagBag from /home/airflow/.local/lib/python3.8/site-packages/airflow/example_dags/example_branch_operator_decorator.py
[2023-12-22T19:06:05.329+0000] {processor.py:839} INFO - DAG(s) dict_keys(['example_branch_python_operator_decorator']) retrieved from /home/airflow/.local/lib/python3.8/site-packages/airflow/example_dags/example_branch_operator_decorator.py
[2023-12-22T19:06:05.370+0000] {logging_mixin.py:154} INFO - [2023-12-22T19:06:05.370+0000] {dag.py:2941} INFO - Sync 1 DAGs
[2023-12-22T19:06:05.411+0000] {logging_mixin.py:154} INFO - [2023-12-22T19:06:05.411+0000] {dag.py:3722} INFO - Setting next_dagrun for example_branch_python_operator_decorator to 2023-12-21T00:00:00+00:00, run_after=2023-12-22T00:00:00+00:00
[2023-12-22T19:06:05.442+0000] {processor.py:179} INFO - Processing /home/airflow/.local/lib/python3.8/site-packages/airflow/example_dags/example_branch_operator_decorator.py took 0.145 seconds
[2023-12-22T19:06:35.851+0000] {processor.py:157} INFO - Started process (PID=433) to work on /home/airflow/.local/lib/python3.8/site-packages/airflow/example_dags/example_branch_operator_decorator.py
[2023-12-22T19:06:35.853+0000] {processor.py:829} INFO - Processing file /home/airflow/.local/lib/python3.8/site-packages/airflow/example_dags/example_branch_operator_decorator.py for tasks to queue
[2023-12-22T19:06:35.860+0000] {logging_mixin.py:154} INFO - [2023-12-22T19:06:35.859+0000] {dagbag.py:536} INFO - Filling up the DagBag from /home/airflow/.local/lib/python3.8/site-packages/airflow/example_dags/example_branch_operator_decorator.py
[2023-12-22T19:06:35.882+0000] {processor.py:839} INFO - DAG(s) dict_keys(['example_branch_python_operator_decorator']) retrieved from /home/airflow/.local/lib/python3.8/site-packages/airflow/example_dags/example_branch_operator_decorator.py
[2023-12-22T19:06:35.924+0000] {logging_mixin.py:154} INFO - [2023-12-22T19:06:35.924+0000] {dag.py:2941} INFO - Sync 1 DAGs
[2023-12-22T19:06:35.960+0000] {logging_mixin.py:154} INFO - [2023-12-22T19:06:35.959+0000] {dag.py:3722} INFO - Setting next_dagrun for example_branch_python_operator_decorator to 2023-12-21T00:00:00+00:00, run_after=2023-12-22T00:00:00+00:00
[2023-12-22T19:06:35.990+0000] {processor.py:179} INFO - Processing /home/airflow/.local/lib/python3.8/site-packages/airflow/example_dags/example_branch_operator_decorator.py took 0.145 seconds
[2023-12-22T19:07:06.939+0000] {processor.py:157} INFO - Started process (PID=489) to work on /home/airflow/.local/lib/python3.8/site-packages/airflow/example_dags/example_branch_operator_decorator.py
[2023-12-22T19:07:06.941+0000] {processor.py:829} INFO - Processing file /home/airflow/.local/lib/python3.8/site-packages/airflow/example_dags/example_branch_operator_decorator.py for tasks to queue
[2023-12-22T19:07:06.948+0000] {logging_mixin.py:154} INFO - [2023-12-22T19:07:06.947+0000] {dagbag.py:536} INFO - Filling up the DagBag from /home/airflow/.local/lib/python3.8/site-packages/airflow/example_dags/example_branch_operator_decorator.py
[2023-12-22T19:07:06.966+0000] {processor.py:839} INFO - DAG(s) dict_keys(['example_branch_python_operator_decorator']) retrieved from /home/airflow/.local/lib/python3.8/site-packages/airflow/example_dags/example_branch_operator_decorator.py
[2023-12-22T19:07:07.005+0000] {logging_mixin.py:154} INFO - [2023-12-22T19:07:07.005+0000] {dag.py:2941} INFO - Sync 1 DAGs
[2023-12-22T19:07:07.046+0000] {logging_mixin.py:154} INFO - [2023-12-22T19:07:07.045+0000] {dag.py:3722} INFO - Setting next_dagrun for example_branch_python_operator_decorator to 2023-12-21T00:00:00+00:00, run_after=2023-12-22T00:00:00+00:00
[2023-12-22T19:07:07.081+0000] {processor.py:179} INFO - Processing /home/airflow/.local/lib/python3.8/site-packages/airflow/example_dags/example_branch_operator_decorator.py took 0.150 seconds
[2023-12-22T19:07:37.456+0000] {processor.py:157} INFO - Started process (PID=545) to work on /home/airflow/.local/lib/python3.8/site-packages/airflow/example_dags/example_branch_operator_decorator.py
[2023-12-22T19:07:37.459+0000] {processor.py:829} INFO - Processing file /home/airflow/.local/lib/python3.8/site-packages/airflow/example_dags/example_branch_operator_decorator.py for tasks to queue
[2023-12-22T19:07:37.464+0000] {logging_mixin.py:154} INFO - [2023-12-22T19:07:37.463+0000] {dagbag.py:536} INFO - Filling up the DagBag from /home/airflow/.local/lib/python3.8/site-packages/airflow/example_dags/example_branch_operator_decorator.py
[2023-12-22T19:07:37.484+0000] {processor.py:839} INFO - DAG(s) dict_keys(['example_branch_python_operator_decorator']) retrieved from /home/airflow/.local/lib/python3.8/site-packages/airflow/example_dags/example_branch_operator_decorator.py
[2023-12-22T19:07:37.538+0000] {logging_mixin.py:154} INFO - [2023-12-22T19:07:37.537+0000] {dag.py:2941} INFO - Sync 1 DAGs
[2023-12-22T19:07:37.577+0000] {logging_mixin.py:154} INFO - [2023-12-22T19:07:37.577+0000] {dag.py:3722} INFO - Setting next_dagrun for example_branch_python_operator_decorator to 2023-12-21T00:00:00+00:00, run_after=2023-12-22T00:00:00+00:00
[2023-12-22T19:07:37.610+0000] {processor.py:179} INFO - Processing /home/airflow/.local/lib/python3.8/site-packages/airflow/example_dags/example_branch_operator_decorator.py took 0.164 seconds
[2023-12-22T19:08:07.842+0000] {processor.py:157} INFO - Started process (PID=601) to work on /home/airflow/.local/lib/python3.8/site-packages/airflow/example_dags/example_branch_operator_decorator.py
[2023-12-22T19:08:07.846+0000] {processor.py:829} INFO - Processing file /home/airflow/.local/lib/python3.8/site-packages/airflow/example_dags/example_branch_operator_decorator.py for tasks to queue
[2023-12-22T19:08:07.851+0000] {logging_mixin.py:154} INFO - [2023-12-22T19:08:07.851+0000] {dagbag.py:536} INFO - Filling up the DagBag from /home/airflow/.local/lib/python3.8/site-packages/airflow/example_dags/example_branch_operator_decorator.py
[2023-12-22T19:08:07.875+0000] {processor.py:839} INFO - DAG(s) dict_keys(['example_branch_python_operator_decorator']) retrieved from /home/airflow/.local/lib/python3.8/site-packages/airflow/example_dags/example_branch_operator_decorator.py
[2023-12-22T19:08:07.920+0000] {logging_mixin.py:154} INFO - [2023-12-22T19:08:07.919+0000] {dag.py:2941} INFO - Sync 1 DAGs
[2023-12-22T19:08:07.963+0000] {logging_mixin.py:154} INFO - [2023-12-22T19:08:07.962+0000] {dag.py:3722} INFO - Setting next_dagrun for example_branch_python_operator_decorator to 2023-12-21T00:00:00+00:00, run_after=2023-12-22T00:00:00+00:00
[2023-12-22T19:08:07.993+0000] {processor.py:179} INFO - Processing /home/airflow/.local/lib/python3.8/site-packages/airflow/example_dags/example_branch_operator_decorator.py took 0.158 seconds
[2023-12-22T19:08:38.411+0000] {processor.py:157} INFO - Started process (PID=656) to work on /home/airflow/.local/lib/python3.8/site-packages/airflow/example_dags/example_branch_operator_decorator.py
[2023-12-22T19:08:38.414+0000] {processor.py:829} INFO - Processing file /home/airflow/.local/lib/python3.8/site-packages/airflow/example_dags/example_branch_operator_decorator.py for tasks to queue
[2023-12-22T19:08:38.419+0000] {logging_mixin.py:154} INFO - [2023-12-22T19:08:38.418+0000] {dagbag.py:536} INFO - Filling up the DagBag from /home/airflow/.local/lib/python3.8/site-packages/airflow/example_dags/example_branch_operator_decorator.py
[2023-12-22T19:08:38.435+0000] {processor.py:839} INFO - DAG(s) dict_keys(['example_branch_python_operator_decorator']) retrieved from /home/airflow/.local/lib/python3.8/site-packages/airflow/example_dags/example_branch_operator_decorator.py
[2023-12-22T19:08:38.474+0000] {logging_mixin.py:154} INFO - [2023-12-22T19:08:38.473+0000] {dag.py:2941} INFO - Sync 1 DAGs
[2023-12-22T19:08:38.508+0000] {logging_mixin.py:154} INFO - [2023-12-22T19:08:38.508+0000] {dag.py:3722} INFO - Setting next_dagrun for example_branch_python_operator_decorator to 2023-12-21T00:00:00+00:00, run_after=2023-12-22T00:00:00+00:00
[2023-12-22T19:08:38.538+0000] {processor.py:179} INFO - Processing /home/airflow/.local/lib/python3.8/site-packages/airflow/example_dags/example_branch_operator_decorator.py took 0.133 seconds
[2023-12-22T19:09:08.834+0000] {processor.py:157} INFO - Started process (PID=711) to work on /home/airflow/.local/lib/python3.8/site-packages/airflow/example_dags/example_branch_operator_decorator.py
[2023-12-22T19:09:08.837+0000] {processor.py:829} INFO - Processing file /home/airflow/.local/lib/python3.8/site-packages/airflow/example_dags/example_branch_operator_decorator.py for tasks to queue
[2023-12-22T19:09:08.841+0000] {logging_mixin.py:154} INFO - [2023-12-22T19:09:08.841+0000] {dagbag.py:536} INFO - Filling up the DagBag from /home/airflow/.local/lib/python3.8/site-packages/airflow/example_dags/example_branch_operator_decorator.py
[2023-12-22T19:09:08.859+0000] {processor.py:839} INFO - DAG(s) dict_keys(['example_branch_python_operator_decorator']) retrieved from /home/airflow/.local/lib/python3.8/site-packages/airflow/example_dags/example_branch_operator_decorator.py
[2023-12-22T19:09:08.899+0000] {logging_mixin.py:154} INFO - [2023-12-22T19:09:08.898+0000] {dag.py:2941} INFO - Sync 1 DAGs
[2023-12-22T19:09:08.935+0000] {logging_mixin.py:154} INFO - [2023-12-22T19:09:08.935+0000] {dag.py:3722} INFO - Setting next_dagrun for example_branch_python_operator_decorator to 2023-12-21T00:00:00+00:00, run_after=2023-12-22T00:00:00+00:00
[2023-12-22T19:09:08.967+0000] {processor.py:179} INFO - Processing /home/airflow/.local/lib/python3.8/site-packages/airflow/example_dags/example_branch_operator_decorator.py took 0.139 seconds
[2023-12-22T19:09:39.283+0000] {processor.py:157} INFO - Started process (PID=767) to work on /home/airflow/.local/lib/python3.8/site-packages/airflow/example_dags/example_branch_operator_decorator.py
[2023-12-22T19:09:39.287+0000] {processor.py:829} INFO - Processing file /home/airflow/.local/lib/python3.8/site-packages/airflow/example_dags/example_branch_operator_decorator.py for tasks to queue
[2023-12-22T19:09:39.302+0000] {logging_mixin.py:154} INFO - [2023-12-22T19:09:39.302+0000] {dagbag.py:536} INFO - Filling up the DagBag from /home/airflow/.local/lib/python3.8/site-packages/airflow/example_dags/example_branch_operator_decorator.py
[2023-12-22T19:09:39.324+0000] {processor.py:839} INFO - DAG(s) dict_keys(['example_branch_python_operator_decorator']) retrieved from /home/airflow/.local/lib/python3.8/site-packages/airflow/example_dags/example_branch_operator_decorator.py
[2023-12-22T19:09:39.375+0000] {logging_mixin.py:154} INFO - [2023-12-22T19:09:39.375+0000] {dag.py:2941} INFO - Sync 1 DAGs
[2023-12-22T19:09:39.449+0000] {logging_mixin.py:154} INFO - [2023-12-22T19:09:39.449+0000] {dag.py:3722} INFO - Setting next_dagrun for example_branch_python_operator_decorator to 2023-12-21T00:00:00+00:00, run_after=2023-12-22T00:00:00+00:00
[2023-12-22T19:09:39.485+0000] {processor.py:179} INFO - Processing /home/airflow/.local/lib/python3.8/site-packages/airflow/example_dags/example_branch_operator_decorator.py took 0.214 seconds
[2023-12-22T19:10:09.949+0000] {processor.py:157} INFO - Started process (PID=830) to work on /home/airflow/.local/lib/python3.8/site-packages/airflow/example_dags/example_branch_operator_decorator.py
[2023-12-22T19:10:09.952+0000] {processor.py:829} INFO - Processing file /home/airflow/.local/lib/python3.8/site-packages/airflow/example_dags/example_branch_operator_decorator.py for tasks to queue
[2023-12-22T19:10:09.957+0000] {logging_mixin.py:154} INFO - [2023-12-22T19:10:09.956+0000] {dagbag.py:536} INFO - Filling up the DagBag from /home/airflow/.local/lib/python3.8/site-packages/airflow/example_dags/example_branch_operator_decorator.py
[2023-12-22T19:10:09.974+0000] {processor.py:839} INFO - DAG(s) dict_keys(['example_branch_python_operator_decorator']) retrieved from /home/airflow/.local/lib/python3.8/site-packages/airflow/example_dags/example_branch_operator_decorator.py
[2023-12-22T19:10:10.013+0000] {logging_mixin.py:154} INFO - [2023-12-22T19:10:10.012+0000] {dag.py:2941} INFO - Sync 1 DAGs
[2023-12-22T19:10:10.050+0000] {logging_mixin.py:154} INFO - [2023-12-22T19:10:10.050+0000] {dag.py:3722} INFO - Setting next_dagrun for example_branch_python_operator_decorator to 2023-12-21T00:00:00+00:00, run_after=2023-12-22T00:00:00+00:00
[2023-12-22T19:10:10.093+0000] {processor.py:179} INFO - Processing /home/airflow/.local/lib/python3.8/site-packages/airflow/example_dags/example_branch_operator_decorator.py took 0.150 seconds
[2023-12-22T19:10:40.510+0000] {processor.py:157} INFO - Started process (PID=886) to work on /home/airflow/.local/lib/python3.8/site-packages/airflow/example_dags/example_branch_operator_decorator.py
[2023-12-22T19:10:40.512+0000] {processor.py:829} INFO - Processing file /home/airflow/.local/lib/python3.8/site-packages/airflow/example_dags/example_branch_operator_decorator.py for tasks to queue
[2023-12-22T19:10:40.517+0000] {logging_mixin.py:154} INFO - [2023-12-22T19:10:40.517+0000] {dagbag.py:536} INFO - Filling up the DagBag from /home/airflow/.local/lib/python3.8/site-packages/airflow/example_dags/example_branch_operator_decorator.py
[2023-12-22T19:10:40.535+0000] {processor.py:839} INFO - DAG(s) dict_keys(['example_branch_python_operator_decorator']) retrieved from /home/airflow/.local/lib/python3.8/site-packages/airflow/example_dags/example_branch_operator_decorator.py
[2023-12-22T19:10:40.578+0000] {logging_mixin.py:154} INFO - [2023-12-22T19:10:40.578+0000] {dag.py:2941} INFO - Sync 1 DAGs
[2023-12-22T19:10:40.614+0000] {logging_mixin.py:154} INFO - [2023-12-22T19:10:40.614+0000] {dag.py:3722} INFO - Setting next_dagrun for example_branch_python_operator_decorator to 2023-12-21T00:00:00+00:00, run_after=2023-12-22T00:00:00+00:00
[2023-12-22T19:10:40.647+0000] {processor.py:179} INFO - Processing /home/airflow/.local/lib/python3.8/site-packages/airflow/example_dags/example_branch_operator_decorator.py took 0.143 seconds
[2023-12-22T19:11:11.208+0000] {processor.py:157} INFO - Started process (PID=942) to work on /home/airflow/.local/lib/python3.8/site-packages/airflow/example_dags/example_branch_operator_decorator.py
[2023-12-22T19:11:11.210+0000] {processor.py:829} INFO - Processing file /home/airflow/.local/lib/python3.8/site-packages/airflow/example_dags/example_branch_operator_decorator.py for tasks to queue
[2023-12-22T19:11:11.215+0000] {logging_mixin.py:154} INFO - [2023-12-22T19:11:11.215+0000] {dagbag.py:536} INFO - Filling up the DagBag from /home/airflow/.local/lib/python3.8/site-packages/airflow/example_dags/example_branch_operator_decorator.py
[2023-12-22T19:11:11.231+0000] {processor.py:839} INFO - DAG(s) dict_keys(['example_branch_python_operator_decorator']) retrieved from /home/airflow/.local/lib/python3.8/site-packages/airflow/example_dags/example_branch_operator_decorator.py
[2023-12-22T19:11:11.271+0000] {logging_mixin.py:154} INFO - [2023-12-22T19:11:11.271+0000] {dag.py:2941} INFO - Sync 1 DAGs
[2023-12-22T19:11:11.305+0000] {logging_mixin.py:154} INFO - [2023-12-22T19:11:11.304+0000] {dag.py:3722} INFO - Setting next_dagrun for example_branch_python_operator_decorator to 2023-12-21T00:00:00+00:00, run_after=2023-12-22T00:00:00+00:00
[2023-12-22T19:11:11.338+0000] {processor.py:179} INFO - Processing /home/airflow/.local/lib/python3.8/site-packages/airflow/example_dags/example_branch_operator_decorator.py took 0.135 seconds
[2023-12-22T19:11:42.489+0000] {processor.py:157} INFO - Started process (PID=998) to work on /home/airflow/.local/lib/python3.8/site-packages/airflow/example_dags/example_branch_operator_decorator.py
[2023-12-22T19:11:42.491+0000] {processor.py:829} INFO - Processing file /home/airflow/.local/lib/python3.8/site-packages/airflow/example_dags/example_branch_operator_decorator.py for tasks to queue
[2023-12-22T19:11:42.495+0000] {logging_mixin.py:154} INFO - [2023-12-22T19:11:42.494+0000] {dagbag.py:536} INFO - Filling up the DagBag from /home/airflow/.local/lib/python3.8/site-packages/airflow/example_dags/example_branch_operator_decorator.py
[2023-12-22T19:11:42.511+0000] {processor.py:839} INFO - DAG(s) dict_keys(['example_branch_python_operator_decorator']) retrieved from /home/airflow/.local/lib/python3.8/site-packages/airflow/example_dags/example_branch_operator_decorator.py
[2023-12-22T19:11:42.558+0000] {logging_mixin.py:154} INFO - [2023-12-22T19:11:42.558+0000] {dag.py:2941} INFO - Sync 1 DAGs
[2023-12-22T19:11:42.612+0000] {logging_mixin.py:154} INFO - [2023-12-22T19:11:42.612+0000] {dag.py:3722} INFO - Setting next_dagrun for example_branch_python_operator_decorator to 2023-12-21T00:00:00+00:00, run_after=2023-12-22T00:00:00+00:00
[2023-12-22T19:11:42.641+0000] {processor.py:179} INFO - Processing /home/airflow/.local/lib/python3.8/site-packages/airflow/example_dags/example_branch_operator_decorator.py took 0.159 seconds
[2023-12-22T19:12:13.061+0000] {processor.py:157} INFO - Started process (PID=1055) to work on /home/airflow/.local/lib/python3.8/site-packages/airflow/example_dags/example_branch_operator_decorator.py
[2023-12-22T19:12:13.064+0000] {processor.py:829} INFO - Processing file /home/airflow/.local/lib/python3.8/site-packages/airflow/example_dags/example_branch_operator_decorator.py for tasks to queue
[2023-12-22T19:12:13.071+0000] {logging_mixin.py:154} INFO - [2023-12-22T19:12:13.070+0000] {dagbag.py:536} INFO - Filling up the DagBag from /home/airflow/.local/lib/python3.8/site-packages/airflow/example_dags/example_branch_operator_decorator.py
[2023-12-22T19:12:13.090+0000] {processor.py:839} INFO - DAG(s) dict_keys(['example_branch_python_operator_decorator']) retrieved from /home/airflow/.local/lib/python3.8/site-packages/airflow/example_dags/example_branch_operator_decorator.py
[2023-12-22T19:12:13.127+0000] {logging_mixin.py:154} INFO - [2023-12-22T19:12:13.127+0000] {dag.py:2941} INFO - Sync 1 DAGs
[2023-12-22T19:12:13.169+0000] {logging_mixin.py:154} INFO - [2023-12-22T19:12:13.169+0000] {dag.py:3722} INFO - Setting next_dagrun for example_branch_python_operator_decorator to 2023-12-21T00:00:00+00:00, run_after=2023-12-22T00:00:00+00:00
[2023-12-22T19:12:13.198+0000] {processor.py:179} INFO - Processing /home/airflow/.local/lib/python3.8/site-packages/airflow/example_dags/example_branch_operator_decorator.py took 0.145 seconds
[2023-12-22T19:12:43.984+0000] {processor.py:157} INFO - Started process (PID=1111) to work on /home/airflow/.local/lib/python3.8/site-packages/airflow/example_dags/example_branch_operator_decorator.py
[2023-12-22T19:12:43.986+0000] {processor.py:829} INFO - Processing file /home/airflow/.local/lib/python3.8/site-packages/airflow/example_dags/example_branch_operator_decorator.py for tasks to queue
[2023-12-22T19:12:43.991+0000] {logging_mixin.py:154} INFO - [2023-12-22T19:12:43.991+0000] {dagbag.py:536} INFO - Filling up the DagBag from /home/airflow/.local/lib/python3.8/site-packages/airflow/example_dags/example_branch_operator_decorator.py
[2023-12-22T19:12:44.007+0000] {processor.py:839} INFO - DAG(s) dict_keys(['example_branch_python_operator_decorator']) retrieved from /home/airflow/.local/lib/python3.8/site-packages/airflow/example_dags/example_branch_operator_decorator.py
[2023-12-22T19:12:44.047+0000] {logging_mixin.py:154} INFO - [2023-12-22T19:12:44.047+0000] {dag.py:2941} INFO - Sync 1 DAGs
[2023-12-22T19:12:44.085+0000] {logging_mixin.py:154} INFO - [2023-12-22T19:12:44.084+0000] {dag.py:3722} INFO - Setting next_dagrun for example_branch_python_operator_decorator to 2023-12-21T00:00:00+00:00, run_after=2023-12-22T00:00:00+00:00
[2023-12-22T19:12:44.118+0000] {processor.py:179} INFO - Processing /home/airflow/.local/lib/python3.8/site-packages/airflow/example_dags/example_branch_operator_decorator.py took 0.140 seconds
[2023-12-22T19:13:15.163+0000] {processor.py:157} INFO - Started process (PID=1167) to work on /home/airflow/.local/lib/python3.8/site-packages/airflow/example_dags/example_branch_operator_decorator.py
[2023-12-22T19:13:15.165+0000] {processor.py:829} INFO - Processing file /home/airflow/.local/lib/python3.8/site-packages/airflow/example_dags/example_branch_operator_decorator.py for tasks to queue
[2023-12-22T19:13:15.170+0000] {logging_mixin.py:154} INFO - [2023-12-22T19:13:15.169+0000] {dagbag.py:536} INFO - Filling up the DagBag from /home/airflow/.local/lib/python3.8/site-packages/airflow/example_dags/example_branch_operator_decorator.py
[2023-12-22T19:13:15.186+0000] {processor.py:839} INFO - DAG(s) dict_keys(['example_branch_python_operator_decorator']) retrieved from /home/airflow/.local/lib/python3.8/site-packages/airflow/example_dags/example_branch_operator_decorator.py
[2023-12-22T19:13:15.226+0000] {logging_mixin.py:154} INFO - [2023-12-22T19:13:15.226+0000] {dag.py:2941} INFO - Sync 1 DAGs
[2023-12-22T19:13:15.262+0000] {logging_mixin.py:154} INFO - [2023-12-22T19:13:15.262+0000] {dag.py:3722} INFO - Setting next_dagrun for example_branch_python_operator_decorator to 2023-12-21T00:00:00+00:00, run_after=2023-12-22T00:00:00+00:00
[2023-12-22T19:13:15.358+0000] {processor.py:179} INFO - Processing /home/airflow/.local/lib/python3.8/site-packages/airflow/example_dags/example_branch_operator_decorator.py took 0.201 seconds
[2023-12-22T19:13:45.433+0000] {processor.py:157} INFO - Started process (PID=1222) to work on /home/airflow/.local/lib/python3.8/site-packages/airflow/example_dags/example_branch_operator_decorator.py
[2023-12-22T19:13:45.435+0000] {processor.py:829} INFO - Processing file /home/airflow/.local/lib/python3.8/site-packages/airflow/example_dags/example_branch_operator_decorator.py for tasks to queue
[2023-12-22T19:13:45.440+0000] {logging_mixin.py:154} INFO - [2023-12-22T19:13:45.439+0000] {dagbag.py:536} INFO - Filling up the DagBag from /home/airflow/.local/lib/python3.8/site-packages/airflow/example_dags/example_branch_operator_decorator.py
[2023-12-22T19:13:45.456+0000] {processor.py:839} INFO - DAG(s) dict_keys(['example_branch_python_operator_decorator']) retrieved from /home/airflow/.local/lib/python3.8/site-packages/airflow/example_dags/example_branch_operator_decorator.py
[2023-12-22T19:13:45.494+0000] {logging_mixin.py:154} INFO - [2023-12-22T19:13:45.493+0000] {dag.py:2941} INFO - Sync 1 DAGs
[2023-12-22T19:13:45.530+0000] {logging_mixin.py:154} INFO - [2023-12-22T19:13:45.530+0000] {dag.py:3722} INFO - Setting next_dagrun for example_branch_python_operator_decorator to 2023-12-21T00:00:00+00:00, run_after=2023-12-22T00:00:00+00:00
[2023-12-22T19:13:45.561+0000] {processor.py:179} INFO - Processing /home/airflow/.local/lib/python3.8/site-packages/airflow/example_dags/example_branch_operator_decorator.py took 0.133 seconds
[2023-12-22T19:14:16.160+0000] {processor.py:157} INFO - Started process (PID=1279) to work on /home/airflow/.local/lib/python3.8/site-packages/airflow/example_dags/example_branch_operator_decorator.py
[2023-12-22T19:14:16.163+0000] {processor.py:829} INFO - Processing file /home/airflow/.local/lib/python3.8/site-packages/airflow/example_dags/example_branch_operator_decorator.py for tasks to queue
[2023-12-22T19:14:16.167+0000] {logging_mixin.py:154} INFO - [2023-12-22T19:14:16.166+0000] {dagbag.py:536} INFO - Filling up the DagBag from /home/airflow/.local/lib/python3.8/site-packages/airflow/example_dags/example_branch_operator_decorator.py
[2023-12-22T19:14:16.185+0000] {processor.py:839} INFO - DAG(s) dict_keys(['example_branch_python_operator_decorator']) retrieved from /home/airflow/.local/lib/python3.8/site-packages/airflow/example_dags/example_branch_operator_decorator.py
[2023-12-22T19:14:16.225+0000] {logging_mixin.py:154} INFO - [2023-12-22T19:14:16.225+0000] {dag.py:2941} INFO - Sync 1 DAGs
[2023-12-22T19:14:16.260+0000] {logging_mixin.py:154} INFO - [2023-12-22T19:14:16.259+0000] {dag.py:3722} INFO - Setting next_dagrun for example_branch_python_operator_decorator to 2023-12-21T00:00:00+00:00, run_after=2023-12-22T00:00:00+00:00
[2023-12-22T19:14:16.290+0000] {processor.py:179} INFO - Processing /home/airflow/.local/lib/python3.8/site-packages/airflow/example_dags/example_branch_operator_decorator.py took 0.135 seconds
[2023-12-22T19:14:46.486+0000] {processor.py:157} INFO - Started process (PID=1335) to work on /home/airflow/.local/lib/python3.8/site-packages/airflow/example_dags/example_branch_operator_decorator.py
[2023-12-22T19:14:46.489+0000] {processor.py:829} INFO - Processing file /home/airflow/.local/lib/python3.8/site-packages/airflow/example_dags/example_branch_operator_decorator.py for tasks to queue
[2023-12-22T19:14:46.497+0000] {logging_mixin.py:154} INFO - [2023-12-22T19:14:46.496+0000] {dagbag.py:536} INFO - Filling up the DagBag from /home/airflow/.local/lib/python3.8/site-packages/airflow/example_dags/example_branch_operator_decorator.py
[2023-12-22T19:14:46.515+0000] {processor.py:839} INFO - DAG(s) dict_keys(['example_branch_python_operator_decorator']) retrieved from /home/airflow/.local/lib/python3.8/site-packages/airflow/example_dags/example_branch_operator_decorator.py
[2023-12-22T19:14:46.556+0000] {logging_mixin.py:154} INFO - [2023-12-22T19:14:46.555+0000] {dag.py:2941} INFO - Sync 1 DAGs
[2023-12-22T19:14:46.599+0000] {logging_mixin.py:154} INFO - [2023-12-22T19:14:46.599+0000] {dag.py:3722} INFO - Setting next_dagrun for example_branch_python_operator_decorator to 2023-12-21T00:00:00+00:00, run_after=2023-12-22T00:00:00+00:00
[2023-12-22T19:14:46.635+0000] {processor.py:179} INFO - Processing /home/airflow/.local/lib/python3.8/site-packages/airflow/example_dags/example_branch_operator_decorator.py took 0.158 seconds
[2023-12-22T19:15:16.966+0000] {processor.py:157} INFO - Started process (PID=1391) to work on /home/airflow/.local/lib/python3.8/site-packages/airflow/example_dags/example_branch_operator_decorator.py
[2023-12-22T19:15:16.971+0000] {processor.py:829} INFO - Processing file /home/airflow/.local/lib/python3.8/site-packages/airflow/example_dags/example_branch_operator_decorator.py for tasks to queue
[2023-12-22T19:15:16.975+0000] {logging_mixin.py:154} INFO - [2023-12-22T19:15:16.975+0000] {dagbag.py:536} INFO - Filling up the DagBag from /home/airflow/.local/lib/python3.8/site-packages/airflow/example_dags/example_branch_operator_decorator.py
[2023-12-22T19:15:16.993+0000] {processor.py:839} INFO - DAG(s) dict_keys(['example_branch_python_operator_decorator']) retrieved from /home/airflow/.local/lib/python3.8/site-packages/airflow/example_dags/example_branch_operator_decorator.py
[2023-12-22T19:15:17.041+0000] {logging_mixin.py:154} INFO - [2023-12-22T19:15:17.040+0000] {dag.py:2941} INFO - Sync 1 DAGs
[2023-12-22T19:15:17.076+0000] {logging_mixin.py:154} INFO - [2023-12-22T19:15:17.075+0000] {dag.py:3722} INFO - Setting next_dagrun for example_branch_python_operator_decorator to 2023-12-21T00:00:00+00:00, run_after=2023-12-22T00:00:00+00:00
[2023-12-22T19:15:17.112+0000] {processor.py:179} INFO - Processing /home/airflow/.local/lib/python3.8/site-packages/airflow/example_dags/example_branch_operator_decorator.py took 0.152 seconds
[2023-12-22T19:15:47.226+0000] {processor.py:157} INFO - Started process (PID=1447) to work on /home/airflow/.local/lib/python3.8/site-packages/airflow/example_dags/example_branch_operator_decorator.py
[2023-12-22T19:15:47.231+0000] {processor.py:829} INFO - Processing file /home/airflow/.local/lib/python3.8/site-packages/airflow/example_dags/example_branch_operator_decorator.py for tasks to queue
[2023-12-22T19:15:47.238+0000] {logging_mixin.py:154} INFO - [2023-12-22T19:15:47.237+0000] {dagbag.py:536} INFO - Filling up the DagBag from /home/airflow/.local/lib/python3.8/site-packages/airflow/example_dags/example_branch_operator_decorator.py
[2023-12-22T19:15:47.255+0000] {processor.py:839} INFO - DAG(s) dict_keys(['example_branch_python_operator_decorator']) retrieved from /home/airflow/.local/lib/python3.8/site-packages/airflow/example_dags/example_branch_operator_decorator.py
[2023-12-22T19:15:47.294+0000] {logging_mixin.py:154} INFO - [2023-12-22T19:15:47.294+0000] {dag.py:2941} INFO - Sync 1 DAGs
[2023-12-22T19:15:47.342+0000] {logging_mixin.py:154} INFO - [2023-12-22T19:15:47.342+0000] {dag.py:3722} INFO - Setting next_dagrun for example_branch_python_operator_decorator to 2023-12-21T00:00:00+00:00, run_after=2023-12-22T00:00:00+00:00
[2023-12-22T19:15:47.376+0000] {processor.py:179} INFO - Processing /home/airflow/.local/lib/python3.8/site-packages/airflow/example_dags/example_branch_operator_decorator.py took 0.156 seconds
[2023-12-22T19:16:17.426+0000] {processor.py:157} INFO - Started process (PID=1503) to work on /home/airflow/.local/lib/python3.8/site-packages/airflow/example_dags/example_branch_operator_decorator.py
[2023-12-22T19:16:17.428+0000] {processor.py:829} INFO - Processing file /home/airflow/.local/lib/python3.8/site-packages/airflow/example_dags/example_branch_operator_decorator.py for tasks to queue
[2023-12-22T19:16:17.432+0000] {logging_mixin.py:154} INFO - [2023-12-22T19:16:17.431+0000] {dagbag.py:536} INFO - Filling up the DagBag from /home/airflow/.local/lib/python3.8/site-packages/airflow/example_dags/example_branch_operator_decorator.py
[2023-12-22T19:16:17.448+0000] {processor.py:839} INFO - DAG(s) dict_keys(['example_branch_python_operator_decorator']) retrieved from /home/airflow/.local/lib/python3.8/site-packages/airflow/example_dags/example_branch_operator_decorator.py
[2023-12-22T19:16:17.489+0000] {logging_mixin.py:154} INFO - [2023-12-22T19:16:17.489+0000] {dag.py:2941} INFO - Sync 1 DAGs
[2023-12-22T19:16:17.525+0000] {logging_mixin.py:154} INFO - [2023-12-22T19:16:17.525+0000] {dag.py:3722} INFO - Setting next_dagrun for example_branch_python_operator_decorator to 2023-12-21T00:00:00+00:00, run_after=2023-12-22T00:00:00+00:00
[2023-12-22T19:16:17.558+0000] {processor.py:179} INFO - Processing /home/airflow/.local/lib/python3.8/site-packages/airflow/example_dags/example_branch_operator_decorator.py took 0.139 seconds
[2023-12-22T19:16:47.657+0000] {processor.py:157} INFO - Started process (PID=1558) to work on /home/airflow/.local/lib/python3.8/site-packages/airflow/example_dags/example_branch_operator_decorator.py
[2023-12-22T19:16:47.659+0000] {processor.py:829} INFO - Processing file /home/airflow/.local/lib/python3.8/site-packages/airflow/example_dags/example_branch_operator_decorator.py for tasks to queue
[2023-12-22T19:16:47.663+0000] {logging_mixin.py:154} INFO - [2023-12-22T19:16:47.663+0000] {dagbag.py:536} INFO - Filling up the DagBag from /home/airflow/.local/lib/python3.8/site-packages/airflow/example_dags/example_branch_operator_decorator.py
[2023-12-22T19:16:47.680+0000] {processor.py:839} INFO - DAG(s) dict_keys(['example_branch_python_operator_decorator']) retrieved from /home/airflow/.local/lib/python3.8/site-packages/airflow/example_dags/example_branch_operator_decorator.py
[2023-12-22T19:16:47.717+0000] {logging_mixin.py:154} INFO - [2023-12-22T19:16:47.716+0000] {dag.py:2941} INFO - Sync 1 DAGs
[2023-12-22T19:16:47.751+0000] {logging_mixin.py:154} INFO - [2023-12-22T19:16:47.751+0000] {dag.py:3722} INFO - Setting next_dagrun for example_branch_python_operator_decorator to 2023-12-21T00:00:00+00:00, run_after=2023-12-22T00:00:00+00:00
[2023-12-22T19:16:47.784+0000] {processor.py:179} INFO - Processing /home/airflow/.local/lib/python3.8/site-packages/airflow/example_dags/example_branch_operator_decorator.py took 0.133 seconds
[2023-12-22T19:17:17.831+0000] {processor.py:157} INFO - Started process (PID=1614) to work on /home/airflow/.local/lib/python3.8/site-packages/airflow/example_dags/example_branch_operator_decorator.py
[2023-12-22T19:17:17.834+0000] {processor.py:829} INFO - Processing file /home/airflow/.local/lib/python3.8/site-packages/airflow/example_dags/example_branch_operator_decorator.py for tasks to queue
[2023-12-22T19:17:17.841+0000] {logging_mixin.py:154} INFO - [2023-12-22T19:17:17.841+0000] {dagbag.py:536} INFO - Filling up the DagBag from /home/airflow/.local/lib/python3.8/site-packages/airflow/example_dags/example_branch_operator_decorator.py
[2023-12-22T19:17:17.858+0000] {processor.py:839} INFO - DAG(s) dict_keys(['example_branch_python_operator_decorator']) retrieved from /home/airflow/.local/lib/python3.8/site-packages/airflow/example_dags/example_branch_operator_decorator.py
[2023-12-22T19:17:17.898+0000] {logging_mixin.py:154} INFO - [2023-12-22T19:17:17.898+0000] {dag.py:2941} INFO - Sync 1 DAGs
[2023-12-22T19:17:17.944+0000] {logging_mixin.py:154} INFO - [2023-12-22T19:17:17.944+0000] {dag.py:3722} INFO - Setting next_dagrun for example_branch_python_operator_decorator to 2023-12-21T00:00:00+00:00, run_after=2023-12-22T00:00:00+00:00
[2023-12-22T19:17:17.976+0000] {processor.py:179} INFO - Processing /home/airflow/.local/lib/python3.8/site-packages/airflow/example_dags/example_branch_operator_decorator.py took 0.150 seconds
[2023-12-22T19:17:48.210+0000] {processor.py:157} INFO - Started process (PID=1670) to work on /home/airflow/.local/lib/python3.8/site-packages/airflow/example_dags/example_branch_operator_decorator.py
[2023-12-22T19:17:48.212+0000] {processor.py:829} INFO - Processing file /home/airflow/.local/lib/python3.8/site-packages/airflow/example_dags/example_branch_operator_decorator.py for tasks to queue
[2023-12-22T19:17:48.216+0000] {logging_mixin.py:154} INFO - [2023-12-22T19:17:48.215+0000] {dagbag.py:536} INFO - Filling up the DagBag from /home/airflow/.local/lib/python3.8/site-packages/airflow/example_dags/example_branch_operator_decorator.py
[2023-12-22T19:17:48.238+0000] {processor.py:839} INFO - DAG(s) dict_keys(['example_branch_python_operator_decorator']) retrieved from /home/airflow/.local/lib/python3.8/site-packages/airflow/example_dags/example_branch_operator_decorator.py
[2023-12-22T19:17:48.274+0000] {logging_mixin.py:154} INFO - [2023-12-22T19:17:48.273+0000] {dag.py:2941} INFO - Sync 1 DAGs
[2023-12-22T19:17:48.309+0000] {logging_mixin.py:154} INFO - [2023-12-22T19:17:48.309+0000] {dag.py:3722} INFO - Setting next_dagrun for example_branch_python_operator_decorator to 2023-12-21T00:00:00+00:00, run_after=2023-12-22T00:00:00+00:00
[2023-12-22T19:17:48.343+0000] {processor.py:179} INFO - Processing /home/airflow/.local/lib/python3.8/site-packages/airflow/example_dags/example_branch_operator_decorator.py took 0.139 seconds
[2023-12-22T19:18:18.523+0000] {processor.py:157} INFO - Started process (PID=1727) to work on /home/airflow/.local/lib/python3.8/site-packages/airflow/example_dags/example_branch_operator_decorator.py
[2023-12-22T19:18:18.525+0000] {processor.py:829} INFO - Processing file /home/airflow/.local/lib/python3.8/site-packages/airflow/example_dags/example_branch_operator_decorator.py for tasks to queue
[2023-12-22T19:18:18.530+0000] {logging_mixin.py:154} INFO - [2023-12-22T19:18:18.529+0000] {dagbag.py:536} INFO - Filling up the DagBag from /home/airflow/.local/lib/python3.8/site-packages/airflow/example_dags/example_branch_operator_decorator.py
[2023-12-22T19:18:18.546+0000] {processor.py:839} INFO - DAG(s) dict_keys(['example_branch_python_operator_decorator']) retrieved from /home/airflow/.local/lib/python3.8/site-packages/airflow/example_dags/example_branch_operator_decorator.py
[2023-12-22T19:18:18.584+0000] {logging_mixin.py:154} INFO - [2023-12-22T19:18:18.583+0000] {dag.py:2941} INFO - Sync 1 DAGs
[2023-12-22T19:18:18.618+0000] {logging_mixin.py:154} INFO - [2023-12-22T19:18:18.618+0000] {dag.py:3722} INFO - Setting next_dagrun for example_branch_python_operator_decorator to 2023-12-21T00:00:00+00:00, run_after=2023-12-22T00:00:00+00:00
[2023-12-22T19:18:18.650+0000] {processor.py:179} INFO - Processing /home/airflow/.local/lib/python3.8/site-packages/airflow/example_dags/example_branch_operator_decorator.py took 0.134 seconds
[2023-12-22T19:18:48.887+0000] {processor.py:157} INFO - Started process (PID=1783) to work on /home/airflow/.local/lib/python3.8/site-packages/airflow/example_dags/example_branch_operator_decorator.py
[2023-12-22T19:18:48.889+0000] {processor.py:829} INFO - Processing file /home/airflow/.local/lib/python3.8/site-packages/airflow/example_dags/example_branch_operator_decorator.py for tasks to queue
[2023-12-22T19:18:48.894+0000] {logging_mixin.py:154} INFO - [2023-12-22T19:18:48.893+0000] {dagbag.py:536} INFO - Filling up the DagBag from /home/airflow/.local/lib/python3.8/site-packages/airflow/example_dags/example_branch_operator_decorator.py
[2023-12-22T19:18:48.919+0000] {processor.py:839} INFO - DAG(s) dict_keys(['example_branch_python_operator_decorator']) retrieved from /home/airflow/.local/lib/python3.8/site-packages/airflow/example_dags/example_branch_operator_decorator.py
[2023-12-22T19:18:48.960+0000] {logging_mixin.py:154} INFO - [2023-12-22T19:18:48.960+0000] {dag.py:2941} INFO - Sync 1 DAGs
[2023-12-22T19:18:49.004+0000] {logging_mixin.py:154} INFO - [2023-12-22T19:18:49.004+0000] {dag.py:3722} INFO - Setting next_dagrun for example_branch_python_operator_decorator to 2023-12-21T00:00:00+00:00, run_after=2023-12-22T00:00:00+00:00
[2023-12-22T19:18:49.049+0000] {processor.py:179} INFO - Processing /home/airflow/.local/lib/python3.8/site-packages/airflow/example_dags/example_branch_operator_decorator.py took 0.171 seconds
[2023-12-22T19:19:19.274+0000] {processor.py:157} INFO - Started process (PID=1839) to work on /home/airflow/.local/lib/python3.8/site-packages/airflow/example_dags/example_branch_operator_decorator.py
[2023-12-22T19:19:19.276+0000] {processor.py:829} INFO - Processing file /home/airflow/.local/lib/python3.8/site-packages/airflow/example_dags/example_branch_operator_decorator.py for tasks to queue
[2023-12-22T19:19:19.280+0000] {logging_mixin.py:154} INFO - [2023-12-22T19:19:19.279+0000] {dagbag.py:536} INFO - Filling up the DagBag from /home/airflow/.local/lib/python3.8/site-packages/airflow/example_dags/example_branch_operator_decorator.py
[2023-12-22T19:19:19.297+0000] {processor.py:839} INFO - DAG(s) dict_keys(['example_branch_python_operator_decorator']) retrieved from /home/airflow/.local/lib/python3.8/site-packages/airflow/example_dags/example_branch_operator_decorator.py
[2023-12-22T19:19:19.334+0000] {logging_mixin.py:154} INFO - [2023-12-22T19:19:19.333+0000] {dag.py:2941} INFO - Sync 1 DAGs
[2023-12-22T19:19:19.368+0000] {logging_mixin.py:154} INFO - [2023-12-22T19:19:19.367+0000] {dag.py:3722} INFO - Setting next_dagrun for example_branch_python_operator_decorator to 2023-12-21T00:00:00+00:00, run_after=2023-12-22T00:00:00+00:00
[2023-12-22T19:19:19.406+0000] {processor.py:179} INFO - Processing /home/airflow/.local/lib/python3.8/site-packages/airflow/example_dags/example_branch_operator_decorator.py took 0.138 seconds
[2023-12-22T19:19:49.493+0000] {processor.py:157} INFO - Started process (PID=1895) to work on /home/airflow/.local/lib/python3.8/site-packages/airflow/example_dags/example_branch_operator_decorator.py
[2023-12-22T19:19:49.495+0000] {processor.py:829} INFO - Processing file /home/airflow/.local/lib/python3.8/site-packages/airflow/example_dags/example_branch_operator_decorator.py for tasks to queue
[2023-12-22T19:19:49.500+0000] {logging_mixin.py:154} INFO - [2023-12-22T19:19:49.500+0000] {dagbag.py:536} INFO - Filling up the DagBag from /home/airflow/.local/lib/python3.8/site-packages/airflow/example_dags/example_branch_operator_decorator.py
[2023-12-22T19:19:49.519+0000] {processor.py:839} INFO - DAG(s) dict_keys(['example_branch_python_operator_decorator']) retrieved from /home/airflow/.local/lib/python3.8/site-packages/airflow/example_dags/example_branch_operator_decorator.py
[2023-12-22T19:19:49.562+0000] {logging_mixin.py:154} INFO - [2023-12-22T19:19:49.562+0000] {dag.py:2941} INFO - Sync 1 DAGs
[2023-12-22T19:19:49.603+0000] {logging_mixin.py:154} INFO - [2023-12-22T19:19:49.603+0000] {dag.py:3722} INFO - Setting next_dagrun for example_branch_python_operator_decorator to 2023-12-21T00:00:00+00:00, run_after=2023-12-22T00:00:00+00:00
[2023-12-22T19:19:49.642+0000] {processor.py:179} INFO - Processing /home/airflow/.local/lib/python3.8/site-packages/airflow/example_dags/example_branch_operator_decorator.py took 0.156 seconds
[2023-12-22T19:20:20.115+0000] {processor.py:157} INFO - Started process (PID=1951) to work on /home/airflow/.local/lib/python3.8/site-packages/airflow/example_dags/example_branch_operator_decorator.py
[2023-12-22T19:20:20.117+0000] {processor.py:829} INFO - Processing file /home/airflow/.local/lib/python3.8/site-packages/airflow/example_dags/example_branch_operator_decorator.py for tasks to queue
[2023-12-22T19:20:20.122+0000] {logging_mixin.py:154} INFO - [2023-12-22T19:20:20.121+0000] {dagbag.py:536} INFO - Filling up the DagBag from /home/airflow/.local/lib/python3.8/site-packages/airflow/example_dags/example_branch_operator_decorator.py
[2023-12-22T19:20:20.139+0000] {processor.py:839} INFO - DAG(s) dict_keys(['example_branch_python_operator_decorator']) retrieved from /home/airflow/.local/lib/python3.8/site-packages/airflow/example_dags/example_branch_operator_decorator.py
[2023-12-22T19:20:20.182+0000] {logging_mixin.py:154} INFO - [2023-12-22T19:20:20.181+0000] {dag.py:2941} INFO - Sync 1 DAGs
[2023-12-22T19:20:20.217+0000] {logging_mixin.py:154} INFO - [2023-12-22T19:20:20.217+0000] {dag.py:3722} INFO - Setting next_dagrun for example_branch_python_operator_decorator to 2023-12-21T00:00:00+00:00, run_after=2023-12-22T00:00:00+00:00
[2023-12-22T19:20:20.254+0000] {processor.py:179} INFO - Processing /home/airflow/.local/lib/python3.8/site-packages/airflow/example_dags/example_branch_operator_decorator.py took 0.144 seconds
[2023-12-22T20:14:08.973+0000] {processor.py:157} INFO - Started process (PID=40) to work on /home/airflow/.local/lib/python3.8/site-packages/airflow/example_dags/example_branch_operator_decorator.py
[2023-12-22T20:14:08.986+0000] {processor.py:829} INFO - Processing file /home/airflow/.local/lib/python3.8/site-packages/airflow/example_dags/example_branch_operator_decorator.py for tasks to queue
[2023-12-22T20:14:08.999+0000] {logging_mixin.py:154} INFO - [2023-12-22T20:14:08.999+0000] {dagbag.py:536} INFO - Filling up the DagBag from /home/airflow/.local/lib/python3.8/site-packages/airflow/example_dags/example_branch_operator_decorator.py
[2023-12-22T20:14:09.074+0000] {processor.py:839} INFO - DAG(s) dict_keys(['example_branch_python_operator_decorator']) retrieved from /home/airflow/.local/lib/python3.8/site-packages/airflow/example_dags/example_branch_operator_decorator.py
[2023-12-22T20:14:09.201+0000] {logging_mixin.py:154} INFO - [2023-12-22T20:14:09.200+0000] {dag.py:2941} INFO - Sync 1 DAGs
[2023-12-22T20:14:09.289+0000] {logging_mixin.py:154} INFO - [2023-12-22T20:14:09.288+0000] {dag.py:3722} INFO - Setting next_dagrun for example_branch_python_operator_decorator to 2023-12-21T00:00:00+00:00, run_after=2023-12-22T00:00:00+00:00
[2023-12-22T20:14:09.434+0000] {processor.py:179} INFO - Processing /home/airflow/.local/lib/python3.8/site-packages/airflow/example_dags/example_branch_operator_decorator.py took 0.502 seconds
[2023-12-22T20:14:40.175+0000] {processor.py:157} INFO - Started process (PID=96) to work on /home/airflow/.local/lib/python3.8/site-packages/airflow/example_dags/example_branch_operator_decorator.py
[2023-12-22T20:14:40.177+0000] {processor.py:829} INFO - Processing file /home/airflow/.local/lib/python3.8/site-packages/airflow/example_dags/example_branch_operator_decorator.py for tasks to queue
[2023-12-22T20:14:40.184+0000] {logging_mixin.py:154} INFO - [2023-12-22T20:14:40.184+0000] {dagbag.py:536} INFO - Filling up the DagBag from /home/airflow/.local/lib/python3.8/site-packages/airflow/example_dags/example_branch_operator_decorator.py
[2023-12-22T20:14:40.206+0000] {processor.py:839} INFO - DAG(s) dict_keys(['example_branch_python_operator_decorator']) retrieved from /home/airflow/.local/lib/python3.8/site-packages/airflow/example_dags/example_branch_operator_decorator.py
[2023-12-22T20:14:40.256+0000] {logging_mixin.py:154} INFO - [2023-12-22T20:14:40.256+0000] {dag.py:2941} INFO - Sync 1 DAGs
[2023-12-22T20:14:40.327+0000] {logging_mixin.py:154} INFO - [2023-12-22T20:14:40.327+0000] {dag.py:3722} INFO - Setting next_dagrun for example_branch_python_operator_decorator to 2023-12-21T00:00:00+00:00, run_after=2023-12-22T00:00:00+00:00
[2023-12-22T20:14:40.366+0000] {processor.py:179} INFO - Processing /home/airflow/.local/lib/python3.8/site-packages/airflow/example_dags/example_branch_operator_decorator.py took 0.199 seconds
[2023-12-22T20:15:10.585+0000] {processor.py:157} INFO - Started process (PID=152) to work on /home/airflow/.local/lib/python3.8/site-packages/airflow/example_dags/example_branch_operator_decorator.py
[2023-12-22T20:15:10.587+0000] {processor.py:829} INFO - Processing file /home/airflow/.local/lib/python3.8/site-packages/airflow/example_dags/example_branch_operator_decorator.py for tasks to queue
[2023-12-22T20:15:10.592+0000] {logging_mixin.py:154} INFO - [2023-12-22T20:15:10.591+0000] {dagbag.py:536} INFO - Filling up the DagBag from /home/airflow/.local/lib/python3.8/site-packages/airflow/example_dags/example_branch_operator_decorator.py
[2023-12-22T20:15:10.609+0000] {processor.py:839} INFO - DAG(s) dict_keys(['example_branch_python_operator_decorator']) retrieved from /home/airflow/.local/lib/python3.8/site-packages/airflow/example_dags/example_branch_operator_decorator.py
[2023-12-22T20:15:10.650+0000] {logging_mixin.py:154} INFO - [2023-12-22T20:15:10.649+0000] {dag.py:2941} INFO - Sync 1 DAGs
[2023-12-22T20:15:10.686+0000] {logging_mixin.py:154} INFO - [2023-12-22T20:15:10.686+0000] {dag.py:3722} INFO - Setting next_dagrun for example_branch_python_operator_decorator to 2023-12-21T00:00:00+00:00, run_after=2023-12-22T00:00:00+00:00
[2023-12-22T20:15:10.719+0000] {processor.py:179} INFO - Processing /home/airflow/.local/lib/python3.8/site-packages/airflow/example_dags/example_branch_operator_decorator.py took 0.140 seconds
[2023-12-22T20:15:40.913+0000] {processor.py:157} INFO - Started process (PID=207) to work on /home/airflow/.local/lib/python3.8/site-packages/airflow/example_dags/example_branch_operator_decorator.py
[2023-12-22T20:15:40.917+0000] {processor.py:829} INFO - Processing file /home/airflow/.local/lib/python3.8/site-packages/airflow/example_dags/example_branch_operator_decorator.py for tasks to queue
[2023-12-22T20:15:40.928+0000] {logging_mixin.py:154} INFO - [2023-12-22T20:15:40.926+0000] {dagbag.py:536} INFO - Filling up the DagBag from /home/airflow/.local/lib/python3.8/site-packages/airflow/example_dags/example_branch_operator_decorator.py
[2023-12-22T20:15:40.970+0000] {processor.py:839} INFO - DAG(s) dict_keys(['example_branch_python_operator_decorator']) retrieved from /home/airflow/.local/lib/python3.8/site-packages/airflow/example_dags/example_branch_operator_decorator.py
[2023-12-22T20:15:41.041+0000] {logging_mixin.py:154} INFO - [2023-12-22T20:15:41.040+0000] {dag.py:2941} INFO - Sync 1 DAGs
[2023-12-22T20:15:41.085+0000] {logging_mixin.py:154} INFO - [2023-12-22T20:15:41.085+0000] {dag.py:3722} INFO - Setting next_dagrun for example_branch_python_operator_decorator to 2023-12-21T00:00:00+00:00, run_after=2023-12-22T00:00:00+00:00
[2023-12-22T20:15:41.120+0000] {processor.py:179} INFO - Processing /home/airflow/.local/lib/python3.8/site-packages/airflow/example_dags/example_branch_operator_decorator.py took 0.216 seconds
[2023-12-22T20:17:47.504+0000] {processor.py:157} INFO - Started process (PID=41) to work on /home/airflow/.local/lib/python3.8/site-packages/airflow/example_dags/example_branch_operator_decorator.py
[2023-12-22T20:17:47.511+0000] {processor.py:829} INFO - Processing file /home/airflow/.local/lib/python3.8/site-packages/airflow/example_dags/example_branch_operator_decorator.py for tasks to queue
[2023-12-22T20:17:47.515+0000] {logging_mixin.py:154} INFO - [2023-12-22T20:17:47.514+0000] {dagbag.py:536} INFO - Filling up the DagBag from /home/airflow/.local/lib/python3.8/site-packages/airflow/example_dags/example_branch_operator_decorator.py
[2023-12-22T20:17:47.541+0000] {processor.py:839} INFO - DAG(s) dict_keys(['example_branch_python_operator_decorator']) retrieved from /home/airflow/.local/lib/python3.8/site-packages/airflow/example_dags/example_branch_operator_decorator.py
[2023-12-22T20:17:47.635+0000] {logging_mixin.py:154} INFO - [2023-12-22T20:17:47.634+0000] {dag.py:2941} INFO - Sync 1 DAGs
[2023-12-22T20:17:47.708+0000] {logging_mixin.py:154} INFO - [2023-12-22T20:17:47.708+0000] {dag.py:3722} INFO - Setting next_dagrun for example_branch_python_operator_decorator to 2023-12-21T00:00:00+00:00, run_after=2023-12-22T00:00:00+00:00
[2023-12-22T20:17:47.793+0000] {processor.py:179} INFO - Processing /home/airflow/.local/lib/python3.8/site-packages/airflow/example_dags/example_branch_operator_decorator.py took 0.310 seconds
[2023-12-22T20:18:18.179+0000] {processor.py:157} INFO - Started process (PID=97) to work on /home/airflow/.local/lib/python3.8/site-packages/airflow/example_dags/example_branch_operator_decorator.py
[2023-12-22T20:18:18.182+0000] {processor.py:829} INFO - Processing file /home/airflow/.local/lib/python3.8/site-packages/airflow/example_dags/example_branch_operator_decorator.py for tasks to queue
[2023-12-22T20:18:18.188+0000] {logging_mixin.py:154} INFO - [2023-12-22T20:18:18.188+0000] {dagbag.py:536} INFO - Filling up the DagBag from /home/airflow/.local/lib/python3.8/site-packages/airflow/example_dags/example_branch_operator_decorator.py
[2023-12-22T20:18:18.212+0000] {processor.py:839} INFO - DAG(s) dict_keys(['example_branch_python_operator_decorator']) retrieved from /home/airflow/.local/lib/python3.8/site-packages/airflow/example_dags/example_branch_operator_decorator.py
[2023-12-22T20:18:18.310+0000] {logging_mixin.py:154} INFO - [2023-12-22T20:18:18.309+0000] {dag.py:2941} INFO - Sync 1 DAGs
[2023-12-22T20:18:18.360+0000] {logging_mixin.py:154} INFO - [2023-12-22T20:18:18.360+0000] {dag.py:3722} INFO - Setting next_dagrun for example_branch_python_operator_decorator to 2023-12-21T00:00:00+00:00, run_after=2023-12-22T00:00:00+00:00
[2023-12-22T20:18:18.407+0000] {processor.py:179} INFO - Processing /home/airflow/.local/lib/python3.8/site-packages/airflow/example_dags/example_branch_operator_decorator.py took 0.238 seconds
[2023-12-22T20:18:49.548+0000] {processor.py:157} INFO - Started process (PID=153) to work on /home/airflow/.local/lib/python3.8/site-packages/airflow/example_dags/example_branch_operator_decorator.py
[2023-12-22T20:18:49.550+0000] {processor.py:829} INFO - Processing file /home/airflow/.local/lib/python3.8/site-packages/airflow/example_dags/example_branch_operator_decorator.py for tasks to queue
[2023-12-22T20:18:49.554+0000] {logging_mixin.py:154} INFO - [2023-12-22T20:18:49.554+0000] {dagbag.py:536} INFO - Filling up the DagBag from /home/airflow/.local/lib/python3.8/site-packages/airflow/example_dags/example_branch_operator_decorator.py
[2023-12-22T20:18:49.572+0000] {processor.py:839} INFO - DAG(s) dict_keys(['example_branch_python_operator_decorator']) retrieved from /home/airflow/.local/lib/python3.8/site-packages/airflow/example_dags/example_branch_operator_decorator.py
[2023-12-22T20:18:49.616+0000] {logging_mixin.py:154} INFO - [2023-12-22T20:18:49.615+0000] {dag.py:2941} INFO - Sync 1 DAGs
[2023-12-22T20:18:49.662+0000] {logging_mixin.py:154} INFO - [2023-12-22T20:18:49.662+0000] {dag.py:3722} INFO - Setting next_dagrun for example_branch_python_operator_decorator to 2023-12-21T00:00:00+00:00, run_after=2023-12-22T00:00:00+00:00
[2023-12-22T20:18:49.695+0000] {processor.py:179} INFO - Processing /home/airflow/.local/lib/python3.8/site-packages/airflow/example_dags/example_branch_operator_decorator.py took 0.154 seconds
[2023-12-22T20:19:20.238+0000] {processor.py:157} INFO - Started process (PID=209) to work on /home/airflow/.local/lib/python3.8/site-packages/airflow/example_dags/example_branch_operator_decorator.py
[2023-12-22T20:19:20.241+0000] {processor.py:829} INFO - Processing file /home/airflow/.local/lib/python3.8/site-packages/airflow/example_dags/example_branch_operator_decorator.py for tasks to queue
[2023-12-22T20:19:20.246+0000] {logging_mixin.py:154} INFO - [2023-12-22T20:19:20.246+0000] {dagbag.py:536} INFO - Filling up the DagBag from /home/airflow/.local/lib/python3.8/site-packages/airflow/example_dags/example_branch_operator_decorator.py
[2023-12-22T20:19:20.309+0000] {processor.py:839} INFO - DAG(s) dict_keys(['example_branch_python_operator_decorator']) retrieved from /home/airflow/.local/lib/python3.8/site-packages/airflow/example_dags/example_branch_operator_decorator.py
[2023-12-22T20:19:20.388+0000] {logging_mixin.py:154} INFO - [2023-12-22T20:19:20.388+0000] {dag.py:2941} INFO - Sync 1 DAGs
[2023-12-22T20:19:20.432+0000] {logging_mixin.py:154} INFO - [2023-12-22T20:19:20.432+0000] {dag.py:3722} INFO - Setting next_dagrun for example_branch_python_operator_decorator to 2023-12-21T00:00:00+00:00, run_after=2023-12-22T00:00:00+00:00
[2023-12-22T20:19:20.474+0000] {processor.py:179} INFO - Processing /home/airflow/.local/lib/python3.8/site-packages/airflow/example_dags/example_branch_operator_decorator.py took 0.244 seconds
[2023-12-22T20:19:51.155+0000] {processor.py:157} INFO - Started process (PID=265) to work on /home/airflow/.local/lib/python3.8/site-packages/airflow/example_dags/example_branch_operator_decorator.py
[2023-12-22T20:19:51.158+0000] {processor.py:829} INFO - Processing file /home/airflow/.local/lib/python3.8/site-packages/airflow/example_dags/example_branch_operator_decorator.py for tasks to queue
[2023-12-22T20:19:51.162+0000] {logging_mixin.py:154} INFO - [2023-12-22T20:19:51.162+0000] {dagbag.py:536} INFO - Filling up the DagBag from /home/airflow/.local/lib/python3.8/site-packages/airflow/example_dags/example_branch_operator_decorator.py
[2023-12-22T20:19:51.179+0000] {processor.py:839} INFO - DAG(s) dict_keys(['example_branch_python_operator_decorator']) retrieved from /home/airflow/.local/lib/python3.8/site-packages/airflow/example_dags/example_branch_operator_decorator.py
[2023-12-22T20:19:51.218+0000] {logging_mixin.py:154} INFO - [2023-12-22T20:19:51.218+0000] {dag.py:2941} INFO - Sync 1 DAGs
[2023-12-22T20:19:51.256+0000] {logging_mixin.py:154} INFO - [2023-12-22T20:19:51.256+0000] {dag.py:3722} INFO - Setting next_dagrun for example_branch_python_operator_decorator to 2023-12-21T00:00:00+00:00, run_after=2023-12-22T00:00:00+00:00
[2023-12-22T20:19:51.293+0000] {processor.py:179} INFO - Processing /home/airflow/.local/lib/python3.8/site-packages/airflow/example_dags/example_branch_operator_decorator.py took 0.144 seconds
[2023-12-22T20:20:21.740+0000] {processor.py:157} INFO - Started process (PID=321) to work on /home/airflow/.local/lib/python3.8/site-packages/airflow/example_dags/example_branch_operator_decorator.py
[2023-12-22T20:20:21.742+0000] {processor.py:829} INFO - Processing file /home/airflow/.local/lib/python3.8/site-packages/airflow/example_dags/example_branch_operator_decorator.py for tasks to queue
[2023-12-22T20:20:21.747+0000] {logging_mixin.py:154} INFO - [2023-12-22T20:20:21.747+0000] {dagbag.py:536} INFO - Filling up the DagBag from /home/airflow/.local/lib/python3.8/site-packages/airflow/example_dags/example_branch_operator_decorator.py
[2023-12-22T20:20:21.766+0000] {processor.py:839} INFO - DAG(s) dict_keys(['example_branch_python_operator_decorator']) retrieved from /home/airflow/.local/lib/python3.8/site-packages/airflow/example_dags/example_branch_operator_decorator.py
[2023-12-22T20:20:21.806+0000] {logging_mixin.py:154} INFO - [2023-12-22T20:20:21.805+0000] {dag.py:2941} INFO - Sync 1 DAGs
[2023-12-22T20:20:21.844+0000] {logging_mixin.py:154} INFO - [2023-12-22T20:20:21.844+0000] {dag.py:3722} INFO - Setting next_dagrun for example_branch_python_operator_decorator to 2023-12-21T00:00:00+00:00, run_after=2023-12-22T00:00:00+00:00
[2023-12-22T20:20:21.875+0000] {processor.py:179} INFO - Processing /home/airflow/.local/lib/python3.8/site-packages/airflow/example_dags/example_branch_operator_decorator.py took 0.147 seconds
[2023-12-22T20:20:52.141+0000] {processor.py:157} INFO - Started process (PID=376) to work on /home/airflow/.local/lib/python3.8/site-packages/airflow/example_dags/example_branch_operator_decorator.py
[2023-12-22T20:20:52.146+0000] {processor.py:829} INFO - Processing file /home/airflow/.local/lib/python3.8/site-packages/airflow/example_dags/example_branch_operator_decorator.py for tasks to queue
[2023-12-22T20:20:52.151+0000] {logging_mixin.py:154} INFO - [2023-12-22T20:20:52.151+0000] {dagbag.py:536} INFO - Filling up the DagBag from /home/airflow/.local/lib/python3.8/site-packages/airflow/example_dags/example_branch_operator_decorator.py
[2023-12-22T20:20:52.169+0000] {processor.py:839} INFO - DAG(s) dict_keys(['example_branch_python_operator_decorator']) retrieved from /home/airflow/.local/lib/python3.8/site-packages/airflow/example_dags/example_branch_operator_decorator.py
[2023-12-22T20:20:52.211+0000] {logging_mixin.py:154} INFO - [2023-12-22T20:20:52.211+0000] {dag.py:2941} INFO - Sync 1 DAGs
[2023-12-22T20:20:52.254+0000] {logging_mixin.py:154} INFO - [2023-12-22T20:20:52.254+0000] {dag.py:3722} INFO - Setting next_dagrun for example_branch_python_operator_decorator to 2023-12-21T00:00:00+00:00, run_after=2023-12-22T00:00:00+00:00
[2023-12-22T20:20:52.304+0000] {processor.py:179} INFO - Processing /home/airflow/.local/lib/python3.8/site-packages/airflow/example_dags/example_branch_operator_decorator.py took 0.169 seconds
[2023-12-22T20:21:23.111+0000] {processor.py:157} INFO - Started process (PID=432) to work on /home/airflow/.local/lib/python3.8/site-packages/airflow/example_dags/example_branch_operator_decorator.py
[2023-12-22T20:21:23.114+0000] {processor.py:829} INFO - Processing file /home/airflow/.local/lib/python3.8/site-packages/airflow/example_dags/example_branch_operator_decorator.py for tasks to queue
[2023-12-22T20:21:23.120+0000] {logging_mixin.py:154} INFO - [2023-12-22T20:21:23.119+0000] {dagbag.py:536} INFO - Filling up the DagBag from /home/airflow/.local/lib/python3.8/site-packages/airflow/example_dags/example_branch_operator_decorator.py
[2023-12-22T20:21:23.142+0000] {processor.py:839} INFO - DAG(s) dict_keys(['example_branch_python_operator_decorator']) retrieved from /home/airflow/.local/lib/python3.8/site-packages/airflow/example_dags/example_branch_operator_decorator.py
[2023-12-22T20:21:23.190+0000] {logging_mixin.py:154} INFO - [2023-12-22T20:21:23.189+0000] {dag.py:2941} INFO - Sync 1 DAGs
[2023-12-22T20:21:23.237+0000] {logging_mixin.py:154} INFO - [2023-12-22T20:21:23.236+0000] {dag.py:3722} INFO - Setting next_dagrun for example_branch_python_operator_decorator to 2023-12-21T00:00:00+00:00, run_after=2023-12-22T00:00:00+00:00
[2023-12-22T20:21:23.276+0000] {processor.py:179} INFO - Processing /home/airflow/.local/lib/python3.8/site-packages/airflow/example_dags/example_branch_operator_decorator.py took 0.171 seconds
[2023-12-22T20:21:53.866+0000] {processor.py:157} INFO - Started process (PID=487) to work on /home/airflow/.local/lib/python3.8/site-packages/airflow/example_dags/example_branch_operator_decorator.py
[2023-12-22T20:21:53.868+0000] {processor.py:829} INFO - Processing file /home/airflow/.local/lib/python3.8/site-packages/airflow/example_dags/example_branch_operator_decorator.py for tasks to queue
[2023-12-22T20:21:53.875+0000] {logging_mixin.py:154} INFO - [2023-12-22T20:21:53.875+0000] {dagbag.py:536} INFO - Filling up the DagBag from /home/airflow/.local/lib/python3.8/site-packages/airflow/example_dags/example_branch_operator_decorator.py
[2023-12-22T20:21:53.894+0000] {processor.py:839} INFO - DAG(s) dict_keys(['example_branch_python_operator_decorator']) retrieved from /home/airflow/.local/lib/python3.8/site-packages/airflow/example_dags/example_branch_operator_decorator.py
[2023-12-22T20:21:53.946+0000] {logging_mixin.py:154} INFO - [2023-12-22T20:21:53.944+0000] {dag.py:2941} INFO - Sync 1 DAGs
[2023-12-22T20:21:53.983+0000] {logging_mixin.py:154} INFO - [2023-12-22T20:21:53.983+0000] {dag.py:3722} INFO - Setting next_dagrun for example_branch_python_operator_decorator to 2023-12-21T00:00:00+00:00, run_after=2023-12-22T00:00:00+00:00
[2023-12-22T20:21:54.041+0000] {processor.py:179} INFO - Processing /home/airflow/.local/lib/python3.8/site-packages/airflow/example_dags/example_branch_operator_decorator.py took 0.182 seconds
[2023-12-22T20:22:25.022+0000] {processor.py:157} INFO - Started process (PID=543) to work on /home/airflow/.local/lib/python3.8/site-packages/airflow/example_dags/example_branch_operator_decorator.py
[2023-12-22T20:22:25.029+0000] {processor.py:829} INFO - Processing file /home/airflow/.local/lib/python3.8/site-packages/airflow/example_dags/example_branch_operator_decorator.py for tasks to queue
[2023-12-22T20:22:25.046+0000] {logging_mixin.py:154} INFO - [2023-12-22T20:22:25.044+0000] {dagbag.py:536} INFO - Filling up the DagBag from /home/airflow/.local/lib/python3.8/site-packages/airflow/example_dags/example_branch_operator_decorator.py
[2023-12-22T20:22:25.105+0000] {processor.py:839} INFO - DAG(s) dict_keys(['example_branch_python_operator_decorator']) retrieved from /home/airflow/.local/lib/python3.8/site-packages/airflow/example_dags/example_branch_operator_decorator.py
[2023-12-22T20:22:25.167+0000] {logging_mixin.py:154} INFO - [2023-12-22T20:22:25.167+0000] {dag.py:2941} INFO - Sync 1 DAGs
[2023-12-22T20:22:25.218+0000] {logging_mixin.py:154} INFO - [2023-12-22T20:22:25.218+0000] {dag.py:3722} INFO - Setting next_dagrun for example_branch_python_operator_decorator to 2023-12-21T00:00:00+00:00, run_after=2023-12-22T00:00:00+00:00
[2023-12-22T20:22:25.289+0000] {processor.py:179} INFO - Processing /home/airflow/.local/lib/python3.8/site-packages/airflow/example_dags/example_branch_operator_decorator.py took 0.287 seconds
[2023-12-22T20:22:55.965+0000] {processor.py:157} INFO - Started process (PID=598) to work on /home/airflow/.local/lib/python3.8/site-packages/airflow/example_dags/example_branch_operator_decorator.py
[2023-12-22T20:22:55.967+0000] {processor.py:829} INFO - Processing file /home/airflow/.local/lib/python3.8/site-packages/airflow/example_dags/example_branch_operator_decorator.py for tasks to queue
[2023-12-22T20:22:55.972+0000] {logging_mixin.py:154} INFO - [2023-12-22T20:22:55.972+0000] {dagbag.py:536} INFO - Filling up the DagBag from /home/airflow/.local/lib/python3.8/site-packages/airflow/example_dags/example_branch_operator_decorator.py
[2023-12-22T20:22:55.992+0000] {processor.py:839} INFO - DAG(s) dict_keys(['example_branch_python_operator_decorator']) retrieved from /home/airflow/.local/lib/python3.8/site-packages/airflow/example_dags/example_branch_operator_decorator.py
[2023-12-22T20:22:56.044+0000] {logging_mixin.py:154} INFO - [2023-12-22T20:22:56.044+0000] {dag.py:2941} INFO - Sync 1 DAGs
[2023-12-22T20:22:56.093+0000] {logging_mixin.py:154} INFO - [2023-12-22T20:22:56.092+0000] {dag.py:3722} INFO - Setting next_dagrun for example_branch_python_operator_decorator to 2023-12-21T00:00:00+00:00, run_after=2023-12-22T00:00:00+00:00
[2023-12-22T20:22:56.139+0000] {processor.py:179} INFO - Processing /home/airflow/.local/lib/python3.8/site-packages/airflow/example_dags/example_branch_operator_decorator.py took 0.182 seconds
[2023-12-22T20:24:55.228+0000] {processor.py:157} INFO - Started process (PID=723) to work on /home/airflow/.local/lib/python3.8/site-packages/airflow/example_dags/example_branch_operator_decorator.py
[2023-12-22T20:24:55.234+0000] {processor.py:829} INFO - Processing file /home/airflow/.local/lib/python3.8/site-packages/airflow/example_dags/example_branch_operator_decorator.py for tasks to queue
[2023-12-22T20:24:55.254+0000] {logging_mixin.py:154} INFO - [2023-12-22T20:24:55.254+0000] {dagbag.py:536} INFO - Filling up the DagBag from /home/airflow/.local/lib/python3.8/site-packages/airflow/example_dags/example_branch_operator_decorator.py
[2023-12-22T20:24:55.488+0000] {processor.py:839} INFO - DAG(s) dict_keys(['example_branch_python_operator_decorator']) retrieved from /home/airflow/.local/lib/python3.8/site-packages/airflow/example_dags/example_branch_operator_decorator.py
[2023-12-22T20:24:59.219+0000] {logging_mixin.py:154} INFO - [2023-12-22T20:24:59.216+0000] {dag.py:2941} INFO - Sync 1 DAGs
[2023-12-22T20:24:59.547+0000] {logging_mixin.py:154} INFO - [2023-12-22T20:24:59.547+0000] {dag.py:3722} INFO - Setting next_dagrun for example_branch_python_operator_decorator to 2023-12-21T00:00:00+00:00, run_after=2023-12-22T00:00:00+00:00
[2023-12-22T20:24:59.896+0000] {processor.py:179} INFO - Processing /home/airflow/.local/lib/python3.8/site-packages/airflow/example_dags/example_branch_operator_decorator.py took 4.756 seconds
[2023-12-22T20:26:23.552+0000] {processor.py:157} INFO - Started process (PID=786) to work on /home/airflow/.local/lib/python3.8/site-packages/airflow/example_dags/example_branch_operator_decorator.py
[2023-12-22T20:26:23.573+0000] {processor.py:829} INFO - Processing file /home/airflow/.local/lib/python3.8/site-packages/airflow/example_dags/example_branch_operator_decorator.py for tasks to queue
[2023-12-22T20:26:23.774+0000] {logging_mixin.py:154} INFO - [2023-12-22T20:26:23.765+0000] {dagbag.py:536} INFO - Filling up the DagBag from /home/airflow/.local/lib/python3.8/site-packages/airflow/example_dags/example_branch_operator_decorator.py
[2023-12-22T20:26:24.297+0000] {processor.py:839} INFO - DAG(s) dict_keys(['example_branch_python_operator_decorator']) retrieved from /home/airflow/.local/lib/python3.8/site-packages/airflow/example_dags/example_branch_operator_decorator.py
[2023-12-22T20:26:25.521+0000] {logging_mixin.py:154} INFO - [2023-12-22T20:26:25.512+0000] {dag.py:2941} INFO - Sync 1 DAGs
[2023-12-22T20:26:26.451+0000] {logging_mixin.py:154} INFO - [2023-12-22T20:26:26.445+0000] {dag.py:3722} INFO - Setting next_dagrun for example_branch_python_operator_decorator to 2023-12-21T00:00:00+00:00, run_after=2023-12-22T00:00:00+00:00
[2023-12-22T20:26:26.607+0000] {processor.py:179} INFO - Processing /home/airflow/.local/lib/python3.8/site-packages/airflow/example_dags/example_branch_operator_decorator.py took 3.076 seconds
