[2023-12-22T19:03:01.645+0000] {processor.py:157} INFO - Started process (PID=43) to work on /home/airflow/.local/lib/python3.8/site-packages/airflow/example_dags/tutorial.py
[2023-12-22T19:03:01.690+0000] {processor.py:829} INFO - Processing file /home/airflow/.local/lib/python3.8/site-packages/airflow/example_dags/tutorial.py for tasks to queue
[2023-12-22T19:03:01.732+0000] {logging_mixin.py:154} INFO - [2023-12-22T19:03:01.728+0000] {dagbag.py:536} INFO - Filling up the DagBag from /home/airflow/.local/lib/python3.8/site-packages/airflow/example_dags/tutorial.py
[2023-12-22T19:03:01.813+0000] {processor.py:839} INFO - DAG(s) dict_keys(['tutorial']) retrieved from /home/airflow/.local/lib/python3.8/site-packages/airflow/example_dags/tutorial.py
[2023-12-22T19:03:02.024+0000] {logging_mixin.py:154} INFO - [2023-12-22T19:03:02.024+0000] {dag.py:2941} INFO - Sync 1 DAGs
[2023-12-22T19:03:02.137+0000] {logging_mixin.py:154} INFO - [2023-12-22T19:03:02.137+0000] {dag.py:3722} INFO - Setting next_dagrun for tutorial to 2023-12-21T19:03:02.134751+00:00, run_after=2023-12-22T19:03:02.134751+00:00
[2023-12-22T19:03:02.230+0000] {processor.py:179} INFO - Processing /home/airflow/.local/lib/python3.8/site-packages/airflow/example_dags/tutorial.py took 0.638 seconds
[2023-12-22T19:03:32.656+0000] {processor.py:157} INFO - Started process (PID=99) to work on /home/airflow/.local/lib/python3.8/site-packages/airflow/example_dags/tutorial.py
[2023-12-22T19:03:32.658+0000] {processor.py:829} INFO - Processing file /home/airflow/.local/lib/python3.8/site-packages/airflow/example_dags/tutorial.py for tasks to queue
[2023-12-22T19:03:32.662+0000] {logging_mixin.py:154} INFO - [2023-12-22T19:03:32.662+0000] {dagbag.py:536} INFO - Filling up the DagBag from /home/airflow/.local/lib/python3.8/site-packages/airflow/example_dags/tutorial.py
[2023-12-22T19:03:32.673+0000] {processor.py:839} INFO - DAG(s) dict_keys(['tutorial']) retrieved from /home/airflow/.local/lib/python3.8/site-packages/airflow/example_dags/tutorial.py
[2023-12-22T19:03:32.728+0000] {logging_mixin.py:154} INFO - [2023-12-22T19:03:32.728+0000] {dag.py:2941} INFO - Sync 1 DAGs
[2023-12-22T19:03:32.803+0000] {logging_mixin.py:154} INFO - [2023-12-22T19:03:32.803+0000] {dag.py:3722} INFO - Setting next_dagrun for tutorial to 2023-12-21T19:03:32.802853+00:00, run_after=2023-12-22T19:03:32.802853+00:00
[2023-12-22T19:03:32.861+0000] {processor.py:179} INFO - Processing /home/airflow/.local/lib/python3.8/site-packages/airflow/example_dags/tutorial.py took 0.211 seconds
[2023-12-22T19:04:03.281+0000] {processor.py:157} INFO - Started process (PID=155) to work on /home/airflow/.local/lib/python3.8/site-packages/airflow/example_dags/tutorial.py
[2023-12-22T19:04:03.284+0000] {processor.py:829} INFO - Processing file /home/airflow/.local/lib/python3.8/site-packages/airflow/example_dags/tutorial.py for tasks to queue
[2023-12-22T19:04:03.288+0000] {logging_mixin.py:154} INFO - [2023-12-22T19:04:03.288+0000] {dagbag.py:536} INFO - Filling up the DagBag from /home/airflow/.local/lib/python3.8/site-packages/airflow/example_dags/tutorial.py
[2023-12-22T19:04:03.299+0000] {processor.py:839} INFO - DAG(s) dict_keys(['tutorial']) retrieved from /home/airflow/.local/lib/python3.8/site-packages/airflow/example_dags/tutorial.py
[2023-12-22T19:04:03.339+0000] {logging_mixin.py:154} INFO - [2023-12-22T19:04:03.339+0000] {dag.py:2941} INFO - Sync 1 DAGs
[2023-12-22T19:04:03.375+0000] {logging_mixin.py:154} INFO - [2023-12-22T19:04:03.375+0000] {dag.py:3722} INFO - Setting next_dagrun for tutorial to 2023-12-21T19:04:03.374801+00:00, run_after=2023-12-22T19:04:03.374801+00:00
[2023-12-22T19:04:03.414+0000] {processor.py:179} INFO - Processing /home/airflow/.local/lib/python3.8/site-packages/airflow/example_dags/tutorial.py took 0.140 seconds
[2023-12-22T19:04:33.937+0000] {processor.py:157} INFO - Started process (PID=211) to work on /home/airflow/.local/lib/python3.8/site-packages/airflow/example_dags/tutorial.py
[2023-12-22T19:04:33.939+0000] {processor.py:829} INFO - Processing file /home/airflow/.local/lib/python3.8/site-packages/airflow/example_dags/tutorial.py for tasks to queue
[2023-12-22T19:04:33.945+0000] {logging_mixin.py:154} INFO - [2023-12-22T19:04:33.945+0000] {dagbag.py:536} INFO - Filling up the DagBag from /home/airflow/.local/lib/python3.8/site-packages/airflow/example_dags/tutorial.py
[2023-12-22T19:04:33.958+0000] {processor.py:839} INFO - DAG(s) dict_keys(['tutorial']) retrieved from /home/airflow/.local/lib/python3.8/site-packages/airflow/example_dags/tutorial.py
[2023-12-22T19:04:33.996+0000] {logging_mixin.py:154} INFO - [2023-12-22T19:04:33.996+0000] {dag.py:2941} INFO - Sync 1 DAGs
[2023-12-22T19:04:34.041+0000] {logging_mixin.py:154} INFO - [2023-12-22T19:04:34.041+0000] {dag.py:3722} INFO - Setting next_dagrun for tutorial to 2023-12-21T19:04:34.041105+00:00, run_after=2023-12-22T19:04:34.041105+00:00
[2023-12-22T19:04:34.081+0000] {processor.py:179} INFO - Processing /home/airflow/.local/lib/python3.8/site-packages/airflow/example_dags/tutorial.py took 0.150 seconds
[2023-12-22T19:05:04.997+0000] {processor.py:157} INFO - Started process (PID=267) to work on /home/airflow/.local/lib/python3.8/site-packages/airflow/example_dags/tutorial.py
[2023-12-22T19:05:05.005+0000] {processor.py:829} INFO - Processing file /home/airflow/.local/lib/python3.8/site-packages/airflow/example_dags/tutorial.py for tasks to queue
[2023-12-22T19:05:05.018+0000] {logging_mixin.py:154} INFO - [2023-12-22T19:05:05.017+0000] {dagbag.py:536} INFO - Filling up the DagBag from /home/airflow/.local/lib/python3.8/site-packages/airflow/example_dags/tutorial.py
[2023-12-22T19:05:05.035+0000] {processor.py:839} INFO - DAG(s) dict_keys(['tutorial']) retrieved from /home/airflow/.local/lib/python3.8/site-packages/airflow/example_dags/tutorial.py
[2023-12-22T19:05:05.078+0000] {logging_mixin.py:154} INFO - [2023-12-22T19:05:05.078+0000] {dag.py:2941} INFO - Sync 1 DAGs
[2023-12-22T19:05:05.150+0000] {logging_mixin.py:154} INFO - [2023-12-22T19:05:05.150+0000] {dag.py:3722} INFO - Setting next_dagrun for tutorial to 2023-12-21T19:05:05.149641+00:00, run_after=2023-12-22T19:05:05.149641+00:00
[2023-12-22T19:05:05.190+0000] {processor.py:179} INFO - Processing /home/airflow/.local/lib/python3.8/site-packages/airflow/example_dags/tutorial.py took 0.211 seconds
[2023-12-22T19:05:36.081+0000] {processor.py:157} INFO - Started process (PID=323) to work on /home/airflow/.local/lib/python3.8/site-packages/airflow/example_dags/tutorial.py
[2023-12-22T19:05:36.083+0000] {processor.py:829} INFO - Processing file /home/airflow/.local/lib/python3.8/site-packages/airflow/example_dags/tutorial.py for tasks to queue
[2023-12-22T19:05:36.087+0000] {logging_mixin.py:154} INFO - [2023-12-22T19:05:36.087+0000] {dagbag.py:536} INFO - Filling up the DagBag from /home/airflow/.local/lib/python3.8/site-packages/airflow/example_dags/tutorial.py
[2023-12-22T19:05:36.098+0000] {processor.py:839} INFO - DAG(s) dict_keys(['tutorial']) retrieved from /home/airflow/.local/lib/python3.8/site-packages/airflow/example_dags/tutorial.py
[2023-12-22T19:05:36.139+0000] {logging_mixin.py:154} INFO - [2023-12-22T19:05:36.138+0000] {dag.py:2941} INFO - Sync 1 DAGs
[2023-12-22T19:05:36.180+0000] {logging_mixin.py:154} INFO - [2023-12-22T19:05:36.179+0000] {dag.py:3722} INFO - Setting next_dagrun for tutorial to 2023-12-21T19:05:36.179454+00:00, run_after=2023-12-22T19:05:36.179454+00:00
[2023-12-22T19:05:36.207+0000] {processor.py:179} INFO - Processing /home/airflow/.local/lib/python3.8/site-packages/airflow/example_dags/tutorial.py took 0.133 seconds
[2023-12-22T19:06:06.351+0000] {processor.py:157} INFO - Started process (PID=379) to work on /home/airflow/.local/lib/python3.8/site-packages/airflow/example_dags/tutorial.py
[2023-12-22T19:06:06.353+0000] {processor.py:829} INFO - Processing file /home/airflow/.local/lib/python3.8/site-packages/airflow/example_dags/tutorial.py for tasks to queue
[2023-12-22T19:06:06.358+0000] {logging_mixin.py:154} INFO - [2023-12-22T19:06:06.357+0000] {dagbag.py:536} INFO - Filling up the DagBag from /home/airflow/.local/lib/python3.8/site-packages/airflow/example_dags/tutorial.py
[2023-12-22T19:06:06.371+0000] {processor.py:839} INFO - DAG(s) dict_keys(['tutorial']) retrieved from /home/airflow/.local/lib/python3.8/site-packages/airflow/example_dags/tutorial.py
[2023-12-22T19:06:06.404+0000] {logging_mixin.py:154} INFO - [2023-12-22T19:06:06.404+0000] {dag.py:2941} INFO - Sync 1 DAGs
[2023-12-22T19:06:06.439+0000] {logging_mixin.py:154} INFO - [2023-12-22T19:06:06.439+0000] {dag.py:3722} INFO - Setting next_dagrun for tutorial to 2023-12-21T19:06:06.438719+00:00, run_after=2023-12-22T19:06:06.438719+00:00
[2023-12-22T19:06:06.472+0000] {processor.py:179} INFO - Processing /home/airflow/.local/lib/python3.8/site-packages/airflow/example_dags/tutorial.py took 0.127 seconds
[2023-12-22T19:06:36.973+0000] {processor.py:157} INFO - Started process (PID=435) to work on /home/airflow/.local/lib/python3.8/site-packages/airflow/example_dags/tutorial.py
[2023-12-22T19:06:36.975+0000] {processor.py:829} INFO - Processing file /home/airflow/.local/lib/python3.8/site-packages/airflow/example_dags/tutorial.py for tasks to queue
[2023-12-22T19:06:36.979+0000] {logging_mixin.py:154} INFO - [2023-12-22T19:06:36.979+0000] {dagbag.py:536} INFO - Filling up the DagBag from /home/airflow/.local/lib/python3.8/site-packages/airflow/example_dags/tutorial.py
[2023-12-22T19:06:36.992+0000] {processor.py:839} INFO - DAG(s) dict_keys(['tutorial']) retrieved from /home/airflow/.local/lib/python3.8/site-packages/airflow/example_dags/tutorial.py
[2023-12-22T19:06:37.036+0000] {logging_mixin.py:154} INFO - [2023-12-22T19:06:37.035+0000] {dag.py:2941} INFO - Sync 1 DAGs
[2023-12-22T19:06:37.078+0000] {logging_mixin.py:154} INFO - [2023-12-22T19:06:37.077+0000] {dag.py:3722} INFO - Setting next_dagrun for tutorial to 2023-12-21T19:06:37.077380+00:00, run_after=2023-12-22T19:06:37.077380+00:00
[2023-12-22T19:06:37.120+0000] {processor.py:179} INFO - Processing /home/airflow/.local/lib/python3.8/site-packages/airflow/example_dags/tutorial.py took 0.153 seconds
[2023-12-22T19:07:07.991+0000] {processor.py:157} INFO - Started process (PID=491) to work on /home/airflow/.local/lib/python3.8/site-packages/airflow/example_dags/tutorial.py
[2023-12-22T19:07:07.993+0000] {processor.py:829} INFO - Processing file /home/airflow/.local/lib/python3.8/site-packages/airflow/example_dags/tutorial.py for tasks to queue
[2023-12-22T19:07:07.998+0000] {logging_mixin.py:154} INFO - [2023-12-22T19:07:07.997+0000] {dagbag.py:536} INFO - Filling up the DagBag from /home/airflow/.local/lib/python3.8/site-packages/airflow/example_dags/tutorial.py
[2023-12-22T19:07:08.008+0000] {processor.py:839} INFO - DAG(s) dict_keys(['tutorial']) retrieved from /home/airflow/.local/lib/python3.8/site-packages/airflow/example_dags/tutorial.py
[2023-12-22T19:07:08.043+0000] {logging_mixin.py:154} INFO - [2023-12-22T19:07:08.042+0000] {dag.py:2941} INFO - Sync 1 DAGs
[2023-12-22T19:07:08.077+0000] {logging_mixin.py:154} INFO - [2023-12-22T19:07:08.077+0000] {dag.py:3722} INFO - Setting next_dagrun for tutorial to 2023-12-21T19:07:08.077308+00:00, run_after=2023-12-22T19:07:08.077308+00:00
[2023-12-22T19:07:08.113+0000] {processor.py:179} INFO - Processing /home/airflow/.local/lib/python3.8/site-packages/airflow/example_dags/tutorial.py took 0.129 seconds
[2023-12-22T19:07:38.555+0000] {processor.py:157} INFO - Started process (PID=547) to work on /home/airflow/.local/lib/python3.8/site-packages/airflow/example_dags/tutorial.py
[2023-12-22T19:07:38.557+0000] {processor.py:829} INFO - Processing file /home/airflow/.local/lib/python3.8/site-packages/airflow/example_dags/tutorial.py for tasks to queue
[2023-12-22T19:07:38.562+0000] {logging_mixin.py:154} INFO - [2023-12-22T19:07:38.561+0000] {dagbag.py:536} INFO - Filling up the DagBag from /home/airflow/.local/lib/python3.8/site-packages/airflow/example_dags/tutorial.py
[2023-12-22T19:07:38.574+0000] {processor.py:839} INFO - DAG(s) dict_keys(['tutorial']) retrieved from /home/airflow/.local/lib/python3.8/site-packages/airflow/example_dags/tutorial.py
[2023-12-22T19:07:38.639+0000] {logging_mixin.py:154} INFO - [2023-12-22T19:07:38.639+0000] {dag.py:2941} INFO - Sync 1 DAGs
[2023-12-22T19:07:38.694+0000] {logging_mixin.py:154} INFO - [2023-12-22T19:07:38.693+0000] {dag.py:3722} INFO - Setting next_dagrun for tutorial to 2023-12-21T19:07:38.693530+00:00, run_after=2023-12-22T19:07:38.693530+00:00
[2023-12-22T19:07:38.763+0000] {processor.py:179} INFO - Processing /home/airflow/.local/lib/python3.8/site-packages/airflow/example_dags/tutorial.py took 0.216 seconds
[2023-12-22T19:08:08.959+0000] {processor.py:157} INFO - Started process (PID=603) to work on /home/airflow/.local/lib/python3.8/site-packages/airflow/example_dags/tutorial.py
[2023-12-22T19:08:08.962+0000] {processor.py:829} INFO - Processing file /home/airflow/.local/lib/python3.8/site-packages/airflow/example_dags/tutorial.py for tasks to queue
[2023-12-22T19:08:08.970+0000] {logging_mixin.py:154} INFO - [2023-12-22T19:08:08.970+0000] {dagbag.py:536} INFO - Filling up the DagBag from /home/airflow/.local/lib/python3.8/site-packages/airflow/example_dags/tutorial.py
[2023-12-22T19:08:08.988+0000] {processor.py:839} INFO - DAG(s) dict_keys(['tutorial']) retrieved from /home/airflow/.local/lib/python3.8/site-packages/airflow/example_dags/tutorial.py
[2023-12-22T19:08:09.040+0000] {logging_mixin.py:154} INFO - [2023-12-22T19:08:09.040+0000] {dag.py:2941} INFO - Sync 1 DAGs
[2023-12-22T19:08:09.097+0000] {logging_mixin.py:154} INFO - [2023-12-22T19:08:09.096+0000] {dag.py:3722} INFO - Setting next_dagrun for tutorial to 2023-12-21T19:08:09.096393+00:00, run_after=2023-12-22T19:08:09.096393+00:00
[2023-12-22T19:08:09.126+0000] {processor.py:179} INFO - Processing /home/airflow/.local/lib/python3.8/site-packages/airflow/example_dags/tutorial.py took 0.174 seconds
[2023-12-22T19:08:39.599+0000] {processor.py:157} INFO - Started process (PID=666) to work on /home/airflow/.local/lib/python3.8/site-packages/airflow/example_dags/tutorial.py
[2023-12-22T19:08:39.602+0000] {processor.py:829} INFO - Processing file /home/airflow/.local/lib/python3.8/site-packages/airflow/example_dags/tutorial.py for tasks to queue
[2023-12-22T19:08:39.606+0000] {logging_mixin.py:154} INFO - [2023-12-22T19:08:39.606+0000] {dagbag.py:536} INFO - Filling up the DagBag from /home/airflow/.local/lib/python3.8/site-packages/airflow/example_dags/tutorial.py
[2023-12-22T19:08:39.617+0000] {processor.py:839} INFO - DAG(s) dict_keys(['tutorial']) retrieved from /home/airflow/.local/lib/python3.8/site-packages/airflow/example_dags/tutorial.py
[2023-12-22T19:08:39.652+0000] {logging_mixin.py:154} INFO - [2023-12-22T19:08:39.651+0000] {dag.py:2941} INFO - Sync 1 DAGs
[2023-12-22T19:08:39.689+0000] {logging_mixin.py:154} INFO - [2023-12-22T19:08:39.688+0000] {dag.py:3722} INFO - Setting next_dagrun for tutorial to 2023-12-21T19:08:39.688482+00:00, run_after=2023-12-22T19:08:39.688482+00:00
[2023-12-22T19:08:39.720+0000] {processor.py:179} INFO - Processing /home/airflow/.local/lib/python3.8/site-packages/airflow/example_dags/tutorial.py took 0.127 seconds
[2023-12-22T19:09:09.918+0000] {processor.py:157} INFO - Started process (PID=720) to work on /home/airflow/.local/lib/python3.8/site-packages/airflow/example_dags/tutorial.py
[2023-12-22T19:09:09.920+0000] {processor.py:829} INFO - Processing file /home/airflow/.local/lib/python3.8/site-packages/airflow/example_dags/tutorial.py for tasks to queue
[2023-12-22T19:09:09.924+0000] {logging_mixin.py:154} INFO - [2023-12-22T19:09:09.924+0000] {dagbag.py:536} INFO - Filling up the DagBag from /home/airflow/.local/lib/python3.8/site-packages/airflow/example_dags/tutorial.py
[2023-12-22T19:09:09.936+0000] {processor.py:839} INFO - DAG(s) dict_keys(['tutorial']) retrieved from /home/airflow/.local/lib/python3.8/site-packages/airflow/example_dags/tutorial.py
[2023-12-22T19:09:09.971+0000] {logging_mixin.py:154} INFO - [2023-12-22T19:09:09.971+0000] {dag.py:2941} INFO - Sync 1 DAGs
[2023-12-22T19:09:10.008+0000] {logging_mixin.py:154} INFO - [2023-12-22T19:09:10.007+0000] {dag.py:3722} INFO - Setting next_dagrun for tutorial to 2023-12-21T19:09:10.007415+00:00, run_after=2023-12-22T19:09:10.007415+00:00
[2023-12-22T19:09:10.044+0000] {processor.py:179} INFO - Processing /home/airflow/.local/lib/python3.8/site-packages/airflow/example_dags/tutorial.py took 0.133 seconds
[2023-12-22T19:09:40.538+0000] {processor.py:157} INFO - Started process (PID=775) to work on /home/airflow/.local/lib/python3.8/site-packages/airflow/example_dags/tutorial.py
[2023-12-22T19:09:40.540+0000] {processor.py:829} INFO - Processing file /home/airflow/.local/lib/python3.8/site-packages/airflow/example_dags/tutorial.py for tasks to queue
[2023-12-22T19:09:40.544+0000] {logging_mixin.py:154} INFO - [2023-12-22T19:09:40.544+0000] {dagbag.py:536} INFO - Filling up the DagBag from /home/airflow/.local/lib/python3.8/site-packages/airflow/example_dags/tutorial.py
[2023-12-22T19:09:40.557+0000] {processor.py:839} INFO - DAG(s) dict_keys(['tutorial']) retrieved from /home/airflow/.local/lib/python3.8/site-packages/airflow/example_dags/tutorial.py
[2023-12-22T19:09:40.598+0000] {logging_mixin.py:154} INFO - [2023-12-22T19:09:40.597+0000] {dag.py:2941} INFO - Sync 1 DAGs
[2023-12-22T19:09:40.636+0000] {logging_mixin.py:154} INFO - [2023-12-22T19:09:40.636+0000] {dag.py:3722} INFO - Setting next_dagrun for tutorial to 2023-12-21T19:09:40.636158+00:00, run_after=2023-12-22T19:09:40.636158+00:00
[2023-12-22T19:09:40.671+0000] {processor.py:179} INFO - Processing /home/airflow/.local/lib/python3.8/site-packages/airflow/example_dags/tutorial.py took 0.138 seconds
[2023-12-22T19:10:11.012+0000] {processor.py:157} INFO - Started process (PID=832) to work on /home/airflow/.local/lib/python3.8/site-packages/airflow/example_dags/tutorial.py
[2023-12-22T19:10:11.014+0000] {processor.py:829} INFO - Processing file /home/airflow/.local/lib/python3.8/site-packages/airflow/example_dags/tutorial.py for tasks to queue
[2023-12-22T19:10:11.020+0000] {logging_mixin.py:154} INFO - [2023-12-22T19:10:11.019+0000] {dagbag.py:536} INFO - Filling up the DagBag from /home/airflow/.local/lib/python3.8/site-packages/airflow/example_dags/tutorial.py
[2023-12-22T19:10:11.034+0000] {processor.py:839} INFO - DAG(s) dict_keys(['tutorial']) retrieved from /home/airflow/.local/lib/python3.8/site-packages/airflow/example_dags/tutorial.py
[2023-12-22T19:10:11.077+0000] {logging_mixin.py:154} INFO - [2023-12-22T19:10:11.076+0000] {dag.py:2941} INFO - Sync 1 DAGs
[2023-12-22T19:10:11.121+0000] {logging_mixin.py:154} INFO - [2023-12-22T19:10:11.121+0000] {dag.py:3722} INFO - Setting next_dagrun for tutorial to 2023-12-21T19:10:11.121022+00:00, run_after=2023-12-22T19:10:11.121022+00:00
[2023-12-22T19:10:11.163+0000] {processor.py:179} INFO - Processing /home/airflow/.local/lib/python3.8/site-packages/airflow/example_dags/tutorial.py took 0.158 seconds
[2023-12-22T19:10:41.678+0000] {processor.py:157} INFO - Started process (PID=888) to work on /home/airflow/.local/lib/python3.8/site-packages/airflow/example_dags/tutorial.py
[2023-12-22T19:10:41.682+0000] {processor.py:829} INFO - Processing file /home/airflow/.local/lib/python3.8/site-packages/airflow/example_dags/tutorial.py for tasks to queue
[2023-12-22T19:10:41.691+0000] {logging_mixin.py:154} INFO - [2023-12-22T19:10:41.690+0000] {dagbag.py:536} INFO - Filling up the DagBag from /home/airflow/.local/lib/python3.8/site-packages/airflow/example_dags/tutorial.py
[2023-12-22T19:10:41.720+0000] {processor.py:839} INFO - DAG(s) dict_keys(['tutorial']) retrieved from /home/airflow/.local/lib/python3.8/site-packages/airflow/example_dags/tutorial.py
[2023-12-22T19:10:42.011+0000] {logging_mixin.py:154} INFO - [2023-12-22T19:10:42.010+0000] {dag.py:2941} INFO - Sync 1 DAGs
[2023-12-22T19:10:42.092+0000] {logging_mixin.py:154} INFO - [2023-12-22T19:10:42.092+0000] {dag.py:3722} INFO - Setting next_dagrun for tutorial to 2023-12-21T19:10:42.091708+00:00, run_after=2023-12-22T19:10:42.091708+00:00
[2023-12-22T19:10:42.146+0000] {processor.py:179} INFO - Processing /home/airflow/.local/lib/python3.8/site-packages/airflow/example_dags/tutorial.py took 0.530 seconds
[2023-12-22T19:11:12.305+0000] {processor.py:157} INFO - Started process (PID=944) to work on /home/airflow/.local/lib/python3.8/site-packages/airflow/example_dags/tutorial.py
[2023-12-22T19:11:12.308+0000] {processor.py:829} INFO - Processing file /home/airflow/.local/lib/python3.8/site-packages/airflow/example_dags/tutorial.py for tasks to queue
[2023-12-22T19:11:12.312+0000] {logging_mixin.py:154} INFO - [2023-12-22T19:11:12.312+0000] {dagbag.py:536} INFO - Filling up the DagBag from /home/airflow/.local/lib/python3.8/site-packages/airflow/example_dags/tutorial.py
[2023-12-22T19:11:12.325+0000] {processor.py:839} INFO - DAG(s) dict_keys(['tutorial']) retrieved from /home/airflow/.local/lib/python3.8/site-packages/airflow/example_dags/tutorial.py
[2023-12-22T19:11:12.357+0000] {logging_mixin.py:154} INFO - [2023-12-22T19:11:12.357+0000] {dag.py:2941} INFO - Sync 1 DAGs
[2023-12-22T19:11:12.389+0000] {logging_mixin.py:154} INFO - [2023-12-22T19:11:12.389+0000] {dag.py:3722} INFO - Setting next_dagrun for tutorial to 2023-12-21T19:11:12.388588+00:00, run_after=2023-12-22T19:11:12.388588+00:00
[2023-12-22T19:11:12.425+0000] {processor.py:179} INFO - Processing /home/airflow/.local/lib/python3.8/site-packages/airflow/example_dags/tutorial.py took 0.126 seconds
[2023-12-22T19:11:42.685+0000] {processor.py:157} INFO - Started process (PID=1000) to work on /home/airflow/.local/lib/python3.8/site-packages/airflow/example_dags/tutorial.py
[2023-12-22T19:11:42.688+0000] {processor.py:829} INFO - Processing file /home/airflow/.local/lib/python3.8/site-packages/airflow/example_dags/tutorial.py for tasks to queue
[2023-12-22T19:11:42.693+0000] {logging_mixin.py:154} INFO - [2023-12-22T19:11:42.692+0000] {dagbag.py:536} INFO - Filling up the DagBag from /home/airflow/.local/lib/python3.8/site-packages/airflow/example_dags/tutorial.py
[2023-12-22T19:11:42.710+0000] {processor.py:839} INFO - DAG(s) dict_keys(['tutorial']) retrieved from /home/airflow/.local/lib/python3.8/site-packages/airflow/example_dags/tutorial.py
[2023-12-22T19:11:42.743+0000] {logging_mixin.py:154} INFO - [2023-12-22T19:11:42.743+0000] {dag.py:2941} INFO - Sync 1 DAGs
[2023-12-22T19:11:42.777+0000] {logging_mixin.py:154} INFO - [2023-12-22T19:11:42.777+0000] {dag.py:3722} INFO - Setting next_dagrun for tutorial to 2023-12-21T19:11:42.777032+00:00, run_after=2023-12-22T19:11:42.777032+00:00
[2023-12-22T19:11:42.815+0000] {processor.py:179} INFO - Processing /home/airflow/.local/lib/python3.8/site-packages/airflow/example_dags/tutorial.py took 0.136 seconds
[2023-12-22T19:12:13.241+0000] {processor.py:157} INFO - Started process (PID=1057) to work on /home/airflow/.local/lib/python3.8/site-packages/airflow/example_dags/tutorial.py
[2023-12-22T19:12:13.244+0000] {processor.py:829} INFO - Processing file /home/airflow/.local/lib/python3.8/site-packages/airflow/example_dags/tutorial.py for tasks to queue
[2023-12-22T19:12:13.248+0000] {logging_mixin.py:154} INFO - [2023-12-22T19:12:13.248+0000] {dagbag.py:536} INFO - Filling up the DagBag from /home/airflow/.local/lib/python3.8/site-packages/airflow/example_dags/tutorial.py
[2023-12-22T19:12:13.262+0000] {processor.py:839} INFO - DAG(s) dict_keys(['tutorial']) retrieved from /home/airflow/.local/lib/python3.8/site-packages/airflow/example_dags/tutorial.py
[2023-12-22T19:12:13.305+0000] {logging_mixin.py:154} INFO - [2023-12-22T19:12:13.305+0000] {dag.py:2941} INFO - Sync 1 DAGs
[2023-12-22T19:12:13.339+0000] {logging_mixin.py:154} INFO - [2023-12-22T19:12:13.339+0000] {dag.py:3722} INFO - Setting next_dagrun for tutorial to 2023-12-21T19:12:13.339059+00:00, run_after=2023-12-22T19:12:13.339059+00:00
[2023-12-22T19:12:13.375+0000] {processor.py:179} INFO - Processing /home/airflow/.local/lib/python3.8/site-packages/airflow/example_dags/tutorial.py took 0.141 seconds
[2023-12-22T19:12:44.174+0000] {processor.py:157} INFO - Started process (PID=1113) to work on /home/airflow/.local/lib/python3.8/site-packages/airflow/example_dags/tutorial.py
[2023-12-22T19:12:44.177+0000] {processor.py:829} INFO - Processing file /home/airflow/.local/lib/python3.8/site-packages/airflow/example_dags/tutorial.py for tasks to queue
[2023-12-22T19:12:44.183+0000] {logging_mixin.py:154} INFO - [2023-12-22T19:12:44.182+0000] {dagbag.py:536} INFO - Filling up the DagBag from /home/airflow/.local/lib/python3.8/site-packages/airflow/example_dags/tutorial.py
[2023-12-22T19:12:44.194+0000] {processor.py:839} INFO - DAG(s) dict_keys(['tutorial']) retrieved from /home/airflow/.local/lib/python3.8/site-packages/airflow/example_dags/tutorial.py
[2023-12-22T19:12:44.230+0000] {logging_mixin.py:154} INFO - [2023-12-22T19:12:44.229+0000] {dag.py:2941} INFO - Sync 1 DAGs
[2023-12-22T19:12:44.266+0000] {logging_mixin.py:154} INFO - [2023-12-22T19:12:44.265+0000] {dag.py:3722} INFO - Setting next_dagrun for tutorial to 2023-12-21T19:12:44.265522+00:00, run_after=2023-12-22T19:12:44.265522+00:00
[2023-12-22T19:12:44.305+0000] {processor.py:179} INFO - Processing /home/airflow/.local/lib/python3.8/site-packages/airflow/example_dags/tutorial.py took 0.137 seconds
[2023-12-22T19:13:15.547+0000] {processor.py:157} INFO - Started process (PID=1169) to work on /home/airflow/.local/lib/python3.8/site-packages/airflow/example_dags/tutorial.py
[2023-12-22T19:13:15.549+0000] {processor.py:829} INFO - Processing file /home/airflow/.local/lib/python3.8/site-packages/airflow/example_dags/tutorial.py for tasks to queue
[2023-12-22T19:13:15.554+0000] {logging_mixin.py:154} INFO - [2023-12-22T19:13:15.554+0000] {dagbag.py:536} INFO - Filling up the DagBag from /home/airflow/.local/lib/python3.8/site-packages/airflow/example_dags/tutorial.py
[2023-12-22T19:13:15.568+0000] {processor.py:839} INFO - DAG(s) dict_keys(['tutorial']) retrieved from /home/airflow/.local/lib/python3.8/site-packages/airflow/example_dags/tutorial.py
[2023-12-22T19:13:15.605+0000] {logging_mixin.py:154} INFO - [2023-12-22T19:13:15.605+0000] {dag.py:2941} INFO - Sync 1 DAGs
[2023-12-22T19:13:15.660+0000] {logging_mixin.py:154} INFO - [2023-12-22T19:13:15.660+0000] {dag.py:3722} INFO - Setting next_dagrun for tutorial to 2023-12-21T19:13:15.659636+00:00, run_after=2023-12-22T19:13:15.659636+00:00
[2023-12-22T19:13:15.691+0000] {processor.py:179} INFO - Processing /home/airflow/.local/lib/python3.8/site-packages/airflow/example_dags/tutorial.py took 0.150 seconds
[2023-12-22T19:13:46.012+0000] {processor.py:157} INFO - Started process (PID=1225) to work on /home/airflow/.local/lib/python3.8/site-packages/airflow/example_dags/tutorial.py
[2023-12-22T19:13:46.015+0000] {processor.py:829} INFO - Processing file /home/airflow/.local/lib/python3.8/site-packages/airflow/example_dags/tutorial.py for tasks to queue
[2023-12-22T19:13:46.019+0000] {logging_mixin.py:154} INFO - [2023-12-22T19:13:46.019+0000] {dagbag.py:536} INFO - Filling up the DagBag from /home/airflow/.local/lib/python3.8/site-packages/airflow/example_dags/tutorial.py
[2023-12-22T19:13:46.033+0000] {processor.py:839} INFO - DAG(s) dict_keys(['tutorial']) retrieved from /home/airflow/.local/lib/python3.8/site-packages/airflow/example_dags/tutorial.py
[2023-12-22T19:13:46.070+0000] {logging_mixin.py:154} INFO - [2023-12-22T19:13:46.070+0000] {dag.py:2941} INFO - Sync 1 DAGs
[2023-12-22T19:13:46.102+0000] {logging_mixin.py:154} INFO - [2023-12-22T19:13:46.102+0000] {dag.py:3722} INFO - Setting next_dagrun for tutorial to 2023-12-21T19:13:46.102096+00:00, run_after=2023-12-22T19:13:46.102096+00:00
[2023-12-22T19:13:46.145+0000] {processor.py:179} INFO - Processing /home/airflow/.local/lib/python3.8/site-packages/airflow/example_dags/tutorial.py took 0.140 seconds
[2023-12-22T19:14:16.331+0000] {processor.py:157} INFO - Started process (PID=1281) to work on /home/airflow/.local/lib/python3.8/site-packages/airflow/example_dags/tutorial.py
[2023-12-22T19:14:16.334+0000] {processor.py:829} INFO - Processing file /home/airflow/.local/lib/python3.8/site-packages/airflow/example_dags/tutorial.py for tasks to queue
[2023-12-22T19:14:16.339+0000] {logging_mixin.py:154} INFO - [2023-12-22T19:14:16.338+0000] {dagbag.py:536} INFO - Filling up the DagBag from /home/airflow/.local/lib/python3.8/site-packages/airflow/example_dags/tutorial.py
[2023-12-22T19:14:16.350+0000] {processor.py:839} INFO - DAG(s) dict_keys(['tutorial']) retrieved from /home/airflow/.local/lib/python3.8/site-packages/airflow/example_dags/tutorial.py
[2023-12-22T19:14:16.384+0000] {logging_mixin.py:154} INFO - [2023-12-22T19:14:16.383+0000] {dag.py:2941} INFO - Sync 1 DAGs
[2023-12-22T19:14:16.417+0000] {logging_mixin.py:154} INFO - [2023-12-22T19:14:16.416+0000] {dag.py:3722} INFO - Setting next_dagrun for tutorial to 2023-12-21T19:14:16.416488+00:00, run_after=2023-12-22T19:14:16.416488+00:00
[2023-12-22T19:14:16.450+0000] {processor.py:179} INFO - Processing /home/airflow/.local/lib/python3.8/site-packages/airflow/example_dags/tutorial.py took 0.124 seconds
[2023-12-22T19:14:46.548+0000] {processor.py:157} INFO - Started process (PID=1336) to work on /home/airflow/.local/lib/python3.8/site-packages/airflow/example_dags/tutorial.py
[2023-12-22T19:14:46.550+0000] {processor.py:829} INFO - Processing file /home/airflow/.local/lib/python3.8/site-packages/airflow/example_dags/tutorial.py for tasks to queue
[2023-12-22T19:14:46.555+0000] {logging_mixin.py:154} INFO - [2023-12-22T19:14:46.554+0000] {dagbag.py:536} INFO - Filling up the DagBag from /home/airflow/.local/lib/python3.8/site-packages/airflow/example_dags/tutorial.py
[2023-12-22T19:14:46.566+0000] {processor.py:839} INFO - DAG(s) dict_keys(['tutorial']) retrieved from /home/airflow/.local/lib/python3.8/site-packages/airflow/example_dags/tutorial.py
[2023-12-22T19:14:46.602+0000] {logging_mixin.py:154} INFO - [2023-12-22T19:14:46.601+0000] {dag.py:2941} INFO - Sync 1 DAGs
[2023-12-22T19:14:46.635+0000] {logging_mixin.py:154} INFO - [2023-12-22T19:14:46.635+0000] {dag.py:3722} INFO - Setting next_dagrun for tutorial to 2023-12-21T19:14:46.634721+00:00, run_after=2023-12-22T19:14:46.634721+00:00
[2023-12-22T19:14:46.672+0000] {processor.py:179} INFO - Processing /home/airflow/.local/lib/python3.8/site-packages/airflow/example_dags/tutorial.py took 0.129 seconds
[2023-12-22T19:15:17.040+0000] {processor.py:157} INFO - Started process (PID=1392) to work on /home/airflow/.local/lib/python3.8/site-packages/airflow/example_dags/tutorial.py
[2023-12-22T19:15:17.042+0000] {processor.py:829} INFO - Processing file /home/airflow/.local/lib/python3.8/site-packages/airflow/example_dags/tutorial.py for tasks to queue
[2023-12-22T19:15:17.046+0000] {logging_mixin.py:154} INFO - [2023-12-22T19:15:17.046+0000] {dagbag.py:536} INFO - Filling up the DagBag from /home/airflow/.local/lib/python3.8/site-packages/airflow/example_dags/tutorial.py
[2023-12-22T19:15:17.058+0000] {processor.py:839} INFO - DAG(s) dict_keys(['tutorial']) retrieved from /home/airflow/.local/lib/python3.8/site-packages/airflow/example_dags/tutorial.py
[2023-12-22T19:15:17.098+0000] {logging_mixin.py:154} INFO - [2023-12-22T19:15:17.097+0000] {dag.py:2941} INFO - Sync 1 DAGs
[2023-12-22T19:15:17.142+0000] {logging_mixin.py:154} INFO - [2023-12-22T19:15:17.142+0000] {dag.py:3722} INFO - Setting next_dagrun for tutorial to 2023-12-21T19:15:17.141748+00:00, run_after=2023-12-22T19:15:17.141748+00:00
[2023-12-22T19:15:17.177+0000] {processor.py:179} INFO - Processing /home/airflow/.local/lib/python3.8/site-packages/airflow/example_dags/tutorial.py took 0.144 seconds
[2023-12-22T19:15:47.340+0000] {processor.py:157} INFO - Started process (PID=1448) to work on /home/airflow/.local/lib/python3.8/site-packages/airflow/example_dags/tutorial.py
[2023-12-22T19:15:47.342+0000] {processor.py:829} INFO - Processing file /home/airflow/.local/lib/python3.8/site-packages/airflow/example_dags/tutorial.py for tasks to queue
[2023-12-22T19:15:47.346+0000] {logging_mixin.py:154} INFO - [2023-12-22T19:15:47.346+0000] {dagbag.py:536} INFO - Filling up the DagBag from /home/airflow/.local/lib/python3.8/site-packages/airflow/example_dags/tutorial.py
[2023-12-22T19:15:47.357+0000] {processor.py:839} INFO - DAG(s) dict_keys(['tutorial']) retrieved from /home/airflow/.local/lib/python3.8/site-packages/airflow/example_dags/tutorial.py
[2023-12-22T19:15:47.391+0000] {logging_mixin.py:154} INFO - [2023-12-22T19:15:47.390+0000] {dag.py:2941} INFO - Sync 1 DAGs
[2023-12-22T19:15:47.429+0000] {logging_mixin.py:154} INFO - [2023-12-22T19:15:47.428+0000] {dag.py:3722} INFO - Setting next_dagrun for tutorial to 2023-12-21T19:15:47.428588+00:00, run_after=2023-12-22T19:15:47.428588+00:00
[2023-12-22T19:15:47.458+0000] {processor.py:179} INFO - Processing /home/airflow/.local/lib/python3.8/site-packages/airflow/example_dags/tutorial.py took 0.124 seconds
[2023-12-22T19:16:17.670+0000] {processor.py:157} INFO - Started process (PID=1505) to work on /home/airflow/.local/lib/python3.8/site-packages/airflow/example_dags/tutorial.py
[2023-12-22T19:16:17.672+0000] {processor.py:829} INFO - Processing file /home/airflow/.local/lib/python3.8/site-packages/airflow/example_dags/tutorial.py for tasks to queue
[2023-12-22T19:16:17.676+0000] {logging_mixin.py:154} INFO - [2023-12-22T19:16:17.676+0000] {dagbag.py:536} INFO - Filling up the DagBag from /home/airflow/.local/lib/python3.8/site-packages/airflow/example_dags/tutorial.py
[2023-12-22T19:16:17.687+0000] {processor.py:839} INFO - DAG(s) dict_keys(['tutorial']) retrieved from /home/airflow/.local/lib/python3.8/site-packages/airflow/example_dags/tutorial.py
[2023-12-22T19:16:17.724+0000] {logging_mixin.py:154} INFO - [2023-12-22T19:16:17.724+0000] {dag.py:2941} INFO - Sync 1 DAGs
[2023-12-22T19:16:17.759+0000] {logging_mixin.py:154} INFO - [2023-12-22T19:16:17.758+0000] {dag.py:3722} INFO - Setting next_dagrun for tutorial to 2023-12-21T19:16:17.758465+00:00, run_after=2023-12-22T19:16:17.758465+00:00
[2023-12-22T19:16:17.786+0000] {processor.py:179} INFO - Processing /home/airflow/.local/lib/python3.8/site-packages/airflow/example_dags/tutorial.py took 0.123 seconds
[2023-12-22T19:16:47.994+0000] {processor.py:157} INFO - Started process (PID=1561) to work on /home/airflow/.local/lib/python3.8/site-packages/airflow/example_dags/tutorial.py
[2023-12-22T19:16:47.997+0000] {processor.py:829} INFO - Processing file /home/airflow/.local/lib/python3.8/site-packages/airflow/example_dags/tutorial.py for tasks to queue
[2023-12-22T19:16:48.003+0000] {logging_mixin.py:154} INFO - [2023-12-22T19:16:48.003+0000] {dagbag.py:536} INFO - Filling up the DagBag from /home/airflow/.local/lib/python3.8/site-packages/airflow/example_dags/tutorial.py
[2023-12-22T19:16:48.017+0000] {processor.py:839} INFO - DAG(s) dict_keys(['tutorial']) retrieved from /home/airflow/.local/lib/python3.8/site-packages/airflow/example_dags/tutorial.py
[2023-12-22T19:16:48.055+0000] {logging_mixin.py:154} INFO - [2023-12-22T19:16:48.055+0000] {dag.py:2941} INFO - Sync 1 DAGs
[2023-12-22T19:16:48.088+0000] {logging_mixin.py:154} INFO - [2023-12-22T19:16:48.088+0000] {dag.py:3722} INFO - Setting next_dagrun for tutorial to 2023-12-21T19:16:48.087783+00:00, run_after=2023-12-22T19:16:48.087783+00:00
[2023-12-22T19:16:48.119+0000] {processor.py:179} INFO - Processing /home/airflow/.local/lib/python3.8/site-packages/airflow/example_dags/tutorial.py took 0.130 seconds
[2023-12-22T19:17:18.187+0000] {processor.py:157} INFO - Started process (PID=1617) to work on /home/airflow/.local/lib/python3.8/site-packages/airflow/example_dags/tutorial.py
[2023-12-22T19:17:18.189+0000] {processor.py:829} INFO - Processing file /home/airflow/.local/lib/python3.8/site-packages/airflow/example_dags/tutorial.py for tasks to queue
[2023-12-22T19:17:18.193+0000] {logging_mixin.py:154} INFO - [2023-12-22T19:17:18.193+0000] {dagbag.py:536} INFO - Filling up the DagBag from /home/airflow/.local/lib/python3.8/site-packages/airflow/example_dags/tutorial.py
[2023-12-22T19:17:18.203+0000] {processor.py:839} INFO - DAG(s) dict_keys(['tutorial']) retrieved from /home/airflow/.local/lib/python3.8/site-packages/airflow/example_dags/tutorial.py
[2023-12-22T19:17:18.238+0000] {logging_mixin.py:154} INFO - [2023-12-22T19:17:18.237+0000] {dag.py:2941} INFO - Sync 1 DAGs
[2023-12-22T19:17:18.275+0000] {logging_mixin.py:154} INFO - [2023-12-22T19:17:18.275+0000] {dag.py:3722} INFO - Setting next_dagrun for tutorial to 2023-12-21T19:17:18.275173+00:00, run_after=2023-12-22T19:17:18.275173+00:00
[2023-12-22T19:17:18.377+0000] {processor.py:179} INFO - Processing /home/airflow/.local/lib/python3.8/site-packages/airflow/example_dags/tutorial.py took 0.197 seconds
[2023-12-22T19:17:48.532+0000] {processor.py:157} INFO - Started process (PID=1672) to work on /home/airflow/.local/lib/python3.8/site-packages/airflow/example_dags/tutorial.py
[2023-12-22T19:17:48.534+0000] {processor.py:829} INFO - Processing file /home/airflow/.local/lib/python3.8/site-packages/airflow/example_dags/tutorial.py for tasks to queue
[2023-12-22T19:17:48.539+0000] {logging_mixin.py:154} INFO - [2023-12-22T19:17:48.538+0000] {dagbag.py:536} INFO - Filling up the DagBag from /home/airflow/.local/lib/python3.8/site-packages/airflow/example_dags/tutorial.py
[2023-12-22T19:17:48.548+0000] {processor.py:839} INFO - DAG(s) dict_keys(['tutorial']) retrieved from /home/airflow/.local/lib/python3.8/site-packages/airflow/example_dags/tutorial.py
[2023-12-22T19:17:48.581+0000] {logging_mixin.py:154} INFO - [2023-12-22T19:17:48.581+0000] {dag.py:2941} INFO - Sync 1 DAGs
[2023-12-22T19:17:48.623+0000] {logging_mixin.py:154} INFO - [2023-12-22T19:17:48.623+0000] {dag.py:3722} INFO - Setting next_dagrun for tutorial to 2023-12-21T19:17:48.623079+00:00, run_after=2023-12-22T19:17:48.623079+00:00
[2023-12-22T19:17:48.657+0000] {processor.py:179} INFO - Processing /home/airflow/.local/lib/python3.8/site-packages/airflow/example_dags/tutorial.py took 0.132 seconds
[2023-12-22T19:18:18.836+0000] {processor.py:157} INFO - Started process (PID=1729) to work on /home/airflow/.local/lib/python3.8/site-packages/airflow/example_dags/tutorial.py
[2023-12-22T19:18:18.838+0000] {processor.py:829} INFO - Processing file /home/airflow/.local/lib/python3.8/site-packages/airflow/example_dags/tutorial.py for tasks to queue
[2023-12-22T19:18:18.843+0000] {logging_mixin.py:154} INFO - [2023-12-22T19:18:18.843+0000] {dagbag.py:536} INFO - Filling up the DagBag from /home/airflow/.local/lib/python3.8/site-packages/airflow/example_dags/tutorial.py
[2023-12-22T19:18:18.852+0000] {processor.py:839} INFO - DAG(s) dict_keys(['tutorial']) retrieved from /home/airflow/.local/lib/python3.8/site-packages/airflow/example_dags/tutorial.py
[2023-12-22T19:18:18.886+0000] {logging_mixin.py:154} INFO - [2023-12-22T19:18:18.886+0000] {dag.py:2941} INFO - Sync 1 DAGs
[2023-12-22T19:18:18.919+0000] {logging_mixin.py:154} INFO - [2023-12-22T19:18:18.919+0000] {dag.py:3722} INFO - Setting next_dagrun for tutorial to 2023-12-21T19:18:18.918744+00:00, run_after=2023-12-22T19:18:18.918744+00:00
[2023-12-22T19:18:18.953+0000] {processor.py:179} INFO - Processing /home/airflow/.local/lib/python3.8/site-packages/airflow/example_dags/tutorial.py took 0.124 seconds
[2023-12-22T19:18:49.092+0000] {processor.py:157} INFO - Started process (PID=1785) to work on /home/airflow/.local/lib/python3.8/site-packages/airflow/example_dags/tutorial.py
[2023-12-22T19:18:49.094+0000] {processor.py:829} INFO - Processing file /home/airflow/.local/lib/python3.8/site-packages/airflow/example_dags/tutorial.py for tasks to queue
[2023-12-22T19:18:49.100+0000] {logging_mixin.py:154} INFO - [2023-12-22T19:18:49.100+0000] {dagbag.py:536} INFO - Filling up the DagBag from /home/airflow/.local/lib/python3.8/site-packages/airflow/example_dags/tutorial.py
[2023-12-22T19:18:49.110+0000] {processor.py:839} INFO - DAG(s) dict_keys(['tutorial']) retrieved from /home/airflow/.local/lib/python3.8/site-packages/airflow/example_dags/tutorial.py
[2023-12-22T19:18:49.144+0000] {logging_mixin.py:154} INFO - [2023-12-22T19:18:49.143+0000] {dag.py:2941} INFO - Sync 1 DAGs
[2023-12-22T19:18:49.179+0000] {logging_mixin.py:154} INFO - [2023-12-22T19:18:49.178+0000] {dag.py:3722} INFO - Setting next_dagrun for tutorial to 2023-12-21T19:18:49.178467+00:00, run_after=2023-12-22T19:18:49.178467+00:00
[2023-12-22T19:18:49.215+0000] {processor.py:179} INFO - Processing /home/airflow/.local/lib/python3.8/site-packages/airflow/example_dags/tutorial.py took 0.129 seconds
[2023-12-22T19:19:19.599+0000] {processor.py:157} INFO - Started process (PID=1841) to work on /home/airflow/.local/lib/python3.8/site-packages/airflow/example_dags/tutorial.py
[2023-12-22T19:19:19.602+0000] {processor.py:829} INFO - Processing file /home/airflow/.local/lib/python3.8/site-packages/airflow/example_dags/tutorial.py for tasks to queue
[2023-12-22T19:19:19.607+0000] {logging_mixin.py:154} INFO - [2023-12-22T19:19:19.607+0000] {dagbag.py:536} INFO - Filling up the DagBag from /home/airflow/.local/lib/python3.8/site-packages/airflow/example_dags/tutorial.py
[2023-12-22T19:19:19.617+0000] {processor.py:839} INFO - DAG(s) dict_keys(['tutorial']) retrieved from /home/airflow/.local/lib/python3.8/site-packages/airflow/example_dags/tutorial.py
[2023-12-22T19:19:19.650+0000] {logging_mixin.py:154} INFO - [2023-12-22T19:19:19.650+0000] {dag.py:2941} INFO - Sync 1 DAGs
[2023-12-22T19:19:19.683+0000] {logging_mixin.py:154} INFO - [2023-12-22T19:19:19.683+0000] {dag.py:3722} INFO - Setting next_dagrun for tutorial to 2023-12-21T19:19:19.682689+00:00, run_after=2023-12-22T19:19:19.682689+00:00
[2023-12-22T19:19:19.717+0000] {processor.py:179} INFO - Processing /home/airflow/.local/lib/python3.8/site-packages/airflow/example_dags/tutorial.py took 0.124 seconds
[2023-12-22T19:19:49.820+0000] {processor.py:157} INFO - Started process (PID=1897) to work on /home/airflow/.local/lib/python3.8/site-packages/airflow/example_dags/tutorial.py
[2023-12-22T19:19:49.822+0000] {processor.py:829} INFO - Processing file /home/airflow/.local/lib/python3.8/site-packages/airflow/example_dags/tutorial.py for tasks to queue
[2023-12-22T19:19:49.827+0000] {logging_mixin.py:154} INFO - [2023-12-22T19:19:49.827+0000] {dagbag.py:536} INFO - Filling up the DagBag from /home/airflow/.local/lib/python3.8/site-packages/airflow/example_dags/tutorial.py
[2023-12-22T19:19:49.837+0000] {processor.py:839} INFO - DAG(s) dict_keys(['tutorial']) retrieved from /home/airflow/.local/lib/python3.8/site-packages/airflow/example_dags/tutorial.py
[2023-12-22T19:19:49.878+0000] {logging_mixin.py:154} INFO - [2023-12-22T19:19:49.878+0000] {dag.py:2941} INFO - Sync 1 DAGs
[2023-12-22T19:19:49.911+0000] {logging_mixin.py:154} INFO - [2023-12-22T19:19:49.911+0000] {dag.py:3722} INFO - Setting next_dagrun for tutorial to 2023-12-21T19:19:49.911080+00:00, run_after=2023-12-22T19:19:49.911080+00:00
[2023-12-22T19:19:49.946+0000] {processor.py:179} INFO - Processing /home/airflow/.local/lib/python3.8/site-packages/airflow/example_dags/tutorial.py took 0.131 seconds
[2023-12-22T19:20:20.358+0000] {processor.py:157} INFO - Started process (PID=1953) to work on /home/airflow/.local/lib/python3.8/site-packages/airflow/example_dags/tutorial.py
[2023-12-22T19:20:20.362+0000] {processor.py:829} INFO - Processing file /home/airflow/.local/lib/python3.8/site-packages/airflow/example_dags/tutorial.py for tasks to queue
[2023-12-22T19:20:20.369+0000] {logging_mixin.py:154} INFO - [2023-12-22T19:20:20.369+0000] {dagbag.py:536} INFO - Filling up the DagBag from /home/airflow/.local/lib/python3.8/site-packages/airflow/example_dags/tutorial.py
[2023-12-22T19:20:20.386+0000] {processor.py:839} INFO - DAG(s) dict_keys(['tutorial']) retrieved from /home/airflow/.local/lib/python3.8/site-packages/airflow/example_dags/tutorial.py
[2023-12-22T19:20:20.433+0000] {logging_mixin.py:154} INFO - [2023-12-22T19:20:20.432+0000] {dag.py:2941} INFO - Sync 1 DAGs
[2023-12-22T19:20:20.470+0000] {logging_mixin.py:154} INFO - [2023-12-22T19:20:20.470+0000] {dag.py:3722} INFO - Setting next_dagrun for tutorial to 2023-12-21T19:20:20.469960+00:00, run_after=2023-12-22T19:20:20.469960+00:00
[2023-12-22T19:20:20.503+0000] {processor.py:179} INFO - Processing /home/airflow/.local/lib/python3.8/site-packages/airflow/example_dags/tutorial.py took 0.154 seconds
[2023-12-22T20:14:09.452+0000] {processor.py:157} INFO - Started process (PID=42) to work on /home/airflow/.local/lib/python3.8/site-packages/airflow/example_dags/tutorial.py
[2023-12-22T20:14:09.461+0000] {processor.py:829} INFO - Processing file /home/airflow/.local/lib/python3.8/site-packages/airflow/example_dags/tutorial.py for tasks to queue
[2023-12-22T20:14:09.476+0000] {logging_mixin.py:154} INFO - [2023-12-22T20:14:09.475+0000] {dagbag.py:536} INFO - Filling up the DagBag from /home/airflow/.local/lib/python3.8/site-packages/airflow/example_dags/tutorial.py
[2023-12-22T20:14:09.495+0000] {processor.py:839} INFO - DAG(s) dict_keys(['tutorial']) retrieved from /home/airflow/.local/lib/python3.8/site-packages/airflow/example_dags/tutorial.py
[2023-12-22T20:14:09.537+0000] {logging_mixin.py:154} INFO - [2023-12-22T20:14:09.536+0000] {dag.py:2941} INFO - Sync 1 DAGs
[2023-12-22T20:14:09.583+0000] {logging_mixin.py:154} INFO - [2023-12-22T20:14:09.582+0000] {dag.py:3722} INFO - Setting next_dagrun for tutorial to 2023-12-21T20:14:09.582590+00:00, run_after=2023-12-22T20:14:09.582590+00:00
[2023-12-22T20:14:09.613+0000] {processor.py:179} INFO - Processing /home/airflow/.local/lib/python3.8/site-packages/airflow/example_dags/tutorial.py took 0.202 seconds
[2023-12-22T20:14:40.409+0000] {processor.py:157} INFO - Started process (PID=98) to work on /home/airflow/.local/lib/python3.8/site-packages/airflow/example_dags/tutorial.py
[2023-12-22T20:14:40.411+0000] {processor.py:829} INFO - Processing file /home/airflow/.local/lib/python3.8/site-packages/airflow/example_dags/tutorial.py for tasks to queue
[2023-12-22T20:14:40.416+0000] {logging_mixin.py:154} INFO - [2023-12-22T20:14:40.415+0000] {dagbag.py:536} INFO - Filling up the DagBag from /home/airflow/.local/lib/python3.8/site-packages/airflow/example_dags/tutorial.py
[2023-12-22T20:14:40.430+0000] {processor.py:839} INFO - DAG(s) dict_keys(['tutorial']) retrieved from /home/airflow/.local/lib/python3.8/site-packages/airflow/example_dags/tutorial.py
[2023-12-22T20:14:40.477+0000] {logging_mixin.py:154} INFO - [2023-12-22T20:14:40.476+0000] {dag.py:2941} INFO - Sync 1 DAGs
[2023-12-22T20:14:40.521+0000] {logging_mixin.py:154} INFO - [2023-12-22T20:14:40.520+0000] {dag.py:3722} INFO - Setting next_dagrun for tutorial to 2023-12-21T20:14:40.520394+00:00, run_after=2023-12-22T20:14:40.520394+00:00
[2023-12-22T20:14:40.555+0000] {processor.py:179} INFO - Processing /home/airflow/.local/lib/python3.8/site-packages/airflow/example_dags/tutorial.py took 0.153 seconds
[2023-12-22T20:15:10.923+0000] {processor.py:157} INFO - Started process (PID=154) to work on /home/airflow/.local/lib/python3.8/site-packages/airflow/example_dags/tutorial.py
[2023-12-22T20:15:10.925+0000] {processor.py:829} INFO - Processing file /home/airflow/.local/lib/python3.8/site-packages/airflow/example_dags/tutorial.py for tasks to queue
[2023-12-22T20:15:10.930+0000] {logging_mixin.py:154} INFO - [2023-12-22T20:15:10.929+0000] {dagbag.py:536} INFO - Filling up the DagBag from /home/airflow/.local/lib/python3.8/site-packages/airflow/example_dags/tutorial.py
[2023-12-22T20:15:10.941+0000] {processor.py:839} INFO - DAG(s) dict_keys(['tutorial']) retrieved from /home/airflow/.local/lib/python3.8/site-packages/airflow/example_dags/tutorial.py
[2023-12-22T20:15:10.977+0000] {logging_mixin.py:154} INFO - [2023-12-22T20:15:10.977+0000] {dag.py:2941} INFO - Sync 1 DAGs
[2023-12-22T20:15:11.015+0000] {logging_mixin.py:154} INFO - [2023-12-22T20:15:11.015+0000] {dag.py:3722} INFO - Setting next_dagrun for tutorial to 2023-12-21T20:15:11.015076+00:00, run_after=2023-12-22T20:15:11.015076+00:00
[2023-12-22T20:15:11.051+0000] {processor.py:179} INFO - Processing /home/airflow/.local/lib/python3.8/site-packages/airflow/example_dags/tutorial.py took 0.134 seconds
[2023-12-22T20:15:41.326+0000] {processor.py:157} INFO - Started process (PID=210) to work on /home/airflow/.local/lib/python3.8/site-packages/airflow/example_dags/tutorial.py
[2023-12-22T20:15:41.328+0000] {processor.py:829} INFO - Processing file /home/airflow/.local/lib/python3.8/site-packages/airflow/example_dags/tutorial.py for tasks to queue
[2023-12-22T20:15:41.332+0000] {logging_mixin.py:154} INFO - [2023-12-22T20:15:41.332+0000] {dagbag.py:536} INFO - Filling up the DagBag from /home/airflow/.local/lib/python3.8/site-packages/airflow/example_dags/tutorial.py
[2023-12-22T20:15:41.343+0000] {processor.py:839} INFO - DAG(s) dict_keys(['tutorial']) retrieved from /home/airflow/.local/lib/python3.8/site-packages/airflow/example_dags/tutorial.py
[2023-12-22T20:15:41.379+0000] {logging_mixin.py:154} INFO - [2023-12-22T20:15:41.378+0000] {dag.py:2941} INFO - Sync 1 DAGs
[2023-12-22T20:15:41.424+0000] {logging_mixin.py:154} INFO - [2023-12-22T20:15:41.423+0000] {dag.py:3722} INFO - Setting next_dagrun for tutorial to 2023-12-21T20:15:41.423572+00:00, run_after=2023-12-22T20:15:41.423572+00:00
[2023-12-22T20:15:41.458+0000] {processor.py:179} INFO - Processing /home/airflow/.local/lib/python3.8/site-packages/airflow/example_dags/tutorial.py took 0.138 seconds
[2023-12-22T20:17:47.935+0000] {processor.py:157} INFO - Started process (PID=43) to work on /home/airflow/.local/lib/python3.8/site-packages/airflow/example_dags/tutorial.py
[2023-12-22T20:17:47.960+0000] {processor.py:829} INFO - Processing file /home/airflow/.local/lib/python3.8/site-packages/airflow/example_dags/tutorial.py for tasks to queue
[2023-12-22T20:17:47.975+0000] {logging_mixin.py:154} INFO - [2023-12-22T20:17:47.975+0000] {dagbag.py:536} INFO - Filling up the DagBag from /home/airflow/.local/lib/python3.8/site-packages/airflow/example_dags/tutorial.py
[2023-12-22T20:17:48.012+0000] {processor.py:839} INFO - DAG(s) dict_keys(['tutorial']) retrieved from /home/airflow/.local/lib/python3.8/site-packages/airflow/example_dags/tutorial.py
[2023-12-22T20:17:48.205+0000] {logging_mixin.py:154} INFO - [2023-12-22T20:17:48.205+0000] {dag.py:2941} INFO - Sync 1 DAGs
[2023-12-22T20:17:48.287+0000] {logging_mixin.py:154} INFO - [2023-12-22T20:17:48.286+0000] {dag.py:3722} INFO - Setting next_dagrun for tutorial to 2023-12-21T20:17:48.285923+00:00, run_after=2023-12-22T20:17:48.285923+00:00
[2023-12-22T20:17:48.411+0000] {processor.py:179} INFO - Processing /home/airflow/.local/lib/python3.8/site-packages/airflow/example_dags/tutorial.py took 0.496 seconds
[2023-12-22T20:18:19.477+0000] {processor.py:157} INFO - Started process (PID=99) to work on /home/airflow/.local/lib/python3.8/site-packages/airflow/example_dags/tutorial.py
[2023-12-22T20:18:19.480+0000] {processor.py:829} INFO - Processing file /home/airflow/.local/lib/python3.8/site-packages/airflow/example_dags/tutorial.py for tasks to queue
[2023-12-22T20:18:19.485+0000] {logging_mixin.py:154} INFO - [2023-12-22T20:18:19.485+0000] {dagbag.py:536} INFO - Filling up the DagBag from /home/airflow/.local/lib/python3.8/site-packages/airflow/example_dags/tutorial.py
[2023-12-22T20:18:19.498+0000] {processor.py:839} INFO - DAG(s) dict_keys(['tutorial']) retrieved from /home/airflow/.local/lib/python3.8/site-packages/airflow/example_dags/tutorial.py
[2023-12-22T20:18:19.553+0000] {logging_mixin.py:154} INFO - [2023-12-22T20:18:19.552+0000] {dag.py:2941} INFO - Sync 1 DAGs
[2023-12-22T20:18:19.596+0000] {logging_mixin.py:154} INFO - [2023-12-22T20:18:19.596+0000] {dag.py:3722} INFO - Setting next_dagrun for tutorial to 2023-12-21T20:18:19.595723+00:00, run_after=2023-12-22T20:18:19.595723+00:00
[2023-12-22T20:18:19.637+0000] {processor.py:179} INFO - Processing /home/airflow/.local/lib/python3.8/site-packages/airflow/example_dags/tutorial.py took 0.169 seconds
[2023-12-22T20:18:49.740+0000] {processor.py:157} INFO - Started process (PID=155) to work on /home/airflow/.local/lib/python3.8/site-packages/airflow/example_dags/tutorial.py
[2023-12-22T20:18:49.743+0000] {processor.py:829} INFO - Processing file /home/airflow/.local/lib/python3.8/site-packages/airflow/example_dags/tutorial.py for tasks to queue
[2023-12-22T20:18:49.750+0000] {logging_mixin.py:154} INFO - [2023-12-22T20:18:49.749+0000] {dagbag.py:536} INFO - Filling up the DagBag from /home/airflow/.local/lib/python3.8/site-packages/airflow/example_dags/tutorial.py
[2023-12-22T20:18:49.766+0000] {processor.py:839} INFO - DAG(s) dict_keys(['tutorial']) retrieved from /home/airflow/.local/lib/python3.8/site-packages/airflow/example_dags/tutorial.py
[2023-12-22T20:18:49.807+0000] {logging_mixin.py:154} INFO - [2023-12-22T20:18:49.807+0000] {dag.py:2941} INFO - Sync 1 DAGs
[2023-12-22T20:18:49.856+0000] {logging_mixin.py:154} INFO - [2023-12-22T20:18:49.856+0000] {dag.py:3722} INFO - Setting next_dagrun for tutorial to 2023-12-21T20:18:49.855775+00:00, run_after=2023-12-22T20:18:49.855775+00:00
[2023-12-22T20:18:49.904+0000] {processor.py:179} INFO - Processing /home/airflow/.local/lib/python3.8/site-packages/airflow/example_dags/tutorial.py took 0.170 seconds
[2023-12-22T20:19:20.534+0000] {processor.py:157} INFO - Started process (PID=211) to work on /home/airflow/.local/lib/python3.8/site-packages/airflow/example_dags/tutorial.py
[2023-12-22T20:19:20.539+0000] {processor.py:829} INFO - Processing file /home/airflow/.local/lib/python3.8/site-packages/airflow/example_dags/tutorial.py for tasks to queue
[2023-12-22T20:19:20.557+0000] {logging_mixin.py:154} INFO - [2023-12-22T20:19:20.554+0000] {dagbag.py:536} INFO - Filling up the DagBag from /home/airflow/.local/lib/python3.8/site-packages/airflow/example_dags/tutorial.py
[2023-12-22T20:19:20.589+0000] {processor.py:839} INFO - DAG(s) dict_keys(['tutorial']) retrieved from /home/airflow/.local/lib/python3.8/site-packages/airflow/example_dags/tutorial.py
[2023-12-22T20:19:20.679+0000] {logging_mixin.py:154} INFO - [2023-12-22T20:19:20.679+0000] {dag.py:2941} INFO - Sync 1 DAGs
[2023-12-22T20:19:20.750+0000] {logging_mixin.py:154} INFO - [2023-12-22T20:19:20.749+0000] {dag.py:3722} INFO - Setting next_dagrun for tutorial to 2023-12-21T20:19:20.748724+00:00, run_after=2023-12-22T20:19:20.748724+00:00
[2023-12-22T20:19:20.919+0000] {processor.py:179} INFO - Processing /home/airflow/.local/lib/python3.8/site-packages/airflow/example_dags/tutorial.py took 0.399 seconds
[2023-12-22T20:19:51.328+0000] {processor.py:157} INFO - Started process (PID=267) to work on /home/airflow/.local/lib/python3.8/site-packages/airflow/example_dags/tutorial.py
[2023-12-22T20:19:51.330+0000] {processor.py:829} INFO - Processing file /home/airflow/.local/lib/python3.8/site-packages/airflow/example_dags/tutorial.py for tasks to queue
[2023-12-22T20:19:51.335+0000] {logging_mixin.py:154} INFO - [2023-12-22T20:19:51.334+0000] {dagbag.py:536} INFO - Filling up the DagBag from /home/airflow/.local/lib/python3.8/site-packages/airflow/example_dags/tutorial.py
[2023-12-22T20:19:51.345+0000] {processor.py:839} INFO - DAG(s) dict_keys(['tutorial']) retrieved from /home/airflow/.local/lib/python3.8/site-packages/airflow/example_dags/tutorial.py
[2023-12-22T20:19:51.380+0000] {logging_mixin.py:154} INFO - [2023-12-22T20:19:51.380+0000] {dag.py:2941} INFO - Sync 1 DAGs
[2023-12-22T20:19:51.415+0000] {logging_mixin.py:154} INFO - [2023-12-22T20:19:51.414+0000] {dag.py:3722} INFO - Setting next_dagrun for tutorial to 2023-12-21T20:19:51.414562+00:00, run_after=2023-12-22T20:19:51.414562+00:00
[2023-12-22T20:19:51.448+0000] {processor.py:179} INFO - Processing /home/airflow/.local/lib/python3.8/site-packages/airflow/example_dags/tutorial.py took 0.125 seconds
[2023-12-22T20:20:22.075+0000] {processor.py:157} INFO - Started process (PID=323) to work on /home/airflow/.local/lib/python3.8/site-packages/airflow/example_dags/tutorial.py
[2023-12-22T20:20:22.078+0000] {processor.py:829} INFO - Processing file /home/airflow/.local/lib/python3.8/site-packages/airflow/example_dags/tutorial.py for tasks to queue
[2023-12-22T20:20:22.082+0000] {logging_mixin.py:154} INFO - [2023-12-22T20:20:22.082+0000] {dagbag.py:536} INFO - Filling up the DagBag from /home/airflow/.local/lib/python3.8/site-packages/airflow/example_dags/tutorial.py
[2023-12-22T20:20:22.092+0000] {processor.py:839} INFO - DAG(s) dict_keys(['tutorial']) retrieved from /home/airflow/.local/lib/python3.8/site-packages/airflow/example_dags/tutorial.py
[2023-12-22T20:20:22.128+0000] {logging_mixin.py:154} INFO - [2023-12-22T20:20:22.127+0000] {dag.py:2941} INFO - Sync 1 DAGs
[2023-12-22T20:20:22.162+0000] {logging_mixin.py:154} INFO - [2023-12-22T20:20:22.162+0000] {dag.py:3722} INFO - Setting next_dagrun for tutorial to 2023-12-21T20:20:22.161650+00:00, run_after=2023-12-22T20:20:22.161650+00:00
[2023-12-22T20:20:22.197+0000] {processor.py:179} INFO - Processing /home/airflow/.local/lib/python3.8/site-packages/airflow/example_dags/tutorial.py took 0.127 seconds
[2023-12-22T20:20:52.314+0000] {processor.py:157} INFO - Started process (PID=378) to work on /home/airflow/.local/lib/python3.8/site-packages/airflow/example_dags/tutorial.py
[2023-12-22T20:20:52.317+0000] {processor.py:829} INFO - Processing file /home/airflow/.local/lib/python3.8/site-packages/airflow/example_dags/tutorial.py for tasks to queue
[2023-12-22T20:20:52.321+0000] {logging_mixin.py:154} INFO - [2023-12-22T20:20:52.321+0000] {dagbag.py:536} INFO - Filling up the DagBag from /home/airflow/.local/lib/python3.8/site-packages/airflow/example_dags/tutorial.py
[2023-12-22T20:20:52.333+0000] {processor.py:839} INFO - DAG(s) dict_keys(['tutorial']) retrieved from /home/airflow/.local/lib/python3.8/site-packages/airflow/example_dags/tutorial.py
[2023-12-22T20:20:52.367+0000] {logging_mixin.py:154} INFO - [2023-12-22T20:20:52.367+0000] {dag.py:2941} INFO - Sync 1 DAGs
[2023-12-22T20:20:52.401+0000] {logging_mixin.py:154} INFO - [2023-12-22T20:20:52.400+0000] {dag.py:3722} INFO - Setting next_dagrun for tutorial to 2023-12-21T20:20:52.400535+00:00, run_after=2023-12-22T20:20:52.400535+00:00
[2023-12-22T20:20:52.428+0000] {processor.py:179} INFO - Processing /home/airflow/.local/lib/python3.8/site-packages/airflow/example_dags/tutorial.py took 0.121 seconds
[2023-12-22T20:21:23.574+0000] {processor.py:157} INFO - Started process (PID=434) to work on /home/airflow/.local/lib/python3.8/site-packages/airflow/example_dags/tutorial.py
[2023-12-22T20:21:23.577+0000] {processor.py:829} INFO - Processing file /home/airflow/.local/lib/python3.8/site-packages/airflow/example_dags/tutorial.py for tasks to queue
[2023-12-22T20:21:23.585+0000] {logging_mixin.py:154} INFO - [2023-12-22T20:21:23.584+0000] {dagbag.py:536} INFO - Filling up the DagBag from /home/airflow/.local/lib/python3.8/site-packages/airflow/example_dags/tutorial.py
[2023-12-22T20:21:23.601+0000] {processor.py:839} INFO - DAG(s) dict_keys(['tutorial']) retrieved from /home/airflow/.local/lib/python3.8/site-packages/airflow/example_dags/tutorial.py
[2023-12-22T20:21:23.676+0000] {logging_mixin.py:154} INFO - [2023-12-22T20:21:23.676+0000] {dag.py:2941} INFO - Sync 1 DAGs
[2023-12-22T20:21:23.747+0000] {logging_mixin.py:154} INFO - [2023-12-22T20:21:23.747+0000] {dag.py:3722} INFO - Setting next_dagrun for tutorial to 2023-12-21T20:21:23.746652+00:00, run_after=2023-12-22T20:21:23.746652+00:00
[2023-12-22T20:21:23.809+0000] {processor.py:179} INFO - Processing /home/airflow/.local/lib/python3.8/site-packages/airflow/example_dags/tutorial.py took 0.243 seconds
[2023-12-22T20:21:54.078+0000] {processor.py:157} INFO - Started process (PID=489) to work on /home/airflow/.local/lib/python3.8/site-packages/airflow/example_dags/tutorial.py
[2023-12-22T20:21:54.079+0000] {processor.py:829} INFO - Processing file /home/airflow/.local/lib/python3.8/site-packages/airflow/example_dags/tutorial.py for tasks to queue
[2023-12-22T20:21:54.085+0000] {logging_mixin.py:154} INFO - [2023-12-22T20:21:54.085+0000] {dagbag.py:536} INFO - Filling up the DagBag from /home/airflow/.local/lib/python3.8/site-packages/airflow/example_dags/tutorial.py
[2023-12-22T20:21:54.099+0000] {processor.py:839} INFO - DAG(s) dict_keys(['tutorial']) retrieved from /home/airflow/.local/lib/python3.8/site-packages/airflow/example_dags/tutorial.py
[2023-12-22T20:21:54.139+0000] {logging_mixin.py:154} INFO - [2023-12-22T20:21:54.139+0000] {dag.py:2941} INFO - Sync 1 DAGs
[2023-12-22T20:21:54.184+0000] {logging_mixin.py:154} INFO - [2023-12-22T20:21:54.184+0000] {dag.py:3722} INFO - Setting next_dagrun for tutorial to 2023-12-21T20:21:54.184236+00:00, run_after=2023-12-22T20:21:54.184236+00:00
[2023-12-22T20:21:54.232+0000] {processor.py:179} INFO - Processing /home/airflow/.local/lib/python3.8/site-packages/airflow/example_dags/tutorial.py took 0.163 seconds
[2023-12-22T20:22:25.320+0000] {processor.py:157} INFO - Started process (PID=545) to work on /home/airflow/.local/lib/python3.8/site-packages/airflow/example_dags/tutorial.py
[2023-12-22T20:22:25.324+0000] {processor.py:829} INFO - Processing file /home/airflow/.local/lib/python3.8/site-packages/airflow/example_dags/tutorial.py for tasks to queue
[2023-12-22T20:22:25.335+0000] {logging_mixin.py:154} INFO - [2023-12-22T20:22:25.334+0000] {dagbag.py:536} INFO - Filling up the DagBag from /home/airflow/.local/lib/python3.8/site-packages/airflow/example_dags/tutorial.py
[2023-12-22T20:22:25.357+0000] {processor.py:839} INFO - DAG(s) dict_keys(['tutorial']) retrieved from /home/airflow/.local/lib/python3.8/site-packages/airflow/example_dags/tutorial.py
[2023-12-22T20:22:25.409+0000] {logging_mixin.py:154} INFO - [2023-12-22T20:22:25.409+0000] {dag.py:2941} INFO - Sync 1 DAGs
[2023-12-22T20:22:25.457+0000] {logging_mixin.py:154} INFO - [2023-12-22T20:22:25.455+0000] {dag.py:3722} INFO - Setting next_dagrun for tutorial to 2023-12-21T20:22:25.455055+00:00, run_after=2023-12-22T20:22:25.455055+00:00
[2023-12-22T20:22:25.500+0000] {processor.py:179} INFO - Processing /home/airflow/.local/lib/python3.8/site-packages/airflow/example_dags/tutorial.py took 0.189 seconds
[2023-12-22T20:22:56.155+0000] {processor.py:157} INFO - Started process (PID=600) to work on /home/airflow/.local/lib/python3.8/site-packages/airflow/example_dags/tutorial.py
[2023-12-22T20:22:56.157+0000] {processor.py:829} INFO - Processing file /home/airflow/.local/lib/python3.8/site-packages/airflow/example_dags/tutorial.py for tasks to queue
[2023-12-22T20:22:56.162+0000] {logging_mixin.py:154} INFO - [2023-12-22T20:22:56.162+0000] {dagbag.py:536} INFO - Filling up the DagBag from /home/airflow/.local/lib/python3.8/site-packages/airflow/example_dags/tutorial.py
[2023-12-22T20:22:56.171+0000] {processor.py:839} INFO - DAG(s) dict_keys(['tutorial']) retrieved from /home/airflow/.local/lib/python3.8/site-packages/airflow/example_dags/tutorial.py
[2023-12-22T20:22:56.206+0000] {logging_mixin.py:154} INFO - [2023-12-22T20:22:56.205+0000] {dag.py:2941} INFO - Sync 1 DAGs
[2023-12-22T20:22:56.240+0000] {logging_mixin.py:154} INFO - [2023-12-22T20:22:56.240+0000] {dag.py:3722} INFO - Setting next_dagrun for tutorial to 2023-12-21T20:22:56.240092+00:00, run_after=2023-12-22T20:22:56.240092+00:00
[2023-12-22T20:22:56.274+0000] {processor.py:179} INFO - Processing /home/airflow/.local/lib/python3.8/site-packages/airflow/example_dags/tutorial.py took 0.124 seconds
[2023-12-22T20:25:00.540+0000] {processor.py:157} INFO - Started process (PID=729) to work on /home/airflow/.local/lib/python3.8/site-packages/airflow/example_dags/tutorial.py
[2023-12-22T20:25:00.604+0000] {processor.py:829} INFO - Processing file /home/airflow/.local/lib/python3.8/site-packages/airflow/example_dags/tutorial.py for tasks to queue
[2023-12-22T20:25:00.668+0000] {logging_mixin.py:154} INFO - [2023-12-22T20:25:00.666+0000] {dagbag.py:536} INFO - Filling up the DagBag from /home/airflow/.local/lib/python3.8/site-packages/airflow/example_dags/tutorial.py
[2023-12-22T20:25:00.762+0000] {processor.py:839} INFO - DAG(s) dict_keys(['tutorial']) retrieved from /home/airflow/.local/lib/python3.8/site-packages/airflow/example_dags/tutorial.py
[2023-12-22T20:25:02.040+0000] {logging_mixin.py:154} INFO - [2023-12-22T20:25:02.029+0000] {dag.py:2941} INFO - Sync 1 DAGs
[2023-12-22T20:25:02.497+0000] {logging_mixin.py:154} INFO - [2023-12-22T20:25:02.497+0000] {dag.py:3722} INFO - Setting next_dagrun for tutorial to 2023-12-21T20:25:02.495715+00:00, run_after=2023-12-22T20:25:02.495715+00:00
[2023-12-22T20:25:02.819+0000] {processor.py:179} INFO - Processing /home/airflow/.local/lib/python3.8/site-packages/airflow/example_dags/tutorial.py took 2.339 seconds
