[2023-11-28T20:09:54.661+0000] {processor.py:157} INFO - Started process (PID=74) to work on /home/airflow/.local/lib/python3.8/site-packages/airflow/example_dags/example_branch_operator.py
[2023-11-28T20:09:54.679+0000] {processor.py:829} INFO - Processing file /home/airflow/.local/lib/python3.8/site-packages/airflow/example_dags/example_branch_operator.py for tasks to queue
[2023-11-28T20:09:54.721+0000] {logging_mixin.py:154} INFO - [2023-11-28T20:09:54.720+0000] {dagbag.py:536} INFO - Filling up the DagBag from /home/airflow/.local/lib/python3.8/site-packages/airflow/example_dags/example_branch_operator.py
[2023-11-28T20:09:54.812+0000] {processor.py:839} INFO - DAG(s) dict_keys(['example_branch_operator']) retrieved from /home/airflow/.local/lib/python3.8/site-packages/airflow/example_dags/example_branch_operator.py
[2023-11-28T20:09:54.916+0000] {logging_mixin.py:154} INFO - [2023-11-28T20:09:54.915+0000] {dag.py:2941} INFO - Sync 1 DAGs
[2023-11-28T20:09:54.982+0000] {logging_mixin.py:154} INFO - [2023-11-28T20:09:54.982+0000] {dag.py:3722} INFO - Setting next_dagrun for example_branch_operator to 2023-11-27T00:00:00+00:00, run_after=2023-11-28T00:00:00+00:00
[2023-11-28T20:09:55.071+0000] {processor.py:179} INFO - Processing /home/airflow/.local/lib/python3.8/site-packages/airflow/example_dags/example_branch_operator.py took 0.441 seconds
[2023-11-28T20:11:22.654+0000] {processor.py:157} INFO - Started process (PID=135) to work on /home/airflow/.local/lib/python3.8/site-packages/airflow/example_dags/example_branch_operator.py
[2023-11-28T20:11:22.658+0000] {processor.py:829} INFO - Processing file /home/airflow/.local/lib/python3.8/site-packages/airflow/example_dags/example_branch_operator.py for tasks to queue
[2023-11-28T20:11:22.665+0000] {logging_mixin.py:154} INFO - [2023-11-28T20:11:22.664+0000] {dagbag.py:536} INFO - Filling up the DagBag from /home/airflow/.local/lib/python3.8/site-packages/airflow/example_dags/example_branch_operator.py
[2023-11-28T20:11:22.712+0000] {processor.py:839} INFO - DAG(s) dict_keys(['example_branch_operator']) retrieved from /home/airflow/.local/lib/python3.8/site-packages/airflow/example_dags/example_branch_operator.py
[2023-11-28T20:11:22.797+0000] {logging_mixin.py:154} INFO - [2023-11-28T20:11:22.797+0000] {dag.py:2941} INFO - Sync 1 DAGs
[2023-11-28T20:11:22.939+0000] {logging_mixin.py:154} INFO - [2023-11-28T20:11:22.939+0000] {dag.py:3722} INFO - Setting next_dagrun for example_branch_operator to 2023-11-27T00:00:00+00:00, run_after=2023-11-28T00:00:00+00:00
[2023-11-28T20:11:23.273+0000] {processor.py:179} INFO - Processing /home/airflow/.local/lib/python3.8/site-packages/airflow/example_dags/example_branch_operator.py took 0.668 seconds
[2023-11-28T20:12:04.677+0000] {processor.py:157} INFO - Started process (PID=189) to work on /home/airflow/.local/lib/python3.8/site-packages/airflow/example_dags/example_branch_operator.py
[2023-11-28T20:12:04.679+0000] {processor.py:829} INFO - Processing file /home/airflow/.local/lib/python3.8/site-packages/airflow/example_dags/example_branch_operator.py for tasks to queue
[2023-11-28T20:12:04.685+0000] {logging_mixin.py:154} INFO - [2023-11-28T20:12:04.684+0000] {dagbag.py:536} INFO - Filling up the DagBag from /home/airflow/.local/lib/python3.8/site-packages/airflow/example_dags/example_branch_operator.py
[2023-11-28T20:12:04.701+0000] {processor.py:839} INFO - DAG(s) dict_keys(['example_branch_operator']) retrieved from /home/airflow/.local/lib/python3.8/site-packages/airflow/example_dags/example_branch_operator.py
[2023-11-28T20:12:04.759+0000] {logging_mixin.py:154} INFO - [2023-11-28T20:12:04.758+0000] {dag.py:2941} INFO - Sync 1 DAGs
[2023-11-28T20:12:04.881+0000] {logging_mixin.py:154} INFO - [2023-11-28T20:12:04.881+0000] {dag.py:3722} INFO - Setting next_dagrun for example_branch_operator to 2023-11-27T00:00:00+00:00, run_after=2023-11-28T00:00:00+00:00
[2023-11-28T20:12:04.915+0000] {processor.py:179} INFO - Processing /home/airflow/.local/lib/python3.8/site-packages/airflow/example_dags/example_branch_operator.py took 0.243 seconds
[2023-11-28T20:12:41.570+0000] {processor.py:157} INFO - Started process (PID=233) to work on /home/airflow/.local/lib/python3.8/site-packages/airflow/example_dags/example_branch_operator.py
[2023-11-28T20:12:41.576+0000] {processor.py:829} INFO - Processing file /home/airflow/.local/lib/python3.8/site-packages/airflow/example_dags/example_branch_operator.py for tasks to queue
[2023-11-28T20:12:41.584+0000] {logging_mixin.py:154} INFO - [2023-11-28T20:12:41.583+0000] {dagbag.py:536} INFO - Filling up the DagBag from /home/airflow/.local/lib/python3.8/site-packages/airflow/example_dags/example_branch_operator.py
[2023-11-28T20:12:41.616+0000] {processor.py:839} INFO - DAG(s) dict_keys(['example_branch_operator']) retrieved from /home/airflow/.local/lib/python3.8/site-packages/airflow/example_dags/example_branch_operator.py
[2023-11-28T20:12:42.053+0000] {logging_mixin.py:154} INFO - [2023-11-28T20:12:42.052+0000] {dag.py:2941} INFO - Sync 1 DAGs
[2023-11-28T20:12:42.223+0000] {logging_mixin.py:154} INFO - [2023-11-28T20:12:42.223+0000] {dag.py:3722} INFO - Setting next_dagrun for example_branch_operator to 2023-11-27T00:00:00+00:00, run_after=2023-11-28T00:00:00+00:00
[2023-11-28T20:12:42.362+0000] {processor.py:179} INFO - Processing /home/airflow/.local/lib/python3.8/site-packages/airflow/example_dags/example_branch_operator.py took 0.820 seconds
[2023-11-28T20:13:12.539+0000] {processor.py:157} INFO - Started process (PID=287) to work on /home/airflow/.local/lib/python3.8/site-packages/airflow/example_dags/example_branch_operator.py
[2023-11-28T20:13:12.551+0000] {processor.py:829} INFO - Processing file /home/airflow/.local/lib/python3.8/site-packages/airflow/example_dags/example_branch_operator.py for tasks to queue
[2023-11-28T20:13:12.571+0000] {logging_mixin.py:154} INFO - [2023-11-28T20:13:12.570+0000] {dagbag.py:536} INFO - Filling up the DagBag from /home/airflow/.local/lib/python3.8/site-packages/airflow/example_dags/example_branch_operator.py
[2023-11-28T20:13:12.595+0000] {processor.py:839} INFO - DAG(s) dict_keys(['example_branch_operator']) retrieved from /home/airflow/.local/lib/python3.8/site-packages/airflow/example_dags/example_branch_operator.py
[2023-11-28T20:13:12.723+0000] {logging_mixin.py:154} INFO - [2023-11-28T20:13:12.722+0000] {dag.py:2941} INFO - Sync 1 DAGs
[2023-11-28T20:13:12.786+0000] {logging_mixin.py:154} INFO - [2023-11-28T20:13:12.785+0000] {dag.py:3722} INFO - Setting next_dagrun for example_branch_operator to 2023-11-27T00:00:00+00:00, run_after=2023-11-28T00:00:00+00:00
[2023-11-28T20:13:12.813+0000] {processor.py:179} INFO - Processing /home/airflow/.local/lib/python3.8/site-packages/airflow/example_dags/example_branch_operator.py took 0.297 seconds
[2023-11-28T20:13:43.499+0000] {processor.py:157} INFO - Started process (PID=342) to work on /home/airflow/.local/lib/python3.8/site-packages/airflow/example_dags/example_branch_operator.py
[2023-11-28T20:13:43.502+0000] {processor.py:829} INFO - Processing file /home/airflow/.local/lib/python3.8/site-packages/airflow/example_dags/example_branch_operator.py for tasks to queue
[2023-11-28T20:13:43.508+0000] {logging_mixin.py:154} INFO - [2023-11-28T20:13:43.508+0000] {dagbag.py:536} INFO - Filling up the DagBag from /home/airflow/.local/lib/python3.8/site-packages/airflow/example_dags/example_branch_operator.py
[2023-11-28T20:13:43.540+0000] {processor.py:839} INFO - DAG(s) dict_keys(['example_branch_operator']) retrieved from /home/airflow/.local/lib/python3.8/site-packages/airflow/example_dags/example_branch_operator.py
[2023-11-28T20:13:43.626+0000] {logging_mixin.py:154} INFO - [2023-11-28T20:13:43.626+0000] {dag.py:2941} INFO - Sync 1 DAGs
[2023-11-28T20:13:43.695+0000] {logging_mixin.py:154} INFO - [2023-11-28T20:13:43.694+0000] {dag.py:3722} INFO - Setting next_dagrun for example_branch_operator to 2023-11-27T00:00:00+00:00, run_after=2023-11-28T00:00:00+00:00
[2023-11-28T20:13:43.734+0000] {processor.py:179} INFO - Processing /home/airflow/.local/lib/python3.8/site-packages/airflow/example_dags/example_branch_operator.py took 0.256 seconds
[2023-11-28T20:14:14.240+0000] {processor.py:157} INFO - Started process (PID=395) to work on /home/airflow/.local/lib/python3.8/site-packages/airflow/example_dags/example_branch_operator.py
[2023-11-28T20:14:14.244+0000] {processor.py:829} INFO - Processing file /home/airflow/.local/lib/python3.8/site-packages/airflow/example_dags/example_branch_operator.py for tasks to queue
[2023-11-28T20:14:14.253+0000] {logging_mixin.py:154} INFO - [2023-11-28T20:14:14.252+0000] {dagbag.py:536} INFO - Filling up the DagBag from /home/airflow/.local/lib/python3.8/site-packages/airflow/example_dags/example_branch_operator.py
[2023-11-28T20:14:14.309+0000] {processor.py:839} INFO - DAG(s) dict_keys(['example_branch_operator']) retrieved from /home/airflow/.local/lib/python3.8/site-packages/airflow/example_dags/example_branch_operator.py
[2023-11-28T20:14:14.376+0000] {logging_mixin.py:154} INFO - [2023-11-28T20:14:14.375+0000] {dag.py:2941} INFO - Sync 1 DAGs
[2023-11-28T20:14:14.433+0000] {logging_mixin.py:154} INFO - [2023-11-28T20:14:14.433+0000] {dag.py:3722} INFO - Setting next_dagrun for example_branch_operator to 2023-11-27T00:00:00+00:00, run_after=2023-11-28T00:00:00+00:00
[2023-11-28T20:14:14.472+0000] {processor.py:179} INFO - Processing /home/airflow/.local/lib/python3.8/site-packages/airflow/example_dags/example_branch_operator.py took 0.259 seconds
[2023-11-28T20:14:45.382+0000] {processor.py:157} INFO - Started process (PID=449) to work on /home/airflow/.local/lib/python3.8/site-packages/airflow/example_dags/example_branch_operator.py
[2023-11-28T20:14:45.384+0000] {processor.py:829} INFO - Processing file /home/airflow/.local/lib/python3.8/site-packages/airflow/example_dags/example_branch_operator.py for tasks to queue
[2023-11-28T20:14:45.389+0000] {logging_mixin.py:154} INFO - [2023-11-28T20:14:45.389+0000] {dagbag.py:536} INFO - Filling up the DagBag from /home/airflow/.local/lib/python3.8/site-packages/airflow/example_dags/example_branch_operator.py
[2023-11-28T20:14:45.410+0000] {processor.py:839} INFO - DAG(s) dict_keys(['example_branch_operator']) retrieved from /home/airflow/.local/lib/python3.8/site-packages/airflow/example_dags/example_branch_operator.py
[2023-11-28T20:14:45.468+0000] {logging_mixin.py:154} INFO - [2023-11-28T20:14:45.468+0000] {dag.py:2941} INFO - Sync 1 DAGs
[2023-11-28T20:14:45.515+0000] {logging_mixin.py:154} INFO - [2023-11-28T20:14:45.515+0000] {dag.py:3722} INFO - Setting next_dagrun for example_branch_operator to 2023-11-27T00:00:00+00:00, run_after=2023-11-28T00:00:00+00:00
[2023-11-28T20:14:45.557+0000] {processor.py:179} INFO - Processing /home/airflow/.local/lib/python3.8/site-packages/airflow/example_dags/example_branch_operator.py took 0.186 seconds
[2023-11-28T20:15:16.079+0000] {processor.py:157} INFO - Started process (PID=503) to work on /home/airflow/.local/lib/python3.8/site-packages/airflow/example_dags/example_branch_operator.py
[2023-11-28T20:15:16.080+0000] {processor.py:829} INFO - Processing file /home/airflow/.local/lib/python3.8/site-packages/airflow/example_dags/example_branch_operator.py for tasks to queue
[2023-11-28T20:15:16.084+0000] {logging_mixin.py:154} INFO - [2023-11-28T20:15:16.084+0000] {dagbag.py:536} INFO - Filling up the DagBag from /home/airflow/.local/lib/python3.8/site-packages/airflow/example_dags/example_branch_operator.py
[2023-11-28T20:15:16.099+0000] {processor.py:839} INFO - DAG(s) dict_keys(['example_branch_operator']) retrieved from /home/airflow/.local/lib/python3.8/site-packages/airflow/example_dags/example_branch_operator.py
[2023-11-28T20:15:16.139+0000] {logging_mixin.py:154} INFO - [2023-11-28T20:15:16.139+0000] {dag.py:2941} INFO - Sync 1 DAGs
[2023-11-28T20:15:16.174+0000] {logging_mixin.py:154} INFO - [2023-11-28T20:15:16.174+0000] {dag.py:3722} INFO - Setting next_dagrun for example_branch_operator to 2023-11-27T00:00:00+00:00, run_after=2023-11-28T00:00:00+00:00
[2023-11-28T20:15:16.211+0000] {processor.py:179} INFO - Processing /home/airflow/.local/lib/python3.8/site-packages/airflow/example_dags/example_branch_operator.py took 0.139 seconds
[2023-11-28T20:15:46.763+0000] {processor.py:157} INFO - Started process (PID=557) to work on /home/airflow/.local/lib/python3.8/site-packages/airflow/example_dags/example_branch_operator.py
[2023-11-28T20:15:46.764+0000] {processor.py:829} INFO - Processing file /home/airflow/.local/lib/python3.8/site-packages/airflow/example_dags/example_branch_operator.py for tasks to queue
[2023-11-28T20:15:46.768+0000] {logging_mixin.py:154} INFO - [2023-11-28T20:15:46.768+0000] {dagbag.py:536} INFO - Filling up the DagBag from /home/airflow/.local/lib/python3.8/site-packages/airflow/example_dags/example_branch_operator.py
[2023-11-28T20:15:46.783+0000] {processor.py:839} INFO - DAG(s) dict_keys(['example_branch_operator']) retrieved from /home/airflow/.local/lib/python3.8/site-packages/airflow/example_dags/example_branch_operator.py
[2023-11-28T20:15:46.823+0000] {logging_mixin.py:154} INFO - [2023-11-28T20:15:46.822+0000] {dag.py:2941} INFO - Sync 1 DAGs
[2023-11-28T20:15:46.858+0000] {logging_mixin.py:154} INFO - [2023-11-28T20:15:46.858+0000] {dag.py:3722} INFO - Setting next_dagrun for example_branch_operator to 2023-11-27T00:00:00+00:00, run_after=2023-11-28T00:00:00+00:00
[2023-11-28T20:15:46.892+0000] {processor.py:179} INFO - Processing /home/airflow/.local/lib/python3.8/site-packages/airflow/example_dags/example_branch_operator.py took 0.136 seconds
[2023-11-28T20:16:17.108+0000] {processor.py:157} INFO - Started process (PID=611) to work on /home/airflow/.local/lib/python3.8/site-packages/airflow/example_dags/example_branch_operator.py
[2023-11-28T20:16:17.110+0000] {processor.py:829} INFO - Processing file /home/airflow/.local/lib/python3.8/site-packages/airflow/example_dags/example_branch_operator.py for tasks to queue
[2023-11-28T20:16:17.115+0000] {logging_mixin.py:154} INFO - [2023-11-28T20:16:17.114+0000] {dagbag.py:536} INFO - Filling up the DagBag from /home/airflow/.local/lib/python3.8/site-packages/airflow/example_dags/example_branch_operator.py
[2023-11-28T20:16:17.129+0000] {processor.py:839} INFO - DAG(s) dict_keys(['example_branch_operator']) retrieved from /home/airflow/.local/lib/python3.8/site-packages/airflow/example_dags/example_branch_operator.py
[2023-11-28T20:16:17.173+0000] {logging_mixin.py:154} INFO - [2023-11-28T20:16:17.173+0000] {dag.py:2941} INFO - Sync 1 DAGs
[2023-11-28T20:16:17.212+0000] {logging_mixin.py:154} INFO - [2023-11-28T20:16:17.212+0000] {dag.py:3722} INFO - Setting next_dagrun for example_branch_operator to 2023-11-27T00:00:00+00:00, run_after=2023-11-28T00:00:00+00:00
[2023-11-28T20:16:17.241+0000] {processor.py:179} INFO - Processing /home/airflow/.local/lib/python3.8/site-packages/airflow/example_dags/example_branch_operator.py took 0.140 seconds
[2023-11-28T20:16:47.385+0000] {processor.py:157} INFO - Started process (PID=665) to work on /home/airflow/.local/lib/python3.8/site-packages/airflow/example_dags/example_branch_operator.py
[2023-11-28T20:16:47.392+0000] {processor.py:829} INFO - Processing file /home/airflow/.local/lib/python3.8/site-packages/airflow/example_dags/example_branch_operator.py for tasks to queue
[2023-11-28T20:16:47.397+0000] {logging_mixin.py:154} INFO - [2023-11-28T20:16:47.396+0000] {dagbag.py:536} INFO - Filling up the DagBag from /home/airflow/.local/lib/python3.8/site-packages/airflow/example_dags/example_branch_operator.py
[2023-11-28T20:16:47.413+0000] {processor.py:839} INFO - DAG(s) dict_keys(['example_branch_operator']) retrieved from /home/airflow/.local/lib/python3.8/site-packages/airflow/example_dags/example_branch_operator.py
[2023-11-28T20:16:47.469+0000] {logging_mixin.py:154} INFO - [2023-11-28T20:16:47.469+0000] {dag.py:2941} INFO - Sync 1 DAGs
[2023-11-28T20:16:47.540+0000] {logging_mixin.py:154} INFO - [2023-11-28T20:16:47.540+0000] {dag.py:3722} INFO - Setting next_dagrun for example_branch_operator to 2023-11-27T00:00:00+00:00, run_after=2023-11-28T00:00:00+00:00
[2023-11-28T20:16:47.575+0000] {processor.py:179} INFO - Processing /home/airflow/.local/lib/python3.8/site-packages/airflow/example_dags/example_branch_operator.py took 0.200 seconds
[2023-11-28T20:17:17.688+0000] {processor.py:157} INFO - Started process (PID=720) to work on /home/airflow/.local/lib/python3.8/site-packages/airflow/example_dags/example_branch_operator.py
[2023-11-28T20:17:17.690+0000] {processor.py:829} INFO - Processing file /home/airflow/.local/lib/python3.8/site-packages/airflow/example_dags/example_branch_operator.py for tasks to queue
[2023-11-28T20:17:17.694+0000] {logging_mixin.py:154} INFO - [2023-11-28T20:17:17.693+0000] {dagbag.py:536} INFO - Filling up the DagBag from /home/airflow/.local/lib/python3.8/site-packages/airflow/example_dags/example_branch_operator.py
[2023-11-28T20:17:17.709+0000] {processor.py:839} INFO - DAG(s) dict_keys(['example_branch_operator']) retrieved from /home/airflow/.local/lib/python3.8/site-packages/airflow/example_dags/example_branch_operator.py
[2023-11-28T20:17:17.754+0000] {logging_mixin.py:154} INFO - [2023-11-28T20:17:17.754+0000] {dag.py:2941} INFO - Sync 1 DAGs
[2023-11-28T20:17:17.790+0000] {logging_mixin.py:154} INFO - [2023-11-28T20:17:17.789+0000] {dag.py:3722} INFO - Setting next_dagrun for example_branch_operator to 2023-11-27T00:00:00+00:00, run_after=2023-11-28T00:00:00+00:00
[2023-11-28T20:17:17.815+0000] {processor.py:179} INFO - Processing /home/airflow/.local/lib/python3.8/site-packages/airflow/example_dags/example_branch_operator.py took 0.133 seconds
[2023-11-28T20:17:48.007+0000] {processor.py:157} INFO - Started process (PID=773) to work on /home/airflow/.local/lib/python3.8/site-packages/airflow/example_dags/example_branch_operator.py
[2023-11-28T20:17:48.009+0000] {processor.py:829} INFO - Processing file /home/airflow/.local/lib/python3.8/site-packages/airflow/example_dags/example_branch_operator.py for tasks to queue
[2023-11-28T20:17:48.013+0000] {logging_mixin.py:154} INFO - [2023-11-28T20:17:48.013+0000] {dagbag.py:536} INFO - Filling up the DagBag from /home/airflow/.local/lib/python3.8/site-packages/airflow/example_dags/example_branch_operator.py
[2023-11-28T20:17:48.028+0000] {processor.py:839} INFO - DAG(s) dict_keys(['example_branch_operator']) retrieved from /home/airflow/.local/lib/python3.8/site-packages/airflow/example_dags/example_branch_operator.py
[2023-11-28T20:17:48.072+0000] {logging_mixin.py:154} INFO - [2023-11-28T20:17:48.072+0000] {dag.py:2941} INFO - Sync 1 DAGs
[2023-11-28T20:17:48.107+0000] {logging_mixin.py:154} INFO - [2023-11-28T20:17:48.107+0000] {dag.py:3722} INFO - Setting next_dagrun for example_branch_operator to 2023-11-27T00:00:00+00:00, run_after=2023-11-28T00:00:00+00:00
[2023-11-28T20:17:48.138+0000] {processor.py:179} INFO - Processing /home/airflow/.local/lib/python3.8/site-packages/airflow/example_dags/example_branch_operator.py took 0.137 seconds
[2023-11-28T20:18:18.808+0000] {processor.py:157} INFO - Started process (PID=828) to work on /home/airflow/.local/lib/python3.8/site-packages/airflow/example_dags/example_branch_operator.py
[2023-11-28T20:18:18.810+0000] {processor.py:829} INFO - Processing file /home/airflow/.local/lib/python3.8/site-packages/airflow/example_dags/example_branch_operator.py for tasks to queue
[2023-11-28T20:18:18.814+0000] {logging_mixin.py:154} INFO - [2023-11-28T20:18:18.814+0000] {dagbag.py:536} INFO - Filling up the DagBag from /home/airflow/.local/lib/python3.8/site-packages/airflow/example_dags/example_branch_operator.py
[2023-11-28T20:18:18.829+0000] {processor.py:839} INFO - DAG(s) dict_keys(['example_branch_operator']) retrieved from /home/airflow/.local/lib/python3.8/site-packages/airflow/example_dags/example_branch_operator.py
[2023-11-28T20:18:18.867+0000] {logging_mixin.py:154} INFO - [2023-11-28T20:18:18.866+0000] {dag.py:2941} INFO - Sync 1 DAGs
[2023-11-28T20:18:18.906+0000] {logging_mixin.py:154} INFO - [2023-11-28T20:18:18.906+0000] {dag.py:3722} INFO - Setting next_dagrun for example_branch_operator to 2023-11-27T00:00:00+00:00, run_after=2023-11-28T00:00:00+00:00
[2023-11-28T20:18:18.938+0000] {processor.py:179} INFO - Processing /home/airflow/.local/lib/python3.8/site-packages/airflow/example_dags/example_branch_operator.py took 0.136 seconds
[2023-11-28T20:18:49.359+0000] {processor.py:157} INFO - Started process (PID=882) to work on /home/airflow/.local/lib/python3.8/site-packages/airflow/example_dags/example_branch_operator.py
[2023-11-28T20:18:49.361+0000] {processor.py:829} INFO - Processing file /home/airflow/.local/lib/python3.8/site-packages/airflow/example_dags/example_branch_operator.py for tasks to queue
[2023-11-28T20:18:49.365+0000] {logging_mixin.py:154} INFO - [2023-11-28T20:18:49.365+0000] {dagbag.py:536} INFO - Filling up the DagBag from /home/airflow/.local/lib/python3.8/site-packages/airflow/example_dags/example_branch_operator.py
[2023-11-28T20:18:49.383+0000] {processor.py:839} INFO - DAG(s) dict_keys(['example_branch_operator']) retrieved from /home/airflow/.local/lib/python3.8/site-packages/airflow/example_dags/example_branch_operator.py
[2023-11-28T20:18:49.423+0000] {logging_mixin.py:154} INFO - [2023-11-28T20:18:49.423+0000] {dag.py:2941} INFO - Sync 1 DAGs
[2023-11-28T20:18:49.458+0000] {logging_mixin.py:154} INFO - [2023-11-28T20:18:49.458+0000] {dag.py:3722} INFO - Setting next_dagrun for example_branch_operator to 2023-11-27T00:00:00+00:00, run_after=2023-11-28T00:00:00+00:00
[2023-11-28T20:18:49.493+0000] {processor.py:179} INFO - Processing /home/airflow/.local/lib/python3.8/site-packages/airflow/example_dags/example_branch_operator.py took 0.141 seconds
[2023-11-28T20:19:19.827+0000] {processor.py:157} INFO - Started process (PID=936) to work on /home/airflow/.local/lib/python3.8/site-packages/airflow/example_dags/example_branch_operator.py
[2023-11-28T20:19:19.828+0000] {processor.py:829} INFO - Processing file /home/airflow/.local/lib/python3.8/site-packages/airflow/example_dags/example_branch_operator.py for tasks to queue
[2023-11-28T20:19:19.833+0000] {logging_mixin.py:154} INFO - [2023-11-28T20:19:19.832+0000] {dagbag.py:536} INFO - Filling up the DagBag from /home/airflow/.local/lib/python3.8/site-packages/airflow/example_dags/example_branch_operator.py
[2023-11-28T20:19:19.849+0000] {processor.py:839} INFO - DAG(s) dict_keys(['example_branch_operator']) retrieved from /home/airflow/.local/lib/python3.8/site-packages/airflow/example_dags/example_branch_operator.py
[2023-11-28T20:19:19.898+0000] {logging_mixin.py:154} INFO - [2023-11-28T20:19:19.897+0000] {dag.py:2941} INFO - Sync 1 DAGs
[2023-11-28T20:19:19.933+0000] {logging_mixin.py:154} INFO - [2023-11-28T20:19:19.933+0000] {dag.py:3722} INFO - Setting next_dagrun for example_branch_operator to 2023-11-27T00:00:00+00:00, run_after=2023-11-28T00:00:00+00:00
[2023-11-28T20:19:20.194+0000] {processor.py:179} INFO - Processing /home/airflow/.local/lib/python3.8/site-packages/airflow/example_dags/example_branch_operator.py took 0.373 seconds
[2023-11-28T20:19:50.630+0000] {processor.py:157} INFO - Started process (PID=990) to work on /home/airflow/.local/lib/python3.8/site-packages/airflow/example_dags/example_branch_operator.py
[2023-11-28T20:19:50.631+0000] {processor.py:829} INFO - Processing file /home/airflow/.local/lib/python3.8/site-packages/airflow/example_dags/example_branch_operator.py for tasks to queue
[2023-11-28T20:19:50.635+0000] {logging_mixin.py:154} INFO - [2023-11-28T20:19:50.634+0000] {dagbag.py:536} INFO - Filling up the DagBag from /home/airflow/.local/lib/python3.8/site-packages/airflow/example_dags/example_branch_operator.py
[2023-11-28T20:19:50.652+0000] {processor.py:839} INFO - DAG(s) dict_keys(['example_branch_operator']) retrieved from /home/airflow/.local/lib/python3.8/site-packages/airflow/example_dags/example_branch_operator.py
[2023-11-28T20:19:50.701+0000] {logging_mixin.py:154} INFO - [2023-11-28T20:19:50.701+0000] {dag.py:2941} INFO - Sync 1 DAGs
[2023-11-28T20:19:50.747+0000] {logging_mixin.py:154} INFO - [2023-11-28T20:19:50.746+0000] {dag.py:3722} INFO - Setting next_dagrun for example_branch_operator to 2023-11-27T00:00:00+00:00, run_after=2023-11-28T00:00:00+00:00
[2023-11-28T20:19:50.776+0000] {processor.py:179} INFO - Processing /home/airflow/.local/lib/python3.8/site-packages/airflow/example_dags/example_branch_operator.py took 0.152 seconds
[2023-11-28T20:20:21.393+0000] {processor.py:157} INFO - Started process (PID=1044) to work on /home/airflow/.local/lib/python3.8/site-packages/airflow/example_dags/example_branch_operator.py
[2023-11-28T20:20:21.395+0000] {processor.py:829} INFO - Processing file /home/airflow/.local/lib/python3.8/site-packages/airflow/example_dags/example_branch_operator.py for tasks to queue
[2023-11-28T20:20:21.400+0000] {logging_mixin.py:154} INFO - [2023-11-28T20:20:21.399+0000] {dagbag.py:536} INFO - Filling up the DagBag from /home/airflow/.local/lib/python3.8/site-packages/airflow/example_dags/example_branch_operator.py
[2023-11-28T20:20:21.415+0000] {processor.py:839} INFO - DAG(s) dict_keys(['example_branch_operator']) retrieved from /home/airflow/.local/lib/python3.8/site-packages/airflow/example_dags/example_branch_operator.py
[2023-11-28T20:20:21.457+0000] {logging_mixin.py:154} INFO - [2023-11-28T20:20:21.457+0000] {dag.py:2941} INFO - Sync 1 DAGs
[2023-11-28T20:20:21.494+0000] {logging_mixin.py:154} INFO - [2023-11-28T20:20:21.494+0000] {dag.py:3722} INFO - Setting next_dagrun for example_branch_operator to 2023-11-27T00:00:00+00:00, run_after=2023-11-28T00:00:00+00:00
[2023-11-28T20:20:21.527+0000] {processor.py:179} INFO - Processing /home/airflow/.local/lib/python3.8/site-packages/airflow/example_dags/example_branch_operator.py took 0.140 seconds
[2023-11-28T20:20:52.169+0000] {processor.py:157} INFO - Started process (PID=1099) to work on /home/airflow/.local/lib/python3.8/site-packages/airflow/example_dags/example_branch_operator.py
[2023-11-28T20:20:52.171+0000] {processor.py:829} INFO - Processing file /home/airflow/.local/lib/python3.8/site-packages/airflow/example_dags/example_branch_operator.py for tasks to queue
[2023-11-28T20:20:52.175+0000] {logging_mixin.py:154} INFO - [2023-11-28T20:20:52.174+0000] {dagbag.py:536} INFO - Filling up the DagBag from /home/airflow/.local/lib/python3.8/site-packages/airflow/example_dags/example_branch_operator.py
[2023-11-28T20:20:52.189+0000] {processor.py:839} INFO - DAG(s) dict_keys(['example_branch_operator']) retrieved from /home/airflow/.local/lib/python3.8/site-packages/airflow/example_dags/example_branch_operator.py
[2023-11-28T20:20:52.230+0000] {logging_mixin.py:154} INFO - [2023-11-28T20:20:52.229+0000] {dag.py:2941} INFO - Sync 1 DAGs
[2023-11-28T20:20:52.498+0000] {logging_mixin.py:154} INFO - [2023-11-28T20:20:52.498+0000] {dag.py:3722} INFO - Setting next_dagrun for example_branch_operator to 2023-11-27T00:00:00+00:00, run_after=2023-11-28T00:00:00+00:00
[2023-11-28T20:20:52.545+0000] {processor.py:179} INFO - Processing /home/airflow/.local/lib/python3.8/site-packages/airflow/example_dags/example_branch_operator.py took 0.381 seconds
[2023-11-28T20:21:22.880+0000] {processor.py:157} INFO - Started process (PID=1153) to work on /home/airflow/.local/lib/python3.8/site-packages/airflow/example_dags/example_branch_operator.py
[2023-11-28T20:21:22.882+0000] {processor.py:829} INFO - Processing file /home/airflow/.local/lib/python3.8/site-packages/airflow/example_dags/example_branch_operator.py for tasks to queue
[2023-11-28T20:21:22.886+0000] {logging_mixin.py:154} INFO - [2023-11-28T20:21:22.885+0000] {dagbag.py:536} INFO - Filling up the DagBag from /home/airflow/.local/lib/python3.8/site-packages/airflow/example_dags/example_branch_operator.py
[2023-11-28T20:21:22.902+0000] {processor.py:839} INFO - DAG(s) dict_keys(['example_branch_operator']) retrieved from /home/airflow/.local/lib/python3.8/site-packages/airflow/example_dags/example_branch_operator.py
[2023-11-28T20:21:22.957+0000] {logging_mixin.py:154} INFO - [2023-11-28T20:21:22.957+0000] {dag.py:2941} INFO - Sync 1 DAGs
[2023-11-28T20:21:23.192+0000] {logging_mixin.py:154} INFO - [2023-11-28T20:21:23.191+0000] {dag.py:3722} INFO - Setting next_dagrun for example_branch_operator to 2023-11-27T00:00:00+00:00, run_after=2023-11-28T00:00:00+00:00
[2023-11-28T20:21:23.223+0000] {processor.py:179} INFO - Processing /home/airflow/.local/lib/python3.8/site-packages/airflow/example_dags/example_branch_operator.py took 0.349 seconds
[2023-11-28T20:21:53.930+0000] {processor.py:157} INFO - Started process (PID=1214) to work on /home/airflow/.local/lib/python3.8/site-packages/airflow/example_dags/example_branch_operator.py
[2023-11-28T20:21:53.932+0000] {processor.py:829} INFO - Processing file /home/airflow/.local/lib/python3.8/site-packages/airflow/example_dags/example_branch_operator.py for tasks to queue
[2023-11-28T20:21:53.935+0000] {logging_mixin.py:154} INFO - [2023-11-28T20:21:53.935+0000] {dagbag.py:536} INFO - Filling up the DagBag from /home/airflow/.local/lib/python3.8/site-packages/airflow/example_dags/example_branch_operator.py
[2023-11-28T20:21:53.951+0000] {processor.py:839} INFO - DAG(s) dict_keys(['example_branch_operator']) retrieved from /home/airflow/.local/lib/python3.8/site-packages/airflow/example_dags/example_branch_operator.py
[2023-11-28T20:21:53.993+0000] {logging_mixin.py:154} INFO - [2023-11-28T20:21:53.992+0000] {dag.py:2941} INFO - Sync 1 DAGs
[2023-11-28T20:21:54.026+0000] {logging_mixin.py:154} INFO - [2023-11-28T20:21:54.026+0000] {dag.py:3722} INFO - Setting next_dagrun for example_branch_operator to 2023-11-27T00:00:00+00:00, run_after=2023-11-28T00:00:00+00:00
[2023-11-28T20:21:54.058+0000] {processor.py:179} INFO - Processing /home/airflow/.local/lib/python3.8/site-packages/airflow/example_dags/example_branch_operator.py took 0.134 seconds
[2023-11-28T20:22:24.807+0000] {processor.py:157} INFO - Started process (PID=1268) to work on /home/airflow/.local/lib/python3.8/site-packages/airflow/example_dags/example_branch_operator.py
[2023-11-28T20:22:24.808+0000] {processor.py:829} INFO - Processing file /home/airflow/.local/lib/python3.8/site-packages/airflow/example_dags/example_branch_operator.py for tasks to queue
[2023-11-28T20:22:24.813+0000] {logging_mixin.py:154} INFO - [2023-11-28T20:22:24.813+0000] {dagbag.py:536} INFO - Filling up the DagBag from /home/airflow/.local/lib/python3.8/site-packages/airflow/example_dags/example_branch_operator.py
[2023-11-28T20:22:24.833+0000] {processor.py:839} INFO - DAG(s) dict_keys(['example_branch_operator']) retrieved from /home/airflow/.local/lib/python3.8/site-packages/airflow/example_dags/example_branch_operator.py
[2023-11-28T20:22:24.884+0000] {logging_mixin.py:154} INFO - [2023-11-28T20:22:24.884+0000] {dag.py:2941} INFO - Sync 1 DAGs
[2023-11-28T20:22:24.923+0000] {logging_mixin.py:154} INFO - [2023-11-28T20:22:24.923+0000] {dag.py:3722} INFO - Setting next_dagrun for example_branch_operator to 2023-11-27T00:00:00+00:00, run_after=2023-11-28T00:00:00+00:00
[2023-11-28T20:22:24.993+0000] {processor.py:179} INFO - Processing /home/airflow/.local/lib/python3.8/site-packages/airflow/example_dags/example_branch_operator.py took 0.193 seconds
[2023-11-28T21:07:55.543+0000] {processor.py:157} INFO - Started process (PID=62) to work on /home/airflow/.local/lib/python3.8/site-packages/airflow/example_dags/example_branch_operator.py
[2023-11-28T21:07:55.544+0000] {processor.py:829} INFO - Processing file /home/airflow/.local/lib/python3.8/site-packages/airflow/example_dags/example_branch_operator.py for tasks to queue
[2023-11-28T21:07:55.550+0000] {logging_mixin.py:154} INFO - [2023-11-28T21:07:55.549+0000] {dagbag.py:536} INFO - Filling up the DagBag from /home/airflow/.local/lib/python3.8/site-packages/airflow/example_dags/example_branch_operator.py
[2023-11-28T21:07:55.578+0000] {processor.py:839} INFO - DAG(s) dict_keys(['example_branch_operator']) retrieved from /home/airflow/.local/lib/python3.8/site-packages/airflow/example_dags/example_branch_operator.py
[2023-11-28T21:07:55.777+0000] {logging_mixin.py:154} INFO - [2023-11-28T21:07:55.776+0000] {manager.py:499} INFO - Created Permission View: %s
[2023-11-28T21:07:55.798+0000] {logging_mixin.py:154} INFO - [2023-11-28T21:07:55.798+0000] {manager.py:499} INFO - Created Permission View: %s
[2023-11-28T21:07:55.811+0000] {logging_mixin.py:154} INFO - [2023-11-28T21:07:55.811+0000] {manager.py:499} INFO - Created Permission View: %s
[2023-11-28T21:07:55.815+0000] {logging_mixin.py:154} INFO - [2023-11-28T21:07:55.814+0000] {dag.py:2941} INFO - Sync 1 DAGs
[2023-11-28T21:07:55.847+0000] {logging_mixin.py:154} INFO - [2023-11-28T21:07:55.847+0000] {dag.py:2963} INFO - Creating ORM DAG for example_branch_operator
[2023-11-28T21:07:55.866+0000] {logging_mixin.py:154} INFO - [2023-11-28T21:07:55.866+0000] {dag.py:3722} INFO - Setting next_dagrun for example_branch_operator to 2023-11-27T00:00:00+00:00, run_after=2023-11-28T00:00:00+00:00
[2023-11-28T21:07:55.913+0000] {processor.py:179} INFO - Processing /home/airflow/.local/lib/python3.8/site-packages/airflow/example_dags/example_branch_operator.py took 0.379 seconds
[2023-11-28T21:08:26.742+0000] {processor.py:157} INFO - Started process (PID=116) to work on /home/airflow/.local/lib/python3.8/site-packages/airflow/example_dags/example_branch_operator.py
[2023-11-28T21:08:26.746+0000] {processor.py:829} INFO - Processing file /home/airflow/.local/lib/python3.8/site-packages/airflow/example_dags/example_branch_operator.py for tasks to queue
[2023-11-28T21:08:26.751+0000] {logging_mixin.py:154} INFO - [2023-11-28T21:08:26.751+0000] {dagbag.py:536} INFO - Filling up the DagBag from /home/airflow/.local/lib/python3.8/site-packages/airflow/example_dags/example_branch_operator.py
[2023-11-28T21:08:26.773+0000] {processor.py:839} INFO - DAG(s) dict_keys(['example_branch_operator']) retrieved from /home/airflow/.local/lib/python3.8/site-packages/airflow/example_dags/example_branch_operator.py
[2023-11-28T21:08:26.873+0000] {logging_mixin.py:154} INFO - [2023-11-28T21:08:26.872+0000] {dag.py:2941} INFO - Sync 1 DAGs
[2023-11-28T21:08:26.915+0000] {logging_mixin.py:154} INFO - [2023-11-28T21:08:26.914+0000] {dag.py:3722} INFO - Setting next_dagrun for example_branch_operator to 2023-11-27T00:00:00+00:00, run_after=2023-11-28T00:00:00+00:00
[2023-11-28T21:08:26.946+0000] {processor.py:179} INFO - Processing /home/airflow/.local/lib/python3.8/site-packages/airflow/example_dags/example_branch_operator.py took 0.211 seconds
[2023-11-28T21:08:57.446+0000] {processor.py:157} INFO - Started process (PID=170) to work on /home/airflow/.local/lib/python3.8/site-packages/airflow/example_dags/example_branch_operator.py
[2023-11-28T21:08:57.449+0000] {processor.py:829} INFO - Processing file /home/airflow/.local/lib/python3.8/site-packages/airflow/example_dags/example_branch_operator.py for tasks to queue
[2023-11-28T21:08:57.454+0000] {logging_mixin.py:154} INFO - [2023-11-28T21:08:57.453+0000] {dagbag.py:536} INFO - Filling up the DagBag from /home/airflow/.local/lib/python3.8/site-packages/airflow/example_dags/example_branch_operator.py
[2023-11-28T21:08:57.468+0000] {processor.py:839} INFO - DAG(s) dict_keys(['example_branch_operator']) retrieved from /home/airflow/.local/lib/python3.8/site-packages/airflow/example_dags/example_branch_operator.py
[2023-11-28T21:08:57.511+0000] {logging_mixin.py:154} INFO - [2023-11-28T21:08:57.511+0000] {dag.py:2941} INFO - Sync 1 DAGs
[2023-11-28T21:08:57.547+0000] {logging_mixin.py:154} INFO - [2023-11-28T21:08:57.547+0000] {dag.py:3722} INFO - Setting next_dagrun for example_branch_operator to 2023-11-27T00:00:00+00:00, run_after=2023-11-28T00:00:00+00:00
[2023-11-28T21:08:57.576+0000] {processor.py:179} INFO - Processing /home/airflow/.local/lib/python3.8/site-packages/airflow/example_dags/example_branch_operator.py took 0.136 seconds
[2023-11-28T21:09:27.849+0000] {processor.py:157} INFO - Started process (PID=224) to work on /home/airflow/.local/lib/python3.8/site-packages/airflow/example_dags/example_branch_operator.py
[2023-11-28T21:09:27.851+0000] {processor.py:829} INFO - Processing file /home/airflow/.local/lib/python3.8/site-packages/airflow/example_dags/example_branch_operator.py for tasks to queue
[2023-11-28T21:09:27.855+0000] {logging_mixin.py:154} INFO - [2023-11-28T21:09:27.855+0000] {dagbag.py:536} INFO - Filling up the DagBag from /home/airflow/.local/lib/python3.8/site-packages/airflow/example_dags/example_branch_operator.py
[2023-11-28T21:09:27.873+0000] {processor.py:839} INFO - DAG(s) dict_keys(['example_branch_operator']) retrieved from /home/airflow/.local/lib/python3.8/site-packages/airflow/example_dags/example_branch_operator.py
[2023-11-28T21:09:27.913+0000] {logging_mixin.py:154} INFO - [2023-11-28T21:09:27.913+0000] {dag.py:2941} INFO - Sync 1 DAGs
[2023-11-28T21:09:27.949+0000] {logging_mixin.py:154} INFO - [2023-11-28T21:09:27.948+0000] {dag.py:3722} INFO - Setting next_dagrun for example_branch_operator to 2023-11-27T00:00:00+00:00, run_after=2023-11-28T00:00:00+00:00
[2023-11-28T21:09:27.999+0000] {processor.py:179} INFO - Processing /home/airflow/.local/lib/python3.8/site-packages/airflow/example_dags/example_branch_operator.py took 0.159 seconds
[2023-11-28T21:09:58.485+0000] {processor.py:157} INFO - Started process (PID=279) to work on /home/airflow/.local/lib/python3.8/site-packages/airflow/example_dags/example_branch_operator.py
[2023-11-28T21:09:58.486+0000] {processor.py:829} INFO - Processing file /home/airflow/.local/lib/python3.8/site-packages/airflow/example_dags/example_branch_operator.py for tasks to queue
[2023-11-28T21:09:58.490+0000] {logging_mixin.py:154} INFO - [2023-11-28T21:09:58.490+0000] {dagbag.py:536} INFO - Filling up the DagBag from /home/airflow/.local/lib/python3.8/site-packages/airflow/example_dags/example_branch_operator.py
[2023-11-28T21:09:58.505+0000] {processor.py:839} INFO - DAG(s) dict_keys(['example_branch_operator']) retrieved from /home/airflow/.local/lib/python3.8/site-packages/airflow/example_dags/example_branch_operator.py
[2023-11-28T21:09:58.545+0000] {logging_mixin.py:154} INFO - [2023-11-28T21:09:58.544+0000] {dag.py:2941} INFO - Sync 1 DAGs
[2023-11-28T21:09:58.582+0000] {logging_mixin.py:154} INFO - [2023-11-28T21:09:58.582+0000] {dag.py:3722} INFO - Setting next_dagrun for example_branch_operator to 2023-11-27T00:00:00+00:00, run_after=2023-11-28T00:00:00+00:00
[2023-11-28T21:09:58.616+0000] {processor.py:179} INFO - Processing /home/airflow/.local/lib/python3.8/site-packages/airflow/example_dags/example_branch_operator.py took 0.136 seconds
[2023-11-28T21:10:28.819+0000] {processor.py:157} INFO - Started process (PID=333) to work on /home/airflow/.local/lib/python3.8/site-packages/airflow/example_dags/example_branch_operator.py
[2023-11-28T21:10:28.822+0000] {processor.py:829} INFO - Processing file /home/airflow/.local/lib/python3.8/site-packages/airflow/example_dags/example_branch_operator.py for tasks to queue
[2023-11-28T21:10:28.826+0000] {logging_mixin.py:154} INFO - [2023-11-28T21:10:28.826+0000] {dagbag.py:536} INFO - Filling up the DagBag from /home/airflow/.local/lib/python3.8/site-packages/airflow/example_dags/example_branch_operator.py
[2023-11-28T21:10:28.842+0000] {processor.py:839} INFO - DAG(s) dict_keys(['example_branch_operator']) retrieved from /home/airflow/.local/lib/python3.8/site-packages/airflow/example_dags/example_branch_operator.py
[2023-11-28T21:10:28.884+0000] {logging_mixin.py:154} INFO - [2023-11-28T21:10:28.883+0000] {dag.py:2941} INFO - Sync 1 DAGs
[2023-11-28T21:10:28.920+0000] {logging_mixin.py:154} INFO - [2023-11-28T21:10:28.920+0000] {dag.py:3722} INFO - Setting next_dagrun for example_branch_operator to 2023-11-27T00:00:00+00:00, run_after=2023-11-28T00:00:00+00:00
[2023-11-28T21:10:28.955+0000] {processor.py:179} INFO - Processing /home/airflow/.local/lib/python3.8/site-packages/airflow/example_dags/example_branch_operator.py took 0.141 seconds
[2023-11-28T21:10:59.044+0000] {processor.py:157} INFO - Started process (PID=387) to work on /home/airflow/.local/lib/python3.8/site-packages/airflow/example_dags/example_branch_operator.py
[2023-11-28T21:10:59.046+0000] {processor.py:829} INFO - Processing file /home/airflow/.local/lib/python3.8/site-packages/airflow/example_dags/example_branch_operator.py for tasks to queue
[2023-11-28T21:10:59.050+0000] {logging_mixin.py:154} INFO - [2023-11-28T21:10:59.050+0000] {dagbag.py:536} INFO - Filling up the DagBag from /home/airflow/.local/lib/python3.8/site-packages/airflow/example_dags/example_branch_operator.py
[2023-11-28T21:10:59.065+0000] {processor.py:839} INFO - DAG(s) dict_keys(['example_branch_operator']) retrieved from /home/airflow/.local/lib/python3.8/site-packages/airflow/example_dags/example_branch_operator.py
[2023-11-28T21:10:59.110+0000] {logging_mixin.py:154} INFO - [2023-11-28T21:10:59.110+0000] {dag.py:2941} INFO - Sync 1 DAGs
[2023-11-28T21:10:59.145+0000] {logging_mixin.py:154} INFO - [2023-11-28T21:10:59.145+0000] {dag.py:3722} INFO - Setting next_dagrun for example_branch_operator to 2023-11-27T00:00:00+00:00, run_after=2023-11-28T00:00:00+00:00
[2023-11-28T21:10:59.175+0000] {processor.py:179} INFO - Processing /home/airflow/.local/lib/python3.8/site-packages/airflow/example_dags/example_branch_operator.py took 0.137 seconds
[2023-11-28T21:11:29.625+0000] {processor.py:157} INFO - Started process (PID=441) to work on /home/airflow/.local/lib/python3.8/site-packages/airflow/example_dags/example_branch_operator.py
[2023-11-28T21:11:29.627+0000] {processor.py:829} INFO - Processing file /home/airflow/.local/lib/python3.8/site-packages/airflow/example_dags/example_branch_operator.py for tasks to queue
[2023-11-28T21:11:29.631+0000] {logging_mixin.py:154} INFO - [2023-11-28T21:11:29.631+0000] {dagbag.py:536} INFO - Filling up the DagBag from /home/airflow/.local/lib/python3.8/site-packages/airflow/example_dags/example_branch_operator.py
[2023-11-28T21:11:29.646+0000] {processor.py:839} INFO - DAG(s) dict_keys(['example_branch_operator']) retrieved from /home/airflow/.local/lib/python3.8/site-packages/airflow/example_dags/example_branch_operator.py
[2023-11-28T21:11:29.688+0000] {logging_mixin.py:154} INFO - [2023-11-28T21:11:29.688+0000] {dag.py:2941} INFO - Sync 1 DAGs
[2023-11-28T21:11:29.726+0000] {logging_mixin.py:154} INFO - [2023-11-28T21:11:29.726+0000] {dag.py:3722} INFO - Setting next_dagrun for example_branch_operator to 2023-11-27T00:00:00+00:00, run_after=2023-11-28T00:00:00+00:00
[2023-11-28T21:11:29.759+0000] {processor.py:179} INFO - Processing /home/airflow/.local/lib/python3.8/site-packages/airflow/example_dags/example_branch_operator.py took 0.139 seconds
[2023-11-28T21:12:00.129+0000] {processor.py:157} INFO - Started process (PID=495) to work on /home/airflow/.local/lib/python3.8/site-packages/airflow/example_dags/example_branch_operator.py
[2023-11-28T21:12:00.131+0000] {processor.py:829} INFO - Processing file /home/airflow/.local/lib/python3.8/site-packages/airflow/example_dags/example_branch_operator.py for tasks to queue
[2023-11-28T21:12:00.135+0000] {logging_mixin.py:154} INFO - [2023-11-28T21:12:00.135+0000] {dagbag.py:536} INFO - Filling up the DagBag from /home/airflow/.local/lib/python3.8/site-packages/airflow/example_dags/example_branch_operator.py
[2023-11-28T21:12:00.151+0000] {processor.py:839} INFO - DAG(s) dict_keys(['example_branch_operator']) retrieved from /home/airflow/.local/lib/python3.8/site-packages/airflow/example_dags/example_branch_operator.py
[2023-11-28T21:12:00.193+0000] {logging_mixin.py:154} INFO - [2023-11-28T21:12:00.193+0000] {dag.py:2941} INFO - Sync 1 DAGs
[2023-11-28T21:12:00.228+0000] {logging_mixin.py:154} INFO - [2023-11-28T21:12:00.228+0000] {dag.py:3722} INFO - Setting next_dagrun for example_branch_operator to 2023-11-27T00:00:00+00:00, run_after=2023-11-28T00:00:00+00:00
[2023-11-28T21:12:00.262+0000] {processor.py:179} INFO - Processing /home/airflow/.local/lib/python3.8/site-packages/airflow/example_dags/example_branch_operator.py took 0.138 seconds
[2023-11-28T21:12:30.426+0000] {processor.py:157} INFO - Started process (PID=549) to work on /home/airflow/.local/lib/python3.8/site-packages/airflow/example_dags/example_branch_operator.py
[2023-11-28T21:12:30.428+0000] {processor.py:829} INFO - Processing file /home/airflow/.local/lib/python3.8/site-packages/airflow/example_dags/example_branch_operator.py for tasks to queue
[2023-11-28T21:12:30.432+0000] {logging_mixin.py:154} INFO - [2023-11-28T21:12:30.432+0000] {dagbag.py:536} INFO - Filling up the DagBag from /home/airflow/.local/lib/python3.8/site-packages/airflow/example_dags/example_branch_operator.py
[2023-11-28T21:12:30.447+0000] {processor.py:839} INFO - DAG(s) dict_keys(['example_branch_operator']) retrieved from /home/airflow/.local/lib/python3.8/site-packages/airflow/example_dags/example_branch_operator.py
[2023-11-28T21:12:30.490+0000] {logging_mixin.py:154} INFO - [2023-11-28T21:12:30.490+0000] {dag.py:2941} INFO - Sync 1 DAGs
[2023-11-28T21:12:30.524+0000] {logging_mixin.py:154} INFO - [2023-11-28T21:12:30.524+0000] {dag.py:3722} INFO - Setting next_dagrun for example_branch_operator to 2023-11-27T00:00:00+00:00, run_after=2023-11-28T00:00:00+00:00
[2023-11-28T21:12:30.555+0000] {processor.py:179} INFO - Processing /home/airflow/.local/lib/python3.8/site-packages/airflow/example_dags/example_branch_operator.py took 0.134 seconds
[2023-11-28T21:13:01.097+0000] {processor.py:157} INFO - Started process (PID=604) to work on /home/airflow/.local/lib/python3.8/site-packages/airflow/example_dags/example_branch_operator.py
[2023-11-28T21:13:01.099+0000] {processor.py:829} INFO - Processing file /home/airflow/.local/lib/python3.8/site-packages/airflow/example_dags/example_branch_operator.py for tasks to queue
[2023-11-28T21:13:01.103+0000] {logging_mixin.py:154} INFO - [2023-11-28T21:13:01.103+0000] {dagbag.py:536} INFO - Filling up the DagBag from /home/airflow/.local/lib/python3.8/site-packages/airflow/example_dags/example_branch_operator.py
[2023-11-28T21:13:01.123+0000] {processor.py:839} INFO - DAG(s) dict_keys(['example_branch_operator']) retrieved from /home/airflow/.local/lib/python3.8/site-packages/airflow/example_dags/example_branch_operator.py
[2023-11-28T21:13:01.179+0000] {logging_mixin.py:154} INFO - [2023-11-28T21:13:01.178+0000] {dag.py:2941} INFO - Sync 1 DAGs
[2023-11-28T21:13:01.231+0000] {logging_mixin.py:154} INFO - [2023-11-28T21:13:01.231+0000] {dag.py:3722} INFO - Setting next_dagrun for example_branch_operator to 2023-11-27T00:00:00+00:00, run_after=2023-11-28T00:00:00+00:00
[2023-11-28T21:13:01.262+0000] {processor.py:179} INFO - Processing /home/airflow/.local/lib/python3.8/site-packages/airflow/example_dags/example_branch_operator.py took 0.171 seconds
[2023-11-28T21:13:31.756+0000] {processor.py:157} INFO - Started process (PID=659) to work on /home/airflow/.local/lib/python3.8/site-packages/airflow/example_dags/example_branch_operator.py
[2023-11-28T21:13:31.758+0000] {processor.py:829} INFO - Processing file /home/airflow/.local/lib/python3.8/site-packages/airflow/example_dags/example_branch_operator.py for tasks to queue
[2023-11-28T21:13:31.762+0000] {logging_mixin.py:154} INFO - [2023-11-28T21:13:31.762+0000] {dagbag.py:536} INFO - Filling up the DagBag from /home/airflow/.local/lib/python3.8/site-packages/airflow/example_dags/example_branch_operator.py
[2023-11-28T21:13:31.780+0000] {processor.py:839} INFO - DAG(s) dict_keys(['example_branch_operator']) retrieved from /home/airflow/.local/lib/python3.8/site-packages/airflow/example_dags/example_branch_operator.py
[2023-11-28T21:13:31.828+0000] {logging_mixin.py:154} INFO - [2023-11-28T21:13:31.828+0000] {dag.py:2941} INFO - Sync 1 DAGs
[2023-11-28T21:13:31.870+0000] {logging_mixin.py:154} INFO - [2023-11-28T21:13:31.870+0000] {dag.py:3722} INFO - Setting next_dagrun for example_branch_operator to 2023-11-27T00:00:00+00:00, run_after=2023-11-28T00:00:00+00:00
[2023-11-28T21:13:31.906+0000] {processor.py:179} INFO - Processing /home/airflow/.local/lib/python3.8/site-packages/airflow/example_dags/example_branch_operator.py took 0.156 seconds
[2023-11-28T21:14:02.708+0000] {processor.py:157} INFO - Started process (PID=713) to work on /home/airflow/.local/lib/python3.8/site-packages/airflow/example_dags/example_branch_operator.py
[2023-11-28T21:14:02.710+0000] {processor.py:829} INFO - Processing file /home/airflow/.local/lib/python3.8/site-packages/airflow/example_dags/example_branch_operator.py for tasks to queue
[2023-11-28T21:14:02.714+0000] {logging_mixin.py:154} INFO - [2023-11-28T21:14:02.714+0000] {dagbag.py:536} INFO - Filling up the DagBag from /home/airflow/.local/lib/python3.8/site-packages/airflow/example_dags/example_branch_operator.py
[2023-11-28T21:14:02.732+0000] {processor.py:839} INFO - DAG(s) dict_keys(['example_branch_operator']) retrieved from /home/airflow/.local/lib/python3.8/site-packages/airflow/example_dags/example_branch_operator.py
[2023-11-28T21:14:02.775+0000] {logging_mixin.py:154} INFO - [2023-11-28T21:14:02.774+0000] {dag.py:2941} INFO - Sync 1 DAGs
[2023-11-28T21:14:02.818+0000] {logging_mixin.py:154} INFO - [2023-11-28T21:14:02.817+0000] {dag.py:3722} INFO - Setting next_dagrun for example_branch_operator to 2023-11-27T00:00:00+00:00, run_after=2023-11-28T00:00:00+00:00
[2023-11-28T21:14:02.868+0000] {processor.py:179} INFO - Processing /home/airflow/.local/lib/python3.8/site-packages/airflow/example_dags/example_branch_operator.py took 0.167 seconds
[2023-11-28T21:14:34.602+0000] {processor.py:157} INFO - Started process (PID=775) to work on /home/airflow/.local/lib/python3.8/site-packages/airflow/example_dags/example_branch_operator.py
[2023-11-28T21:14:34.603+0000] {processor.py:829} INFO - Processing file /home/airflow/.local/lib/python3.8/site-packages/airflow/example_dags/example_branch_operator.py for tasks to queue
[2023-11-28T21:14:34.609+0000] {logging_mixin.py:154} INFO - [2023-11-28T21:14:34.608+0000] {dagbag.py:536} INFO - Filling up the DagBag from /home/airflow/.local/lib/python3.8/site-packages/airflow/example_dags/example_branch_operator.py
[2023-11-28T21:14:34.631+0000] {processor.py:839} INFO - DAG(s) dict_keys(['example_branch_operator']) retrieved from /home/airflow/.local/lib/python3.8/site-packages/airflow/example_dags/example_branch_operator.py
[2023-11-28T21:14:34.682+0000] {logging_mixin.py:154} INFO - [2023-11-28T21:14:34.681+0000] {dag.py:2941} INFO - Sync 1 DAGs
[2023-11-28T21:14:34.719+0000] {logging_mixin.py:154} INFO - [2023-11-28T21:14:34.719+0000] {dag.py:3722} INFO - Setting next_dagrun for example_branch_operator to 2023-11-27T00:00:00+00:00, run_after=2023-11-28T00:00:00+00:00
[2023-11-28T21:14:34.764+0000] {processor.py:179} INFO - Processing /home/airflow/.local/lib/python3.8/site-packages/airflow/example_dags/example_branch_operator.py took 0.168 seconds
[2023-11-28T21:15:05.476+0000] {processor.py:157} INFO - Started process (PID=829) to work on /home/airflow/.local/lib/python3.8/site-packages/airflow/example_dags/example_branch_operator.py
[2023-11-28T21:15:05.478+0000] {processor.py:829} INFO - Processing file /home/airflow/.local/lib/python3.8/site-packages/airflow/example_dags/example_branch_operator.py for tasks to queue
[2023-11-28T21:15:05.482+0000] {logging_mixin.py:154} INFO - [2023-11-28T21:15:05.481+0000] {dagbag.py:536} INFO - Filling up the DagBag from /home/airflow/.local/lib/python3.8/site-packages/airflow/example_dags/example_branch_operator.py
[2023-11-28T21:15:05.499+0000] {processor.py:839} INFO - DAG(s) dict_keys(['example_branch_operator']) retrieved from /home/airflow/.local/lib/python3.8/site-packages/airflow/example_dags/example_branch_operator.py
[2023-11-28T21:15:05.537+0000] {logging_mixin.py:154} INFO - [2023-11-28T21:15:05.537+0000] {dag.py:2941} INFO - Sync 1 DAGs
[2023-11-28T21:15:05.576+0000] {logging_mixin.py:154} INFO - [2023-11-28T21:15:05.575+0000] {dag.py:3722} INFO - Setting next_dagrun for example_branch_operator to 2023-11-27T00:00:00+00:00, run_after=2023-11-28T00:00:00+00:00
[2023-11-28T21:15:05.611+0000] {processor.py:179} INFO - Processing /home/airflow/.local/lib/python3.8/site-packages/airflow/example_dags/example_branch_operator.py took 0.140 seconds
[2023-11-28T21:15:36.230+0000] {processor.py:157} INFO - Started process (PID=884) to work on /home/airflow/.local/lib/python3.8/site-packages/airflow/example_dags/example_branch_operator.py
[2023-11-28T21:15:36.232+0000] {processor.py:829} INFO - Processing file /home/airflow/.local/lib/python3.8/site-packages/airflow/example_dags/example_branch_operator.py for tasks to queue
[2023-11-28T21:15:36.237+0000] {logging_mixin.py:154} INFO - [2023-11-28T21:15:36.236+0000] {dagbag.py:536} INFO - Filling up the DagBag from /home/airflow/.local/lib/python3.8/site-packages/airflow/example_dags/example_branch_operator.py
[2023-11-28T21:15:36.252+0000] {processor.py:839} INFO - DAG(s) dict_keys(['example_branch_operator']) retrieved from /home/airflow/.local/lib/python3.8/site-packages/airflow/example_dags/example_branch_operator.py
[2023-11-28T21:15:36.292+0000] {logging_mixin.py:154} INFO - [2023-11-28T21:15:36.291+0000] {dag.py:2941} INFO - Sync 1 DAGs
[2023-11-28T21:15:36.333+0000] {logging_mixin.py:154} INFO - [2023-11-28T21:15:36.333+0000] {dag.py:3722} INFO - Setting next_dagrun for example_branch_operator to 2023-11-27T00:00:00+00:00, run_after=2023-11-28T00:00:00+00:00
[2023-11-28T21:15:36.384+0000] {processor.py:179} INFO - Processing /home/airflow/.local/lib/python3.8/site-packages/airflow/example_dags/example_branch_operator.py took 0.160 seconds
[2023-11-28T21:16:06.566+0000] {processor.py:157} INFO - Started process (PID=939) to work on /home/airflow/.local/lib/python3.8/site-packages/airflow/example_dags/example_branch_operator.py
[2023-11-28T21:16:06.569+0000] {processor.py:829} INFO - Processing file /home/airflow/.local/lib/python3.8/site-packages/airflow/example_dags/example_branch_operator.py for tasks to queue
[2023-11-28T21:16:06.572+0000] {logging_mixin.py:154} INFO - [2023-11-28T21:16:06.572+0000] {dagbag.py:536} INFO - Filling up the DagBag from /home/airflow/.local/lib/python3.8/site-packages/airflow/example_dags/example_branch_operator.py
[2023-11-28T21:16:06.586+0000] {processor.py:839} INFO - DAG(s) dict_keys(['example_branch_operator']) retrieved from /home/airflow/.local/lib/python3.8/site-packages/airflow/example_dags/example_branch_operator.py
[2023-11-28T21:16:06.638+0000] {logging_mixin.py:154} INFO - [2023-11-28T21:16:06.638+0000] {dag.py:2941} INFO - Sync 1 DAGs
[2023-11-28T21:16:06.682+0000] {logging_mixin.py:154} INFO - [2023-11-28T21:16:06.681+0000] {dag.py:3722} INFO - Setting next_dagrun for example_branch_operator to 2023-11-27T00:00:00+00:00, run_after=2023-11-28T00:00:00+00:00
[2023-11-28T21:16:06.720+0000] {processor.py:179} INFO - Processing /home/airflow/.local/lib/python3.8/site-packages/airflow/example_dags/example_branch_operator.py took 0.160 seconds
[2023-11-28T21:16:37.394+0000] {processor.py:157} INFO - Started process (PID=994) to work on /home/airflow/.local/lib/python3.8/site-packages/airflow/example_dags/example_branch_operator.py
[2023-11-28T21:16:37.397+0000] {processor.py:829} INFO - Processing file /home/airflow/.local/lib/python3.8/site-packages/airflow/example_dags/example_branch_operator.py for tasks to queue
[2023-11-28T21:16:37.402+0000] {logging_mixin.py:154} INFO - [2023-11-28T21:16:37.402+0000] {dagbag.py:536} INFO - Filling up the DagBag from /home/airflow/.local/lib/python3.8/site-packages/airflow/example_dags/example_branch_operator.py
[2023-11-28T21:16:37.416+0000] {processor.py:839} INFO - DAG(s) dict_keys(['example_branch_operator']) retrieved from /home/airflow/.local/lib/python3.8/site-packages/airflow/example_dags/example_branch_operator.py
[2023-11-28T21:16:37.485+0000] {logging_mixin.py:154} INFO - [2023-11-28T21:16:37.485+0000] {dag.py:2941} INFO - Sync 1 DAGs
[2023-11-28T21:16:37.527+0000] {logging_mixin.py:154} INFO - [2023-11-28T21:16:37.526+0000] {dag.py:3722} INFO - Setting next_dagrun for example_branch_operator to 2023-11-27T00:00:00+00:00, run_after=2023-11-28T00:00:00+00:00
[2023-11-28T21:16:37.557+0000] {processor.py:179} INFO - Processing /home/airflow/.local/lib/python3.8/site-packages/airflow/example_dags/example_branch_operator.py took 0.170 seconds
[2023-11-28T21:17:08.011+0000] {processor.py:157} INFO - Started process (PID=1048) to work on /home/airflow/.local/lib/python3.8/site-packages/airflow/example_dags/example_branch_operator.py
[2023-11-28T21:17:08.013+0000] {processor.py:829} INFO - Processing file /home/airflow/.local/lib/python3.8/site-packages/airflow/example_dags/example_branch_operator.py for tasks to queue
[2023-11-28T21:17:08.016+0000] {logging_mixin.py:154} INFO - [2023-11-28T21:17:08.016+0000] {dagbag.py:536} INFO - Filling up the DagBag from /home/airflow/.local/lib/python3.8/site-packages/airflow/example_dags/example_branch_operator.py
[2023-11-28T21:17:08.031+0000] {processor.py:839} INFO - DAG(s) dict_keys(['example_branch_operator']) retrieved from /home/airflow/.local/lib/python3.8/site-packages/airflow/example_dags/example_branch_operator.py
[2023-11-28T21:17:08.076+0000] {logging_mixin.py:154} INFO - [2023-11-28T21:17:08.076+0000] {dag.py:2941} INFO - Sync 1 DAGs
[2023-11-28T21:17:08.113+0000] {logging_mixin.py:154} INFO - [2023-11-28T21:17:08.112+0000] {dag.py:3722} INFO - Setting next_dagrun for example_branch_operator to 2023-11-27T00:00:00+00:00, run_after=2023-11-28T00:00:00+00:00
[2023-11-28T21:17:08.147+0000] {processor.py:179} INFO - Processing /home/airflow/.local/lib/python3.8/site-packages/airflow/example_dags/example_branch_operator.py took 0.142 seconds
[2023-11-28T21:17:38.461+0000] {processor.py:157} INFO - Started process (PID=1102) to work on /home/airflow/.local/lib/python3.8/site-packages/airflow/example_dags/example_branch_operator.py
[2023-11-28T21:17:38.463+0000] {processor.py:829} INFO - Processing file /home/airflow/.local/lib/python3.8/site-packages/airflow/example_dags/example_branch_operator.py for tasks to queue
[2023-11-28T21:17:38.467+0000] {logging_mixin.py:154} INFO - [2023-11-28T21:17:38.467+0000] {dagbag.py:536} INFO - Filling up the DagBag from /home/airflow/.local/lib/python3.8/site-packages/airflow/example_dags/example_branch_operator.py
[2023-11-28T21:17:38.484+0000] {processor.py:839} INFO - DAG(s) dict_keys(['example_branch_operator']) retrieved from /home/airflow/.local/lib/python3.8/site-packages/airflow/example_dags/example_branch_operator.py
[2023-11-28T21:17:38.529+0000] {logging_mixin.py:154} INFO - [2023-11-28T21:17:38.529+0000] {dag.py:2941} INFO - Sync 1 DAGs
[2023-11-28T21:17:38.564+0000] {logging_mixin.py:154} INFO - [2023-11-28T21:17:38.564+0000] {dag.py:3722} INFO - Setting next_dagrun for example_branch_operator to 2023-11-27T00:00:00+00:00, run_after=2023-11-28T00:00:00+00:00
[2023-11-28T21:17:38.600+0000] {processor.py:179} INFO - Processing /home/airflow/.local/lib/python3.8/site-packages/airflow/example_dags/example_branch_operator.py took 0.144 seconds
[2023-11-28T21:18:08.787+0000] {processor.py:157} INFO - Started process (PID=1157) to work on /home/airflow/.local/lib/python3.8/site-packages/airflow/example_dags/example_branch_operator.py
[2023-11-28T21:18:08.789+0000] {processor.py:829} INFO - Processing file /home/airflow/.local/lib/python3.8/site-packages/airflow/example_dags/example_branch_operator.py for tasks to queue
[2023-11-28T21:18:08.793+0000] {logging_mixin.py:154} INFO - [2023-11-28T21:18:08.793+0000] {dagbag.py:536} INFO - Filling up the DagBag from /home/airflow/.local/lib/python3.8/site-packages/airflow/example_dags/example_branch_operator.py
[2023-11-28T21:18:08.808+0000] {processor.py:839} INFO - DAG(s) dict_keys(['example_branch_operator']) retrieved from /home/airflow/.local/lib/python3.8/site-packages/airflow/example_dags/example_branch_operator.py
[2023-11-28T21:18:08.854+0000] {logging_mixin.py:154} INFO - [2023-11-28T21:18:08.854+0000] {dag.py:2941} INFO - Sync 1 DAGs
[2023-11-28T21:18:08.893+0000] {logging_mixin.py:154} INFO - [2023-11-28T21:18:08.893+0000] {dag.py:3722} INFO - Setting next_dagrun for example_branch_operator to 2023-11-27T00:00:00+00:00, run_after=2023-11-28T00:00:00+00:00
[2023-11-28T21:18:08.927+0000] {processor.py:179} INFO - Processing /home/airflow/.local/lib/python3.8/site-packages/airflow/example_dags/example_branch_operator.py took 0.146 seconds
[2023-11-28T21:18:39.249+0000] {processor.py:157} INFO - Started process (PID=1210) to work on /home/airflow/.local/lib/python3.8/site-packages/airflow/example_dags/example_branch_operator.py
[2023-11-28T21:18:39.252+0000] {processor.py:829} INFO - Processing file /home/airflow/.local/lib/python3.8/site-packages/airflow/example_dags/example_branch_operator.py for tasks to queue
[2023-11-28T21:18:39.259+0000] {logging_mixin.py:154} INFO - [2023-11-28T21:18:39.258+0000] {dagbag.py:536} INFO - Filling up the DagBag from /home/airflow/.local/lib/python3.8/site-packages/airflow/example_dags/example_branch_operator.py
[2023-11-28T21:18:39.283+0000] {processor.py:839} INFO - DAG(s) dict_keys(['example_branch_operator']) retrieved from /home/airflow/.local/lib/python3.8/site-packages/airflow/example_dags/example_branch_operator.py
[2023-11-28T21:18:39.338+0000] {logging_mixin.py:154} INFO - [2023-11-28T21:18:39.338+0000] {dag.py:2941} INFO - Sync 1 DAGs
[2023-11-28T21:18:39.374+0000] {logging_mixin.py:154} INFO - [2023-11-28T21:18:39.373+0000] {dag.py:3722} INFO - Setting next_dagrun for example_branch_operator to 2023-11-27T00:00:00+00:00, run_after=2023-11-28T00:00:00+00:00
[2023-11-28T21:18:39.406+0000] {processor.py:179} INFO - Processing /home/airflow/.local/lib/python3.8/site-packages/airflow/example_dags/example_branch_operator.py took 0.162 seconds
[2023-11-28T21:19:09.533+0000] {processor.py:157} INFO - Started process (PID=1264) to work on /home/airflow/.local/lib/python3.8/site-packages/airflow/example_dags/example_branch_operator.py
[2023-11-28T21:19:09.535+0000] {processor.py:829} INFO - Processing file /home/airflow/.local/lib/python3.8/site-packages/airflow/example_dags/example_branch_operator.py for tasks to queue
[2023-11-28T21:19:09.539+0000] {logging_mixin.py:154} INFO - [2023-11-28T21:19:09.538+0000] {dagbag.py:536} INFO - Filling up the DagBag from /home/airflow/.local/lib/python3.8/site-packages/airflow/example_dags/example_branch_operator.py
[2023-11-28T21:19:09.552+0000] {processor.py:839} INFO - DAG(s) dict_keys(['example_branch_operator']) retrieved from /home/airflow/.local/lib/python3.8/site-packages/airflow/example_dags/example_branch_operator.py
[2023-11-28T21:19:09.592+0000] {logging_mixin.py:154} INFO - [2023-11-28T21:19:09.591+0000] {dag.py:2941} INFO - Sync 1 DAGs
[2023-11-28T21:19:09.628+0000] {logging_mixin.py:154} INFO - [2023-11-28T21:19:09.628+0000] {dag.py:3722} INFO - Setting next_dagrun for example_branch_operator to 2023-11-27T00:00:00+00:00, run_after=2023-11-28T00:00:00+00:00
[2023-11-28T21:19:09.660+0000] {processor.py:179} INFO - Processing /home/airflow/.local/lib/python3.8/site-packages/airflow/example_dags/example_branch_operator.py took 0.133 seconds
[2023-11-28T21:19:39.749+0000] {processor.py:157} INFO - Started process (PID=1316) to work on /home/airflow/.local/lib/python3.8/site-packages/airflow/example_dags/example_branch_operator.py
[2023-11-28T21:19:39.751+0000] {processor.py:829} INFO - Processing file /home/airflow/.local/lib/python3.8/site-packages/airflow/example_dags/example_branch_operator.py for tasks to queue
[2023-11-28T21:19:39.757+0000] {logging_mixin.py:154} INFO - [2023-11-28T21:19:39.756+0000] {dagbag.py:536} INFO - Filling up the DagBag from /home/airflow/.local/lib/python3.8/site-packages/airflow/example_dags/example_branch_operator.py
[2023-11-28T21:19:39.777+0000] {processor.py:839} INFO - DAG(s) dict_keys(['example_branch_operator']) retrieved from /home/airflow/.local/lib/python3.8/site-packages/airflow/example_dags/example_branch_operator.py
[2023-11-28T21:19:39.818+0000] {logging_mixin.py:154} INFO - [2023-11-28T21:19:39.818+0000] {dag.py:2941} INFO - Sync 1 DAGs
[2023-11-28T21:19:39.852+0000] {logging_mixin.py:154} INFO - [2023-11-28T21:19:39.852+0000] {dag.py:3722} INFO - Setting next_dagrun for example_branch_operator to 2023-11-27T00:00:00+00:00, run_after=2023-11-28T00:00:00+00:00
[2023-11-28T21:19:39.883+0000] {processor.py:179} INFO - Processing /home/airflow/.local/lib/python3.8/site-packages/airflow/example_dags/example_branch_operator.py took 0.142 seconds
[2023-11-28T21:20:10.105+0000] {processor.py:157} INFO - Started process (PID=1371) to work on /home/airflow/.local/lib/python3.8/site-packages/airflow/example_dags/example_branch_operator.py
[2023-11-28T21:20:10.108+0000] {processor.py:829} INFO - Processing file /home/airflow/.local/lib/python3.8/site-packages/airflow/example_dags/example_branch_operator.py for tasks to queue
[2023-11-28T21:20:10.111+0000] {logging_mixin.py:154} INFO - [2023-11-28T21:20:10.111+0000] {dagbag.py:536} INFO - Filling up the DagBag from /home/airflow/.local/lib/python3.8/site-packages/airflow/example_dags/example_branch_operator.py
[2023-11-28T21:20:10.128+0000] {processor.py:839} INFO - DAG(s) dict_keys(['example_branch_operator']) retrieved from /home/airflow/.local/lib/python3.8/site-packages/airflow/example_dags/example_branch_operator.py
[2023-11-28T21:20:10.166+0000] {logging_mixin.py:154} INFO - [2023-11-28T21:20:10.166+0000] {dag.py:2941} INFO - Sync 1 DAGs
[2023-11-28T21:20:10.202+0000] {logging_mixin.py:154} INFO - [2023-11-28T21:20:10.201+0000] {dag.py:3722} INFO - Setting next_dagrun for example_branch_operator to 2023-11-27T00:00:00+00:00, run_after=2023-11-28T00:00:00+00:00
[2023-11-28T21:20:10.236+0000] {processor.py:179} INFO - Processing /home/airflow/.local/lib/python3.8/site-packages/airflow/example_dags/example_branch_operator.py took 0.136 seconds
[2023-11-28T21:20:41.273+0000] {processor.py:157} INFO - Started process (PID=1425) to work on /home/airflow/.local/lib/python3.8/site-packages/airflow/example_dags/example_branch_operator.py
[2023-11-28T21:20:41.275+0000] {processor.py:829} INFO - Processing file /home/airflow/.local/lib/python3.8/site-packages/airflow/example_dags/example_branch_operator.py for tasks to queue
[2023-11-28T21:20:41.282+0000] {logging_mixin.py:154} INFO - [2023-11-28T21:20:41.281+0000] {dagbag.py:536} INFO - Filling up the DagBag from /home/airflow/.local/lib/python3.8/site-packages/airflow/example_dags/example_branch_operator.py
[2023-11-28T21:20:41.307+0000] {processor.py:839} INFO - DAG(s) dict_keys(['example_branch_operator']) retrieved from /home/airflow/.local/lib/python3.8/site-packages/airflow/example_dags/example_branch_operator.py
[2023-11-28T21:20:41.370+0000] {logging_mixin.py:154} INFO - [2023-11-28T21:20:41.370+0000] {dag.py:2941} INFO - Sync 1 DAGs
[2023-11-28T21:20:41.414+0000] {logging_mixin.py:154} INFO - [2023-11-28T21:20:41.413+0000] {dag.py:3722} INFO - Setting next_dagrun for example_branch_operator to 2023-11-27T00:00:00+00:00, run_after=2023-11-28T00:00:00+00:00
[2023-11-28T21:20:41.452+0000] {processor.py:179} INFO - Processing /home/airflow/.local/lib/python3.8/site-packages/airflow/example_dags/example_branch_operator.py took 0.185 seconds
[2023-11-28T21:21:12.246+0000] {processor.py:157} INFO - Started process (PID=1479) to work on /home/airflow/.local/lib/python3.8/site-packages/airflow/example_dags/example_branch_operator.py
[2023-11-28T21:21:12.248+0000] {processor.py:829} INFO - Processing file /home/airflow/.local/lib/python3.8/site-packages/airflow/example_dags/example_branch_operator.py for tasks to queue
[2023-11-28T21:21:12.252+0000] {logging_mixin.py:154} INFO - [2023-11-28T21:21:12.251+0000] {dagbag.py:536} INFO - Filling up the DagBag from /home/airflow/.local/lib/python3.8/site-packages/airflow/example_dags/example_branch_operator.py
[2023-11-28T21:21:12.277+0000] {processor.py:839} INFO - DAG(s) dict_keys(['example_branch_operator']) retrieved from /home/airflow/.local/lib/python3.8/site-packages/airflow/example_dags/example_branch_operator.py
[2023-11-28T21:21:12.348+0000] {logging_mixin.py:154} INFO - [2023-11-28T21:21:12.347+0000] {dag.py:2941} INFO - Sync 1 DAGs
[2023-11-28T21:21:12.401+0000] {logging_mixin.py:154} INFO - [2023-11-28T21:21:12.400+0000] {dag.py:3722} INFO - Setting next_dagrun for example_branch_operator to 2023-11-27T00:00:00+00:00, run_after=2023-11-28T00:00:00+00:00
[2023-11-28T21:21:12.470+0000] {processor.py:179} INFO - Processing /home/airflow/.local/lib/python3.8/site-packages/airflow/example_dags/example_branch_operator.py took 0.230 seconds
[2023-11-28T21:21:42.933+0000] {processor.py:157} INFO - Started process (PID=1534) to work on /home/airflow/.local/lib/python3.8/site-packages/airflow/example_dags/example_branch_operator.py
[2023-11-28T21:21:42.935+0000] {processor.py:829} INFO - Processing file /home/airflow/.local/lib/python3.8/site-packages/airflow/example_dags/example_branch_operator.py for tasks to queue
[2023-11-28T21:21:42.940+0000] {logging_mixin.py:154} INFO - [2023-11-28T21:21:42.939+0000] {dagbag.py:536} INFO - Filling up the DagBag from /home/airflow/.local/lib/python3.8/site-packages/airflow/example_dags/example_branch_operator.py
[2023-11-28T21:21:42.957+0000] {processor.py:839} INFO - DAG(s) dict_keys(['example_branch_operator']) retrieved from /home/airflow/.local/lib/python3.8/site-packages/airflow/example_dags/example_branch_operator.py
[2023-11-28T21:21:43.003+0000] {logging_mixin.py:154} INFO - [2023-11-28T21:21:43.003+0000] {dag.py:2941} INFO - Sync 1 DAGs
[2023-11-28T21:21:43.044+0000] {logging_mixin.py:154} INFO - [2023-11-28T21:21:43.044+0000] {dag.py:3722} INFO - Setting next_dagrun for example_branch_operator to 2023-11-27T00:00:00+00:00, run_after=2023-11-28T00:00:00+00:00
[2023-11-28T21:21:43.072+0000] {processor.py:179} INFO - Processing /home/airflow/.local/lib/python3.8/site-packages/airflow/example_dags/example_branch_operator.py took 0.145 seconds
