[2023-11-28T20:09:33.255+0000] {processor.py:157} INFO - Started process (PID=56) to work on /home/airflow/.local/lib/python3.8/site-packages/airflow/example_dags/example_setup_teardown.py
[2023-11-28T20:09:33.299+0000] {processor.py:829} INFO - Processing file /home/airflow/.local/lib/python3.8/site-packages/airflow/example_dags/example_setup_teardown.py for tasks to queue
[2023-11-28T20:09:33.614+0000] {logging_mixin.py:154} INFO - [2023-11-28T20:09:33.610+0000] {dagbag.py:536} INFO - Filling up the DagBag from /home/airflow/.local/lib/python3.8/site-packages/airflow/example_dags/example_setup_teardown.py
[2023-11-28T20:09:34.062+0000] {processor.py:839} INFO - DAG(s) dict_keys(['example_setup_teardown']) retrieved from /home/airflow/.local/lib/python3.8/site-packages/airflow/example_dags/example_setup_teardown.py
[2023-11-28T20:09:36.486+0000] {logging_mixin.py:154} INFO - [2023-11-28T20:09:36.482+0000] {dag.py:2941} INFO - Sync 1 DAGs
[2023-11-28T20:09:38.503+0000] {logging_mixin.py:154} INFO - [2023-11-28T20:09:38.502+0000] {dag.py:3722} INFO - Setting next_dagrun for example_setup_teardown to 2023-11-27T20:09:38.500263+00:00, run_after=2023-11-28T20:09:38.500263+00:00
[2023-11-28T20:09:38.619+0000] {processor.py:179} INFO - Processing /home/airflow/.local/lib/python3.8/site-packages/airflow/example_dags/example_setup_teardown.py took 5.856 seconds
[2023-11-28T20:11:09.715+0000] {processor.py:157} INFO - Started process (PID=117) to work on /home/airflow/.local/lib/python3.8/site-packages/airflow/example_dags/example_setup_teardown.py
[2023-11-28T20:11:09.728+0000] {processor.py:829} INFO - Processing file /home/airflow/.local/lib/python3.8/site-packages/airflow/example_dags/example_setup_teardown.py for tasks to queue
[2023-11-28T20:11:09.732+0000] {logging_mixin.py:154} INFO - [2023-11-28T20:11:09.731+0000] {dagbag.py:536} INFO - Filling up the DagBag from /home/airflow/.local/lib/python3.8/site-packages/airflow/example_dags/example_setup_teardown.py
[2023-11-28T20:11:09.762+0000] {processor.py:839} INFO - DAG(s) dict_keys(['example_setup_teardown']) retrieved from /home/airflow/.local/lib/python3.8/site-packages/airflow/example_dags/example_setup_teardown.py
[2023-11-28T20:11:09.995+0000] {logging_mixin.py:154} INFO - [2023-11-28T20:11:09.995+0000] {dag.py:2941} INFO - Sync 1 DAGs
[2023-11-28T20:11:10.083+0000] {logging_mixin.py:154} INFO - [2023-11-28T20:11:10.083+0000] {dag.py:3722} INFO - Setting next_dagrun for example_setup_teardown to 2023-11-27T20:11:10.082401+00:00, run_after=2023-11-28T20:11:10.082401+00:00
[2023-11-28T20:11:10.140+0000] {processor.py:179} INFO - Processing /home/airflow/.local/lib/python3.8/site-packages/airflow/example_dags/example_setup_teardown.py took 0.449 seconds
[2023-11-28T20:11:58.260+0000] {processor.py:157} INFO - Started process (PID=168) to work on /home/airflow/.local/lib/python3.8/site-packages/airflow/example_dags/example_setup_teardown.py
[2023-11-28T20:11:58.287+0000] {processor.py:829} INFO - Processing file /home/airflow/.local/lib/python3.8/site-packages/airflow/example_dags/example_setup_teardown.py for tasks to queue
[2023-11-28T20:11:58.362+0000] {logging_mixin.py:154} INFO - [2023-11-28T20:11:58.360+0000] {dagbag.py:536} INFO - Filling up the DagBag from /home/airflow/.local/lib/python3.8/site-packages/airflow/example_dags/example_setup_teardown.py
[2023-11-28T20:11:58.424+0000] {processor.py:839} INFO - DAG(s) dict_keys(['example_setup_teardown']) retrieved from /home/airflow/.local/lib/python3.8/site-packages/airflow/example_dags/example_setup_teardown.py
[2023-11-28T20:11:58.515+0000] {logging_mixin.py:154} INFO - [2023-11-28T20:11:58.513+0000] {dag.py:2941} INFO - Sync 1 DAGs
[2023-11-28T20:11:58.641+0000] {logging_mixin.py:154} INFO - [2023-11-28T20:11:58.641+0000] {dag.py:3722} INFO - Setting next_dagrun for example_setup_teardown to 2023-11-27T20:11:58.630199+00:00, run_after=2023-11-28T20:11:58.630199+00:00
[2023-11-28T20:11:58.995+0000] {processor.py:179} INFO - Processing /home/airflow/.local/lib/python3.8/site-packages/airflow/example_dags/example_setup_teardown.py took 0.741 seconds
[2023-11-28T20:12:35.523+0000] {processor.py:157} INFO - Started process (PID=222) to work on /home/airflow/.local/lib/python3.8/site-packages/airflow/example_dags/example_setup_teardown.py
[2023-11-28T20:12:35.525+0000] {processor.py:829} INFO - Processing file /home/airflow/.local/lib/python3.8/site-packages/airflow/example_dags/example_setup_teardown.py for tasks to queue
[2023-11-28T20:12:35.536+0000] {logging_mixin.py:154} INFO - [2023-11-28T20:12:35.535+0000] {dagbag.py:536} INFO - Filling up the DagBag from /home/airflow/.local/lib/python3.8/site-packages/airflow/example_dags/example_setup_teardown.py
[2023-11-28T20:12:35.557+0000] {processor.py:839} INFO - DAG(s) dict_keys(['example_setup_teardown']) retrieved from /home/airflow/.local/lib/python3.8/site-packages/airflow/example_dags/example_setup_teardown.py
[2023-11-28T20:12:35.620+0000] {logging_mixin.py:154} INFO - [2023-11-28T20:12:35.620+0000] {dag.py:2941} INFO - Sync 1 DAGs
[2023-11-28T20:12:35.671+0000] {logging_mixin.py:154} INFO - [2023-11-28T20:12:35.670+0000] {dag.py:3722} INFO - Setting next_dagrun for example_setup_teardown to 2023-11-27T20:12:35.670303+00:00, run_after=2023-11-28T20:12:35.670303+00:00
[2023-11-28T20:12:35.786+0000] {processor.py:179} INFO - Processing /home/airflow/.local/lib/python3.8/site-packages/airflow/example_dags/example_setup_teardown.py took 0.272 seconds
[2023-11-28T20:13:06.213+0000] {processor.py:157} INFO - Started process (PID=276) to work on /home/airflow/.local/lib/python3.8/site-packages/airflow/example_dags/example_setup_teardown.py
[2023-11-28T20:13:06.216+0000] {processor.py:829} INFO - Processing file /home/airflow/.local/lib/python3.8/site-packages/airflow/example_dags/example_setup_teardown.py for tasks to queue
[2023-11-28T20:13:06.220+0000] {logging_mixin.py:154} INFO - [2023-11-28T20:13:06.220+0000] {dagbag.py:536} INFO - Filling up the DagBag from /home/airflow/.local/lib/python3.8/site-packages/airflow/example_dags/example_setup_teardown.py
[2023-11-28T20:13:06.237+0000] {processor.py:839} INFO - DAG(s) dict_keys(['example_setup_teardown']) retrieved from /home/airflow/.local/lib/python3.8/site-packages/airflow/example_dags/example_setup_teardown.py
[2023-11-28T20:13:06.557+0000] {logging_mixin.py:154} INFO - [2023-11-28T20:13:06.557+0000] {dag.py:2941} INFO - Sync 1 DAGs
[2023-11-28T20:13:06.605+0000] {logging_mixin.py:154} INFO - [2023-11-28T20:13:06.605+0000] {dag.py:3722} INFO - Setting next_dagrun for example_setup_teardown to 2023-11-27T20:13:06.604919+00:00, run_after=2023-11-28T20:13:06.604919+00:00
[2023-11-28T20:13:06.644+0000] {processor.py:179} INFO - Processing /home/airflow/.local/lib/python3.8/site-packages/airflow/example_dags/example_setup_teardown.py took 0.447 seconds
[2023-11-28T20:13:37.258+0000] {processor.py:157} INFO - Started process (PID=331) to work on /home/airflow/.local/lib/python3.8/site-packages/airflow/example_dags/example_setup_teardown.py
[2023-11-28T20:13:37.259+0000] {processor.py:829} INFO - Processing file /home/airflow/.local/lib/python3.8/site-packages/airflow/example_dags/example_setup_teardown.py for tasks to queue
[2023-11-28T20:13:37.264+0000] {logging_mixin.py:154} INFO - [2023-11-28T20:13:37.263+0000] {dagbag.py:536} INFO - Filling up the DagBag from /home/airflow/.local/lib/python3.8/site-packages/airflow/example_dags/example_setup_teardown.py
[2023-11-28T20:13:37.275+0000] {processor.py:839} INFO - DAG(s) dict_keys(['example_setup_teardown']) retrieved from /home/airflow/.local/lib/python3.8/site-packages/airflow/example_dags/example_setup_teardown.py
[2023-11-28T20:13:37.316+0000] {logging_mixin.py:154} INFO - [2023-11-28T20:13:37.316+0000] {dag.py:2941} INFO - Sync 1 DAGs
[2023-11-28T20:13:37.354+0000] {logging_mixin.py:154} INFO - [2023-11-28T20:13:37.353+0000] {dag.py:3722} INFO - Setting next_dagrun for example_setup_teardown to 2023-11-27T20:13:37.353445+00:00, run_after=2023-11-28T20:13:37.353445+00:00
[2023-11-28T20:13:37.394+0000] {processor.py:179} INFO - Processing /home/airflow/.local/lib/python3.8/site-packages/airflow/example_dags/example_setup_teardown.py took 0.143 seconds
[2023-11-28T20:14:07.846+0000] {processor.py:157} INFO - Started process (PID=384) to work on /home/airflow/.local/lib/python3.8/site-packages/airflow/example_dags/example_setup_teardown.py
[2023-11-28T20:14:07.848+0000] {processor.py:829} INFO - Processing file /home/airflow/.local/lib/python3.8/site-packages/airflow/example_dags/example_setup_teardown.py for tasks to queue
[2023-11-28T20:14:07.852+0000] {logging_mixin.py:154} INFO - [2023-11-28T20:14:07.851+0000] {dagbag.py:536} INFO - Filling up the DagBag from /home/airflow/.local/lib/python3.8/site-packages/airflow/example_dags/example_setup_teardown.py
[2023-11-28T20:14:07.863+0000] {processor.py:839} INFO - DAG(s) dict_keys(['example_setup_teardown']) retrieved from /home/airflow/.local/lib/python3.8/site-packages/airflow/example_dags/example_setup_teardown.py
[2023-11-28T20:14:07.904+0000] {logging_mixin.py:154} INFO - [2023-11-28T20:14:07.904+0000] {dag.py:2941} INFO - Sync 1 DAGs
[2023-11-28T20:14:07.937+0000] {logging_mixin.py:154} INFO - [2023-11-28T20:14:07.937+0000] {dag.py:3722} INFO - Setting next_dagrun for example_setup_teardown to 2023-11-27T20:14:07.937150+00:00, run_after=2023-11-28T20:14:07.937150+00:00
[2023-11-28T20:14:07.973+0000] {processor.py:179} INFO - Processing /home/airflow/.local/lib/python3.8/site-packages/airflow/example_dags/example_setup_teardown.py took 0.133 seconds
[2023-11-28T20:14:38.179+0000] {processor.py:157} INFO - Started process (PID=438) to work on /home/airflow/.local/lib/python3.8/site-packages/airflow/example_dags/example_setup_teardown.py
[2023-11-28T20:14:38.181+0000] {processor.py:829} INFO - Processing file /home/airflow/.local/lib/python3.8/site-packages/airflow/example_dags/example_setup_teardown.py for tasks to queue
[2023-11-28T20:14:38.184+0000] {logging_mixin.py:154} INFO - [2023-11-28T20:14:38.184+0000] {dagbag.py:536} INFO - Filling up the DagBag from /home/airflow/.local/lib/python3.8/site-packages/airflow/example_dags/example_setup_teardown.py
[2023-11-28T20:14:38.198+0000] {processor.py:839} INFO - DAG(s) dict_keys(['example_setup_teardown']) retrieved from /home/airflow/.local/lib/python3.8/site-packages/airflow/example_dags/example_setup_teardown.py
[2023-11-28T20:14:38.256+0000] {logging_mixin.py:154} INFO - [2023-11-28T20:14:38.256+0000] {dag.py:2941} INFO - Sync 1 DAGs
[2023-11-28T20:14:38.305+0000] {logging_mixin.py:154} INFO - [2023-11-28T20:14:38.304+0000] {dag.py:3722} INFO - Setting next_dagrun for example_setup_teardown to 2023-11-27T20:14:38.304375+00:00, run_after=2023-11-28T20:14:38.304375+00:00
[2023-11-28T20:14:38.357+0000] {processor.py:179} INFO - Processing /home/airflow/.local/lib/python3.8/site-packages/airflow/example_dags/example_setup_teardown.py took 0.184 seconds
[2023-11-28T20:15:09.015+0000] {processor.py:157} INFO - Started process (PID=492) to work on /home/airflow/.local/lib/python3.8/site-packages/airflow/example_dags/example_setup_teardown.py
[2023-11-28T20:15:09.018+0000] {processor.py:829} INFO - Processing file /home/airflow/.local/lib/python3.8/site-packages/airflow/example_dags/example_setup_teardown.py for tasks to queue
[2023-11-28T20:15:09.023+0000] {logging_mixin.py:154} INFO - [2023-11-28T20:15:09.022+0000] {dagbag.py:536} INFO - Filling up the DagBag from /home/airflow/.local/lib/python3.8/site-packages/airflow/example_dags/example_setup_teardown.py
[2023-11-28T20:15:09.038+0000] {processor.py:839} INFO - DAG(s) dict_keys(['example_setup_teardown']) retrieved from /home/airflow/.local/lib/python3.8/site-packages/airflow/example_dags/example_setup_teardown.py
[2023-11-28T20:15:09.087+0000] {logging_mixin.py:154} INFO - [2023-11-28T20:15:09.086+0000] {dag.py:2941} INFO - Sync 1 DAGs
[2023-11-28T20:15:09.119+0000] {logging_mixin.py:154} INFO - [2023-11-28T20:15:09.119+0000] {dag.py:3722} INFO - Setting next_dagrun for example_setup_teardown to 2023-11-27T20:15:09.119203+00:00, run_after=2023-11-28T20:15:09.119203+00:00
[2023-11-28T20:15:09.157+0000] {processor.py:179} INFO - Processing /home/airflow/.local/lib/python3.8/site-packages/airflow/example_dags/example_setup_teardown.py took 0.148 seconds
[2023-11-28T20:15:39.635+0000] {processor.py:157} INFO - Started process (PID=546) to work on /home/airflow/.local/lib/python3.8/site-packages/airflow/example_dags/example_setup_teardown.py
[2023-11-28T20:15:39.648+0000] {processor.py:829} INFO - Processing file /home/airflow/.local/lib/python3.8/site-packages/airflow/example_dags/example_setup_teardown.py for tasks to queue
[2023-11-28T20:15:39.657+0000] {logging_mixin.py:154} INFO - [2023-11-28T20:15:39.655+0000] {dagbag.py:536} INFO - Filling up the DagBag from /home/airflow/.local/lib/python3.8/site-packages/airflow/example_dags/example_setup_teardown.py
[2023-11-28T20:15:39.700+0000] {processor.py:839} INFO - DAG(s) dict_keys(['example_setup_teardown']) retrieved from /home/airflow/.local/lib/python3.8/site-packages/airflow/example_dags/example_setup_teardown.py
[2023-11-28T20:15:39.804+0000] {logging_mixin.py:154} INFO - [2023-11-28T20:15:39.803+0000] {dag.py:2941} INFO - Sync 1 DAGs
[2023-11-28T20:15:39.905+0000] {logging_mixin.py:154} INFO - [2023-11-28T20:15:39.905+0000] {dag.py:3722} INFO - Setting next_dagrun for example_setup_teardown to 2023-11-27T20:15:39.904484+00:00, run_after=2023-11-28T20:15:39.904484+00:00
[2023-11-28T20:15:40.009+0000] {processor.py:179} INFO - Processing /home/airflow/.local/lib/python3.8/site-packages/airflow/example_dags/example_setup_teardown.py took 0.380 seconds
[2023-11-28T20:16:10.180+0000] {processor.py:157} INFO - Started process (PID=601) to work on /home/airflow/.local/lib/python3.8/site-packages/airflow/example_dags/example_setup_teardown.py
[2023-11-28T20:16:10.183+0000] {processor.py:829} INFO - Processing file /home/airflow/.local/lib/python3.8/site-packages/airflow/example_dags/example_setup_teardown.py for tasks to queue
[2023-11-28T20:16:10.191+0000] {logging_mixin.py:154} INFO - [2023-11-28T20:16:10.190+0000] {dagbag.py:536} INFO - Filling up the DagBag from /home/airflow/.local/lib/python3.8/site-packages/airflow/example_dags/example_setup_teardown.py
[2023-11-28T20:16:10.208+0000] {processor.py:839} INFO - DAG(s) dict_keys(['example_setup_teardown']) retrieved from /home/airflow/.local/lib/python3.8/site-packages/airflow/example_dags/example_setup_teardown.py
[2023-11-28T20:16:10.263+0000] {logging_mixin.py:154} INFO - [2023-11-28T20:16:10.263+0000] {dag.py:2941} INFO - Sync 1 DAGs
[2023-11-28T20:16:10.300+0000] {logging_mixin.py:154} INFO - [2023-11-28T20:16:10.300+0000] {dag.py:3722} INFO - Setting next_dagrun for example_setup_teardown to 2023-11-27T20:16:10.299894+00:00, run_after=2023-11-28T20:16:10.299894+00:00
[2023-11-28T20:16:10.354+0000] {processor.py:179} INFO - Processing /home/airflow/.local/lib/python3.8/site-packages/airflow/example_dags/example_setup_teardown.py took 0.182 seconds
[2023-11-28T20:16:40.481+0000] {processor.py:157} INFO - Started process (PID=655) to work on /home/airflow/.local/lib/python3.8/site-packages/airflow/example_dags/example_setup_teardown.py
[2023-11-28T20:16:40.483+0000] {processor.py:829} INFO - Processing file /home/airflow/.local/lib/python3.8/site-packages/airflow/example_dags/example_setup_teardown.py for tasks to queue
[2023-11-28T20:16:40.487+0000] {logging_mixin.py:154} INFO - [2023-11-28T20:16:40.487+0000] {dagbag.py:536} INFO - Filling up the DagBag from /home/airflow/.local/lib/python3.8/site-packages/airflow/example_dags/example_setup_teardown.py
[2023-11-28T20:16:40.499+0000] {processor.py:839} INFO - DAG(s) dict_keys(['example_setup_teardown']) retrieved from /home/airflow/.local/lib/python3.8/site-packages/airflow/example_dags/example_setup_teardown.py
[2023-11-28T20:16:40.536+0000] {logging_mixin.py:154} INFO - [2023-11-28T20:16:40.535+0000] {dag.py:2941} INFO - Sync 1 DAGs
[2023-11-28T20:16:40.568+0000] {logging_mixin.py:154} INFO - [2023-11-28T20:16:40.568+0000] {dag.py:3722} INFO - Setting next_dagrun for example_setup_teardown to 2023-11-27T20:16:40.568278+00:00, run_after=2023-11-28T20:16:40.568278+00:00
[2023-11-28T20:16:40.603+0000] {processor.py:179} INFO - Processing /home/airflow/.local/lib/python3.8/site-packages/airflow/example_dags/example_setup_teardown.py took 0.127 seconds
[2023-11-28T20:17:10.658+0000] {processor.py:157} INFO - Started process (PID=709) to work on /home/airflow/.local/lib/python3.8/site-packages/airflow/example_dags/example_setup_teardown.py
[2023-11-28T20:17:10.660+0000] {processor.py:829} INFO - Processing file /home/airflow/.local/lib/python3.8/site-packages/airflow/example_dags/example_setup_teardown.py for tasks to queue
[2023-11-28T20:17:10.665+0000] {logging_mixin.py:154} INFO - [2023-11-28T20:17:10.664+0000] {dagbag.py:536} INFO - Filling up the DagBag from /home/airflow/.local/lib/python3.8/site-packages/airflow/example_dags/example_setup_teardown.py
[2023-11-28T20:17:10.676+0000] {processor.py:839} INFO - DAG(s) dict_keys(['example_setup_teardown']) retrieved from /home/airflow/.local/lib/python3.8/site-packages/airflow/example_dags/example_setup_teardown.py
[2023-11-28T20:17:10.711+0000] {logging_mixin.py:154} INFO - [2023-11-28T20:17:10.711+0000] {dag.py:2941} INFO - Sync 1 DAGs
[2023-11-28T20:17:10.742+0000] {logging_mixin.py:154} INFO - [2023-11-28T20:17:10.742+0000] {dag.py:3722} INFO - Setting next_dagrun for example_setup_teardown to 2023-11-27T20:17:10.742272+00:00, run_after=2023-11-28T20:17:10.742272+00:00
[2023-11-28T20:17:10.776+0000] {processor.py:179} INFO - Processing /home/airflow/.local/lib/python3.8/site-packages/airflow/example_dags/example_setup_teardown.py took 0.124 seconds
[2023-11-28T20:17:41.103+0000] {processor.py:157} INFO - Started process (PID=762) to work on /home/airflow/.local/lib/python3.8/site-packages/airflow/example_dags/example_setup_teardown.py
[2023-11-28T20:17:41.105+0000] {processor.py:829} INFO - Processing file /home/airflow/.local/lib/python3.8/site-packages/airflow/example_dags/example_setup_teardown.py for tasks to queue
[2023-11-28T20:17:41.110+0000] {logging_mixin.py:154} INFO - [2023-11-28T20:17:41.109+0000] {dagbag.py:536} INFO - Filling up the DagBag from /home/airflow/.local/lib/python3.8/site-packages/airflow/example_dags/example_setup_teardown.py
[2023-11-28T20:17:41.121+0000] {processor.py:839} INFO - DAG(s) dict_keys(['example_setup_teardown']) retrieved from /home/airflow/.local/lib/python3.8/site-packages/airflow/example_dags/example_setup_teardown.py
[2023-11-28T20:17:41.156+0000] {logging_mixin.py:154} INFO - [2023-11-28T20:17:41.156+0000] {dag.py:2941} INFO - Sync 1 DAGs
[2023-11-28T20:17:41.188+0000] {logging_mixin.py:154} INFO - [2023-11-28T20:17:41.187+0000] {dag.py:3722} INFO - Setting next_dagrun for example_setup_teardown to 2023-11-27T20:17:41.187548+00:00, run_after=2023-11-28T20:17:41.187548+00:00
[2023-11-28T20:17:41.221+0000] {processor.py:179} INFO - Processing /home/airflow/.local/lib/python3.8/site-packages/airflow/example_dags/example_setup_teardown.py took 0.123 seconds
[2023-11-28T20:18:11.553+0000] {processor.py:157} INFO - Started process (PID=817) to work on /home/airflow/.local/lib/python3.8/site-packages/airflow/example_dags/example_setup_teardown.py
[2023-11-28T20:18:11.555+0000] {processor.py:829} INFO - Processing file /home/airflow/.local/lib/python3.8/site-packages/airflow/example_dags/example_setup_teardown.py for tasks to queue
[2023-11-28T20:18:11.561+0000] {logging_mixin.py:154} INFO - [2023-11-28T20:18:11.560+0000] {dagbag.py:536} INFO - Filling up the DagBag from /home/airflow/.local/lib/python3.8/site-packages/airflow/example_dags/example_setup_teardown.py
[2023-11-28T20:18:11.572+0000] {processor.py:839} INFO - DAG(s) dict_keys(['example_setup_teardown']) retrieved from /home/airflow/.local/lib/python3.8/site-packages/airflow/example_dags/example_setup_teardown.py
[2023-11-28T20:18:11.611+0000] {logging_mixin.py:154} INFO - [2023-11-28T20:18:11.611+0000] {dag.py:2941} INFO - Sync 1 DAGs
[2023-11-28T20:18:11.644+0000] {logging_mixin.py:154} INFO - [2023-11-28T20:18:11.644+0000] {dag.py:3722} INFO - Setting next_dagrun for example_setup_teardown to 2023-11-27T20:18:11.643775+00:00, run_after=2023-11-28T20:18:11.643775+00:00
[2023-11-28T20:18:11.862+0000] {processor.py:179} INFO - Processing /home/airflow/.local/lib/python3.8/site-packages/airflow/example_dags/example_setup_teardown.py took 0.314 seconds
[2023-11-28T20:18:42.511+0000] {processor.py:157} INFO - Started process (PID=871) to work on /home/airflow/.local/lib/python3.8/site-packages/airflow/example_dags/example_setup_teardown.py
[2023-11-28T20:18:42.513+0000] {processor.py:829} INFO - Processing file /home/airflow/.local/lib/python3.8/site-packages/airflow/example_dags/example_setup_teardown.py for tasks to queue
[2023-11-28T20:18:42.517+0000] {logging_mixin.py:154} INFO - [2023-11-28T20:18:42.517+0000] {dagbag.py:536} INFO - Filling up the DagBag from /home/airflow/.local/lib/python3.8/site-packages/airflow/example_dags/example_setup_teardown.py
[2023-11-28T20:18:42.529+0000] {processor.py:839} INFO - DAG(s) dict_keys(['example_setup_teardown']) retrieved from /home/airflow/.local/lib/python3.8/site-packages/airflow/example_dags/example_setup_teardown.py
[2023-11-28T20:18:42.567+0000] {logging_mixin.py:154} INFO - [2023-11-28T20:18:42.567+0000] {dag.py:2941} INFO - Sync 1 DAGs
[2023-11-28T20:18:42.601+0000] {logging_mixin.py:154} INFO - [2023-11-28T20:18:42.601+0000] {dag.py:3722} INFO - Setting next_dagrun for example_setup_teardown to 2023-11-27T20:18:42.600843+00:00, run_after=2023-11-28T20:18:42.600843+00:00
[2023-11-28T20:18:42.831+0000] {processor.py:179} INFO - Processing /home/airflow/.local/lib/python3.8/site-packages/airflow/example_dags/example_setup_teardown.py took 0.325 seconds
[2023-11-28T20:19:12.930+0000] {processor.py:157} INFO - Started process (PID=925) to work on /home/airflow/.local/lib/python3.8/site-packages/airflow/example_dags/example_setup_teardown.py
[2023-11-28T20:19:12.932+0000] {processor.py:829} INFO - Processing file /home/airflow/.local/lib/python3.8/site-packages/airflow/example_dags/example_setup_teardown.py for tasks to queue
[2023-11-28T20:19:12.938+0000] {logging_mixin.py:154} INFO - [2023-11-28T20:19:12.937+0000] {dagbag.py:536} INFO - Filling up the DagBag from /home/airflow/.local/lib/python3.8/site-packages/airflow/example_dags/example_setup_teardown.py
[2023-11-28T20:19:12.949+0000] {processor.py:839} INFO - DAG(s) dict_keys(['example_setup_teardown']) retrieved from /home/airflow/.local/lib/python3.8/site-packages/airflow/example_dags/example_setup_teardown.py
[2023-11-28T20:19:12.983+0000] {logging_mixin.py:154} INFO - [2023-11-28T20:19:12.983+0000] {dag.py:2941} INFO - Sync 1 DAGs
[2023-11-28T20:19:13.014+0000] {logging_mixin.py:154} INFO - [2023-11-28T20:19:13.014+0000] {dag.py:3722} INFO - Setting next_dagrun for example_setup_teardown to 2023-11-27T20:19:13.014309+00:00, run_after=2023-11-28T20:19:13.014309+00:00
[2023-11-28T20:19:13.046+0000] {processor.py:179} INFO - Processing /home/airflow/.local/lib/python3.8/site-packages/airflow/example_dags/example_setup_teardown.py took 0.121 seconds
[2023-11-28T20:19:43.634+0000] {processor.py:157} INFO - Started process (PID=979) to work on /home/airflow/.local/lib/python3.8/site-packages/airflow/example_dags/example_setup_teardown.py
[2023-11-28T20:19:43.636+0000] {processor.py:829} INFO - Processing file /home/airflow/.local/lib/python3.8/site-packages/airflow/example_dags/example_setup_teardown.py for tasks to queue
[2023-11-28T20:19:43.640+0000] {logging_mixin.py:154} INFO - [2023-11-28T20:19:43.640+0000] {dagbag.py:536} INFO - Filling up the DagBag from /home/airflow/.local/lib/python3.8/site-packages/airflow/example_dags/example_setup_teardown.py
[2023-11-28T20:19:43.651+0000] {processor.py:839} INFO - DAG(s) dict_keys(['example_setup_teardown']) retrieved from /home/airflow/.local/lib/python3.8/site-packages/airflow/example_dags/example_setup_teardown.py
[2023-11-28T20:19:43.687+0000] {logging_mixin.py:154} INFO - [2023-11-28T20:19:43.687+0000] {dag.py:2941} INFO - Sync 1 DAGs
[2023-11-28T20:19:43.719+0000] {logging_mixin.py:154} INFO - [2023-11-28T20:19:43.719+0000] {dag.py:3722} INFO - Setting next_dagrun for example_setup_teardown to 2023-11-27T20:19:43.718797+00:00, run_after=2023-11-28T20:19:43.718797+00:00
[2023-11-28T20:19:43.753+0000] {processor.py:179} INFO - Processing /home/airflow/.local/lib/python3.8/site-packages/airflow/example_dags/example_setup_teardown.py took 0.125 seconds
[2023-11-28T20:20:14.398+0000] {processor.py:157} INFO - Started process (PID=1033) to work on /home/airflow/.local/lib/python3.8/site-packages/airflow/example_dags/example_setup_teardown.py
[2023-11-28T20:20:14.399+0000] {processor.py:829} INFO - Processing file /home/airflow/.local/lib/python3.8/site-packages/airflow/example_dags/example_setup_teardown.py for tasks to queue
[2023-11-28T20:20:14.403+0000] {logging_mixin.py:154} INFO - [2023-11-28T20:20:14.403+0000] {dagbag.py:536} INFO - Filling up the DagBag from /home/airflow/.local/lib/python3.8/site-packages/airflow/example_dags/example_setup_teardown.py
[2023-11-28T20:20:14.414+0000] {processor.py:839} INFO - DAG(s) dict_keys(['example_setup_teardown']) retrieved from /home/airflow/.local/lib/python3.8/site-packages/airflow/example_dags/example_setup_teardown.py
[2023-11-28T20:20:14.452+0000] {logging_mixin.py:154} INFO - [2023-11-28T20:20:14.451+0000] {dag.py:2941} INFO - Sync 1 DAGs
[2023-11-28T20:20:14.485+0000] {logging_mixin.py:154} INFO - [2023-11-28T20:20:14.484+0000] {dag.py:3722} INFO - Setting next_dagrun for example_setup_teardown to 2023-11-27T20:20:14.484468+00:00, run_after=2023-11-28T20:20:14.484468+00:00
[2023-11-28T20:20:14.517+0000] {processor.py:179} INFO - Processing /home/airflow/.local/lib/python3.8/site-packages/airflow/example_dags/example_setup_teardown.py took 0.125 seconds
[2023-11-28T20:20:44.979+0000] {processor.py:157} INFO - Started process (PID=1088) to work on /home/airflow/.local/lib/python3.8/site-packages/airflow/example_dags/example_setup_teardown.py
[2023-11-28T20:20:44.981+0000] {processor.py:829} INFO - Processing file /home/airflow/.local/lib/python3.8/site-packages/airflow/example_dags/example_setup_teardown.py for tasks to queue
[2023-11-28T20:20:44.984+0000] {logging_mixin.py:154} INFO - [2023-11-28T20:20:44.984+0000] {dagbag.py:536} INFO - Filling up the DagBag from /home/airflow/.local/lib/python3.8/site-packages/airflow/example_dags/example_setup_teardown.py
[2023-11-28T20:20:44.995+0000] {processor.py:839} INFO - DAG(s) dict_keys(['example_setup_teardown']) retrieved from /home/airflow/.local/lib/python3.8/site-packages/airflow/example_dags/example_setup_teardown.py
[2023-11-28T20:20:45.045+0000] {logging_mixin.py:154} INFO - [2023-11-28T20:20:45.045+0000] {dag.py:2941} INFO - Sync 1 DAGs
[2023-11-28T20:20:45.279+0000] {logging_mixin.py:154} INFO - [2023-11-28T20:20:45.278+0000] {dag.py:3722} INFO - Setting next_dagrun for example_setup_teardown to 2023-11-27T20:20:45.278281+00:00, run_after=2023-11-28T20:20:45.278281+00:00
[2023-11-28T20:20:45.314+0000] {processor.py:179} INFO - Processing /home/airflow/.local/lib/python3.8/site-packages/airflow/example_dags/example_setup_teardown.py took 0.341 seconds
[2023-11-28T20:21:15.528+0000] {processor.py:157} INFO - Started process (PID=1142) to work on /home/airflow/.local/lib/python3.8/site-packages/airflow/example_dags/example_setup_teardown.py
[2023-11-28T20:21:15.530+0000] {processor.py:829} INFO - Processing file /home/airflow/.local/lib/python3.8/site-packages/airflow/example_dags/example_setup_teardown.py for tasks to queue
[2023-11-28T20:21:15.534+0000] {logging_mixin.py:154} INFO - [2023-11-28T20:21:15.534+0000] {dagbag.py:536} INFO - Filling up the DagBag from /home/airflow/.local/lib/python3.8/site-packages/airflow/example_dags/example_setup_teardown.py
[2023-11-28T20:21:15.544+0000] {processor.py:839} INFO - DAG(s) dict_keys(['example_setup_teardown']) retrieved from /home/airflow/.local/lib/python3.8/site-packages/airflow/example_dags/example_setup_teardown.py
[2023-11-28T20:21:15.582+0000] {logging_mixin.py:154} INFO - [2023-11-28T20:21:15.582+0000] {dag.py:2941} INFO - Sync 1 DAGs
[2023-11-28T20:21:15.628+0000] {logging_mixin.py:154} INFO - [2023-11-28T20:21:15.627+0000] {dag.py:3722} INFO - Setting next_dagrun for example_setup_teardown to 2023-11-27T20:21:15.627464+00:00, run_after=2023-11-28T20:21:15.627464+00:00
[2023-11-28T20:21:15.900+0000] {processor.py:179} INFO - Processing /home/airflow/.local/lib/python3.8/site-packages/airflow/example_dags/example_setup_teardown.py took 0.377 seconds
[2023-11-28T20:21:46.092+0000] {processor.py:157} INFO - Started process (PID=1196) to work on /home/airflow/.local/lib/python3.8/site-packages/airflow/example_dags/example_setup_teardown.py
[2023-11-28T20:21:46.094+0000] {processor.py:829} INFO - Processing file /home/airflow/.local/lib/python3.8/site-packages/airflow/example_dags/example_setup_teardown.py for tasks to queue
[2023-11-28T20:21:46.099+0000] {logging_mixin.py:154} INFO - [2023-11-28T20:21:46.098+0000] {dagbag.py:536} INFO - Filling up the DagBag from /home/airflow/.local/lib/python3.8/site-packages/airflow/example_dags/example_setup_teardown.py
[2023-11-28T20:21:46.109+0000] {processor.py:839} INFO - DAG(s) dict_keys(['example_setup_teardown']) retrieved from /home/airflow/.local/lib/python3.8/site-packages/airflow/example_dags/example_setup_teardown.py
[2023-11-28T20:21:46.147+0000] {logging_mixin.py:154} INFO - [2023-11-28T20:21:46.147+0000] {dag.py:2941} INFO - Sync 1 DAGs
[2023-11-28T20:21:46.178+0000] {logging_mixin.py:154} INFO - [2023-11-28T20:21:46.178+0000] {dag.py:3722} INFO - Setting next_dagrun for example_setup_teardown to 2023-11-27T20:21:46.177734+00:00, run_after=2023-11-28T20:21:46.177734+00:00
[2023-11-28T20:21:46.211+0000] {processor.py:179} INFO - Processing /home/airflow/.local/lib/python3.8/site-packages/airflow/example_dags/example_setup_teardown.py took 0.123 seconds
[2023-11-28T20:22:17.482+0000] {processor.py:157} INFO - Started process (PID=1250) to work on /home/airflow/.local/lib/python3.8/site-packages/airflow/example_dags/example_setup_teardown.py
[2023-11-28T20:22:17.485+0000] {processor.py:829} INFO - Processing file /home/airflow/.local/lib/python3.8/site-packages/airflow/example_dags/example_setup_teardown.py for tasks to queue
[2023-11-28T20:22:17.491+0000] {logging_mixin.py:154} INFO - [2023-11-28T20:22:17.491+0000] {dagbag.py:536} INFO - Filling up the DagBag from /home/airflow/.local/lib/python3.8/site-packages/airflow/example_dags/example_setup_teardown.py
[2023-11-28T20:22:17.503+0000] {processor.py:839} INFO - DAG(s) dict_keys(['example_setup_teardown']) retrieved from /home/airflow/.local/lib/python3.8/site-packages/airflow/example_dags/example_setup_teardown.py
[2023-11-28T20:22:17.802+0000] {logging_mixin.py:154} INFO - [2023-11-28T20:22:17.802+0000] {dag.py:2941} INFO - Sync 1 DAGs
[2023-11-28T20:22:17.830+0000] {logging_mixin.py:154} INFO - [2023-11-28T20:22:17.829+0000] {dag.py:3722} INFO - Setting next_dagrun for example_setup_teardown to 2023-11-27T20:22:17.829370+00:00, run_after=2023-11-28T20:22:17.829370+00:00
[2023-11-28T20:22:17.869+0000] {processor.py:179} INFO - Processing /home/airflow/.local/lib/python3.8/site-packages/airflow/example_dags/example_setup_teardown.py took 0.392 seconds
[2023-11-28T20:22:47.988+0000] {processor.py:157} INFO - Started process (PID=1304) to work on /home/airflow/.local/lib/python3.8/site-packages/airflow/example_dags/example_setup_teardown.py
[2023-11-28T20:22:47.991+0000] {processor.py:829} INFO - Processing file /home/airflow/.local/lib/python3.8/site-packages/airflow/example_dags/example_setup_teardown.py for tasks to queue
[2023-11-28T20:22:47.996+0000] {logging_mixin.py:154} INFO - [2023-11-28T20:22:47.995+0000] {dagbag.py:536} INFO - Filling up the DagBag from /home/airflow/.local/lib/python3.8/site-packages/airflow/example_dags/example_setup_teardown.py
[2023-11-28T20:22:48.014+0000] {processor.py:839} INFO - DAG(s) dict_keys(['example_setup_teardown']) retrieved from /home/airflow/.local/lib/python3.8/site-packages/airflow/example_dags/example_setup_teardown.py
[2023-11-28T20:22:48.049+0000] {logging_mixin.py:154} INFO - [2023-11-28T20:22:48.049+0000] {dag.py:2941} INFO - Sync 1 DAGs
[2023-11-28T20:22:48.261+0000] {logging_mixin.py:154} INFO - [2023-11-28T20:22:48.260+0000] {dag.py:3722} INFO - Setting next_dagrun for example_setup_teardown to 2023-11-27T20:22:48.260543+00:00, run_after=2023-11-28T20:22:48.260543+00:00
[2023-11-28T20:22:48.288+0000] {processor.py:179} INFO - Processing /home/airflow/.local/lib/python3.8/site-packages/airflow/example_dags/example_setup_teardown.py took 0.308 seconds
[2023-11-28T21:07:51.691+0000] {processor.py:157} INFO - Started process (PID=51) to work on /home/airflow/.local/lib/python3.8/site-packages/airflow/example_dags/example_setup_teardown.py
[2023-11-28T21:07:51.693+0000] {processor.py:829} INFO - Processing file /home/airflow/.local/lib/python3.8/site-packages/airflow/example_dags/example_setup_teardown.py for tasks to queue
[2023-11-28T21:07:51.697+0000] {logging_mixin.py:154} INFO - [2023-11-28T21:07:51.697+0000] {dagbag.py:536} INFO - Filling up the DagBag from /home/airflow/.local/lib/python3.8/site-packages/airflow/example_dags/example_setup_teardown.py
[2023-11-28T21:07:51.715+0000] {processor.py:839} INFO - DAG(s) dict_keys(['example_setup_teardown']) retrieved from /home/airflow/.local/lib/python3.8/site-packages/airflow/example_dags/example_setup_teardown.py
[2023-11-28T21:07:52.260+0000] {logging_mixin.py:154} INFO - [2023-11-28T21:07:52.260+0000] {manager.py:499} INFO - Created Permission View: %s
[2023-11-28T21:07:52.283+0000] {logging_mixin.py:154} INFO - [2023-11-28T21:07:52.283+0000] {manager.py:499} INFO - Created Permission View: %s
[2023-11-28T21:07:52.301+0000] {logging_mixin.py:154} INFO - [2023-11-28T21:07:52.301+0000] {manager.py:499} INFO - Created Permission View: %s
[2023-11-28T21:07:52.303+0000] {logging_mixin.py:154} INFO - [2023-11-28T21:07:52.302+0000] {dag.py:2941} INFO - Sync 1 DAGs
[2023-11-28T21:07:52.333+0000] {logging_mixin.py:154} INFO - [2023-11-28T21:07:52.333+0000] {dag.py:2963} INFO - Creating ORM DAG for example_setup_teardown
[2023-11-28T21:07:52.358+0000] {logging_mixin.py:154} INFO - [2023-11-28T21:07:52.358+0000] {dag.py:3722} INFO - Setting next_dagrun for example_setup_teardown to 2023-11-27T21:07:52.357133+00:00, run_after=2023-11-28T21:07:52.357133+00:00
[2023-11-28T21:07:52.387+0000] {processor.py:179} INFO - Processing /home/airflow/.local/lib/python3.8/site-packages/airflow/example_dags/example_setup_teardown.py took 0.703 seconds
[2023-11-28T21:08:23.463+0000] {processor.py:157} INFO - Started process (PID=105) to work on /home/airflow/.local/lib/python3.8/site-packages/airflow/example_dags/example_setup_teardown.py
[2023-11-28T21:08:23.464+0000] {processor.py:829} INFO - Processing file /home/airflow/.local/lib/python3.8/site-packages/airflow/example_dags/example_setup_teardown.py for tasks to queue
[2023-11-28T21:08:23.468+0000] {logging_mixin.py:154} INFO - [2023-11-28T21:08:23.468+0000] {dagbag.py:536} INFO - Filling up the DagBag from /home/airflow/.local/lib/python3.8/site-packages/airflow/example_dags/example_setup_teardown.py
[2023-11-28T21:08:23.486+0000] {processor.py:839} INFO - DAG(s) dict_keys(['example_setup_teardown']) retrieved from /home/airflow/.local/lib/python3.8/site-packages/airflow/example_dags/example_setup_teardown.py
[2023-11-28T21:08:23.544+0000] {logging_mixin.py:154} INFO - [2023-11-28T21:08:23.543+0000] {dag.py:2941} INFO - Sync 1 DAGs
[2023-11-28T21:08:23.631+0000] {logging_mixin.py:154} INFO - [2023-11-28T21:08:23.631+0000] {dag.py:3722} INFO - Setting next_dagrun for example_setup_teardown to 2023-11-27T21:08:23.630773+00:00, run_after=2023-11-28T21:08:23.630773+00:00
[2023-11-28T21:08:23.683+0000] {processor.py:179} INFO - Processing /home/airflow/.local/lib/python3.8/site-packages/airflow/example_dags/example_setup_teardown.py took 0.227 seconds
[2023-11-28T21:08:55.023+0000] {processor.py:157} INFO - Started process (PID=159) to work on /home/airflow/.local/lib/python3.8/site-packages/airflow/example_dags/example_setup_teardown.py
[2023-11-28T21:08:55.025+0000] {processor.py:829} INFO - Processing file /home/airflow/.local/lib/python3.8/site-packages/airflow/example_dags/example_setup_teardown.py for tasks to queue
[2023-11-28T21:08:55.029+0000] {logging_mixin.py:154} INFO - [2023-11-28T21:08:55.029+0000] {dagbag.py:536} INFO - Filling up the DagBag from /home/airflow/.local/lib/python3.8/site-packages/airflow/example_dags/example_setup_teardown.py
[2023-11-28T21:08:55.047+0000] {processor.py:839} INFO - DAG(s) dict_keys(['example_setup_teardown']) retrieved from /home/airflow/.local/lib/python3.8/site-packages/airflow/example_dags/example_setup_teardown.py
[2023-11-28T21:08:55.086+0000] {logging_mixin.py:154} INFO - [2023-11-28T21:08:55.086+0000] {dag.py:2941} INFO - Sync 1 DAGs
[2023-11-28T21:08:55.124+0000] {logging_mixin.py:154} INFO - [2023-11-28T21:08:55.124+0000] {dag.py:3722} INFO - Setting next_dagrun for example_setup_teardown to 2023-11-27T21:08:55.123791+00:00, run_after=2023-11-28T21:08:55.123791+00:00
[2023-11-28T21:08:55.157+0000] {processor.py:179} INFO - Processing /home/airflow/.local/lib/python3.8/site-packages/airflow/example_dags/example_setup_teardown.py took 0.140 seconds
[2023-11-28T21:09:25.278+0000] {processor.py:157} INFO - Started process (PID=213) to work on /home/airflow/.local/lib/python3.8/site-packages/airflow/example_dags/example_setup_teardown.py
[2023-11-28T21:09:25.280+0000] {processor.py:829} INFO - Processing file /home/airflow/.local/lib/python3.8/site-packages/airflow/example_dags/example_setup_teardown.py for tasks to queue
[2023-11-28T21:09:25.284+0000] {logging_mixin.py:154} INFO - [2023-11-28T21:09:25.284+0000] {dagbag.py:536} INFO - Filling up the DagBag from /home/airflow/.local/lib/python3.8/site-packages/airflow/example_dags/example_setup_teardown.py
[2023-11-28T21:09:25.295+0000] {processor.py:839} INFO - DAG(s) dict_keys(['example_setup_teardown']) retrieved from /home/airflow/.local/lib/python3.8/site-packages/airflow/example_dags/example_setup_teardown.py
[2023-11-28T21:09:25.333+0000] {logging_mixin.py:154} INFO - [2023-11-28T21:09:25.332+0000] {dag.py:2941} INFO - Sync 1 DAGs
[2023-11-28T21:09:25.364+0000] {logging_mixin.py:154} INFO - [2023-11-28T21:09:25.364+0000] {dag.py:3722} INFO - Setting next_dagrun for example_setup_teardown to 2023-11-27T21:09:25.364027+00:00, run_after=2023-11-28T21:09:25.364027+00:00
[2023-11-28T21:09:25.393+0000] {processor.py:179} INFO - Processing /home/airflow/.local/lib/python3.8/site-packages/airflow/example_dags/example_setup_teardown.py took 0.121 seconds
[2023-11-28T21:09:55.515+0000] {processor.py:157} INFO - Started process (PID=268) to work on /home/airflow/.local/lib/python3.8/site-packages/airflow/example_dags/example_setup_teardown.py
[2023-11-28T21:09:55.518+0000] {processor.py:829} INFO - Processing file /home/airflow/.local/lib/python3.8/site-packages/airflow/example_dags/example_setup_teardown.py for tasks to queue
[2023-11-28T21:09:55.522+0000] {logging_mixin.py:154} INFO - [2023-11-28T21:09:55.522+0000] {dagbag.py:536} INFO - Filling up the DagBag from /home/airflow/.local/lib/python3.8/site-packages/airflow/example_dags/example_setup_teardown.py
[2023-11-28T21:09:55.533+0000] {processor.py:839} INFO - DAG(s) dict_keys(['example_setup_teardown']) retrieved from /home/airflow/.local/lib/python3.8/site-packages/airflow/example_dags/example_setup_teardown.py
[2023-11-28T21:09:55.571+0000] {logging_mixin.py:154} INFO - [2023-11-28T21:09:55.571+0000] {dag.py:2941} INFO - Sync 1 DAGs
[2023-11-28T21:09:55.602+0000] {logging_mixin.py:154} INFO - [2023-11-28T21:09:55.601+0000] {dag.py:3722} INFO - Setting next_dagrun for example_setup_teardown to 2023-11-27T21:09:55.601376+00:00, run_after=2023-11-28T21:09:55.601376+00:00
[2023-11-28T21:09:55.630+0000] {processor.py:179} INFO - Processing /home/airflow/.local/lib/python3.8/site-packages/airflow/example_dags/example_setup_teardown.py took 0.119 seconds
[2023-11-28T21:10:25.833+0000] {processor.py:157} INFO - Started process (PID=322) to work on /home/airflow/.local/lib/python3.8/site-packages/airflow/example_dags/example_setup_teardown.py
[2023-11-28T21:10:25.834+0000] {processor.py:829} INFO - Processing file /home/airflow/.local/lib/python3.8/site-packages/airflow/example_dags/example_setup_teardown.py for tasks to queue
[2023-11-28T21:10:25.839+0000] {logging_mixin.py:154} INFO - [2023-11-28T21:10:25.838+0000] {dagbag.py:536} INFO - Filling up the DagBag from /home/airflow/.local/lib/python3.8/site-packages/airflow/example_dags/example_setup_teardown.py
[2023-11-28T21:10:25.852+0000] {processor.py:839} INFO - DAG(s) dict_keys(['example_setup_teardown']) retrieved from /home/airflow/.local/lib/python3.8/site-packages/airflow/example_dags/example_setup_teardown.py
[2023-11-28T21:10:25.895+0000] {logging_mixin.py:154} INFO - [2023-11-28T21:10:25.894+0000] {dag.py:2941} INFO - Sync 1 DAGs
[2023-11-28T21:10:25.931+0000] {logging_mixin.py:154} INFO - [2023-11-28T21:10:25.931+0000] {dag.py:3722} INFO - Setting next_dagrun for example_setup_teardown to 2023-11-27T21:10:25.930607+00:00, run_after=2023-11-28T21:10:25.930607+00:00
[2023-11-28T21:10:25.967+0000] {processor.py:179} INFO - Processing /home/airflow/.local/lib/python3.8/site-packages/airflow/example_dags/example_setup_teardown.py took 0.140 seconds
[2023-11-28T21:10:56.175+0000] {processor.py:157} INFO - Started process (PID=376) to work on /home/airflow/.local/lib/python3.8/site-packages/airflow/example_dags/example_setup_teardown.py
[2023-11-28T21:10:56.177+0000] {processor.py:829} INFO - Processing file /home/airflow/.local/lib/python3.8/site-packages/airflow/example_dags/example_setup_teardown.py for tasks to queue
[2023-11-28T21:10:56.181+0000] {logging_mixin.py:154} INFO - [2023-11-28T21:10:56.181+0000] {dagbag.py:536} INFO - Filling up the DagBag from /home/airflow/.local/lib/python3.8/site-packages/airflow/example_dags/example_setup_teardown.py
[2023-11-28T21:10:56.194+0000] {processor.py:839} INFO - DAG(s) dict_keys(['example_setup_teardown']) retrieved from /home/airflow/.local/lib/python3.8/site-packages/airflow/example_dags/example_setup_teardown.py
[2023-11-28T21:10:56.233+0000] {logging_mixin.py:154} INFO - [2023-11-28T21:10:56.233+0000] {dag.py:2941} INFO - Sync 1 DAGs
[2023-11-28T21:10:56.264+0000] {logging_mixin.py:154} INFO - [2023-11-28T21:10:56.264+0000] {dag.py:3722} INFO - Setting next_dagrun for example_setup_teardown to 2023-11-27T21:10:56.264029+00:00, run_after=2023-11-28T21:10:56.264029+00:00
[2023-11-28T21:10:56.297+0000] {processor.py:179} INFO - Processing /home/airflow/.local/lib/python3.8/site-packages/airflow/example_dags/example_setup_teardown.py took 0.127 seconds
[2023-11-28T21:11:26.683+0000] {processor.py:157} INFO - Started process (PID=430) to work on /home/airflow/.local/lib/python3.8/site-packages/airflow/example_dags/example_setup_teardown.py
[2023-11-28T21:11:26.684+0000] {processor.py:829} INFO - Processing file /home/airflow/.local/lib/python3.8/site-packages/airflow/example_dags/example_setup_teardown.py for tasks to queue
[2023-11-28T21:11:26.689+0000] {logging_mixin.py:154} INFO - [2023-11-28T21:11:26.688+0000] {dagbag.py:536} INFO - Filling up the DagBag from /home/airflow/.local/lib/python3.8/site-packages/airflow/example_dags/example_setup_teardown.py
[2023-11-28T21:11:26.700+0000] {processor.py:839} INFO - DAG(s) dict_keys(['example_setup_teardown']) retrieved from /home/airflow/.local/lib/python3.8/site-packages/airflow/example_dags/example_setup_teardown.py
[2023-11-28T21:11:26.738+0000] {logging_mixin.py:154} INFO - [2023-11-28T21:11:26.738+0000] {dag.py:2941} INFO - Sync 1 DAGs
[2023-11-28T21:11:26.771+0000] {logging_mixin.py:154} INFO - [2023-11-28T21:11:26.771+0000] {dag.py:3722} INFO - Setting next_dagrun for example_setup_teardown to 2023-11-27T21:11:26.770965+00:00, run_after=2023-11-28T21:11:26.770965+00:00
[2023-11-28T21:11:26.807+0000] {processor.py:179} INFO - Processing /home/airflow/.local/lib/python3.8/site-packages/airflow/example_dags/example_setup_teardown.py took 0.130 seconds
[2023-11-28T21:11:57.179+0000] {processor.py:157} INFO - Started process (PID=484) to work on /home/airflow/.local/lib/python3.8/site-packages/airflow/example_dags/example_setup_teardown.py
[2023-11-28T21:11:57.181+0000] {processor.py:829} INFO - Processing file /home/airflow/.local/lib/python3.8/site-packages/airflow/example_dags/example_setup_teardown.py for tasks to queue
[2023-11-28T21:11:57.186+0000] {logging_mixin.py:154} INFO - [2023-11-28T21:11:57.185+0000] {dagbag.py:536} INFO - Filling up the DagBag from /home/airflow/.local/lib/python3.8/site-packages/airflow/example_dags/example_setup_teardown.py
[2023-11-28T21:11:57.199+0000] {processor.py:839} INFO - DAG(s) dict_keys(['example_setup_teardown']) retrieved from /home/airflow/.local/lib/python3.8/site-packages/airflow/example_dags/example_setup_teardown.py
[2023-11-28T21:11:57.237+0000] {logging_mixin.py:154} INFO - [2023-11-28T21:11:57.237+0000] {dag.py:2941} INFO - Sync 1 DAGs
[2023-11-28T21:11:57.274+0000] {logging_mixin.py:154} INFO - [2023-11-28T21:11:57.274+0000] {dag.py:3722} INFO - Setting next_dagrun for example_setup_teardown to 2023-11-27T21:11:57.273680+00:00, run_after=2023-11-28T21:11:57.273680+00:00
[2023-11-28T21:11:57.309+0000] {processor.py:179} INFO - Processing /home/airflow/.local/lib/python3.8/site-packages/airflow/example_dags/example_setup_teardown.py took 0.135 seconds
[2023-11-28T21:12:27.429+0000] {processor.py:157} INFO - Started process (PID=538) to work on /home/airflow/.local/lib/python3.8/site-packages/airflow/example_dags/example_setup_teardown.py
[2023-11-28T21:12:27.431+0000] {processor.py:829} INFO - Processing file /home/airflow/.local/lib/python3.8/site-packages/airflow/example_dags/example_setup_teardown.py for tasks to queue
[2023-11-28T21:12:27.436+0000] {logging_mixin.py:154} INFO - [2023-11-28T21:12:27.435+0000] {dagbag.py:536} INFO - Filling up the DagBag from /home/airflow/.local/lib/python3.8/site-packages/airflow/example_dags/example_setup_teardown.py
[2023-11-28T21:12:27.448+0000] {processor.py:839} INFO - DAG(s) dict_keys(['example_setup_teardown']) retrieved from /home/airflow/.local/lib/python3.8/site-packages/airflow/example_dags/example_setup_teardown.py
[2023-11-28T21:12:27.490+0000] {logging_mixin.py:154} INFO - [2023-11-28T21:12:27.490+0000] {dag.py:2941} INFO - Sync 1 DAGs
[2023-11-28T21:12:27.527+0000] {logging_mixin.py:154} INFO - [2023-11-28T21:12:27.527+0000] {dag.py:3722} INFO - Setting next_dagrun for example_setup_teardown to 2023-11-27T21:12:27.526854+00:00, run_after=2023-11-28T21:12:27.526854+00:00
[2023-11-28T21:12:27.561+0000] {processor.py:179} INFO - Processing /home/airflow/.local/lib/python3.8/site-packages/airflow/example_dags/example_setup_teardown.py took 0.138 seconds
[2023-11-28T21:12:58.069+0000] {processor.py:157} INFO - Started process (PID=593) to work on /home/airflow/.local/lib/python3.8/site-packages/airflow/example_dags/example_setup_teardown.py
[2023-11-28T21:12:58.071+0000] {processor.py:829} INFO - Processing file /home/airflow/.local/lib/python3.8/site-packages/airflow/example_dags/example_setup_teardown.py for tasks to queue
[2023-11-28T21:12:58.076+0000] {logging_mixin.py:154} INFO - [2023-11-28T21:12:58.075+0000] {dagbag.py:536} INFO - Filling up the DagBag from /home/airflow/.local/lib/python3.8/site-packages/airflow/example_dags/example_setup_teardown.py
[2023-11-28T21:12:58.088+0000] {processor.py:839} INFO - DAG(s) dict_keys(['example_setup_teardown']) retrieved from /home/airflow/.local/lib/python3.8/site-packages/airflow/example_dags/example_setup_teardown.py
[2023-11-28T21:12:58.127+0000] {logging_mixin.py:154} INFO - [2023-11-28T21:12:58.126+0000] {dag.py:2941} INFO - Sync 1 DAGs
[2023-11-28T21:12:58.163+0000] {logging_mixin.py:154} INFO - [2023-11-28T21:12:58.163+0000] {dag.py:3722} INFO - Setting next_dagrun for example_setup_teardown to 2023-11-27T21:12:58.162673+00:00, run_after=2023-11-28T21:12:58.162673+00:00
[2023-11-28T21:12:58.198+0000] {processor.py:179} INFO - Processing /home/airflow/.local/lib/python3.8/site-packages/airflow/example_dags/example_setup_teardown.py took 0.135 seconds
[2023-11-28T21:13:28.715+0000] {processor.py:157} INFO - Started process (PID=648) to work on /home/airflow/.local/lib/python3.8/site-packages/airflow/example_dags/example_setup_teardown.py
[2023-11-28T21:13:28.717+0000] {processor.py:829} INFO - Processing file /home/airflow/.local/lib/python3.8/site-packages/airflow/example_dags/example_setup_teardown.py for tasks to queue
[2023-11-28T21:13:28.721+0000] {logging_mixin.py:154} INFO - [2023-11-28T21:13:28.721+0000] {dagbag.py:536} INFO - Filling up the DagBag from /home/airflow/.local/lib/python3.8/site-packages/airflow/example_dags/example_setup_teardown.py
[2023-11-28T21:13:28.732+0000] {processor.py:839} INFO - DAG(s) dict_keys(['example_setup_teardown']) retrieved from /home/airflow/.local/lib/python3.8/site-packages/airflow/example_dags/example_setup_teardown.py
[2023-11-28T21:13:28.769+0000] {logging_mixin.py:154} INFO - [2023-11-28T21:13:28.769+0000] {dag.py:2941} INFO - Sync 1 DAGs
[2023-11-28T21:13:28.801+0000] {logging_mixin.py:154} INFO - [2023-11-28T21:13:28.801+0000] {dag.py:3722} INFO - Setting next_dagrun for example_setup_teardown to 2023-11-27T21:13:28.801282+00:00, run_after=2023-11-28T21:13:28.801282+00:00
[2023-11-28T21:13:28.835+0000] {processor.py:179} INFO - Processing /home/airflow/.local/lib/python3.8/site-packages/airflow/example_dags/example_setup_teardown.py took 0.127 seconds
[2023-11-28T21:13:59.663+0000] {processor.py:157} INFO - Started process (PID=702) to work on /home/airflow/.local/lib/python3.8/site-packages/airflow/example_dags/example_setup_teardown.py
[2023-11-28T21:13:59.664+0000] {processor.py:829} INFO - Processing file /home/airflow/.local/lib/python3.8/site-packages/airflow/example_dags/example_setup_teardown.py for tasks to queue
[2023-11-28T21:13:59.668+0000] {logging_mixin.py:154} INFO - [2023-11-28T21:13:59.668+0000] {dagbag.py:536} INFO - Filling up the DagBag from /home/airflow/.local/lib/python3.8/site-packages/airflow/example_dags/example_setup_teardown.py
[2023-11-28T21:13:59.678+0000] {processor.py:839} INFO - DAG(s) dict_keys(['example_setup_teardown']) retrieved from /home/airflow/.local/lib/python3.8/site-packages/airflow/example_dags/example_setup_teardown.py
[2023-11-28T21:13:59.716+0000] {logging_mixin.py:154} INFO - [2023-11-28T21:13:59.716+0000] {dag.py:2941} INFO - Sync 1 DAGs
[2023-11-28T21:13:59.752+0000] {logging_mixin.py:154} INFO - [2023-11-28T21:13:59.752+0000] {dag.py:3722} INFO - Setting next_dagrun for example_setup_teardown to 2023-11-27T21:13:59.751836+00:00, run_after=2023-11-28T21:13:59.751836+00:00
[2023-11-28T21:13:59.800+0000] {processor.py:179} INFO - Processing /home/airflow/.local/lib/python3.8/site-packages/airflow/example_dags/example_setup_teardown.py took 0.143 seconds
[2023-11-28T21:14:29.994+0000] {processor.py:157} INFO - Started process (PID=757) to work on /home/airflow/.local/lib/python3.8/site-packages/airflow/example_dags/example_setup_teardown.py
[2023-11-28T21:14:29.996+0000] {processor.py:829} INFO - Processing file /home/airflow/.local/lib/python3.8/site-packages/airflow/example_dags/example_setup_teardown.py for tasks to queue
[2023-11-28T21:14:30.001+0000] {logging_mixin.py:154} INFO - [2023-11-28T21:14:30.001+0000] {dagbag.py:536} INFO - Filling up the DagBag from /home/airflow/.local/lib/python3.8/site-packages/airflow/example_dags/example_setup_teardown.py
[2023-11-28T21:14:30.014+0000] {processor.py:839} INFO - DAG(s) dict_keys(['example_setup_teardown']) retrieved from /home/airflow/.local/lib/python3.8/site-packages/airflow/example_dags/example_setup_teardown.py
[2023-11-28T21:14:30.054+0000] {logging_mixin.py:154} INFO - [2023-11-28T21:14:30.054+0000] {dag.py:2941} INFO - Sync 1 DAGs
[2023-11-28T21:14:30.085+0000] {logging_mixin.py:154} INFO - [2023-11-28T21:14:30.085+0000] {dag.py:3722} INFO - Setting next_dagrun for example_setup_teardown to 2023-11-27T21:14:30.085108+00:00, run_after=2023-11-28T21:14:30.085108+00:00
[2023-11-28T21:14:30.113+0000] {processor.py:179} INFO - Processing /home/airflow/.local/lib/python3.8/site-packages/airflow/example_dags/example_setup_teardown.py took 0.125 seconds
[2023-11-28T21:15:00.821+0000] {processor.py:157} INFO - Started process (PID=811) to work on /home/airflow/.local/lib/python3.8/site-packages/airflow/example_dags/example_setup_teardown.py
[2023-11-28T21:15:00.822+0000] {processor.py:829} INFO - Processing file /home/airflow/.local/lib/python3.8/site-packages/airflow/example_dags/example_setup_teardown.py for tasks to queue
[2023-11-28T21:15:00.827+0000] {logging_mixin.py:154} INFO - [2023-11-28T21:15:00.826+0000] {dagbag.py:536} INFO - Filling up the DagBag from /home/airflow/.local/lib/python3.8/site-packages/airflow/example_dags/example_setup_teardown.py
[2023-11-28T21:15:00.841+0000] {processor.py:839} INFO - DAG(s) dict_keys(['example_setup_teardown']) retrieved from /home/airflow/.local/lib/python3.8/site-packages/airflow/example_dags/example_setup_teardown.py
[2023-11-28T21:15:00.899+0000] {logging_mixin.py:154} INFO - [2023-11-28T21:15:00.899+0000] {dag.py:2941} INFO - Sync 1 DAGs
[2023-11-28T21:15:00.939+0000] {logging_mixin.py:154} INFO - [2023-11-28T21:15:00.938+0000] {dag.py:3722} INFO - Setting next_dagrun for example_setup_teardown to 2023-11-27T21:15:00.938457+00:00, run_after=2023-11-28T21:15:00.938457+00:00
[2023-11-28T21:15:00.978+0000] {processor.py:179} INFO - Processing /home/airflow/.local/lib/python3.8/site-packages/airflow/example_dags/example_setup_teardown.py took 0.167 seconds
[2023-11-28T21:15:31.465+0000] {processor.py:157} INFO - Started process (PID=863) to work on /home/airflow/.local/lib/python3.8/site-packages/airflow/example_dags/example_setup_teardown.py
[2023-11-28T21:15:31.467+0000] {processor.py:829} INFO - Processing file /home/airflow/.local/lib/python3.8/site-packages/airflow/example_dags/example_setup_teardown.py for tasks to queue
[2023-11-28T21:15:31.472+0000] {logging_mixin.py:154} INFO - [2023-11-28T21:15:31.471+0000] {dagbag.py:536} INFO - Filling up the DagBag from /home/airflow/.local/lib/python3.8/site-packages/airflow/example_dags/example_setup_teardown.py
[2023-11-28T21:15:31.486+0000] {processor.py:839} INFO - DAG(s) dict_keys(['example_setup_teardown']) retrieved from /home/airflow/.local/lib/python3.8/site-packages/airflow/example_dags/example_setup_teardown.py
[2023-11-28T21:15:31.523+0000] {logging_mixin.py:154} INFO - [2023-11-28T21:15:31.522+0000] {dag.py:2941} INFO - Sync 1 DAGs
[2023-11-28T21:15:31.576+0000] {logging_mixin.py:154} INFO - [2023-11-28T21:15:31.576+0000] {dag.py:3722} INFO - Setting next_dagrun for example_setup_teardown to 2023-11-27T21:15:31.575741+00:00, run_after=2023-11-28T21:15:31.575741+00:00
[2023-11-28T21:15:31.606+0000] {processor.py:179} INFO - Processing /home/airflow/.local/lib/python3.8/site-packages/airflow/example_dags/example_setup_teardown.py took 0.147 seconds
[2023-11-28T21:16:02.029+0000] {processor.py:157} INFO - Started process (PID=918) to work on /home/airflow/.local/lib/python3.8/site-packages/airflow/example_dags/example_setup_teardown.py
[2023-11-28T21:16:02.031+0000] {processor.py:829} INFO - Processing file /home/airflow/.local/lib/python3.8/site-packages/airflow/example_dags/example_setup_teardown.py for tasks to queue
[2023-11-28T21:16:02.036+0000] {logging_mixin.py:154} INFO - [2023-11-28T21:16:02.035+0000] {dagbag.py:536} INFO - Filling up the DagBag from /home/airflow/.local/lib/python3.8/site-packages/airflow/example_dags/example_setup_teardown.py
[2023-11-28T21:16:02.046+0000] {processor.py:839} INFO - DAG(s) dict_keys(['example_setup_teardown']) retrieved from /home/airflow/.local/lib/python3.8/site-packages/airflow/example_dags/example_setup_teardown.py
[2023-11-28T21:16:02.088+0000] {logging_mixin.py:154} INFO - [2023-11-28T21:16:02.088+0000] {dag.py:2941} INFO - Sync 1 DAGs
[2023-11-28T21:16:02.121+0000] {logging_mixin.py:154} INFO - [2023-11-28T21:16:02.120+0000] {dag.py:3722} INFO - Setting next_dagrun for example_setup_teardown to 2023-11-27T21:16:02.120097+00:00, run_after=2023-11-28T21:16:02.120097+00:00
[2023-11-28T21:16:02.154+0000] {processor.py:179} INFO - Processing /home/airflow/.local/lib/python3.8/site-packages/airflow/example_dags/example_setup_teardown.py took 0.132 seconds
[2023-11-28T21:16:32.746+0000] {processor.py:157} INFO - Started process (PID=973) to work on /home/airflow/.local/lib/python3.8/site-packages/airflow/example_dags/example_setup_teardown.py
[2023-11-28T21:16:32.750+0000] {processor.py:829} INFO - Processing file /home/airflow/.local/lib/python3.8/site-packages/airflow/example_dags/example_setup_teardown.py for tasks to queue
[2023-11-28T21:16:32.758+0000] {logging_mixin.py:154} INFO - [2023-11-28T21:16:32.757+0000] {dagbag.py:536} INFO - Filling up the DagBag from /home/airflow/.local/lib/python3.8/site-packages/airflow/example_dags/example_setup_teardown.py
[2023-11-28T21:16:32.771+0000] {processor.py:839} INFO - DAG(s) dict_keys(['example_setup_teardown']) retrieved from /home/airflow/.local/lib/python3.8/site-packages/airflow/example_dags/example_setup_teardown.py
[2023-11-28T21:16:32.818+0000] {logging_mixin.py:154} INFO - [2023-11-28T21:16:32.818+0000] {dag.py:2941} INFO - Sync 1 DAGs
[2023-11-28T21:16:32.852+0000] {logging_mixin.py:154} INFO - [2023-11-28T21:16:32.852+0000] {dag.py:3722} INFO - Setting next_dagrun for example_setup_teardown to 2023-11-27T21:16:32.851672+00:00, run_after=2023-11-28T21:16:32.851672+00:00
[2023-11-28T21:16:32.889+0000] {processor.py:179} INFO - Processing /home/airflow/.local/lib/python3.8/site-packages/airflow/example_dags/example_setup_teardown.py took 0.150 seconds
[2023-11-28T21:17:03.741+0000] {processor.py:157} INFO - Started process (PID=1028) to work on /home/airflow/.local/lib/python3.8/site-packages/airflow/example_dags/example_setup_teardown.py
[2023-11-28T21:17:03.743+0000] {processor.py:829} INFO - Processing file /home/airflow/.local/lib/python3.8/site-packages/airflow/example_dags/example_setup_teardown.py for tasks to queue
[2023-11-28T21:17:03.748+0000] {logging_mixin.py:154} INFO - [2023-11-28T21:17:03.748+0000] {dagbag.py:536} INFO - Filling up the DagBag from /home/airflow/.local/lib/python3.8/site-packages/airflow/example_dags/example_setup_teardown.py
[2023-11-28T21:17:03.762+0000] {processor.py:839} INFO - DAG(s) dict_keys(['example_setup_teardown']) retrieved from /home/airflow/.local/lib/python3.8/site-packages/airflow/example_dags/example_setup_teardown.py
[2023-11-28T21:17:03.812+0000] {logging_mixin.py:154} INFO - [2023-11-28T21:17:03.812+0000] {dag.py:2941} INFO - Sync 1 DAGs
[2023-11-28T21:17:03.848+0000] {logging_mixin.py:154} INFO - [2023-11-28T21:17:03.847+0000] {dag.py:3722} INFO - Setting next_dagrun for example_setup_teardown to 2023-11-27T21:17:03.847518+00:00, run_after=2023-11-28T21:17:03.847518+00:00
[2023-11-28T21:17:03.884+0000] {processor.py:179} INFO - Processing /home/airflow/.local/lib/python3.8/site-packages/airflow/example_dags/example_setup_teardown.py took 0.150 seconds
[2023-11-28T21:17:34.451+0000] {processor.py:157} INFO - Started process (PID=1082) to work on /home/airflow/.local/lib/python3.8/site-packages/airflow/example_dags/example_setup_teardown.py
[2023-11-28T21:17:34.452+0000] {processor.py:829} INFO - Processing file /home/airflow/.local/lib/python3.8/site-packages/airflow/example_dags/example_setup_teardown.py for tasks to queue
[2023-11-28T21:17:34.457+0000] {logging_mixin.py:154} INFO - [2023-11-28T21:17:34.456+0000] {dagbag.py:536} INFO - Filling up the DagBag from /home/airflow/.local/lib/python3.8/site-packages/airflow/example_dags/example_setup_teardown.py
[2023-11-28T21:17:34.467+0000] {processor.py:839} INFO - DAG(s) dict_keys(['example_setup_teardown']) retrieved from /home/airflow/.local/lib/python3.8/site-packages/airflow/example_dags/example_setup_teardown.py
[2023-11-28T21:17:34.505+0000] {logging_mixin.py:154} INFO - [2023-11-28T21:17:34.505+0000] {dag.py:2941} INFO - Sync 1 DAGs
[2023-11-28T21:17:34.535+0000] {logging_mixin.py:154} INFO - [2023-11-28T21:17:34.535+0000] {dag.py:3722} INFO - Setting next_dagrun for example_setup_teardown to 2023-11-27T21:17:34.535193+00:00, run_after=2023-11-28T21:17:34.535193+00:00
[2023-11-28T21:17:34.569+0000] {processor.py:179} INFO - Processing /home/airflow/.local/lib/python3.8/site-packages/airflow/example_dags/example_setup_teardown.py took 0.124 seconds
[2023-11-28T21:18:04.803+0000] {processor.py:157} INFO - Started process (PID=1136) to work on /home/airflow/.local/lib/python3.8/site-packages/airflow/example_dags/example_setup_teardown.py
[2023-11-28T21:18:04.805+0000] {processor.py:829} INFO - Processing file /home/airflow/.local/lib/python3.8/site-packages/airflow/example_dags/example_setup_teardown.py for tasks to queue
[2023-11-28T21:18:04.811+0000] {logging_mixin.py:154} INFO - [2023-11-28T21:18:04.810+0000] {dagbag.py:536} INFO - Filling up the DagBag from /home/airflow/.local/lib/python3.8/site-packages/airflow/example_dags/example_setup_teardown.py
[2023-11-28T21:18:04.822+0000] {processor.py:839} INFO - DAG(s) dict_keys(['example_setup_teardown']) retrieved from /home/airflow/.local/lib/python3.8/site-packages/airflow/example_dags/example_setup_teardown.py
[2023-11-28T21:18:04.859+0000] {logging_mixin.py:154} INFO - [2023-11-28T21:18:04.859+0000] {dag.py:2941} INFO - Sync 1 DAGs
[2023-11-28T21:18:04.893+0000] {logging_mixin.py:154} INFO - [2023-11-28T21:18:04.893+0000] {dag.py:3722} INFO - Setting next_dagrun for example_setup_teardown to 2023-11-27T21:18:04.892835+00:00, run_after=2023-11-28T21:18:04.892835+00:00
[2023-11-28T21:18:04.927+0000] {processor.py:179} INFO - Processing /home/airflow/.local/lib/python3.8/site-packages/airflow/example_dags/example_setup_teardown.py took 0.130 seconds
[2023-11-28T21:18:35.817+0000] {processor.py:157} INFO - Started process (PID=1197) to work on /home/airflow/.local/lib/python3.8/site-packages/airflow/example_dags/example_setup_teardown.py
[2023-11-28T21:18:35.819+0000] {processor.py:829} INFO - Processing file /home/airflow/.local/lib/python3.8/site-packages/airflow/example_dags/example_setup_teardown.py for tasks to queue
[2023-11-28T21:18:35.823+0000] {logging_mixin.py:154} INFO - [2023-11-28T21:18:35.823+0000] {dagbag.py:536} INFO - Filling up the DagBag from /home/airflow/.local/lib/python3.8/site-packages/airflow/example_dags/example_setup_teardown.py
[2023-11-28T21:18:35.836+0000] {processor.py:839} INFO - DAG(s) dict_keys(['example_setup_teardown']) retrieved from /home/airflow/.local/lib/python3.8/site-packages/airflow/example_dags/example_setup_teardown.py
[2023-11-28T21:18:35.872+0000] {logging_mixin.py:154} INFO - [2023-11-28T21:18:35.871+0000] {dag.py:2941} INFO - Sync 1 DAGs
[2023-11-28T21:18:35.903+0000] {logging_mixin.py:154} INFO - [2023-11-28T21:18:35.902+0000] {dag.py:3722} INFO - Setting next_dagrun for example_setup_teardown to 2023-11-27T21:18:35.902548+00:00, run_after=2023-11-28T21:18:35.902548+00:00
[2023-11-28T21:18:35.933+0000] {processor.py:179} INFO - Processing /home/airflow/.local/lib/python3.8/site-packages/airflow/example_dags/example_setup_teardown.py took 0.121 seconds
[2023-11-28T21:19:06.047+0000] {processor.py:157} INFO - Started process (PID=1251) to work on /home/airflow/.local/lib/python3.8/site-packages/airflow/example_dags/example_setup_teardown.py
[2023-11-28T21:19:06.049+0000] {processor.py:829} INFO - Processing file /home/airflow/.local/lib/python3.8/site-packages/airflow/example_dags/example_setup_teardown.py for tasks to queue
[2023-11-28T21:19:06.053+0000] {logging_mixin.py:154} INFO - [2023-11-28T21:19:06.053+0000] {dagbag.py:536} INFO - Filling up the DagBag from /home/airflow/.local/lib/python3.8/site-packages/airflow/example_dags/example_setup_teardown.py
[2023-11-28T21:19:06.064+0000] {processor.py:839} INFO - DAG(s) dict_keys(['example_setup_teardown']) retrieved from /home/airflow/.local/lib/python3.8/site-packages/airflow/example_dags/example_setup_teardown.py
[2023-11-28T21:19:06.105+0000] {logging_mixin.py:154} INFO - [2023-11-28T21:19:06.105+0000] {dag.py:2941} INFO - Sync 1 DAGs
[2023-11-28T21:19:06.137+0000] {logging_mixin.py:154} INFO - [2023-11-28T21:19:06.137+0000] {dag.py:3722} INFO - Setting next_dagrun for example_setup_teardown to 2023-11-27T21:19:06.136895+00:00, run_after=2023-11-28T21:19:06.136895+00:00
[2023-11-28T21:19:06.166+0000] {processor.py:179} INFO - Processing /home/airflow/.local/lib/python3.8/site-packages/airflow/example_dags/example_setup_teardown.py took 0.126 seconds
[2023-11-28T21:19:36.365+0000] {processor.py:157} INFO - Started process (PID=1305) to work on /home/airflow/.local/lib/python3.8/site-packages/airflow/example_dags/example_setup_teardown.py
[2023-11-28T21:19:36.367+0000] {processor.py:829} INFO - Processing file /home/airflow/.local/lib/python3.8/site-packages/airflow/example_dags/example_setup_teardown.py for tasks to queue
[2023-11-28T21:19:36.372+0000] {logging_mixin.py:154} INFO - [2023-11-28T21:19:36.371+0000] {dagbag.py:536} INFO - Filling up the DagBag from /home/airflow/.local/lib/python3.8/site-packages/airflow/example_dags/example_setup_teardown.py
[2023-11-28T21:19:36.384+0000] {processor.py:839} INFO - DAG(s) dict_keys(['example_setup_teardown']) retrieved from /home/airflow/.local/lib/python3.8/site-packages/airflow/example_dags/example_setup_teardown.py
[2023-11-28T21:19:36.427+0000] {logging_mixin.py:154} INFO - [2023-11-28T21:19:36.427+0000] {dag.py:2941} INFO - Sync 1 DAGs
[2023-11-28T21:19:36.466+0000] {logging_mixin.py:154} INFO - [2023-11-28T21:19:36.465+0000] {dag.py:3722} INFO - Setting next_dagrun for example_setup_teardown to 2023-11-27T21:19:36.465495+00:00, run_after=2023-11-28T21:19:36.465495+00:00
[2023-11-28T21:19:36.496+0000] {processor.py:179} INFO - Processing /home/airflow/.local/lib/python3.8/site-packages/airflow/example_dags/example_setup_teardown.py took 0.136 seconds
[2023-11-28T21:20:07.119+0000] {processor.py:157} INFO - Started process (PID=1360) to work on /home/airflow/.local/lib/python3.8/site-packages/airflow/example_dags/example_setup_teardown.py
[2023-11-28T21:20:07.121+0000] {processor.py:829} INFO - Processing file /home/airflow/.local/lib/python3.8/site-packages/airflow/example_dags/example_setup_teardown.py for tasks to queue
[2023-11-28T21:20:07.125+0000] {logging_mixin.py:154} INFO - [2023-11-28T21:20:07.124+0000] {dagbag.py:536} INFO - Filling up the DagBag from /home/airflow/.local/lib/python3.8/site-packages/airflow/example_dags/example_setup_teardown.py
[2023-11-28T21:20:07.135+0000] {processor.py:839} INFO - DAG(s) dict_keys(['example_setup_teardown']) retrieved from /home/airflow/.local/lib/python3.8/site-packages/airflow/example_dags/example_setup_teardown.py
[2023-11-28T21:20:07.173+0000] {logging_mixin.py:154} INFO - [2023-11-28T21:20:07.173+0000] {dag.py:2941} INFO - Sync 1 DAGs
[2023-11-28T21:20:07.205+0000] {logging_mixin.py:154} INFO - [2023-11-28T21:20:07.205+0000] {dag.py:3722} INFO - Setting next_dagrun for example_setup_teardown to 2023-11-27T21:20:07.204912+00:00, run_after=2023-11-28T21:20:07.204912+00:00
[2023-11-28T21:20:07.237+0000] {processor.py:179} INFO - Processing /home/airflow/.local/lib/python3.8/site-packages/airflow/example_dags/example_setup_teardown.py took 0.124 seconds
[2023-11-28T21:20:38.211+0000] {processor.py:157} INFO - Started process (PID=1414) to work on /home/airflow/.local/lib/python3.8/site-packages/airflow/example_dags/example_setup_teardown.py
[2023-11-28T21:20:38.213+0000] {processor.py:829} INFO - Processing file /home/airflow/.local/lib/python3.8/site-packages/airflow/example_dags/example_setup_teardown.py for tasks to queue
[2023-11-28T21:20:38.217+0000] {logging_mixin.py:154} INFO - [2023-11-28T21:20:38.216+0000] {dagbag.py:536} INFO - Filling up the DagBag from /home/airflow/.local/lib/python3.8/site-packages/airflow/example_dags/example_setup_teardown.py
[2023-11-28T21:20:38.240+0000] {processor.py:839} INFO - DAG(s) dict_keys(['example_setup_teardown']) retrieved from /home/airflow/.local/lib/python3.8/site-packages/airflow/example_dags/example_setup_teardown.py
[2023-11-28T21:20:38.283+0000] {logging_mixin.py:154} INFO - [2023-11-28T21:20:38.283+0000] {dag.py:2941} INFO - Sync 1 DAGs
[2023-11-28T21:20:38.322+0000] {logging_mixin.py:154} INFO - [2023-11-28T21:20:38.321+0000] {dag.py:3722} INFO - Setting next_dagrun for example_setup_teardown to 2023-11-27T21:20:38.321380+00:00, run_after=2023-11-28T21:20:38.321380+00:00
[2023-11-28T21:20:38.372+0000] {processor.py:179} INFO - Processing /home/airflow/.local/lib/python3.8/site-packages/airflow/example_dags/example_setup_teardown.py took 0.187 seconds
[2023-11-28T21:21:08.516+0000] {processor.py:157} INFO - Started process (PID=1468) to work on /home/airflow/.local/lib/python3.8/site-packages/airflow/example_dags/example_setup_teardown.py
[2023-11-28T21:21:08.518+0000] {processor.py:829} INFO - Processing file /home/airflow/.local/lib/python3.8/site-packages/airflow/example_dags/example_setup_teardown.py for tasks to queue
[2023-11-28T21:21:08.522+0000] {logging_mixin.py:154} INFO - [2023-11-28T21:21:08.522+0000] {dagbag.py:536} INFO - Filling up the DagBag from /home/airflow/.local/lib/python3.8/site-packages/airflow/example_dags/example_setup_teardown.py
[2023-11-28T21:21:08.534+0000] {processor.py:839} INFO - DAG(s) dict_keys(['example_setup_teardown']) retrieved from /home/airflow/.local/lib/python3.8/site-packages/airflow/example_dags/example_setup_teardown.py
[2023-11-28T21:21:08.574+0000] {logging_mixin.py:154} INFO - [2023-11-28T21:21:08.574+0000] {dag.py:2941} INFO - Sync 1 DAGs
[2023-11-28T21:21:08.610+0000] {logging_mixin.py:154} INFO - [2023-11-28T21:21:08.609+0000] {dag.py:3722} INFO - Setting next_dagrun for example_setup_teardown to 2023-11-27T21:21:08.609011+00:00, run_after=2023-11-28T21:21:08.609011+00:00
[2023-11-28T21:21:08.647+0000] {processor.py:179} INFO - Processing /home/airflow/.local/lib/python3.8/site-packages/airflow/example_dags/example_setup_teardown.py took 0.136 seconds
[2023-11-28T21:21:38.775+0000] {processor.py:157} INFO - Started process (PID=1523) to work on /home/airflow/.local/lib/python3.8/site-packages/airflow/example_dags/example_setup_teardown.py
[2023-11-28T21:21:38.777+0000] {processor.py:829} INFO - Processing file /home/airflow/.local/lib/python3.8/site-packages/airflow/example_dags/example_setup_teardown.py for tasks to queue
[2023-11-28T21:21:38.783+0000] {logging_mixin.py:154} INFO - [2023-11-28T21:21:38.782+0000] {dagbag.py:536} INFO - Filling up the DagBag from /home/airflow/.local/lib/python3.8/site-packages/airflow/example_dags/example_setup_teardown.py
[2023-11-28T21:21:38.794+0000] {processor.py:839} INFO - DAG(s) dict_keys(['example_setup_teardown']) retrieved from /home/airflow/.local/lib/python3.8/site-packages/airflow/example_dags/example_setup_teardown.py
[2023-11-28T21:21:38.835+0000] {logging_mixin.py:154} INFO - [2023-11-28T21:21:38.835+0000] {dag.py:2941} INFO - Sync 1 DAGs
[2023-11-28T21:21:38.870+0000] {logging_mixin.py:154} INFO - [2023-11-28T21:21:38.870+0000] {dag.py:3722} INFO - Setting next_dagrun for example_setup_teardown to 2023-11-27T21:21:38.870088+00:00, run_after=2023-11-28T21:21:38.870088+00:00
[2023-11-28T21:21:38.901+0000] {processor.py:179} INFO - Processing /home/airflow/.local/lib/python3.8/site-packages/airflow/example_dags/example_setup_teardown.py took 0.132 seconds
