[2023-11-28T20:10:07.802+0000] {processor.py:157} INFO - Started process (PID=83) to work on /home/airflow/.local/lib/python3.8/site-packages/airflow/example_dags/example_short_circuit_decorator.py
[2023-11-28T20:10:07.820+0000] {processor.py:829} INFO - Processing file /home/airflow/.local/lib/python3.8/site-packages/airflow/example_dags/example_short_circuit_decorator.py for tasks to queue
[2023-11-28T20:10:07.841+0000] {logging_mixin.py:154} INFO - [2023-11-28T20:10:07.838+0000] {dagbag.py:536} INFO - Filling up the DagBag from /home/airflow/.local/lib/python3.8/site-packages/airflow/example_dags/example_short_circuit_decorator.py
[2023-11-28T20:10:08.121+0000] {processor.py:839} INFO - DAG(s) dict_keys(['example_short_circuit_decorator']) retrieved from /home/airflow/.local/lib/python3.8/site-packages/airflow/example_dags/example_short_circuit_decorator.py
[2023-11-28T20:10:10.349+0000] {logging_mixin.py:154} INFO - [2023-11-28T20:10:10.349+0000] {dag.py:2941} INFO - Sync 1 DAGs
[2023-11-28T20:10:10.459+0000] {logging_mixin.py:154} INFO - [2023-11-28T20:10:10.459+0000] {dag.py:3722} INFO - Setting next_dagrun for example_short_circuit_decorator to 2023-11-27T20:10:10.458442+00:00, run_after=2023-11-28T20:10:10.458442+00:00
[2023-11-28T20:10:10.625+0000] {processor.py:179} INFO - Processing /home/airflow/.local/lib/python3.8/site-packages/airflow/example_dags/example_short_circuit_decorator.py took 2.853 seconds
[2023-11-28T20:11:42.986+0000] {processor.py:157} INFO - Started process (PID=151) to work on /home/airflow/.local/lib/python3.8/site-packages/airflow/example_dags/example_short_circuit_decorator.py
[2023-11-28T20:11:42.988+0000] {processor.py:829} INFO - Processing file /home/airflow/.local/lib/python3.8/site-packages/airflow/example_dags/example_short_circuit_decorator.py for tasks to queue
[2023-11-28T20:11:42.993+0000] {logging_mixin.py:154} INFO - [2023-11-28T20:11:42.992+0000] {dagbag.py:536} INFO - Filling up the DagBag from /home/airflow/.local/lib/python3.8/site-packages/airflow/example_dags/example_short_circuit_decorator.py
[2023-11-28T20:11:43.022+0000] {processor.py:839} INFO - DAG(s) dict_keys(['example_short_circuit_decorator']) retrieved from /home/airflow/.local/lib/python3.8/site-packages/airflow/example_dags/example_short_circuit_decorator.py
[2023-11-28T20:11:43.104+0000] {logging_mixin.py:154} INFO - [2023-11-28T20:11:43.103+0000] {dag.py:2941} INFO - Sync 1 DAGs
[2023-11-28T20:11:43.231+0000] {logging_mixin.py:154} INFO - [2023-11-28T20:11:43.231+0000] {dag.py:3722} INFO - Setting next_dagrun for example_short_circuit_decorator to 2023-11-27T20:11:43.230627+00:00, run_after=2023-11-28T20:11:43.230627+00:00
[2023-11-28T20:11:43.350+0000] {processor.py:179} INFO - Processing /home/airflow/.local/lib/python3.8/site-packages/airflow/example_dags/example_short_circuit_decorator.py took 0.369 seconds
[2023-11-28T20:12:17.960+0000] {processor.py:157} INFO - Started process (PID=205) to work on /home/airflow/.local/lib/python3.8/site-packages/airflow/example_dags/example_short_circuit_decorator.py
[2023-11-28T20:12:17.965+0000] {processor.py:829} INFO - Processing file /home/airflow/.local/lib/python3.8/site-packages/airflow/example_dags/example_short_circuit_decorator.py for tasks to queue
[2023-11-28T20:12:17.970+0000] {logging_mixin.py:154} INFO - [2023-11-28T20:12:17.970+0000] {dagbag.py:536} INFO - Filling up the DagBag from /home/airflow/.local/lib/python3.8/site-packages/airflow/example_dags/example_short_circuit_decorator.py
[2023-11-28T20:12:17.991+0000] {processor.py:839} INFO - DAG(s) dict_keys(['example_short_circuit_decorator']) retrieved from /home/airflow/.local/lib/python3.8/site-packages/airflow/example_dags/example_short_circuit_decorator.py
[2023-11-28T20:12:18.032+0000] {logging_mixin.py:154} INFO - [2023-11-28T20:12:18.032+0000] {dag.py:2941} INFO - Sync 1 DAGs
[2023-11-28T20:12:18.069+0000] {logging_mixin.py:154} INFO - [2023-11-28T20:12:18.069+0000] {dag.py:3722} INFO - Setting next_dagrun for example_short_circuit_decorator to 2023-11-27T20:12:18.068552+00:00, run_after=2023-11-28T20:12:18.068552+00:00
[2023-11-28T20:12:18.101+0000] {processor.py:179} INFO - Processing /home/airflow/.local/lib/python3.8/site-packages/airflow/example_dags/example_short_circuit_decorator.py took 0.159 seconds
[2023-11-28T20:12:49.338+0000] {processor.py:157} INFO - Started process (PID=261) to work on /home/airflow/.local/lib/python3.8/site-packages/airflow/example_dags/example_short_circuit_decorator.py
[2023-11-28T20:12:49.342+0000] {processor.py:829} INFO - Processing file /home/airflow/.local/lib/python3.8/site-packages/airflow/example_dags/example_short_circuit_decorator.py for tasks to queue
[2023-11-28T20:12:49.351+0000] {logging_mixin.py:154} INFO - [2023-11-28T20:12:49.351+0000] {dagbag.py:536} INFO - Filling up the DagBag from /home/airflow/.local/lib/python3.8/site-packages/airflow/example_dags/example_short_circuit_decorator.py
[2023-11-28T20:12:49.370+0000] {processor.py:839} INFO - DAG(s) dict_keys(['example_short_circuit_decorator']) retrieved from /home/airflow/.local/lib/python3.8/site-packages/airflow/example_dags/example_short_circuit_decorator.py
[2023-11-28T20:12:49.410+0000] {logging_mixin.py:154} INFO - [2023-11-28T20:12:49.410+0000] {dag.py:2941} INFO - Sync 1 DAGs
[2023-11-28T20:12:49.453+0000] {logging_mixin.py:154} INFO - [2023-11-28T20:12:49.453+0000] {dag.py:3722} INFO - Setting next_dagrun for example_short_circuit_decorator to 2023-11-27T20:12:49.452961+00:00, run_after=2023-11-28T20:12:49.452961+00:00
[2023-11-28T20:12:49.508+0000] {processor.py:179} INFO - Processing /home/airflow/.local/lib/python3.8/site-packages/airflow/example_dags/example_short_circuit_decorator.py took 0.193 seconds
[2023-11-28T20:13:20.835+0000] {processor.py:157} INFO - Started process (PID=315) to work on /home/airflow/.local/lib/python3.8/site-packages/airflow/example_dags/example_short_circuit_decorator.py
[2023-11-28T20:13:20.837+0000] {processor.py:829} INFO - Processing file /home/airflow/.local/lib/python3.8/site-packages/airflow/example_dags/example_short_circuit_decorator.py for tasks to queue
[2023-11-28T20:13:20.842+0000] {logging_mixin.py:154} INFO - [2023-11-28T20:13:20.841+0000] {dagbag.py:536} INFO - Filling up the DagBag from /home/airflow/.local/lib/python3.8/site-packages/airflow/example_dags/example_short_circuit_decorator.py
[2023-11-28T20:13:20.856+0000] {processor.py:839} INFO - DAG(s) dict_keys(['example_short_circuit_decorator']) retrieved from /home/airflow/.local/lib/python3.8/site-packages/airflow/example_dags/example_short_circuit_decorator.py
[2023-11-28T20:13:20.903+0000] {logging_mixin.py:154} INFO - [2023-11-28T20:13:20.903+0000] {dag.py:2941} INFO - Sync 1 DAGs
[2023-11-28T20:13:20.937+0000] {logging_mixin.py:154} INFO - [2023-11-28T20:13:20.937+0000] {dag.py:3722} INFO - Setting next_dagrun for example_short_circuit_decorator to 2023-11-27T20:13:20.936830+00:00, run_after=2023-11-28T20:13:20.936830+00:00
[2023-11-28T20:13:20.980+0000] {processor.py:179} INFO - Processing /home/airflow/.local/lib/python3.8/site-packages/airflow/example_dags/example_short_circuit_decorator.py took 0.152 seconds
[2023-11-28T20:13:51.459+0000] {processor.py:157} INFO - Started process (PID=367) to work on /home/airflow/.local/lib/python3.8/site-packages/airflow/example_dags/example_short_circuit_decorator.py
[2023-11-28T20:13:51.461+0000] {processor.py:829} INFO - Processing file /home/airflow/.local/lib/python3.8/site-packages/airflow/example_dags/example_short_circuit_decorator.py for tasks to queue
[2023-11-28T20:13:51.465+0000] {logging_mixin.py:154} INFO - [2023-11-28T20:13:51.465+0000] {dagbag.py:536} INFO - Filling up the DagBag from /home/airflow/.local/lib/python3.8/site-packages/airflow/example_dags/example_short_circuit_decorator.py
[2023-11-28T20:13:51.481+0000] {processor.py:839} INFO - DAG(s) dict_keys(['example_short_circuit_decorator']) retrieved from /home/airflow/.local/lib/python3.8/site-packages/airflow/example_dags/example_short_circuit_decorator.py
[2023-11-28T20:13:51.522+0000] {logging_mixin.py:154} INFO - [2023-11-28T20:13:51.521+0000] {dag.py:2941} INFO - Sync 1 DAGs
[2023-11-28T20:13:51.555+0000] {logging_mixin.py:154} INFO - [2023-11-28T20:13:51.555+0000] {dag.py:3722} INFO - Setting next_dagrun for example_short_circuit_decorator to 2023-11-27T20:13:51.555159+00:00, run_after=2023-11-28T20:13:51.555159+00:00
[2023-11-28T20:13:51.594+0000] {processor.py:179} INFO - Processing /home/airflow/.local/lib/python3.8/site-packages/airflow/example_dags/example_short_circuit_decorator.py took 0.146 seconds
[2023-11-28T20:14:22.498+0000] {processor.py:157} INFO - Started process (PID=421) to work on /home/airflow/.local/lib/python3.8/site-packages/airflow/example_dags/example_short_circuit_decorator.py
[2023-11-28T20:14:22.510+0000] {processor.py:829} INFO - Processing file /home/airflow/.local/lib/python3.8/site-packages/airflow/example_dags/example_short_circuit_decorator.py for tasks to queue
[2023-11-28T20:14:22.517+0000] {logging_mixin.py:154} INFO - [2023-11-28T20:14:22.516+0000] {dagbag.py:536} INFO - Filling up the DagBag from /home/airflow/.local/lib/python3.8/site-packages/airflow/example_dags/example_short_circuit_decorator.py
[2023-11-28T20:14:22.537+0000] {processor.py:839} INFO - DAG(s) dict_keys(['example_short_circuit_decorator']) retrieved from /home/airflow/.local/lib/python3.8/site-packages/airflow/example_dags/example_short_circuit_decorator.py
[2023-11-28T20:14:22.590+0000] {logging_mixin.py:154} INFO - [2023-11-28T20:14:22.590+0000] {dag.py:2941} INFO - Sync 1 DAGs
[2023-11-28T20:14:22.649+0000] {logging_mixin.py:154} INFO - [2023-11-28T20:14:22.649+0000] {dag.py:3722} INFO - Setting next_dagrun for example_short_circuit_decorator to 2023-11-27T20:14:22.648512+00:00, run_after=2023-11-28T20:14:22.648512+00:00
[2023-11-28T20:14:22.691+0000] {processor.py:179} INFO - Processing /home/airflow/.local/lib/python3.8/site-packages/airflow/example_dags/example_short_circuit_decorator.py took 0.201 seconds
[2023-11-28T20:14:54.258+0000] {processor.py:157} INFO - Started process (PID=477) to work on /home/airflow/.local/lib/python3.8/site-packages/airflow/example_dags/example_short_circuit_decorator.py
[2023-11-28T20:14:54.260+0000] {processor.py:829} INFO - Processing file /home/airflow/.local/lib/python3.8/site-packages/airflow/example_dags/example_short_circuit_decorator.py for tasks to queue
[2023-11-28T20:14:54.264+0000] {logging_mixin.py:154} INFO - [2023-11-28T20:14:54.264+0000] {dagbag.py:536} INFO - Filling up the DagBag from /home/airflow/.local/lib/python3.8/site-packages/airflow/example_dags/example_short_circuit_decorator.py
[2023-11-28T20:14:54.282+0000] {processor.py:839} INFO - DAG(s) dict_keys(['example_short_circuit_decorator']) retrieved from /home/airflow/.local/lib/python3.8/site-packages/airflow/example_dags/example_short_circuit_decorator.py
[2023-11-28T20:14:54.333+0000] {logging_mixin.py:154} INFO - [2023-11-28T20:14:54.333+0000] {dag.py:2941} INFO - Sync 1 DAGs
[2023-11-28T20:14:54.408+0000] {logging_mixin.py:154} INFO - [2023-11-28T20:14:54.408+0000] {dag.py:3722} INFO - Setting next_dagrun for example_short_circuit_decorator to 2023-11-27T20:14:54.407738+00:00, run_after=2023-11-28T20:14:54.407738+00:00
[2023-11-28T20:14:54.482+0000] {processor.py:179} INFO - Processing /home/airflow/.local/lib/python3.8/site-packages/airflow/example_dags/example_short_circuit_decorator.py took 0.229 seconds
[2023-11-28T20:15:24.804+0000] {processor.py:157} INFO - Started process (PID=531) to work on /home/airflow/.local/lib/python3.8/site-packages/airflow/example_dags/example_short_circuit_decorator.py
[2023-11-28T20:15:24.806+0000] {processor.py:829} INFO - Processing file /home/airflow/.local/lib/python3.8/site-packages/airflow/example_dags/example_short_circuit_decorator.py for tasks to queue
[2023-11-28T20:15:24.810+0000] {logging_mixin.py:154} INFO - [2023-11-28T20:15:24.809+0000] {dagbag.py:536} INFO - Filling up the DagBag from /home/airflow/.local/lib/python3.8/site-packages/airflow/example_dags/example_short_circuit_decorator.py
[2023-11-28T20:15:24.825+0000] {processor.py:839} INFO - DAG(s) dict_keys(['example_short_circuit_decorator']) retrieved from /home/airflow/.local/lib/python3.8/site-packages/airflow/example_dags/example_short_circuit_decorator.py
[2023-11-28T20:15:24.871+0000] {logging_mixin.py:154} INFO - [2023-11-28T20:15:24.871+0000] {dag.py:2941} INFO - Sync 1 DAGs
[2023-11-28T20:15:24.903+0000] {logging_mixin.py:154} INFO - [2023-11-28T20:15:24.902+0000] {dag.py:3722} INFO - Setting next_dagrun for example_short_circuit_decorator to 2023-11-27T20:15:24.902370+00:00, run_after=2023-11-28T20:15:24.902370+00:00
[2023-11-28T20:15:24.934+0000] {processor.py:179} INFO - Processing /home/airflow/.local/lib/python3.8/site-packages/airflow/example_dags/example_short_circuit_decorator.py took 0.137 seconds
[2023-11-28T20:15:55.746+0000] {processor.py:157} INFO - Started process (PID=585) to work on /home/airflow/.local/lib/python3.8/site-packages/airflow/example_dags/example_short_circuit_decorator.py
[2023-11-28T20:15:55.749+0000] {processor.py:829} INFO - Processing file /home/airflow/.local/lib/python3.8/site-packages/airflow/example_dags/example_short_circuit_decorator.py for tasks to queue
[2023-11-28T20:15:55.753+0000] {logging_mixin.py:154} INFO - [2023-11-28T20:15:55.753+0000] {dagbag.py:536} INFO - Filling up the DagBag from /home/airflow/.local/lib/python3.8/site-packages/airflow/example_dags/example_short_circuit_decorator.py
[2023-11-28T20:15:55.770+0000] {processor.py:839} INFO - DAG(s) dict_keys(['example_short_circuit_decorator']) retrieved from /home/airflow/.local/lib/python3.8/site-packages/airflow/example_dags/example_short_circuit_decorator.py
[2023-11-28T20:15:55.820+0000] {logging_mixin.py:154} INFO - [2023-11-28T20:15:55.820+0000] {dag.py:2941} INFO - Sync 1 DAGs
[2023-11-28T20:15:55.855+0000] {logging_mixin.py:154} INFO - [2023-11-28T20:15:55.854+0000] {dag.py:3722} INFO - Setting next_dagrun for example_short_circuit_decorator to 2023-11-27T20:15:55.854587+00:00, run_after=2023-11-28T20:15:55.854587+00:00
[2023-11-28T20:15:55.886+0000] {processor.py:179} INFO - Processing /home/airflow/.local/lib/python3.8/site-packages/airflow/example_dags/example_short_circuit_decorator.py took 0.146 seconds
[2023-11-28T20:16:26.084+0000] {processor.py:157} INFO - Started process (PID=639) to work on /home/airflow/.local/lib/python3.8/site-packages/airflow/example_dags/example_short_circuit_decorator.py
[2023-11-28T20:16:26.086+0000] {processor.py:829} INFO - Processing file /home/airflow/.local/lib/python3.8/site-packages/airflow/example_dags/example_short_circuit_decorator.py for tasks to queue
[2023-11-28T20:16:26.090+0000] {logging_mixin.py:154} INFO - [2023-11-28T20:16:26.090+0000] {dagbag.py:536} INFO - Filling up the DagBag from /home/airflow/.local/lib/python3.8/site-packages/airflow/example_dags/example_short_circuit_decorator.py
[2023-11-28T20:16:26.104+0000] {processor.py:839} INFO - DAG(s) dict_keys(['example_short_circuit_decorator']) retrieved from /home/airflow/.local/lib/python3.8/site-packages/airflow/example_dags/example_short_circuit_decorator.py
[2023-11-28T20:16:26.145+0000] {logging_mixin.py:154} INFO - [2023-11-28T20:16:26.144+0000] {dag.py:2941} INFO - Sync 1 DAGs
[2023-11-28T20:16:26.176+0000] {logging_mixin.py:154} INFO - [2023-11-28T20:16:26.176+0000] {dag.py:3722} INFO - Setting next_dagrun for example_short_circuit_decorator to 2023-11-27T20:16:26.175613+00:00, run_after=2023-11-28T20:16:26.175613+00:00
[2023-11-28T20:16:26.205+0000] {processor.py:179} INFO - Processing /home/airflow/.local/lib/python3.8/site-packages/airflow/example_dags/example_short_circuit_decorator.py took 0.127 seconds
[2023-11-28T20:16:56.464+0000] {processor.py:157} INFO - Started process (PID=694) to work on /home/airflow/.local/lib/python3.8/site-packages/airflow/example_dags/example_short_circuit_decorator.py
[2023-11-28T20:16:56.466+0000] {processor.py:829} INFO - Processing file /home/airflow/.local/lib/python3.8/site-packages/airflow/example_dags/example_short_circuit_decorator.py for tasks to queue
[2023-11-28T20:16:56.471+0000] {logging_mixin.py:154} INFO - [2023-11-28T20:16:56.471+0000] {dagbag.py:536} INFO - Filling up the DagBag from /home/airflow/.local/lib/python3.8/site-packages/airflow/example_dags/example_short_circuit_decorator.py
[2023-11-28T20:16:56.488+0000] {processor.py:839} INFO - DAG(s) dict_keys(['example_short_circuit_decorator']) retrieved from /home/airflow/.local/lib/python3.8/site-packages/airflow/example_dags/example_short_circuit_decorator.py
[2023-11-28T20:16:56.534+0000] {logging_mixin.py:154} INFO - [2023-11-28T20:16:56.534+0000] {dag.py:2941} INFO - Sync 1 DAGs
[2023-11-28T20:16:56.569+0000] {logging_mixin.py:154} INFO - [2023-11-28T20:16:56.569+0000] {dag.py:3722} INFO - Setting next_dagrun for example_short_circuit_decorator to 2023-11-27T20:16:56.568771+00:00, run_after=2023-11-28T20:16:56.568771+00:00
[2023-11-28T20:16:56.612+0000] {processor.py:179} INFO - Processing /home/airflow/.local/lib/python3.8/site-packages/airflow/example_dags/example_short_circuit_decorator.py took 0.155 seconds
[2023-11-28T20:17:26.696+0000] {processor.py:157} INFO - Started process (PID=747) to work on /home/airflow/.local/lib/python3.8/site-packages/airflow/example_dags/example_short_circuit_decorator.py
[2023-11-28T20:17:26.698+0000] {processor.py:829} INFO - Processing file /home/airflow/.local/lib/python3.8/site-packages/airflow/example_dags/example_short_circuit_decorator.py for tasks to queue
[2023-11-28T20:17:26.701+0000] {logging_mixin.py:154} INFO - [2023-11-28T20:17:26.701+0000] {dagbag.py:536} INFO - Filling up the DagBag from /home/airflow/.local/lib/python3.8/site-packages/airflow/example_dags/example_short_circuit_decorator.py
[2023-11-28T20:17:26.716+0000] {processor.py:839} INFO - DAG(s) dict_keys(['example_short_circuit_decorator']) retrieved from /home/airflow/.local/lib/python3.8/site-packages/airflow/example_dags/example_short_circuit_decorator.py
[2023-11-28T20:17:26.754+0000] {logging_mixin.py:154} INFO - [2023-11-28T20:17:26.754+0000] {dag.py:2941} INFO - Sync 1 DAGs
[2023-11-28T20:17:26.785+0000] {logging_mixin.py:154} INFO - [2023-11-28T20:17:26.785+0000] {dag.py:3722} INFO - Setting next_dagrun for example_short_circuit_decorator to 2023-11-27T20:17:26.785089+00:00, run_after=2023-11-28T20:17:26.785089+00:00
[2023-11-28T20:17:26.817+0000] {processor.py:179} INFO - Processing /home/airflow/.local/lib/python3.8/site-packages/airflow/example_dags/example_short_circuit_decorator.py took 0.126 seconds
[2023-11-28T20:17:57.075+0000] {processor.py:157} INFO - Started process (PID=802) to work on /home/airflow/.local/lib/python3.8/site-packages/airflow/example_dags/example_short_circuit_decorator.py
[2023-11-28T20:17:57.076+0000] {processor.py:829} INFO - Processing file /home/airflow/.local/lib/python3.8/site-packages/airflow/example_dags/example_short_circuit_decorator.py for tasks to queue
[2023-11-28T20:17:57.080+0000] {logging_mixin.py:154} INFO - [2023-11-28T20:17:57.080+0000] {dagbag.py:536} INFO - Filling up the DagBag from /home/airflow/.local/lib/python3.8/site-packages/airflow/example_dags/example_short_circuit_decorator.py
[2023-11-28T20:17:57.095+0000] {processor.py:839} INFO - DAG(s) dict_keys(['example_short_circuit_decorator']) retrieved from /home/airflow/.local/lib/python3.8/site-packages/airflow/example_dags/example_short_circuit_decorator.py
[2023-11-28T20:17:57.139+0000] {logging_mixin.py:154} INFO - [2023-11-28T20:17:57.138+0000] {dag.py:2941} INFO - Sync 1 DAGs
[2023-11-28T20:17:57.171+0000] {logging_mixin.py:154} INFO - [2023-11-28T20:17:57.171+0000] {dag.py:3722} INFO - Setting next_dagrun for example_short_circuit_decorator to 2023-11-27T20:17:57.170982+00:00, run_after=2023-11-28T20:17:57.170982+00:00
[2023-11-28T20:17:57.207+0000] {processor.py:179} INFO - Processing /home/airflow/.local/lib/python3.8/site-packages/airflow/example_dags/example_short_circuit_decorator.py took 0.137 seconds
[2023-11-28T20:18:27.694+0000] {processor.py:157} INFO - Started process (PID=856) to work on /home/airflow/.local/lib/python3.8/site-packages/airflow/example_dags/example_short_circuit_decorator.py
[2023-11-28T20:18:27.697+0000] {processor.py:829} INFO - Processing file /home/airflow/.local/lib/python3.8/site-packages/airflow/example_dags/example_short_circuit_decorator.py for tasks to queue
[2023-11-28T20:18:27.702+0000] {logging_mixin.py:154} INFO - [2023-11-28T20:18:27.702+0000] {dagbag.py:536} INFO - Filling up the DagBag from /home/airflow/.local/lib/python3.8/site-packages/airflow/example_dags/example_short_circuit_decorator.py
[2023-11-28T20:18:27.726+0000] {processor.py:839} INFO - DAG(s) dict_keys(['example_short_circuit_decorator']) retrieved from /home/airflow/.local/lib/python3.8/site-packages/airflow/example_dags/example_short_circuit_decorator.py
[2023-11-28T20:18:27.763+0000] {logging_mixin.py:154} INFO - [2023-11-28T20:18:27.763+0000] {dag.py:2941} INFO - Sync 1 DAGs
[2023-11-28T20:18:27.795+0000] {logging_mixin.py:154} INFO - [2023-11-28T20:18:27.794+0000] {dag.py:3722} INFO - Setting next_dagrun for example_short_circuit_decorator to 2023-11-27T20:18:27.794435+00:00, run_after=2023-11-28T20:18:27.794435+00:00
[2023-11-28T20:18:27.820+0000] {processor.py:179} INFO - Processing /home/airflow/.local/lib/python3.8/site-packages/airflow/example_dags/example_short_circuit_decorator.py took 0.135 seconds
[2023-11-28T20:18:58.262+0000] {processor.py:157} INFO - Started process (PID=910) to work on /home/airflow/.local/lib/python3.8/site-packages/airflow/example_dags/example_short_circuit_decorator.py
[2023-11-28T20:18:58.265+0000] {processor.py:829} INFO - Processing file /home/airflow/.local/lib/python3.8/site-packages/airflow/example_dags/example_short_circuit_decorator.py for tasks to queue
[2023-11-28T20:18:58.270+0000] {logging_mixin.py:154} INFO - [2023-11-28T20:18:58.269+0000] {dagbag.py:536} INFO - Filling up the DagBag from /home/airflow/.local/lib/python3.8/site-packages/airflow/example_dags/example_short_circuit_decorator.py
[2023-11-28T20:18:58.286+0000] {processor.py:839} INFO - DAG(s) dict_keys(['example_short_circuit_decorator']) retrieved from /home/airflow/.local/lib/python3.8/site-packages/airflow/example_dags/example_short_circuit_decorator.py
[2023-11-28T20:18:58.344+0000] {logging_mixin.py:154} INFO - [2023-11-28T20:18:58.344+0000] {dag.py:2941} INFO - Sync 1 DAGs
[2023-11-28T20:18:58.378+0000] {logging_mixin.py:154} INFO - [2023-11-28T20:18:58.378+0000] {dag.py:3722} INFO - Setting next_dagrun for example_short_circuit_decorator to 2023-11-27T20:18:58.377649+00:00, run_after=2023-11-28T20:18:58.377649+00:00
[2023-11-28T20:18:58.408+0000] {processor.py:179} INFO - Processing /home/airflow/.local/lib/python3.8/site-packages/airflow/example_dags/example_short_circuit_decorator.py took 0.153 seconds
[2023-11-28T20:19:28.449+0000] {processor.py:157} INFO - Started process (PID=964) to work on /home/airflow/.local/lib/python3.8/site-packages/airflow/example_dags/example_short_circuit_decorator.py
[2023-11-28T20:19:28.450+0000] {processor.py:829} INFO - Processing file /home/airflow/.local/lib/python3.8/site-packages/airflow/example_dags/example_short_circuit_decorator.py for tasks to queue
[2023-11-28T20:19:28.454+0000] {logging_mixin.py:154} INFO - [2023-11-28T20:19:28.453+0000] {dagbag.py:536} INFO - Filling up the DagBag from /home/airflow/.local/lib/python3.8/site-packages/airflow/example_dags/example_short_circuit_decorator.py
[2023-11-28T20:19:28.467+0000] {processor.py:839} INFO - DAG(s) dict_keys(['example_short_circuit_decorator']) retrieved from /home/airflow/.local/lib/python3.8/site-packages/airflow/example_dags/example_short_circuit_decorator.py
[2023-11-28T20:19:28.527+0000] {logging_mixin.py:154} INFO - [2023-11-28T20:19:28.526+0000] {dag.py:2941} INFO - Sync 1 DAGs
[2023-11-28T20:19:28.560+0000] {logging_mixin.py:154} INFO - [2023-11-28T20:19:28.560+0000] {dag.py:3722} INFO - Setting next_dagrun for example_short_circuit_decorator to 2023-11-27T20:19:28.559963+00:00, run_after=2023-11-28T20:19:28.559963+00:00
[2023-11-28T20:19:28.593+0000] {processor.py:179} INFO - Processing /home/airflow/.local/lib/python3.8/site-packages/airflow/example_dags/example_short_circuit_decorator.py took 0.151 seconds
[2023-11-28T20:20:00.150+0000] {processor.py:157} INFO - Started process (PID=1018) to work on /home/airflow/.local/lib/python3.8/site-packages/airflow/example_dags/example_short_circuit_decorator.py
[2023-11-28T20:20:00.151+0000] {processor.py:829} INFO - Processing file /home/airflow/.local/lib/python3.8/site-packages/airflow/example_dags/example_short_circuit_decorator.py for tasks to queue
[2023-11-28T20:20:00.159+0000] {logging_mixin.py:154} INFO - [2023-11-28T20:20:00.158+0000] {dagbag.py:536} INFO - Filling up the DagBag from /home/airflow/.local/lib/python3.8/site-packages/airflow/example_dags/example_short_circuit_decorator.py
[2023-11-28T20:20:00.175+0000] {processor.py:839} INFO - DAG(s) dict_keys(['example_short_circuit_decorator']) retrieved from /home/airflow/.local/lib/python3.8/site-packages/airflow/example_dags/example_short_circuit_decorator.py
[2023-11-28T20:20:00.217+0000] {logging_mixin.py:154} INFO - [2023-11-28T20:20:00.217+0000] {dag.py:2941} INFO - Sync 1 DAGs
[2023-11-28T20:20:00.455+0000] {logging_mixin.py:154} INFO - [2023-11-28T20:20:00.455+0000] {dag.py:3722} INFO - Setting next_dagrun for example_short_circuit_decorator to 2023-11-27T20:20:00.454843+00:00, run_after=2023-11-28T20:20:00.454843+00:00
[2023-11-28T20:20:00.488+0000] {processor.py:179} INFO - Processing /home/airflow/.local/lib/python3.8/site-packages/airflow/example_dags/example_short_circuit_decorator.py took 0.343 seconds
[2023-11-28T20:20:31.343+0000] {processor.py:157} INFO - Started process (PID=1073) to work on /home/airflow/.local/lib/python3.8/site-packages/airflow/example_dags/example_short_circuit_decorator.py
[2023-11-28T20:20:31.344+0000] {processor.py:829} INFO - Processing file /home/airflow/.local/lib/python3.8/site-packages/airflow/example_dags/example_short_circuit_decorator.py for tasks to queue
[2023-11-28T20:20:31.350+0000] {logging_mixin.py:154} INFO - [2023-11-28T20:20:31.349+0000] {dagbag.py:536} INFO - Filling up the DagBag from /home/airflow/.local/lib/python3.8/site-packages/airflow/example_dags/example_short_circuit_decorator.py
[2023-11-28T20:20:31.365+0000] {processor.py:839} INFO - DAG(s) dict_keys(['example_short_circuit_decorator']) retrieved from /home/airflow/.local/lib/python3.8/site-packages/airflow/example_dags/example_short_circuit_decorator.py
[2023-11-28T20:20:31.406+0000] {logging_mixin.py:154} INFO - [2023-11-28T20:20:31.406+0000] {dag.py:2941} INFO - Sync 1 DAGs
[2023-11-28T20:20:31.449+0000] {logging_mixin.py:154} INFO - [2023-11-28T20:20:31.449+0000] {dag.py:3722} INFO - Setting next_dagrun for example_short_circuit_decorator to 2023-11-27T20:20:31.448661+00:00, run_after=2023-11-28T20:20:31.448661+00:00
[2023-11-28T20:20:31.683+0000] {processor.py:179} INFO - Processing /home/airflow/.local/lib/python3.8/site-packages/airflow/example_dags/example_short_circuit_decorator.py took 0.347 seconds
[2023-11-28T20:21:02.679+0000] {processor.py:157} INFO - Started process (PID=1127) to work on /home/airflow/.local/lib/python3.8/site-packages/airflow/example_dags/example_short_circuit_decorator.py
[2023-11-28T20:21:02.681+0000] {processor.py:829} INFO - Processing file /home/airflow/.local/lib/python3.8/site-packages/airflow/example_dags/example_short_circuit_decorator.py for tasks to queue
[2023-11-28T20:21:02.685+0000] {logging_mixin.py:154} INFO - [2023-11-28T20:21:02.685+0000] {dagbag.py:536} INFO - Filling up the DagBag from /home/airflow/.local/lib/python3.8/site-packages/airflow/example_dags/example_short_circuit_decorator.py
[2023-11-28T20:21:02.699+0000] {processor.py:839} INFO - DAG(s) dict_keys(['example_short_circuit_decorator']) retrieved from /home/airflow/.local/lib/python3.8/site-packages/airflow/example_dags/example_short_circuit_decorator.py
[2023-11-28T20:21:02.740+0000] {logging_mixin.py:154} INFO - [2023-11-28T20:21:02.740+0000] {dag.py:2941} INFO - Sync 1 DAGs
[2023-11-28T20:21:02.773+0000] {logging_mixin.py:154} INFO - [2023-11-28T20:21:02.772+0000] {dag.py:3722} INFO - Setting next_dagrun for example_short_circuit_decorator to 2023-11-27T20:21:02.772305+00:00, run_after=2023-11-28T20:21:02.772305+00:00
[2023-11-28T20:21:02.803+0000] {processor.py:179} INFO - Processing /home/airflow/.local/lib/python3.8/site-packages/airflow/example_dags/example_short_circuit_decorator.py took 0.132 seconds
[2023-11-28T20:21:33.815+0000] {processor.py:157} INFO - Started process (PID=1181) to work on /home/airflow/.local/lib/python3.8/site-packages/airflow/example_dags/example_short_circuit_decorator.py
[2023-11-28T20:21:33.816+0000] {processor.py:829} INFO - Processing file /home/airflow/.local/lib/python3.8/site-packages/airflow/example_dags/example_short_circuit_decorator.py for tasks to queue
[2023-11-28T20:21:33.821+0000] {logging_mixin.py:154} INFO - [2023-11-28T20:21:33.820+0000] {dagbag.py:536} INFO - Filling up the DagBag from /home/airflow/.local/lib/python3.8/site-packages/airflow/example_dags/example_short_circuit_decorator.py
[2023-11-28T20:21:33.836+0000] {processor.py:839} INFO - DAG(s) dict_keys(['example_short_circuit_decorator']) retrieved from /home/airflow/.local/lib/python3.8/site-packages/airflow/example_dags/example_short_circuit_decorator.py
[2023-11-28T20:21:33.878+0000] {logging_mixin.py:154} INFO - [2023-11-28T20:21:33.878+0000] {dag.py:2941} INFO - Sync 1 DAGs
[2023-11-28T20:21:33.910+0000] {logging_mixin.py:154} INFO - [2023-11-28T20:21:33.909+0000] {dag.py:3722} INFO - Setting next_dagrun for example_short_circuit_decorator to 2023-11-27T20:21:33.909408+00:00, run_after=2023-11-28T20:21:33.909408+00:00
[2023-11-28T20:21:33.944+0000] {processor.py:179} INFO - Processing /home/airflow/.local/lib/python3.8/site-packages/airflow/example_dags/example_short_circuit_decorator.py took 0.134 seconds
[2023-11-28T20:22:04.341+0000] {processor.py:157} INFO - Started process (PID=1235) to work on /home/airflow/.local/lib/python3.8/site-packages/airflow/example_dags/example_short_circuit_decorator.py
[2023-11-28T20:22:04.343+0000] {processor.py:829} INFO - Processing file /home/airflow/.local/lib/python3.8/site-packages/airflow/example_dags/example_short_circuit_decorator.py for tasks to queue
[2023-11-28T20:22:04.348+0000] {logging_mixin.py:154} INFO - [2023-11-28T20:22:04.347+0000] {dagbag.py:536} INFO - Filling up the DagBag from /home/airflow/.local/lib/python3.8/site-packages/airflow/example_dags/example_short_circuit_decorator.py
[2023-11-28T20:22:04.362+0000] {processor.py:839} INFO - DAG(s) dict_keys(['example_short_circuit_decorator']) retrieved from /home/airflow/.local/lib/python3.8/site-packages/airflow/example_dags/example_short_circuit_decorator.py
[2023-11-28T20:22:04.405+0000] {logging_mixin.py:154} INFO - [2023-11-28T20:22:04.405+0000] {dag.py:2941} INFO - Sync 1 DAGs
[2023-11-28T20:22:04.646+0000] {logging_mixin.py:154} INFO - [2023-11-28T20:22:04.646+0000] {dag.py:3722} INFO - Setting next_dagrun for example_short_circuit_decorator to 2023-11-27T20:22:04.645906+00:00, run_after=2023-11-28T20:22:04.645906+00:00
[2023-11-28T20:22:04.680+0000] {processor.py:179} INFO - Processing /home/airflow/.local/lib/python3.8/site-packages/airflow/example_dags/example_short_circuit_decorator.py took 0.347 seconds
[2023-11-28T20:22:35.487+0000] {processor.py:157} INFO - Started process (PID=1289) to work on /home/airflow/.local/lib/python3.8/site-packages/airflow/example_dags/example_short_circuit_decorator.py
[2023-11-28T20:22:35.490+0000] {processor.py:829} INFO - Processing file /home/airflow/.local/lib/python3.8/site-packages/airflow/example_dags/example_short_circuit_decorator.py for tasks to queue
[2023-11-28T20:22:35.498+0000] {logging_mixin.py:154} INFO - [2023-11-28T20:22:35.497+0000] {dagbag.py:536} INFO - Filling up the DagBag from /home/airflow/.local/lib/python3.8/site-packages/airflow/example_dags/example_short_circuit_decorator.py
[2023-11-28T20:22:35.523+0000] {processor.py:839} INFO - DAG(s) dict_keys(['example_short_circuit_decorator']) retrieved from /home/airflow/.local/lib/python3.8/site-packages/airflow/example_dags/example_short_circuit_decorator.py
[2023-11-28T20:22:35.570+0000] {logging_mixin.py:154} INFO - [2023-11-28T20:22:35.569+0000] {dag.py:2941} INFO - Sync 1 DAGs
[2023-11-28T20:22:35.603+0000] {logging_mixin.py:154} INFO - [2023-11-28T20:22:35.602+0000] {dag.py:3722} INFO - Setting next_dagrun for example_short_circuit_decorator to 2023-11-27T20:22:35.602515+00:00, run_after=2023-11-28T20:22:35.602515+00:00
[2023-11-28T20:22:35.833+0000] {processor.py:179} INFO - Processing /home/airflow/.local/lib/python3.8/site-packages/airflow/example_dags/example_short_circuit_decorator.py took 0.355 seconds
[2023-11-28T21:07:58.674+0000] {processor.py:157} INFO - Started process (PID=78) to work on /home/airflow/.local/lib/python3.8/site-packages/airflow/example_dags/example_short_circuit_decorator.py
[2023-11-28T21:07:58.678+0000] {processor.py:829} INFO - Processing file /home/airflow/.local/lib/python3.8/site-packages/airflow/example_dags/example_short_circuit_decorator.py for tasks to queue
[2023-11-28T21:07:58.685+0000] {logging_mixin.py:154} INFO - [2023-11-28T21:07:58.684+0000] {dagbag.py:536} INFO - Filling up the DagBag from /home/airflow/.local/lib/python3.8/site-packages/airflow/example_dags/example_short_circuit_decorator.py
[2023-11-28T21:07:58.712+0000] {processor.py:839} INFO - DAG(s) dict_keys(['example_short_circuit_decorator']) retrieved from /home/airflow/.local/lib/python3.8/site-packages/airflow/example_dags/example_short_circuit_decorator.py
[2023-11-28T21:07:58.912+0000] {logging_mixin.py:154} INFO - [2023-11-28T21:07:58.912+0000] {manager.py:499} INFO - Created Permission View: %s
[2023-11-28T21:07:58.935+0000] {logging_mixin.py:154} INFO - [2023-11-28T21:07:58.935+0000] {manager.py:499} INFO - Created Permission View: %s
[2023-11-28T21:07:58.945+0000] {logging_mixin.py:154} INFO - [2023-11-28T21:07:58.945+0000] {manager.py:499} INFO - Created Permission View: %s
[2023-11-28T21:07:58.946+0000] {logging_mixin.py:154} INFO - [2023-11-28T21:07:58.946+0000] {dag.py:2941} INFO - Sync 1 DAGs
[2023-11-28T21:07:58.982+0000] {logging_mixin.py:154} INFO - [2023-11-28T21:07:58.981+0000] {dag.py:2963} INFO - Creating ORM DAG for example_short_circuit_decorator
[2023-11-28T21:07:59.050+0000] {logging_mixin.py:154} INFO - [2023-11-28T21:07:59.049+0000] {dag.py:3722} INFO - Setting next_dagrun for example_short_circuit_decorator to 2023-11-27T21:07:59.046394+00:00, run_after=2023-11-28T21:07:59.046394+00:00
[2023-11-28T21:07:59.153+0000] {processor.py:179} INFO - Processing /home/airflow/.local/lib/python3.8/site-packages/airflow/example_dags/example_short_circuit_decorator.py took 0.490 seconds
[2023-11-28T21:08:32.101+0000] {processor.py:157} INFO - Started process (PID=132) to work on /home/airflow/.local/lib/python3.8/site-packages/airflow/example_dags/example_short_circuit_decorator.py
[2023-11-28T21:08:32.103+0000] {processor.py:829} INFO - Processing file /home/airflow/.local/lib/python3.8/site-packages/airflow/example_dags/example_short_circuit_decorator.py for tasks to queue
[2023-11-28T21:08:32.107+0000] {logging_mixin.py:154} INFO - [2023-11-28T21:08:32.106+0000] {dagbag.py:536} INFO - Filling up the DagBag from /home/airflow/.local/lib/python3.8/site-packages/airflow/example_dags/example_short_circuit_decorator.py
[2023-11-28T21:08:32.145+0000] {processor.py:839} INFO - DAG(s) dict_keys(['example_short_circuit_decorator']) retrieved from /home/airflow/.local/lib/python3.8/site-packages/airflow/example_dags/example_short_circuit_decorator.py
[2023-11-28T21:08:32.195+0000] {logging_mixin.py:154} INFO - [2023-11-28T21:08:32.194+0000] {dag.py:2941} INFO - Sync 1 DAGs
[2023-11-28T21:08:32.240+0000] {logging_mixin.py:154} INFO - [2023-11-28T21:08:32.240+0000] {dag.py:3722} INFO - Setting next_dagrun for example_short_circuit_decorator to 2023-11-27T21:08:32.239991+00:00, run_after=2023-11-28T21:08:32.239991+00:00
[2023-11-28T21:08:32.273+0000] {processor.py:179} INFO - Processing /home/airflow/.local/lib/python3.8/site-packages/airflow/example_dags/example_short_circuit_decorator.py took 0.177 seconds
[2023-11-28T21:09:02.526+0000] {processor.py:157} INFO - Started process (PID=186) to work on /home/airflow/.local/lib/python3.8/site-packages/airflow/example_dags/example_short_circuit_decorator.py
[2023-11-28T21:09:02.527+0000] {processor.py:829} INFO - Processing file /home/airflow/.local/lib/python3.8/site-packages/airflow/example_dags/example_short_circuit_decorator.py for tasks to queue
[2023-11-28T21:09:02.534+0000] {logging_mixin.py:154} INFO - [2023-11-28T21:09:02.533+0000] {dagbag.py:536} INFO - Filling up the DagBag from /home/airflow/.local/lib/python3.8/site-packages/airflow/example_dags/example_short_circuit_decorator.py
[2023-11-28T21:09:02.555+0000] {processor.py:839} INFO - DAG(s) dict_keys(['example_short_circuit_decorator']) retrieved from /home/airflow/.local/lib/python3.8/site-packages/airflow/example_dags/example_short_circuit_decorator.py
[2023-11-28T21:09:02.596+0000] {logging_mixin.py:154} INFO - [2023-11-28T21:09:02.596+0000] {dag.py:2941} INFO - Sync 1 DAGs
[2023-11-28T21:09:02.631+0000] {logging_mixin.py:154} INFO - [2023-11-28T21:09:02.631+0000] {dag.py:3722} INFO - Setting next_dagrun for example_short_circuit_decorator to 2023-11-27T21:09:02.631230+00:00, run_after=2023-11-28T21:09:02.631230+00:00
[2023-11-28T21:09:02.661+0000] {processor.py:179} INFO - Processing /home/airflow/.local/lib/python3.8/site-packages/airflow/example_dags/example_short_circuit_decorator.py took 0.140 seconds
[2023-11-28T21:09:32.885+0000] {processor.py:157} INFO - Started process (PID=241) to work on /home/airflow/.local/lib/python3.8/site-packages/airflow/example_dags/example_short_circuit_decorator.py
[2023-11-28T21:09:32.887+0000] {processor.py:829} INFO - Processing file /home/airflow/.local/lib/python3.8/site-packages/airflow/example_dags/example_short_circuit_decorator.py for tasks to queue
[2023-11-28T21:09:32.893+0000] {logging_mixin.py:154} INFO - [2023-11-28T21:09:32.892+0000] {dagbag.py:536} INFO - Filling up the DagBag from /home/airflow/.local/lib/python3.8/site-packages/airflow/example_dags/example_short_circuit_decorator.py
[2023-11-28T21:09:32.909+0000] {processor.py:839} INFO - DAG(s) dict_keys(['example_short_circuit_decorator']) retrieved from /home/airflow/.local/lib/python3.8/site-packages/airflow/example_dags/example_short_circuit_decorator.py
[2023-11-28T21:09:32.952+0000] {logging_mixin.py:154} INFO - [2023-11-28T21:09:32.951+0000] {dag.py:2941} INFO - Sync 1 DAGs
[2023-11-28T21:09:32.984+0000] {logging_mixin.py:154} INFO - [2023-11-28T21:09:32.984+0000] {dag.py:3722} INFO - Setting next_dagrun for example_short_circuit_decorator to 2023-11-27T21:09:32.984147+00:00, run_after=2023-11-28T21:09:32.984147+00:00
[2023-11-28T21:09:33.016+0000] {processor.py:179} INFO - Processing /home/airflow/.local/lib/python3.8/site-packages/airflow/example_dags/example_short_circuit_decorator.py took 0.139 seconds
[2023-11-28T21:10:03.309+0000] {processor.py:157} INFO - Started process (PID=295) to work on /home/airflow/.local/lib/python3.8/site-packages/airflow/example_dags/example_short_circuit_decorator.py
[2023-11-28T21:10:03.311+0000] {processor.py:829} INFO - Processing file /home/airflow/.local/lib/python3.8/site-packages/airflow/example_dags/example_short_circuit_decorator.py for tasks to queue
[2023-11-28T21:10:03.314+0000] {logging_mixin.py:154} INFO - [2023-11-28T21:10:03.314+0000] {dagbag.py:536} INFO - Filling up the DagBag from /home/airflow/.local/lib/python3.8/site-packages/airflow/example_dags/example_short_circuit_decorator.py
[2023-11-28T21:10:03.328+0000] {processor.py:839} INFO - DAG(s) dict_keys(['example_short_circuit_decorator']) retrieved from /home/airflow/.local/lib/python3.8/site-packages/airflow/example_dags/example_short_circuit_decorator.py
[2023-11-28T21:10:03.384+0000] {logging_mixin.py:154} INFO - [2023-11-28T21:10:03.383+0000] {dag.py:2941} INFO - Sync 1 DAGs
[2023-11-28T21:10:03.418+0000] {logging_mixin.py:154} INFO - [2023-11-28T21:10:03.418+0000] {dag.py:3722} INFO - Setting next_dagrun for example_short_circuit_decorator to 2023-11-27T21:10:03.417874+00:00, run_after=2023-11-28T21:10:03.417874+00:00
[2023-11-28T21:10:03.448+0000] {processor.py:179} INFO - Processing /home/airflow/.local/lib/python3.8/site-packages/airflow/example_dags/example_short_circuit_decorator.py took 0.144 seconds
[2023-11-28T21:10:34.559+0000] {processor.py:157} INFO - Started process (PID=349) to work on /home/airflow/.local/lib/python3.8/site-packages/airflow/example_dags/example_short_circuit_decorator.py
[2023-11-28T21:10:34.570+0000] {processor.py:829} INFO - Processing file /home/airflow/.local/lib/python3.8/site-packages/airflow/example_dags/example_short_circuit_decorator.py for tasks to queue
[2023-11-28T21:10:34.576+0000] {logging_mixin.py:154} INFO - [2023-11-28T21:10:34.575+0000] {dagbag.py:536} INFO - Filling up the DagBag from /home/airflow/.local/lib/python3.8/site-packages/airflow/example_dags/example_short_circuit_decorator.py
[2023-11-28T21:10:34.592+0000] {processor.py:839} INFO - DAG(s) dict_keys(['example_short_circuit_decorator']) retrieved from /home/airflow/.local/lib/python3.8/site-packages/airflow/example_dags/example_short_circuit_decorator.py
[2023-11-28T21:10:34.704+0000] {logging_mixin.py:154} INFO - [2023-11-28T21:10:34.704+0000] {dag.py:2941} INFO - Sync 1 DAGs
[2023-11-28T21:10:34.759+0000] {logging_mixin.py:154} INFO - [2023-11-28T21:10:34.759+0000] {dag.py:3722} INFO - Setting next_dagrun for example_short_circuit_decorator to 2023-11-27T21:10:34.759363+00:00, run_after=2023-11-28T21:10:34.759363+00:00
[2023-11-28T21:10:34.809+0000] {processor.py:179} INFO - Processing /home/airflow/.local/lib/python3.8/site-packages/airflow/example_dags/example_short_circuit_decorator.py took 0.255 seconds
[2023-11-28T21:11:05.048+0000] {processor.py:157} INFO - Started process (PID=403) to work on /home/airflow/.local/lib/python3.8/site-packages/airflow/example_dags/example_short_circuit_decorator.py
[2023-11-28T21:11:05.050+0000] {processor.py:829} INFO - Processing file /home/airflow/.local/lib/python3.8/site-packages/airflow/example_dags/example_short_circuit_decorator.py for tasks to queue
[2023-11-28T21:11:05.053+0000] {logging_mixin.py:154} INFO - [2023-11-28T21:11:05.053+0000] {dagbag.py:536} INFO - Filling up the DagBag from /home/airflow/.local/lib/python3.8/site-packages/airflow/example_dags/example_short_circuit_decorator.py
[2023-11-28T21:11:05.067+0000] {processor.py:839} INFO - DAG(s) dict_keys(['example_short_circuit_decorator']) retrieved from /home/airflow/.local/lib/python3.8/site-packages/airflow/example_dags/example_short_circuit_decorator.py
[2023-11-28T21:11:05.105+0000] {logging_mixin.py:154} INFO - [2023-11-28T21:11:05.104+0000] {dag.py:2941} INFO - Sync 1 DAGs
[2023-11-28T21:11:05.137+0000] {logging_mixin.py:154} INFO - [2023-11-28T21:11:05.136+0000] {dag.py:3722} INFO - Setting next_dagrun for example_short_circuit_decorator to 2023-11-27T21:11:05.136445+00:00, run_after=2023-11-28T21:11:05.136445+00:00
[2023-11-28T21:11:05.171+0000] {processor.py:179} INFO - Processing /home/airflow/.local/lib/python3.8/site-packages/airflow/example_dags/example_short_circuit_decorator.py took 0.131 seconds
[2023-11-28T21:11:35.535+0000] {processor.py:157} INFO - Started process (PID=457) to work on /home/airflow/.local/lib/python3.8/site-packages/airflow/example_dags/example_short_circuit_decorator.py
[2023-11-28T21:11:35.537+0000] {processor.py:829} INFO - Processing file /home/airflow/.local/lib/python3.8/site-packages/airflow/example_dags/example_short_circuit_decorator.py for tasks to queue
[2023-11-28T21:11:35.542+0000] {logging_mixin.py:154} INFO - [2023-11-28T21:11:35.541+0000] {dagbag.py:536} INFO - Filling up the DagBag from /home/airflow/.local/lib/python3.8/site-packages/airflow/example_dags/example_short_circuit_decorator.py
[2023-11-28T21:11:35.557+0000] {processor.py:839} INFO - DAG(s) dict_keys(['example_short_circuit_decorator']) retrieved from /home/airflow/.local/lib/python3.8/site-packages/airflow/example_dags/example_short_circuit_decorator.py
[2023-11-28T21:11:35.600+0000] {logging_mixin.py:154} INFO - [2023-11-28T21:11:35.600+0000] {dag.py:2941} INFO - Sync 1 DAGs
[2023-11-28T21:11:35.634+0000] {logging_mixin.py:154} INFO - [2023-11-28T21:11:35.634+0000] {dag.py:3722} INFO - Setting next_dagrun for example_short_circuit_decorator to 2023-11-27T21:11:35.634089+00:00, run_after=2023-11-28T21:11:35.634089+00:00
[2023-11-28T21:11:35.665+0000] {processor.py:179} INFO - Processing /home/airflow/.local/lib/python3.8/site-packages/airflow/example_dags/example_short_circuit_decorator.py took 0.136 seconds
[2023-11-28T21:12:06.215+0000] {processor.py:157} INFO - Started process (PID=511) to work on /home/airflow/.local/lib/python3.8/site-packages/airflow/example_dags/example_short_circuit_decorator.py
[2023-11-28T21:12:06.217+0000] {processor.py:829} INFO - Processing file /home/airflow/.local/lib/python3.8/site-packages/airflow/example_dags/example_short_circuit_decorator.py for tasks to queue
[2023-11-28T21:12:06.221+0000] {logging_mixin.py:154} INFO - [2023-11-28T21:12:06.221+0000] {dagbag.py:536} INFO - Filling up the DagBag from /home/airflow/.local/lib/python3.8/site-packages/airflow/example_dags/example_short_circuit_decorator.py
[2023-11-28T21:12:06.238+0000] {processor.py:839} INFO - DAG(s) dict_keys(['example_short_circuit_decorator']) retrieved from /home/airflow/.local/lib/python3.8/site-packages/airflow/example_dags/example_short_circuit_decorator.py
[2023-11-28T21:12:06.286+0000] {logging_mixin.py:154} INFO - [2023-11-28T21:12:06.286+0000] {dag.py:2941} INFO - Sync 1 DAGs
[2023-11-28T21:12:06.318+0000] {logging_mixin.py:154} INFO - [2023-11-28T21:12:06.318+0000] {dag.py:3722} INFO - Setting next_dagrun for example_short_circuit_decorator to 2023-11-27T21:12:06.318221+00:00, run_after=2023-11-28T21:12:06.318221+00:00
[2023-11-28T21:12:06.349+0000] {processor.py:179} INFO - Processing /home/airflow/.local/lib/python3.8/site-packages/airflow/example_dags/example_short_circuit_decorator.py took 0.140 seconds
[2023-11-28T21:12:36.490+0000] {processor.py:157} INFO - Started process (PID=566) to work on /home/airflow/.local/lib/python3.8/site-packages/airflow/example_dags/example_short_circuit_decorator.py
[2023-11-28T21:12:36.492+0000] {processor.py:829} INFO - Processing file /home/airflow/.local/lib/python3.8/site-packages/airflow/example_dags/example_short_circuit_decorator.py for tasks to queue
[2023-11-28T21:12:36.496+0000] {logging_mixin.py:154} INFO - [2023-11-28T21:12:36.495+0000] {dagbag.py:536} INFO - Filling up the DagBag from /home/airflow/.local/lib/python3.8/site-packages/airflow/example_dags/example_short_circuit_decorator.py
[2023-11-28T21:12:36.511+0000] {processor.py:839} INFO - DAG(s) dict_keys(['example_short_circuit_decorator']) retrieved from /home/airflow/.local/lib/python3.8/site-packages/airflow/example_dags/example_short_circuit_decorator.py
[2023-11-28T21:12:36.553+0000] {logging_mixin.py:154} INFO - [2023-11-28T21:12:36.553+0000] {dag.py:2941} INFO - Sync 1 DAGs
[2023-11-28T21:12:36.610+0000] {logging_mixin.py:154} INFO - [2023-11-28T21:12:36.610+0000] {dag.py:3722} INFO - Setting next_dagrun for example_short_circuit_decorator to 2023-11-27T21:12:36.609636+00:00, run_after=2023-11-28T21:12:36.609636+00:00
[2023-11-28T21:12:36.649+0000] {processor.py:179} INFO - Processing /home/airflow/.local/lib/python3.8/site-packages/airflow/example_dags/example_short_circuit_decorator.py took 0.165 seconds
[2023-11-28T21:13:07.040+0000] {processor.py:157} INFO - Started process (PID=621) to work on /home/airflow/.local/lib/python3.8/site-packages/airflow/example_dags/example_short_circuit_decorator.py
[2023-11-28T21:13:07.042+0000] {processor.py:829} INFO - Processing file /home/airflow/.local/lib/python3.8/site-packages/airflow/example_dags/example_short_circuit_decorator.py for tasks to queue
[2023-11-28T21:13:07.048+0000] {logging_mixin.py:154} INFO - [2023-11-28T21:13:07.047+0000] {dagbag.py:536} INFO - Filling up the DagBag from /home/airflow/.local/lib/python3.8/site-packages/airflow/example_dags/example_short_circuit_decorator.py
[2023-11-28T21:13:07.068+0000] {processor.py:839} INFO - DAG(s) dict_keys(['example_short_circuit_decorator']) retrieved from /home/airflow/.local/lib/python3.8/site-packages/airflow/example_dags/example_short_circuit_decorator.py
[2023-11-28T21:13:07.118+0000] {logging_mixin.py:154} INFO - [2023-11-28T21:13:07.117+0000] {dag.py:2941} INFO - Sync 1 DAGs
[2023-11-28T21:13:07.156+0000] {logging_mixin.py:154} INFO - [2023-11-28T21:13:07.156+0000] {dag.py:3722} INFO - Setting next_dagrun for example_short_circuit_decorator to 2023-11-27T21:13:07.155730+00:00, run_after=2023-11-28T21:13:07.155730+00:00
[2023-11-28T21:13:07.193+0000] {processor.py:179} INFO - Processing /home/airflow/.local/lib/python3.8/site-packages/airflow/example_dags/example_short_circuit_decorator.py took 0.161 seconds
[2023-11-28T21:13:37.711+0000] {processor.py:157} INFO - Started process (PID=675) to work on /home/airflow/.local/lib/python3.8/site-packages/airflow/example_dags/example_short_circuit_decorator.py
[2023-11-28T21:13:37.714+0000] {processor.py:829} INFO - Processing file /home/airflow/.local/lib/python3.8/site-packages/airflow/example_dags/example_short_circuit_decorator.py for tasks to queue
[2023-11-28T21:13:37.718+0000] {logging_mixin.py:154} INFO - [2023-11-28T21:13:37.718+0000] {dagbag.py:536} INFO - Filling up the DagBag from /home/airflow/.local/lib/python3.8/site-packages/airflow/example_dags/example_short_circuit_decorator.py
[2023-11-28T21:13:37.733+0000] {processor.py:839} INFO - DAG(s) dict_keys(['example_short_circuit_decorator']) retrieved from /home/airflow/.local/lib/python3.8/site-packages/airflow/example_dags/example_short_circuit_decorator.py
[2023-11-28T21:13:37.776+0000] {logging_mixin.py:154} INFO - [2023-11-28T21:13:37.776+0000] {dag.py:2941} INFO - Sync 1 DAGs
[2023-11-28T21:13:37.811+0000] {logging_mixin.py:154} INFO - [2023-11-28T21:13:37.811+0000] {dag.py:3722} INFO - Setting next_dagrun for example_short_circuit_decorator to 2023-11-27T21:13:37.811268+00:00, run_after=2023-11-28T21:13:37.811268+00:00
[2023-11-28T21:13:37.844+0000] {processor.py:179} INFO - Processing /home/airflow/.local/lib/python3.8/site-packages/airflow/example_dags/example_short_circuit_decorator.py took 0.139 seconds
[2023-11-28T21:14:08.825+0000] {processor.py:157} INFO - Started process (PID=730) to work on /home/airflow/.local/lib/python3.8/site-packages/airflow/example_dags/example_short_circuit_decorator.py
[2023-11-28T21:14:08.826+0000] {processor.py:829} INFO - Processing file /home/airflow/.local/lib/python3.8/site-packages/airflow/example_dags/example_short_circuit_decorator.py for tasks to queue
[2023-11-28T21:14:08.830+0000] {logging_mixin.py:154} INFO - [2023-11-28T21:14:08.830+0000] {dagbag.py:536} INFO - Filling up the DagBag from /home/airflow/.local/lib/python3.8/site-packages/airflow/example_dags/example_short_circuit_decorator.py
[2023-11-28T21:14:08.846+0000] {processor.py:839} INFO - DAG(s) dict_keys(['example_short_circuit_decorator']) retrieved from /home/airflow/.local/lib/python3.8/site-packages/airflow/example_dags/example_short_circuit_decorator.py
[2023-11-28T21:14:08.891+0000] {logging_mixin.py:154} INFO - [2023-11-28T21:14:08.891+0000] {dag.py:2941} INFO - Sync 1 DAGs
[2023-11-28T21:14:08.927+0000] {logging_mixin.py:154} INFO - [2023-11-28T21:14:08.927+0000] {dag.py:3722} INFO - Setting next_dagrun for example_short_circuit_decorator to 2023-11-27T21:14:08.926677+00:00, run_after=2023-11-28T21:14:08.926677+00:00
[2023-11-28T21:14:08.965+0000] {processor.py:179} INFO - Processing /home/airflow/.local/lib/python3.8/site-packages/airflow/example_dags/example_short_circuit_decorator.py took 0.147 seconds
[2023-11-28T21:14:39.795+0000] {processor.py:157} INFO - Started process (PID=784) to work on /home/airflow/.local/lib/python3.8/site-packages/airflow/example_dags/example_short_circuit_decorator.py
[2023-11-28T21:14:39.797+0000] {processor.py:829} INFO - Processing file /home/airflow/.local/lib/python3.8/site-packages/airflow/example_dags/example_short_circuit_decorator.py for tasks to queue
[2023-11-28T21:14:39.802+0000] {logging_mixin.py:154} INFO - [2023-11-28T21:14:39.801+0000] {dagbag.py:536} INFO - Filling up the DagBag from /home/airflow/.local/lib/python3.8/site-packages/airflow/example_dags/example_short_circuit_decorator.py
[2023-11-28T21:14:39.821+0000] {processor.py:839} INFO - DAG(s) dict_keys(['example_short_circuit_decorator']) retrieved from /home/airflow/.local/lib/python3.8/site-packages/airflow/example_dags/example_short_circuit_decorator.py
[2023-11-28T21:14:39.871+0000] {logging_mixin.py:154} INFO - [2023-11-28T21:14:39.871+0000] {dag.py:2941} INFO - Sync 1 DAGs
[2023-11-28T21:14:39.903+0000] {logging_mixin.py:154} INFO - [2023-11-28T21:14:39.903+0000] {dag.py:3722} INFO - Setting next_dagrun for example_short_circuit_decorator to 2023-11-27T21:14:39.902762+00:00, run_after=2023-11-28T21:14:39.902762+00:00
[2023-11-28T21:14:39.937+0000] {processor.py:179} INFO - Processing /home/airflow/.local/lib/python3.8/site-packages/airflow/example_dags/example_short_circuit_decorator.py took 0.148 seconds
[2023-11-28T21:15:11.145+0000] {processor.py:157} INFO - Started process (PID=838) to work on /home/airflow/.local/lib/python3.8/site-packages/airflow/example_dags/example_short_circuit_decorator.py
[2023-11-28T21:15:11.147+0000] {processor.py:829} INFO - Processing file /home/airflow/.local/lib/python3.8/site-packages/airflow/example_dags/example_short_circuit_decorator.py for tasks to queue
[2023-11-28T21:15:11.154+0000] {logging_mixin.py:154} INFO - [2023-11-28T21:15:11.153+0000] {dagbag.py:536} INFO - Filling up the DagBag from /home/airflow/.local/lib/python3.8/site-packages/airflow/example_dags/example_short_circuit_decorator.py
[2023-11-28T21:15:11.171+0000] {processor.py:839} INFO - DAG(s) dict_keys(['example_short_circuit_decorator']) retrieved from /home/airflow/.local/lib/python3.8/site-packages/airflow/example_dags/example_short_circuit_decorator.py
[2023-11-28T21:15:11.235+0000] {logging_mixin.py:154} INFO - [2023-11-28T21:15:11.235+0000] {dag.py:2941} INFO - Sync 1 DAGs
[2023-11-28T21:15:11.273+0000] {logging_mixin.py:154} INFO - [2023-11-28T21:15:11.272+0000] {dag.py:3722} INFO - Setting next_dagrun for example_short_circuit_decorator to 2023-11-27T21:15:11.272581+00:00, run_after=2023-11-28T21:15:11.272581+00:00
[2023-11-28T21:15:11.302+0000] {processor.py:179} INFO - Processing /home/airflow/.local/lib/python3.8/site-packages/airflow/example_dags/example_short_circuit_decorator.py took 0.173 seconds
[2023-11-28T21:15:42.709+0000] {processor.py:157} INFO - Started process (PID=893) to work on /home/airflow/.local/lib/python3.8/site-packages/airflow/example_dags/example_short_circuit_decorator.py
[2023-11-28T21:15:42.711+0000] {processor.py:829} INFO - Processing file /home/airflow/.local/lib/python3.8/site-packages/airflow/example_dags/example_short_circuit_decorator.py for tasks to queue
[2023-11-28T21:15:42.716+0000] {logging_mixin.py:154} INFO - [2023-11-28T21:15:42.715+0000] {dagbag.py:536} INFO - Filling up the DagBag from /home/airflow/.local/lib/python3.8/site-packages/airflow/example_dags/example_short_circuit_decorator.py
[2023-11-28T21:15:42.731+0000] {processor.py:839} INFO - DAG(s) dict_keys(['example_short_circuit_decorator']) retrieved from /home/airflow/.local/lib/python3.8/site-packages/airflow/example_dags/example_short_circuit_decorator.py
[2023-11-28T21:15:42.775+0000] {logging_mixin.py:154} INFO - [2023-11-28T21:15:42.775+0000] {dag.py:2941} INFO - Sync 1 DAGs
[2023-11-28T21:15:42.809+0000] {logging_mixin.py:154} INFO - [2023-11-28T21:15:42.809+0000] {dag.py:3722} INFO - Setting next_dagrun for example_short_circuit_decorator to 2023-11-27T21:15:42.808335+00:00, run_after=2023-11-28T21:15:42.808335+00:00
[2023-11-28T21:15:42.844+0000] {processor.py:179} INFO - Processing /home/airflow/.local/lib/python3.8/site-packages/airflow/example_dags/example_short_circuit_decorator.py took 0.141 seconds
[2023-11-28T21:16:13.525+0000] {processor.py:157} INFO - Started process (PID=948) to work on /home/airflow/.local/lib/python3.8/site-packages/airflow/example_dags/example_short_circuit_decorator.py
[2023-11-28T21:16:13.529+0000] {processor.py:829} INFO - Processing file /home/airflow/.local/lib/python3.8/site-packages/airflow/example_dags/example_short_circuit_decorator.py for tasks to queue
[2023-11-28T21:16:13.534+0000] {logging_mixin.py:154} INFO - [2023-11-28T21:16:13.533+0000] {dagbag.py:536} INFO - Filling up the DagBag from /home/airflow/.local/lib/python3.8/site-packages/airflow/example_dags/example_short_circuit_decorator.py
[2023-11-28T21:16:13.552+0000] {processor.py:839} INFO - DAG(s) dict_keys(['example_short_circuit_decorator']) retrieved from /home/airflow/.local/lib/python3.8/site-packages/airflow/example_dags/example_short_circuit_decorator.py
[2023-11-28T21:16:13.609+0000] {logging_mixin.py:154} INFO - [2023-11-28T21:16:13.609+0000] {dag.py:2941} INFO - Sync 1 DAGs
[2023-11-28T21:16:13.646+0000] {logging_mixin.py:154} INFO - [2023-11-28T21:16:13.646+0000] {dag.py:3722} INFO - Setting next_dagrun for example_short_circuit_decorator to 2023-11-27T21:16:13.646130+00:00, run_after=2023-11-28T21:16:13.646130+00:00
[2023-11-28T21:16:13.674+0000] {processor.py:179} INFO - Processing /home/airflow/.local/lib/python3.8/site-packages/airflow/example_dags/example_short_circuit_decorator.py took 0.158 seconds
[2023-11-28T21:16:44.417+0000] {processor.py:157} INFO - Started process (PID=1003) to work on /home/airflow/.local/lib/python3.8/site-packages/airflow/example_dags/example_short_circuit_decorator.py
[2023-11-28T21:16:44.420+0000] {processor.py:829} INFO - Processing file /home/airflow/.local/lib/python3.8/site-packages/airflow/example_dags/example_short_circuit_decorator.py for tasks to queue
[2023-11-28T21:16:44.423+0000] {logging_mixin.py:154} INFO - [2023-11-28T21:16:44.422+0000] {dagbag.py:536} INFO - Filling up the DagBag from /home/airflow/.local/lib/python3.8/site-packages/airflow/example_dags/example_short_circuit_decorator.py
[2023-11-28T21:16:44.437+0000] {processor.py:839} INFO - DAG(s) dict_keys(['example_short_circuit_decorator']) retrieved from /home/airflow/.local/lib/python3.8/site-packages/airflow/example_dags/example_short_circuit_decorator.py
[2023-11-28T21:16:44.474+0000] {logging_mixin.py:154} INFO - [2023-11-28T21:16:44.474+0000] {dag.py:2941} INFO - Sync 1 DAGs
[2023-11-28T21:16:44.513+0000] {logging_mixin.py:154} INFO - [2023-11-28T21:16:44.513+0000] {dag.py:3722} INFO - Setting next_dagrun for example_short_circuit_decorator to 2023-11-27T21:16:44.512687+00:00, run_after=2023-11-28T21:16:44.512687+00:00
[2023-11-28T21:16:44.546+0000] {processor.py:179} INFO - Processing /home/airflow/.local/lib/python3.8/site-packages/airflow/example_dags/example_short_circuit_decorator.py took 0.136 seconds
[2023-11-28T21:17:15.126+0000] {processor.py:157} INFO - Started process (PID=1057) to work on /home/airflow/.local/lib/python3.8/site-packages/airflow/example_dags/example_short_circuit_decorator.py
[2023-11-28T21:17:15.128+0000] {processor.py:829} INFO - Processing file /home/airflow/.local/lib/python3.8/site-packages/airflow/example_dags/example_short_circuit_decorator.py for tasks to queue
[2023-11-28T21:17:15.131+0000] {logging_mixin.py:154} INFO - [2023-11-28T21:17:15.131+0000] {dagbag.py:536} INFO - Filling up the DagBag from /home/airflow/.local/lib/python3.8/site-packages/airflow/example_dags/example_short_circuit_decorator.py
[2023-11-28T21:17:15.146+0000] {processor.py:839} INFO - DAG(s) dict_keys(['example_short_circuit_decorator']) retrieved from /home/airflow/.local/lib/python3.8/site-packages/airflow/example_dags/example_short_circuit_decorator.py
[2023-11-28T21:17:15.183+0000] {logging_mixin.py:154} INFO - [2023-11-28T21:17:15.183+0000] {dag.py:2941} INFO - Sync 1 DAGs
[2023-11-28T21:17:15.214+0000] {logging_mixin.py:154} INFO - [2023-11-28T21:17:15.213+0000] {dag.py:3722} INFO - Setting next_dagrun for example_short_circuit_decorator to 2023-11-27T21:17:15.213377+00:00, run_after=2023-11-28T21:17:15.213377+00:00
[2023-11-28T21:17:15.240+0000] {processor.py:179} INFO - Processing /home/airflow/.local/lib/python3.8/site-packages/airflow/example_dags/example_short_circuit_decorator.py took 0.119 seconds
[2023-11-28T21:17:45.401+0000] {processor.py:157} INFO - Started process (PID=1111) to work on /home/airflow/.local/lib/python3.8/site-packages/airflow/example_dags/example_short_circuit_decorator.py
[2023-11-28T21:17:45.403+0000] {processor.py:829} INFO - Processing file /home/airflow/.local/lib/python3.8/site-packages/airflow/example_dags/example_short_circuit_decorator.py for tasks to queue
[2023-11-28T21:17:45.408+0000] {logging_mixin.py:154} INFO - [2023-11-28T21:17:45.408+0000] {dagbag.py:536} INFO - Filling up the DagBag from /home/airflow/.local/lib/python3.8/site-packages/airflow/example_dags/example_short_circuit_decorator.py
[2023-11-28T21:17:45.423+0000] {processor.py:839} INFO - DAG(s) dict_keys(['example_short_circuit_decorator']) retrieved from /home/airflow/.local/lib/python3.8/site-packages/airflow/example_dags/example_short_circuit_decorator.py
[2023-11-28T21:17:45.465+0000] {logging_mixin.py:154} INFO - [2023-11-28T21:17:45.465+0000] {dag.py:2941} INFO - Sync 1 DAGs
[2023-11-28T21:17:45.499+0000] {logging_mixin.py:154} INFO - [2023-11-28T21:17:45.498+0000] {dag.py:3722} INFO - Setting next_dagrun for example_short_circuit_decorator to 2023-11-27T21:17:45.498395+00:00, run_after=2023-11-28T21:17:45.498395+00:00
[2023-11-28T21:17:45.532+0000] {processor.py:179} INFO - Processing /home/airflow/.local/lib/python3.8/site-packages/airflow/example_dags/example_short_circuit_decorator.py took 0.136 seconds
[2023-11-28T21:18:15.600+0000] {processor.py:157} INFO - Started process (PID=1165) to work on /home/airflow/.local/lib/python3.8/site-packages/airflow/example_dags/example_short_circuit_decorator.py
[2023-11-28T21:18:15.602+0000] {processor.py:829} INFO - Processing file /home/airflow/.local/lib/python3.8/site-packages/airflow/example_dags/example_short_circuit_decorator.py for tasks to queue
[2023-11-28T21:18:15.606+0000] {logging_mixin.py:154} INFO - [2023-11-28T21:18:15.606+0000] {dagbag.py:536} INFO - Filling up the DagBag from /home/airflow/.local/lib/python3.8/site-packages/airflow/example_dags/example_short_circuit_decorator.py
[2023-11-28T21:18:15.623+0000] {processor.py:839} INFO - DAG(s) dict_keys(['example_short_circuit_decorator']) retrieved from /home/airflow/.local/lib/python3.8/site-packages/airflow/example_dags/example_short_circuit_decorator.py
[2023-11-28T21:18:15.669+0000] {logging_mixin.py:154} INFO - [2023-11-28T21:18:15.668+0000] {dag.py:2941} INFO - Sync 1 DAGs
[2023-11-28T21:18:15.705+0000] {logging_mixin.py:154} INFO - [2023-11-28T21:18:15.705+0000] {dag.py:3722} INFO - Setting next_dagrun for example_short_circuit_decorator to 2023-11-27T21:18:15.704631+00:00, run_after=2023-11-28T21:18:15.704631+00:00
[2023-11-28T21:18:15.738+0000] {processor.py:179} INFO - Processing /home/airflow/.local/lib/python3.8/site-packages/airflow/example_dags/example_short_circuit_decorator.py took 0.144 seconds
[2023-11-28T21:18:46.205+0000] {processor.py:157} INFO - Started process (PID=1218) to work on /home/airflow/.local/lib/python3.8/site-packages/airflow/example_dags/example_short_circuit_decorator.py
[2023-11-28T21:18:46.208+0000] {processor.py:829} INFO - Processing file /home/airflow/.local/lib/python3.8/site-packages/airflow/example_dags/example_short_circuit_decorator.py for tasks to queue
[2023-11-28T21:18:46.211+0000] {logging_mixin.py:154} INFO - [2023-11-28T21:18:46.211+0000] {dagbag.py:536} INFO - Filling up the DagBag from /home/airflow/.local/lib/python3.8/site-packages/airflow/example_dags/example_short_circuit_decorator.py
[2023-11-28T21:18:46.225+0000] {processor.py:839} INFO - DAG(s) dict_keys(['example_short_circuit_decorator']) retrieved from /home/airflow/.local/lib/python3.8/site-packages/airflow/example_dags/example_short_circuit_decorator.py
[2023-11-28T21:18:46.268+0000] {logging_mixin.py:154} INFO - [2023-11-28T21:18:46.268+0000] {dag.py:2941} INFO - Sync 1 DAGs
[2023-11-28T21:18:46.299+0000] {logging_mixin.py:154} INFO - [2023-11-28T21:18:46.299+0000] {dag.py:3722} INFO - Setting next_dagrun for example_short_circuit_decorator to 2023-11-27T21:18:46.299205+00:00, run_after=2023-11-28T21:18:46.299205+00:00
[2023-11-28T21:18:46.337+0000] {processor.py:179} INFO - Processing /home/airflow/.local/lib/python3.8/site-packages/airflow/example_dags/example_short_circuit_decorator.py took 0.138 seconds
[2023-11-28T21:19:16.482+0000] {processor.py:157} INFO - Started process (PID=1272) to work on /home/airflow/.local/lib/python3.8/site-packages/airflow/example_dags/example_short_circuit_decorator.py
[2023-11-28T21:19:16.485+0000] {processor.py:829} INFO - Processing file /home/airflow/.local/lib/python3.8/site-packages/airflow/example_dags/example_short_circuit_decorator.py for tasks to queue
[2023-11-28T21:19:16.489+0000] {logging_mixin.py:154} INFO - [2023-11-28T21:19:16.489+0000] {dagbag.py:536} INFO - Filling up the DagBag from /home/airflow/.local/lib/python3.8/site-packages/airflow/example_dags/example_short_circuit_decorator.py
[2023-11-28T21:19:16.504+0000] {processor.py:839} INFO - DAG(s) dict_keys(['example_short_circuit_decorator']) retrieved from /home/airflow/.local/lib/python3.8/site-packages/airflow/example_dags/example_short_circuit_decorator.py
[2023-11-28T21:19:16.542+0000] {logging_mixin.py:154} INFO - [2023-11-28T21:19:16.541+0000] {dag.py:2941} INFO - Sync 1 DAGs
[2023-11-28T21:19:16.578+0000] {logging_mixin.py:154} INFO - [2023-11-28T21:19:16.577+0000] {dag.py:3722} INFO - Setting next_dagrun for example_short_circuit_decorator to 2023-11-27T21:19:16.577379+00:00, run_after=2023-11-28T21:19:16.577379+00:00
[2023-11-28T21:19:16.607+0000] {processor.py:179} INFO - Processing /home/airflow/.local/lib/python3.8/site-packages/airflow/example_dags/example_short_circuit_decorator.py took 0.130 seconds
[2023-11-28T21:19:46.814+0000] {processor.py:157} INFO - Started process (PID=1326) to work on /home/airflow/.local/lib/python3.8/site-packages/airflow/example_dags/example_short_circuit_decorator.py
[2023-11-28T21:19:46.818+0000] {processor.py:829} INFO - Processing file /home/airflow/.local/lib/python3.8/site-packages/airflow/example_dags/example_short_circuit_decorator.py for tasks to queue
[2023-11-28T21:19:46.822+0000] {logging_mixin.py:154} INFO - [2023-11-28T21:19:46.822+0000] {dagbag.py:536} INFO - Filling up the DagBag from /home/airflow/.local/lib/python3.8/site-packages/airflow/example_dags/example_short_circuit_decorator.py
[2023-11-28T21:19:46.836+0000] {processor.py:839} INFO - DAG(s) dict_keys(['example_short_circuit_decorator']) retrieved from /home/airflow/.local/lib/python3.8/site-packages/airflow/example_dags/example_short_circuit_decorator.py
[2023-11-28T21:19:46.875+0000] {logging_mixin.py:154} INFO - [2023-11-28T21:19:46.875+0000] {dag.py:2941} INFO - Sync 1 DAGs
[2023-11-28T21:19:46.906+0000] {logging_mixin.py:154} INFO - [2023-11-28T21:19:46.906+0000] {dag.py:3722} INFO - Setting next_dagrun for example_short_circuit_decorator to 2023-11-27T21:19:46.905858+00:00, run_after=2023-11-28T21:19:46.905858+00:00
[2023-11-28T21:19:46.940+0000] {processor.py:179} INFO - Processing /home/airflow/.local/lib/python3.8/site-packages/airflow/example_dags/example_short_circuit_decorator.py took 0.132 seconds
[2023-11-28T21:20:16.995+0000] {processor.py:157} INFO - Started process (PID=1381) to work on /home/airflow/.local/lib/python3.8/site-packages/airflow/example_dags/example_short_circuit_decorator.py
[2023-11-28T21:20:16.997+0000] {processor.py:829} INFO - Processing file /home/airflow/.local/lib/python3.8/site-packages/airflow/example_dags/example_short_circuit_decorator.py for tasks to queue
[2023-11-28T21:20:17.004+0000] {logging_mixin.py:154} INFO - [2023-11-28T21:20:17.003+0000] {dagbag.py:536} INFO - Filling up the DagBag from /home/airflow/.local/lib/python3.8/site-packages/airflow/example_dags/example_short_circuit_decorator.py
[2023-11-28T21:20:17.022+0000] {processor.py:839} INFO - DAG(s) dict_keys(['example_short_circuit_decorator']) retrieved from /home/airflow/.local/lib/python3.8/site-packages/airflow/example_dags/example_short_circuit_decorator.py
[2023-11-28T21:20:17.071+0000] {logging_mixin.py:154} INFO - [2023-11-28T21:20:17.070+0000] {dag.py:2941} INFO - Sync 1 DAGs
[2023-11-28T21:20:17.109+0000] {logging_mixin.py:154} INFO - [2023-11-28T21:20:17.108+0000] {dag.py:3722} INFO - Setting next_dagrun for example_short_circuit_decorator to 2023-11-27T21:20:17.108313+00:00, run_after=2023-11-28T21:20:17.108313+00:00
[2023-11-28T21:20:17.147+0000] {processor.py:179} INFO - Processing /home/airflow/.local/lib/python3.8/site-packages/airflow/example_dags/example_short_circuit_decorator.py took 0.158 seconds
[2023-11-28T21:20:53.591+0000] {processor.py:157} INFO - Started process (PID=1435) to work on /home/airflow/.local/lib/python3.8/site-packages/airflow/example_dags/example_short_circuit_decorator.py
[2023-11-28T21:20:53.593+0000] {processor.py:829} INFO - Processing file /home/airflow/.local/lib/python3.8/site-packages/airflow/example_dags/example_short_circuit_decorator.py for tasks to queue
[2023-11-28T21:20:53.597+0000] {logging_mixin.py:154} INFO - [2023-11-28T21:20:53.597+0000] {dagbag.py:536} INFO - Filling up the DagBag from /home/airflow/.local/lib/python3.8/site-packages/airflow/example_dags/example_short_circuit_decorator.py
[2023-11-28T21:20:53.612+0000] {processor.py:839} INFO - DAG(s) dict_keys(['example_short_circuit_decorator']) retrieved from /home/airflow/.local/lib/python3.8/site-packages/airflow/example_dags/example_short_circuit_decorator.py
[2023-11-28T21:20:53.658+0000] {logging_mixin.py:154} INFO - [2023-11-28T21:20:53.658+0000] {dag.py:2941} INFO - Sync 1 DAGs
[2023-11-28T21:20:53.693+0000] {logging_mixin.py:154} INFO - [2023-11-28T21:20:53.692+0000] {dag.py:3722} INFO - Setting next_dagrun for example_short_circuit_decorator to 2023-11-27T21:20:53.692473+00:00, run_after=2023-11-28T21:20:53.692473+00:00
[2023-11-28T21:20:53.736+0000] {processor.py:179} INFO - Processing /home/airflow/.local/lib/python3.8/site-packages/airflow/example_dags/example_short_circuit_decorator.py took 0.155 seconds
[2023-11-28T21:21:24.117+0000] {processor.py:157} INFO - Started process (PID=1489) to work on /home/airflow/.local/lib/python3.8/site-packages/airflow/example_dags/example_short_circuit_decorator.py
[2023-11-28T21:21:24.119+0000] {processor.py:829} INFO - Processing file /home/airflow/.local/lib/python3.8/site-packages/airflow/example_dags/example_short_circuit_decorator.py for tasks to queue
[2023-11-28T21:21:24.123+0000] {logging_mixin.py:154} INFO - [2023-11-28T21:21:24.123+0000] {dagbag.py:536} INFO - Filling up the DagBag from /home/airflow/.local/lib/python3.8/site-packages/airflow/example_dags/example_short_circuit_decorator.py
[2023-11-28T21:21:24.137+0000] {processor.py:839} INFO - DAG(s) dict_keys(['example_short_circuit_decorator']) retrieved from /home/airflow/.local/lib/python3.8/site-packages/airflow/example_dags/example_short_circuit_decorator.py
[2023-11-28T21:21:24.176+0000] {logging_mixin.py:154} INFO - [2023-11-28T21:21:24.176+0000] {dag.py:2941} INFO - Sync 1 DAGs
[2023-11-28T21:21:24.212+0000] {logging_mixin.py:154} INFO - [2023-11-28T21:21:24.211+0000] {dag.py:3722} INFO - Setting next_dagrun for example_short_circuit_decorator to 2023-11-27T21:21:24.211197+00:00, run_after=2023-11-28T21:21:24.211197+00:00
[2023-11-28T21:21:24.243+0000] {processor.py:179} INFO - Processing /home/airflow/.local/lib/python3.8/site-packages/airflow/example_dags/example_short_circuit_decorator.py took 0.131 seconds
