[2023-11-28T20:09:43.844+0000] {processor.py:157} INFO - Started process (PID=65) to work on /home/airflow/.local/lib/python3.8/site-packages/airflow/example_dags/example_params_trigger_ui.py
[2023-11-28T20:09:43.872+0000] {processor.py:829} INFO - Processing file /home/airflow/.local/lib/python3.8/site-packages/airflow/example_dags/example_params_trigger_ui.py for tasks to queue
[2023-11-28T20:09:44.146+0000] {logging_mixin.py:154} INFO - [2023-11-28T20:09:44.141+0000] {dagbag.py:536} INFO - Filling up the DagBag from /home/airflow/.local/lib/python3.8/site-packages/airflow/example_dags/example_params_trigger_ui.py
[2023-11-28T20:09:46.630+0000] {processor.py:839} INFO - DAG(s) dict_keys(['example_params_trigger_ui']) retrieved from /home/airflow/.local/lib/python3.8/site-packages/airflow/example_dags/example_params_trigger_ui.py
[2023-11-28T20:09:50.802+0000] {logging_mixin.py:154} INFO - [2023-11-28T20:09:50.799+0000] {dag.py:2941} INFO - Sync 1 DAGs
[2023-11-28T20:09:54.014+0000] {logging_mixin.py:154} INFO - [2023-11-28T20:09:54.010+0000] {dag.py:3722} INFO - Setting next_dagrun for example_params_trigger_ui to None, run_after=None
[2023-11-28T20:09:54.449+0000] {processor.py:179} INFO - Processing /home/airflow/.local/lib/python3.8/site-packages/airflow/example_dags/example_params_trigger_ui.py took 10.676 seconds
[2023-11-28T20:11:19.955+0000] {processor.py:157} INFO - Started process (PID=133) to work on /home/airflow/.local/lib/python3.8/site-packages/airflow/example_dags/example_params_trigger_ui.py
[2023-11-28T20:11:20.029+0000] {processor.py:829} INFO - Processing file /home/airflow/.local/lib/python3.8/site-packages/airflow/example_dags/example_params_trigger_ui.py for tasks to queue
[2023-11-28T20:11:20.323+0000] {logging_mixin.py:154} INFO - [2023-11-28T20:11:20.283+0000] {dagbag.py:536} INFO - Filling up the DagBag from /home/airflow/.local/lib/python3.8/site-packages/airflow/example_dags/example_params_trigger_ui.py
[2023-11-28T20:11:20.592+0000] {processor.py:839} INFO - DAG(s) dict_keys(['example_params_trigger_ui']) retrieved from /home/airflow/.local/lib/python3.8/site-packages/airflow/example_dags/example_params_trigger_ui.py
[2023-11-28T20:11:20.839+0000] {logging_mixin.py:154} INFO - [2023-11-28T20:11:20.839+0000] {dag.py:2941} INFO - Sync 1 DAGs
[2023-11-28T20:11:21.191+0000] {logging_mixin.py:154} INFO - [2023-11-28T20:11:21.189+0000] {dag.py:3722} INFO - Setting next_dagrun for example_params_trigger_ui to None, run_after=None
[2023-11-28T20:11:21.661+0000] {processor.py:179} INFO - Processing /home/airflow/.local/lib/python3.8/site-packages/airflow/example_dags/example_params_trigger_ui.py took 1.853 seconds
[2023-11-28T20:12:04.426+0000] {processor.py:157} INFO - Started process (PID=187) to work on /home/airflow/.local/lib/python3.8/site-packages/airflow/example_dags/example_params_trigger_ui.py
[2023-11-28T20:12:04.428+0000] {processor.py:829} INFO - Processing file /home/airflow/.local/lib/python3.8/site-packages/airflow/example_dags/example_params_trigger_ui.py for tasks to queue
[2023-11-28T20:12:04.432+0000] {logging_mixin.py:154} INFO - [2023-11-28T20:12:04.431+0000] {dagbag.py:536} INFO - Filling up the DagBag from /home/airflow/.local/lib/python3.8/site-packages/airflow/example_dags/example_params_trigger_ui.py
[2023-11-28T20:12:04.460+0000] {processor.py:839} INFO - DAG(s) dict_keys(['example_params_trigger_ui']) retrieved from /home/airflow/.local/lib/python3.8/site-packages/airflow/example_dags/example_params_trigger_ui.py
[2023-11-28T20:12:04.545+0000] {logging_mixin.py:154} INFO - [2023-11-28T20:12:04.544+0000] {dag.py:2941} INFO - Sync 1 DAGs
[2023-11-28T20:12:04.564+0000] {logging_mixin.py:154} INFO - [2023-11-28T20:12:04.564+0000] {dag.py:3722} INFO - Setting next_dagrun for example_params_trigger_ui to None, run_after=None
[2023-11-28T20:12:04.594+0000] {processor.py:179} INFO - Processing /home/airflow/.local/lib/python3.8/site-packages/airflow/example_dags/example_params_trigger_ui.py took 0.175 seconds
[2023-11-28T20:12:39.632+0000] {processor.py:157} INFO - Started process (PID=231) to work on /home/airflow/.local/lib/python3.8/site-packages/airflow/example_dags/example_params_trigger_ui.py
[2023-11-28T20:12:39.635+0000] {processor.py:829} INFO - Processing file /home/airflow/.local/lib/python3.8/site-packages/airflow/example_dags/example_params_trigger_ui.py for tasks to queue
[2023-11-28T20:12:39.650+0000] {logging_mixin.py:154} INFO - [2023-11-28T20:12:39.650+0000] {dagbag.py:536} INFO - Filling up the DagBag from /home/airflow/.local/lib/python3.8/site-packages/airflow/example_dags/example_params_trigger_ui.py
[2023-11-28T20:12:39.714+0000] {processor.py:839} INFO - DAG(s) dict_keys(['example_params_trigger_ui']) retrieved from /home/airflow/.local/lib/python3.8/site-packages/airflow/example_dags/example_params_trigger_ui.py
[2023-11-28T20:12:40.199+0000] {logging_mixin.py:154} INFO - [2023-11-28T20:12:40.199+0000] {dag.py:2941} INFO - Sync 1 DAGs
[2023-11-28T20:12:40.344+0000] {logging_mixin.py:154} INFO - [2023-11-28T20:12:40.343+0000] {dag.py:3722} INFO - Setting next_dagrun for example_params_trigger_ui to None, run_after=None
[2023-11-28T20:12:40.432+0000] {processor.py:179} INFO - Processing /home/airflow/.local/lib/python3.8/site-packages/airflow/example_dags/example_params_trigger_ui.py took 0.808 seconds
[2023-11-28T20:13:10.975+0000] {processor.py:157} INFO - Started process (PID=284) to work on /home/airflow/.local/lib/python3.8/site-packages/airflow/example_dags/example_params_trigger_ui.py
[2023-11-28T20:13:10.977+0000] {processor.py:829} INFO - Processing file /home/airflow/.local/lib/python3.8/site-packages/airflow/example_dags/example_params_trigger_ui.py for tasks to queue
[2023-11-28T20:13:10.982+0000] {logging_mixin.py:154} INFO - [2023-11-28T20:13:10.981+0000] {dagbag.py:536} INFO - Filling up the DagBag from /home/airflow/.local/lib/python3.8/site-packages/airflow/example_dags/example_params_trigger_ui.py
[2023-11-28T20:13:11.013+0000] {processor.py:839} INFO - DAG(s) dict_keys(['example_params_trigger_ui']) retrieved from /home/airflow/.local/lib/python3.8/site-packages/airflow/example_dags/example_params_trigger_ui.py
[2023-11-28T20:13:11.265+0000] {logging_mixin.py:154} INFO - [2023-11-28T20:13:11.265+0000] {dag.py:2941} INFO - Sync 1 DAGs
[2023-11-28T20:13:11.364+0000] {logging_mixin.py:154} INFO - [2023-11-28T20:13:11.363+0000] {dag.py:3722} INFO - Setting next_dagrun for example_params_trigger_ui to None, run_after=None
[2023-11-28T20:13:11.616+0000] {processor.py:179} INFO - Processing /home/airflow/.local/lib/python3.8/site-packages/airflow/example_dags/example_params_trigger_ui.py took 0.646 seconds
[2023-11-28T20:13:41.851+0000] {processor.py:157} INFO - Started process (PID=339) to work on /home/airflow/.local/lib/python3.8/site-packages/airflow/example_dags/example_params_trigger_ui.py
[2023-11-28T20:13:41.855+0000] {processor.py:829} INFO - Processing file /home/airflow/.local/lib/python3.8/site-packages/airflow/example_dags/example_params_trigger_ui.py for tasks to queue
[2023-11-28T20:13:41.862+0000] {logging_mixin.py:154} INFO - [2023-11-28T20:13:41.861+0000] {dagbag.py:536} INFO - Filling up the DagBag from /home/airflow/.local/lib/python3.8/site-packages/airflow/example_dags/example_params_trigger_ui.py
[2023-11-28T20:13:41.925+0000] {processor.py:839} INFO - DAG(s) dict_keys(['example_params_trigger_ui']) retrieved from /home/airflow/.local/lib/python3.8/site-packages/airflow/example_dags/example_params_trigger_ui.py
[2023-11-28T20:13:42.049+0000] {logging_mixin.py:154} INFO - [2023-11-28T20:13:42.049+0000] {dag.py:2941} INFO - Sync 1 DAGs
[2023-11-28T20:13:42.073+0000] {logging_mixin.py:154} INFO - [2023-11-28T20:13:42.073+0000] {dag.py:3722} INFO - Setting next_dagrun for example_params_trigger_ui to None, run_after=None
[2023-11-28T20:13:42.113+0000] {processor.py:179} INFO - Processing /home/airflow/.local/lib/python3.8/site-packages/airflow/example_dags/example_params_trigger_ui.py took 0.270 seconds
[2023-11-28T20:14:12.291+0000] {processor.py:157} INFO - Started process (PID=392) to work on /home/airflow/.local/lib/python3.8/site-packages/airflow/example_dags/example_params_trigger_ui.py
[2023-11-28T20:14:12.293+0000] {processor.py:829} INFO - Processing file /home/airflow/.local/lib/python3.8/site-packages/airflow/example_dags/example_params_trigger_ui.py for tasks to queue
[2023-11-28T20:14:12.297+0000] {logging_mixin.py:154} INFO - [2023-11-28T20:14:12.297+0000] {dagbag.py:536} INFO - Filling up the DagBag from /home/airflow/.local/lib/python3.8/site-packages/airflow/example_dags/example_params_trigger_ui.py
[2023-11-28T20:14:12.325+0000] {processor.py:839} INFO - DAG(s) dict_keys(['example_params_trigger_ui']) retrieved from /home/airflow/.local/lib/python3.8/site-packages/airflow/example_dags/example_params_trigger_ui.py
[2023-11-28T20:14:12.404+0000] {logging_mixin.py:154} INFO - [2023-11-28T20:14:12.404+0000] {dag.py:2941} INFO - Sync 1 DAGs
[2023-11-28T20:14:12.425+0000] {logging_mixin.py:154} INFO - [2023-11-28T20:14:12.425+0000] {dag.py:3722} INFO - Setting next_dagrun for example_params_trigger_ui to None, run_after=None
[2023-11-28T20:14:12.456+0000] {processor.py:179} INFO - Processing /home/airflow/.local/lib/python3.8/site-packages/airflow/example_dags/example_params_trigger_ui.py took 0.171 seconds
[2023-11-28T20:14:43.110+0000] {processor.py:157} INFO - Started process (PID=446) to work on /home/airflow/.local/lib/python3.8/site-packages/airflow/example_dags/example_params_trigger_ui.py
[2023-11-28T20:14:43.114+0000] {processor.py:829} INFO - Processing file /home/airflow/.local/lib/python3.8/site-packages/airflow/example_dags/example_params_trigger_ui.py for tasks to queue
[2023-11-28T20:14:43.120+0000] {logging_mixin.py:154} INFO - [2023-11-28T20:14:43.119+0000] {dagbag.py:536} INFO - Filling up the DagBag from /home/airflow/.local/lib/python3.8/site-packages/airflow/example_dags/example_params_trigger_ui.py
[2023-11-28T20:14:43.149+0000] {processor.py:839} INFO - DAG(s) dict_keys(['example_params_trigger_ui']) retrieved from /home/airflow/.local/lib/python3.8/site-packages/airflow/example_dags/example_params_trigger_ui.py
[2023-11-28T20:14:43.240+0000] {logging_mixin.py:154} INFO - [2023-11-28T20:14:43.240+0000] {dag.py:2941} INFO - Sync 1 DAGs
[2023-11-28T20:14:43.260+0000] {logging_mixin.py:154} INFO - [2023-11-28T20:14:43.259+0000] {dag.py:3722} INFO - Setting next_dagrun for example_params_trigger_ui to None, run_after=None
[2023-11-28T20:14:43.295+0000] {processor.py:179} INFO - Processing /home/airflow/.local/lib/python3.8/site-packages/airflow/example_dags/example_params_trigger_ui.py took 0.191 seconds
[2023-11-28T20:15:13.762+0000] {processor.py:157} INFO - Started process (PID=500) to work on /home/airflow/.local/lib/python3.8/site-packages/airflow/example_dags/example_params_trigger_ui.py
[2023-11-28T20:15:13.764+0000] {processor.py:829} INFO - Processing file /home/airflow/.local/lib/python3.8/site-packages/airflow/example_dags/example_params_trigger_ui.py for tasks to queue
[2023-11-28T20:15:13.769+0000] {logging_mixin.py:154} INFO - [2023-11-28T20:15:13.769+0000] {dagbag.py:536} INFO - Filling up the DagBag from /home/airflow/.local/lib/python3.8/site-packages/airflow/example_dags/example_params_trigger_ui.py
[2023-11-28T20:15:13.799+0000] {processor.py:839} INFO - DAG(s) dict_keys(['example_params_trigger_ui']) retrieved from /home/airflow/.local/lib/python3.8/site-packages/airflow/example_dags/example_params_trigger_ui.py
[2023-11-28T20:15:13.922+0000] {logging_mixin.py:154} INFO - [2023-11-28T20:15:13.922+0000] {dag.py:2941} INFO - Sync 1 DAGs
[2023-11-28T20:15:13.946+0000] {logging_mixin.py:154} INFO - [2023-11-28T20:15:13.946+0000] {dag.py:3722} INFO - Setting next_dagrun for example_params_trigger_ui to None, run_after=None
[2023-11-28T20:15:13.993+0000] {processor.py:179} INFO - Processing /home/airflow/.local/lib/python3.8/site-packages/airflow/example_dags/example_params_trigger_ui.py took 0.236 seconds
[2023-11-28T20:15:44.514+0000] {processor.py:157} INFO - Started process (PID=554) to work on /home/airflow/.local/lib/python3.8/site-packages/airflow/example_dags/example_params_trigger_ui.py
[2023-11-28T20:15:44.515+0000] {processor.py:829} INFO - Processing file /home/airflow/.local/lib/python3.8/site-packages/airflow/example_dags/example_params_trigger_ui.py for tasks to queue
[2023-11-28T20:15:44.520+0000] {logging_mixin.py:154} INFO - [2023-11-28T20:15:44.519+0000] {dagbag.py:536} INFO - Filling up the DagBag from /home/airflow/.local/lib/python3.8/site-packages/airflow/example_dags/example_params_trigger_ui.py
[2023-11-28T20:15:44.545+0000] {processor.py:839} INFO - DAG(s) dict_keys(['example_params_trigger_ui']) retrieved from /home/airflow/.local/lib/python3.8/site-packages/airflow/example_dags/example_params_trigger_ui.py
[2023-11-28T20:15:44.642+0000] {logging_mixin.py:154} INFO - [2023-11-28T20:15:44.642+0000] {dag.py:2941} INFO - Sync 1 DAGs
[2023-11-28T20:15:44.659+0000] {logging_mixin.py:154} INFO - [2023-11-28T20:15:44.659+0000] {dag.py:3722} INFO - Setting next_dagrun for example_params_trigger_ui to None, run_after=None
[2023-11-28T20:15:44.691+0000] {processor.py:179} INFO - Processing /home/airflow/.local/lib/python3.8/site-packages/airflow/example_dags/example_params_trigger_ui.py took 0.183 seconds
[2023-11-28T20:16:14.833+0000] {processor.py:157} INFO - Started process (PID=608) to work on /home/airflow/.local/lib/python3.8/site-packages/airflow/example_dags/example_params_trigger_ui.py
[2023-11-28T20:16:14.835+0000] {processor.py:829} INFO - Processing file /home/airflow/.local/lib/python3.8/site-packages/airflow/example_dags/example_params_trigger_ui.py for tasks to queue
[2023-11-28T20:16:14.839+0000] {logging_mixin.py:154} INFO - [2023-11-28T20:16:14.839+0000] {dagbag.py:536} INFO - Filling up the DagBag from /home/airflow/.local/lib/python3.8/site-packages/airflow/example_dags/example_params_trigger_ui.py
[2023-11-28T20:16:14.868+0000] {processor.py:839} INFO - DAG(s) dict_keys(['example_params_trigger_ui']) retrieved from /home/airflow/.local/lib/python3.8/site-packages/airflow/example_dags/example_params_trigger_ui.py
[2023-11-28T20:16:14.955+0000] {logging_mixin.py:154} INFO - [2023-11-28T20:16:14.954+0000] {dag.py:2941} INFO - Sync 1 DAGs
[2023-11-28T20:16:14.981+0000] {logging_mixin.py:154} INFO - [2023-11-28T20:16:14.981+0000] {dag.py:3722} INFO - Setting next_dagrun for example_params_trigger_ui to None, run_after=None
[2023-11-28T20:16:15.030+0000] {processor.py:179} INFO - Processing /home/airflow/.local/lib/python3.8/site-packages/airflow/example_dags/example_params_trigger_ui.py took 0.202 seconds
[2023-11-28T20:16:45.132+0000] {processor.py:157} INFO - Started process (PID=662) to work on /home/airflow/.local/lib/python3.8/site-packages/airflow/example_dags/example_params_trigger_ui.py
[2023-11-28T20:16:45.133+0000] {processor.py:829} INFO - Processing file /home/airflow/.local/lib/python3.8/site-packages/airflow/example_dags/example_params_trigger_ui.py for tasks to queue
[2023-11-28T20:16:45.138+0000] {logging_mixin.py:154} INFO - [2023-11-28T20:16:45.137+0000] {dagbag.py:536} INFO - Filling up the DagBag from /home/airflow/.local/lib/python3.8/site-packages/airflow/example_dags/example_params_trigger_ui.py
[2023-11-28T20:16:45.165+0000] {processor.py:839} INFO - DAG(s) dict_keys(['example_params_trigger_ui']) retrieved from /home/airflow/.local/lib/python3.8/site-packages/airflow/example_dags/example_params_trigger_ui.py
[2023-11-28T20:16:45.243+0000] {logging_mixin.py:154} INFO - [2023-11-28T20:16:45.243+0000] {dag.py:2941} INFO - Sync 1 DAGs
[2023-11-28T20:16:45.262+0000] {logging_mixin.py:154} INFO - [2023-11-28T20:16:45.262+0000] {dag.py:3722} INFO - Setting next_dagrun for example_params_trigger_ui to None, run_after=None
[2023-11-28T20:16:45.295+0000] {processor.py:179} INFO - Processing /home/airflow/.local/lib/python3.8/site-packages/airflow/example_dags/example_params_trigger_ui.py took 0.169 seconds
[2023-11-28T20:17:15.458+0000] {processor.py:157} INFO - Started process (PID=717) to work on /home/airflow/.local/lib/python3.8/site-packages/airflow/example_dags/example_params_trigger_ui.py
[2023-11-28T20:17:15.460+0000] {processor.py:829} INFO - Processing file /home/airflow/.local/lib/python3.8/site-packages/airflow/example_dags/example_params_trigger_ui.py for tasks to queue
[2023-11-28T20:17:15.465+0000] {logging_mixin.py:154} INFO - [2023-11-28T20:17:15.464+0000] {dagbag.py:536} INFO - Filling up the DagBag from /home/airflow/.local/lib/python3.8/site-packages/airflow/example_dags/example_params_trigger_ui.py
[2023-11-28T20:17:15.490+0000] {processor.py:839} INFO - DAG(s) dict_keys(['example_params_trigger_ui']) retrieved from /home/airflow/.local/lib/python3.8/site-packages/airflow/example_dags/example_params_trigger_ui.py
[2023-11-28T20:17:15.571+0000] {logging_mixin.py:154} INFO - [2023-11-28T20:17:15.571+0000] {dag.py:2941} INFO - Sync 1 DAGs
[2023-11-28T20:17:15.590+0000] {logging_mixin.py:154} INFO - [2023-11-28T20:17:15.589+0000] {dag.py:3722} INFO - Setting next_dagrun for example_params_trigger_ui to None, run_after=None
[2023-11-28T20:17:15.622+0000] {processor.py:179} INFO - Processing /home/airflow/.local/lib/python3.8/site-packages/airflow/example_dags/example_params_trigger_ui.py took 0.169 seconds
[2023-11-28T20:17:45.761+0000] {processor.py:157} INFO - Started process (PID=770) to work on /home/airflow/.local/lib/python3.8/site-packages/airflow/example_dags/example_params_trigger_ui.py
[2023-11-28T20:17:45.763+0000] {processor.py:829} INFO - Processing file /home/airflow/.local/lib/python3.8/site-packages/airflow/example_dags/example_params_trigger_ui.py for tasks to queue
[2023-11-28T20:17:45.768+0000] {logging_mixin.py:154} INFO - [2023-11-28T20:17:45.768+0000] {dagbag.py:536} INFO - Filling up the DagBag from /home/airflow/.local/lib/python3.8/site-packages/airflow/example_dags/example_params_trigger_ui.py
[2023-11-28T20:17:45.800+0000] {processor.py:839} INFO - DAG(s) dict_keys(['example_params_trigger_ui']) retrieved from /home/airflow/.local/lib/python3.8/site-packages/airflow/example_dags/example_params_trigger_ui.py
[2023-11-28T20:17:45.885+0000] {logging_mixin.py:154} INFO - [2023-11-28T20:17:45.885+0000] {dag.py:2941} INFO - Sync 1 DAGs
[2023-11-28T20:17:45.904+0000] {logging_mixin.py:154} INFO - [2023-11-28T20:17:45.903+0000] {dag.py:3722} INFO - Setting next_dagrun for example_params_trigger_ui to None, run_after=None
[2023-11-28T20:17:45.934+0000] {processor.py:179} INFO - Processing /home/airflow/.local/lib/python3.8/site-packages/airflow/example_dags/example_params_trigger_ui.py took 0.178 seconds
[2023-11-28T20:18:16.566+0000] {processor.py:157} INFO - Started process (PID=825) to work on /home/airflow/.local/lib/python3.8/site-packages/airflow/example_dags/example_params_trigger_ui.py
[2023-11-28T20:18:16.569+0000] {processor.py:829} INFO - Processing file /home/airflow/.local/lib/python3.8/site-packages/airflow/example_dags/example_params_trigger_ui.py for tasks to queue
[2023-11-28T20:18:16.573+0000] {logging_mixin.py:154} INFO - [2023-11-28T20:18:16.572+0000] {dagbag.py:536} INFO - Filling up the DagBag from /home/airflow/.local/lib/python3.8/site-packages/airflow/example_dags/example_params_trigger_ui.py
[2023-11-28T20:18:16.602+0000] {processor.py:839} INFO - DAG(s) dict_keys(['example_params_trigger_ui']) retrieved from /home/airflow/.local/lib/python3.8/site-packages/airflow/example_dags/example_params_trigger_ui.py
[2023-11-28T20:18:16.684+0000] {logging_mixin.py:154} INFO - [2023-11-28T20:18:16.684+0000] {dag.py:2941} INFO - Sync 1 DAGs
[2023-11-28T20:18:16.703+0000] {logging_mixin.py:154} INFO - [2023-11-28T20:18:16.703+0000] {dag.py:3722} INFO - Setting next_dagrun for example_params_trigger_ui to None, run_after=None
[2023-11-28T20:18:16.742+0000] {processor.py:179} INFO - Processing /home/airflow/.local/lib/python3.8/site-packages/airflow/example_dags/example_params_trigger_ui.py took 0.181 seconds
[2023-11-28T20:18:47.023+0000] {processor.py:157} INFO - Started process (PID=879) to work on /home/airflow/.local/lib/python3.8/site-packages/airflow/example_dags/example_params_trigger_ui.py
[2023-11-28T20:18:47.025+0000] {processor.py:829} INFO - Processing file /home/airflow/.local/lib/python3.8/site-packages/airflow/example_dags/example_params_trigger_ui.py for tasks to queue
[2023-11-28T20:18:47.030+0000] {logging_mixin.py:154} INFO - [2023-11-28T20:18:47.029+0000] {dagbag.py:536} INFO - Filling up the DagBag from /home/airflow/.local/lib/python3.8/site-packages/airflow/example_dags/example_params_trigger_ui.py
[2023-11-28T20:18:47.055+0000] {processor.py:839} INFO - DAG(s) dict_keys(['example_params_trigger_ui']) retrieved from /home/airflow/.local/lib/python3.8/site-packages/airflow/example_dags/example_params_trigger_ui.py
[2023-11-28T20:18:47.133+0000] {logging_mixin.py:154} INFO - [2023-11-28T20:18:47.133+0000] {dag.py:2941} INFO - Sync 1 DAGs
[2023-11-28T20:18:47.153+0000] {logging_mixin.py:154} INFO - [2023-11-28T20:18:47.152+0000] {dag.py:3722} INFO - Setting next_dagrun for example_params_trigger_ui to None, run_after=None
[2023-11-28T20:18:47.183+0000] {processor.py:179} INFO - Processing /home/airflow/.local/lib/python3.8/site-packages/airflow/example_dags/example_params_trigger_ui.py took 0.166 seconds
[2023-11-28T20:19:17.349+0000] {processor.py:157} INFO - Started process (PID=933) to work on /home/airflow/.local/lib/python3.8/site-packages/airflow/example_dags/example_params_trigger_ui.py
[2023-11-28T20:19:17.350+0000] {processor.py:829} INFO - Processing file /home/airflow/.local/lib/python3.8/site-packages/airflow/example_dags/example_params_trigger_ui.py for tasks to queue
[2023-11-28T20:19:17.354+0000] {logging_mixin.py:154} INFO - [2023-11-28T20:19:17.353+0000] {dagbag.py:536} INFO - Filling up the DagBag from /home/airflow/.local/lib/python3.8/site-packages/airflow/example_dags/example_params_trigger_ui.py
[2023-11-28T20:19:17.381+0000] {processor.py:839} INFO - DAG(s) dict_keys(['example_params_trigger_ui']) retrieved from /home/airflow/.local/lib/python3.8/site-packages/airflow/example_dags/example_params_trigger_ui.py
[2023-11-28T20:19:17.459+0000] {logging_mixin.py:154} INFO - [2023-11-28T20:19:17.459+0000] {dag.py:2941} INFO - Sync 1 DAGs
[2023-11-28T20:19:17.480+0000] {logging_mixin.py:154} INFO - [2023-11-28T20:19:17.480+0000] {dag.py:3722} INFO - Setting next_dagrun for example_params_trigger_ui to None, run_after=None
[2023-11-28T20:19:17.702+0000] {processor.py:179} INFO - Processing /home/airflow/.local/lib/python3.8/site-packages/airflow/example_dags/example_params_trigger_ui.py took 0.360 seconds
[2023-11-28T20:19:48.394+0000] {processor.py:157} INFO - Started process (PID=987) to work on /home/airflow/.local/lib/python3.8/site-packages/airflow/example_dags/example_params_trigger_ui.py
[2023-11-28T20:19:48.395+0000] {processor.py:829} INFO - Processing file /home/airflow/.local/lib/python3.8/site-packages/airflow/example_dags/example_params_trigger_ui.py for tasks to queue
[2023-11-28T20:19:48.400+0000] {logging_mixin.py:154} INFO - [2023-11-28T20:19:48.399+0000] {dagbag.py:536} INFO - Filling up the DagBag from /home/airflow/.local/lib/python3.8/site-packages/airflow/example_dags/example_params_trigger_ui.py
[2023-11-28T20:19:48.428+0000] {processor.py:839} INFO - DAG(s) dict_keys(['example_params_trigger_ui']) retrieved from /home/airflow/.local/lib/python3.8/site-packages/airflow/example_dags/example_params_trigger_ui.py
[2023-11-28T20:19:48.511+0000] {logging_mixin.py:154} INFO - [2023-11-28T20:19:48.511+0000] {dag.py:2941} INFO - Sync 1 DAGs
[2023-11-28T20:19:48.532+0000] {logging_mixin.py:154} INFO - [2023-11-28T20:19:48.532+0000] {dag.py:3722} INFO - Setting next_dagrun for example_params_trigger_ui to None, run_after=None
[2023-11-28T20:19:48.564+0000] {processor.py:179} INFO - Processing /home/airflow/.local/lib/python3.8/site-packages/airflow/example_dags/example_params_trigger_ui.py took 0.176 seconds
[2023-11-28T20:20:19.154+0000] {processor.py:157} INFO - Started process (PID=1041) to work on /home/airflow/.local/lib/python3.8/site-packages/airflow/example_dags/example_params_trigger_ui.py
[2023-11-28T20:20:19.156+0000] {processor.py:829} INFO - Processing file /home/airflow/.local/lib/python3.8/site-packages/airflow/example_dags/example_params_trigger_ui.py for tasks to queue
[2023-11-28T20:20:19.161+0000] {logging_mixin.py:154} INFO - [2023-11-28T20:20:19.160+0000] {dagbag.py:536} INFO - Filling up the DagBag from /home/airflow/.local/lib/python3.8/site-packages/airflow/example_dags/example_params_trigger_ui.py
[2023-11-28T20:20:19.188+0000] {processor.py:839} INFO - DAG(s) dict_keys(['example_params_trigger_ui']) retrieved from /home/airflow/.local/lib/python3.8/site-packages/airflow/example_dags/example_params_trigger_ui.py
[2023-11-28T20:20:19.274+0000] {logging_mixin.py:154} INFO - [2023-11-28T20:20:19.273+0000] {dag.py:2941} INFO - Sync 1 DAGs
[2023-11-28T20:20:19.292+0000] {logging_mixin.py:154} INFO - [2023-11-28T20:20:19.292+0000] {dag.py:3722} INFO - Setting next_dagrun for example_params_trigger_ui to None, run_after=None
[2023-11-28T20:20:19.325+0000] {processor.py:179} INFO - Processing /home/airflow/.local/lib/python3.8/site-packages/airflow/example_dags/example_params_trigger_ui.py took 0.176 seconds
[2023-11-28T20:20:49.739+0000] {processor.py:157} INFO - Started process (PID=1096) to work on /home/airflow/.local/lib/python3.8/site-packages/airflow/example_dags/example_params_trigger_ui.py
[2023-11-28T20:20:49.740+0000] {processor.py:829} INFO - Processing file /home/airflow/.local/lib/python3.8/site-packages/airflow/example_dags/example_params_trigger_ui.py for tasks to queue
[2023-11-28T20:20:49.744+0000] {logging_mixin.py:154} INFO - [2023-11-28T20:20:49.743+0000] {dagbag.py:536} INFO - Filling up the DagBag from /home/airflow/.local/lib/python3.8/site-packages/airflow/example_dags/example_params_trigger_ui.py
[2023-11-28T20:20:49.771+0000] {processor.py:839} INFO - DAG(s) dict_keys(['example_params_trigger_ui']) retrieved from /home/airflow/.local/lib/python3.8/site-packages/airflow/example_dags/example_params_trigger_ui.py
[2023-11-28T20:20:50.052+0000] {logging_mixin.py:154} INFO - [2023-11-28T20:20:50.052+0000] {dag.py:2941} INFO - Sync 1 DAGs
[2023-11-28T20:20:50.067+0000] {logging_mixin.py:154} INFO - [2023-11-28T20:20:50.067+0000] {dag.py:3722} INFO - Setting next_dagrun for example_params_trigger_ui to None, run_after=None
[2023-11-28T20:20:50.097+0000] {processor.py:179} INFO - Processing /home/airflow/.local/lib/python3.8/site-packages/airflow/example_dags/example_params_trigger_ui.py took 0.363 seconds
[2023-11-28T20:21:20.173+0000] {processor.py:157} INFO - Started process (PID=1150) to work on /home/airflow/.local/lib/python3.8/site-packages/airflow/example_dags/example_params_trigger_ui.py
[2023-11-28T20:21:20.174+0000] {processor.py:829} INFO - Processing file /home/airflow/.local/lib/python3.8/site-packages/airflow/example_dags/example_params_trigger_ui.py for tasks to queue
[2023-11-28T20:21:20.179+0000] {logging_mixin.py:154} INFO - [2023-11-28T20:21:20.179+0000] {dagbag.py:536} INFO - Filling up the DagBag from /home/airflow/.local/lib/python3.8/site-packages/airflow/example_dags/example_params_trigger_ui.py
[2023-11-28T20:21:20.206+0000] {processor.py:839} INFO - DAG(s) dict_keys(['example_params_trigger_ui']) retrieved from /home/airflow/.local/lib/python3.8/site-packages/airflow/example_dags/example_params_trigger_ui.py
[2023-11-28T20:21:20.284+0000] {logging_mixin.py:154} INFO - [2023-11-28T20:21:20.284+0000] {dag.py:2941} INFO - Sync 1 DAGs
[2023-11-28T20:21:20.488+0000] {logging_mixin.py:154} INFO - [2023-11-28T20:21:20.488+0000] {dag.py:3722} INFO - Setting next_dagrun for example_params_trigger_ui to None, run_after=None
[2023-11-28T20:21:20.518+0000] {processor.py:179} INFO - Processing /home/airflow/.local/lib/python3.8/site-packages/airflow/example_dags/example_params_trigger_ui.py took 0.350 seconds
[2023-11-28T20:21:50.685+0000] {processor.py:157} INFO - Started process (PID=1204) to work on /home/airflow/.local/lib/python3.8/site-packages/airflow/example_dags/example_params_trigger_ui.py
[2023-11-28T20:21:50.687+0000] {processor.py:829} INFO - Processing file /home/airflow/.local/lib/python3.8/site-packages/airflow/example_dags/example_params_trigger_ui.py for tasks to queue
[2023-11-28T20:21:50.690+0000] {logging_mixin.py:154} INFO - [2023-11-28T20:21:50.690+0000] {dagbag.py:536} INFO - Filling up the DagBag from /home/airflow/.local/lib/python3.8/site-packages/airflow/example_dags/example_params_trigger_ui.py
[2023-11-28T20:21:50.717+0000] {processor.py:839} INFO - DAG(s) dict_keys(['example_params_trigger_ui']) retrieved from /home/airflow/.local/lib/python3.8/site-packages/airflow/example_dags/example_params_trigger_ui.py
[2023-11-28T20:21:50.791+0000] {logging_mixin.py:154} INFO - [2023-11-28T20:21:50.791+0000] {dag.py:2941} INFO - Sync 1 DAGs
[2023-11-28T20:21:50.809+0000] {logging_mixin.py:154} INFO - [2023-11-28T20:21:50.809+0000] {dag.py:3722} INFO - Setting next_dagrun for example_params_trigger_ui to None, run_after=None
[2023-11-28T20:21:50.845+0000] {processor.py:179} INFO - Processing /home/airflow/.local/lib/python3.8/site-packages/airflow/example_dags/example_params_trigger_ui.py took 0.167 seconds
[2023-11-28T20:22:21.555+0000] {processor.py:157} INFO - Started process (PID=1258) to work on /home/airflow/.local/lib/python3.8/site-packages/airflow/example_dags/example_params_trigger_ui.py
[2023-11-28T20:22:21.556+0000] {processor.py:829} INFO - Processing file /home/airflow/.local/lib/python3.8/site-packages/airflow/example_dags/example_params_trigger_ui.py for tasks to queue
[2023-11-28T20:22:21.560+0000] {logging_mixin.py:154} INFO - [2023-11-28T20:22:21.560+0000] {dagbag.py:536} INFO - Filling up the DagBag from /home/airflow/.local/lib/python3.8/site-packages/airflow/example_dags/example_params_trigger_ui.py
[2023-11-28T20:22:21.587+0000] {processor.py:839} INFO - DAG(s) dict_keys(['example_params_trigger_ui']) retrieved from /home/airflow/.local/lib/python3.8/site-packages/airflow/example_dags/example_params_trigger_ui.py
[2023-11-28T20:22:21.660+0000] {logging_mixin.py:154} INFO - [2023-11-28T20:22:21.660+0000] {dag.py:2941} INFO - Sync 1 DAGs
[2023-11-28T20:22:21.678+0000] {logging_mixin.py:154} INFO - [2023-11-28T20:22:21.677+0000] {dag.py:3722} INFO - Setting next_dagrun for example_params_trigger_ui to None, run_after=None
[2023-11-28T20:22:21.723+0000] {processor.py:179} INFO - Processing /home/airflow/.local/lib/python3.8/site-packages/airflow/example_dags/example_params_trigger_ui.py took 0.174 seconds
[2023-11-28T20:22:52.187+0000] {processor.py:157} INFO - Started process (PID=1312) to work on /home/airflow/.local/lib/python3.8/site-packages/airflow/example_dags/example_params_trigger_ui.py
[2023-11-28T20:22:52.194+0000] {processor.py:829} INFO - Processing file /home/airflow/.local/lib/python3.8/site-packages/airflow/example_dags/example_params_trigger_ui.py for tasks to queue
[2023-11-28T20:22:52.204+0000] {logging_mixin.py:154} INFO - [2023-11-28T20:22:52.204+0000] {dagbag.py:536} INFO - Filling up the DagBag from /home/airflow/.local/lib/python3.8/site-packages/airflow/example_dags/example_params_trigger_ui.py
[2023-11-28T20:22:52.238+0000] {processor.py:839} INFO - DAG(s) dict_keys(['example_params_trigger_ui']) retrieved from /home/airflow/.local/lib/python3.8/site-packages/airflow/example_dags/example_params_trigger_ui.py
[2023-11-28T20:22:52.527+0000] {logging_mixin.py:154} INFO - [2023-11-28T20:22:52.526+0000] {dag.py:2941} INFO - Sync 1 DAGs
[2023-11-28T20:22:52.543+0000] {logging_mixin.py:154} INFO - [2023-11-28T20:22:52.543+0000] {dag.py:3722} INFO - Setting next_dagrun for example_params_trigger_ui to None, run_after=None
[2023-11-28T20:22:52.572+0000] {processor.py:179} INFO - Processing /home/airflow/.local/lib/python3.8/site-packages/airflow/example_dags/example_params_trigger_ui.py took 0.397 seconds
[2023-11-28T21:07:55.009+0000] {processor.py:157} INFO - Started process (PID=60) to work on /home/airflow/.local/lib/python3.8/site-packages/airflow/example_dags/example_params_trigger_ui.py
[2023-11-28T21:07:55.011+0000] {processor.py:829} INFO - Processing file /home/airflow/.local/lib/python3.8/site-packages/airflow/example_dags/example_params_trigger_ui.py for tasks to queue
[2023-11-28T21:07:55.015+0000] {logging_mixin.py:154} INFO - [2023-11-28T21:07:55.015+0000] {dagbag.py:536} INFO - Filling up the DagBag from /home/airflow/.local/lib/python3.8/site-packages/airflow/example_dags/example_params_trigger_ui.py
[2023-11-28T21:07:55.050+0000] {processor.py:839} INFO - DAG(s) dict_keys(['example_params_trigger_ui']) retrieved from /home/airflow/.local/lib/python3.8/site-packages/airflow/example_dags/example_params_trigger_ui.py
[2023-11-28T21:07:55.369+0000] {logging_mixin.py:154} INFO - [2023-11-28T21:07:55.368+0000] {manager.py:499} INFO - Created Permission View: %s
[2023-11-28T21:07:55.397+0000] {logging_mixin.py:154} INFO - [2023-11-28T21:07:55.396+0000] {manager.py:499} INFO - Created Permission View: %s
[2023-11-28T21:07:55.417+0000] {logging_mixin.py:154} INFO - [2023-11-28T21:07:55.417+0000] {manager.py:499} INFO - Created Permission View: %s
[2023-11-28T21:07:55.420+0000] {logging_mixin.py:154} INFO - [2023-11-28T21:07:55.419+0000] {dag.py:2941} INFO - Sync 1 DAGs
[2023-11-28T21:07:55.456+0000] {logging_mixin.py:154} INFO - [2023-11-28T21:07:55.455+0000] {dag.py:2963} INFO - Creating ORM DAG for example_params_trigger_ui
[2023-11-28T21:07:55.458+0000] {logging_mixin.py:154} INFO - [2023-11-28T21:07:55.457+0000] {dag.py:3722} INFO - Setting next_dagrun for example_params_trigger_ui to None, run_after=None
[2023-11-28T21:07:55.492+0000] {processor.py:179} INFO - Processing /home/airflow/.local/lib/python3.8/site-packages/airflow/example_dags/example_params_trigger_ui.py took 0.489 seconds
[2023-11-28T21:08:26.469+0000] {processor.py:157} INFO - Started process (PID=114) to work on /home/airflow/.local/lib/python3.8/site-packages/airflow/example_dags/example_params_trigger_ui.py
[2023-11-28T21:08:26.471+0000] {processor.py:829} INFO - Processing file /home/airflow/.local/lib/python3.8/site-packages/airflow/example_dags/example_params_trigger_ui.py for tasks to queue
[2023-11-28T21:08:26.475+0000] {logging_mixin.py:154} INFO - [2023-11-28T21:08:26.474+0000] {dagbag.py:536} INFO - Filling up the DagBag from /home/airflow/.local/lib/python3.8/site-packages/airflow/example_dags/example_params_trigger_ui.py
[2023-11-28T21:08:26.521+0000] {processor.py:839} INFO - DAG(s) dict_keys(['example_params_trigger_ui']) retrieved from /home/airflow/.local/lib/python3.8/site-packages/airflow/example_dags/example_params_trigger_ui.py
[2023-11-28T21:08:26.619+0000] {logging_mixin.py:154} INFO - [2023-11-28T21:08:26.619+0000] {dag.py:2941} INFO - Sync 1 DAGs
[2023-11-28T21:08:26.642+0000] {logging_mixin.py:154} INFO - [2023-11-28T21:08:26.641+0000] {dag.py:3722} INFO - Setting next_dagrun for example_params_trigger_ui to None, run_after=None
[2023-11-28T21:08:26.685+0000] {processor.py:179} INFO - Processing /home/airflow/.local/lib/python3.8/site-packages/airflow/example_dags/example_params_trigger_ui.py took 0.222 seconds
[2023-11-28T21:08:57.239+0000] {processor.py:157} INFO - Started process (PID=168) to work on /home/airflow/.local/lib/python3.8/site-packages/airflow/example_dags/example_params_trigger_ui.py
[2023-11-28T21:08:57.241+0000] {processor.py:829} INFO - Processing file /home/airflow/.local/lib/python3.8/site-packages/airflow/example_dags/example_params_trigger_ui.py for tasks to queue
[2023-11-28T21:08:57.245+0000] {logging_mixin.py:154} INFO - [2023-11-28T21:08:57.244+0000] {dagbag.py:536} INFO - Filling up the DagBag from /home/airflow/.local/lib/python3.8/site-packages/airflow/example_dags/example_params_trigger_ui.py
[2023-11-28T21:08:57.271+0000] {processor.py:839} INFO - DAG(s) dict_keys(['example_params_trigger_ui']) retrieved from /home/airflow/.local/lib/python3.8/site-packages/airflow/example_dags/example_params_trigger_ui.py
[2023-11-28T21:08:57.351+0000] {logging_mixin.py:154} INFO - [2023-11-28T21:08:57.351+0000] {dag.py:2941} INFO - Sync 1 DAGs
[2023-11-28T21:08:57.369+0000] {logging_mixin.py:154} INFO - [2023-11-28T21:08:57.369+0000] {dag.py:3722} INFO - Setting next_dagrun for example_params_trigger_ui to None, run_after=None
[2023-11-28T21:08:57.399+0000] {processor.py:179} INFO - Processing /home/airflow/.local/lib/python3.8/site-packages/airflow/example_dags/example_params_trigger_ui.py took 0.165 seconds
[2023-11-28T21:09:27.559+0000] {processor.py:157} INFO - Started process (PID=222) to work on /home/airflow/.local/lib/python3.8/site-packages/airflow/example_dags/example_params_trigger_ui.py
[2023-11-28T21:09:27.582+0000] {processor.py:829} INFO - Processing file /home/airflow/.local/lib/python3.8/site-packages/airflow/example_dags/example_params_trigger_ui.py for tasks to queue
[2023-11-28T21:09:27.586+0000] {logging_mixin.py:154} INFO - [2023-11-28T21:09:27.585+0000] {dagbag.py:536} INFO - Filling up the DagBag from /home/airflow/.local/lib/python3.8/site-packages/airflow/example_dags/example_params_trigger_ui.py
[2023-11-28T21:09:27.639+0000] {processor.py:839} INFO - DAG(s) dict_keys(['example_params_trigger_ui']) retrieved from /home/airflow/.local/lib/python3.8/site-packages/airflow/example_dags/example_params_trigger_ui.py
[2023-11-28T21:09:27.818+0000] {logging_mixin.py:154} INFO - [2023-11-28T21:09:27.818+0000] {dag.py:2941} INFO - Sync 1 DAGs
[2023-11-28T21:09:27.866+0000] {logging_mixin.py:154} INFO - [2023-11-28T21:09:27.866+0000] {dag.py:3722} INFO - Setting next_dagrun for example_params_trigger_ui to None, run_after=None
[2023-11-28T21:09:27.963+0000] {processor.py:179} INFO - Processing /home/airflow/.local/lib/python3.8/site-packages/airflow/example_dags/example_params_trigger_ui.py took 0.411 seconds
[2023-11-28T21:09:58.420+0000] {processor.py:157} INFO - Started process (PID=278) to work on /home/airflow/.local/lib/python3.8/site-packages/airflow/example_dags/example_params_trigger_ui.py
[2023-11-28T21:09:58.422+0000] {processor.py:829} INFO - Processing file /home/airflow/.local/lib/python3.8/site-packages/airflow/example_dags/example_params_trigger_ui.py for tasks to queue
[2023-11-28T21:09:58.426+0000] {logging_mixin.py:154} INFO - [2023-11-28T21:09:58.426+0000] {dagbag.py:536} INFO - Filling up the DagBag from /home/airflow/.local/lib/python3.8/site-packages/airflow/example_dags/example_params_trigger_ui.py
[2023-11-28T21:09:58.454+0000] {processor.py:839} INFO - DAG(s) dict_keys(['example_params_trigger_ui']) retrieved from /home/airflow/.local/lib/python3.8/site-packages/airflow/example_dags/example_params_trigger_ui.py
[2023-11-28T21:09:58.533+0000] {logging_mixin.py:154} INFO - [2023-11-28T21:09:58.533+0000] {dag.py:2941} INFO - Sync 1 DAGs
[2023-11-28T21:09:58.552+0000] {logging_mixin.py:154} INFO - [2023-11-28T21:09:58.551+0000] {dag.py:3722} INFO - Setting next_dagrun for example_params_trigger_ui to None, run_after=None
[2023-11-28T21:09:58.583+0000] {processor.py:179} INFO - Processing /home/airflow/.local/lib/python3.8/site-packages/airflow/example_dags/example_params_trigger_ui.py took 0.168 seconds
[2023-11-28T21:10:28.771+0000] {processor.py:157} INFO - Started process (PID=332) to work on /home/airflow/.local/lib/python3.8/site-packages/airflow/example_dags/example_params_trigger_ui.py
[2023-11-28T21:10:28.775+0000] {processor.py:829} INFO - Processing file /home/airflow/.local/lib/python3.8/site-packages/airflow/example_dags/example_params_trigger_ui.py for tasks to queue
[2023-11-28T21:10:28.780+0000] {logging_mixin.py:154} INFO - [2023-11-28T21:10:28.780+0000] {dagbag.py:536} INFO - Filling up the DagBag from /home/airflow/.local/lib/python3.8/site-packages/airflow/example_dags/example_params_trigger_ui.py
[2023-11-28T21:10:28.811+0000] {processor.py:839} INFO - DAG(s) dict_keys(['example_params_trigger_ui']) retrieved from /home/airflow/.local/lib/python3.8/site-packages/airflow/example_dags/example_params_trigger_ui.py
[2023-11-28T21:10:28.892+0000] {logging_mixin.py:154} INFO - [2023-11-28T21:10:28.892+0000] {dag.py:2941} INFO - Sync 1 DAGs
[2023-11-28T21:10:28.911+0000] {logging_mixin.py:154} INFO - [2023-11-28T21:10:28.911+0000] {dag.py:3722} INFO - Setting next_dagrun for example_params_trigger_ui to None, run_after=None
[2023-11-28T21:10:28.945+0000] {processor.py:179} INFO - Processing /home/airflow/.local/lib/python3.8/site-packages/airflow/example_dags/example_params_trigger_ui.py took 0.179 seconds
[2023-11-28T21:10:59.033+0000] {processor.py:157} INFO - Started process (PID=386) to work on /home/airflow/.local/lib/python3.8/site-packages/airflow/example_dags/example_params_trigger_ui.py
[2023-11-28T21:10:59.036+0000] {processor.py:829} INFO - Processing file /home/airflow/.local/lib/python3.8/site-packages/airflow/example_dags/example_params_trigger_ui.py for tasks to queue
[2023-11-28T21:10:59.040+0000] {logging_mixin.py:154} INFO - [2023-11-28T21:10:59.040+0000] {dagbag.py:536} INFO - Filling up the DagBag from /home/airflow/.local/lib/python3.8/site-packages/airflow/example_dags/example_params_trigger_ui.py
[2023-11-28T21:10:59.067+0000] {processor.py:839} INFO - DAG(s) dict_keys(['example_params_trigger_ui']) retrieved from /home/airflow/.local/lib/python3.8/site-packages/airflow/example_dags/example_params_trigger_ui.py
[2023-11-28T21:10:59.151+0000] {logging_mixin.py:154} INFO - [2023-11-28T21:10:59.150+0000] {dag.py:2941} INFO - Sync 1 DAGs
[2023-11-28T21:10:59.170+0000] {logging_mixin.py:154} INFO - [2023-11-28T21:10:59.170+0000] {dag.py:3722} INFO - Setting next_dagrun for example_params_trigger_ui to None, run_after=None
[2023-11-28T21:10:59.203+0000] {processor.py:179} INFO - Processing /home/airflow/.local/lib/python3.8/site-packages/airflow/example_dags/example_params_trigger_ui.py took 0.175 seconds
[2023-11-28T21:11:29.412+0000] {processor.py:157} INFO - Started process (PID=439) to work on /home/airflow/.local/lib/python3.8/site-packages/airflow/example_dags/example_params_trigger_ui.py
[2023-11-28T21:11:29.414+0000] {processor.py:829} INFO - Processing file /home/airflow/.local/lib/python3.8/site-packages/airflow/example_dags/example_params_trigger_ui.py for tasks to queue
[2023-11-28T21:11:29.419+0000] {logging_mixin.py:154} INFO - [2023-11-28T21:11:29.419+0000] {dagbag.py:536} INFO - Filling up the DagBag from /home/airflow/.local/lib/python3.8/site-packages/airflow/example_dags/example_params_trigger_ui.py
[2023-11-28T21:11:29.451+0000] {processor.py:839} INFO - DAG(s) dict_keys(['example_params_trigger_ui']) retrieved from /home/airflow/.local/lib/python3.8/site-packages/airflow/example_dags/example_params_trigger_ui.py
[2023-11-28T21:11:29.532+0000] {logging_mixin.py:154} INFO - [2023-11-28T21:11:29.532+0000] {dag.py:2941} INFO - Sync 1 DAGs
[2023-11-28T21:11:29.553+0000] {logging_mixin.py:154} INFO - [2023-11-28T21:11:29.552+0000] {dag.py:3722} INFO - Setting next_dagrun for example_params_trigger_ui to None, run_after=None
[2023-11-28T21:11:29.582+0000] {processor.py:179} INFO - Processing /home/airflow/.local/lib/python3.8/site-packages/airflow/example_dags/example_params_trigger_ui.py took 0.176 seconds
[2023-11-28T21:11:59.924+0000] {processor.py:157} INFO - Started process (PID=493) to work on /home/airflow/.local/lib/python3.8/site-packages/airflow/example_dags/example_params_trigger_ui.py
[2023-11-28T21:11:59.927+0000] {processor.py:829} INFO - Processing file /home/airflow/.local/lib/python3.8/site-packages/airflow/example_dags/example_params_trigger_ui.py for tasks to queue
[2023-11-28T21:11:59.931+0000] {logging_mixin.py:154} INFO - [2023-11-28T21:11:59.931+0000] {dagbag.py:536} INFO - Filling up the DagBag from /home/airflow/.local/lib/python3.8/site-packages/airflow/example_dags/example_params_trigger_ui.py
[2023-11-28T21:11:59.961+0000] {processor.py:839} INFO - DAG(s) dict_keys(['example_params_trigger_ui']) retrieved from /home/airflow/.local/lib/python3.8/site-packages/airflow/example_dags/example_params_trigger_ui.py
[2023-11-28T21:12:00.042+0000] {logging_mixin.py:154} INFO - [2023-11-28T21:12:00.041+0000] {dag.py:2941} INFO - Sync 1 DAGs
[2023-11-28T21:12:00.060+0000] {logging_mixin.py:154} INFO - [2023-11-28T21:12:00.060+0000] {dag.py:3722} INFO - Setting next_dagrun for example_params_trigger_ui to None, run_after=None
[2023-11-28T21:12:00.092+0000] {processor.py:179} INFO - Processing /home/airflow/.local/lib/python3.8/site-packages/airflow/example_dags/example_params_trigger_ui.py took 0.175 seconds
[2023-11-28T21:12:30.223+0000] {processor.py:157} INFO - Started process (PID=547) to work on /home/airflow/.local/lib/python3.8/site-packages/airflow/example_dags/example_params_trigger_ui.py
[2023-11-28T21:12:30.226+0000] {processor.py:829} INFO - Processing file /home/airflow/.local/lib/python3.8/site-packages/airflow/example_dags/example_params_trigger_ui.py for tasks to queue
[2023-11-28T21:12:30.230+0000] {logging_mixin.py:154} INFO - [2023-11-28T21:12:30.230+0000] {dagbag.py:536} INFO - Filling up the DagBag from /home/airflow/.local/lib/python3.8/site-packages/airflow/example_dags/example_params_trigger_ui.py
[2023-11-28T21:12:30.257+0000] {processor.py:839} INFO - DAG(s) dict_keys(['example_params_trigger_ui']) retrieved from /home/airflow/.local/lib/python3.8/site-packages/airflow/example_dags/example_params_trigger_ui.py
[2023-11-28T21:12:30.336+0000] {logging_mixin.py:154} INFO - [2023-11-28T21:12:30.335+0000] {dag.py:2941} INFO - Sync 1 DAGs
[2023-11-28T21:12:30.358+0000] {logging_mixin.py:154} INFO - [2023-11-28T21:12:30.358+0000] {dag.py:3722} INFO - Setting next_dagrun for example_params_trigger_ui to None, run_after=None
[2023-11-28T21:12:30.387+0000] {processor.py:179} INFO - Processing /home/airflow/.local/lib/python3.8/site-packages/airflow/example_dags/example_params_trigger_ui.py took 0.169 seconds
[2023-11-28T21:13:00.825+0000] {processor.py:157} INFO - Started process (PID=602) to work on /home/airflow/.local/lib/python3.8/site-packages/airflow/example_dags/example_params_trigger_ui.py
[2023-11-28T21:13:00.827+0000] {processor.py:829} INFO - Processing file /home/airflow/.local/lib/python3.8/site-packages/airflow/example_dags/example_params_trigger_ui.py for tasks to queue
[2023-11-28T21:13:00.831+0000] {logging_mixin.py:154} INFO - [2023-11-28T21:13:00.830+0000] {dagbag.py:536} INFO - Filling up the DagBag from /home/airflow/.local/lib/python3.8/site-packages/airflow/example_dags/example_params_trigger_ui.py
[2023-11-28T21:13:00.859+0000] {processor.py:839} INFO - DAG(s) dict_keys(['example_params_trigger_ui']) retrieved from /home/airflow/.local/lib/python3.8/site-packages/airflow/example_dags/example_params_trigger_ui.py
[2023-11-28T21:13:00.977+0000] {logging_mixin.py:154} INFO - [2023-11-28T21:13:00.977+0000] {dag.py:2941} INFO - Sync 1 DAGs
[2023-11-28T21:13:01.010+0000] {logging_mixin.py:154} INFO - [2023-11-28T21:13:01.009+0000] {dag.py:3722} INFO - Setting next_dagrun for example_params_trigger_ui to None, run_after=None
[2023-11-28T21:13:01.041+0000] {processor.py:179} INFO - Processing /home/airflow/.local/lib/python3.8/site-packages/airflow/example_dags/example_params_trigger_ui.py took 0.221 seconds
[2023-11-28T21:13:31.515+0000] {processor.py:157} INFO - Started process (PID=657) to work on /home/airflow/.local/lib/python3.8/site-packages/airflow/example_dags/example_params_trigger_ui.py
[2023-11-28T21:13:31.517+0000] {processor.py:829} INFO - Processing file /home/airflow/.local/lib/python3.8/site-packages/airflow/example_dags/example_params_trigger_ui.py for tasks to queue
[2023-11-28T21:13:31.522+0000] {logging_mixin.py:154} INFO - [2023-11-28T21:13:31.522+0000] {dagbag.py:536} INFO - Filling up the DagBag from /home/airflow/.local/lib/python3.8/site-packages/airflow/example_dags/example_params_trigger_ui.py
[2023-11-28T21:13:31.551+0000] {processor.py:839} INFO - DAG(s) dict_keys(['example_params_trigger_ui']) retrieved from /home/airflow/.local/lib/python3.8/site-packages/airflow/example_dags/example_params_trigger_ui.py
[2023-11-28T21:13:31.650+0000] {logging_mixin.py:154} INFO - [2023-11-28T21:13:31.650+0000] {dag.py:2941} INFO - Sync 1 DAGs
[2023-11-28T21:13:31.682+0000] {logging_mixin.py:154} INFO - [2023-11-28T21:13:31.682+0000] {dag.py:3722} INFO - Setting next_dagrun for example_params_trigger_ui to None, run_after=None
[2023-11-28T21:13:31.714+0000] {processor.py:179} INFO - Processing /home/airflow/.local/lib/python3.8/site-packages/airflow/example_dags/example_params_trigger_ui.py took 0.205 seconds
[2023-11-28T21:14:02.485+0000] {processor.py:157} INFO - Started process (PID=711) to work on /home/airflow/.local/lib/python3.8/site-packages/airflow/example_dags/example_params_trigger_ui.py
[2023-11-28T21:14:02.486+0000] {processor.py:829} INFO - Processing file /home/airflow/.local/lib/python3.8/site-packages/airflow/example_dags/example_params_trigger_ui.py for tasks to queue
[2023-11-28T21:14:02.491+0000] {logging_mixin.py:154} INFO - [2023-11-28T21:14:02.491+0000] {dagbag.py:536} INFO - Filling up the DagBag from /home/airflow/.local/lib/python3.8/site-packages/airflow/example_dags/example_params_trigger_ui.py
[2023-11-28T21:14:02.521+0000] {processor.py:839} INFO - DAG(s) dict_keys(['example_params_trigger_ui']) retrieved from /home/airflow/.local/lib/python3.8/site-packages/airflow/example_dags/example_params_trigger_ui.py
[2023-11-28T21:14:02.605+0000] {logging_mixin.py:154} INFO - [2023-11-28T21:14:02.605+0000] {dag.py:2941} INFO - Sync 1 DAGs
[2023-11-28T21:14:02.628+0000] {logging_mixin.py:154} INFO - [2023-11-28T21:14:02.628+0000] {dag.py:3722} INFO - Setting next_dagrun for example_params_trigger_ui to None, run_after=None
[2023-11-28T21:14:02.657+0000] {processor.py:179} INFO - Processing /home/airflow/.local/lib/python3.8/site-packages/airflow/example_dags/example_params_trigger_ui.py took 0.178 seconds
[2023-11-28T21:14:33.804+0000] {processor.py:157} INFO - Started process (PID=773) to work on /home/airflow/.local/lib/python3.8/site-packages/airflow/example_dags/example_params_trigger_ui.py
[2023-11-28T21:14:33.823+0000] {processor.py:829} INFO - Processing file /home/airflow/.local/lib/python3.8/site-packages/airflow/example_dags/example_params_trigger_ui.py for tasks to queue
[2023-11-28T21:14:33.831+0000] {logging_mixin.py:154} INFO - [2023-11-28T21:14:33.831+0000] {dagbag.py:536} INFO - Filling up the DagBag from /home/airflow/.local/lib/python3.8/site-packages/airflow/example_dags/example_params_trigger_ui.py
[2023-11-28T21:14:33.957+0000] {processor.py:839} INFO - DAG(s) dict_keys(['example_params_trigger_ui']) retrieved from /home/airflow/.local/lib/python3.8/site-packages/airflow/example_dags/example_params_trigger_ui.py
[2023-11-28T21:14:34.328+0000] {logging_mixin.py:154} INFO - [2023-11-28T21:14:34.328+0000] {dag.py:2941} INFO - Sync 1 DAGs
[2023-11-28T21:14:34.393+0000] {logging_mixin.py:154} INFO - [2023-11-28T21:14:34.392+0000] {dag.py:3722} INFO - Setting next_dagrun for example_params_trigger_ui to None, run_after=None
[2023-11-28T21:14:34.507+0000] {processor.py:179} INFO - Processing /home/airflow/.local/lib/python3.8/site-packages/airflow/example_dags/example_params_trigger_ui.py took 0.711 seconds
[2023-11-28T21:15:04.766+0000] {processor.py:157} INFO - Started process (PID=827) to work on /home/airflow/.local/lib/python3.8/site-packages/airflow/example_dags/example_params_trigger_ui.py
[2023-11-28T21:15:04.779+0000] {processor.py:829} INFO - Processing file /home/airflow/.local/lib/python3.8/site-packages/airflow/example_dags/example_params_trigger_ui.py for tasks to queue
[2023-11-28T21:15:04.785+0000] {logging_mixin.py:154} INFO - [2023-11-28T21:15:04.785+0000] {dagbag.py:536} INFO - Filling up the DagBag from /home/airflow/.local/lib/python3.8/site-packages/airflow/example_dags/example_params_trigger_ui.py
[2023-11-28T21:15:04.838+0000] {processor.py:839} INFO - DAG(s) dict_keys(['example_params_trigger_ui']) retrieved from /home/airflow/.local/lib/python3.8/site-packages/airflow/example_dags/example_params_trigger_ui.py
[2023-11-28T21:15:05.046+0000] {logging_mixin.py:154} INFO - [2023-11-28T21:15:05.046+0000] {dag.py:2941} INFO - Sync 1 DAGs
[2023-11-28T21:15:05.135+0000] {logging_mixin.py:154} INFO - [2023-11-28T21:15:05.135+0000] {dag.py:3722} INFO - Setting next_dagrun for example_params_trigger_ui to None, run_after=None
[2023-11-28T21:15:05.259+0000] {processor.py:179} INFO - Processing /home/airflow/.local/lib/python3.8/site-packages/airflow/example_dags/example_params_trigger_ui.py took 0.500 seconds
[2023-11-28T21:15:36.023+0000] {processor.py:157} INFO - Started process (PID=882) to work on /home/airflow/.local/lib/python3.8/site-packages/airflow/example_dags/example_params_trigger_ui.py
[2023-11-28T21:15:36.025+0000] {processor.py:829} INFO - Processing file /home/airflow/.local/lib/python3.8/site-packages/airflow/example_dags/example_params_trigger_ui.py for tasks to queue
[2023-11-28T21:15:36.030+0000] {logging_mixin.py:154} INFO - [2023-11-28T21:15:36.030+0000] {dagbag.py:536} INFO - Filling up the DagBag from /home/airflow/.local/lib/python3.8/site-packages/airflow/example_dags/example_params_trigger_ui.py
[2023-11-28T21:15:36.061+0000] {processor.py:839} INFO - DAG(s) dict_keys(['example_params_trigger_ui']) retrieved from /home/airflow/.local/lib/python3.8/site-packages/airflow/example_dags/example_params_trigger_ui.py
[2023-11-28T21:15:36.146+0000] {logging_mixin.py:154} INFO - [2023-11-28T21:15:36.145+0000] {dag.py:2941} INFO - Sync 1 DAGs
[2023-11-28T21:15:36.164+0000] {logging_mixin.py:154} INFO - [2023-11-28T21:15:36.163+0000] {dag.py:3722} INFO - Setting next_dagrun for example_params_trigger_ui to None, run_after=None
[2023-11-28T21:15:36.190+0000] {processor.py:179} INFO - Processing /home/airflow/.local/lib/python3.8/site-packages/airflow/example_dags/example_params_trigger_ui.py took 0.172 seconds
[2023-11-28T21:16:06.353+0000] {processor.py:157} INFO - Started process (PID=937) to work on /home/airflow/.local/lib/python3.8/site-packages/airflow/example_dags/example_params_trigger_ui.py
[2023-11-28T21:16:06.354+0000] {processor.py:829} INFO - Processing file /home/airflow/.local/lib/python3.8/site-packages/airflow/example_dags/example_params_trigger_ui.py for tasks to queue
[2023-11-28T21:16:06.358+0000] {logging_mixin.py:154} INFO - [2023-11-28T21:16:06.358+0000] {dagbag.py:536} INFO - Filling up the DagBag from /home/airflow/.local/lib/python3.8/site-packages/airflow/example_dags/example_params_trigger_ui.py
[2023-11-28T21:16:06.383+0000] {processor.py:839} INFO - DAG(s) dict_keys(['example_params_trigger_ui']) retrieved from /home/airflow/.local/lib/python3.8/site-packages/airflow/example_dags/example_params_trigger_ui.py
[2023-11-28T21:16:06.462+0000] {logging_mixin.py:154} INFO - [2023-11-28T21:16:06.461+0000] {dag.py:2941} INFO - Sync 1 DAGs
[2023-11-28T21:16:06.483+0000] {logging_mixin.py:154} INFO - [2023-11-28T21:16:06.482+0000] {dag.py:3722} INFO - Setting next_dagrun for example_params_trigger_ui to None, run_after=None
[2023-11-28T21:16:06.519+0000] {processor.py:179} INFO - Processing /home/airflow/.local/lib/python3.8/site-packages/airflow/example_dags/example_params_trigger_ui.py took 0.171 seconds
[2023-11-28T21:16:37.172+0000] {processor.py:157} INFO - Started process (PID=992) to work on /home/airflow/.local/lib/python3.8/site-packages/airflow/example_dags/example_params_trigger_ui.py
[2023-11-28T21:16:37.174+0000] {processor.py:829} INFO - Processing file /home/airflow/.local/lib/python3.8/site-packages/airflow/example_dags/example_params_trigger_ui.py for tasks to queue
[2023-11-28T21:16:37.178+0000] {logging_mixin.py:154} INFO - [2023-11-28T21:16:37.177+0000] {dagbag.py:536} INFO - Filling up the DagBag from /home/airflow/.local/lib/python3.8/site-packages/airflow/example_dags/example_params_trigger_ui.py
[2023-11-28T21:16:37.204+0000] {processor.py:839} INFO - DAG(s) dict_keys(['example_params_trigger_ui']) retrieved from /home/airflow/.local/lib/python3.8/site-packages/airflow/example_dags/example_params_trigger_ui.py
[2023-11-28T21:16:37.301+0000] {logging_mixin.py:154} INFO - [2023-11-28T21:16:37.301+0000] {dag.py:2941} INFO - Sync 1 DAGs
[2023-11-28T21:16:37.320+0000] {logging_mixin.py:154} INFO - [2023-11-28T21:16:37.320+0000] {dag.py:3722} INFO - Setting next_dagrun for example_params_trigger_ui to None, run_after=None
[2023-11-28T21:16:37.350+0000] {processor.py:179} INFO - Processing /home/airflow/.local/lib/python3.8/site-packages/airflow/example_dags/example_params_trigger_ui.py took 0.184 seconds
[2023-11-28T21:17:07.797+0000] {processor.py:157} INFO - Started process (PID=1046) to work on /home/airflow/.local/lib/python3.8/site-packages/airflow/example_dags/example_params_trigger_ui.py
[2023-11-28T21:17:07.799+0000] {processor.py:829} INFO - Processing file /home/airflow/.local/lib/python3.8/site-packages/airflow/example_dags/example_params_trigger_ui.py for tasks to queue
[2023-11-28T21:17:07.805+0000] {logging_mixin.py:154} INFO - [2023-11-28T21:17:07.804+0000] {dagbag.py:536} INFO - Filling up the DagBag from /home/airflow/.local/lib/python3.8/site-packages/airflow/example_dags/example_params_trigger_ui.py
[2023-11-28T21:17:07.830+0000] {processor.py:839} INFO - DAG(s) dict_keys(['example_params_trigger_ui']) retrieved from /home/airflow/.local/lib/python3.8/site-packages/airflow/example_dags/example_params_trigger_ui.py
[2023-11-28T21:17:07.914+0000] {logging_mixin.py:154} INFO - [2023-11-28T21:17:07.913+0000] {dag.py:2941} INFO - Sync 1 DAGs
[2023-11-28T21:17:07.933+0000] {logging_mixin.py:154} INFO - [2023-11-28T21:17:07.932+0000] {dag.py:3722} INFO - Setting next_dagrun for example_params_trigger_ui to None, run_after=None
[2023-11-28T21:17:07.964+0000] {processor.py:179} INFO - Processing /home/airflow/.local/lib/python3.8/site-packages/airflow/example_dags/example_params_trigger_ui.py took 0.172 seconds
[2023-11-28T21:17:38.252+0000] {processor.py:157} INFO - Started process (PID=1100) to work on /home/airflow/.local/lib/python3.8/site-packages/airflow/example_dags/example_params_trigger_ui.py
[2023-11-28T21:17:38.253+0000] {processor.py:829} INFO - Processing file /home/airflow/.local/lib/python3.8/site-packages/airflow/example_dags/example_params_trigger_ui.py for tasks to queue
[2023-11-28T21:17:38.258+0000] {logging_mixin.py:154} INFO - [2023-11-28T21:17:38.257+0000] {dagbag.py:536} INFO - Filling up the DagBag from /home/airflow/.local/lib/python3.8/site-packages/airflow/example_dags/example_params_trigger_ui.py
[2023-11-28T21:17:38.284+0000] {processor.py:839} INFO - DAG(s) dict_keys(['example_params_trigger_ui']) retrieved from /home/airflow/.local/lib/python3.8/site-packages/airflow/example_dags/example_params_trigger_ui.py
[2023-11-28T21:17:38.366+0000] {logging_mixin.py:154} INFO - [2023-11-28T21:17:38.366+0000] {dag.py:2941} INFO - Sync 1 DAGs
[2023-11-28T21:17:38.385+0000] {logging_mixin.py:154} INFO - [2023-11-28T21:17:38.385+0000] {dag.py:3722} INFO - Setting next_dagrun for example_params_trigger_ui to None, run_after=None
[2023-11-28T21:17:38.421+0000] {processor.py:179} INFO - Processing /home/airflow/.local/lib/python3.8/site-packages/airflow/example_dags/example_params_trigger_ui.py took 0.175 seconds
[2023-11-28T21:18:08.575+0000] {processor.py:157} INFO - Started process (PID=1155) to work on /home/airflow/.local/lib/python3.8/site-packages/airflow/example_dags/example_params_trigger_ui.py
[2023-11-28T21:18:08.577+0000] {processor.py:829} INFO - Processing file /home/airflow/.local/lib/python3.8/site-packages/airflow/example_dags/example_params_trigger_ui.py for tasks to queue
[2023-11-28T21:18:08.582+0000] {logging_mixin.py:154} INFO - [2023-11-28T21:18:08.581+0000] {dagbag.py:536} INFO - Filling up the DagBag from /home/airflow/.local/lib/python3.8/site-packages/airflow/example_dags/example_params_trigger_ui.py
[2023-11-28T21:18:08.607+0000] {processor.py:839} INFO - DAG(s) dict_keys(['example_params_trigger_ui']) retrieved from /home/airflow/.local/lib/python3.8/site-packages/airflow/example_dags/example_params_trigger_ui.py
[2023-11-28T21:18:08.696+0000] {logging_mixin.py:154} INFO - [2023-11-28T21:18:08.696+0000] {dag.py:2941} INFO - Sync 1 DAGs
[2023-11-28T21:18:08.717+0000] {logging_mixin.py:154} INFO - [2023-11-28T21:18:08.717+0000] {dag.py:3722} INFO - Setting next_dagrun for example_params_trigger_ui to None, run_after=None
[2023-11-28T21:18:08.745+0000] {processor.py:179} INFO - Processing /home/airflow/.local/lib/python3.8/site-packages/airflow/example_dags/example_params_trigger_ui.py took 0.175 seconds
[2023-11-28T21:18:38.950+0000] {processor.py:157} INFO - Started process (PID=1208) to work on /home/airflow/.local/lib/python3.8/site-packages/airflow/example_dags/example_params_trigger_ui.py
[2023-11-28T21:18:38.952+0000] {processor.py:829} INFO - Processing file /home/airflow/.local/lib/python3.8/site-packages/airflow/example_dags/example_params_trigger_ui.py for tasks to queue
[2023-11-28T21:18:38.956+0000] {logging_mixin.py:154} INFO - [2023-11-28T21:18:38.956+0000] {dagbag.py:536} INFO - Filling up the DagBag from /home/airflow/.local/lib/python3.8/site-packages/airflow/example_dags/example_params_trigger_ui.py
[2023-11-28T21:18:38.981+0000] {processor.py:839} INFO - DAG(s) dict_keys(['example_params_trigger_ui']) retrieved from /home/airflow/.local/lib/python3.8/site-packages/airflow/example_dags/example_params_trigger_ui.py
[2023-11-28T21:18:39.060+0000] {logging_mixin.py:154} INFO - [2023-11-28T21:18:39.060+0000] {dag.py:2941} INFO - Sync 1 DAGs
[2023-11-28T21:18:39.079+0000] {logging_mixin.py:154} INFO - [2023-11-28T21:18:39.078+0000] {dag.py:3722} INFO - Setting next_dagrun for example_params_trigger_ui to None, run_after=None
[2023-11-28T21:18:39.115+0000] {processor.py:179} INFO - Processing /home/airflow/.local/lib/python3.8/site-packages/airflow/example_dags/example_params_trigger_ui.py took 0.170 seconds
[2023-11-28T21:19:09.164+0000] {processor.py:157} INFO - Started process (PID=1260) to work on /home/airflow/.local/lib/python3.8/site-packages/airflow/example_dags/example_params_trigger_ui.py
[2023-11-28T21:19:09.166+0000] {processor.py:829} INFO - Processing file /home/airflow/.local/lib/python3.8/site-packages/airflow/example_dags/example_params_trigger_ui.py for tasks to queue
[2023-11-28T21:19:09.174+0000] {logging_mixin.py:154} INFO - [2023-11-28T21:19:09.174+0000] {dagbag.py:536} INFO - Filling up the DagBag from /home/airflow/.local/lib/python3.8/site-packages/airflow/example_dags/example_params_trigger_ui.py
[2023-11-28T21:19:09.203+0000] {processor.py:839} INFO - DAG(s) dict_keys(['example_params_trigger_ui']) retrieved from /home/airflow/.local/lib/python3.8/site-packages/airflow/example_dags/example_params_trigger_ui.py
[2023-11-28T21:19:09.289+0000] {logging_mixin.py:154} INFO - [2023-11-28T21:19:09.289+0000] {dag.py:2941} INFO - Sync 1 DAGs
[2023-11-28T21:19:09.307+0000] {logging_mixin.py:154} INFO - [2023-11-28T21:19:09.307+0000] {dag.py:3722} INFO - Setting next_dagrun for example_params_trigger_ui to None, run_after=None
[2023-11-28T21:19:09.337+0000] {processor.py:179} INFO - Processing /home/airflow/.local/lib/python3.8/site-packages/airflow/example_dags/example_params_trigger_ui.py took 0.178 seconds
[2023-11-28T21:19:39.389+0000] {processor.py:157} INFO - Started process (PID=1314) to work on /home/airflow/.local/lib/python3.8/site-packages/airflow/example_dags/example_params_trigger_ui.py
[2023-11-28T21:19:39.391+0000] {processor.py:829} INFO - Processing file /home/airflow/.local/lib/python3.8/site-packages/airflow/example_dags/example_params_trigger_ui.py for tasks to queue
[2023-11-28T21:19:39.395+0000] {logging_mixin.py:154} INFO - [2023-11-28T21:19:39.394+0000] {dagbag.py:536} INFO - Filling up the DagBag from /home/airflow/.local/lib/python3.8/site-packages/airflow/example_dags/example_params_trigger_ui.py
[2023-11-28T21:19:39.420+0000] {processor.py:839} INFO - DAG(s) dict_keys(['example_params_trigger_ui']) retrieved from /home/airflow/.local/lib/python3.8/site-packages/airflow/example_dags/example_params_trigger_ui.py
[2023-11-28T21:19:39.503+0000] {logging_mixin.py:154} INFO - [2023-11-28T21:19:39.503+0000] {dag.py:2941} INFO - Sync 1 DAGs
[2023-11-28T21:19:39.521+0000] {logging_mixin.py:154} INFO - [2023-11-28T21:19:39.521+0000] {dag.py:3722} INFO - Setting next_dagrun for example_params_trigger_ui to None, run_after=None
[2023-11-28T21:19:39.554+0000] {processor.py:179} INFO - Processing /home/airflow/.local/lib/python3.8/site-packages/airflow/example_dags/example_params_trigger_ui.py took 0.170 seconds
[2023-11-28T21:20:09.839+0000] {processor.py:157} INFO - Started process (PID=1369) to work on /home/airflow/.local/lib/python3.8/site-packages/airflow/example_dags/example_params_trigger_ui.py
[2023-11-28T21:20:09.846+0000] {processor.py:829} INFO - Processing file /home/airflow/.local/lib/python3.8/site-packages/airflow/example_dags/example_params_trigger_ui.py for tasks to queue
[2023-11-28T21:20:09.850+0000] {logging_mixin.py:154} INFO - [2023-11-28T21:20:09.850+0000] {dagbag.py:536} INFO - Filling up the DagBag from /home/airflow/.local/lib/python3.8/site-packages/airflow/example_dags/example_params_trigger_ui.py
[2023-11-28T21:20:09.882+0000] {processor.py:839} INFO - DAG(s) dict_keys(['example_params_trigger_ui']) retrieved from /home/airflow/.local/lib/python3.8/site-packages/airflow/example_dags/example_params_trigger_ui.py
[2023-11-28T21:20:09.998+0000] {logging_mixin.py:154} INFO - [2023-11-28T21:20:09.998+0000] {dag.py:2941} INFO - Sync 1 DAGs
[2023-11-28T21:20:10.023+0000] {logging_mixin.py:154} INFO - [2023-11-28T21:20:10.022+0000] {dag.py:3722} INFO - Setting next_dagrun for example_params_trigger_ui to None, run_after=None
[2023-11-28T21:20:10.064+0000] {processor.py:179} INFO - Processing /home/airflow/.local/lib/python3.8/site-packages/airflow/example_dags/example_params_trigger_ui.py took 0.242 seconds
[2023-11-28T21:20:40.550+0000] {processor.py:157} INFO - Started process (PID=1423) to work on /home/airflow/.local/lib/python3.8/site-packages/airflow/example_dags/example_params_trigger_ui.py
[2023-11-28T21:20:40.553+0000] {processor.py:829} INFO - Processing file /home/airflow/.local/lib/python3.8/site-packages/airflow/example_dags/example_params_trigger_ui.py for tasks to queue
[2023-11-28T21:20:40.564+0000] {logging_mixin.py:154} INFO - [2023-11-28T21:20:40.563+0000] {dagbag.py:536} INFO - Filling up the DagBag from /home/airflow/.local/lib/python3.8/site-packages/airflow/example_dags/example_params_trigger_ui.py
[2023-11-28T21:20:40.647+0000] {processor.py:839} INFO - DAG(s) dict_keys(['example_params_trigger_ui']) retrieved from /home/airflow/.local/lib/python3.8/site-packages/airflow/example_dags/example_params_trigger_ui.py
[2023-11-28T21:20:40.803+0000] {logging_mixin.py:154} INFO - [2023-11-28T21:20:40.802+0000] {dag.py:2941} INFO - Sync 1 DAGs
[2023-11-28T21:20:40.957+0000] {logging_mixin.py:154} INFO - [2023-11-28T21:20:40.941+0000] {dag.py:3722} INFO - Setting next_dagrun for example_params_trigger_ui to None, run_after=None
[2023-11-28T21:20:41.129+0000] {processor.py:179} INFO - Processing /home/airflow/.local/lib/python3.8/site-packages/airflow/example_dags/example_params_trigger_ui.py took 0.588 seconds
[2023-11-28T21:21:11.934+0000] {processor.py:157} INFO - Started process (PID=1477) to work on /home/airflow/.local/lib/python3.8/site-packages/airflow/example_dags/example_params_trigger_ui.py
[2023-11-28T21:21:11.935+0000] {processor.py:829} INFO - Processing file /home/airflow/.local/lib/python3.8/site-packages/airflow/example_dags/example_params_trigger_ui.py for tasks to queue
[2023-11-28T21:21:11.940+0000] {logging_mixin.py:154} INFO - [2023-11-28T21:21:11.939+0000] {dagbag.py:536} INFO - Filling up the DagBag from /home/airflow/.local/lib/python3.8/site-packages/airflow/example_dags/example_params_trigger_ui.py
[2023-11-28T21:21:11.979+0000] {processor.py:839} INFO - DAG(s) dict_keys(['example_params_trigger_ui']) retrieved from /home/airflow/.local/lib/python3.8/site-packages/airflow/example_dags/example_params_trigger_ui.py
[2023-11-28T21:21:12.194+0000] {logging_mixin.py:154} INFO - [2023-11-28T21:21:12.194+0000] {dag.py:2941} INFO - Sync 1 DAGs
[2023-11-28T21:21:12.215+0000] {logging_mixin.py:154} INFO - [2023-11-28T21:21:12.215+0000] {dag.py:3722} INFO - Setting next_dagrun for example_params_trigger_ui to None, run_after=None
[2023-11-28T21:21:12.244+0000] {processor.py:179} INFO - Processing /home/airflow/.local/lib/python3.8/site-packages/airflow/example_dags/example_params_trigger_ui.py took 0.316 seconds
[2023-11-28T21:21:42.771+0000] {processor.py:157} INFO - Started process (PID=1532) to work on /home/airflow/.local/lib/python3.8/site-packages/airflow/example_dags/example_params_trigger_ui.py
[2023-11-28T21:21:42.773+0000] {processor.py:829} INFO - Processing file /home/airflow/.local/lib/python3.8/site-packages/airflow/example_dags/example_params_trigger_ui.py for tasks to queue
[2023-11-28T21:21:42.776+0000] {logging_mixin.py:154} INFO - [2023-11-28T21:21:42.776+0000] {dagbag.py:536} INFO - Filling up the DagBag from /home/airflow/.local/lib/python3.8/site-packages/airflow/example_dags/example_params_trigger_ui.py
[2023-11-28T21:21:42.804+0000] {processor.py:839} INFO - DAG(s) dict_keys(['example_params_trigger_ui']) retrieved from /home/airflow/.local/lib/python3.8/site-packages/airflow/example_dags/example_params_trigger_ui.py
[2023-11-28T21:21:42.899+0000] {logging_mixin.py:154} INFO - [2023-11-28T21:21:42.898+0000] {dag.py:2941} INFO - Sync 1 DAGs
[2023-11-28T21:21:42.917+0000] {logging_mixin.py:154} INFO - [2023-11-28T21:21:42.917+0000] {dag.py:3722} INFO - Setting next_dagrun for example_params_trigger_ui to None, run_after=None
[2023-11-28T21:21:42.951+0000] {processor.py:179} INFO - Processing /home/airflow/.local/lib/python3.8/site-packages/airflow/example_dags/example_params_trigger_ui.py took 0.186 seconds
