[2023-11-28T20:09:25.153+0000] {processor.py:157} INFO - Started process (PID=51) to work on /home/airflow/.local/lib/python3.8/site-packages/airflow/example_dags/example_sensor_decorator.py
[2023-11-28T20:09:25.167+0000] {processor.py:829} INFO - Processing file /home/airflow/.local/lib/python3.8/site-packages/airflow/example_dags/example_sensor_decorator.py for tasks to queue
[2023-11-28T20:09:25.171+0000] {logging_mixin.py:154} INFO - [2023-11-28T20:09:25.170+0000] {dagbag.py:536} INFO - Filling up the DagBag from /home/airflow/.local/lib/python3.8/site-packages/airflow/example_dags/example_sensor_decorator.py
[2023-11-28T20:09:25.197+0000] {processor.py:839} INFO - DAG(s) dict_keys(['example_sensor_decorator']) retrieved from /home/airflow/.local/lib/python3.8/site-packages/airflow/example_dags/example_sensor_decorator.py
[2023-11-28T20:09:25.336+0000] {logging_mixin.py:154} INFO - [2023-11-28T20:09:25.335+0000] {dag.py:2941} INFO - Sync 1 DAGs
[2023-11-28T20:09:25.419+0000] {logging_mixin.py:154} INFO - [2023-11-28T20:09:25.418+0000] {dag.py:3722} INFO - Setting next_dagrun for example_sensor_decorator to None, run_after=None
[2023-11-28T20:09:25.508+0000] {processor.py:179} INFO - Processing /home/airflow/.local/lib/python3.8/site-packages/airflow/example_dags/example_sensor_decorator.py took 0.361 seconds
[2023-11-28T20:11:08.209+0000] {processor.py:157} INFO - Started process (PID=112) to work on /home/airflow/.local/lib/python3.8/site-packages/airflow/example_dags/example_sensor_decorator.py
[2023-11-28T20:11:08.213+0000] {processor.py:829} INFO - Processing file /home/airflow/.local/lib/python3.8/site-packages/airflow/example_dags/example_sensor_decorator.py for tasks to queue
[2023-11-28T20:11:08.230+0000] {logging_mixin.py:154} INFO - [2023-11-28T20:11:08.229+0000] {dagbag.py:536} INFO - Filling up the DagBag from /home/airflow/.local/lib/python3.8/site-packages/airflow/example_dags/example_sensor_decorator.py
[2023-11-28T20:11:08.299+0000] {processor.py:839} INFO - DAG(s) dict_keys(['example_sensor_decorator']) retrieved from /home/airflow/.local/lib/python3.8/site-packages/airflow/example_dags/example_sensor_decorator.py
[2023-11-28T20:11:08.572+0000] {logging_mixin.py:154} INFO - [2023-11-28T20:11:08.571+0000] {dag.py:2941} INFO - Sync 1 DAGs
[2023-11-28T20:11:08.697+0000] {logging_mixin.py:154} INFO - [2023-11-28T20:11:08.696+0000] {dag.py:3722} INFO - Setting next_dagrun for example_sensor_decorator to None, run_after=None
[2023-11-28T20:11:08.874+0000] {processor.py:179} INFO - Processing /home/airflow/.local/lib/python3.8/site-packages/airflow/example_dags/example_sensor_decorator.py took 0.684 seconds
[2023-11-28T20:11:55.456+0000] {processor.py:157} INFO - Started process (PID=163) to work on /home/airflow/.local/lib/python3.8/site-packages/airflow/example_dags/example_sensor_decorator.py
[2023-11-28T20:11:55.468+0000] {processor.py:829} INFO - Processing file /home/airflow/.local/lib/python3.8/site-packages/airflow/example_dags/example_sensor_decorator.py for tasks to queue
[2023-11-28T20:11:55.483+0000] {logging_mixin.py:154} INFO - [2023-11-28T20:11:55.482+0000] {dagbag.py:536} INFO - Filling up the DagBag from /home/airflow/.local/lib/python3.8/site-packages/airflow/example_dags/example_sensor_decorator.py
[2023-11-28T20:11:55.514+0000] {processor.py:839} INFO - DAG(s) dict_keys(['example_sensor_decorator']) retrieved from /home/airflow/.local/lib/python3.8/site-packages/airflow/example_dags/example_sensor_decorator.py
[2023-11-28T20:11:55.990+0000] {logging_mixin.py:154} INFO - [2023-11-28T20:11:55.990+0000] {dag.py:2941} INFO - Sync 1 DAGs
[2023-11-28T20:11:56.062+0000] {logging_mixin.py:154} INFO - [2023-11-28T20:11:56.061+0000] {dag.py:3722} INFO - Setting next_dagrun for example_sensor_decorator to None, run_after=None
[2023-11-28T20:11:56.120+0000] {processor.py:179} INFO - Processing /home/airflow/.local/lib/python3.8/site-packages/airflow/example_dags/example_sensor_decorator.py took 0.676 seconds
[2023-11-28T20:12:30.283+0000] {processor.py:157} INFO - Started process (PID=217) to work on /home/airflow/.local/lib/python3.8/site-packages/airflow/example_dags/example_sensor_decorator.py
[2023-11-28T20:12:30.285+0000] {processor.py:829} INFO - Processing file /home/airflow/.local/lib/python3.8/site-packages/airflow/example_dags/example_sensor_decorator.py for tasks to queue
[2023-11-28T20:12:30.314+0000] {logging_mixin.py:154} INFO - [2023-11-28T20:12:30.311+0000] {dagbag.py:536} INFO - Filling up the DagBag from /home/airflow/.local/lib/python3.8/site-packages/airflow/example_dags/example_sensor_decorator.py
[2023-11-28T20:12:30.637+0000] {processor.py:839} INFO - DAG(s) dict_keys(['example_sensor_decorator']) retrieved from /home/airflow/.local/lib/python3.8/site-packages/airflow/example_dags/example_sensor_decorator.py
[2023-11-28T20:12:31.080+0000] {logging_mixin.py:154} INFO - [2023-11-28T20:12:31.079+0000] {dag.py:2941} INFO - Sync 1 DAGs
[2023-11-28T20:12:31.294+0000] {logging_mixin.py:154} INFO - [2023-11-28T20:12:31.293+0000] {dag.py:3722} INFO - Setting next_dagrun for example_sensor_decorator to None, run_after=None
[2023-11-28T20:12:31.503+0000] {processor.py:179} INFO - Processing /home/airflow/.local/lib/python3.8/site-packages/airflow/example_dags/example_sensor_decorator.py took 1.234 seconds
[2023-11-28T20:13:02.207+0000] {processor.py:157} INFO - Started process (PID=270) to work on /home/airflow/.local/lib/python3.8/site-packages/airflow/example_dags/example_sensor_decorator.py
[2023-11-28T20:13:02.209+0000] {processor.py:829} INFO - Processing file /home/airflow/.local/lib/python3.8/site-packages/airflow/example_dags/example_sensor_decorator.py for tasks to queue
[2023-11-28T20:13:02.213+0000] {logging_mixin.py:154} INFO - [2023-11-28T20:13:02.212+0000] {dagbag.py:536} INFO - Filling up the DagBag from /home/airflow/.local/lib/python3.8/site-packages/airflow/example_dags/example_sensor_decorator.py
[2023-11-28T20:13:02.226+0000] {processor.py:839} INFO - DAG(s) dict_keys(['example_sensor_decorator']) retrieved from /home/airflow/.local/lib/python3.8/site-packages/airflow/example_dags/example_sensor_decorator.py
[2023-11-28T20:13:02.271+0000] {logging_mixin.py:154} INFO - [2023-11-28T20:13:02.271+0000] {dag.py:2941} INFO - Sync 1 DAGs
[2023-11-28T20:13:02.291+0000] {logging_mixin.py:154} INFO - [2023-11-28T20:13:02.291+0000] {dag.py:3722} INFO - Setting next_dagrun for example_sensor_decorator to None, run_after=None
[2023-11-28T20:13:02.323+0000] {processor.py:179} INFO - Processing /home/airflow/.local/lib/python3.8/site-packages/airflow/example_dags/example_sensor_decorator.py took 0.122 seconds
[2023-11-28T20:13:32.468+0000] {processor.py:157} INFO - Started process (PID=325) to work on /home/airflow/.local/lib/python3.8/site-packages/airflow/example_dags/example_sensor_decorator.py
[2023-11-28T20:13:32.471+0000] {processor.py:829} INFO - Processing file /home/airflow/.local/lib/python3.8/site-packages/airflow/example_dags/example_sensor_decorator.py for tasks to queue
[2023-11-28T20:13:32.475+0000] {logging_mixin.py:154} INFO - [2023-11-28T20:13:32.474+0000] {dagbag.py:536} INFO - Filling up the DagBag from /home/airflow/.local/lib/python3.8/site-packages/airflow/example_dags/example_sensor_decorator.py
[2023-11-28T20:13:32.486+0000] {processor.py:839} INFO - DAG(s) dict_keys(['example_sensor_decorator']) retrieved from /home/airflow/.local/lib/python3.8/site-packages/airflow/example_dags/example_sensor_decorator.py
[2023-11-28T20:13:32.523+0000] {logging_mixin.py:154} INFO - [2023-11-28T20:13:32.523+0000] {dag.py:2941} INFO - Sync 1 DAGs
[2023-11-28T20:13:32.549+0000] {logging_mixin.py:154} INFO - [2023-11-28T20:13:32.548+0000] {dag.py:3722} INFO - Setting next_dagrun for example_sensor_decorator to None, run_after=None
[2023-11-28T20:13:32.582+0000] {processor.py:179} INFO - Processing /home/airflow/.local/lib/python3.8/site-packages/airflow/example_dags/example_sensor_decorator.py took 0.119 seconds
[2023-11-28T20:14:03.092+0000] {processor.py:157} INFO - Started process (PID=378) to work on /home/airflow/.local/lib/python3.8/site-packages/airflow/example_dags/example_sensor_decorator.py
[2023-11-28T20:14:03.095+0000] {processor.py:829} INFO - Processing file /home/airflow/.local/lib/python3.8/site-packages/airflow/example_dags/example_sensor_decorator.py for tasks to queue
[2023-11-28T20:14:03.100+0000] {logging_mixin.py:154} INFO - [2023-11-28T20:14:03.100+0000] {dagbag.py:536} INFO - Filling up the DagBag from /home/airflow/.local/lib/python3.8/site-packages/airflow/example_dags/example_sensor_decorator.py
[2023-11-28T20:14:03.114+0000] {processor.py:839} INFO - DAG(s) dict_keys(['example_sensor_decorator']) retrieved from /home/airflow/.local/lib/python3.8/site-packages/airflow/example_dags/example_sensor_decorator.py
[2023-11-28T20:14:03.155+0000] {logging_mixin.py:154} INFO - [2023-11-28T20:14:03.155+0000] {dag.py:2941} INFO - Sync 1 DAGs
[2023-11-28T20:14:03.175+0000] {logging_mixin.py:154} INFO - [2023-11-28T20:14:03.175+0000] {dag.py:3722} INFO - Setting next_dagrun for example_sensor_decorator to None, run_after=None
[2023-11-28T20:14:03.211+0000] {processor.py:179} INFO - Processing /home/airflow/.local/lib/python3.8/site-packages/airflow/example_dags/example_sensor_decorator.py took 0.126 seconds
[2023-11-28T20:14:33.591+0000] {processor.py:157} INFO - Started process (PID=432) to work on /home/airflow/.local/lib/python3.8/site-packages/airflow/example_dags/example_sensor_decorator.py
[2023-11-28T20:14:33.593+0000] {processor.py:829} INFO - Processing file /home/airflow/.local/lib/python3.8/site-packages/airflow/example_dags/example_sensor_decorator.py for tasks to queue
[2023-11-28T20:14:33.598+0000] {logging_mixin.py:154} INFO - [2023-11-28T20:14:33.597+0000] {dagbag.py:536} INFO - Filling up the DagBag from /home/airflow/.local/lib/python3.8/site-packages/airflow/example_dags/example_sensor_decorator.py
[2023-11-28T20:14:33.608+0000] {processor.py:839} INFO - DAG(s) dict_keys(['example_sensor_decorator']) retrieved from /home/airflow/.local/lib/python3.8/site-packages/airflow/example_dags/example_sensor_decorator.py
[2023-11-28T20:14:33.651+0000] {logging_mixin.py:154} INFO - [2023-11-28T20:14:33.651+0000] {dag.py:2941} INFO - Sync 1 DAGs
[2023-11-28T20:14:33.672+0000] {logging_mixin.py:154} INFO - [2023-11-28T20:14:33.672+0000] {dag.py:3722} INFO - Setting next_dagrun for example_sensor_decorator to None, run_after=None
[2023-11-28T20:14:33.704+0000] {processor.py:179} INFO - Processing /home/airflow/.local/lib/python3.8/site-packages/airflow/example_dags/example_sensor_decorator.py took 0.122 seconds
[2023-11-28T20:15:04.302+0000] {processor.py:157} INFO - Started process (PID=486) to work on /home/airflow/.local/lib/python3.8/site-packages/airflow/example_dags/example_sensor_decorator.py
[2023-11-28T20:15:04.310+0000] {processor.py:829} INFO - Processing file /home/airflow/.local/lib/python3.8/site-packages/airflow/example_dags/example_sensor_decorator.py for tasks to queue
[2023-11-28T20:15:04.331+0000] {logging_mixin.py:154} INFO - [2023-11-28T20:15:04.328+0000] {dagbag.py:536} INFO - Filling up the DagBag from /home/airflow/.local/lib/python3.8/site-packages/airflow/example_dags/example_sensor_decorator.py
[2023-11-28T20:15:04.364+0000] {processor.py:839} INFO - DAG(s) dict_keys(['example_sensor_decorator']) retrieved from /home/airflow/.local/lib/python3.8/site-packages/airflow/example_dags/example_sensor_decorator.py
[2023-11-28T20:15:04.472+0000] {logging_mixin.py:154} INFO - [2023-11-28T20:15:04.472+0000] {dag.py:2941} INFO - Sync 1 DAGs
[2023-11-28T20:15:04.529+0000] {logging_mixin.py:154} INFO - [2023-11-28T20:15:04.525+0000] {dag.py:3722} INFO - Setting next_dagrun for example_sensor_decorator to None, run_after=None
[2023-11-28T20:15:04.599+0000] {processor.py:179} INFO - Processing /home/airflow/.local/lib/python3.8/site-packages/airflow/example_dags/example_sensor_decorator.py took 0.314 seconds
[2023-11-28T20:15:34.786+0000] {processor.py:157} INFO - Started process (PID=541) to work on /home/airflow/.local/lib/python3.8/site-packages/airflow/example_dags/example_sensor_decorator.py
[2023-11-28T20:15:34.788+0000] {processor.py:829} INFO - Processing file /home/airflow/.local/lib/python3.8/site-packages/airflow/example_dags/example_sensor_decorator.py for tasks to queue
[2023-11-28T20:15:34.793+0000] {logging_mixin.py:154} INFO - [2023-11-28T20:15:34.793+0000] {dagbag.py:536} INFO - Filling up the DagBag from /home/airflow/.local/lib/python3.8/site-packages/airflow/example_dags/example_sensor_decorator.py
[2023-11-28T20:15:34.803+0000] {processor.py:839} INFO - DAG(s) dict_keys(['example_sensor_decorator']) retrieved from /home/airflow/.local/lib/python3.8/site-packages/airflow/example_dags/example_sensor_decorator.py
[2023-11-28T20:15:34.838+0000] {logging_mixin.py:154} INFO - [2023-11-28T20:15:34.838+0000] {dag.py:2941} INFO - Sync 1 DAGs
[2023-11-28T20:15:34.857+0000] {logging_mixin.py:154} INFO - [2023-11-28T20:15:34.856+0000] {dag.py:3722} INFO - Setting next_dagrun for example_sensor_decorator to None, run_after=None
[2023-11-28T20:15:34.892+0000] {processor.py:179} INFO - Processing /home/airflow/.local/lib/python3.8/site-packages/airflow/example_dags/example_sensor_decorator.py took 0.113 seconds
[2023-11-28T20:16:05.160+0000] {processor.py:157} INFO - Started process (PID=594) to work on /home/airflow/.local/lib/python3.8/site-packages/airflow/example_dags/example_sensor_decorator.py
[2023-11-28T20:16:05.162+0000] {processor.py:829} INFO - Processing file /home/airflow/.local/lib/python3.8/site-packages/airflow/example_dags/example_sensor_decorator.py for tasks to queue
[2023-11-28T20:16:05.165+0000] {logging_mixin.py:154} INFO - [2023-11-28T20:16:05.165+0000] {dagbag.py:536} INFO - Filling up the DagBag from /home/airflow/.local/lib/python3.8/site-packages/airflow/example_dags/example_sensor_decorator.py
[2023-11-28T20:16:05.178+0000] {processor.py:839} INFO - DAG(s) dict_keys(['example_sensor_decorator']) retrieved from /home/airflow/.local/lib/python3.8/site-packages/airflow/example_dags/example_sensor_decorator.py
[2023-11-28T20:16:05.217+0000] {logging_mixin.py:154} INFO - [2023-11-28T20:16:05.217+0000] {dag.py:2941} INFO - Sync 1 DAGs
[2023-11-28T20:16:05.241+0000] {logging_mixin.py:154} INFO - [2023-11-28T20:16:05.240+0000] {dag.py:3722} INFO - Setting next_dagrun for example_sensor_decorator to None, run_after=None
[2023-11-28T20:16:05.291+0000] {processor.py:179} INFO - Processing /home/airflow/.local/lib/python3.8/site-packages/airflow/example_dags/example_sensor_decorator.py took 0.137 seconds
[2023-11-28T20:16:35.451+0000] {processor.py:157} INFO - Started process (PID=648) to work on /home/airflow/.local/lib/python3.8/site-packages/airflow/example_dags/example_sensor_decorator.py
[2023-11-28T20:16:35.454+0000] {processor.py:829} INFO - Processing file /home/airflow/.local/lib/python3.8/site-packages/airflow/example_dags/example_sensor_decorator.py for tasks to queue
[2023-11-28T20:16:35.465+0000] {logging_mixin.py:154} INFO - [2023-11-28T20:16:35.464+0000] {dagbag.py:536} INFO - Filling up the DagBag from /home/airflow/.local/lib/python3.8/site-packages/airflow/example_dags/example_sensor_decorator.py
[2023-11-28T20:16:35.482+0000] {processor.py:839} INFO - DAG(s) dict_keys(['example_sensor_decorator']) retrieved from /home/airflow/.local/lib/python3.8/site-packages/airflow/example_dags/example_sensor_decorator.py
[2023-11-28T20:16:35.535+0000] {logging_mixin.py:154} INFO - [2023-11-28T20:16:35.535+0000] {dag.py:2941} INFO - Sync 1 DAGs
[2023-11-28T20:16:35.557+0000] {logging_mixin.py:154} INFO - [2023-11-28T20:16:35.557+0000] {dag.py:3722} INFO - Setting next_dagrun for example_sensor_decorator to None, run_after=None
[2023-11-28T20:16:35.591+0000] {processor.py:179} INFO - Processing /home/airflow/.local/lib/python3.8/site-packages/airflow/example_dags/example_sensor_decorator.py took 0.147 seconds
[2023-11-28T20:17:06.126+0000] {processor.py:157} INFO - Started process (PID=701) to work on /home/airflow/.local/lib/python3.8/site-packages/airflow/example_dags/example_sensor_decorator.py
[2023-11-28T20:17:06.128+0000] {processor.py:829} INFO - Processing file /home/airflow/.local/lib/python3.8/site-packages/airflow/example_dags/example_sensor_decorator.py for tasks to queue
[2023-11-28T20:17:06.133+0000] {logging_mixin.py:154} INFO - [2023-11-28T20:17:06.133+0000] {dagbag.py:536} INFO - Filling up the DagBag from /home/airflow/.local/lib/python3.8/site-packages/airflow/example_dags/example_sensor_decorator.py
[2023-11-28T20:17:06.143+0000] {processor.py:839} INFO - DAG(s) dict_keys(['example_sensor_decorator']) retrieved from /home/airflow/.local/lib/python3.8/site-packages/airflow/example_dags/example_sensor_decorator.py
[2023-11-28T20:17:06.181+0000] {logging_mixin.py:154} INFO - [2023-11-28T20:17:06.180+0000] {dag.py:2941} INFO - Sync 1 DAGs
[2023-11-28T20:17:06.199+0000] {logging_mixin.py:154} INFO - [2023-11-28T20:17:06.199+0000] {dag.py:3722} INFO - Setting next_dagrun for example_sensor_decorator to None, run_after=None
[2023-11-28T20:17:06.234+0000] {processor.py:179} INFO - Processing /home/airflow/.local/lib/python3.8/site-packages/airflow/example_dags/example_sensor_decorator.py took 0.114 seconds
[2023-11-28T20:17:36.304+0000] {processor.py:157} INFO - Started process (PID=754) to work on /home/airflow/.local/lib/python3.8/site-packages/airflow/example_dags/example_sensor_decorator.py
[2023-11-28T20:17:36.306+0000] {processor.py:829} INFO - Processing file /home/airflow/.local/lib/python3.8/site-packages/airflow/example_dags/example_sensor_decorator.py for tasks to queue
[2023-11-28T20:17:36.310+0000] {logging_mixin.py:154} INFO - [2023-11-28T20:17:36.310+0000] {dagbag.py:536} INFO - Filling up the DagBag from /home/airflow/.local/lib/python3.8/site-packages/airflow/example_dags/example_sensor_decorator.py
[2023-11-28T20:17:36.320+0000] {processor.py:839} INFO - DAG(s) dict_keys(['example_sensor_decorator']) retrieved from /home/airflow/.local/lib/python3.8/site-packages/airflow/example_dags/example_sensor_decorator.py
[2023-11-28T20:17:36.357+0000] {logging_mixin.py:154} INFO - [2023-11-28T20:17:36.356+0000] {dag.py:2941} INFO - Sync 1 DAGs
[2023-11-28T20:17:36.376+0000] {logging_mixin.py:154} INFO - [2023-11-28T20:17:36.376+0000] {dag.py:3722} INFO - Setting next_dagrun for example_sensor_decorator to None, run_after=None
[2023-11-28T20:17:36.408+0000] {processor.py:179} INFO - Processing /home/airflow/.local/lib/python3.8/site-packages/airflow/example_dags/example_sensor_decorator.py took 0.109 seconds
[2023-11-28T20:18:06.558+0000] {processor.py:157} INFO - Started process (PID=808) to work on /home/airflow/.local/lib/python3.8/site-packages/airflow/example_dags/example_sensor_decorator.py
[2023-11-28T20:18:06.560+0000] {processor.py:829} INFO - Processing file /home/airflow/.local/lib/python3.8/site-packages/airflow/example_dags/example_sensor_decorator.py for tasks to queue
[2023-11-28T20:18:06.565+0000] {logging_mixin.py:154} INFO - [2023-11-28T20:18:06.564+0000] {dagbag.py:536} INFO - Filling up the DagBag from /home/airflow/.local/lib/python3.8/site-packages/airflow/example_dags/example_sensor_decorator.py
[2023-11-28T20:18:06.574+0000] {processor.py:839} INFO - DAG(s) dict_keys(['example_sensor_decorator']) retrieved from /home/airflow/.local/lib/python3.8/site-packages/airflow/example_dags/example_sensor_decorator.py
[2023-11-28T20:18:06.611+0000] {logging_mixin.py:154} INFO - [2023-11-28T20:18:06.611+0000] {dag.py:2941} INFO - Sync 1 DAGs
[2023-11-28T20:18:06.630+0000] {logging_mixin.py:154} INFO - [2023-11-28T20:18:06.630+0000] {dag.py:3722} INFO - Setting next_dagrun for example_sensor_decorator to None, run_after=None
[2023-11-28T20:18:06.661+0000] {processor.py:179} INFO - Processing /home/airflow/.local/lib/python3.8/site-packages/airflow/example_dags/example_sensor_decorator.py took 0.109 seconds
[2023-11-28T20:18:37.220+0000] {processor.py:157} INFO - Started process (PID=862) to work on /home/airflow/.local/lib/python3.8/site-packages/airflow/example_dags/example_sensor_decorator.py
[2023-11-28T20:18:37.221+0000] {processor.py:829} INFO - Processing file /home/airflow/.local/lib/python3.8/site-packages/airflow/example_dags/example_sensor_decorator.py for tasks to queue
[2023-11-28T20:18:37.225+0000] {logging_mixin.py:154} INFO - [2023-11-28T20:18:37.224+0000] {dagbag.py:536} INFO - Filling up the DagBag from /home/airflow/.local/lib/python3.8/site-packages/airflow/example_dags/example_sensor_decorator.py
[2023-11-28T20:18:37.235+0000] {processor.py:839} INFO - DAG(s) dict_keys(['example_sensor_decorator']) retrieved from /home/airflow/.local/lib/python3.8/site-packages/airflow/example_dags/example_sensor_decorator.py
[2023-11-28T20:18:37.272+0000] {logging_mixin.py:154} INFO - [2023-11-28T20:18:37.272+0000] {dag.py:2941} INFO - Sync 1 DAGs
[2023-11-28T20:18:37.290+0000] {logging_mixin.py:154} INFO - [2023-11-28T20:18:37.290+0000] {dag.py:3722} INFO - Setting next_dagrun for example_sensor_decorator to None, run_after=None
[2023-11-28T20:18:37.330+0000] {processor.py:179} INFO - Processing /home/airflow/.local/lib/python3.8/site-packages/airflow/example_dags/example_sensor_decorator.py took 0.116 seconds
[2023-11-28T20:19:07.889+0000] {processor.py:157} INFO - Started process (PID=916) to work on /home/airflow/.local/lib/python3.8/site-packages/airflow/example_dags/example_sensor_decorator.py
[2023-11-28T20:19:07.890+0000] {processor.py:829} INFO - Processing file /home/airflow/.local/lib/python3.8/site-packages/airflow/example_dags/example_sensor_decorator.py for tasks to queue
[2023-11-28T20:19:07.895+0000] {logging_mixin.py:154} INFO - [2023-11-28T20:19:07.895+0000] {dagbag.py:536} INFO - Filling up the DagBag from /home/airflow/.local/lib/python3.8/site-packages/airflow/example_dags/example_sensor_decorator.py
[2023-11-28T20:19:07.905+0000] {processor.py:839} INFO - DAG(s) dict_keys(['example_sensor_decorator']) retrieved from /home/airflow/.local/lib/python3.8/site-packages/airflow/example_dags/example_sensor_decorator.py
[2023-11-28T20:19:07.941+0000] {logging_mixin.py:154} INFO - [2023-11-28T20:19:07.941+0000] {dag.py:2941} INFO - Sync 1 DAGs
[2023-11-28T20:19:07.961+0000] {logging_mixin.py:154} INFO - [2023-11-28T20:19:07.961+0000] {dag.py:3722} INFO - Setting next_dagrun for example_sensor_decorator to None, run_after=None
[2023-11-28T20:19:07.999+0000] {processor.py:179} INFO - Processing /home/airflow/.local/lib/python3.8/site-packages/airflow/example_dags/example_sensor_decorator.py took 0.116 seconds
[2023-11-28T20:19:38.070+0000] {processor.py:157} INFO - Started process (PID=970) to work on /home/airflow/.local/lib/python3.8/site-packages/airflow/example_dags/example_sensor_decorator.py
[2023-11-28T20:19:38.071+0000] {processor.py:829} INFO - Processing file /home/airflow/.local/lib/python3.8/site-packages/airflow/example_dags/example_sensor_decorator.py for tasks to queue
[2023-11-28T20:19:38.076+0000] {logging_mixin.py:154} INFO - [2023-11-28T20:19:38.076+0000] {dagbag.py:536} INFO - Filling up the DagBag from /home/airflow/.local/lib/python3.8/site-packages/airflow/example_dags/example_sensor_decorator.py
[2023-11-28T20:19:38.086+0000] {processor.py:839} INFO - DAG(s) dict_keys(['example_sensor_decorator']) retrieved from /home/airflow/.local/lib/python3.8/site-packages/airflow/example_dags/example_sensor_decorator.py
[2023-11-28T20:19:38.122+0000] {logging_mixin.py:154} INFO - [2023-11-28T20:19:38.122+0000] {dag.py:2941} INFO - Sync 1 DAGs
[2023-11-28T20:19:38.142+0000] {logging_mixin.py:154} INFO - [2023-11-28T20:19:38.141+0000] {dag.py:3722} INFO - Setting next_dagrun for example_sensor_decorator to None, run_after=None
[2023-11-28T20:19:38.174+0000] {processor.py:179} INFO - Processing /home/airflow/.local/lib/python3.8/site-packages/airflow/example_dags/example_sensor_decorator.py took 0.110 seconds
[2023-11-28T20:20:08.803+0000] {processor.py:157} INFO - Started process (PID=1024) to work on /home/airflow/.local/lib/python3.8/site-packages/airflow/example_dags/example_sensor_decorator.py
[2023-11-28T20:20:08.806+0000] {processor.py:829} INFO - Processing file /home/airflow/.local/lib/python3.8/site-packages/airflow/example_dags/example_sensor_decorator.py for tasks to queue
[2023-11-28T20:20:08.812+0000] {logging_mixin.py:154} INFO - [2023-11-28T20:20:08.811+0000] {dagbag.py:536} INFO - Filling up the DagBag from /home/airflow/.local/lib/python3.8/site-packages/airflow/example_dags/example_sensor_decorator.py
[2023-11-28T20:20:08.825+0000] {processor.py:839} INFO - DAG(s) dict_keys(['example_sensor_decorator']) retrieved from /home/airflow/.local/lib/python3.8/site-packages/airflow/example_dags/example_sensor_decorator.py
[2023-11-28T20:20:08.862+0000] {logging_mixin.py:154} INFO - [2023-11-28T20:20:08.861+0000] {dag.py:2941} INFO - Sync 1 DAGs
[2023-11-28T20:20:08.880+0000] {logging_mixin.py:154} INFO - [2023-11-28T20:20:08.880+0000] {dag.py:3722} INFO - Setting next_dagrun for example_sensor_decorator to None, run_after=None
[2023-11-28T20:20:08.906+0000] {processor.py:179} INFO - Processing /home/airflow/.local/lib/python3.8/site-packages/airflow/example_dags/example_sensor_decorator.py took 0.109 seconds
[2023-11-28T20:20:39.209+0000] {processor.py:157} INFO - Started process (PID=1079) to work on /home/airflow/.local/lib/python3.8/site-packages/airflow/example_dags/example_sensor_decorator.py
[2023-11-28T20:20:39.212+0000] {processor.py:829} INFO - Processing file /home/airflow/.local/lib/python3.8/site-packages/airflow/example_dags/example_sensor_decorator.py for tasks to queue
[2023-11-28T20:20:39.217+0000] {logging_mixin.py:154} INFO - [2023-11-28T20:20:39.216+0000] {dagbag.py:536} INFO - Filling up the DagBag from /home/airflow/.local/lib/python3.8/site-packages/airflow/example_dags/example_sensor_decorator.py
[2023-11-28T20:20:39.226+0000] {processor.py:839} INFO - DAG(s) dict_keys(['example_sensor_decorator']) retrieved from /home/airflow/.local/lib/python3.8/site-packages/airflow/example_dags/example_sensor_decorator.py
[2023-11-28T20:20:39.264+0000] {logging_mixin.py:154} INFO - [2023-11-28T20:20:39.264+0000] {dag.py:2941} INFO - Sync 1 DAGs
[2023-11-28T20:20:39.285+0000] {logging_mixin.py:154} INFO - [2023-11-28T20:20:39.284+0000] {dag.py:3722} INFO - Setting next_dagrun for example_sensor_decorator to None, run_after=None
[2023-11-28T20:20:39.537+0000] {processor.py:179} INFO - Processing /home/airflow/.local/lib/python3.8/site-packages/airflow/example_dags/example_sensor_decorator.py took 0.333 seconds
[2023-11-28T20:21:10.101+0000] {processor.py:157} INFO - Started process (PID=1133) to work on /home/airflow/.local/lib/python3.8/site-packages/airflow/example_dags/example_sensor_decorator.py
[2023-11-28T20:21:10.103+0000] {processor.py:829} INFO - Processing file /home/airflow/.local/lib/python3.8/site-packages/airflow/example_dags/example_sensor_decorator.py for tasks to queue
[2023-11-28T20:21:10.108+0000] {logging_mixin.py:154} INFO - [2023-11-28T20:21:10.108+0000] {dagbag.py:536} INFO - Filling up the DagBag from /home/airflow/.local/lib/python3.8/site-packages/airflow/example_dags/example_sensor_decorator.py
[2023-11-28T20:21:10.117+0000] {processor.py:839} INFO - DAG(s) dict_keys(['example_sensor_decorator']) retrieved from /home/airflow/.local/lib/python3.8/site-packages/airflow/example_dags/example_sensor_decorator.py
[2023-11-28T20:21:10.151+0000] {logging_mixin.py:154} INFO - [2023-11-28T20:21:10.151+0000] {dag.py:2941} INFO - Sync 1 DAGs
[2023-11-28T20:21:10.170+0000] {logging_mixin.py:154} INFO - [2023-11-28T20:21:10.170+0000] {dag.py:3722} INFO - Setting next_dagrun for example_sensor_decorator to None, run_after=None
[2023-11-28T20:21:10.196+0000] {processor.py:179} INFO - Processing /home/airflow/.local/lib/python3.8/site-packages/airflow/example_dags/example_sensor_decorator.py took 0.100 seconds
[2023-11-28T20:21:40.371+0000] {processor.py:157} INFO - Started process (PID=1187) to work on /home/airflow/.local/lib/python3.8/site-packages/airflow/example_dags/example_sensor_decorator.py
[2023-11-28T20:21:40.374+0000] {processor.py:829} INFO - Processing file /home/airflow/.local/lib/python3.8/site-packages/airflow/example_dags/example_sensor_decorator.py for tasks to queue
[2023-11-28T20:21:40.379+0000] {logging_mixin.py:154} INFO - [2023-11-28T20:21:40.379+0000] {dagbag.py:536} INFO - Filling up the DagBag from /home/airflow/.local/lib/python3.8/site-packages/airflow/example_dags/example_sensor_decorator.py
[2023-11-28T20:21:40.390+0000] {processor.py:839} INFO - DAG(s) dict_keys(['example_sensor_decorator']) retrieved from /home/airflow/.local/lib/python3.8/site-packages/airflow/example_dags/example_sensor_decorator.py
[2023-11-28T20:21:40.432+0000] {logging_mixin.py:154} INFO - [2023-11-28T20:21:40.432+0000] {dag.py:2941} INFO - Sync 1 DAGs
[2023-11-28T20:21:40.451+0000] {logging_mixin.py:154} INFO - [2023-11-28T20:21:40.451+0000] {dag.py:3722} INFO - Setting next_dagrun for example_sensor_decorator to None, run_after=None
[2023-11-28T20:21:40.484+0000] {processor.py:179} INFO - Processing /home/airflow/.local/lib/python3.8/site-packages/airflow/example_dags/example_sensor_decorator.py took 0.120 seconds
[2023-11-28T20:22:11.161+0000] {processor.py:157} INFO - Started process (PID=1241) to work on /home/airflow/.local/lib/python3.8/site-packages/airflow/example_dags/example_sensor_decorator.py
[2023-11-28T20:22:11.163+0000] {processor.py:829} INFO - Processing file /home/airflow/.local/lib/python3.8/site-packages/airflow/example_dags/example_sensor_decorator.py for tasks to queue
[2023-11-28T20:22:11.168+0000] {logging_mixin.py:154} INFO - [2023-11-28T20:22:11.168+0000] {dagbag.py:536} INFO - Filling up the DagBag from /home/airflow/.local/lib/python3.8/site-packages/airflow/example_dags/example_sensor_decorator.py
[2023-11-28T20:22:11.177+0000] {processor.py:839} INFO - DAG(s) dict_keys(['example_sensor_decorator']) retrieved from /home/airflow/.local/lib/python3.8/site-packages/airflow/example_dags/example_sensor_decorator.py
[2023-11-28T20:22:11.212+0000] {logging_mixin.py:154} INFO - [2023-11-28T20:22:11.212+0000] {dag.py:2941} INFO - Sync 1 DAGs
[2023-11-28T20:22:11.424+0000] {logging_mixin.py:154} INFO - [2023-11-28T20:22:11.424+0000] {dag.py:3722} INFO - Setting next_dagrun for example_sensor_decorator to None, run_after=None
[2023-11-28T20:22:11.461+0000] {processor.py:179} INFO - Processing /home/airflow/.local/lib/python3.8/site-packages/airflow/example_dags/example_sensor_decorator.py took 0.306 seconds
[2023-11-28T20:22:41.669+0000] {processor.py:157} INFO - Started process (PID=1295) to work on /home/airflow/.local/lib/python3.8/site-packages/airflow/example_dags/example_sensor_decorator.py
[2023-11-28T20:22:41.670+0000] {processor.py:829} INFO - Processing file /home/airflow/.local/lib/python3.8/site-packages/airflow/example_dags/example_sensor_decorator.py for tasks to queue
[2023-11-28T20:22:41.675+0000] {logging_mixin.py:154} INFO - [2023-11-28T20:22:41.674+0000] {dagbag.py:536} INFO - Filling up the DagBag from /home/airflow/.local/lib/python3.8/site-packages/airflow/example_dags/example_sensor_decorator.py
[2023-11-28T20:22:41.684+0000] {processor.py:839} INFO - DAG(s) dict_keys(['example_sensor_decorator']) retrieved from /home/airflow/.local/lib/python3.8/site-packages/airflow/example_dags/example_sensor_decorator.py
[2023-11-28T20:22:41.716+0000] {logging_mixin.py:154} INFO - [2023-11-28T20:22:41.716+0000] {dag.py:2941} INFO - Sync 1 DAGs
[2023-11-28T20:22:41.737+0000] {logging_mixin.py:154} INFO - [2023-11-28T20:22:41.737+0000] {dag.py:3722} INFO - Setting next_dagrun for example_sensor_decorator to None, run_after=None
[2023-11-28T20:22:41.765+0000] {processor.py:179} INFO - Processing /home/airflow/.local/lib/python3.8/site-packages/airflow/example_dags/example_sensor_decorator.py took 0.102 seconds
[2023-11-28T21:07:48.350+0000] {processor.py:157} INFO - Started process (PID=46) to work on /home/airflow/.local/lib/python3.8/site-packages/airflow/example_dags/example_sensor_decorator.py
[2023-11-28T21:07:48.352+0000] {processor.py:829} INFO - Processing file /home/airflow/.local/lib/python3.8/site-packages/airflow/example_dags/example_sensor_decorator.py for tasks to queue
[2023-11-28T21:07:48.357+0000] {logging_mixin.py:154} INFO - [2023-11-28T21:07:48.356+0000] {dagbag.py:536} INFO - Filling up the DagBag from /home/airflow/.local/lib/python3.8/site-packages/airflow/example_dags/example_sensor_decorator.py
[2023-11-28T21:07:48.382+0000] {processor.py:839} INFO - DAG(s) dict_keys(['example_sensor_decorator']) retrieved from /home/airflow/.local/lib/python3.8/site-packages/airflow/example_dags/example_sensor_decorator.py
[2023-11-28T21:07:48.742+0000] {logging_mixin.py:154} INFO - [2023-11-28T21:07:48.742+0000] {manager.py:499} INFO - Created Permission View: %s
[2023-11-28T21:07:48.799+0000] {logging_mixin.py:154} INFO - [2023-11-28T21:07:48.799+0000] {manager.py:499} INFO - Created Permission View: %s
[2023-11-28T21:07:48.829+0000] {logging_mixin.py:154} INFO - [2023-11-28T21:07:48.829+0000] {manager.py:499} INFO - Created Permission View: %s
[2023-11-28T21:07:48.849+0000] {logging_mixin.py:154} INFO - [2023-11-28T21:07:48.847+0000] {dag.py:2941} INFO - Sync 1 DAGs
[2023-11-28T21:07:49.024+0000] {logging_mixin.py:154} INFO - [2023-11-28T21:07:49.024+0000] {dag.py:2963} INFO - Creating ORM DAG for example_sensor_decorator
[2023-11-28T21:07:49.026+0000] {logging_mixin.py:154} INFO - [2023-11-28T21:07:49.026+0000] {dag.py:3722} INFO - Setting next_dagrun for example_sensor_decorator to None, run_after=None
[2023-11-28T21:07:49.157+0000] {processor.py:179} INFO - Processing /home/airflow/.local/lib/python3.8/site-packages/airflow/example_dags/example_sensor_decorator.py took 0.813 seconds
[2023-11-28T21:08:22.456+0000] {processor.py:157} INFO - Started process (PID=99) to work on /home/airflow/.local/lib/python3.8/site-packages/airflow/example_dags/example_sensor_decorator.py
[2023-11-28T21:08:22.463+0000] {processor.py:829} INFO - Processing file /home/airflow/.local/lib/python3.8/site-packages/airflow/example_dags/example_sensor_decorator.py for tasks to queue
[2023-11-28T21:08:22.486+0000] {logging_mixin.py:154} INFO - [2023-11-28T21:08:22.475+0000] {dagbag.py:536} INFO - Filling up the DagBag from /home/airflow/.local/lib/python3.8/site-packages/airflow/example_dags/example_sensor_decorator.py
[2023-11-28T21:08:22.522+0000] {processor.py:839} INFO - DAG(s) dict_keys(['example_sensor_decorator']) retrieved from /home/airflow/.local/lib/python3.8/site-packages/airflow/example_dags/example_sensor_decorator.py
[2023-11-28T21:08:22.571+0000] {logging_mixin.py:154} INFO - [2023-11-28T21:08:22.571+0000] {dag.py:2941} INFO - Sync 1 DAGs
[2023-11-28T21:08:22.600+0000] {logging_mixin.py:154} INFO - [2023-11-28T21:08:22.600+0000] {dag.py:3722} INFO - Setting next_dagrun for example_sensor_decorator to None, run_after=None
[2023-11-28T21:08:22.675+0000] {processor.py:179} INFO - Processing /home/airflow/.local/lib/python3.8/site-packages/airflow/example_dags/example_sensor_decorator.py took 0.228 seconds
[2023-11-28T21:08:53.577+0000] {processor.py:157} INFO - Started process (PID=154) to work on /home/airflow/.local/lib/python3.8/site-packages/airflow/example_dags/example_sensor_decorator.py
[2023-11-28T21:08:53.582+0000] {processor.py:829} INFO - Processing file /home/airflow/.local/lib/python3.8/site-packages/airflow/example_dags/example_sensor_decorator.py for tasks to queue
[2023-11-28T21:08:53.590+0000] {logging_mixin.py:154} INFO - [2023-11-28T21:08:53.589+0000] {dagbag.py:536} INFO - Filling up the DagBag from /home/airflow/.local/lib/python3.8/site-packages/airflow/example_dags/example_sensor_decorator.py
[2023-11-28T21:08:53.611+0000] {processor.py:839} INFO - DAG(s) dict_keys(['example_sensor_decorator']) retrieved from /home/airflow/.local/lib/python3.8/site-packages/airflow/example_dags/example_sensor_decorator.py
[2023-11-28T21:08:53.677+0000] {logging_mixin.py:154} INFO - [2023-11-28T21:08:53.676+0000] {dag.py:2941} INFO - Sync 1 DAGs
[2023-11-28T21:08:53.716+0000] {logging_mixin.py:154} INFO - [2023-11-28T21:08:53.716+0000] {dag.py:3722} INFO - Setting next_dagrun for example_sensor_decorator to None, run_after=None
[2023-11-28T21:08:53.887+0000] {processor.py:179} INFO - Processing /home/airflow/.local/lib/python3.8/site-packages/airflow/example_dags/example_sensor_decorator.py took 0.315 seconds
[2023-11-28T21:09:24.662+0000] {processor.py:157} INFO - Started process (PID=208) to work on /home/airflow/.local/lib/python3.8/site-packages/airflow/example_dags/example_sensor_decorator.py
[2023-11-28T21:09:24.664+0000] {processor.py:829} INFO - Processing file /home/airflow/.local/lib/python3.8/site-packages/airflow/example_dags/example_sensor_decorator.py for tasks to queue
[2023-11-28T21:09:24.670+0000] {logging_mixin.py:154} INFO - [2023-11-28T21:09:24.670+0000] {dagbag.py:536} INFO - Filling up the DagBag from /home/airflow/.local/lib/python3.8/site-packages/airflow/example_dags/example_sensor_decorator.py
[2023-11-28T21:09:24.679+0000] {processor.py:839} INFO - DAG(s) dict_keys(['example_sensor_decorator']) retrieved from /home/airflow/.local/lib/python3.8/site-packages/airflow/example_dags/example_sensor_decorator.py
[2023-11-28T21:09:24.723+0000] {logging_mixin.py:154} INFO - [2023-11-28T21:09:24.723+0000] {dag.py:2941} INFO - Sync 1 DAGs
[2023-11-28T21:09:24.745+0000] {logging_mixin.py:154} INFO - [2023-11-28T21:09:24.745+0000] {dag.py:3722} INFO - Setting next_dagrun for example_sensor_decorator to None, run_after=None
[2023-11-28T21:09:24.778+0000] {processor.py:179} INFO - Processing /home/airflow/.local/lib/python3.8/site-packages/airflow/example_dags/example_sensor_decorator.py took 0.121 seconds
[2023-11-28T21:09:54.844+0000] {processor.py:157} INFO - Started process (PID=263) to work on /home/airflow/.local/lib/python3.8/site-packages/airflow/example_dags/example_sensor_decorator.py
[2023-11-28T21:09:54.846+0000] {processor.py:829} INFO - Processing file /home/airflow/.local/lib/python3.8/site-packages/airflow/example_dags/example_sensor_decorator.py for tasks to queue
[2023-11-28T21:09:54.851+0000] {logging_mixin.py:154} INFO - [2023-11-28T21:09:54.851+0000] {dagbag.py:536} INFO - Filling up the DagBag from /home/airflow/.local/lib/python3.8/site-packages/airflow/example_dags/example_sensor_decorator.py
[2023-11-28T21:09:54.860+0000] {processor.py:839} INFO - DAG(s) dict_keys(['example_sensor_decorator']) retrieved from /home/airflow/.local/lib/python3.8/site-packages/airflow/example_dags/example_sensor_decorator.py
[2023-11-28T21:09:54.896+0000] {logging_mixin.py:154} INFO - [2023-11-28T21:09:54.896+0000] {dag.py:2941} INFO - Sync 1 DAGs
[2023-11-28T21:09:54.916+0000] {logging_mixin.py:154} INFO - [2023-11-28T21:09:54.915+0000] {dag.py:3722} INFO - Setting next_dagrun for example_sensor_decorator to None, run_after=None
[2023-11-28T21:09:54.956+0000] {processor.py:179} INFO - Processing /home/airflow/.local/lib/python3.8/site-packages/airflow/example_dags/example_sensor_decorator.py took 0.117 seconds
[2023-11-28T21:10:25.220+0000] {processor.py:157} INFO - Started process (PID=317) to work on /home/airflow/.local/lib/python3.8/site-packages/airflow/example_dags/example_sensor_decorator.py
[2023-11-28T21:10:25.222+0000] {processor.py:829} INFO - Processing file /home/airflow/.local/lib/python3.8/site-packages/airflow/example_dags/example_sensor_decorator.py for tasks to queue
[2023-11-28T21:10:25.226+0000] {logging_mixin.py:154} INFO - [2023-11-28T21:10:25.226+0000] {dagbag.py:536} INFO - Filling up the DagBag from /home/airflow/.local/lib/python3.8/site-packages/airflow/example_dags/example_sensor_decorator.py
[2023-11-28T21:10:25.235+0000] {processor.py:839} INFO - DAG(s) dict_keys(['example_sensor_decorator']) retrieved from /home/airflow/.local/lib/python3.8/site-packages/airflow/example_dags/example_sensor_decorator.py
[2023-11-28T21:10:25.272+0000] {logging_mixin.py:154} INFO - [2023-11-28T21:10:25.272+0000] {dag.py:2941} INFO - Sync 1 DAGs
[2023-11-28T21:10:25.291+0000] {logging_mixin.py:154} INFO - [2023-11-28T21:10:25.291+0000] {dag.py:3722} INFO - Setting next_dagrun for example_sensor_decorator to None, run_after=None
[2023-11-28T21:10:25.322+0000] {processor.py:179} INFO - Processing /home/airflow/.local/lib/python3.8/site-packages/airflow/example_dags/example_sensor_decorator.py took 0.107 seconds
[2023-11-28T21:10:55.692+0000] {processor.py:157} INFO - Started process (PID=371) to work on /home/airflow/.local/lib/python3.8/site-packages/airflow/example_dags/example_sensor_decorator.py
[2023-11-28T21:10:55.694+0000] {processor.py:829} INFO - Processing file /home/airflow/.local/lib/python3.8/site-packages/airflow/example_dags/example_sensor_decorator.py for tasks to queue
[2023-11-28T21:10:55.700+0000] {logging_mixin.py:154} INFO - [2023-11-28T21:10:55.699+0000] {dagbag.py:536} INFO - Filling up the DagBag from /home/airflow/.local/lib/python3.8/site-packages/airflow/example_dags/example_sensor_decorator.py
[2023-11-28T21:10:55.710+0000] {processor.py:839} INFO - DAG(s) dict_keys(['example_sensor_decorator']) retrieved from /home/airflow/.local/lib/python3.8/site-packages/airflow/example_dags/example_sensor_decorator.py
[2023-11-28T21:10:55.748+0000] {logging_mixin.py:154} INFO - [2023-11-28T21:10:55.748+0000] {dag.py:2941} INFO - Sync 1 DAGs
[2023-11-28T21:10:55.771+0000] {logging_mixin.py:154} INFO - [2023-11-28T21:10:55.771+0000] {dag.py:3722} INFO - Setting next_dagrun for example_sensor_decorator to None, run_after=None
[2023-11-28T21:10:55.802+0000] {processor.py:179} INFO - Processing /home/airflow/.local/lib/python3.8/site-packages/airflow/example_dags/example_sensor_decorator.py took 0.115 seconds
[2023-11-28T21:11:26.061+0000] {processor.py:157} INFO - Started process (PID=425) to work on /home/airflow/.local/lib/python3.8/site-packages/airflow/example_dags/example_sensor_decorator.py
[2023-11-28T21:11:26.063+0000] {processor.py:829} INFO - Processing file /home/airflow/.local/lib/python3.8/site-packages/airflow/example_dags/example_sensor_decorator.py for tasks to queue
[2023-11-28T21:11:26.067+0000] {logging_mixin.py:154} INFO - [2023-11-28T21:11:26.067+0000] {dagbag.py:536} INFO - Filling up the DagBag from /home/airflow/.local/lib/python3.8/site-packages/airflow/example_dags/example_sensor_decorator.py
[2023-11-28T21:11:26.076+0000] {processor.py:839} INFO - DAG(s) dict_keys(['example_sensor_decorator']) retrieved from /home/airflow/.local/lib/python3.8/site-packages/airflow/example_dags/example_sensor_decorator.py
[2023-11-28T21:11:26.112+0000] {logging_mixin.py:154} INFO - [2023-11-28T21:11:26.112+0000] {dag.py:2941} INFO - Sync 1 DAGs
[2023-11-28T21:11:26.131+0000] {logging_mixin.py:154} INFO - [2023-11-28T21:11:26.130+0000] {dag.py:3722} INFO - Setting next_dagrun for example_sensor_decorator to None, run_after=None
[2023-11-28T21:11:26.165+0000] {processor.py:179} INFO - Processing /home/airflow/.local/lib/python3.8/site-packages/airflow/example_dags/example_sensor_decorator.py took 0.110 seconds
[2023-11-28T21:11:56.522+0000] {processor.py:157} INFO - Started process (PID=479) to work on /home/airflow/.local/lib/python3.8/site-packages/airflow/example_dags/example_sensor_decorator.py
[2023-11-28T21:11:56.525+0000] {processor.py:829} INFO - Processing file /home/airflow/.local/lib/python3.8/site-packages/airflow/example_dags/example_sensor_decorator.py for tasks to queue
[2023-11-28T21:11:56.530+0000] {logging_mixin.py:154} INFO - [2023-11-28T21:11:56.530+0000] {dagbag.py:536} INFO - Filling up the DagBag from /home/airflow/.local/lib/python3.8/site-packages/airflow/example_dags/example_sensor_decorator.py
[2023-11-28T21:11:56.539+0000] {processor.py:839} INFO - DAG(s) dict_keys(['example_sensor_decorator']) retrieved from /home/airflow/.local/lib/python3.8/site-packages/airflow/example_dags/example_sensor_decorator.py
[2023-11-28T21:11:56.585+0000] {logging_mixin.py:154} INFO - [2023-11-28T21:11:56.585+0000] {dag.py:2941} INFO - Sync 1 DAGs
[2023-11-28T21:11:56.605+0000] {logging_mixin.py:154} INFO - [2023-11-28T21:11:56.605+0000] {dag.py:3722} INFO - Setting next_dagrun for example_sensor_decorator to None, run_after=None
[2023-11-28T21:11:56.641+0000] {processor.py:179} INFO - Processing /home/airflow/.local/lib/python3.8/site-packages/airflow/example_dags/example_sensor_decorator.py took 0.126 seconds
[2023-11-28T21:12:26.970+0000] {processor.py:157} INFO - Started process (PID=533) to work on /home/airflow/.local/lib/python3.8/site-packages/airflow/example_dags/example_sensor_decorator.py
[2023-11-28T21:12:26.972+0000] {processor.py:829} INFO - Processing file /home/airflow/.local/lib/python3.8/site-packages/airflow/example_dags/example_sensor_decorator.py for tasks to queue
[2023-11-28T21:12:26.977+0000] {logging_mixin.py:154} INFO - [2023-11-28T21:12:26.976+0000] {dagbag.py:536} INFO - Filling up the DagBag from /home/airflow/.local/lib/python3.8/site-packages/airflow/example_dags/example_sensor_decorator.py
[2023-11-28T21:12:26.987+0000] {processor.py:839} INFO - DAG(s) dict_keys(['example_sensor_decorator']) retrieved from /home/airflow/.local/lib/python3.8/site-packages/airflow/example_dags/example_sensor_decorator.py
[2023-11-28T21:12:27.027+0000] {logging_mixin.py:154} INFO - [2023-11-28T21:12:27.027+0000] {dag.py:2941} INFO - Sync 1 DAGs
[2023-11-28T21:12:27.046+0000] {logging_mixin.py:154} INFO - [2023-11-28T21:12:27.045+0000] {dag.py:3722} INFO - Setting next_dagrun for example_sensor_decorator to None, run_after=None
[2023-11-28T21:12:27.080+0000] {processor.py:179} INFO - Processing /home/airflow/.local/lib/python3.8/site-packages/airflow/example_dags/example_sensor_decorator.py took 0.116 seconds
[2023-11-28T21:12:57.566+0000] {processor.py:157} INFO - Started process (PID=588) to work on /home/airflow/.local/lib/python3.8/site-packages/airflow/example_dags/example_sensor_decorator.py
[2023-11-28T21:12:57.568+0000] {processor.py:829} INFO - Processing file /home/airflow/.local/lib/python3.8/site-packages/airflow/example_dags/example_sensor_decorator.py for tasks to queue
[2023-11-28T21:12:57.572+0000] {logging_mixin.py:154} INFO - [2023-11-28T21:12:57.572+0000] {dagbag.py:536} INFO - Filling up the DagBag from /home/airflow/.local/lib/python3.8/site-packages/airflow/example_dags/example_sensor_decorator.py
[2023-11-28T21:12:57.584+0000] {processor.py:839} INFO - DAG(s) dict_keys(['example_sensor_decorator']) retrieved from /home/airflow/.local/lib/python3.8/site-packages/airflow/example_dags/example_sensor_decorator.py
[2023-11-28T21:12:57.625+0000] {logging_mixin.py:154} INFO - [2023-11-28T21:12:57.625+0000] {dag.py:2941} INFO - Sync 1 DAGs
[2023-11-28T21:12:57.646+0000] {logging_mixin.py:154} INFO - [2023-11-28T21:12:57.645+0000] {dag.py:3722} INFO - Setting next_dagrun for example_sensor_decorator to None, run_after=None
[2023-11-28T21:12:57.682+0000] {processor.py:179} INFO - Processing /home/airflow/.local/lib/python3.8/site-packages/airflow/example_dags/example_sensor_decorator.py took 0.122 seconds
[2023-11-28T21:13:28.052+0000] {processor.py:157} INFO - Started process (PID=643) to work on /home/airflow/.local/lib/python3.8/site-packages/airflow/example_dags/example_sensor_decorator.py
[2023-11-28T21:13:28.054+0000] {processor.py:829} INFO - Processing file /home/airflow/.local/lib/python3.8/site-packages/airflow/example_dags/example_sensor_decorator.py for tasks to queue
[2023-11-28T21:13:28.060+0000] {logging_mixin.py:154} INFO - [2023-11-28T21:13:28.059+0000] {dagbag.py:536} INFO - Filling up the DagBag from /home/airflow/.local/lib/python3.8/site-packages/airflow/example_dags/example_sensor_decorator.py
[2023-11-28T21:13:28.070+0000] {processor.py:839} INFO - DAG(s) dict_keys(['example_sensor_decorator']) retrieved from /home/airflow/.local/lib/python3.8/site-packages/airflow/example_dags/example_sensor_decorator.py
[2023-11-28T21:13:28.111+0000] {logging_mixin.py:154} INFO - [2023-11-28T21:13:28.110+0000] {dag.py:2941} INFO - Sync 1 DAGs
[2023-11-28T21:13:28.131+0000] {logging_mixin.py:154} INFO - [2023-11-28T21:13:28.131+0000] {dag.py:3722} INFO - Setting next_dagrun for example_sensor_decorator to None, run_after=None
[2023-11-28T21:13:28.161+0000] {processor.py:179} INFO - Processing /home/airflow/.local/lib/python3.8/site-packages/airflow/example_dags/example_sensor_decorator.py took 0.115 seconds
[2023-11-28T21:13:59.005+0000] {processor.py:157} INFO - Started process (PID=697) to work on /home/airflow/.local/lib/python3.8/site-packages/airflow/example_dags/example_sensor_decorator.py
[2023-11-28T21:13:59.006+0000] {processor.py:829} INFO - Processing file /home/airflow/.local/lib/python3.8/site-packages/airflow/example_dags/example_sensor_decorator.py for tasks to queue
[2023-11-28T21:13:59.010+0000] {logging_mixin.py:154} INFO - [2023-11-28T21:13:59.010+0000] {dagbag.py:536} INFO - Filling up the DagBag from /home/airflow/.local/lib/python3.8/site-packages/airflow/example_dags/example_sensor_decorator.py
[2023-11-28T21:13:59.023+0000] {processor.py:839} INFO - DAG(s) dict_keys(['example_sensor_decorator']) retrieved from /home/airflow/.local/lib/python3.8/site-packages/airflow/example_dags/example_sensor_decorator.py
[2023-11-28T21:13:59.063+0000] {logging_mixin.py:154} INFO - [2023-11-28T21:13:59.063+0000] {dag.py:2941} INFO - Sync 1 DAGs
[2023-11-28T21:13:59.083+0000] {logging_mixin.py:154} INFO - [2023-11-28T21:13:59.082+0000] {dag.py:3722} INFO - Setting next_dagrun for example_sensor_decorator to None, run_after=None
[2023-11-28T21:13:59.114+0000] {processor.py:179} INFO - Processing /home/airflow/.local/lib/python3.8/site-packages/airflow/example_dags/example_sensor_decorator.py took 0.115 seconds
[2023-11-28T21:14:29.263+0000] {processor.py:157} INFO - Started process (PID=752) to work on /home/airflow/.local/lib/python3.8/site-packages/airflow/example_dags/example_sensor_decorator.py
[2023-11-28T21:14:29.278+0000] {processor.py:829} INFO - Processing file /home/airflow/.local/lib/python3.8/site-packages/airflow/example_dags/example_sensor_decorator.py for tasks to queue
[2023-11-28T21:14:29.296+0000] {logging_mixin.py:154} INFO - [2023-11-28T21:14:29.295+0000] {dagbag.py:536} INFO - Filling up the DagBag from /home/airflow/.local/lib/python3.8/site-packages/airflow/example_dags/example_sensor_decorator.py
[2023-11-28T21:14:29.311+0000] {processor.py:839} INFO - DAG(s) dict_keys(['example_sensor_decorator']) retrieved from /home/airflow/.local/lib/python3.8/site-packages/airflow/example_dags/example_sensor_decorator.py
[2023-11-28T21:14:29.346+0000] {logging_mixin.py:154} INFO - [2023-11-28T21:14:29.346+0000] {dag.py:2941} INFO - Sync 1 DAGs
[2023-11-28T21:14:29.364+0000] {logging_mixin.py:154} INFO - [2023-11-28T21:14:29.364+0000] {dag.py:3722} INFO - Setting next_dagrun for example_sensor_decorator to None, run_after=None
[2023-11-28T21:14:29.391+0000] {processor.py:179} INFO - Processing /home/airflow/.local/lib/python3.8/site-packages/airflow/example_dags/example_sensor_decorator.py took 0.136 seconds
[2023-11-28T21:14:59.883+0000] {processor.py:157} INFO - Started process (PID=804) to work on /home/airflow/.local/lib/python3.8/site-packages/airflow/example_dags/example_sensor_decorator.py
[2023-11-28T21:14:59.885+0000] {processor.py:829} INFO - Processing file /home/airflow/.local/lib/python3.8/site-packages/airflow/example_dags/example_sensor_decorator.py for tasks to queue
[2023-11-28T21:14:59.890+0000] {logging_mixin.py:154} INFO - [2023-11-28T21:14:59.889+0000] {dagbag.py:536} INFO - Filling up the DagBag from /home/airflow/.local/lib/python3.8/site-packages/airflow/example_dags/example_sensor_decorator.py
[2023-11-28T21:14:59.899+0000] {processor.py:839} INFO - DAG(s) dict_keys(['example_sensor_decorator']) retrieved from /home/airflow/.local/lib/python3.8/site-packages/airflow/example_dags/example_sensor_decorator.py
[2023-11-28T21:14:59.942+0000] {logging_mixin.py:154} INFO - [2023-11-28T21:14:59.942+0000] {dag.py:2941} INFO - Sync 1 DAGs
[2023-11-28T21:14:59.965+0000] {logging_mixin.py:154} INFO - [2023-11-28T21:14:59.965+0000] {dag.py:3722} INFO - Setting next_dagrun for example_sensor_decorator to None, run_after=None
[2023-11-28T21:15:00.002+0000] {processor.py:179} INFO - Processing /home/airflow/.local/lib/python3.8/site-packages/airflow/example_dags/example_sensor_decorator.py took 0.124 seconds
[2023-11-28T21:15:30.978+0000] {processor.py:157} INFO - Started process (PID=858) to work on /home/airflow/.local/lib/python3.8/site-packages/airflow/example_dags/example_sensor_decorator.py
[2023-11-28T21:15:30.980+0000] {processor.py:829} INFO - Processing file /home/airflow/.local/lib/python3.8/site-packages/airflow/example_dags/example_sensor_decorator.py for tasks to queue
[2023-11-28T21:15:30.985+0000] {logging_mixin.py:154} INFO - [2023-11-28T21:15:30.985+0000] {dagbag.py:536} INFO - Filling up the DagBag from /home/airflow/.local/lib/python3.8/site-packages/airflow/example_dags/example_sensor_decorator.py
[2023-11-28T21:15:30.996+0000] {processor.py:839} INFO - DAG(s) dict_keys(['example_sensor_decorator']) retrieved from /home/airflow/.local/lib/python3.8/site-packages/airflow/example_dags/example_sensor_decorator.py
[2023-11-28T21:15:31.031+0000] {logging_mixin.py:154} INFO - [2023-11-28T21:15:31.031+0000] {dag.py:2941} INFO - Sync 1 DAGs
[2023-11-28T21:15:31.049+0000] {logging_mixin.py:154} INFO - [2023-11-28T21:15:31.049+0000] {dag.py:3722} INFO - Setting next_dagrun for example_sensor_decorator to None, run_after=None
[2023-11-28T21:15:31.077+0000] {processor.py:179} INFO - Processing /home/airflow/.local/lib/python3.8/site-packages/airflow/example_dags/example_sensor_decorator.py took 0.104 seconds
[2023-11-28T21:16:01.559+0000] {processor.py:157} INFO - Started process (PID=913) to work on /home/airflow/.local/lib/python3.8/site-packages/airflow/example_dags/example_sensor_decorator.py
[2023-11-28T21:16:01.561+0000] {processor.py:829} INFO - Processing file /home/airflow/.local/lib/python3.8/site-packages/airflow/example_dags/example_sensor_decorator.py for tasks to queue
[2023-11-28T21:16:01.565+0000] {logging_mixin.py:154} INFO - [2023-11-28T21:16:01.565+0000] {dagbag.py:536} INFO - Filling up the DagBag from /home/airflow/.local/lib/python3.8/site-packages/airflow/example_dags/example_sensor_decorator.py
[2023-11-28T21:16:01.574+0000] {processor.py:839} INFO - DAG(s) dict_keys(['example_sensor_decorator']) retrieved from /home/airflow/.local/lib/python3.8/site-packages/airflow/example_dags/example_sensor_decorator.py
[2023-11-28T21:16:01.608+0000] {logging_mixin.py:154} INFO - [2023-11-28T21:16:01.608+0000] {dag.py:2941} INFO - Sync 1 DAGs
[2023-11-28T21:16:01.631+0000] {logging_mixin.py:154} INFO - [2023-11-28T21:16:01.631+0000] {dag.py:3722} INFO - Setting next_dagrun for example_sensor_decorator to None, run_after=None
[2023-11-28T21:16:01.665+0000] {processor.py:179} INFO - Processing /home/airflow/.local/lib/python3.8/site-packages/airflow/example_dags/example_sensor_decorator.py took 0.112 seconds
[2023-11-28T21:16:32.284+0000] {processor.py:157} INFO - Started process (PID=968) to work on /home/airflow/.local/lib/python3.8/site-packages/airflow/example_dags/example_sensor_decorator.py
[2023-11-28T21:16:32.286+0000] {processor.py:829} INFO - Processing file /home/airflow/.local/lib/python3.8/site-packages/airflow/example_dags/example_sensor_decorator.py for tasks to queue
[2023-11-28T21:16:32.290+0000] {logging_mixin.py:154} INFO - [2023-11-28T21:16:32.290+0000] {dagbag.py:536} INFO - Filling up the DagBag from /home/airflow/.local/lib/python3.8/site-packages/airflow/example_dags/example_sensor_decorator.py
[2023-11-28T21:16:32.300+0000] {processor.py:839} INFO - DAG(s) dict_keys(['example_sensor_decorator']) retrieved from /home/airflow/.local/lib/python3.8/site-packages/airflow/example_dags/example_sensor_decorator.py
[2023-11-28T21:16:32.336+0000] {logging_mixin.py:154} INFO - [2023-11-28T21:16:32.336+0000] {dag.py:2941} INFO - Sync 1 DAGs
[2023-11-28T21:16:32.356+0000] {logging_mixin.py:154} INFO - [2023-11-28T21:16:32.356+0000] {dag.py:3722} INFO - Setting next_dagrun for example_sensor_decorator to None, run_after=None
[2023-11-28T21:16:32.389+0000] {processor.py:179} INFO - Processing /home/airflow/.local/lib/python3.8/site-packages/airflow/example_dags/example_sensor_decorator.py took 0.109 seconds
[2023-11-28T21:17:03.163+0000] {processor.py:157} INFO - Started process (PID=1023) to work on /home/airflow/.local/lib/python3.8/site-packages/airflow/example_dags/example_sensor_decorator.py
[2023-11-28T21:17:03.165+0000] {processor.py:829} INFO - Processing file /home/airflow/.local/lib/python3.8/site-packages/airflow/example_dags/example_sensor_decorator.py for tasks to queue
[2023-11-28T21:17:03.171+0000] {logging_mixin.py:154} INFO - [2023-11-28T21:17:03.170+0000] {dagbag.py:536} INFO - Filling up the DagBag from /home/airflow/.local/lib/python3.8/site-packages/airflow/example_dags/example_sensor_decorator.py
[2023-11-28T21:17:03.179+0000] {processor.py:839} INFO - DAG(s) dict_keys(['example_sensor_decorator']) retrieved from /home/airflow/.local/lib/python3.8/site-packages/airflow/example_dags/example_sensor_decorator.py
[2023-11-28T21:17:03.222+0000] {logging_mixin.py:154} INFO - [2023-11-28T21:17:03.222+0000] {dag.py:2941} INFO - Sync 1 DAGs
[2023-11-28T21:17:03.245+0000] {logging_mixin.py:154} INFO - [2023-11-28T21:17:03.245+0000] {dag.py:3722} INFO - Setting next_dagrun for example_sensor_decorator to None, run_after=None
[2023-11-28T21:17:03.280+0000] {processor.py:179} INFO - Processing /home/airflow/.local/lib/python3.8/site-packages/airflow/example_dags/example_sensor_decorator.py took 0.122 seconds
[2023-11-28T21:17:33.829+0000] {processor.py:157} INFO - Started process (PID=1077) to work on /home/airflow/.local/lib/python3.8/site-packages/airflow/example_dags/example_sensor_decorator.py
[2023-11-28T21:17:33.831+0000] {processor.py:829} INFO - Processing file /home/airflow/.local/lib/python3.8/site-packages/airflow/example_dags/example_sensor_decorator.py for tasks to queue
[2023-11-28T21:17:33.835+0000] {logging_mixin.py:154} INFO - [2023-11-28T21:17:33.834+0000] {dagbag.py:536} INFO - Filling up the DagBag from /home/airflow/.local/lib/python3.8/site-packages/airflow/example_dags/example_sensor_decorator.py
[2023-11-28T21:17:33.843+0000] {processor.py:839} INFO - DAG(s) dict_keys(['example_sensor_decorator']) retrieved from /home/airflow/.local/lib/python3.8/site-packages/airflow/example_dags/example_sensor_decorator.py
[2023-11-28T21:17:33.886+0000] {logging_mixin.py:154} INFO - [2023-11-28T21:17:33.885+0000] {dag.py:2941} INFO - Sync 1 DAGs
[2023-11-28T21:17:33.912+0000] {logging_mixin.py:154} INFO - [2023-11-28T21:17:33.912+0000] {dag.py:3722} INFO - Setting next_dagrun for example_sensor_decorator to None, run_after=None
[2023-11-28T21:17:33.946+0000] {processor.py:179} INFO - Processing /home/airflow/.local/lib/python3.8/site-packages/airflow/example_dags/example_sensor_decorator.py took 0.122 seconds
[2023-11-28T21:18:04.314+0000] {processor.py:157} INFO - Started process (PID=1131) to work on /home/airflow/.local/lib/python3.8/site-packages/airflow/example_dags/example_sensor_decorator.py
[2023-11-28T21:18:04.315+0000] {processor.py:829} INFO - Processing file /home/airflow/.local/lib/python3.8/site-packages/airflow/example_dags/example_sensor_decorator.py for tasks to queue
[2023-11-28T21:18:04.319+0000] {logging_mixin.py:154} INFO - [2023-11-28T21:18:04.319+0000] {dagbag.py:536} INFO - Filling up the DagBag from /home/airflow/.local/lib/python3.8/site-packages/airflow/example_dags/example_sensor_decorator.py
[2023-11-28T21:18:04.327+0000] {processor.py:839} INFO - DAG(s) dict_keys(['example_sensor_decorator']) retrieved from /home/airflow/.local/lib/python3.8/site-packages/airflow/example_dags/example_sensor_decorator.py
[2023-11-28T21:18:04.362+0000] {logging_mixin.py:154} INFO - [2023-11-28T21:18:04.362+0000] {dag.py:2941} INFO - Sync 1 DAGs
[2023-11-28T21:18:04.380+0000] {logging_mixin.py:154} INFO - [2023-11-28T21:18:04.379+0000] {dag.py:3722} INFO - Setting next_dagrun for example_sensor_decorator to None, run_after=None
[2023-11-28T21:18:04.408+0000] {processor.py:179} INFO - Processing /home/airflow/.local/lib/python3.8/site-packages/airflow/example_dags/example_sensor_decorator.py took 0.103 seconds
[2023-11-28T21:18:35.272+0000] {processor.py:157} INFO - Started process (PID=1186) to work on /home/airflow/.local/lib/python3.8/site-packages/airflow/example_dags/example_sensor_decorator.py
[2023-11-28T21:18:35.274+0000] {processor.py:829} INFO - Processing file /home/airflow/.local/lib/python3.8/site-packages/airflow/example_dags/example_sensor_decorator.py for tasks to queue
[2023-11-28T21:18:35.278+0000] {logging_mixin.py:154} INFO - [2023-11-28T21:18:35.278+0000] {dagbag.py:536} INFO - Filling up the DagBag from /home/airflow/.local/lib/python3.8/site-packages/airflow/example_dags/example_sensor_decorator.py
[2023-11-28T21:18:35.287+0000] {processor.py:839} INFO - DAG(s) dict_keys(['example_sensor_decorator']) retrieved from /home/airflow/.local/lib/python3.8/site-packages/airflow/example_dags/example_sensor_decorator.py
[2023-11-28T21:18:35.325+0000] {logging_mixin.py:154} INFO - [2023-11-28T21:18:35.324+0000] {dag.py:2941} INFO - Sync 1 DAGs
[2023-11-28T21:18:35.351+0000] {logging_mixin.py:154} INFO - [2023-11-28T21:18:35.350+0000] {dag.py:3722} INFO - Setting next_dagrun for example_sensor_decorator to None, run_after=None
[2023-11-28T21:18:35.388+0000] {processor.py:179} INFO - Processing /home/airflow/.local/lib/python3.8/site-packages/airflow/example_dags/example_sensor_decorator.py took 0.123 seconds
[2023-11-28T21:19:05.551+0000] {processor.py:157} INFO - Started process (PID=1245) to work on /home/airflow/.local/lib/python3.8/site-packages/airflow/example_dags/example_sensor_decorator.py
[2023-11-28T21:19:05.553+0000] {processor.py:829} INFO - Processing file /home/airflow/.local/lib/python3.8/site-packages/airflow/example_dags/example_sensor_decorator.py for tasks to queue
[2023-11-28T21:19:05.557+0000] {logging_mixin.py:154} INFO - [2023-11-28T21:19:05.557+0000] {dagbag.py:536} INFO - Filling up the DagBag from /home/airflow/.local/lib/python3.8/site-packages/airflow/example_dags/example_sensor_decorator.py
[2023-11-28T21:19:05.567+0000] {processor.py:839} INFO - DAG(s) dict_keys(['example_sensor_decorator']) retrieved from /home/airflow/.local/lib/python3.8/site-packages/airflow/example_dags/example_sensor_decorator.py
[2023-11-28T21:19:05.610+0000] {logging_mixin.py:154} INFO - [2023-11-28T21:19:05.610+0000] {dag.py:2941} INFO - Sync 1 DAGs
[2023-11-28T21:19:05.638+0000] {logging_mixin.py:154} INFO - [2023-11-28T21:19:05.638+0000] {dag.py:3722} INFO - Setting next_dagrun for example_sensor_decorator to None, run_after=None
[2023-11-28T21:19:05.665+0000] {processor.py:179} INFO - Processing /home/airflow/.local/lib/python3.8/site-packages/airflow/example_dags/example_sensor_decorator.py took 0.122 seconds
[2023-11-28T21:19:35.860+0000] {processor.py:157} INFO - Started process (PID=1299) to work on /home/airflow/.local/lib/python3.8/site-packages/airflow/example_dags/example_sensor_decorator.py
[2023-11-28T21:19:35.862+0000] {processor.py:829} INFO - Processing file /home/airflow/.local/lib/python3.8/site-packages/airflow/example_dags/example_sensor_decorator.py for tasks to queue
[2023-11-28T21:19:35.873+0000] {logging_mixin.py:154} INFO - [2023-11-28T21:19:35.872+0000] {dagbag.py:536} INFO - Filling up the DagBag from /home/airflow/.local/lib/python3.8/site-packages/airflow/example_dags/example_sensor_decorator.py
[2023-11-28T21:19:35.893+0000] {processor.py:839} INFO - DAG(s) dict_keys(['example_sensor_decorator']) retrieved from /home/airflow/.local/lib/python3.8/site-packages/airflow/example_dags/example_sensor_decorator.py
[2023-11-28T21:19:35.942+0000] {logging_mixin.py:154} INFO - [2023-11-28T21:19:35.942+0000] {dag.py:2941} INFO - Sync 1 DAGs
[2023-11-28T21:19:35.961+0000] {logging_mixin.py:154} INFO - [2023-11-28T21:19:35.961+0000] {dag.py:3722} INFO - Setting next_dagrun for example_sensor_decorator to None, run_after=None
[2023-11-28T21:19:35.990+0000] {processor.py:179} INFO - Processing /home/airflow/.local/lib/python3.8/site-packages/airflow/example_dags/example_sensor_decorator.py took 0.140 seconds
[2023-11-28T21:20:06.565+0000] {processor.py:157} INFO - Started process (PID=1355) to work on /home/airflow/.local/lib/python3.8/site-packages/airflow/example_dags/example_sensor_decorator.py
[2023-11-28T21:20:06.567+0000] {processor.py:829} INFO - Processing file /home/airflow/.local/lib/python3.8/site-packages/airflow/example_dags/example_sensor_decorator.py for tasks to queue
[2023-11-28T21:20:06.574+0000] {logging_mixin.py:154} INFO - [2023-11-28T21:20:06.572+0000] {dagbag.py:536} INFO - Filling up the DagBag from /home/airflow/.local/lib/python3.8/site-packages/airflow/example_dags/example_sensor_decorator.py
[2023-11-28T21:20:06.583+0000] {processor.py:839} INFO - DAG(s) dict_keys(['example_sensor_decorator']) retrieved from /home/airflow/.local/lib/python3.8/site-packages/airflow/example_dags/example_sensor_decorator.py
[2023-11-28T21:20:06.618+0000] {logging_mixin.py:154} INFO - [2023-11-28T21:20:06.618+0000] {dag.py:2941} INFO - Sync 1 DAGs
[2023-11-28T21:20:06.640+0000] {logging_mixin.py:154} INFO - [2023-11-28T21:20:06.640+0000] {dag.py:3722} INFO - Setting next_dagrun for example_sensor_decorator to None, run_after=None
[2023-11-28T21:20:06.703+0000] {processor.py:179} INFO - Processing /home/airflow/.local/lib/python3.8/site-packages/airflow/example_dags/example_sensor_decorator.py took 0.144 seconds
[2023-11-28T21:20:37.410+0000] {processor.py:157} INFO - Started process (PID=1409) to work on /home/airflow/.local/lib/python3.8/site-packages/airflow/example_dags/example_sensor_decorator.py
[2023-11-28T21:20:37.412+0000] {processor.py:829} INFO - Processing file /home/airflow/.local/lib/python3.8/site-packages/airflow/example_dags/example_sensor_decorator.py for tasks to queue
[2023-11-28T21:20:37.416+0000] {logging_mixin.py:154} INFO - [2023-11-28T21:20:37.416+0000] {dagbag.py:536} INFO - Filling up the DagBag from /home/airflow/.local/lib/python3.8/site-packages/airflow/example_dags/example_sensor_decorator.py
[2023-11-28T21:20:37.434+0000] {processor.py:839} INFO - DAG(s) dict_keys(['example_sensor_decorator']) retrieved from /home/airflow/.local/lib/python3.8/site-packages/airflow/example_dags/example_sensor_decorator.py
[2023-11-28T21:20:37.558+0000] {logging_mixin.py:154} INFO - [2023-11-28T21:20:37.557+0000] {dag.py:2941} INFO - Sync 1 DAGs
[2023-11-28T21:20:37.581+0000] {logging_mixin.py:154} INFO - [2023-11-28T21:20:37.581+0000] {dag.py:3722} INFO - Setting next_dagrun for example_sensor_decorator to None, run_after=None
[2023-11-28T21:20:37.624+0000] {processor.py:179} INFO - Processing /home/airflow/.local/lib/python3.8/site-packages/airflow/example_dags/example_sensor_decorator.py took 0.233 seconds
[2023-11-28T21:21:08.032+0000] {processor.py:157} INFO - Started process (PID=1463) to work on /home/airflow/.local/lib/python3.8/site-packages/airflow/example_dags/example_sensor_decorator.py
[2023-11-28T21:21:08.034+0000] {processor.py:829} INFO - Processing file /home/airflow/.local/lib/python3.8/site-packages/airflow/example_dags/example_sensor_decorator.py for tasks to queue
[2023-11-28T21:21:08.039+0000] {logging_mixin.py:154} INFO - [2023-11-28T21:21:08.039+0000] {dagbag.py:536} INFO - Filling up the DagBag from /home/airflow/.local/lib/python3.8/site-packages/airflow/example_dags/example_sensor_decorator.py
[2023-11-28T21:21:08.049+0000] {processor.py:839} INFO - DAG(s) dict_keys(['example_sensor_decorator']) retrieved from /home/airflow/.local/lib/python3.8/site-packages/airflow/example_dags/example_sensor_decorator.py
[2023-11-28T21:21:08.088+0000] {logging_mixin.py:154} INFO - [2023-11-28T21:21:08.088+0000] {dag.py:2941} INFO - Sync 1 DAGs
[2023-11-28T21:21:08.108+0000] {logging_mixin.py:154} INFO - [2023-11-28T21:21:08.108+0000] {dag.py:3722} INFO - Setting next_dagrun for example_sensor_decorator to None, run_after=None
[2023-11-28T21:21:08.147+0000] {processor.py:179} INFO - Processing /home/airflow/.local/lib/python3.8/site-packages/airflow/example_dags/example_sensor_decorator.py took 0.122 seconds
[2023-11-28T21:21:38.285+0000] {processor.py:157} INFO - Started process (PID=1518) to work on /home/airflow/.local/lib/python3.8/site-packages/airflow/example_dags/example_sensor_decorator.py
[2023-11-28T21:21:38.287+0000] {processor.py:829} INFO - Processing file /home/airflow/.local/lib/python3.8/site-packages/airflow/example_dags/example_sensor_decorator.py for tasks to queue
[2023-11-28T21:21:38.292+0000] {logging_mixin.py:154} INFO - [2023-11-28T21:21:38.291+0000] {dagbag.py:536} INFO - Filling up the DagBag from /home/airflow/.local/lib/python3.8/site-packages/airflow/example_dags/example_sensor_decorator.py
[2023-11-28T21:21:38.302+0000] {processor.py:839} INFO - DAG(s) dict_keys(['example_sensor_decorator']) retrieved from /home/airflow/.local/lib/python3.8/site-packages/airflow/example_dags/example_sensor_decorator.py
[2023-11-28T21:21:38.340+0000] {logging_mixin.py:154} INFO - [2023-11-28T21:21:38.340+0000] {dag.py:2941} INFO - Sync 1 DAGs
[2023-11-28T21:21:38.361+0000] {logging_mixin.py:154} INFO - [2023-11-28T21:21:38.360+0000] {dag.py:3722} INFO - Setting next_dagrun for example_sensor_decorator to None, run_after=None
[2023-11-28T21:21:38.390+0000] {processor.py:179} INFO - Processing /home/airflow/.local/lib/python3.8/site-packages/airflow/example_dags/example_sensor_decorator.py took 0.109 seconds
