[2023-11-28T20:09:35.877+0000] {processor.py:157} INFO - Started process (PID=57) to work on /home/airflow/.local/lib/python3.8/site-packages/airflow/example_dags/example_latest_only_with_trigger.py
[2023-11-28T20:09:36.096+0000] {processor.py:829} INFO - Processing file /home/airflow/.local/lib/python3.8/site-packages/airflow/example_dags/example_latest_only_with_trigger.py for tasks to queue
[2023-11-28T20:09:36.112+0000] {logging_mixin.py:154} INFO - [2023-11-28T20:09:36.111+0000] {dagbag.py:536} INFO - Filling up the DagBag from /home/airflow/.local/lib/python3.8/site-packages/airflow/example_dags/example_latest_only_with_trigger.py
[2023-11-28T20:09:37.769+0000] {processor.py:839} INFO - DAG(s) dict_keys(['latest_only_with_trigger']) retrieved from /home/airflow/.local/lib/python3.8/site-packages/airflow/example_dags/example_latest_only_with_trigger.py
[2023-11-28T20:09:38.629+0000] {logging_mixin.py:154} INFO - [2023-11-28T20:09:38.629+0000] {dag.py:2941} INFO - Sync 1 DAGs
[2023-11-28T20:09:38.770+0000] {logging_mixin.py:154} INFO - [2023-11-28T20:09:38.769+0000] {dag.py:3722} INFO - Setting next_dagrun for latest_only_with_trigger to 2023-11-28T16:09:38.769231+00:00, run_after=2023-11-28T20:09:38.769231+00:00
[2023-11-28T20:09:38.807+0000] {processor.py:179} INFO - Processing /home/airflow/.local/lib/python3.8/site-packages/airflow/example_dags/example_latest_only_with_trigger.py took 3.195 seconds
[2023-11-28T20:11:10.232+0000] {processor.py:157} INFO - Started process (PID=118) to work on /home/airflow/.local/lib/python3.8/site-packages/airflow/example_dags/example_latest_only_with_trigger.py
[2023-11-28T20:11:10.241+0000] {processor.py:829} INFO - Processing file /home/airflow/.local/lib/python3.8/site-packages/airflow/example_dags/example_latest_only_with_trigger.py for tasks to queue
[2023-11-28T20:11:10.264+0000] {logging_mixin.py:154} INFO - [2023-11-28T20:11:10.262+0000] {dagbag.py:536} INFO - Filling up the DagBag from /home/airflow/.local/lib/python3.8/site-packages/airflow/example_dags/example_latest_only_with_trigger.py
[2023-11-28T20:11:10.307+0000] {processor.py:839} INFO - DAG(s) dict_keys(['latest_only_with_trigger']) retrieved from /home/airflow/.local/lib/python3.8/site-packages/airflow/example_dags/example_latest_only_with_trigger.py
[2023-11-28T20:11:10.636+0000] {logging_mixin.py:154} INFO - [2023-11-28T20:11:10.635+0000] {dag.py:2941} INFO - Sync 1 DAGs
[2023-11-28T20:11:10.805+0000] {logging_mixin.py:154} INFO - [2023-11-28T20:11:10.804+0000] {dag.py:3722} INFO - Setting next_dagrun for latest_only_with_trigger to 2023-11-28T16:11:10.803732+00:00, run_after=2023-11-28T20:11:10.803732+00:00
[2023-11-28T20:11:11.091+0000] {processor.py:179} INFO - Processing /home/airflow/.local/lib/python3.8/site-packages/airflow/example_dags/example_latest_only_with_trigger.py took 0.883 seconds
[2023-11-28T20:11:58.472+0000] {processor.py:157} INFO - Started process (PID=169) to work on /home/airflow/.local/lib/python3.8/site-packages/airflow/example_dags/example_latest_only_with_trigger.py
[2023-11-28T20:11:58.473+0000] {processor.py:829} INFO - Processing file /home/airflow/.local/lib/python3.8/site-packages/airflow/example_dags/example_latest_only_with_trigger.py for tasks to queue
[2023-11-28T20:11:58.478+0000] {logging_mixin.py:154} INFO - [2023-11-28T20:11:58.478+0000] {dagbag.py:536} INFO - Filling up the DagBag from /home/airflow/.local/lib/python3.8/site-packages/airflow/example_dags/example_latest_only_with_trigger.py
[2023-11-28T20:11:58.489+0000] {processor.py:839} INFO - DAG(s) dict_keys(['latest_only_with_trigger']) retrieved from /home/airflow/.local/lib/python3.8/site-packages/airflow/example_dags/example_latest_only_with_trigger.py
[2023-11-28T20:11:58.620+0000] {logging_mixin.py:154} INFO - [2023-11-28T20:11:58.619+0000] {dag.py:2941} INFO - Sync 1 DAGs
[2023-11-28T20:11:58.962+0000] {logging_mixin.py:154} INFO - [2023-11-28T20:11:58.962+0000] {dag.py:3722} INFO - Setting next_dagrun for latest_only_with_trigger to 2023-11-28T16:11:58.960651+00:00, run_after=2023-11-28T20:11:58.960651+00:00
[2023-11-28T20:11:59.120+0000] {processor.py:179} INFO - Processing /home/airflow/.local/lib/python3.8/site-packages/airflow/example_dags/example_latest_only_with_trigger.py took 0.654 seconds
[2023-11-28T20:12:35.646+0000] {processor.py:157} INFO - Started process (PID=223) to work on /home/airflow/.local/lib/python3.8/site-packages/airflow/example_dags/example_latest_only_with_trigger.py
[2023-11-28T20:12:35.650+0000] {processor.py:829} INFO - Processing file /home/airflow/.local/lib/python3.8/site-packages/airflow/example_dags/example_latest_only_with_trigger.py for tasks to queue
[2023-11-28T20:12:35.662+0000] {logging_mixin.py:154} INFO - [2023-11-28T20:12:35.662+0000] {dagbag.py:536} INFO - Filling up the DagBag from /home/airflow/.local/lib/python3.8/site-packages/airflow/example_dags/example_latest_only_with_trigger.py
[2023-11-28T20:12:35.740+0000] {processor.py:839} INFO - DAG(s) dict_keys(['latest_only_with_trigger']) retrieved from /home/airflow/.local/lib/python3.8/site-packages/airflow/example_dags/example_latest_only_with_trigger.py
[2023-11-28T20:12:35.823+0000] {logging_mixin.py:154} INFO - [2023-11-28T20:12:35.822+0000] {dag.py:2941} INFO - Sync 1 DAGs
[2023-11-28T20:12:35.910+0000] {logging_mixin.py:154} INFO - [2023-11-28T20:12:35.910+0000] {dag.py:3722} INFO - Setting next_dagrun for latest_only_with_trigger to 2023-11-28T16:12:35.910162+00:00, run_after=2023-11-28T20:12:35.910162+00:00
[2023-11-28T20:12:36.022+0000] {processor.py:179} INFO - Processing /home/airflow/.local/lib/python3.8/site-packages/airflow/example_dags/example_latest_only_with_trigger.py took 0.382 seconds
[2023-11-28T20:13:06.593+0000] {processor.py:157} INFO - Started process (PID=277) to work on /home/airflow/.local/lib/python3.8/site-packages/airflow/example_dags/example_latest_only_with_trigger.py
[2023-11-28T20:13:06.598+0000] {processor.py:829} INFO - Processing file /home/airflow/.local/lib/python3.8/site-packages/airflow/example_dags/example_latest_only_with_trigger.py for tasks to queue
[2023-11-28T20:13:06.616+0000] {logging_mixin.py:154} INFO - [2023-11-28T20:13:06.616+0000] {dagbag.py:536} INFO - Filling up the DagBag from /home/airflow/.local/lib/python3.8/site-packages/airflow/example_dags/example_latest_only_with_trigger.py
[2023-11-28T20:13:06.646+0000] {processor.py:839} INFO - DAG(s) dict_keys(['latest_only_with_trigger']) retrieved from /home/airflow/.local/lib/python3.8/site-packages/airflow/example_dags/example_latest_only_with_trigger.py
[2023-11-28T20:13:06.731+0000] {logging_mixin.py:154} INFO - [2023-11-28T20:13:06.730+0000] {dag.py:2941} INFO - Sync 1 DAGs
[2023-11-28T20:13:06.789+0000] {logging_mixin.py:154} INFO - [2023-11-28T20:13:06.788+0000] {dag.py:3722} INFO - Setting next_dagrun for latest_only_with_trigger to 2023-11-28T16:13:06.788492+00:00, run_after=2023-11-28T20:13:06.788492+00:00
[2023-11-28T20:13:06.826+0000] {processor.py:179} INFO - Processing /home/airflow/.local/lib/python3.8/site-packages/airflow/example_dags/example_latest_only_with_trigger.py took 0.268 seconds
[2023-11-28T20:13:37.268+0000] {processor.py:157} INFO - Started process (PID=332) to work on /home/airflow/.local/lib/python3.8/site-packages/airflow/example_dags/example_latest_only_with_trigger.py
[2023-11-28T20:13:37.270+0000] {processor.py:829} INFO - Processing file /home/airflow/.local/lib/python3.8/site-packages/airflow/example_dags/example_latest_only_with_trigger.py for tasks to queue
[2023-11-28T20:13:37.274+0000] {logging_mixin.py:154} INFO - [2023-11-28T20:13:37.274+0000] {dagbag.py:536} INFO - Filling up the DagBag from /home/airflow/.local/lib/python3.8/site-packages/airflow/example_dags/example_latest_only_with_trigger.py
[2023-11-28T20:13:37.284+0000] {processor.py:839} INFO - DAG(s) dict_keys(['latest_only_with_trigger']) retrieved from /home/airflow/.local/lib/python3.8/site-packages/airflow/example_dags/example_latest_only_with_trigger.py
[2023-11-28T20:13:37.329+0000] {logging_mixin.py:154} INFO - [2023-11-28T20:13:37.328+0000] {dag.py:2941} INFO - Sync 1 DAGs
[2023-11-28T20:13:37.364+0000] {logging_mixin.py:154} INFO - [2023-11-28T20:13:37.364+0000] {dag.py:3722} INFO - Setting next_dagrun for latest_only_with_trigger to 2023-11-28T16:13:37.363713+00:00, run_after=2023-11-28T20:13:37.363713+00:00
[2023-11-28T20:13:37.405+0000] {processor.py:179} INFO - Processing /home/airflow/.local/lib/python3.8/site-packages/airflow/example_dags/example_latest_only_with_trigger.py took 0.144 seconds
[2023-11-28T20:14:07.859+0000] {processor.py:157} INFO - Started process (PID=385) to work on /home/airflow/.local/lib/python3.8/site-packages/airflow/example_dags/example_latest_only_with_trigger.py
[2023-11-28T20:14:07.861+0000] {processor.py:829} INFO - Processing file /home/airflow/.local/lib/python3.8/site-packages/airflow/example_dags/example_latest_only_with_trigger.py for tasks to queue
[2023-11-28T20:14:07.865+0000] {logging_mixin.py:154} INFO - [2023-11-28T20:14:07.864+0000] {dagbag.py:536} INFO - Filling up the DagBag from /home/airflow/.local/lib/python3.8/site-packages/airflow/example_dags/example_latest_only_with_trigger.py
[2023-11-28T20:14:07.875+0000] {processor.py:839} INFO - DAG(s) dict_keys(['latest_only_with_trigger']) retrieved from /home/airflow/.local/lib/python3.8/site-packages/airflow/example_dags/example_latest_only_with_trigger.py
[2023-11-28T20:14:07.914+0000] {logging_mixin.py:154} INFO - [2023-11-28T20:14:07.914+0000] {dag.py:2941} INFO - Sync 1 DAGs
[2023-11-28T20:14:07.946+0000] {logging_mixin.py:154} INFO - [2023-11-28T20:14:07.945+0000] {dag.py:3722} INFO - Setting next_dagrun for latest_only_with_trigger to 2023-11-28T16:14:07.945475+00:00, run_after=2023-11-28T20:14:07.945475+00:00
[2023-11-28T20:14:07.987+0000] {processor.py:179} INFO - Processing /home/airflow/.local/lib/python3.8/site-packages/airflow/example_dags/example_latest_only_with_trigger.py took 0.133 seconds
[2023-11-28T20:14:38.383+0000] {processor.py:157} INFO - Started process (PID=439) to work on /home/airflow/.local/lib/python3.8/site-packages/airflow/example_dags/example_latest_only_with_trigger.py
[2023-11-28T20:14:38.385+0000] {processor.py:829} INFO - Processing file /home/airflow/.local/lib/python3.8/site-packages/airflow/example_dags/example_latest_only_with_trigger.py for tasks to queue
[2023-11-28T20:14:38.390+0000] {logging_mixin.py:154} INFO - [2023-11-28T20:14:38.389+0000] {dagbag.py:536} INFO - Filling up the DagBag from /home/airflow/.local/lib/python3.8/site-packages/airflow/example_dags/example_latest_only_with_trigger.py
[2023-11-28T20:14:38.402+0000] {processor.py:839} INFO - DAG(s) dict_keys(['latest_only_with_trigger']) retrieved from /home/airflow/.local/lib/python3.8/site-packages/airflow/example_dags/example_latest_only_with_trigger.py
[2023-11-28T20:14:38.457+0000] {logging_mixin.py:154} INFO - [2023-11-28T20:14:38.457+0000] {dag.py:2941} INFO - Sync 1 DAGs
[2023-11-28T20:14:38.503+0000] {logging_mixin.py:154} INFO - [2023-11-28T20:14:38.503+0000] {dag.py:3722} INFO - Setting next_dagrun for latest_only_with_trigger to 2023-11-28T16:14:38.502620+00:00, run_after=2023-11-28T20:14:38.502620+00:00
[2023-11-28T20:14:38.540+0000] {processor.py:179} INFO - Processing /home/airflow/.local/lib/python3.8/site-packages/airflow/example_dags/example_latest_only_with_trigger.py took 0.165 seconds
[2023-11-28T20:15:09.181+0000] {processor.py:157} INFO - Started process (PID=493) to work on /home/airflow/.local/lib/python3.8/site-packages/airflow/example_dags/example_latest_only_with_trigger.py
[2023-11-28T20:15:09.182+0000] {processor.py:829} INFO - Processing file /home/airflow/.local/lib/python3.8/site-packages/airflow/example_dags/example_latest_only_with_trigger.py for tasks to queue
[2023-11-28T20:15:09.186+0000] {logging_mixin.py:154} INFO - [2023-11-28T20:15:09.186+0000] {dagbag.py:536} INFO - Filling up the DagBag from /home/airflow/.local/lib/python3.8/site-packages/airflow/example_dags/example_latest_only_with_trigger.py
[2023-11-28T20:15:09.195+0000] {processor.py:839} INFO - DAG(s) dict_keys(['latest_only_with_trigger']) retrieved from /home/airflow/.local/lib/python3.8/site-packages/airflow/example_dags/example_latest_only_with_trigger.py
[2023-11-28T20:15:09.235+0000] {logging_mixin.py:154} INFO - [2023-11-28T20:15:09.234+0000] {dag.py:2941} INFO - Sync 1 DAGs
[2023-11-28T20:15:09.269+0000] {logging_mixin.py:154} INFO - [2023-11-28T20:15:09.269+0000] {dag.py:3722} INFO - Setting next_dagrun for latest_only_with_trigger to 2023-11-28T16:15:09.269192+00:00, run_after=2023-11-28T20:15:09.269192+00:00
[2023-11-28T20:15:09.302+0000] {processor.py:179} INFO - Processing /home/airflow/.local/lib/python3.8/site-packages/airflow/example_dags/example_latest_only_with_trigger.py took 0.126 seconds
[2023-11-28T20:15:39.666+0000] {processor.py:157} INFO - Started process (PID=547) to work on /home/airflow/.local/lib/python3.8/site-packages/airflow/example_dags/example_latest_only_with_trigger.py
[2023-11-28T20:15:39.668+0000] {processor.py:829} INFO - Processing file /home/airflow/.local/lib/python3.8/site-packages/airflow/example_dags/example_latest_only_with_trigger.py for tasks to queue
[2023-11-28T20:15:39.675+0000] {logging_mixin.py:154} INFO - [2023-11-28T20:15:39.675+0000] {dagbag.py:536} INFO - Filling up the DagBag from /home/airflow/.local/lib/python3.8/site-packages/airflow/example_dags/example_latest_only_with_trigger.py
[2023-11-28T20:15:39.685+0000] {processor.py:839} INFO - DAG(s) dict_keys(['latest_only_with_trigger']) retrieved from /home/airflow/.local/lib/python3.8/site-packages/airflow/example_dags/example_latest_only_with_trigger.py
[2023-11-28T20:15:39.730+0000] {logging_mixin.py:154} INFO - [2023-11-28T20:15:39.729+0000] {dag.py:2941} INFO - Sync 1 DAGs
[2023-11-28T20:15:39.772+0000] {logging_mixin.py:154} INFO - [2023-11-28T20:15:39.772+0000] {dag.py:3722} INFO - Setting next_dagrun for latest_only_with_trigger to 2023-11-28T16:15:39.772244+00:00, run_after=2023-11-28T20:15:39.772244+00:00
[2023-11-28T20:15:39.840+0000] {processor.py:179} INFO - Processing /home/airflow/.local/lib/python3.8/site-packages/airflow/example_dags/example_latest_only_with_trigger.py took 0.181 seconds
[2023-11-28T20:16:09.917+0000] {processor.py:157} INFO - Started process (PID=600) to work on /home/airflow/.local/lib/python3.8/site-packages/airflow/example_dags/example_latest_only_with_trigger.py
[2023-11-28T20:16:09.920+0000] {processor.py:829} INFO - Processing file /home/airflow/.local/lib/python3.8/site-packages/airflow/example_dags/example_latest_only_with_trigger.py for tasks to queue
[2023-11-28T20:16:09.924+0000] {logging_mixin.py:154} INFO - [2023-11-28T20:16:09.924+0000] {dagbag.py:536} INFO - Filling up the DagBag from /home/airflow/.local/lib/python3.8/site-packages/airflow/example_dags/example_latest_only_with_trigger.py
[2023-11-28T20:16:09.936+0000] {processor.py:839} INFO - DAG(s) dict_keys(['latest_only_with_trigger']) retrieved from /home/airflow/.local/lib/python3.8/site-packages/airflow/example_dags/example_latest_only_with_trigger.py
[2023-11-28T20:16:09.995+0000] {logging_mixin.py:154} INFO - [2023-11-28T20:16:09.994+0000] {dag.py:2941} INFO - Sync 1 DAGs
[2023-11-28T20:16:10.070+0000] {logging_mixin.py:154} INFO - [2023-11-28T20:16:10.070+0000] {dag.py:3722} INFO - Setting next_dagrun for latest_only_with_trigger to 2023-11-28T16:16:10.070068+00:00, run_after=2023-11-28T20:16:10.070068+00:00
[2023-11-28T20:16:10.131+0000] {processor.py:179} INFO - Processing /home/airflow/.local/lib/python3.8/site-packages/airflow/example_dags/example_latest_only_with_trigger.py took 0.221 seconds
[2023-11-28T20:16:40.322+0000] {processor.py:157} INFO - Started process (PID=654) to work on /home/airflow/.local/lib/python3.8/site-packages/airflow/example_dags/example_latest_only_with_trigger.py
[2023-11-28T20:16:40.324+0000] {processor.py:829} INFO - Processing file /home/airflow/.local/lib/python3.8/site-packages/airflow/example_dags/example_latest_only_with_trigger.py for tasks to queue
[2023-11-28T20:16:40.329+0000] {logging_mixin.py:154} INFO - [2023-11-28T20:16:40.328+0000] {dagbag.py:536} INFO - Filling up the DagBag from /home/airflow/.local/lib/python3.8/site-packages/airflow/example_dags/example_latest_only_with_trigger.py
[2023-11-28T20:16:40.339+0000] {processor.py:839} INFO - DAG(s) dict_keys(['latest_only_with_trigger']) retrieved from /home/airflow/.local/lib/python3.8/site-packages/airflow/example_dags/example_latest_only_with_trigger.py
[2023-11-28T20:16:40.378+0000] {logging_mixin.py:154} INFO - [2023-11-28T20:16:40.378+0000] {dag.py:2941} INFO - Sync 1 DAGs
[2023-11-28T20:16:40.411+0000] {logging_mixin.py:154} INFO - [2023-11-28T20:16:40.411+0000] {dag.py:3722} INFO - Setting next_dagrun for latest_only_with_trigger to 2023-11-28T16:16:40.410609+00:00, run_after=2023-11-28T20:16:40.410609+00:00
[2023-11-28T20:16:40.444+0000] {processor.py:179} INFO - Processing /home/airflow/.local/lib/python3.8/site-packages/airflow/example_dags/example_latest_only_with_trigger.py took 0.128 seconds
[2023-11-28T20:17:10.804+0000] {processor.py:157} INFO - Started process (PID=710) to work on /home/airflow/.local/lib/python3.8/site-packages/airflow/example_dags/example_latest_only_with_trigger.py
[2023-11-28T20:17:10.806+0000] {processor.py:829} INFO - Processing file /home/airflow/.local/lib/python3.8/site-packages/airflow/example_dags/example_latest_only_with_trigger.py for tasks to queue
[2023-11-28T20:17:10.810+0000] {logging_mixin.py:154} INFO - [2023-11-28T20:17:10.810+0000] {dagbag.py:536} INFO - Filling up the DagBag from /home/airflow/.local/lib/python3.8/site-packages/airflow/example_dags/example_latest_only_with_trigger.py
[2023-11-28T20:17:10.820+0000] {processor.py:839} INFO - DAG(s) dict_keys(['latest_only_with_trigger']) retrieved from /home/airflow/.local/lib/python3.8/site-packages/airflow/example_dags/example_latest_only_with_trigger.py
[2023-11-28T20:17:10.860+0000] {logging_mixin.py:154} INFO - [2023-11-28T20:17:10.860+0000] {dag.py:2941} INFO - Sync 1 DAGs
[2023-11-28T20:17:10.892+0000] {logging_mixin.py:154} INFO - [2023-11-28T20:17:10.891+0000] {dag.py:3722} INFO - Setting next_dagrun for latest_only_with_trigger to 2023-11-28T16:17:10.891591+00:00, run_after=2023-11-28T20:17:10.891591+00:00
[2023-11-28T20:17:10.923+0000] {processor.py:179} INFO - Processing /home/airflow/.local/lib/python3.8/site-packages/airflow/example_dags/example_latest_only_with_trigger.py took 0.124 seconds
[2023-11-28T20:17:41.247+0000] {processor.py:157} INFO - Started process (PID=763) to work on /home/airflow/.local/lib/python3.8/site-packages/airflow/example_dags/example_latest_only_with_trigger.py
[2023-11-28T20:17:41.249+0000] {processor.py:829} INFO - Processing file /home/airflow/.local/lib/python3.8/site-packages/airflow/example_dags/example_latest_only_with_trigger.py for tasks to queue
[2023-11-28T20:17:41.253+0000] {logging_mixin.py:154} INFO - [2023-11-28T20:17:41.252+0000] {dagbag.py:536} INFO - Filling up the DagBag from /home/airflow/.local/lib/python3.8/site-packages/airflow/example_dags/example_latest_only_with_trigger.py
[2023-11-28T20:17:41.262+0000] {processor.py:839} INFO - DAG(s) dict_keys(['latest_only_with_trigger']) retrieved from /home/airflow/.local/lib/python3.8/site-packages/airflow/example_dags/example_latest_only_with_trigger.py
[2023-11-28T20:17:41.301+0000] {logging_mixin.py:154} INFO - [2023-11-28T20:17:41.301+0000] {dag.py:2941} INFO - Sync 1 DAGs
[2023-11-28T20:17:41.332+0000] {logging_mixin.py:154} INFO - [2023-11-28T20:17:41.332+0000] {dag.py:3722} INFO - Setting next_dagrun for latest_only_with_trigger to 2023-11-28T16:17:41.331629+00:00, run_after=2023-11-28T20:17:41.331629+00:00
[2023-11-28T20:17:41.364+0000] {processor.py:179} INFO - Processing /home/airflow/.local/lib/python3.8/site-packages/airflow/example_dags/example_latest_only_with_trigger.py took 0.123 seconds
[2023-11-28T20:18:11.766+0000] {processor.py:157} INFO - Started process (PID=818) to work on /home/airflow/.local/lib/python3.8/site-packages/airflow/example_dags/example_latest_only_with_trigger.py
[2023-11-28T20:18:11.769+0000] {processor.py:829} INFO - Processing file /home/airflow/.local/lib/python3.8/site-packages/airflow/example_dags/example_latest_only_with_trigger.py for tasks to queue
[2023-11-28T20:18:11.773+0000] {logging_mixin.py:154} INFO - [2023-11-28T20:18:11.772+0000] {dagbag.py:536} INFO - Filling up the DagBag from /home/airflow/.local/lib/python3.8/site-packages/airflow/example_dags/example_latest_only_with_trigger.py
[2023-11-28T20:18:11.784+0000] {processor.py:839} INFO - DAG(s) dict_keys(['latest_only_with_trigger']) retrieved from /home/airflow/.local/lib/python3.8/site-packages/airflow/example_dags/example_latest_only_with_trigger.py
[2023-11-28T20:18:11.823+0000] {logging_mixin.py:154} INFO - [2023-11-28T20:18:11.823+0000] {dag.py:2941} INFO - Sync 1 DAGs
[2023-11-28T20:18:11.860+0000] {logging_mixin.py:154} INFO - [2023-11-28T20:18:11.860+0000] {dag.py:3722} INFO - Setting next_dagrun for latest_only_with_trigger to 2023-11-28T16:18:11.859627+00:00, run_after=2023-11-28T20:18:11.859627+00:00
[2023-11-28T20:18:12.093+0000] {processor.py:179} INFO - Processing /home/airflow/.local/lib/python3.8/site-packages/airflow/example_dags/example_latest_only_with_trigger.py took 0.333 seconds
[2023-11-28T20:18:42.699+0000] {processor.py:157} INFO - Started process (PID=872) to work on /home/airflow/.local/lib/python3.8/site-packages/airflow/example_dags/example_latest_only_with_trigger.py
[2023-11-28T20:18:42.701+0000] {processor.py:829} INFO - Processing file /home/airflow/.local/lib/python3.8/site-packages/airflow/example_dags/example_latest_only_with_trigger.py for tasks to queue
[2023-11-28T20:18:42.705+0000] {logging_mixin.py:154} INFO - [2023-11-28T20:18:42.705+0000] {dagbag.py:536} INFO - Filling up the DagBag from /home/airflow/.local/lib/python3.8/site-packages/airflow/example_dags/example_latest_only_with_trigger.py
[2023-11-28T20:18:42.715+0000] {processor.py:839} INFO - DAG(s) dict_keys(['latest_only_with_trigger']) retrieved from /home/airflow/.local/lib/python3.8/site-packages/airflow/example_dags/example_latest_only_with_trigger.py
[2023-11-28T20:18:42.754+0000] {logging_mixin.py:154} INFO - [2023-11-28T20:18:42.754+0000] {dag.py:2941} INFO - Sync 1 DAGs
[2023-11-28T20:18:42.786+0000] {logging_mixin.py:154} INFO - [2023-11-28T20:18:42.786+0000] {dag.py:3722} INFO - Setting next_dagrun for latest_only_with_trigger to 2023-11-28T16:18:42.786247+00:00, run_after=2023-11-28T20:18:42.786247+00:00
[2023-11-28T20:18:43.018+0000] {processor.py:179} INFO - Processing /home/airflow/.local/lib/python3.8/site-packages/airflow/example_dags/example_latest_only_with_trigger.py took 0.325 seconds
[2023-11-28T20:19:13.082+0000] {processor.py:157} INFO - Started process (PID=926) to work on /home/airflow/.local/lib/python3.8/site-packages/airflow/example_dags/example_latest_only_with_trigger.py
[2023-11-28T20:19:13.083+0000] {processor.py:829} INFO - Processing file /home/airflow/.local/lib/python3.8/site-packages/airflow/example_dags/example_latest_only_with_trigger.py for tasks to queue
[2023-11-28T20:19:13.088+0000] {logging_mixin.py:154} INFO - [2023-11-28T20:19:13.087+0000] {dagbag.py:536} INFO - Filling up the DagBag from /home/airflow/.local/lib/python3.8/site-packages/airflow/example_dags/example_latest_only_with_trigger.py
[2023-11-28T20:19:13.097+0000] {processor.py:839} INFO - DAG(s) dict_keys(['latest_only_with_trigger']) retrieved from /home/airflow/.local/lib/python3.8/site-packages/airflow/example_dags/example_latest_only_with_trigger.py
[2023-11-28T20:19:13.139+0000] {logging_mixin.py:154} INFO - [2023-11-28T20:19:13.139+0000] {dag.py:2941} INFO - Sync 1 DAGs
[2023-11-28T20:19:13.171+0000] {logging_mixin.py:154} INFO - [2023-11-28T20:19:13.171+0000] {dag.py:3722} INFO - Setting next_dagrun for latest_only_with_trigger to 2023-11-28T16:19:13.170764+00:00, run_after=2023-11-28T20:19:13.170764+00:00
[2023-11-28T20:19:13.202+0000] {processor.py:179} INFO - Processing /home/airflow/.local/lib/python3.8/site-packages/airflow/example_dags/example_latest_only_with_trigger.py took 0.126 seconds
[2023-11-28T20:19:43.788+0000] {processor.py:157} INFO - Started process (PID=980) to work on /home/airflow/.local/lib/python3.8/site-packages/airflow/example_dags/example_latest_only_with_trigger.py
[2023-11-28T20:19:43.789+0000] {processor.py:829} INFO - Processing file /home/airflow/.local/lib/python3.8/site-packages/airflow/example_dags/example_latest_only_with_trigger.py for tasks to queue
[2023-11-28T20:19:43.795+0000] {logging_mixin.py:154} INFO - [2023-11-28T20:19:43.794+0000] {dagbag.py:536} INFO - Filling up the DagBag from /home/airflow/.local/lib/python3.8/site-packages/airflow/example_dags/example_latest_only_with_trigger.py
[2023-11-28T20:19:43.804+0000] {processor.py:839} INFO - DAG(s) dict_keys(['latest_only_with_trigger']) retrieved from /home/airflow/.local/lib/python3.8/site-packages/airflow/example_dags/example_latest_only_with_trigger.py
[2023-11-28T20:19:43.843+0000] {logging_mixin.py:154} INFO - [2023-11-28T20:19:43.843+0000] {dag.py:2941} INFO - Sync 1 DAGs
[2023-11-28T20:19:43.876+0000] {logging_mixin.py:154} INFO - [2023-11-28T20:19:43.875+0000] {dag.py:3722} INFO - Setting next_dagrun for latest_only_with_trigger to 2023-11-28T16:19:43.875455+00:00, run_after=2023-11-28T20:19:43.875455+00:00
[2023-11-28T20:19:43.909+0000] {processor.py:179} INFO - Processing /home/airflow/.local/lib/python3.8/site-packages/airflow/example_dags/example_latest_only_with_trigger.py took 0.127 seconds
[2023-11-28T20:20:14.542+0000] {processor.py:157} INFO - Started process (PID=1034) to work on /home/airflow/.local/lib/python3.8/site-packages/airflow/example_dags/example_latest_only_with_trigger.py
[2023-11-28T20:20:14.544+0000] {processor.py:829} INFO - Processing file /home/airflow/.local/lib/python3.8/site-packages/airflow/example_dags/example_latest_only_with_trigger.py for tasks to queue
[2023-11-28T20:20:14.548+0000] {logging_mixin.py:154} INFO - [2023-11-28T20:20:14.548+0000] {dagbag.py:536} INFO - Filling up the DagBag from /home/airflow/.local/lib/python3.8/site-packages/airflow/example_dags/example_latest_only_with_trigger.py
[2023-11-28T20:20:14.557+0000] {processor.py:839} INFO - DAG(s) dict_keys(['latest_only_with_trigger']) retrieved from /home/airflow/.local/lib/python3.8/site-packages/airflow/example_dags/example_latest_only_with_trigger.py
[2023-11-28T20:20:14.596+0000] {logging_mixin.py:154} INFO - [2023-11-28T20:20:14.596+0000] {dag.py:2941} INFO - Sync 1 DAGs
[2023-11-28T20:20:14.627+0000] {logging_mixin.py:154} INFO - [2023-11-28T20:20:14.627+0000] {dag.py:3722} INFO - Setting next_dagrun for latest_only_with_trigger to 2023-11-28T16:20:14.627017+00:00, run_after=2023-11-28T20:20:14.627017+00:00
[2023-11-28T20:20:14.661+0000] {processor.py:179} INFO - Processing /home/airflow/.local/lib/python3.8/site-packages/airflow/example_dags/example_latest_only_with_trigger.py took 0.125 seconds
[2023-11-28T20:20:45.336+0000] {processor.py:157} INFO - Started process (PID=1089) to work on /home/airflow/.local/lib/python3.8/site-packages/airflow/example_dags/example_latest_only_with_trigger.py
[2023-11-28T20:20:45.338+0000] {processor.py:829} INFO - Processing file /home/airflow/.local/lib/python3.8/site-packages/airflow/example_dags/example_latest_only_with_trigger.py for tasks to queue
[2023-11-28T20:20:45.344+0000] {logging_mixin.py:154} INFO - [2023-11-28T20:20:45.343+0000] {dagbag.py:536} INFO - Filling up the DagBag from /home/airflow/.local/lib/python3.8/site-packages/airflow/example_dags/example_latest_only_with_trigger.py
[2023-11-28T20:20:45.353+0000] {processor.py:839} INFO - DAG(s) dict_keys(['latest_only_with_trigger']) retrieved from /home/airflow/.local/lib/python3.8/site-packages/airflow/example_dags/example_latest_only_with_trigger.py
[2023-11-28T20:20:45.397+0000] {logging_mixin.py:154} INFO - [2023-11-28T20:20:45.396+0000] {dag.py:2941} INFO - Sync 1 DAGs
[2023-11-28T20:20:45.670+0000] {logging_mixin.py:154} INFO - [2023-11-28T20:20:45.670+0000] {dag.py:3722} INFO - Setting next_dagrun for latest_only_with_trigger to 2023-11-28T16:20:45.670130+00:00, run_after=2023-11-28T20:20:45.670130+00:00
[2023-11-28T20:20:45.702+0000] {processor.py:179} INFO - Processing /home/airflow/.local/lib/python3.8/site-packages/airflow/example_dags/example_latest_only_with_trigger.py took 0.371 seconds
[2023-11-28T20:21:15.943+0000] {processor.py:157} INFO - Started process (PID=1143) to work on /home/airflow/.local/lib/python3.8/site-packages/airflow/example_dags/example_latest_only_with_trigger.py
[2023-11-28T20:21:15.945+0000] {processor.py:829} INFO - Processing file /home/airflow/.local/lib/python3.8/site-packages/airflow/example_dags/example_latest_only_with_trigger.py for tasks to queue
[2023-11-28T20:21:15.950+0000] {logging_mixin.py:154} INFO - [2023-11-28T20:21:15.949+0000] {dagbag.py:536} INFO - Filling up the DagBag from /home/airflow/.local/lib/python3.8/site-packages/airflow/example_dags/example_latest_only_with_trigger.py
[2023-11-28T20:21:15.959+0000] {processor.py:839} INFO - DAG(s) dict_keys(['latest_only_with_trigger']) retrieved from /home/airflow/.local/lib/python3.8/site-packages/airflow/example_dags/example_latest_only_with_trigger.py
[2023-11-28T20:21:15.998+0000] {logging_mixin.py:154} INFO - [2023-11-28T20:21:15.997+0000] {dag.py:2941} INFO - Sync 1 DAGs
[2023-11-28T20:21:16.033+0000] {logging_mixin.py:154} INFO - [2023-11-28T20:21:16.033+0000] {dag.py:3722} INFO - Setting next_dagrun for latest_only_with_trigger to 2023-11-28T16:21:16.033280+00:00, run_after=2023-11-28T20:21:16.033280+00:00
[2023-11-28T20:21:16.288+0000] {processor.py:179} INFO - Processing /home/airflow/.local/lib/python3.8/site-packages/airflow/example_dags/example_latest_only_with_trigger.py took 0.351 seconds
[2023-11-28T20:21:47.104+0000] {processor.py:157} INFO - Started process (PID=1197) to work on /home/airflow/.local/lib/python3.8/site-packages/airflow/example_dags/example_latest_only_with_trigger.py
[2023-11-28T20:21:47.106+0000] {processor.py:829} INFO - Processing file /home/airflow/.local/lib/python3.8/site-packages/airflow/example_dags/example_latest_only_with_trigger.py for tasks to queue
[2023-11-28T20:21:47.111+0000] {logging_mixin.py:154} INFO - [2023-11-28T20:21:47.110+0000] {dagbag.py:536} INFO - Filling up the DagBag from /home/airflow/.local/lib/python3.8/site-packages/airflow/example_dags/example_latest_only_with_trigger.py
[2023-11-28T20:21:47.120+0000] {processor.py:839} INFO - DAG(s) dict_keys(['latest_only_with_trigger']) retrieved from /home/airflow/.local/lib/python3.8/site-packages/airflow/example_dags/example_latest_only_with_trigger.py
[2023-11-28T20:21:47.155+0000] {logging_mixin.py:154} INFO - [2023-11-28T20:21:47.155+0000] {dag.py:2941} INFO - Sync 1 DAGs
[2023-11-28T20:21:47.186+0000] {logging_mixin.py:154} INFO - [2023-11-28T20:21:47.186+0000] {dag.py:3722} INFO - Setting next_dagrun for latest_only_with_trigger to 2023-11-28T16:21:47.185989+00:00, run_after=2023-11-28T20:21:47.185989+00:00
[2023-11-28T20:21:47.212+0000] {processor.py:179} INFO - Processing /home/airflow/.local/lib/python3.8/site-packages/airflow/example_dags/example_latest_only_with_trigger.py took 0.112 seconds
[2023-11-28T20:22:17.568+0000] {processor.py:157} INFO - Started process (PID=1251) to work on /home/airflow/.local/lib/python3.8/site-packages/airflow/example_dags/example_latest_only_with_trigger.py
[2023-11-28T20:22:17.570+0000] {processor.py:829} INFO - Processing file /home/airflow/.local/lib/python3.8/site-packages/airflow/example_dags/example_latest_only_with_trigger.py for tasks to queue
[2023-11-28T20:22:17.577+0000] {logging_mixin.py:154} INFO - [2023-11-28T20:22:17.577+0000] {dagbag.py:536} INFO - Filling up the DagBag from /home/airflow/.local/lib/python3.8/site-packages/airflow/example_dags/example_latest_only_with_trigger.py
[2023-11-28T20:22:17.589+0000] {processor.py:839} INFO - DAG(s) dict_keys(['latest_only_with_trigger']) retrieved from /home/airflow/.local/lib/python3.8/site-packages/airflow/example_dags/example_latest_only_with_trigger.py
[2023-11-28T20:22:17.984+0000] {logging_mixin.py:154} INFO - [2023-11-28T20:22:17.983+0000] {dag.py:2941} INFO - Sync 1 DAGs
[2023-11-28T20:22:18.011+0000] {logging_mixin.py:154} INFO - [2023-11-28T20:22:18.011+0000] {dag.py:3722} INFO - Setting next_dagrun for latest_only_with_trigger to 2023-11-28T16:22:18.011115+00:00, run_after=2023-11-28T20:22:18.011115+00:00
[2023-11-28T20:22:18.037+0000] {processor.py:179} INFO - Processing /home/airflow/.local/lib/python3.8/site-packages/airflow/example_dags/example_latest_only_with_trigger.py took 0.475 seconds
[2023-11-28T20:22:48.326+0000] {processor.py:157} INFO - Started process (PID=1305) to work on /home/airflow/.local/lib/python3.8/site-packages/airflow/example_dags/example_latest_only_with_trigger.py
[2023-11-28T20:22:48.330+0000] {processor.py:829} INFO - Processing file /home/airflow/.local/lib/python3.8/site-packages/airflow/example_dags/example_latest_only_with_trigger.py for tasks to queue
[2023-11-28T20:22:48.334+0000] {logging_mixin.py:154} INFO - [2023-11-28T20:22:48.333+0000] {dagbag.py:536} INFO - Filling up the DagBag from /home/airflow/.local/lib/python3.8/site-packages/airflow/example_dags/example_latest_only_with_trigger.py
[2023-11-28T20:22:48.345+0000] {processor.py:839} INFO - DAG(s) dict_keys(['latest_only_with_trigger']) retrieved from /home/airflow/.local/lib/python3.8/site-packages/airflow/example_dags/example_latest_only_with_trigger.py
[2023-11-28T20:22:48.397+0000] {logging_mixin.py:154} INFO - [2023-11-28T20:22:48.397+0000] {dag.py:2941} INFO - Sync 1 DAGs
[2023-11-28T20:22:48.654+0000] {logging_mixin.py:154} INFO - [2023-11-28T20:22:48.654+0000] {dag.py:3722} INFO - Setting next_dagrun for latest_only_with_trigger to 2023-11-28T16:22:48.654069+00:00, run_after=2023-11-28T20:22:48.654069+00:00
[2023-11-28T20:22:48.682+0000] {processor.py:179} INFO - Processing /home/airflow/.local/lib/python3.8/site-packages/airflow/example_dags/example_latest_only_with_trigger.py took 0.361 seconds
[2023-11-28T21:07:52.368+0000] {processor.py:157} INFO - Started process (PID=52) to work on /home/airflow/.local/lib/python3.8/site-packages/airflow/example_dags/example_latest_only_with_trigger.py
[2023-11-28T21:07:52.370+0000] {processor.py:829} INFO - Processing file /home/airflow/.local/lib/python3.8/site-packages/airflow/example_dags/example_latest_only_with_trigger.py for tasks to queue
[2023-11-28T21:07:52.375+0000] {logging_mixin.py:154} INFO - [2023-11-28T21:07:52.375+0000] {dagbag.py:536} INFO - Filling up the DagBag from /home/airflow/.local/lib/python3.8/site-packages/airflow/example_dags/example_latest_only_with_trigger.py
[2023-11-28T21:07:52.392+0000] {processor.py:839} INFO - DAG(s) dict_keys(['latest_only_with_trigger']) retrieved from /home/airflow/.local/lib/python3.8/site-packages/airflow/example_dags/example_latest_only_with_trigger.py
[2023-11-28T21:07:52.631+0000] {logging_mixin.py:154} INFO - [2023-11-28T21:07:52.631+0000] {manager.py:499} INFO - Created Permission View: %s
[2023-11-28T21:07:52.649+0000] {logging_mixin.py:154} INFO - [2023-11-28T21:07:52.648+0000] {manager.py:499} INFO - Created Permission View: %s
[2023-11-28T21:07:52.661+0000] {logging_mixin.py:154} INFO - [2023-11-28T21:07:52.660+0000] {manager.py:499} INFO - Created Permission View: %s
[2023-11-28T21:07:52.662+0000] {logging_mixin.py:154} INFO - [2023-11-28T21:07:52.662+0000] {dag.py:2941} INFO - Sync 1 DAGs
[2023-11-28T21:07:52.683+0000] {logging_mixin.py:154} INFO - [2023-11-28T21:07:52.683+0000] {dag.py:2963} INFO - Creating ORM DAG for latest_only_with_trigger
[2023-11-28T21:07:52.698+0000] {logging_mixin.py:154} INFO - [2023-11-28T21:07:52.698+0000] {dag.py:3722} INFO - Setting next_dagrun for latest_only_with_trigger to 2023-11-28T17:07:52.698170+00:00, run_after=2023-11-28T21:07:52.698170+00:00
[2023-11-28T21:07:52.731+0000] {processor.py:179} INFO - Processing /home/airflow/.local/lib/python3.8/site-packages/airflow/example_dags/example_latest_only_with_trigger.py took 0.369 seconds
[2023-11-28T21:08:23.707+0000] {processor.py:157} INFO - Started process (PID=106) to work on /home/airflow/.local/lib/python3.8/site-packages/airflow/example_dags/example_latest_only_with_trigger.py
[2023-11-28T21:08:23.712+0000] {processor.py:829} INFO - Processing file /home/airflow/.local/lib/python3.8/site-packages/airflow/example_dags/example_latest_only_with_trigger.py for tasks to queue
[2023-11-28T21:08:23.715+0000] {logging_mixin.py:154} INFO - [2023-11-28T21:08:23.715+0000] {dagbag.py:536} INFO - Filling up the DagBag from /home/airflow/.local/lib/python3.8/site-packages/airflow/example_dags/example_latest_only_with_trigger.py
[2023-11-28T21:08:23.726+0000] {processor.py:839} INFO - DAG(s) dict_keys(['latest_only_with_trigger']) retrieved from /home/airflow/.local/lib/python3.8/site-packages/airflow/example_dags/example_latest_only_with_trigger.py
[2023-11-28T21:08:23.763+0000] {logging_mixin.py:154} INFO - [2023-11-28T21:08:23.762+0000] {dag.py:2941} INFO - Sync 1 DAGs
[2023-11-28T21:08:23.812+0000] {logging_mixin.py:154} INFO - [2023-11-28T21:08:23.812+0000] {dag.py:3722} INFO - Setting next_dagrun for latest_only_with_trigger to 2023-11-28T17:08:23.812296+00:00, run_after=2023-11-28T21:08:23.812296+00:00
[2023-11-28T21:08:23.840+0000] {processor.py:179} INFO - Processing /home/airflow/.local/lib/python3.8/site-packages/airflow/example_dags/example_latest_only_with_trigger.py took 0.139 seconds
[2023-11-28T21:08:55.219+0000] {processor.py:157} INFO - Started process (PID=160) to work on /home/airflow/.local/lib/python3.8/site-packages/airflow/example_dags/example_latest_only_with_trigger.py
[2023-11-28T21:08:55.220+0000] {processor.py:829} INFO - Processing file /home/airflow/.local/lib/python3.8/site-packages/airflow/example_dags/example_latest_only_with_trigger.py for tasks to queue
[2023-11-28T21:08:55.229+0000] {logging_mixin.py:154} INFO - [2023-11-28T21:08:55.229+0000] {dagbag.py:536} INFO - Filling up the DagBag from /home/airflow/.local/lib/python3.8/site-packages/airflow/example_dags/example_latest_only_with_trigger.py
[2023-11-28T21:08:55.241+0000] {processor.py:839} INFO - DAG(s) dict_keys(['latest_only_with_trigger']) retrieved from /home/airflow/.local/lib/python3.8/site-packages/airflow/example_dags/example_latest_only_with_trigger.py
[2023-11-28T21:08:55.343+0000] {logging_mixin.py:154} INFO - [2023-11-28T21:08:55.343+0000] {dag.py:2941} INFO - Sync 1 DAGs
[2023-11-28T21:08:55.445+0000] {logging_mixin.py:154} INFO - [2023-11-28T21:08:55.445+0000] {dag.py:3722} INFO - Setting next_dagrun for latest_only_with_trigger to 2023-11-28T17:08:55.444255+00:00, run_after=2023-11-28T21:08:55.444255+00:00
[2023-11-28T21:08:55.502+0000] {processor.py:179} INFO - Processing /home/airflow/.local/lib/python3.8/site-packages/airflow/example_dags/example_latest_only_with_trigger.py took 0.294 seconds
[2023-11-28T21:09:26.317+0000] {processor.py:157} INFO - Started process (PID=214) to work on /home/airflow/.local/lib/python3.8/site-packages/airflow/example_dags/example_latest_only_with_trigger.py
[2023-11-28T21:09:26.326+0000] {processor.py:829} INFO - Processing file /home/airflow/.local/lib/python3.8/site-packages/airflow/example_dags/example_latest_only_with_trigger.py for tasks to queue
[2023-11-28T21:09:26.330+0000] {logging_mixin.py:154} INFO - [2023-11-28T21:09:26.329+0000] {dagbag.py:536} INFO - Filling up the DagBag from /home/airflow/.local/lib/python3.8/site-packages/airflow/example_dags/example_latest_only_with_trigger.py
[2023-11-28T21:09:26.358+0000] {processor.py:839} INFO - DAG(s) dict_keys(['latest_only_with_trigger']) retrieved from /home/airflow/.local/lib/python3.8/site-packages/airflow/example_dags/example_latest_only_with_trigger.py
[2023-11-28T21:09:26.429+0000] {logging_mixin.py:154} INFO - [2023-11-28T21:09:26.428+0000] {dag.py:2941} INFO - Sync 1 DAGs
[2023-11-28T21:09:26.512+0000] {logging_mixin.py:154} INFO - [2023-11-28T21:09:26.512+0000] {dag.py:3722} INFO - Setting next_dagrun for latest_only_with_trigger to 2023-11-28T17:09:26.501754+00:00, run_after=2023-11-28T21:09:26.501754+00:00
[2023-11-28T21:09:26.556+0000] {processor.py:179} INFO - Processing /home/airflow/.local/lib/python3.8/site-packages/airflow/example_dags/example_latest_only_with_trigger.py took 0.245 seconds
[2023-11-28T21:09:56.679+0000] {processor.py:157} INFO - Started process (PID=269) to work on /home/airflow/.local/lib/python3.8/site-packages/airflow/example_dags/example_latest_only_with_trigger.py
[2023-11-28T21:09:56.681+0000] {processor.py:829} INFO - Processing file /home/airflow/.local/lib/python3.8/site-packages/airflow/example_dags/example_latest_only_with_trigger.py for tasks to queue
[2023-11-28T21:09:56.686+0000] {logging_mixin.py:154} INFO - [2023-11-28T21:09:56.685+0000] {dagbag.py:536} INFO - Filling up the DagBag from /home/airflow/.local/lib/python3.8/site-packages/airflow/example_dags/example_latest_only_with_trigger.py
[2023-11-28T21:09:56.696+0000] {processor.py:839} INFO - DAG(s) dict_keys(['latest_only_with_trigger']) retrieved from /home/airflow/.local/lib/python3.8/site-packages/airflow/example_dags/example_latest_only_with_trigger.py
[2023-11-28T21:09:56.733+0000] {logging_mixin.py:154} INFO - [2023-11-28T21:09:56.733+0000] {dag.py:2941} INFO - Sync 1 DAGs
[2023-11-28T21:09:56.766+0000] {logging_mixin.py:154} INFO - [2023-11-28T21:09:56.765+0000] {dag.py:3722} INFO - Setting next_dagrun for latest_only_with_trigger to 2023-11-28T17:09:56.765143+00:00, run_after=2023-11-28T21:09:56.765143+00:00
[2023-11-28T21:09:56.794+0000] {processor.py:179} INFO - Processing /home/airflow/.local/lib/python3.8/site-packages/airflow/example_dags/example_latest_only_with_trigger.py took 0.120 seconds
[2023-11-28T21:10:26.875+0000] {processor.py:157} INFO - Started process (PID=323) to work on /home/airflow/.local/lib/python3.8/site-packages/airflow/example_dags/example_latest_only_with_trigger.py
[2023-11-28T21:10:26.877+0000] {processor.py:829} INFO - Processing file /home/airflow/.local/lib/python3.8/site-packages/airflow/example_dags/example_latest_only_with_trigger.py for tasks to queue
[2023-11-28T21:10:26.882+0000] {logging_mixin.py:154} INFO - [2023-11-28T21:10:26.882+0000] {dagbag.py:536} INFO - Filling up the DagBag from /home/airflow/.local/lib/python3.8/site-packages/airflow/example_dags/example_latest_only_with_trigger.py
[2023-11-28T21:10:26.891+0000] {processor.py:839} INFO - DAG(s) dict_keys(['latest_only_with_trigger']) retrieved from /home/airflow/.local/lib/python3.8/site-packages/airflow/example_dags/example_latest_only_with_trigger.py
[2023-11-28T21:10:26.931+0000] {logging_mixin.py:154} INFO - [2023-11-28T21:10:26.931+0000] {dag.py:2941} INFO - Sync 1 DAGs
[2023-11-28T21:10:26.972+0000] {logging_mixin.py:154} INFO - [2023-11-28T21:10:26.971+0000] {dag.py:3722} INFO - Setting next_dagrun for latest_only_with_trigger to 2023-11-28T17:10:26.971608+00:00, run_after=2023-11-28T21:10:26.971608+00:00
[2023-11-28T21:10:27.007+0000] {processor.py:179} INFO - Processing /home/airflow/.local/lib/python3.8/site-packages/airflow/example_dags/example_latest_only_with_trigger.py took 0.140 seconds
[2023-11-28T21:10:57.194+0000] {processor.py:157} INFO - Started process (PID=377) to work on /home/airflow/.local/lib/python3.8/site-packages/airflow/example_dags/example_latest_only_with_trigger.py
[2023-11-28T21:10:57.196+0000] {processor.py:829} INFO - Processing file /home/airflow/.local/lib/python3.8/site-packages/airflow/example_dags/example_latest_only_with_trigger.py for tasks to queue
[2023-11-28T21:10:57.200+0000] {logging_mixin.py:154} INFO - [2023-11-28T21:10:57.199+0000] {dagbag.py:536} INFO - Filling up the DagBag from /home/airflow/.local/lib/python3.8/site-packages/airflow/example_dags/example_latest_only_with_trigger.py
[2023-11-28T21:10:57.209+0000] {processor.py:839} INFO - DAG(s) dict_keys(['latest_only_with_trigger']) retrieved from /home/airflow/.local/lib/python3.8/site-packages/airflow/example_dags/example_latest_only_with_trigger.py
[2023-11-28T21:10:57.255+0000] {logging_mixin.py:154} INFO - [2023-11-28T21:10:57.255+0000] {dag.py:2941} INFO - Sync 1 DAGs
[2023-11-28T21:10:57.296+0000] {logging_mixin.py:154} INFO - [2023-11-28T21:10:57.296+0000] {dag.py:3722} INFO - Setting next_dagrun for latest_only_with_trigger to 2023-11-28T17:10:57.296168+00:00, run_after=2023-11-28T21:10:57.296168+00:00
[2023-11-28T21:10:57.330+0000] {processor.py:179} INFO - Processing /home/airflow/.local/lib/python3.8/site-packages/airflow/example_dags/example_latest_only_with_trigger.py took 0.142 seconds
[2023-11-28T21:11:27.701+0000] {processor.py:157} INFO - Started process (PID=431) to work on /home/airflow/.local/lib/python3.8/site-packages/airflow/example_dags/example_latest_only_with_trigger.py
[2023-11-28T21:11:27.705+0000] {processor.py:829} INFO - Processing file /home/airflow/.local/lib/python3.8/site-packages/airflow/example_dags/example_latest_only_with_trigger.py for tasks to queue
[2023-11-28T21:11:27.710+0000] {logging_mixin.py:154} INFO - [2023-11-28T21:11:27.710+0000] {dagbag.py:536} INFO - Filling up the DagBag from /home/airflow/.local/lib/python3.8/site-packages/airflow/example_dags/example_latest_only_with_trigger.py
[2023-11-28T21:11:27.726+0000] {processor.py:839} INFO - DAG(s) dict_keys(['latest_only_with_trigger']) retrieved from /home/airflow/.local/lib/python3.8/site-packages/airflow/example_dags/example_latest_only_with_trigger.py
[2023-11-28T21:11:27.776+0000] {logging_mixin.py:154} INFO - [2023-11-28T21:11:27.776+0000] {dag.py:2941} INFO - Sync 1 DAGs
[2023-11-28T21:11:27.812+0000] {logging_mixin.py:154} INFO - [2023-11-28T21:11:27.811+0000] {dag.py:3722} INFO - Setting next_dagrun for latest_only_with_trigger to 2023-11-28T17:11:27.811368+00:00, run_after=2023-11-28T21:11:27.811368+00:00
[2023-11-28T21:11:27.852+0000] {processor.py:179} INFO - Processing /home/airflow/.local/lib/python3.8/site-packages/airflow/example_dags/example_latest_only_with_trigger.py took 0.159 seconds
[2023-11-28T21:11:58.194+0000] {processor.py:157} INFO - Started process (PID=485) to work on /home/airflow/.local/lib/python3.8/site-packages/airflow/example_dags/example_latest_only_with_trigger.py
[2023-11-28T21:11:58.196+0000] {processor.py:829} INFO - Processing file /home/airflow/.local/lib/python3.8/site-packages/airflow/example_dags/example_latest_only_with_trigger.py for tasks to queue
[2023-11-28T21:11:58.200+0000] {logging_mixin.py:154} INFO - [2023-11-28T21:11:58.199+0000] {dagbag.py:536} INFO - Filling up the DagBag from /home/airflow/.local/lib/python3.8/site-packages/airflow/example_dags/example_latest_only_with_trigger.py
[2023-11-28T21:11:58.209+0000] {processor.py:839} INFO - DAG(s) dict_keys(['latest_only_with_trigger']) retrieved from /home/airflow/.local/lib/python3.8/site-packages/airflow/example_dags/example_latest_only_with_trigger.py
[2023-11-28T21:11:58.247+0000] {logging_mixin.py:154} INFO - [2023-11-28T21:11:58.246+0000] {dag.py:2941} INFO - Sync 1 DAGs
[2023-11-28T21:11:58.278+0000] {logging_mixin.py:154} INFO - [2023-11-28T21:11:58.278+0000] {dag.py:3722} INFO - Setting next_dagrun for latest_only_with_trigger to 2023-11-28T17:11:58.277756+00:00, run_after=2023-11-28T21:11:58.277756+00:00
[2023-11-28T21:11:58.310+0000] {processor.py:179} INFO - Processing /home/airflow/.local/lib/python3.8/site-packages/airflow/example_dags/example_latest_only_with_trigger.py took 0.121 seconds
[2023-11-28T21:12:28.503+0000] {processor.py:157} INFO - Started process (PID=539) to work on /home/airflow/.local/lib/python3.8/site-packages/airflow/example_dags/example_latest_only_with_trigger.py
[2023-11-28T21:12:28.505+0000] {processor.py:829} INFO - Processing file /home/airflow/.local/lib/python3.8/site-packages/airflow/example_dags/example_latest_only_with_trigger.py for tasks to queue
[2023-11-28T21:12:28.510+0000] {logging_mixin.py:154} INFO - [2023-11-28T21:12:28.509+0000] {dagbag.py:536} INFO - Filling up the DagBag from /home/airflow/.local/lib/python3.8/site-packages/airflow/example_dags/example_latest_only_with_trigger.py
[2023-11-28T21:12:28.520+0000] {processor.py:839} INFO - DAG(s) dict_keys(['latest_only_with_trigger']) retrieved from /home/airflow/.local/lib/python3.8/site-packages/airflow/example_dags/example_latest_only_with_trigger.py
[2023-11-28T21:12:28.562+0000] {logging_mixin.py:154} INFO - [2023-11-28T21:12:28.561+0000] {dag.py:2941} INFO - Sync 1 DAGs
[2023-11-28T21:12:28.595+0000] {logging_mixin.py:154} INFO - [2023-11-28T21:12:28.594+0000] {dag.py:3722} INFO - Setting next_dagrun for latest_only_with_trigger to 2023-11-28T17:12:28.594482+00:00, run_after=2023-11-28T21:12:28.594482+00:00
[2023-11-28T21:12:28.628+0000] {processor.py:179} INFO - Processing /home/airflow/.local/lib/python3.8/site-packages/airflow/example_dags/example_latest_only_with_trigger.py took 0.131 seconds
[2023-11-28T21:12:59.115+0000] {processor.py:157} INFO - Started process (PID=594) to work on /home/airflow/.local/lib/python3.8/site-packages/airflow/example_dags/example_latest_only_with_trigger.py
[2023-11-28T21:12:59.116+0000] {processor.py:829} INFO - Processing file /home/airflow/.local/lib/python3.8/site-packages/airflow/example_dags/example_latest_only_with_trigger.py for tasks to queue
[2023-11-28T21:12:59.121+0000] {logging_mixin.py:154} INFO - [2023-11-28T21:12:59.121+0000] {dagbag.py:536} INFO - Filling up the DagBag from /home/airflow/.local/lib/python3.8/site-packages/airflow/example_dags/example_latest_only_with_trigger.py
[2023-11-28T21:12:59.131+0000] {processor.py:839} INFO - DAG(s) dict_keys(['latest_only_with_trigger']) retrieved from /home/airflow/.local/lib/python3.8/site-packages/airflow/example_dags/example_latest_only_with_trigger.py
[2023-11-28T21:12:59.171+0000] {logging_mixin.py:154} INFO - [2023-11-28T21:12:59.171+0000] {dag.py:2941} INFO - Sync 1 DAGs
[2023-11-28T21:12:59.208+0000] {logging_mixin.py:154} INFO - [2023-11-28T21:12:59.208+0000] {dag.py:3722} INFO - Setting next_dagrun for latest_only_with_trigger to 2023-11-28T17:12:59.207915+00:00, run_after=2023-11-28T21:12:59.207915+00:00
[2023-11-28T21:12:59.248+0000] {processor.py:179} INFO - Processing /home/airflow/.local/lib/python3.8/site-packages/airflow/example_dags/example_latest_only_with_trigger.py took 0.138 seconds
[2023-11-28T21:13:29.733+0000] {processor.py:157} INFO - Started process (PID=649) to work on /home/airflow/.local/lib/python3.8/site-packages/airflow/example_dags/example_latest_only_with_trigger.py
[2023-11-28T21:13:29.735+0000] {processor.py:829} INFO - Processing file /home/airflow/.local/lib/python3.8/site-packages/airflow/example_dags/example_latest_only_with_trigger.py for tasks to queue
[2023-11-28T21:13:29.740+0000] {logging_mixin.py:154} INFO - [2023-11-28T21:13:29.739+0000] {dagbag.py:536} INFO - Filling up the DagBag from /home/airflow/.local/lib/python3.8/site-packages/airflow/example_dags/example_latest_only_with_trigger.py
[2023-11-28T21:13:29.750+0000] {processor.py:839} INFO - DAG(s) dict_keys(['latest_only_with_trigger']) retrieved from /home/airflow/.local/lib/python3.8/site-packages/airflow/example_dags/example_latest_only_with_trigger.py
[2023-11-28T21:13:29.788+0000] {logging_mixin.py:154} INFO - [2023-11-28T21:13:29.787+0000] {dag.py:2941} INFO - Sync 1 DAGs
[2023-11-28T21:13:29.823+0000] {logging_mixin.py:154} INFO - [2023-11-28T21:13:29.823+0000] {dag.py:3722} INFO - Setting next_dagrun for latest_only_with_trigger to 2023-11-28T17:13:29.822968+00:00, run_after=2023-11-28T21:13:29.822968+00:00
[2023-11-28T21:13:29.854+0000] {processor.py:179} INFO - Processing /home/airflow/.local/lib/python3.8/site-packages/airflow/example_dags/example_latest_only_with_trigger.py took 0.127 seconds
[2023-11-28T21:14:00.679+0000] {processor.py:157} INFO - Started process (PID=703) to work on /home/airflow/.local/lib/python3.8/site-packages/airflow/example_dags/example_latest_only_with_trigger.py
[2023-11-28T21:14:00.681+0000] {processor.py:829} INFO - Processing file /home/airflow/.local/lib/python3.8/site-packages/airflow/example_dags/example_latest_only_with_trigger.py for tasks to queue
[2023-11-28T21:14:00.685+0000] {logging_mixin.py:154} INFO - [2023-11-28T21:14:00.685+0000] {dagbag.py:536} INFO - Filling up the DagBag from /home/airflow/.local/lib/python3.8/site-packages/airflow/example_dags/example_latest_only_with_trigger.py
[2023-11-28T21:14:00.695+0000] {processor.py:839} INFO - DAG(s) dict_keys(['latest_only_with_trigger']) retrieved from /home/airflow/.local/lib/python3.8/site-packages/airflow/example_dags/example_latest_only_with_trigger.py
[2023-11-28T21:14:00.738+0000] {logging_mixin.py:154} INFO - [2023-11-28T21:14:00.737+0000] {dag.py:2941} INFO - Sync 1 DAGs
[2023-11-28T21:14:00.769+0000] {logging_mixin.py:154} INFO - [2023-11-28T21:14:00.769+0000] {dag.py:3722} INFO - Setting next_dagrun for latest_only_with_trigger to 2023-11-28T17:14:00.768932+00:00, run_after=2023-11-28T21:14:00.768932+00:00
[2023-11-28T21:14:00.803+0000] {processor.py:179} INFO - Processing /home/airflow/.local/lib/python3.8/site-packages/airflow/example_dags/example_latest_only_with_trigger.py took 0.130 seconds
[2023-11-28T21:14:31.067+0000] {processor.py:157} INFO - Started process (PID=758) to work on /home/airflow/.local/lib/python3.8/site-packages/airflow/example_dags/example_latest_only_with_trigger.py
[2023-11-28T21:14:31.089+0000] {processor.py:829} INFO - Processing file /home/airflow/.local/lib/python3.8/site-packages/airflow/example_dags/example_latest_only_with_trigger.py for tasks to queue
[2023-11-28T21:14:31.093+0000] {logging_mixin.py:154} INFO - [2023-11-28T21:14:31.092+0000] {dagbag.py:536} INFO - Filling up the DagBag from /home/airflow/.local/lib/python3.8/site-packages/airflow/example_dags/example_latest_only_with_trigger.py
[2023-11-28T21:14:31.111+0000] {processor.py:839} INFO - DAG(s) dict_keys(['latest_only_with_trigger']) retrieved from /home/airflow/.local/lib/python3.8/site-packages/airflow/example_dags/example_latest_only_with_trigger.py
[2023-11-28T21:14:31.172+0000] {logging_mixin.py:154} INFO - [2023-11-28T21:14:31.171+0000] {dag.py:2941} INFO - Sync 1 DAGs
[2023-11-28T21:14:31.315+0000] {logging_mixin.py:154} INFO - [2023-11-28T21:14:31.315+0000] {dag.py:3722} INFO - Setting next_dagrun for latest_only_with_trigger to 2023-11-28T17:14:31.314874+00:00, run_after=2023-11-28T21:14:31.314874+00:00
[2023-11-28T21:14:31.357+0000] {processor.py:179} INFO - Processing /home/airflow/.local/lib/python3.8/site-packages/airflow/example_dags/example_latest_only_with_trigger.py took 0.316 seconds
[2023-11-28T21:15:01.961+0000] {processor.py:157} INFO - Started process (PID=812) to work on /home/airflow/.local/lib/python3.8/site-packages/airflow/example_dags/example_latest_only_with_trigger.py
[2023-11-28T21:15:01.963+0000] {processor.py:829} INFO - Processing file /home/airflow/.local/lib/python3.8/site-packages/airflow/example_dags/example_latest_only_with_trigger.py for tasks to queue
[2023-11-28T21:15:01.969+0000] {logging_mixin.py:154} INFO - [2023-11-28T21:15:01.969+0000] {dagbag.py:536} INFO - Filling up the DagBag from /home/airflow/.local/lib/python3.8/site-packages/airflow/example_dags/example_latest_only_with_trigger.py
[2023-11-28T21:15:01.978+0000] {processor.py:839} INFO - DAG(s) dict_keys(['latest_only_with_trigger']) retrieved from /home/airflow/.local/lib/python3.8/site-packages/airflow/example_dags/example_latest_only_with_trigger.py
[2023-11-28T21:15:02.024+0000] {logging_mixin.py:154} INFO - [2023-11-28T21:15:02.023+0000] {dag.py:2941} INFO - Sync 1 DAGs
[2023-11-28T21:15:02.074+0000] {logging_mixin.py:154} INFO - [2023-11-28T21:15:02.074+0000] {dag.py:3722} INFO - Setting next_dagrun for latest_only_with_trigger to 2023-11-28T17:15:02.073798+00:00, run_after=2023-11-28T21:15:02.073798+00:00
[2023-11-28T21:15:02.114+0000] {processor.py:179} INFO - Processing /home/airflow/.local/lib/python3.8/site-packages/airflow/example_dags/example_latest_only_with_trigger.py took 0.158 seconds
[2023-11-28T21:15:32.272+0000] {processor.py:157} INFO - Started process (PID=866) to work on /home/airflow/.local/lib/python3.8/site-packages/airflow/example_dags/example_latest_only_with_trigger.py
[2023-11-28T21:15:32.275+0000] {processor.py:829} INFO - Processing file /home/airflow/.local/lib/python3.8/site-packages/airflow/example_dags/example_latest_only_with_trigger.py for tasks to queue
[2023-11-28T21:15:32.280+0000] {logging_mixin.py:154} INFO - [2023-11-28T21:15:32.280+0000] {dagbag.py:536} INFO - Filling up the DagBag from /home/airflow/.local/lib/python3.8/site-packages/airflow/example_dags/example_latest_only_with_trigger.py
[2023-11-28T21:15:32.294+0000] {processor.py:839} INFO - DAG(s) dict_keys(['latest_only_with_trigger']) retrieved from /home/airflow/.local/lib/python3.8/site-packages/airflow/example_dags/example_latest_only_with_trigger.py
[2023-11-28T21:15:32.336+0000] {logging_mixin.py:154} INFO - [2023-11-28T21:15:32.335+0000] {dag.py:2941} INFO - Sync 1 DAGs
[2023-11-28T21:15:32.376+0000] {logging_mixin.py:154} INFO - [2023-11-28T21:15:32.375+0000] {dag.py:3722} INFO - Setting next_dagrun for latest_only_with_trigger to 2023-11-28T17:15:32.375383+00:00, run_after=2023-11-28T21:15:32.375383+00:00
[2023-11-28T21:15:32.414+0000] {processor.py:179} INFO - Processing /home/airflow/.local/lib/python3.8/site-packages/airflow/example_dags/example_latest_only_with_trigger.py took 0.151 seconds
[2023-11-28T21:16:03.108+0000] {processor.py:157} INFO - Started process (PID=919) to work on /home/airflow/.local/lib/python3.8/site-packages/airflow/example_dags/example_latest_only_with_trigger.py
[2023-11-28T21:16:03.110+0000] {processor.py:829} INFO - Processing file /home/airflow/.local/lib/python3.8/site-packages/airflow/example_dags/example_latest_only_with_trigger.py for tasks to queue
[2023-11-28T21:16:03.114+0000] {logging_mixin.py:154} INFO - [2023-11-28T21:16:03.114+0000] {dagbag.py:536} INFO - Filling up the DagBag from /home/airflow/.local/lib/python3.8/site-packages/airflow/example_dags/example_latest_only_with_trigger.py
[2023-11-28T21:16:03.124+0000] {processor.py:839} INFO - DAG(s) dict_keys(['latest_only_with_trigger']) retrieved from /home/airflow/.local/lib/python3.8/site-packages/airflow/example_dags/example_latest_only_with_trigger.py
[2023-11-28T21:16:03.163+0000] {logging_mixin.py:154} INFO - [2023-11-28T21:16:03.163+0000] {dag.py:2941} INFO - Sync 1 DAGs
[2023-11-28T21:16:03.195+0000] {logging_mixin.py:154} INFO - [2023-11-28T21:16:03.195+0000] {dag.py:3722} INFO - Setting next_dagrun for latest_only_with_trigger to 2023-11-28T17:16:03.195195+00:00, run_after=2023-11-28T21:16:03.195195+00:00
[2023-11-28T21:16:03.229+0000] {processor.py:179} INFO - Processing /home/airflow/.local/lib/python3.8/site-packages/airflow/example_dags/example_latest_only_with_trigger.py took 0.127 seconds
[2023-11-28T21:16:33.840+0000] {processor.py:157} INFO - Started process (PID=974) to work on /home/airflow/.local/lib/python3.8/site-packages/airflow/example_dags/example_latest_only_with_trigger.py
[2023-11-28T21:16:33.841+0000] {processor.py:829} INFO - Processing file /home/airflow/.local/lib/python3.8/site-packages/airflow/example_dags/example_latest_only_with_trigger.py for tasks to queue
[2023-11-28T21:16:33.845+0000] {logging_mixin.py:154} INFO - [2023-11-28T21:16:33.845+0000] {dagbag.py:536} INFO - Filling up the DagBag from /home/airflow/.local/lib/python3.8/site-packages/airflow/example_dags/example_latest_only_with_trigger.py
[2023-11-28T21:16:33.854+0000] {processor.py:839} INFO - DAG(s) dict_keys(['latest_only_with_trigger']) retrieved from /home/airflow/.local/lib/python3.8/site-packages/airflow/example_dags/example_latest_only_with_trigger.py
[2023-11-28T21:16:33.890+0000] {logging_mixin.py:154} INFO - [2023-11-28T21:16:33.890+0000] {dag.py:2941} INFO - Sync 1 DAGs
[2023-11-28T21:16:33.923+0000] {logging_mixin.py:154} INFO - [2023-11-28T21:16:33.923+0000] {dag.py:3722} INFO - Setting next_dagrun for latest_only_with_trigger to 2023-11-28T17:16:33.922726+00:00, run_after=2023-11-28T21:16:33.922726+00:00
[2023-11-28T21:16:33.951+0000] {processor.py:179} INFO - Processing /home/airflow/.local/lib/python3.8/site-packages/airflow/example_dags/example_latest_only_with_trigger.py took 0.117 seconds
[2023-11-28T21:17:04.843+0000] {processor.py:157} INFO - Started process (PID=1036) to work on /home/airflow/.local/lib/python3.8/site-packages/airflow/example_dags/example_latest_only_with_trigger.py
[2023-11-28T21:17:04.847+0000] {processor.py:829} INFO - Processing file /home/airflow/.local/lib/python3.8/site-packages/airflow/example_dags/example_latest_only_with_trigger.py for tasks to queue
[2023-11-28T21:17:04.851+0000] {logging_mixin.py:154} INFO - [2023-11-28T21:17:04.851+0000] {dagbag.py:536} INFO - Filling up the DagBag from /home/airflow/.local/lib/python3.8/site-packages/airflow/example_dags/example_latest_only_with_trigger.py
[2023-11-28T21:17:04.861+0000] {processor.py:839} INFO - DAG(s) dict_keys(['latest_only_with_trigger']) retrieved from /home/airflow/.local/lib/python3.8/site-packages/airflow/example_dags/example_latest_only_with_trigger.py
[2023-11-28T21:17:04.899+0000] {logging_mixin.py:154} INFO - [2023-11-28T21:17:04.898+0000] {dag.py:2941} INFO - Sync 1 DAGs
[2023-11-28T21:17:04.940+0000] {logging_mixin.py:154} INFO - [2023-11-28T21:17:04.939+0000] {dag.py:3722} INFO - Setting next_dagrun for latest_only_with_trigger to 2023-11-28T17:17:04.939268+00:00, run_after=2023-11-28T21:17:04.939268+00:00
[2023-11-28T21:17:04.978+0000] {processor.py:179} INFO - Processing /home/airflow/.local/lib/python3.8/site-packages/airflow/example_dags/example_latest_only_with_trigger.py took 0.141 seconds
[2023-11-28T21:17:35.471+0000] {processor.py:157} INFO - Started process (PID=1090) to work on /home/airflow/.local/lib/python3.8/site-packages/airflow/example_dags/example_latest_only_with_trigger.py
[2023-11-28T21:17:35.473+0000] {processor.py:829} INFO - Processing file /home/airflow/.local/lib/python3.8/site-packages/airflow/example_dags/example_latest_only_with_trigger.py for tasks to queue
[2023-11-28T21:17:35.477+0000] {logging_mixin.py:154} INFO - [2023-11-28T21:17:35.477+0000] {dagbag.py:536} INFO - Filling up the DagBag from /home/airflow/.local/lib/python3.8/site-packages/airflow/example_dags/example_latest_only_with_trigger.py
[2023-11-28T21:17:35.488+0000] {processor.py:839} INFO - DAG(s) dict_keys(['latest_only_with_trigger']) retrieved from /home/airflow/.local/lib/python3.8/site-packages/airflow/example_dags/example_latest_only_with_trigger.py
[2023-11-28T21:17:35.525+0000] {logging_mixin.py:154} INFO - [2023-11-28T21:17:35.525+0000] {dag.py:2941} INFO - Sync 1 DAGs
[2023-11-28T21:17:35.555+0000] {logging_mixin.py:154} INFO - [2023-11-28T21:17:35.555+0000] {dag.py:3722} INFO - Setting next_dagrun for latest_only_with_trigger to 2023-11-28T17:17:35.554697+00:00, run_after=2023-11-28T21:17:35.554697+00:00
[2023-11-28T21:17:35.586+0000] {processor.py:179} INFO - Processing /home/airflow/.local/lib/python3.8/site-packages/airflow/example_dags/example_latest_only_with_trigger.py took 0.120 seconds
[2023-11-28T21:18:05.871+0000] {processor.py:157} INFO - Started process (PID=1145) to work on /home/airflow/.local/lib/python3.8/site-packages/airflow/example_dags/example_latest_only_with_trigger.py
[2023-11-28T21:18:05.872+0000] {processor.py:829} INFO - Processing file /home/airflow/.local/lib/python3.8/site-packages/airflow/example_dags/example_latest_only_with_trigger.py for tasks to queue
[2023-11-28T21:18:05.878+0000] {logging_mixin.py:154} INFO - [2023-11-28T21:18:05.878+0000] {dagbag.py:536} INFO - Filling up the DagBag from /home/airflow/.local/lib/python3.8/site-packages/airflow/example_dags/example_latest_only_with_trigger.py
[2023-11-28T21:18:05.888+0000] {processor.py:839} INFO - DAG(s) dict_keys(['latest_only_with_trigger']) retrieved from /home/airflow/.local/lib/python3.8/site-packages/airflow/example_dags/example_latest_only_with_trigger.py
[2023-11-28T21:18:05.925+0000] {logging_mixin.py:154} INFO - [2023-11-28T21:18:05.925+0000] {dag.py:2941} INFO - Sync 1 DAGs
[2023-11-28T21:18:05.958+0000] {logging_mixin.py:154} INFO - [2023-11-28T21:18:05.957+0000] {dag.py:3722} INFO - Setting next_dagrun for latest_only_with_trigger to 2023-11-28T17:18:05.957600+00:00, run_after=2023-11-28T21:18:05.957600+00:00
[2023-11-28T21:18:05.990+0000] {processor.py:179} INFO - Processing /home/airflow/.local/lib/python3.8/site-packages/airflow/example_dags/example_latest_only_with_trigger.py took 0.125 seconds
[2023-11-28T21:18:36.867+0000] {processor.py:157} INFO - Started process (PID=1198) to work on /home/airflow/.local/lib/python3.8/site-packages/airflow/example_dags/example_latest_only_with_trigger.py
[2023-11-28T21:18:36.869+0000] {processor.py:829} INFO - Processing file /home/airflow/.local/lib/python3.8/site-packages/airflow/example_dags/example_latest_only_with_trigger.py for tasks to queue
[2023-11-28T21:18:36.873+0000] {logging_mixin.py:154} INFO - [2023-11-28T21:18:36.873+0000] {dagbag.py:536} INFO - Filling up the DagBag from /home/airflow/.local/lib/python3.8/site-packages/airflow/example_dags/example_latest_only_with_trigger.py
[2023-11-28T21:18:36.885+0000] {processor.py:839} INFO - DAG(s) dict_keys(['latest_only_with_trigger']) retrieved from /home/airflow/.local/lib/python3.8/site-packages/airflow/example_dags/example_latest_only_with_trigger.py
[2023-11-28T21:18:36.923+0000] {logging_mixin.py:154} INFO - [2023-11-28T21:18:36.922+0000] {dag.py:2941} INFO - Sync 1 DAGs
[2023-11-28T21:18:36.954+0000] {logging_mixin.py:154} INFO - [2023-11-28T21:18:36.953+0000] {dag.py:3722} INFO - Setting next_dagrun for latest_only_with_trigger to 2023-11-28T17:18:36.953420+00:00, run_after=2023-11-28T21:18:36.953420+00:00
[2023-11-28T21:18:36.981+0000] {processor.py:179} INFO - Processing /home/airflow/.local/lib/python3.8/site-packages/airflow/example_dags/example_latest_only_with_trigger.py took 0.120 seconds
[2023-11-28T21:19:07.163+0000] {processor.py:157} INFO - Started process (PID=1252) to work on /home/airflow/.local/lib/python3.8/site-packages/airflow/example_dags/example_latest_only_with_trigger.py
[2023-11-28T21:19:07.165+0000] {processor.py:829} INFO - Processing file /home/airflow/.local/lib/python3.8/site-packages/airflow/example_dags/example_latest_only_with_trigger.py for tasks to queue
[2023-11-28T21:19:07.169+0000] {logging_mixin.py:154} INFO - [2023-11-28T21:19:07.169+0000] {dagbag.py:536} INFO - Filling up the DagBag from /home/airflow/.local/lib/python3.8/site-packages/airflow/example_dags/example_latest_only_with_trigger.py
[2023-11-28T21:19:07.182+0000] {processor.py:839} INFO - DAG(s) dict_keys(['latest_only_with_trigger']) retrieved from /home/airflow/.local/lib/python3.8/site-packages/airflow/example_dags/example_latest_only_with_trigger.py
[2023-11-28T21:19:07.236+0000] {logging_mixin.py:154} INFO - [2023-11-28T21:19:07.235+0000] {dag.py:2941} INFO - Sync 1 DAGs
[2023-11-28T21:19:07.278+0000] {logging_mixin.py:154} INFO - [2023-11-28T21:19:07.278+0000] {dag.py:3722} INFO - Setting next_dagrun for latest_only_with_trigger to 2023-11-28T17:19:07.277493+00:00, run_after=2023-11-28T21:19:07.277493+00:00
[2023-11-28T21:19:07.329+0000] {processor.py:179} INFO - Processing /home/airflow/.local/lib/python3.8/site-packages/airflow/example_dags/example_latest_only_with_trigger.py took 0.173 seconds
[2023-11-28T21:19:37.455+0000] {processor.py:157} INFO - Started process (PID=1306) to work on /home/airflow/.local/lib/python3.8/site-packages/airflow/example_dags/example_latest_only_with_trigger.py
[2023-11-28T21:19:37.457+0000] {processor.py:829} INFO - Processing file /home/airflow/.local/lib/python3.8/site-packages/airflow/example_dags/example_latest_only_with_trigger.py for tasks to queue
[2023-11-28T21:19:37.461+0000] {logging_mixin.py:154} INFO - [2023-11-28T21:19:37.461+0000] {dagbag.py:536} INFO - Filling up the DagBag from /home/airflow/.local/lib/python3.8/site-packages/airflow/example_dags/example_latest_only_with_trigger.py
[2023-11-28T21:19:37.473+0000] {processor.py:839} INFO - DAG(s) dict_keys(['latest_only_with_trigger']) retrieved from /home/airflow/.local/lib/python3.8/site-packages/airflow/example_dags/example_latest_only_with_trigger.py
[2023-11-28T21:19:37.511+0000] {logging_mixin.py:154} INFO - [2023-11-28T21:19:37.511+0000] {dag.py:2941} INFO - Sync 1 DAGs
[2023-11-28T21:19:37.542+0000] {logging_mixin.py:154} INFO - [2023-11-28T21:19:37.542+0000] {dag.py:3722} INFO - Setting next_dagrun for latest_only_with_trigger to 2023-11-28T17:19:37.542309+00:00, run_after=2023-11-28T21:19:37.542309+00:00
[2023-11-28T21:19:37.568+0000] {processor.py:179} INFO - Processing /home/airflow/.local/lib/python3.8/site-packages/airflow/example_dags/example_latest_only_with_trigger.py took 0.118 seconds
[2023-11-28T21:20:08.157+0000] {processor.py:157} INFO - Started process (PID=1361) to work on /home/airflow/.local/lib/python3.8/site-packages/airflow/example_dags/example_latest_only_with_trigger.py
[2023-11-28T21:20:08.159+0000] {processor.py:829} INFO - Processing file /home/airflow/.local/lib/python3.8/site-packages/airflow/example_dags/example_latest_only_with_trigger.py for tasks to queue
[2023-11-28T21:20:08.164+0000] {logging_mixin.py:154} INFO - [2023-11-28T21:20:08.164+0000] {dagbag.py:536} INFO - Filling up the DagBag from /home/airflow/.local/lib/python3.8/site-packages/airflow/example_dags/example_latest_only_with_trigger.py
[2023-11-28T21:20:08.174+0000] {processor.py:839} INFO - DAG(s) dict_keys(['latest_only_with_trigger']) retrieved from /home/airflow/.local/lib/python3.8/site-packages/airflow/example_dags/example_latest_only_with_trigger.py
[2023-11-28T21:20:08.214+0000] {logging_mixin.py:154} INFO - [2023-11-28T21:20:08.214+0000] {dag.py:2941} INFO - Sync 1 DAGs
[2023-11-28T21:20:08.247+0000] {logging_mixin.py:154} INFO - [2023-11-28T21:20:08.246+0000] {dag.py:3722} INFO - Setting next_dagrun for latest_only_with_trigger to 2023-11-28T17:20:08.246621+00:00, run_after=2023-11-28T21:20:08.246621+00:00
[2023-11-28T21:20:08.277+0000] {processor.py:179} INFO - Processing /home/airflow/.local/lib/python3.8/site-packages/airflow/example_dags/example_latest_only_with_trigger.py took 0.125 seconds
[2023-11-28T21:20:38.425+0000] {processor.py:157} INFO - Started process (PID=1415) to work on /home/airflow/.local/lib/python3.8/site-packages/airflow/example_dags/example_latest_only_with_trigger.py
[2023-11-28T21:20:38.431+0000] {processor.py:829} INFO - Processing file /home/airflow/.local/lib/python3.8/site-packages/airflow/example_dags/example_latest_only_with_trigger.py for tasks to queue
[2023-11-28T21:20:38.437+0000] {logging_mixin.py:154} INFO - [2023-11-28T21:20:38.437+0000] {dagbag.py:536} INFO - Filling up the DagBag from /home/airflow/.local/lib/python3.8/site-packages/airflow/example_dags/example_latest_only_with_trigger.py
[2023-11-28T21:20:38.457+0000] {processor.py:839} INFO - DAG(s) dict_keys(['latest_only_with_trigger']) retrieved from /home/airflow/.local/lib/python3.8/site-packages/airflow/example_dags/example_latest_only_with_trigger.py
[2023-11-28T21:20:38.514+0000] {logging_mixin.py:154} INFO - [2023-11-28T21:20:38.514+0000] {dag.py:2941} INFO - Sync 1 DAGs
[2023-11-28T21:20:38.567+0000] {logging_mixin.py:154} INFO - [2023-11-28T21:20:38.567+0000] {dag.py:3722} INFO - Setting next_dagrun for latest_only_with_trigger to 2023-11-28T17:20:38.566871+00:00, run_after=2023-11-28T21:20:38.566871+00:00
[2023-11-28T21:20:38.595+0000] {processor.py:179} INFO - Processing /home/airflow/.local/lib/python3.8/site-packages/airflow/example_dags/example_latest_only_with_trigger.py took 0.177 seconds
[2023-11-28T21:21:08.785+0000] {processor.py:157} INFO - Started process (PID=1469) to work on /home/airflow/.local/lib/python3.8/site-packages/airflow/example_dags/example_latest_only_with_trigger.py
[2023-11-28T21:21:08.800+0000] {processor.py:829} INFO - Processing file /home/airflow/.local/lib/python3.8/site-packages/airflow/example_dags/example_latest_only_with_trigger.py for tasks to queue
[2023-11-28T21:21:08.808+0000] {logging_mixin.py:154} INFO - [2023-11-28T21:21:08.807+0000] {dagbag.py:536} INFO - Filling up the DagBag from /home/airflow/.local/lib/python3.8/site-packages/airflow/example_dags/example_latest_only_with_trigger.py
[2023-11-28T21:21:08.831+0000] {processor.py:839} INFO - DAG(s) dict_keys(['latest_only_with_trigger']) retrieved from /home/airflow/.local/lib/python3.8/site-packages/airflow/example_dags/example_latest_only_with_trigger.py
[2023-11-28T21:21:08.881+0000] {logging_mixin.py:154} INFO - [2023-11-28T21:21:08.881+0000] {dag.py:2941} INFO - Sync 1 DAGs
[2023-11-28T21:21:08.920+0000] {logging_mixin.py:154} INFO - [2023-11-28T21:21:08.920+0000] {dag.py:3722} INFO - Setting next_dagrun for latest_only_with_trigger to 2023-11-28T17:21:08.920178+00:00, run_after=2023-11-28T21:21:08.920178+00:00
[2023-11-28T21:21:08.959+0000] {processor.py:179} INFO - Processing /home/airflow/.local/lib/python3.8/site-packages/airflow/example_dags/example_latest_only_with_trigger.py took 0.228 seconds
[2023-11-28T21:21:39.798+0000] {processor.py:157} INFO - Started process (PID=1524) to work on /home/airflow/.local/lib/python3.8/site-packages/airflow/example_dags/example_latest_only_with_trigger.py
[2023-11-28T21:21:39.801+0000] {processor.py:829} INFO - Processing file /home/airflow/.local/lib/python3.8/site-packages/airflow/example_dags/example_latest_only_with_trigger.py for tasks to queue
[2023-11-28T21:21:39.805+0000] {logging_mixin.py:154} INFO - [2023-11-28T21:21:39.805+0000] {dagbag.py:536} INFO - Filling up the DagBag from /home/airflow/.local/lib/python3.8/site-packages/airflow/example_dags/example_latest_only_with_trigger.py
[2023-11-28T21:21:39.815+0000] {processor.py:839} INFO - DAG(s) dict_keys(['latest_only_with_trigger']) retrieved from /home/airflow/.local/lib/python3.8/site-packages/airflow/example_dags/example_latest_only_with_trigger.py
[2023-11-28T21:21:39.862+0000] {logging_mixin.py:154} INFO - [2023-11-28T21:21:39.862+0000] {dag.py:2941} INFO - Sync 1 DAGs
[2023-11-28T21:21:39.897+0000] {logging_mixin.py:154} INFO - [2023-11-28T21:21:39.897+0000] {dag.py:3722} INFO - Setting next_dagrun for latest_only_with_trigger to 2023-11-28T17:21:39.897275+00:00, run_after=2023-11-28T21:21:39.897275+00:00
[2023-11-28T21:21:39.932+0000] {processor.py:179} INFO - Processing /home/airflow/.local/lib/python3.8/site-packages/airflow/example_dags/example_latest_only_with_trigger.py took 0.141 seconds
