[2023-11-28T20:09:25.996+0000] {processor.py:157} INFO - Started process (PID=53) to work on /home/airflow/.local/lib/python3.8/site-packages/airflow/example_dags/example_complex.py
[2023-11-28T20:09:26.029+0000] {processor.py:829} INFO - Processing file /home/airflow/.local/lib/python3.8/site-packages/airflow/example_dags/example_complex.py for tasks to queue
[2023-11-28T20:09:26.046+0000] {logging_mixin.py:154} INFO - [2023-11-28T20:09:26.045+0000] {dagbag.py:536} INFO - Filling up the DagBag from /home/airflow/.local/lib/python3.8/site-packages/airflow/example_dags/example_complex.py
[2023-11-28T20:09:26.162+0000] {processor.py:839} INFO - DAG(s) dict_keys(['example_complex']) retrieved from /home/airflow/.local/lib/python3.8/site-packages/airflow/example_dags/example_complex.py
[2023-11-28T20:09:26.861+0000] {logging_mixin.py:154} INFO - [2023-11-28T20:09:26.856+0000] {dag.py:2941} INFO - Sync 1 DAGs
[2023-11-28T20:09:26.985+0000] {logging_mixin.py:154} INFO - [2023-11-28T20:09:26.984+0000] {dag.py:3722} INFO - Setting next_dagrun for example_complex to None, run_after=None
[2023-11-28T20:09:28.157+0000] {processor.py:179} INFO - Processing /home/airflow/.local/lib/python3.8/site-packages/airflow/example_dags/example_complex.py took 2.197 seconds
[2023-11-28T20:11:09.013+0000] {processor.py:157} INFO - Started process (PID=114) to work on /home/airflow/.local/lib/python3.8/site-packages/airflow/example_dags/example_complex.py
[2023-11-28T20:11:09.016+0000] {processor.py:829} INFO - Processing file /home/airflow/.local/lib/python3.8/site-packages/airflow/example_dags/example_complex.py for tasks to queue
[2023-11-28T20:11:09.035+0000] {logging_mixin.py:154} INFO - [2023-11-28T20:11:09.035+0000] {dagbag.py:536} INFO - Filling up the DagBag from /home/airflow/.local/lib/python3.8/site-packages/airflow/example_dags/example_complex.py
[2023-11-28T20:11:09.081+0000] {processor.py:839} INFO - DAG(s) dict_keys(['example_complex']) retrieved from /home/airflow/.local/lib/python3.8/site-packages/airflow/example_dags/example_complex.py
[2023-11-28T20:11:09.235+0000] {logging_mixin.py:154} INFO - [2023-11-28T20:11:09.234+0000] {dag.py:2941} INFO - Sync 1 DAGs
[2023-11-28T20:11:09.261+0000] {logging_mixin.py:154} INFO - [2023-11-28T20:11:09.260+0000] {dag.py:3722} INFO - Setting next_dagrun for example_complex to None, run_after=None
[2023-11-28T20:11:09.302+0000] {processor.py:179} INFO - Processing /home/airflow/.local/lib/python3.8/site-packages/airflow/example_dags/example_complex.py took 0.321 seconds
[2023-11-28T20:11:56.929+0000] {processor.py:157} INFO - Started process (PID=165) to work on /home/airflow/.local/lib/python3.8/site-packages/airflow/example_dags/example_complex.py
[2023-11-28T20:11:56.931+0000] {processor.py:829} INFO - Processing file /home/airflow/.local/lib/python3.8/site-packages/airflow/example_dags/example_complex.py for tasks to queue
[2023-11-28T20:11:56.935+0000] {logging_mixin.py:154} INFO - [2023-11-28T20:11:56.934+0000] {dagbag.py:536} INFO - Filling up the DagBag from /home/airflow/.local/lib/python3.8/site-packages/airflow/example_dags/example_complex.py
[2023-11-28T20:11:56.982+0000] {processor.py:839} INFO - DAG(s) dict_keys(['example_complex']) retrieved from /home/airflow/.local/lib/python3.8/site-packages/airflow/example_dags/example_complex.py
[2023-11-28T20:11:57.195+0000] {logging_mixin.py:154} INFO - [2023-11-28T20:11:57.194+0000] {dag.py:2941} INFO - Sync 1 DAGs
[2023-11-28T20:11:57.404+0000] {logging_mixin.py:154} INFO - [2023-11-28T20:11:57.386+0000] {dag.py:3722} INFO - Setting next_dagrun for example_complex to None, run_after=None
[2023-11-28T20:11:57.811+0000] {processor.py:179} INFO - Processing /home/airflow/.local/lib/python3.8/site-packages/airflow/example_dags/example_complex.py took 1.056 seconds
[2023-11-28T20:12:32.377+0000] {processor.py:157} INFO - Started process (PID=219) to work on /home/airflow/.local/lib/python3.8/site-packages/airflow/example_dags/example_complex.py
[2023-11-28T20:12:32.405+0000] {processor.py:829} INFO - Processing file /home/airflow/.local/lib/python3.8/site-packages/airflow/example_dags/example_complex.py for tasks to queue
[2023-11-28T20:12:32.440+0000] {logging_mixin.py:154} INFO - [2023-11-28T20:12:32.440+0000] {dagbag.py:536} INFO - Filling up the DagBag from /home/airflow/.local/lib/python3.8/site-packages/airflow/example_dags/example_complex.py
[2023-11-28T20:12:32.503+0000] {processor.py:839} INFO - DAG(s) dict_keys(['example_complex']) retrieved from /home/airflow/.local/lib/python3.8/site-packages/airflow/example_dags/example_complex.py
[2023-11-28T20:12:32.953+0000] {logging_mixin.py:154} INFO - [2023-11-28T20:12:32.953+0000] {dag.py:2941} INFO - Sync 1 DAGs
[2023-11-28T20:12:33.335+0000] {logging_mixin.py:154} INFO - [2023-11-28T20:12:33.335+0000] {dag.py:3722} INFO - Setting next_dagrun for example_complex to None, run_after=None
[2023-11-28T20:12:33.637+0000] {processor.py:179} INFO - Processing /home/airflow/.local/lib/python3.8/site-packages/airflow/example_dags/example_complex.py took 1.282 seconds
[2023-11-28T20:13:04.458+0000] {processor.py:157} INFO - Started process (PID=273) to work on /home/airflow/.local/lib/python3.8/site-packages/airflow/example_dags/example_complex.py
[2023-11-28T20:13:04.468+0000] {processor.py:829} INFO - Processing file /home/airflow/.local/lib/python3.8/site-packages/airflow/example_dags/example_complex.py for tasks to queue
[2023-11-28T20:13:04.496+0000] {logging_mixin.py:154} INFO - [2023-11-28T20:13:04.493+0000] {dagbag.py:536} INFO - Filling up the DagBag from /home/airflow/.local/lib/python3.8/site-packages/airflow/example_dags/example_complex.py
[2023-11-28T20:13:04.714+0000] {processor.py:839} INFO - DAG(s) dict_keys(['example_complex']) retrieved from /home/airflow/.local/lib/python3.8/site-packages/airflow/example_dags/example_complex.py
[2023-11-28T20:13:05.472+0000] {logging_mixin.py:154} INFO - [2023-11-28T20:13:05.471+0000] {dag.py:2941} INFO - Sync 1 DAGs
[2023-11-28T20:13:05.704+0000] {logging_mixin.py:154} INFO - [2023-11-28T20:13:05.703+0000] {dag.py:3722} INFO - Setting next_dagrun for example_complex to None, run_after=None
[2023-11-28T20:13:05.831+0000] {processor.py:179} INFO - Processing /home/airflow/.local/lib/python3.8/site-packages/airflow/example_dags/example_complex.py took 1.411 seconds
[2023-11-28T20:13:36.693+0000] {processor.py:157} INFO - Started process (PID=328) to work on /home/airflow/.local/lib/python3.8/site-packages/airflow/example_dags/example_complex.py
[2023-11-28T20:13:36.695+0000] {processor.py:829} INFO - Processing file /home/airflow/.local/lib/python3.8/site-packages/airflow/example_dags/example_complex.py for tasks to queue
[2023-11-28T20:13:36.700+0000] {logging_mixin.py:154} INFO - [2023-11-28T20:13:36.699+0000] {dagbag.py:536} INFO - Filling up the DagBag from /home/airflow/.local/lib/python3.8/site-packages/airflow/example_dags/example_complex.py
[2023-11-28T20:13:36.719+0000] {processor.py:839} INFO - DAG(s) dict_keys(['example_complex']) retrieved from /home/airflow/.local/lib/python3.8/site-packages/airflow/example_dags/example_complex.py
[2023-11-28T20:13:36.796+0000] {logging_mixin.py:154} INFO - [2023-11-28T20:13:36.796+0000] {dag.py:2941} INFO - Sync 1 DAGs
[2023-11-28T20:13:36.829+0000] {logging_mixin.py:154} INFO - [2023-11-28T20:13:36.829+0000] {dag.py:3722} INFO - Setting next_dagrun for example_complex to None, run_after=None
[2023-11-28T20:13:36.860+0000] {processor.py:179} INFO - Processing /home/airflow/.local/lib/python3.8/site-packages/airflow/example_dags/example_complex.py took 0.174 seconds
[2023-11-28T20:14:07.342+0000] {processor.py:157} INFO - Started process (PID=381) to work on /home/airflow/.local/lib/python3.8/site-packages/airflow/example_dags/example_complex.py
[2023-11-28T20:14:07.344+0000] {processor.py:829} INFO - Processing file /home/airflow/.local/lib/python3.8/site-packages/airflow/example_dags/example_complex.py for tasks to queue
[2023-11-28T20:14:07.349+0000] {logging_mixin.py:154} INFO - [2023-11-28T20:14:07.348+0000] {dagbag.py:536} INFO - Filling up the DagBag from /home/airflow/.local/lib/python3.8/site-packages/airflow/example_dags/example_complex.py
[2023-11-28T20:14:07.369+0000] {processor.py:839} INFO - DAG(s) dict_keys(['example_complex']) retrieved from /home/airflow/.local/lib/python3.8/site-packages/airflow/example_dags/example_complex.py
[2023-11-28T20:14:07.424+0000] {logging_mixin.py:154} INFO - [2023-11-28T20:14:07.423+0000] {dag.py:2941} INFO - Sync 1 DAGs
[2023-11-28T20:14:07.446+0000] {logging_mixin.py:154} INFO - [2023-11-28T20:14:07.446+0000] {dag.py:3722} INFO - Setting next_dagrun for example_complex to None, run_after=None
[2023-11-28T20:14:07.487+0000] {processor.py:179} INFO - Processing /home/airflow/.local/lib/python3.8/site-packages/airflow/example_dags/example_complex.py took 0.151 seconds
[2023-11-28T20:14:37.820+0000] {processor.py:157} INFO - Started process (PID=435) to work on /home/airflow/.local/lib/python3.8/site-packages/airflow/example_dags/example_complex.py
[2023-11-28T20:14:37.822+0000] {processor.py:829} INFO - Processing file /home/airflow/.local/lib/python3.8/site-packages/airflow/example_dags/example_complex.py for tasks to queue
[2023-11-28T20:14:37.826+0000] {logging_mixin.py:154} INFO - [2023-11-28T20:14:37.825+0000] {dagbag.py:536} INFO - Filling up the DagBag from /home/airflow/.local/lib/python3.8/site-packages/airflow/example_dags/example_complex.py
[2023-11-28T20:14:37.844+0000] {processor.py:839} INFO - DAG(s) dict_keys(['example_complex']) retrieved from /home/airflow/.local/lib/python3.8/site-packages/airflow/example_dags/example_complex.py
[2023-11-28T20:14:37.903+0000] {logging_mixin.py:154} INFO - [2023-11-28T20:14:37.903+0000] {dag.py:2941} INFO - Sync 1 DAGs
[2023-11-28T20:14:37.924+0000] {logging_mixin.py:154} INFO - [2023-11-28T20:14:37.924+0000] {dag.py:3722} INFO - Setting next_dagrun for example_complex to None, run_after=None
[2023-11-28T20:14:37.953+0000] {processor.py:179} INFO - Processing /home/airflow/.local/lib/python3.8/site-packages/airflow/example_dags/example_complex.py took 0.140 seconds
[2023-11-28T20:15:08.618+0000] {processor.py:157} INFO - Started process (PID=489) to work on /home/airflow/.local/lib/python3.8/site-packages/airflow/example_dags/example_complex.py
[2023-11-28T20:15:08.620+0000] {processor.py:829} INFO - Processing file /home/airflow/.local/lib/python3.8/site-packages/airflow/example_dags/example_complex.py for tasks to queue
[2023-11-28T20:15:08.635+0000] {logging_mixin.py:154} INFO - [2023-11-28T20:15:08.634+0000] {dagbag.py:536} INFO - Filling up the DagBag from /home/airflow/.local/lib/python3.8/site-packages/airflow/example_dags/example_complex.py
[2023-11-28T20:15:08.654+0000] {processor.py:839} INFO - DAG(s) dict_keys(['example_complex']) retrieved from /home/airflow/.local/lib/python3.8/site-packages/airflow/example_dags/example_complex.py
[2023-11-28T20:15:08.714+0000] {logging_mixin.py:154} INFO - [2023-11-28T20:15:08.714+0000] {dag.py:2941} INFO - Sync 1 DAGs
[2023-11-28T20:15:08.734+0000] {logging_mixin.py:154} INFO - [2023-11-28T20:15:08.733+0000] {dag.py:3722} INFO - Setting next_dagrun for example_complex to None, run_after=None
[2023-11-28T20:15:08.774+0000] {processor.py:179} INFO - Processing /home/airflow/.local/lib/python3.8/site-packages/airflow/example_dags/example_complex.py took 0.163 seconds
[2023-11-28T20:15:38.893+0000] {processor.py:157} INFO - Started process (PID=543) to work on /home/airflow/.local/lib/python3.8/site-packages/airflow/example_dags/example_complex.py
[2023-11-28T20:15:38.910+0000] {processor.py:829} INFO - Processing file /home/airflow/.local/lib/python3.8/site-packages/airflow/example_dags/example_complex.py for tasks to queue
[2023-11-28T20:15:38.914+0000] {logging_mixin.py:154} INFO - [2023-11-28T20:15:38.914+0000] {dagbag.py:536} INFO - Filling up the DagBag from /home/airflow/.local/lib/python3.8/site-packages/airflow/example_dags/example_complex.py
[2023-11-28T20:15:38.978+0000] {processor.py:839} INFO - DAG(s) dict_keys(['example_complex']) retrieved from /home/airflow/.local/lib/python3.8/site-packages/airflow/example_dags/example_complex.py
[2023-11-28T20:15:39.110+0000] {logging_mixin.py:154} INFO - [2023-11-28T20:15:39.109+0000] {dag.py:2941} INFO - Sync 1 DAGs
[2023-11-28T20:15:39.162+0000] {logging_mixin.py:154} INFO - [2023-11-28T20:15:39.162+0000] {dag.py:3722} INFO - Setting next_dagrun for example_complex to None, run_after=None
[2023-11-28T20:15:39.233+0000] {processor.py:179} INFO - Processing /home/airflow/.local/lib/python3.8/site-packages/airflow/example_dags/example_complex.py took 0.351 seconds
[2023-11-28T20:16:09.393+0000] {processor.py:157} INFO - Started process (PID=597) to work on /home/airflow/.local/lib/python3.8/site-packages/airflow/example_dags/example_complex.py
[2023-11-28T20:16:09.395+0000] {processor.py:829} INFO - Processing file /home/airflow/.local/lib/python3.8/site-packages/airflow/example_dags/example_complex.py for tasks to queue
[2023-11-28T20:16:09.400+0000] {logging_mixin.py:154} INFO - [2023-11-28T20:16:09.400+0000] {dagbag.py:536} INFO - Filling up the DagBag from /home/airflow/.local/lib/python3.8/site-packages/airflow/example_dags/example_complex.py
[2023-11-28T20:16:09.420+0000] {processor.py:839} INFO - DAG(s) dict_keys(['example_complex']) retrieved from /home/airflow/.local/lib/python3.8/site-packages/airflow/example_dags/example_complex.py
[2023-11-28T20:16:09.478+0000] {logging_mixin.py:154} INFO - [2023-11-28T20:16:09.478+0000] {dag.py:2941} INFO - Sync 1 DAGs
[2023-11-28T20:16:09.497+0000] {logging_mixin.py:154} INFO - [2023-11-28T20:16:09.497+0000] {dag.py:3722} INFO - Setting next_dagrun for example_complex to None, run_after=None
[2023-11-28T20:16:09.530+0000] {processor.py:179} INFO - Processing /home/airflow/.local/lib/python3.8/site-packages/airflow/example_dags/example_complex.py took 0.143 seconds
[2023-11-28T20:16:39.824+0000] {processor.py:157} INFO - Started process (PID=651) to work on /home/airflow/.local/lib/python3.8/site-packages/airflow/example_dags/example_complex.py
[2023-11-28T20:16:39.826+0000] {processor.py:829} INFO - Processing file /home/airflow/.local/lib/python3.8/site-packages/airflow/example_dags/example_complex.py for tasks to queue
[2023-11-28T20:16:39.833+0000] {logging_mixin.py:154} INFO - [2023-11-28T20:16:39.832+0000] {dagbag.py:536} INFO - Filling up the DagBag from /home/airflow/.local/lib/python3.8/site-packages/airflow/example_dags/example_complex.py
[2023-11-28T20:16:39.855+0000] {processor.py:839} INFO - DAG(s) dict_keys(['example_complex']) retrieved from /home/airflow/.local/lib/python3.8/site-packages/airflow/example_dags/example_complex.py
[2023-11-28T20:16:39.923+0000] {logging_mixin.py:154} INFO - [2023-11-28T20:16:39.922+0000] {dag.py:2941} INFO - Sync 1 DAGs
[2023-11-28T20:16:39.945+0000] {logging_mixin.py:154} INFO - [2023-11-28T20:16:39.945+0000] {dag.py:3722} INFO - Setting next_dagrun for example_complex to None, run_after=None
[2023-11-28T20:16:39.976+0000] {processor.py:179} INFO - Processing /home/airflow/.local/lib/python3.8/site-packages/airflow/example_dags/example_complex.py took 0.158 seconds
[2023-11-28T20:17:10.328+0000] {processor.py:157} INFO - Started process (PID=706) to work on /home/airflow/.local/lib/python3.8/site-packages/airflow/example_dags/example_complex.py
[2023-11-28T20:17:10.329+0000] {processor.py:829} INFO - Processing file /home/airflow/.local/lib/python3.8/site-packages/airflow/example_dags/example_complex.py for tasks to queue
[2023-11-28T20:17:10.334+0000] {logging_mixin.py:154} INFO - [2023-11-28T20:17:10.333+0000] {dagbag.py:536} INFO - Filling up the DagBag from /home/airflow/.local/lib/python3.8/site-packages/airflow/example_dags/example_complex.py
[2023-11-28T20:17:10.352+0000] {processor.py:839} INFO - DAG(s) dict_keys(['example_complex']) retrieved from /home/airflow/.local/lib/python3.8/site-packages/airflow/example_dags/example_complex.py
[2023-11-28T20:17:10.405+0000] {logging_mixin.py:154} INFO - [2023-11-28T20:17:10.404+0000] {dag.py:2941} INFO - Sync 1 DAGs
[2023-11-28T20:17:10.425+0000] {logging_mixin.py:154} INFO - [2023-11-28T20:17:10.425+0000] {dag.py:3722} INFO - Setting next_dagrun for example_complex to None, run_after=None
[2023-11-28T20:17:10.456+0000] {processor.py:179} INFO - Processing /home/airflow/.local/lib/python3.8/site-packages/airflow/example_dags/example_complex.py took 0.134 seconds
[2023-11-28T20:17:40.774+0000] {processor.py:157} INFO - Started process (PID=759) to work on /home/airflow/.local/lib/python3.8/site-packages/airflow/example_dags/example_complex.py
[2023-11-28T20:17:40.776+0000] {processor.py:829} INFO - Processing file /home/airflow/.local/lib/python3.8/site-packages/airflow/example_dags/example_complex.py for tasks to queue
[2023-11-28T20:17:40.780+0000] {logging_mixin.py:154} INFO - [2023-11-28T20:17:40.779+0000] {dagbag.py:536} INFO - Filling up the DagBag from /home/airflow/.local/lib/python3.8/site-packages/airflow/example_dags/example_complex.py
[2023-11-28T20:17:40.796+0000] {processor.py:839} INFO - DAG(s) dict_keys(['example_complex']) retrieved from /home/airflow/.local/lib/python3.8/site-packages/airflow/example_dags/example_complex.py
[2023-11-28T20:17:40.853+0000] {logging_mixin.py:154} INFO - [2023-11-28T20:17:40.853+0000] {dag.py:2941} INFO - Sync 1 DAGs
[2023-11-28T20:17:40.872+0000] {logging_mixin.py:154} INFO - [2023-11-28T20:17:40.872+0000] {dag.py:3722} INFO - Setting next_dagrun for example_complex to None, run_after=None
[2023-11-28T20:17:40.903+0000] {processor.py:179} INFO - Processing /home/airflow/.local/lib/python3.8/site-packages/airflow/example_dags/example_complex.py took 0.135 seconds
[2023-11-28T20:18:11.036+0000] {processor.py:157} INFO - Started process (PID=814) to work on /home/airflow/.local/lib/python3.8/site-packages/airflow/example_dags/example_complex.py
[2023-11-28T20:18:11.037+0000] {processor.py:829} INFO - Processing file /home/airflow/.local/lib/python3.8/site-packages/airflow/example_dags/example_complex.py for tasks to queue
[2023-11-28T20:18:11.041+0000] {logging_mixin.py:154} INFO - [2023-11-28T20:18:11.041+0000] {dagbag.py:536} INFO - Filling up the DagBag from /home/airflow/.local/lib/python3.8/site-packages/airflow/example_dags/example_complex.py
[2023-11-28T20:18:11.058+0000] {processor.py:839} INFO - DAG(s) dict_keys(['example_complex']) retrieved from /home/airflow/.local/lib/python3.8/site-packages/airflow/example_dags/example_complex.py
[2023-11-28T20:18:11.106+0000] {logging_mixin.py:154} INFO - [2023-11-28T20:18:11.106+0000] {dag.py:2941} INFO - Sync 1 DAGs
[2023-11-28T20:18:11.124+0000] {logging_mixin.py:154} INFO - [2023-11-28T20:18:11.124+0000] {dag.py:3722} INFO - Setting next_dagrun for example_complex to None, run_after=None
[2023-11-28T20:18:11.158+0000] {processor.py:179} INFO - Processing /home/airflow/.local/lib/python3.8/site-packages/airflow/example_dags/example_complex.py took 0.128 seconds
[2023-11-28T20:18:41.963+0000] {processor.py:157} INFO - Started process (PID=868) to work on /home/airflow/.local/lib/python3.8/site-packages/airflow/example_dags/example_complex.py
[2023-11-28T20:18:41.964+0000] {processor.py:829} INFO - Processing file /home/airflow/.local/lib/python3.8/site-packages/airflow/example_dags/example_complex.py for tasks to queue
[2023-11-28T20:18:41.969+0000] {logging_mixin.py:154} INFO - [2023-11-28T20:18:41.968+0000] {dagbag.py:536} INFO - Filling up the DagBag from /home/airflow/.local/lib/python3.8/site-packages/airflow/example_dags/example_complex.py
[2023-11-28T20:18:41.989+0000] {processor.py:839} INFO - DAG(s) dict_keys(['example_complex']) retrieved from /home/airflow/.local/lib/python3.8/site-packages/airflow/example_dags/example_complex.py
[2023-11-28T20:18:42.042+0000] {logging_mixin.py:154} INFO - [2023-11-28T20:18:42.041+0000] {dag.py:2941} INFO - Sync 1 DAGs
[2023-11-28T20:18:42.060+0000] {logging_mixin.py:154} INFO - [2023-11-28T20:18:42.060+0000] {dag.py:3722} INFO - Setting next_dagrun for example_complex to None, run_after=None
[2023-11-28T20:18:42.096+0000] {processor.py:179} INFO - Processing /home/airflow/.local/lib/python3.8/site-packages/airflow/example_dags/example_complex.py took 0.139 seconds
[2023-11-28T20:19:12.619+0000] {processor.py:157} INFO - Started process (PID=922) to work on /home/airflow/.local/lib/python3.8/site-packages/airflow/example_dags/example_complex.py
[2023-11-28T20:19:12.622+0000] {processor.py:829} INFO - Processing file /home/airflow/.local/lib/python3.8/site-packages/airflow/example_dags/example_complex.py for tasks to queue
[2023-11-28T20:19:12.626+0000] {logging_mixin.py:154} INFO - [2023-11-28T20:19:12.626+0000] {dagbag.py:536} INFO - Filling up the DagBag from /home/airflow/.local/lib/python3.8/site-packages/airflow/example_dags/example_complex.py
[2023-11-28T20:19:12.644+0000] {processor.py:839} INFO - DAG(s) dict_keys(['example_complex']) retrieved from /home/airflow/.local/lib/python3.8/site-packages/airflow/example_dags/example_complex.py
[2023-11-28T20:19:12.708+0000] {logging_mixin.py:154} INFO - [2023-11-28T20:19:12.708+0000] {dag.py:2941} INFO - Sync 1 DAGs
[2023-11-28T20:19:12.727+0000] {logging_mixin.py:154} INFO - [2023-11-28T20:19:12.727+0000] {dag.py:3722} INFO - Setting next_dagrun for example_complex to None, run_after=None
[2023-11-28T20:19:12.761+0000] {processor.py:179} INFO - Processing /home/airflow/.local/lib/python3.8/site-packages/airflow/example_dags/example_complex.py took 0.148 seconds
[2023-11-28T20:19:43.302+0000] {processor.py:157} INFO - Started process (PID=976) to work on /home/airflow/.local/lib/python3.8/site-packages/airflow/example_dags/example_complex.py
[2023-11-28T20:19:43.303+0000] {processor.py:829} INFO - Processing file /home/airflow/.local/lib/python3.8/site-packages/airflow/example_dags/example_complex.py for tasks to queue
[2023-11-28T20:19:43.307+0000] {logging_mixin.py:154} INFO - [2023-11-28T20:19:43.307+0000] {dagbag.py:536} INFO - Filling up the DagBag from /home/airflow/.local/lib/python3.8/site-packages/airflow/example_dags/example_complex.py
[2023-11-28T20:19:43.325+0000] {processor.py:839} INFO - DAG(s) dict_keys(['example_complex']) retrieved from /home/airflow/.local/lib/python3.8/site-packages/airflow/example_dags/example_complex.py
[2023-11-28T20:19:43.390+0000] {logging_mixin.py:154} INFO - [2023-11-28T20:19:43.390+0000] {dag.py:2941} INFO - Sync 1 DAGs
[2023-11-28T20:19:43.410+0000] {logging_mixin.py:154} INFO - [2023-11-28T20:19:43.410+0000] {dag.py:3722} INFO - Setting next_dagrun for example_complex to None, run_after=None
[2023-11-28T20:19:43.445+0000] {processor.py:179} INFO - Processing /home/airflow/.local/lib/python3.8/site-packages/airflow/example_dags/example_complex.py took 0.150 seconds
[2023-11-28T20:20:14.040+0000] {processor.py:157} INFO - Started process (PID=1030) to work on /home/airflow/.local/lib/python3.8/site-packages/airflow/example_dags/example_complex.py
[2023-11-28T20:20:14.041+0000] {processor.py:829} INFO - Processing file /home/airflow/.local/lib/python3.8/site-packages/airflow/example_dags/example_complex.py for tasks to queue
[2023-11-28T20:20:14.046+0000] {logging_mixin.py:154} INFO - [2023-11-28T20:20:14.045+0000] {dagbag.py:536} INFO - Filling up the DagBag from /home/airflow/.local/lib/python3.8/site-packages/airflow/example_dags/example_complex.py
[2023-11-28T20:20:14.065+0000] {processor.py:839} INFO - DAG(s) dict_keys(['example_complex']) retrieved from /home/airflow/.local/lib/python3.8/site-packages/airflow/example_dags/example_complex.py
[2023-11-28T20:20:14.128+0000] {logging_mixin.py:154} INFO - [2023-11-28T20:20:14.127+0000] {dag.py:2941} INFO - Sync 1 DAGs
[2023-11-28T20:20:14.147+0000] {logging_mixin.py:154} INFO - [2023-11-28T20:20:14.147+0000] {dag.py:3722} INFO - Setting next_dagrun for example_complex to None, run_after=None
[2023-11-28T20:20:14.175+0000] {processor.py:179} INFO - Processing /home/airflow/.local/lib/python3.8/site-packages/airflow/example_dags/example_complex.py took 0.141 seconds
[2023-11-28T20:20:44.254+0000] {processor.py:157} INFO - Started process (PID=1085) to work on /home/airflow/.local/lib/python3.8/site-packages/airflow/example_dags/example_complex.py
[2023-11-28T20:20:44.256+0000] {processor.py:829} INFO - Processing file /home/airflow/.local/lib/python3.8/site-packages/airflow/example_dags/example_complex.py for tasks to queue
[2023-11-28T20:20:44.260+0000] {logging_mixin.py:154} INFO - [2023-11-28T20:20:44.259+0000] {dagbag.py:536} INFO - Filling up the DagBag from /home/airflow/.local/lib/python3.8/site-packages/airflow/example_dags/example_complex.py
[2023-11-28T20:20:44.278+0000] {processor.py:839} INFO - DAG(s) dict_keys(['example_complex']) retrieved from /home/airflow/.local/lib/python3.8/site-packages/airflow/example_dags/example_complex.py
[2023-11-28T20:20:44.331+0000] {logging_mixin.py:154} INFO - [2023-11-28T20:20:44.331+0000] {dag.py:2941} INFO - Sync 1 DAGs
[2023-11-28T20:20:44.546+0000] {logging_mixin.py:154} INFO - [2023-11-28T20:20:44.546+0000] {dag.py:3722} INFO - Setting next_dagrun for example_complex to None, run_after=None
[2023-11-28T20:20:44.581+0000] {processor.py:179} INFO - Processing /home/airflow/.local/lib/python3.8/site-packages/airflow/example_dags/example_complex.py took 0.333 seconds
[2023-11-28T20:21:14.885+0000] {processor.py:157} INFO - Started process (PID=1139) to work on /home/airflow/.local/lib/python3.8/site-packages/airflow/example_dags/example_complex.py
[2023-11-28T20:21:14.887+0000] {processor.py:829} INFO - Processing file /home/airflow/.local/lib/python3.8/site-packages/airflow/example_dags/example_complex.py for tasks to queue
[2023-11-28T20:21:14.891+0000] {logging_mixin.py:154} INFO - [2023-11-28T20:21:14.890+0000] {dagbag.py:536} INFO - Filling up the DagBag from /home/airflow/.local/lib/python3.8/site-packages/airflow/example_dags/example_complex.py
[2023-11-28T20:21:14.909+0000] {processor.py:839} INFO - DAG(s) dict_keys(['example_complex']) retrieved from /home/airflow/.local/lib/python3.8/site-packages/airflow/example_dags/example_complex.py
[2023-11-28T20:21:14.964+0000] {logging_mixin.py:154} INFO - [2023-11-28T20:21:14.963+0000] {dag.py:2941} INFO - Sync 1 DAGs
[2023-11-28T20:21:14.982+0000] {logging_mixin.py:154} INFO - [2023-11-28T20:21:14.981+0000] {dag.py:3722} INFO - Setting next_dagrun for example_complex to None, run_after=None
[2023-11-28T20:21:15.007+0000] {processor.py:179} INFO - Processing /home/airflow/.local/lib/python3.8/site-packages/airflow/example_dags/example_complex.py took 0.128 seconds
[2023-11-28T20:21:45.597+0000] {processor.py:157} INFO - Started process (PID=1193) to work on /home/airflow/.local/lib/python3.8/site-packages/airflow/example_dags/example_complex.py
[2023-11-28T20:21:45.600+0000] {processor.py:829} INFO - Processing file /home/airflow/.local/lib/python3.8/site-packages/airflow/example_dags/example_complex.py for tasks to queue
[2023-11-28T20:21:45.604+0000] {logging_mixin.py:154} INFO - [2023-11-28T20:21:45.603+0000] {dagbag.py:536} INFO - Filling up the DagBag from /home/airflow/.local/lib/python3.8/site-packages/airflow/example_dags/example_complex.py
[2023-11-28T20:21:45.630+0000] {processor.py:839} INFO - DAG(s) dict_keys(['example_complex']) retrieved from /home/airflow/.local/lib/python3.8/site-packages/airflow/example_dags/example_complex.py
[2023-11-28T20:21:45.677+0000] {logging_mixin.py:154} INFO - [2023-11-28T20:21:45.677+0000] {dag.py:2941} INFO - Sync 1 DAGs
[2023-11-28T20:21:45.697+0000] {logging_mixin.py:154} INFO - [2023-11-28T20:21:45.697+0000] {dag.py:3722} INFO - Setting next_dagrun for example_complex to None, run_after=None
[2023-11-28T20:21:45.725+0000] {processor.py:179} INFO - Processing /home/airflow/.local/lib/python3.8/site-packages/airflow/example_dags/example_complex.py took 0.133 seconds
[2023-11-28T20:22:15.789+0000] {processor.py:157} INFO - Started process (PID=1247) to work on /home/airflow/.local/lib/python3.8/site-packages/airflow/example_dags/example_complex.py
[2023-11-28T20:22:15.791+0000] {processor.py:829} INFO - Processing file /home/airflow/.local/lib/python3.8/site-packages/airflow/example_dags/example_complex.py for tasks to queue
[2023-11-28T20:22:15.795+0000] {logging_mixin.py:154} INFO - [2023-11-28T20:22:15.795+0000] {dagbag.py:536} INFO - Filling up the DagBag from /home/airflow/.local/lib/python3.8/site-packages/airflow/example_dags/example_complex.py
[2023-11-28T20:22:15.824+0000] {processor.py:839} INFO - DAG(s) dict_keys(['example_complex']) retrieved from /home/airflow/.local/lib/python3.8/site-packages/airflow/example_dags/example_complex.py
[2023-11-28T20:22:16.721+0000] {logging_mixin.py:154} INFO - [2023-11-28T20:22:16.720+0000] {dag.py:2941} INFO - Sync 1 DAGs
[2023-11-28T20:22:16.765+0000] {logging_mixin.py:154} INFO - [2023-11-28T20:22:16.765+0000] {dag.py:3722} INFO - Setting next_dagrun for example_complex to None, run_after=None
[2023-11-28T20:22:16.854+0000] {processor.py:179} INFO - Processing /home/airflow/.local/lib/python3.8/site-packages/airflow/example_dags/example_complex.py took 1.070 seconds
[2023-11-28T20:22:47.242+0000] {processor.py:157} INFO - Started process (PID=1301) to work on /home/airflow/.local/lib/python3.8/site-packages/airflow/example_dags/example_complex.py
[2023-11-28T20:22:47.248+0000] {processor.py:829} INFO - Processing file /home/airflow/.local/lib/python3.8/site-packages/airflow/example_dags/example_complex.py for tasks to queue
[2023-11-28T20:22:47.252+0000] {logging_mixin.py:154} INFO - [2023-11-28T20:22:47.252+0000] {dagbag.py:536} INFO - Filling up the DagBag from /home/airflow/.local/lib/python3.8/site-packages/airflow/example_dags/example_complex.py
[2023-11-28T20:22:47.270+0000] {processor.py:839} INFO - DAG(s) dict_keys(['example_complex']) retrieved from /home/airflow/.local/lib/python3.8/site-packages/airflow/example_dags/example_complex.py
[2023-11-28T20:22:47.318+0000] {logging_mixin.py:154} INFO - [2023-11-28T20:22:47.318+0000] {dag.py:2941} INFO - Sync 1 DAGs
[2023-11-28T20:22:47.540+0000] {logging_mixin.py:154} INFO - [2023-11-28T20:22:47.539+0000] {dag.py:3722} INFO - Setting next_dagrun for example_complex to None, run_after=None
[2023-11-28T20:22:47.568+0000] {processor.py:179} INFO - Processing /home/airflow/.local/lib/python3.8/site-packages/airflow/example_dags/example_complex.py took 0.332 seconds
[2023-11-28T21:07:50.846+0000] {processor.py:157} INFO - Started process (PID=48) to work on /home/airflow/.local/lib/python3.8/site-packages/airflow/example_dags/example_complex.py
[2023-11-28T21:07:50.860+0000] {processor.py:829} INFO - Processing file /home/airflow/.local/lib/python3.8/site-packages/airflow/example_dags/example_complex.py for tasks to queue
[2023-11-28T21:07:50.872+0000] {logging_mixin.py:154} INFO - [2023-11-28T21:07:50.871+0000] {dagbag.py:536} INFO - Filling up the DagBag from /home/airflow/.local/lib/python3.8/site-packages/airflow/example_dags/example_complex.py
[2023-11-28T21:07:50.936+0000] {processor.py:839} INFO - DAG(s) dict_keys(['example_complex']) retrieved from /home/airflow/.local/lib/python3.8/site-packages/airflow/example_dags/example_complex.py
[2023-11-28T21:07:51.248+0000] {logging_mixin.py:154} INFO - [2023-11-28T21:07:51.248+0000] {manager.py:499} INFO - Created Permission View: %s
[2023-11-28T21:07:51.265+0000] {logging_mixin.py:154} INFO - [2023-11-28T21:07:51.265+0000] {manager.py:499} INFO - Created Permission View: %s
[2023-11-28T21:07:51.280+0000] {logging_mixin.py:154} INFO - [2023-11-28T21:07:51.280+0000] {manager.py:499} INFO - Created Permission View: %s
[2023-11-28T21:07:51.281+0000] {logging_mixin.py:154} INFO - [2023-11-28T21:07:51.280+0000] {dag.py:2941} INFO - Sync 1 DAGs
[2023-11-28T21:07:51.313+0000] {logging_mixin.py:154} INFO - [2023-11-28T21:07:51.313+0000] {dag.py:2963} INFO - Creating ORM DAG for example_complex
[2023-11-28T21:07:51.320+0000] {logging_mixin.py:154} INFO - [2023-11-28T21:07:51.320+0000] {dag.py:3722} INFO - Setting next_dagrun for example_complex to None, run_after=None
[2023-11-28T21:07:51.372+0000] {processor.py:179} INFO - Processing /home/airflow/.local/lib/python3.8/site-packages/airflow/example_dags/example_complex.py took 0.547 seconds
[2023-11-28T21:08:22.938+0000] {processor.py:157} INFO - Started process (PID=102) to work on /home/airflow/.local/lib/python3.8/site-packages/airflow/example_dags/example_complex.py
[2023-11-28T21:08:22.940+0000] {processor.py:829} INFO - Processing file /home/airflow/.local/lib/python3.8/site-packages/airflow/example_dags/example_complex.py for tasks to queue
[2023-11-28T21:08:22.945+0000] {logging_mixin.py:154} INFO - [2023-11-28T21:08:22.944+0000] {dagbag.py:536} INFO - Filling up the DagBag from /home/airflow/.local/lib/python3.8/site-packages/airflow/example_dags/example_complex.py
[2023-11-28T21:08:22.986+0000] {processor.py:839} INFO - DAG(s) dict_keys(['example_complex']) retrieved from /home/airflow/.local/lib/python3.8/site-packages/airflow/example_dags/example_complex.py
[2023-11-28T21:08:23.141+0000] {logging_mixin.py:154} INFO - [2023-11-28T21:08:23.140+0000] {dag.py:2941} INFO - Sync 1 DAGs
[2023-11-28T21:08:23.191+0000] {logging_mixin.py:154} INFO - [2023-11-28T21:08:23.190+0000] {dag.py:3722} INFO - Setting next_dagrun for example_complex to None, run_after=None
[2023-11-28T21:08:23.254+0000] {processor.py:179} INFO - Processing /home/airflow/.local/lib/python3.8/site-packages/airflow/example_dags/example_complex.py took 0.332 seconds
[2023-11-28T21:08:54.187+0000] {processor.py:157} INFO - Started process (PID=156) to work on /home/airflow/.local/lib/python3.8/site-packages/airflow/example_dags/example_complex.py
[2023-11-28T21:08:54.212+0000] {processor.py:829} INFO - Processing file /home/airflow/.local/lib/python3.8/site-packages/airflow/example_dags/example_complex.py for tasks to queue
[2023-11-28T21:08:54.229+0000] {logging_mixin.py:154} INFO - [2023-11-28T21:08:54.229+0000] {dagbag.py:536} INFO - Filling up the DagBag from /home/airflow/.local/lib/python3.8/site-packages/airflow/example_dags/example_complex.py
[2023-11-28T21:08:54.264+0000] {processor.py:839} INFO - DAG(s) dict_keys(['example_complex']) retrieved from /home/airflow/.local/lib/python3.8/site-packages/airflow/example_dags/example_complex.py
[2023-11-28T21:08:54.404+0000] {logging_mixin.py:154} INFO - [2023-11-28T21:08:54.403+0000] {dag.py:2941} INFO - Sync 1 DAGs
[2023-11-28T21:08:54.447+0000] {logging_mixin.py:154} INFO - [2023-11-28T21:08:54.447+0000] {dag.py:3722} INFO - Setting next_dagrun for example_complex to None, run_after=None
[2023-11-28T21:08:54.582+0000] {processor.py:179} INFO - Processing /home/airflow/.local/lib/python3.8/site-packages/airflow/example_dags/example_complex.py took 0.435 seconds
[2023-11-28T21:09:24.828+0000] {processor.py:157} INFO - Started process (PID=210) to work on /home/airflow/.local/lib/python3.8/site-packages/airflow/example_dags/example_complex.py
[2023-11-28T21:09:24.829+0000] {processor.py:829} INFO - Processing file /home/airflow/.local/lib/python3.8/site-packages/airflow/example_dags/example_complex.py for tasks to queue
[2023-11-28T21:09:24.833+0000] {logging_mixin.py:154} INFO - [2023-11-28T21:09:24.832+0000] {dagbag.py:536} INFO - Filling up the DagBag from /home/airflow/.local/lib/python3.8/site-packages/airflow/example_dags/example_complex.py
[2023-11-28T21:09:24.850+0000] {processor.py:839} INFO - DAG(s) dict_keys(['example_complex']) retrieved from /home/airflow/.local/lib/python3.8/site-packages/airflow/example_dags/example_complex.py
[2023-11-28T21:09:24.904+0000] {logging_mixin.py:154} INFO - [2023-11-28T21:09:24.904+0000] {dag.py:2941} INFO - Sync 1 DAGs
[2023-11-28T21:09:24.925+0000] {logging_mixin.py:154} INFO - [2023-11-28T21:09:24.924+0000] {dag.py:3722} INFO - Setting next_dagrun for example_complex to None, run_after=None
[2023-11-28T21:09:24.958+0000] {processor.py:179} INFO - Processing /home/airflow/.local/lib/python3.8/site-packages/airflow/example_dags/example_complex.py took 0.136 seconds
[2023-11-28T21:09:55.145+0000] {processor.py:157} INFO - Started process (PID=265) to work on /home/airflow/.local/lib/python3.8/site-packages/airflow/example_dags/example_complex.py
[2023-11-28T21:09:55.150+0000] {processor.py:829} INFO - Processing file /home/airflow/.local/lib/python3.8/site-packages/airflow/example_dags/example_complex.py for tasks to queue
[2023-11-28T21:09:55.155+0000] {logging_mixin.py:154} INFO - [2023-11-28T21:09:55.155+0000] {dagbag.py:536} INFO - Filling up the DagBag from /home/airflow/.local/lib/python3.8/site-packages/airflow/example_dags/example_complex.py
[2023-11-28T21:09:55.182+0000] {processor.py:839} INFO - DAG(s) dict_keys(['example_complex']) retrieved from /home/airflow/.local/lib/python3.8/site-packages/airflow/example_dags/example_complex.py
[2023-11-28T21:09:55.251+0000] {logging_mixin.py:154} INFO - [2023-11-28T21:09:55.250+0000] {dag.py:2941} INFO - Sync 1 DAGs
[2023-11-28T21:09:55.276+0000] {logging_mixin.py:154} INFO - [2023-11-28T21:09:55.275+0000] {dag.py:3722} INFO - Setting next_dagrun for example_complex to None, run_after=None
[2023-11-28T21:09:55.324+0000] {processor.py:179} INFO - Processing /home/airflow/.local/lib/python3.8/site-packages/airflow/example_dags/example_complex.py took 0.186 seconds
[2023-11-28T21:10:25.503+0000] {processor.py:157} INFO - Started process (PID=319) to work on /home/airflow/.local/lib/python3.8/site-packages/airflow/example_dags/example_complex.py
[2023-11-28T21:10:25.505+0000] {processor.py:829} INFO - Processing file /home/airflow/.local/lib/python3.8/site-packages/airflow/example_dags/example_complex.py for tasks to queue
[2023-11-28T21:10:25.509+0000] {logging_mixin.py:154} INFO - [2023-11-28T21:10:25.509+0000] {dagbag.py:536} INFO - Filling up the DagBag from /home/airflow/.local/lib/python3.8/site-packages/airflow/example_dags/example_complex.py
[2023-11-28T21:10:25.526+0000] {processor.py:839} INFO - DAG(s) dict_keys(['example_complex']) retrieved from /home/airflow/.local/lib/python3.8/site-packages/airflow/example_dags/example_complex.py
[2023-11-28T21:10:25.578+0000] {logging_mixin.py:154} INFO - [2023-11-28T21:10:25.577+0000] {dag.py:2941} INFO - Sync 1 DAGs
[2023-11-28T21:10:25.597+0000] {logging_mixin.py:154} INFO - [2023-11-28T21:10:25.597+0000] {dag.py:3722} INFO - Setting next_dagrun for example_complex to None, run_after=None
[2023-11-28T21:10:25.631+0000] {processor.py:179} INFO - Processing /home/airflow/.local/lib/python3.8/site-packages/airflow/example_dags/example_complex.py took 0.134 seconds
[2023-11-28T21:10:55.843+0000] {processor.py:157} INFO - Started process (PID=373) to work on /home/airflow/.local/lib/python3.8/site-packages/airflow/example_dags/example_complex.py
[2023-11-28T21:10:55.844+0000] {processor.py:829} INFO - Processing file /home/airflow/.local/lib/python3.8/site-packages/airflow/example_dags/example_complex.py for tasks to queue
[2023-11-28T21:10:55.848+0000] {logging_mixin.py:154} INFO - [2023-11-28T21:10:55.848+0000] {dagbag.py:536} INFO - Filling up the DagBag from /home/airflow/.local/lib/python3.8/site-packages/airflow/example_dags/example_complex.py
[2023-11-28T21:10:55.866+0000] {processor.py:839} INFO - DAG(s) dict_keys(['example_complex']) retrieved from /home/airflow/.local/lib/python3.8/site-packages/airflow/example_dags/example_complex.py
[2023-11-28T21:10:55.921+0000] {logging_mixin.py:154} INFO - [2023-11-28T21:10:55.921+0000] {dag.py:2941} INFO - Sync 1 DAGs
[2023-11-28T21:10:55.939+0000] {logging_mixin.py:154} INFO - [2023-11-28T21:10:55.939+0000] {dag.py:3722} INFO - Setting next_dagrun for example_complex to None, run_after=None
[2023-11-28T21:10:55.971+0000] {processor.py:179} INFO - Processing /home/airflow/.local/lib/python3.8/site-packages/airflow/example_dags/example_complex.py took 0.134 seconds
[2023-11-28T21:11:26.347+0000] {processor.py:157} INFO - Started process (PID=427) to work on /home/airflow/.local/lib/python3.8/site-packages/airflow/example_dags/example_complex.py
[2023-11-28T21:11:26.349+0000] {processor.py:829} INFO - Processing file /home/airflow/.local/lib/python3.8/site-packages/airflow/example_dags/example_complex.py for tasks to queue
[2023-11-28T21:11:26.353+0000] {logging_mixin.py:154} INFO - [2023-11-28T21:11:26.352+0000] {dagbag.py:536} INFO - Filling up the DagBag from /home/airflow/.local/lib/python3.8/site-packages/airflow/example_dags/example_complex.py
[2023-11-28T21:11:26.372+0000] {processor.py:839} INFO - DAG(s) dict_keys(['example_complex']) retrieved from /home/airflow/.local/lib/python3.8/site-packages/airflow/example_dags/example_complex.py
[2023-11-28T21:11:26.425+0000] {logging_mixin.py:154} INFO - [2023-11-28T21:11:26.424+0000] {dag.py:2941} INFO - Sync 1 DAGs
[2023-11-28T21:11:26.444+0000] {logging_mixin.py:154} INFO - [2023-11-28T21:11:26.444+0000] {dag.py:3722} INFO - Setting next_dagrun for example_complex to None, run_after=None
[2023-11-28T21:11:26.476+0000] {processor.py:179} INFO - Processing /home/airflow/.local/lib/python3.8/site-packages/airflow/example_dags/example_complex.py took 0.134 seconds
[2023-11-28T21:11:56.832+0000] {processor.py:157} INFO - Started process (PID=481) to work on /home/airflow/.local/lib/python3.8/site-packages/airflow/example_dags/example_complex.py
[2023-11-28T21:11:56.835+0000] {processor.py:829} INFO - Processing file /home/airflow/.local/lib/python3.8/site-packages/airflow/example_dags/example_complex.py for tasks to queue
[2023-11-28T21:11:56.839+0000] {logging_mixin.py:154} INFO - [2023-11-28T21:11:56.839+0000] {dagbag.py:536} INFO - Filling up the DagBag from /home/airflow/.local/lib/python3.8/site-packages/airflow/example_dags/example_complex.py
[2023-11-28T21:11:56.856+0000] {processor.py:839} INFO - DAG(s) dict_keys(['example_complex']) retrieved from /home/airflow/.local/lib/python3.8/site-packages/airflow/example_dags/example_complex.py
[2023-11-28T21:11:56.912+0000] {logging_mixin.py:154} INFO - [2023-11-28T21:11:56.912+0000] {dag.py:2941} INFO - Sync 1 DAGs
[2023-11-28T21:11:56.931+0000] {logging_mixin.py:154} INFO - [2023-11-28T21:11:56.930+0000] {dag.py:3722} INFO - Setting next_dagrun for example_complex to None, run_after=None
[2023-11-28T21:11:56.964+0000] {processor.py:179} INFO - Processing /home/airflow/.local/lib/python3.8/site-packages/airflow/example_dags/example_complex.py took 0.138 seconds
[2023-11-28T21:12:27.151+0000] {processor.py:157} INFO - Started process (PID=535) to work on /home/airflow/.local/lib/python3.8/site-packages/airflow/example_dags/example_complex.py
[2023-11-28T21:12:27.153+0000] {processor.py:829} INFO - Processing file /home/airflow/.local/lib/python3.8/site-packages/airflow/example_dags/example_complex.py for tasks to queue
[2023-11-28T21:12:27.156+0000] {logging_mixin.py:154} INFO - [2023-11-28T21:12:27.156+0000] {dagbag.py:536} INFO - Filling up the DagBag from /home/airflow/.local/lib/python3.8/site-packages/airflow/example_dags/example_complex.py
[2023-11-28T21:12:27.174+0000] {processor.py:839} INFO - DAG(s) dict_keys(['example_complex']) retrieved from /home/airflow/.local/lib/python3.8/site-packages/airflow/example_dags/example_complex.py
[2023-11-28T21:12:27.227+0000] {logging_mixin.py:154} INFO - [2023-11-28T21:12:27.227+0000] {dag.py:2941} INFO - Sync 1 DAGs
[2023-11-28T21:12:27.251+0000] {logging_mixin.py:154} INFO - [2023-11-28T21:12:27.250+0000] {dag.py:3722} INFO - Setting next_dagrun for example_complex to None, run_after=None
[2023-11-28T21:12:27.280+0000] {processor.py:179} INFO - Processing /home/airflow/.local/lib/python3.8/site-packages/airflow/example_dags/example_complex.py took 0.136 seconds
[2023-11-28T21:12:57.735+0000] {processor.py:157} INFO - Started process (PID=590) to work on /home/airflow/.local/lib/python3.8/site-packages/airflow/example_dags/example_complex.py
[2023-11-28T21:12:57.737+0000] {processor.py:829} INFO - Processing file /home/airflow/.local/lib/python3.8/site-packages/airflow/example_dags/example_complex.py for tasks to queue
[2023-11-28T21:12:57.742+0000] {logging_mixin.py:154} INFO - [2023-11-28T21:12:57.741+0000] {dagbag.py:536} INFO - Filling up the DagBag from /home/airflow/.local/lib/python3.8/site-packages/airflow/example_dags/example_complex.py
[2023-11-28T21:12:57.763+0000] {processor.py:839} INFO - DAG(s) dict_keys(['example_complex']) retrieved from /home/airflow/.local/lib/python3.8/site-packages/airflow/example_dags/example_complex.py
[2023-11-28T21:12:57.820+0000] {logging_mixin.py:154} INFO - [2023-11-28T21:12:57.820+0000] {dag.py:2941} INFO - Sync 1 DAGs
[2023-11-28T21:12:57.841+0000] {logging_mixin.py:154} INFO - [2023-11-28T21:12:57.841+0000] {dag.py:3722} INFO - Setting next_dagrun for example_complex to None, run_after=None
[2023-11-28T21:12:57.882+0000] {processor.py:179} INFO - Processing /home/airflow/.local/lib/python3.8/site-packages/airflow/example_dags/example_complex.py took 0.153 seconds
[2023-11-28T21:13:28.363+0000] {processor.py:157} INFO - Started process (PID=645) to work on /home/airflow/.local/lib/python3.8/site-packages/airflow/example_dags/example_complex.py
[2023-11-28T21:13:28.366+0000] {processor.py:829} INFO - Processing file /home/airflow/.local/lib/python3.8/site-packages/airflow/example_dags/example_complex.py for tasks to queue
[2023-11-28T21:13:28.371+0000] {logging_mixin.py:154} INFO - [2023-11-28T21:13:28.371+0000] {dagbag.py:536} INFO - Filling up the DagBag from /home/airflow/.local/lib/python3.8/site-packages/airflow/example_dags/example_complex.py
[2023-11-28T21:13:28.391+0000] {processor.py:839} INFO - DAG(s) dict_keys(['example_complex']) retrieved from /home/airflow/.local/lib/python3.8/site-packages/airflow/example_dags/example_complex.py
[2023-11-28T21:13:28.451+0000] {logging_mixin.py:154} INFO - [2023-11-28T21:13:28.450+0000] {dag.py:2941} INFO - Sync 1 DAGs
[2023-11-28T21:13:28.471+0000] {logging_mixin.py:154} INFO - [2023-11-28T21:13:28.471+0000] {dag.py:3722} INFO - Setting next_dagrun for example_complex to None, run_after=None
[2023-11-28T21:13:28.506+0000] {processor.py:179} INFO - Processing /home/airflow/.local/lib/python3.8/site-packages/airflow/example_dags/example_complex.py took 0.149 seconds
[2023-11-28T21:13:59.304+0000] {processor.py:157} INFO - Started process (PID=699) to work on /home/airflow/.local/lib/python3.8/site-packages/airflow/example_dags/example_complex.py
[2023-11-28T21:13:59.306+0000] {processor.py:829} INFO - Processing file /home/airflow/.local/lib/python3.8/site-packages/airflow/example_dags/example_complex.py for tasks to queue
[2023-11-28T21:13:59.311+0000] {logging_mixin.py:154} INFO - [2023-11-28T21:13:59.311+0000] {dagbag.py:536} INFO - Filling up the DagBag from /home/airflow/.local/lib/python3.8/site-packages/airflow/example_dags/example_complex.py
[2023-11-28T21:13:59.332+0000] {processor.py:839} INFO - DAG(s) dict_keys(['example_complex']) retrieved from /home/airflow/.local/lib/python3.8/site-packages/airflow/example_dags/example_complex.py
[2023-11-28T21:13:59.392+0000] {logging_mixin.py:154} INFO - [2023-11-28T21:13:59.391+0000] {dag.py:2941} INFO - Sync 1 DAGs
[2023-11-28T21:13:59.413+0000] {logging_mixin.py:154} INFO - [2023-11-28T21:13:59.413+0000] {dag.py:3722} INFO - Setting next_dagrun for example_complex to None, run_after=None
[2023-11-28T21:13:59.445+0000] {processor.py:179} INFO - Processing /home/airflow/.local/lib/python3.8/site-packages/airflow/example_dags/example_complex.py took 0.146 seconds
[2023-11-28T21:14:29.580+0000] {processor.py:157} INFO - Started process (PID=754) to work on /home/airflow/.local/lib/python3.8/site-packages/airflow/example_dags/example_complex.py
[2023-11-28T21:14:29.583+0000] {processor.py:829} INFO - Processing file /home/airflow/.local/lib/python3.8/site-packages/airflow/example_dags/example_complex.py for tasks to queue
[2023-11-28T21:14:29.590+0000] {logging_mixin.py:154} INFO - [2023-11-28T21:14:29.590+0000] {dagbag.py:536} INFO - Filling up the DagBag from /home/airflow/.local/lib/python3.8/site-packages/airflow/example_dags/example_complex.py
[2023-11-28T21:14:29.617+0000] {processor.py:839} INFO - DAG(s) dict_keys(['example_complex']) retrieved from /home/airflow/.local/lib/python3.8/site-packages/airflow/example_dags/example_complex.py
[2023-11-28T21:14:29.678+0000] {logging_mixin.py:154} INFO - [2023-11-28T21:14:29.677+0000] {dag.py:2941} INFO - Sync 1 DAGs
[2023-11-28T21:14:29.700+0000] {logging_mixin.py:154} INFO - [2023-11-28T21:14:29.699+0000] {dag.py:3722} INFO - Setting next_dagrun for example_complex to None, run_after=None
[2023-11-28T21:14:29.764+0000] {processor.py:179} INFO - Processing /home/airflow/.local/lib/python3.8/site-packages/airflow/example_dags/example_complex.py took 0.189 seconds
[2023-11-28T21:15:00.210+0000] {processor.py:157} INFO - Started process (PID=808) to work on /home/airflow/.local/lib/python3.8/site-packages/airflow/example_dags/example_complex.py
[2023-11-28T21:15:00.211+0000] {processor.py:829} INFO - Processing file /home/airflow/.local/lib/python3.8/site-packages/airflow/example_dags/example_complex.py for tasks to queue
[2023-11-28T21:15:00.218+0000] {logging_mixin.py:154} INFO - [2023-11-28T21:15:00.218+0000] {dagbag.py:536} INFO - Filling up the DagBag from /home/airflow/.local/lib/python3.8/site-packages/airflow/example_dags/example_complex.py
[2023-11-28T21:15:00.237+0000] {processor.py:839} INFO - DAG(s) dict_keys(['example_complex']) retrieved from /home/airflow/.local/lib/python3.8/site-packages/airflow/example_dags/example_complex.py
[2023-11-28T21:15:00.319+0000] {logging_mixin.py:154} INFO - [2023-11-28T21:15:00.319+0000] {dag.py:2941} INFO - Sync 1 DAGs
[2023-11-28T21:15:00.343+0000] {logging_mixin.py:154} INFO - [2023-11-28T21:15:00.342+0000] {dag.py:3722} INFO - Setting next_dagrun for example_complex to None, run_after=None
[2023-11-28T21:15:00.377+0000] {processor.py:179} INFO - Processing /home/airflow/.local/lib/python3.8/site-packages/airflow/example_dags/example_complex.py took 0.174 seconds
[2023-11-28T21:15:31.161+0000] {processor.py:157} INFO - Started process (PID=860) to work on /home/airflow/.local/lib/python3.8/site-packages/airflow/example_dags/example_complex.py
[2023-11-28T21:15:31.164+0000] {processor.py:829} INFO - Processing file /home/airflow/.local/lib/python3.8/site-packages/airflow/example_dags/example_complex.py for tasks to queue
[2023-11-28T21:15:31.170+0000] {logging_mixin.py:154} INFO - [2023-11-28T21:15:31.170+0000] {dagbag.py:536} INFO - Filling up the DagBag from /home/airflow/.local/lib/python3.8/site-packages/airflow/example_dags/example_complex.py
[2023-11-28T21:15:31.190+0000] {processor.py:839} INFO - DAG(s) dict_keys(['example_complex']) retrieved from /home/airflow/.local/lib/python3.8/site-packages/airflow/example_dags/example_complex.py
[2023-11-28T21:15:31.241+0000] {logging_mixin.py:154} INFO - [2023-11-28T21:15:31.241+0000] {dag.py:2941} INFO - Sync 1 DAGs
[2023-11-28T21:15:31.261+0000] {logging_mixin.py:154} INFO - [2023-11-28T21:15:31.261+0000] {dag.py:3722} INFO - Setting next_dagrun for example_complex to None, run_after=None
[2023-11-28T21:15:31.293+0000] {processor.py:179} INFO - Processing /home/airflow/.local/lib/python3.8/site-packages/airflow/example_dags/example_complex.py took 0.143 seconds
[2023-11-28T21:16:01.746+0000] {processor.py:157} INFO - Started process (PID=915) to work on /home/airflow/.local/lib/python3.8/site-packages/airflow/example_dags/example_complex.py
[2023-11-28T21:16:01.748+0000] {processor.py:829} INFO - Processing file /home/airflow/.local/lib/python3.8/site-packages/airflow/example_dags/example_complex.py for tasks to queue
[2023-11-28T21:16:01.752+0000] {logging_mixin.py:154} INFO - [2023-11-28T21:16:01.752+0000] {dagbag.py:536} INFO - Filling up the DagBag from /home/airflow/.local/lib/python3.8/site-packages/airflow/example_dags/example_complex.py
[2023-11-28T21:16:01.770+0000] {processor.py:839} INFO - DAG(s) dict_keys(['example_complex']) retrieved from /home/airflow/.local/lib/python3.8/site-packages/airflow/example_dags/example_complex.py
[2023-11-28T21:16:01.831+0000] {logging_mixin.py:154} INFO - [2023-11-28T21:16:01.831+0000] {dag.py:2941} INFO - Sync 1 DAGs
[2023-11-28T21:16:01.852+0000] {logging_mixin.py:154} INFO - [2023-11-28T21:16:01.852+0000] {dag.py:3722} INFO - Setting next_dagrun for example_complex to None, run_after=None
[2023-11-28T21:16:01.884+0000] {processor.py:179} INFO - Processing /home/airflow/.local/lib/python3.8/site-packages/airflow/example_dags/example_complex.py took 0.143 seconds
[2023-11-28T21:16:32.455+0000] {processor.py:157} INFO - Started process (PID=970) to work on /home/airflow/.local/lib/python3.8/site-packages/airflow/example_dags/example_complex.py
[2023-11-28T21:16:32.458+0000] {processor.py:829} INFO - Processing file /home/airflow/.local/lib/python3.8/site-packages/airflow/example_dags/example_complex.py for tasks to queue
[2023-11-28T21:16:32.462+0000] {logging_mixin.py:154} INFO - [2023-11-28T21:16:32.461+0000] {dagbag.py:536} INFO - Filling up the DagBag from /home/airflow/.local/lib/python3.8/site-packages/airflow/example_dags/example_complex.py
[2023-11-28T21:16:32.481+0000] {processor.py:839} INFO - DAG(s) dict_keys(['example_complex']) retrieved from /home/airflow/.local/lib/python3.8/site-packages/airflow/example_dags/example_complex.py
[2023-11-28T21:16:32.537+0000] {logging_mixin.py:154} INFO - [2023-11-28T21:16:32.536+0000] {dag.py:2941} INFO - Sync 1 DAGs
[2023-11-28T21:16:32.558+0000] {logging_mixin.py:154} INFO - [2023-11-28T21:16:32.558+0000] {dag.py:3722} INFO - Setting next_dagrun for example_complex to None, run_after=None
[2023-11-28T21:16:32.591+0000] {processor.py:179} INFO - Processing /home/airflow/.local/lib/python3.8/site-packages/airflow/example_dags/example_complex.py took 0.142 seconds
[2023-11-28T21:17:03.394+0000] {processor.py:157} INFO - Started process (PID=1025) to work on /home/airflow/.local/lib/python3.8/site-packages/airflow/example_dags/example_complex.py
[2023-11-28T21:17:03.396+0000] {processor.py:829} INFO - Processing file /home/airflow/.local/lib/python3.8/site-packages/airflow/example_dags/example_complex.py for tasks to queue
[2023-11-28T21:17:03.401+0000] {logging_mixin.py:154} INFO - [2023-11-28T21:17:03.400+0000] {dagbag.py:536} INFO - Filling up the DagBag from /home/airflow/.local/lib/python3.8/site-packages/airflow/example_dags/example_complex.py
[2023-11-28T21:17:03.422+0000] {processor.py:839} INFO - DAG(s) dict_keys(['example_complex']) retrieved from /home/airflow/.local/lib/python3.8/site-packages/airflow/example_dags/example_complex.py
[2023-11-28T21:17:03.526+0000] {logging_mixin.py:154} INFO - [2023-11-28T21:17:03.525+0000] {dag.py:2941} INFO - Sync 1 DAGs
[2023-11-28T21:17:03.549+0000] {logging_mixin.py:154} INFO - [2023-11-28T21:17:03.549+0000] {dag.py:3722} INFO - Setting next_dagrun for example_complex to None, run_after=None
[2023-11-28T21:17:03.588+0000] {processor.py:179} INFO - Processing /home/airflow/.local/lib/python3.8/site-packages/airflow/example_dags/example_complex.py took 0.200 seconds
[2023-11-28T21:17:34.136+0000] {processor.py:157} INFO - Started process (PID=1079) to work on /home/airflow/.local/lib/python3.8/site-packages/airflow/example_dags/example_complex.py
[2023-11-28T21:17:34.138+0000] {processor.py:829} INFO - Processing file /home/airflow/.local/lib/python3.8/site-packages/airflow/example_dags/example_complex.py for tasks to queue
[2023-11-28T21:17:34.142+0000] {logging_mixin.py:154} INFO - [2023-11-28T21:17:34.141+0000] {dagbag.py:536} INFO - Filling up the DagBag from /home/airflow/.local/lib/python3.8/site-packages/airflow/example_dags/example_complex.py
[2023-11-28T21:17:34.159+0000] {processor.py:839} INFO - DAG(s) dict_keys(['example_complex']) retrieved from /home/airflow/.local/lib/python3.8/site-packages/airflow/example_dags/example_complex.py
[2023-11-28T21:17:34.212+0000] {logging_mixin.py:154} INFO - [2023-11-28T21:17:34.211+0000] {dag.py:2941} INFO - Sync 1 DAGs
[2023-11-28T21:17:34.229+0000] {logging_mixin.py:154} INFO - [2023-11-28T21:17:34.229+0000] {dag.py:3722} INFO - Setting next_dagrun for example_complex to None, run_after=None
[2023-11-28T21:17:34.257+0000] {processor.py:179} INFO - Processing /home/airflow/.local/lib/python3.8/site-packages/airflow/example_dags/example_complex.py took 0.126 seconds
[2023-11-28T21:18:04.509+0000] {processor.py:157} INFO - Started process (PID=1133) to work on /home/airflow/.local/lib/python3.8/site-packages/airflow/example_dags/example_complex.py
[2023-11-28T21:18:04.513+0000] {processor.py:829} INFO - Processing file /home/airflow/.local/lib/python3.8/site-packages/airflow/example_dags/example_complex.py for tasks to queue
[2023-11-28T21:18:04.516+0000] {logging_mixin.py:154} INFO - [2023-11-28T21:18:04.516+0000] {dagbag.py:536} INFO - Filling up the DagBag from /home/airflow/.local/lib/python3.8/site-packages/airflow/example_dags/example_complex.py
[2023-11-28T21:18:04.538+0000] {processor.py:839} INFO - DAG(s) dict_keys(['example_complex']) retrieved from /home/airflow/.local/lib/python3.8/site-packages/airflow/example_dags/example_complex.py
[2023-11-28T21:18:04.608+0000] {logging_mixin.py:154} INFO - [2023-11-28T21:18:04.607+0000] {dag.py:2941} INFO - Sync 1 DAGs
[2023-11-28T21:18:04.629+0000] {logging_mixin.py:154} INFO - [2023-11-28T21:18:04.628+0000] {dag.py:3722} INFO - Setting next_dagrun for example_complex to None, run_after=None
[2023-11-28T21:18:04.661+0000] {processor.py:179} INFO - Processing /home/airflow/.local/lib/python3.8/site-packages/airflow/example_dags/example_complex.py took 0.159 seconds
[2023-11-28T21:18:35.510+0000] {processor.py:157} INFO - Started process (PID=1194) to work on /home/airflow/.local/lib/python3.8/site-packages/airflow/example_dags/example_complex.py
[2023-11-28T21:18:35.513+0000] {processor.py:829} INFO - Processing file /home/airflow/.local/lib/python3.8/site-packages/airflow/example_dags/example_complex.py for tasks to queue
[2023-11-28T21:18:35.516+0000] {logging_mixin.py:154} INFO - [2023-11-28T21:18:35.516+0000] {dagbag.py:536} INFO - Filling up the DagBag from /home/airflow/.local/lib/python3.8/site-packages/airflow/example_dags/example_complex.py
[2023-11-28T21:18:35.534+0000] {processor.py:839} INFO - DAG(s) dict_keys(['example_complex']) retrieved from /home/airflow/.local/lib/python3.8/site-packages/airflow/example_dags/example_complex.py
[2023-11-28T21:18:35.591+0000] {logging_mixin.py:154} INFO - [2023-11-28T21:18:35.591+0000] {dag.py:2941} INFO - Sync 1 DAGs
[2023-11-28T21:18:35.612+0000] {logging_mixin.py:154} INFO - [2023-11-28T21:18:35.611+0000] {dag.py:3722} INFO - Setting next_dagrun for example_complex to None, run_after=None
[2023-11-28T21:18:35.648+0000] {processor.py:179} INFO - Processing /home/airflow/.local/lib/python3.8/site-packages/airflow/example_dags/example_complex.py took 0.143 seconds
[2023-11-28T21:19:05.816+0000] {processor.py:157} INFO - Started process (PID=1248) to work on /home/airflow/.local/lib/python3.8/site-packages/airflow/example_dags/example_complex.py
[2023-11-28T21:19:05.818+0000] {processor.py:829} INFO - Processing file /home/airflow/.local/lib/python3.8/site-packages/airflow/example_dags/example_complex.py for tasks to queue
[2023-11-28T21:19:05.822+0000] {logging_mixin.py:154} INFO - [2023-11-28T21:19:05.822+0000] {dagbag.py:536} INFO - Filling up the DagBag from /home/airflow/.local/lib/python3.8/site-packages/airflow/example_dags/example_complex.py
[2023-11-28T21:19:05.841+0000] {processor.py:839} INFO - DAG(s) dict_keys(['example_complex']) retrieved from /home/airflow/.local/lib/python3.8/site-packages/airflow/example_dags/example_complex.py
[2023-11-28T21:19:05.897+0000] {logging_mixin.py:154} INFO - [2023-11-28T21:19:05.897+0000] {dag.py:2941} INFO - Sync 1 DAGs
[2023-11-28T21:19:05.916+0000] {logging_mixin.py:154} INFO - [2023-11-28T21:19:05.916+0000] {dag.py:3722} INFO - Setting next_dagrun for example_complex to None, run_after=None
[2023-11-28T21:19:05.949+0000] {processor.py:179} INFO - Processing /home/airflow/.local/lib/python3.8/site-packages/airflow/example_dags/example_complex.py took 0.138 seconds
[2023-11-28T21:19:36.083+0000] {processor.py:157} INFO - Started process (PID=1302) to work on /home/airflow/.local/lib/python3.8/site-packages/airflow/example_dags/example_complex.py
[2023-11-28T21:19:36.085+0000] {processor.py:829} INFO - Processing file /home/airflow/.local/lib/python3.8/site-packages/airflow/example_dags/example_complex.py for tasks to queue
[2023-11-28T21:19:36.090+0000] {logging_mixin.py:154} INFO - [2023-11-28T21:19:36.090+0000] {dagbag.py:536} INFO - Filling up the DagBag from /home/airflow/.local/lib/python3.8/site-packages/airflow/example_dags/example_complex.py
[2023-11-28T21:19:36.121+0000] {processor.py:839} INFO - DAG(s) dict_keys(['example_complex']) retrieved from /home/airflow/.local/lib/python3.8/site-packages/airflow/example_dags/example_complex.py
[2023-11-28T21:19:36.180+0000] {logging_mixin.py:154} INFO - [2023-11-28T21:19:36.180+0000] {dag.py:2941} INFO - Sync 1 DAGs
[2023-11-28T21:19:36.202+0000] {logging_mixin.py:154} INFO - [2023-11-28T21:19:36.202+0000] {dag.py:3722} INFO - Setting next_dagrun for example_complex to None, run_after=None
[2023-11-28T21:19:36.238+0000] {processor.py:179} INFO - Processing /home/airflow/.local/lib/python3.8/site-packages/airflow/example_dags/example_complex.py took 0.161 seconds
[2023-11-28T21:20:06.786+0000] {processor.py:157} INFO - Started process (PID=1357) to work on /home/airflow/.local/lib/python3.8/site-packages/airflow/example_dags/example_complex.py
[2023-11-28T21:20:06.788+0000] {processor.py:829} INFO - Processing file /home/airflow/.local/lib/python3.8/site-packages/airflow/example_dags/example_complex.py for tasks to queue
[2023-11-28T21:20:06.791+0000] {logging_mixin.py:154} INFO - [2023-11-28T21:20:06.791+0000] {dagbag.py:536} INFO - Filling up the DagBag from /home/airflow/.local/lib/python3.8/site-packages/airflow/example_dags/example_complex.py
[2023-11-28T21:20:06.814+0000] {processor.py:839} INFO - DAG(s) dict_keys(['example_complex']) retrieved from /home/airflow/.local/lib/python3.8/site-packages/airflow/example_dags/example_complex.py
[2023-11-28T21:20:06.871+0000] {logging_mixin.py:154} INFO - [2023-11-28T21:20:06.871+0000] {dag.py:2941} INFO - Sync 1 DAGs
[2023-11-28T21:20:06.891+0000] {logging_mixin.py:154} INFO - [2023-11-28T21:20:06.891+0000] {dag.py:3722} INFO - Setting next_dagrun for example_complex to None, run_after=None
[2023-11-28T21:20:06.923+0000] {processor.py:179} INFO - Processing /home/airflow/.local/lib/python3.8/site-packages/airflow/example_dags/example_complex.py took 0.142 seconds
[2023-11-28T21:20:37.824+0000] {processor.py:157} INFO - Started process (PID=1411) to work on /home/airflow/.local/lib/python3.8/site-packages/airflow/example_dags/example_complex.py
[2023-11-28T21:20:37.826+0000] {processor.py:829} INFO - Processing file /home/airflow/.local/lib/python3.8/site-packages/airflow/example_dags/example_complex.py for tasks to queue
[2023-11-28T21:20:37.830+0000] {logging_mixin.py:154} INFO - [2023-11-28T21:20:37.830+0000] {dagbag.py:536} INFO - Filling up the DagBag from /home/airflow/.local/lib/python3.8/site-packages/airflow/example_dags/example_complex.py
[2023-11-28T21:20:37.847+0000] {processor.py:839} INFO - DAG(s) dict_keys(['example_complex']) retrieved from /home/airflow/.local/lib/python3.8/site-packages/airflow/example_dags/example_complex.py
[2023-11-28T21:20:37.906+0000] {logging_mixin.py:154} INFO - [2023-11-28T21:20:37.906+0000] {dag.py:2941} INFO - Sync 1 DAGs
[2023-11-28T21:20:37.930+0000] {logging_mixin.py:154} INFO - [2023-11-28T21:20:37.930+0000] {dag.py:3722} INFO - Setting next_dagrun for example_complex to None, run_after=None
[2023-11-28T21:20:37.957+0000] {processor.py:179} INFO - Processing /home/airflow/.local/lib/python3.8/site-packages/airflow/example_dags/example_complex.py took 0.139 seconds
[2023-11-28T21:21:08.186+0000] {processor.py:157} INFO - Started process (PID=1465) to work on /home/airflow/.local/lib/python3.8/site-packages/airflow/example_dags/example_complex.py
[2023-11-28T21:21:08.189+0000] {processor.py:829} INFO - Processing file /home/airflow/.local/lib/python3.8/site-packages/airflow/example_dags/example_complex.py for tasks to queue
[2023-11-28T21:21:08.193+0000] {logging_mixin.py:154} INFO - [2023-11-28T21:21:08.193+0000] {dagbag.py:536} INFO - Filling up the DagBag from /home/airflow/.local/lib/python3.8/site-packages/airflow/example_dags/example_complex.py
[2023-11-28T21:21:08.210+0000] {processor.py:839} INFO - DAG(s) dict_keys(['example_complex']) retrieved from /home/airflow/.local/lib/python3.8/site-packages/airflow/example_dags/example_complex.py
[2023-11-28T21:21:08.262+0000] {logging_mixin.py:154} INFO - [2023-11-28T21:21:08.261+0000] {dag.py:2941} INFO - Sync 1 DAGs
[2023-11-28T21:21:08.280+0000] {logging_mixin.py:154} INFO - [2023-11-28T21:21:08.280+0000] {dag.py:3722} INFO - Setting next_dagrun for example_complex to None, run_after=None
[2023-11-28T21:21:08.315+0000] {processor.py:179} INFO - Processing /home/airflow/.local/lib/python3.8/site-packages/airflow/example_dags/example_complex.py took 0.133 seconds
[2023-11-28T21:21:38.435+0000] {processor.py:157} INFO - Started process (PID=1520) to work on /home/airflow/.local/lib/python3.8/site-packages/airflow/example_dags/example_complex.py
[2023-11-28T21:21:38.438+0000] {processor.py:829} INFO - Processing file /home/airflow/.local/lib/python3.8/site-packages/airflow/example_dags/example_complex.py for tasks to queue
[2023-11-28T21:21:38.442+0000] {logging_mixin.py:154} INFO - [2023-11-28T21:21:38.441+0000] {dagbag.py:536} INFO - Filling up the DagBag from /home/airflow/.local/lib/python3.8/site-packages/airflow/example_dags/example_complex.py
[2023-11-28T21:21:38.459+0000] {processor.py:839} INFO - DAG(s) dict_keys(['example_complex']) retrieved from /home/airflow/.local/lib/python3.8/site-packages/airflow/example_dags/example_complex.py
[2023-11-28T21:21:38.514+0000] {logging_mixin.py:154} INFO - [2023-11-28T21:21:38.513+0000] {dag.py:2941} INFO - Sync 1 DAGs
[2023-11-28T21:21:38.534+0000] {logging_mixin.py:154} INFO - [2023-11-28T21:21:38.533+0000] {dag.py:3722} INFO - Setting next_dagrun for example_complex to None, run_after=None
[2023-11-28T21:21:38.562+0000] {processor.py:179} INFO - Processing /home/airflow/.local/lib/python3.8/site-packages/airflow/example_dags/example_complex.py took 0.133 seconds
