[2023-11-28T20:09:41.273+0000] {processor.py:157} INFO - Started process (PID=62) to work on /home/airflow/.local/lib/python3.8/site-packages/airflow/example_dags/example_latest_only.py
[2023-11-28T20:09:41.289+0000] {processor.py:829} INFO - Processing file /home/airflow/.local/lib/python3.8/site-packages/airflow/example_dags/example_latest_only.py for tasks to queue
[2023-11-28T20:09:41.310+0000] {logging_mixin.py:154} INFO - [2023-11-28T20:09:41.309+0000] {dagbag.py:536} INFO - Filling up the DagBag from /home/airflow/.local/lib/python3.8/site-packages/airflow/example_dags/example_latest_only.py
[2023-11-28T20:09:41.468+0000] {processor.py:839} INFO - DAG(s) dict_keys(['latest_only']) retrieved from /home/airflow/.local/lib/python3.8/site-packages/airflow/example_dags/example_latest_only.py
[2023-11-28T20:09:41.736+0000] {logging_mixin.py:154} INFO - [2023-11-28T20:09:41.735+0000] {dag.py:2941} INFO - Sync 1 DAGs
[2023-11-28T20:09:42.142+0000] {logging_mixin.py:154} INFO - [2023-11-28T20:09:42.141+0000] {dag.py:3722} INFO - Setting next_dagrun for latest_only to 2023-11-28T16:09:42.084387+00:00, run_after=2023-11-28T20:09:42.084387+00:00
[2023-11-28T20:09:42.861+0000] {processor.py:179} INFO - Processing /home/airflow/.local/lib/python3.8/site-packages/airflow/example_dags/example_latest_only.py took 1.646 seconds
[2023-11-28T20:11:16.589+0000] {processor.py:157} INFO - Started process (PID=130) to work on /home/airflow/.local/lib/python3.8/site-packages/airflow/example_dags/example_latest_only.py
[2023-11-28T20:11:16.598+0000] {processor.py:829} INFO - Processing file /home/airflow/.local/lib/python3.8/site-packages/airflow/example_dags/example_latest_only.py for tasks to queue
[2023-11-28T20:11:16.602+0000] {logging_mixin.py:154} INFO - [2023-11-28T20:11:16.602+0000] {dagbag.py:536} INFO - Filling up the DagBag from /home/airflow/.local/lib/python3.8/site-packages/airflow/example_dags/example_latest_only.py
[2023-11-28T20:11:16.707+0000] {processor.py:839} INFO - DAG(s) dict_keys(['latest_only']) retrieved from /home/airflow/.local/lib/python3.8/site-packages/airflow/example_dags/example_latest_only.py
[2023-11-28T20:11:17.001+0000] {logging_mixin.py:154} INFO - [2023-11-28T20:11:17.000+0000] {dag.py:2941} INFO - Sync 1 DAGs
[2023-11-28T20:11:17.033+0000] {logging_mixin.py:154} INFO - [2023-11-28T20:11:17.033+0000] {dag.py:3722} INFO - Setting next_dagrun for latest_only to 2023-11-28T16:11:17.033183+00:00, run_after=2023-11-28T20:11:17.033183+00:00
[2023-11-28T20:11:17.086+0000] {processor.py:179} INFO - Processing /home/airflow/.local/lib/python3.8/site-packages/airflow/example_dags/example_latest_only.py took 0.712 seconds
[2023-11-28T20:12:03.871+0000] {processor.py:157} INFO - Started process (PID=184) to work on /home/airflow/.local/lib/python3.8/site-packages/airflow/example_dags/example_latest_only.py
[2023-11-28T20:12:03.873+0000] {processor.py:829} INFO - Processing file /home/airflow/.local/lib/python3.8/site-packages/airflow/example_dags/example_latest_only.py for tasks to queue
[2023-11-28T20:12:03.879+0000] {logging_mixin.py:154} INFO - [2023-11-28T20:12:03.879+0000] {dagbag.py:536} INFO - Filling up the DagBag from /home/airflow/.local/lib/python3.8/site-packages/airflow/example_dags/example_latest_only.py
[2023-11-28T20:12:03.889+0000] {processor.py:839} INFO - DAG(s) dict_keys(['latest_only']) retrieved from /home/airflow/.local/lib/python3.8/site-packages/airflow/example_dags/example_latest_only.py
[2023-11-28T20:12:04.063+0000] {logging_mixin.py:154} INFO - [2023-11-28T20:12:04.063+0000] {dag.py:2941} INFO - Sync 1 DAGs
[2023-11-28T20:12:04.110+0000] {logging_mixin.py:154} INFO - [2023-11-28T20:12:04.110+0000] {dag.py:3722} INFO - Setting next_dagrun for latest_only to 2023-11-28T16:12:04.109975+00:00, run_after=2023-11-28T20:12:04.109975+00:00
[2023-11-28T20:12:04.146+0000] {processor.py:179} INFO - Processing /home/airflow/.local/lib/python3.8/site-packages/airflow/example_dags/example_latest_only.py took 0.281 seconds
[2023-11-28T20:12:37.905+0000] {processor.py:157} INFO - Started process (PID=228) to work on /home/airflow/.local/lib/python3.8/site-packages/airflow/example_dags/example_latest_only.py
[2023-11-28T20:12:37.909+0000] {processor.py:829} INFO - Processing file /home/airflow/.local/lib/python3.8/site-packages/airflow/example_dags/example_latest_only.py for tasks to queue
[2023-11-28T20:12:37.925+0000] {logging_mixin.py:154} INFO - [2023-11-28T20:12:37.925+0000] {dagbag.py:536} INFO - Filling up the DagBag from /home/airflow/.local/lib/python3.8/site-packages/airflow/example_dags/example_latest_only.py
[2023-11-28T20:12:37.947+0000] {processor.py:839} INFO - DAG(s) dict_keys(['latest_only']) retrieved from /home/airflow/.local/lib/python3.8/site-packages/airflow/example_dags/example_latest_only.py
[2023-11-28T20:12:38.107+0000] {logging_mixin.py:154} INFO - [2023-11-28T20:12:38.106+0000] {dag.py:2941} INFO - Sync 1 DAGs
[2023-11-28T20:12:38.168+0000] {logging_mixin.py:154} INFO - [2023-11-28T20:12:38.168+0000] {dag.py:3722} INFO - Setting next_dagrun for latest_only to 2023-11-28T16:12:38.167719+00:00, run_after=2023-11-28T20:12:38.167719+00:00
[2023-11-28T20:12:38.213+0000] {processor.py:179} INFO - Processing /home/airflow/.local/lib/python3.8/site-packages/airflow/example_dags/example_latest_only.py took 0.308 seconds
[2023-11-28T20:13:10.033+0000] {processor.py:157} INFO - Started process (PID=282) to work on /home/airflow/.local/lib/python3.8/site-packages/airflow/example_dags/example_latest_only.py
[2023-11-28T20:13:10.035+0000] {processor.py:829} INFO - Processing file /home/airflow/.local/lib/python3.8/site-packages/airflow/example_dags/example_latest_only.py for tasks to queue
[2023-11-28T20:13:10.041+0000] {logging_mixin.py:154} INFO - [2023-11-28T20:13:10.040+0000] {dagbag.py:536} INFO - Filling up the DagBag from /home/airflow/.local/lib/python3.8/site-packages/airflow/example_dags/example_latest_only.py
[2023-11-28T20:13:10.052+0000] {processor.py:839} INFO - DAG(s) dict_keys(['latest_only']) retrieved from /home/airflow/.local/lib/python3.8/site-packages/airflow/example_dags/example_latest_only.py
[2023-11-28T20:13:10.189+0000] {logging_mixin.py:154} INFO - [2023-11-28T20:13:10.189+0000] {dag.py:2941} INFO - Sync 1 DAGs
[2023-11-28T20:13:10.323+0000] {logging_mixin.py:154} INFO - [2023-11-28T20:13:10.323+0000] {dag.py:3722} INFO - Setting next_dagrun for latest_only to 2023-11-28T16:13:10.320645+00:00, run_after=2023-11-28T20:13:10.320645+00:00
[2023-11-28T20:13:10.476+0000] {processor.py:179} INFO - Processing /home/airflow/.local/lib/python3.8/site-packages/airflow/example_dags/example_latest_only.py took 0.455 seconds
[2023-11-28T20:13:40.752+0000] {processor.py:157} INFO - Started process (PID=337) to work on /home/airflow/.local/lib/python3.8/site-packages/airflow/example_dags/example_latest_only.py
[2023-11-28T20:13:40.754+0000] {processor.py:829} INFO - Processing file /home/airflow/.local/lib/python3.8/site-packages/airflow/example_dags/example_latest_only.py for tasks to queue
[2023-11-28T20:13:40.758+0000] {logging_mixin.py:154} INFO - [2023-11-28T20:13:40.758+0000] {dagbag.py:536} INFO - Filling up the DagBag from /home/airflow/.local/lib/python3.8/site-packages/airflow/example_dags/example_latest_only.py
[2023-11-28T20:13:40.767+0000] {processor.py:839} INFO - DAG(s) dict_keys(['latest_only']) retrieved from /home/airflow/.local/lib/python3.8/site-packages/airflow/example_dags/example_latest_only.py
[2023-11-28T20:13:40.812+0000] {logging_mixin.py:154} INFO - [2023-11-28T20:13:40.812+0000] {dag.py:2941} INFO - Sync 1 DAGs
[2023-11-28T20:13:40.849+0000] {logging_mixin.py:154} INFO - [2023-11-28T20:13:40.849+0000] {dag.py:3722} INFO - Setting next_dagrun for latest_only to 2023-11-28T16:13:40.848742+00:00, run_after=2023-11-28T20:13:40.848742+00:00
[2023-11-28T20:13:40.884+0000] {processor.py:179} INFO - Processing /home/airflow/.local/lib/python3.8/site-packages/airflow/example_dags/example_latest_only.py took 0.138 seconds
[2023-11-28T20:14:11.939+0000] {processor.py:157} INFO - Started process (PID=390) to work on /home/airflow/.local/lib/python3.8/site-packages/airflow/example_dags/example_latest_only.py
[2023-11-28T20:14:11.941+0000] {processor.py:829} INFO - Processing file /home/airflow/.local/lib/python3.8/site-packages/airflow/example_dags/example_latest_only.py for tasks to queue
[2023-11-28T20:14:11.945+0000] {logging_mixin.py:154} INFO - [2023-11-28T20:14:11.944+0000] {dagbag.py:536} INFO - Filling up the DagBag from /home/airflow/.local/lib/python3.8/site-packages/airflow/example_dags/example_latest_only.py
[2023-11-28T20:14:11.954+0000] {processor.py:839} INFO - DAG(s) dict_keys(['latest_only']) retrieved from /home/airflow/.local/lib/python3.8/site-packages/airflow/example_dags/example_latest_only.py
[2023-11-28T20:14:11.997+0000] {logging_mixin.py:154} INFO - [2023-11-28T20:14:11.997+0000] {dag.py:2941} INFO - Sync 1 DAGs
[2023-11-28T20:14:12.032+0000] {logging_mixin.py:154} INFO - [2023-11-28T20:14:12.032+0000] {dag.py:3722} INFO - Setting next_dagrun for latest_only to 2023-11-28T16:14:12.031696+00:00, run_after=2023-11-28T20:14:12.031696+00:00
[2023-11-28T20:14:12.063+0000] {processor.py:179} INFO - Processing /home/airflow/.local/lib/python3.8/site-packages/airflow/example_dags/example_latest_only.py took 0.130 seconds
[2023-11-28T20:14:42.894+0000] {processor.py:157} INFO - Started process (PID=444) to work on /home/airflow/.local/lib/python3.8/site-packages/airflow/example_dags/example_latest_only.py
[2023-11-28T20:14:42.896+0000] {processor.py:829} INFO - Processing file /home/airflow/.local/lib/python3.8/site-packages/airflow/example_dags/example_latest_only.py for tasks to queue
[2023-11-28T20:14:42.901+0000] {logging_mixin.py:154} INFO - [2023-11-28T20:14:42.900+0000] {dagbag.py:536} INFO - Filling up the DagBag from /home/airflow/.local/lib/python3.8/site-packages/airflow/example_dags/example_latest_only.py
[2023-11-28T20:14:42.912+0000] {processor.py:839} INFO - DAG(s) dict_keys(['latest_only']) retrieved from /home/airflow/.local/lib/python3.8/site-packages/airflow/example_dags/example_latest_only.py
[2023-11-28T20:14:42.962+0000] {logging_mixin.py:154} INFO - [2023-11-28T20:14:42.962+0000] {dag.py:2941} INFO - Sync 1 DAGs
[2023-11-28T20:14:43.006+0000] {logging_mixin.py:154} INFO - [2023-11-28T20:14:43.006+0000] {dag.py:3722} INFO - Setting next_dagrun for latest_only to 2023-11-28T16:14:43.005935+00:00, run_after=2023-11-28T20:14:43.005935+00:00
[2023-11-28T20:14:43.053+0000] {processor.py:179} INFO - Processing /home/airflow/.local/lib/python3.8/site-packages/airflow/example_dags/example_latest_only.py took 0.166 seconds
[2023-11-28T20:15:13.583+0000] {processor.py:157} INFO - Started process (PID=498) to work on /home/airflow/.local/lib/python3.8/site-packages/airflow/example_dags/example_latest_only.py
[2023-11-28T20:15:13.585+0000] {processor.py:829} INFO - Processing file /home/airflow/.local/lib/python3.8/site-packages/airflow/example_dags/example_latest_only.py for tasks to queue
[2023-11-28T20:15:13.589+0000] {logging_mixin.py:154} INFO - [2023-11-28T20:15:13.589+0000] {dagbag.py:536} INFO - Filling up the DagBag from /home/airflow/.local/lib/python3.8/site-packages/airflow/example_dags/example_latest_only.py
[2023-11-28T20:15:13.598+0000] {processor.py:839} INFO - DAG(s) dict_keys(['latest_only']) retrieved from /home/airflow/.local/lib/python3.8/site-packages/airflow/example_dags/example_latest_only.py
[2023-11-28T20:15:13.645+0000] {logging_mixin.py:154} INFO - [2023-11-28T20:15:13.645+0000] {dag.py:2941} INFO - Sync 1 DAGs
[2023-11-28T20:15:13.686+0000] {logging_mixin.py:154} INFO - [2023-11-28T20:15:13.686+0000] {dag.py:3722} INFO - Setting next_dagrun for latest_only to 2023-11-28T16:15:13.686029+00:00, run_after=2023-11-28T20:15:13.686029+00:00
[2023-11-28T20:15:13.717+0000] {processor.py:179} INFO - Processing /home/airflow/.local/lib/python3.8/site-packages/airflow/example_dags/example_latest_only.py took 0.140 seconds
[2023-11-28T20:15:44.345+0000] {processor.py:157} INFO - Started process (PID=552) to work on /home/airflow/.local/lib/python3.8/site-packages/airflow/example_dags/example_latest_only.py
[2023-11-28T20:15:44.346+0000] {processor.py:829} INFO - Processing file /home/airflow/.local/lib/python3.8/site-packages/airflow/example_dags/example_latest_only.py for tasks to queue
[2023-11-28T20:15:44.351+0000] {logging_mixin.py:154} INFO - [2023-11-28T20:15:44.351+0000] {dagbag.py:536} INFO - Filling up the DagBag from /home/airflow/.local/lib/python3.8/site-packages/airflow/example_dags/example_latest_only.py
[2023-11-28T20:15:44.360+0000] {processor.py:839} INFO - DAG(s) dict_keys(['latest_only']) retrieved from /home/airflow/.local/lib/python3.8/site-packages/airflow/example_dags/example_latest_only.py
[2023-11-28T20:15:44.400+0000] {logging_mixin.py:154} INFO - [2023-11-28T20:15:44.400+0000] {dag.py:2941} INFO - Sync 1 DAGs
[2023-11-28T20:15:44.440+0000] {logging_mixin.py:154} INFO - [2023-11-28T20:15:44.440+0000] {dag.py:3722} INFO - Setting next_dagrun for latest_only to 2023-11-28T16:15:44.440107+00:00, run_after=2023-11-28T20:15:44.440107+00:00
[2023-11-28T20:15:44.473+0000] {processor.py:179} INFO - Processing /home/airflow/.local/lib/python3.8/site-packages/airflow/example_dags/example_latest_only.py took 0.133 seconds
[2023-11-28T20:16:14.645+0000] {processor.py:157} INFO - Started process (PID=606) to work on /home/airflow/.local/lib/python3.8/site-packages/airflow/example_dags/example_latest_only.py
[2023-11-28T20:16:14.656+0000] {processor.py:829} INFO - Processing file /home/airflow/.local/lib/python3.8/site-packages/airflow/example_dags/example_latest_only.py for tasks to queue
[2023-11-28T20:16:14.668+0000] {logging_mixin.py:154} INFO - [2023-11-28T20:16:14.668+0000] {dagbag.py:536} INFO - Filling up the DagBag from /home/airflow/.local/lib/python3.8/site-packages/airflow/example_dags/example_latest_only.py
[2023-11-28T20:16:14.678+0000] {processor.py:839} INFO - DAG(s) dict_keys(['latest_only']) retrieved from /home/airflow/.local/lib/python3.8/site-packages/airflow/example_dags/example_latest_only.py
[2023-11-28T20:16:14.718+0000] {logging_mixin.py:154} INFO - [2023-11-28T20:16:14.718+0000] {dag.py:2941} INFO - Sync 1 DAGs
[2023-11-28T20:16:14.751+0000] {logging_mixin.py:154} INFO - [2023-11-28T20:16:14.751+0000] {dag.py:3722} INFO - Setting next_dagrun for latest_only to 2023-11-28T16:16:14.751098+00:00, run_after=2023-11-28T20:16:14.751098+00:00
[2023-11-28T20:16:14.779+0000] {processor.py:179} INFO - Processing /home/airflow/.local/lib/python3.8/site-packages/airflow/example_dags/example_latest_only.py took 0.140 seconds
[2023-11-28T20:16:44.879+0000] {processor.py:157} INFO - Started process (PID=660) to work on /home/airflow/.local/lib/python3.8/site-packages/airflow/example_dags/example_latest_only.py
[2023-11-28T20:16:44.881+0000] {processor.py:829} INFO - Processing file /home/airflow/.local/lib/python3.8/site-packages/airflow/example_dags/example_latest_only.py for tasks to queue
[2023-11-28T20:16:44.884+0000] {logging_mixin.py:154} INFO - [2023-11-28T20:16:44.884+0000] {dagbag.py:536} INFO - Filling up the DagBag from /home/airflow/.local/lib/python3.8/site-packages/airflow/example_dags/example_latest_only.py
[2023-11-28T20:16:44.893+0000] {processor.py:839} INFO - DAG(s) dict_keys(['latest_only']) retrieved from /home/airflow/.local/lib/python3.8/site-packages/airflow/example_dags/example_latest_only.py
[2023-11-28T20:16:44.934+0000] {logging_mixin.py:154} INFO - [2023-11-28T20:16:44.933+0000] {dag.py:2941} INFO - Sync 1 DAGs
[2023-11-28T20:16:44.971+0000] {logging_mixin.py:154} INFO - [2023-11-28T20:16:44.971+0000] {dag.py:3722} INFO - Setting next_dagrun for latest_only to 2023-11-28T16:16:44.970687+00:00, run_after=2023-11-28T20:16:44.970687+00:00
[2023-11-28T20:16:44.998+0000] {processor.py:179} INFO - Processing /home/airflow/.local/lib/python3.8/site-packages/airflow/example_dags/example_latest_only.py took 0.125 seconds
[2023-11-28T20:17:15.180+0000] {processor.py:157} INFO - Started process (PID=715) to work on /home/airflow/.local/lib/python3.8/site-packages/airflow/example_dags/example_latest_only.py
[2023-11-28T20:17:15.183+0000] {processor.py:829} INFO - Processing file /home/airflow/.local/lib/python3.8/site-packages/airflow/example_dags/example_latest_only.py for tasks to queue
[2023-11-28T20:17:15.194+0000] {logging_mixin.py:154} INFO - [2023-11-28T20:17:15.192+0000] {dagbag.py:536} INFO - Filling up the DagBag from /home/airflow/.local/lib/python3.8/site-packages/airflow/example_dags/example_latest_only.py
[2023-11-28T20:17:15.204+0000] {processor.py:839} INFO - DAG(s) dict_keys(['latest_only']) retrieved from /home/airflow/.local/lib/python3.8/site-packages/airflow/example_dags/example_latest_only.py
[2023-11-28T20:17:15.289+0000] {logging_mixin.py:154} INFO - [2023-11-28T20:17:15.289+0000] {dag.py:2941} INFO - Sync 1 DAGs
[2023-11-28T20:17:15.329+0000] {logging_mixin.py:154} INFO - [2023-11-28T20:17:15.328+0000] {dag.py:3722} INFO - Setting next_dagrun for latest_only to 2023-11-28T16:17:15.328576+00:00, run_after=2023-11-28T20:17:15.328576+00:00
[2023-11-28T20:17:15.359+0000] {processor.py:179} INFO - Processing /home/airflow/.local/lib/python3.8/site-packages/airflow/example_dags/example_latest_only.py took 0.188 seconds
[2023-11-28T20:17:45.605+0000] {processor.py:157} INFO - Started process (PID=768) to work on /home/airflow/.local/lib/python3.8/site-packages/airflow/example_dags/example_latest_only.py
[2023-11-28T20:17:45.606+0000] {processor.py:829} INFO - Processing file /home/airflow/.local/lib/python3.8/site-packages/airflow/example_dags/example_latest_only.py for tasks to queue
[2023-11-28T20:17:45.610+0000] {logging_mixin.py:154} INFO - [2023-11-28T20:17:45.610+0000] {dagbag.py:536} INFO - Filling up the DagBag from /home/airflow/.local/lib/python3.8/site-packages/airflow/example_dags/example_latest_only.py
[2023-11-28T20:17:45.619+0000] {processor.py:839} INFO - DAG(s) dict_keys(['latest_only']) retrieved from /home/airflow/.local/lib/python3.8/site-packages/airflow/example_dags/example_latest_only.py
[2023-11-28T20:17:45.658+0000] {logging_mixin.py:154} INFO - [2023-11-28T20:17:45.657+0000] {dag.py:2941} INFO - Sync 1 DAGs
[2023-11-28T20:17:45.692+0000] {logging_mixin.py:154} INFO - [2023-11-28T20:17:45.692+0000] {dag.py:3722} INFO - Setting next_dagrun for latest_only to 2023-11-28T16:17:45.691738+00:00, run_after=2023-11-28T20:17:45.691738+00:00
[2023-11-28T20:17:45.717+0000] {processor.py:179} INFO - Processing /home/airflow/.local/lib/python3.8/site-packages/airflow/example_dags/example_latest_only.py took 0.117 seconds
[2023-11-28T20:18:16.399+0000] {processor.py:157} INFO - Started process (PID=823) to work on /home/airflow/.local/lib/python3.8/site-packages/airflow/example_dags/example_latest_only.py
[2023-11-28T20:18:16.401+0000] {processor.py:829} INFO - Processing file /home/airflow/.local/lib/python3.8/site-packages/airflow/example_dags/example_latest_only.py for tasks to queue
[2023-11-28T20:18:16.405+0000] {logging_mixin.py:154} INFO - [2023-11-28T20:18:16.405+0000] {dagbag.py:536} INFO - Filling up the DagBag from /home/airflow/.local/lib/python3.8/site-packages/airflow/example_dags/example_latest_only.py
[2023-11-28T20:18:16.414+0000] {processor.py:839} INFO - DAG(s) dict_keys(['latest_only']) retrieved from /home/airflow/.local/lib/python3.8/site-packages/airflow/example_dags/example_latest_only.py
[2023-11-28T20:18:16.456+0000] {logging_mixin.py:154} INFO - [2023-11-28T20:18:16.456+0000] {dag.py:2941} INFO - Sync 1 DAGs
[2023-11-28T20:18:16.490+0000] {logging_mixin.py:154} INFO - [2023-11-28T20:18:16.489+0000] {dag.py:3722} INFO - Setting next_dagrun for latest_only to 2023-11-28T16:18:16.489157+00:00, run_after=2023-11-28T20:18:16.489157+00:00
[2023-11-28T20:18:16.527+0000] {processor.py:179} INFO - Processing /home/airflow/.local/lib/python3.8/site-packages/airflow/example_dags/example_latest_only.py took 0.135 seconds
[2023-11-28T20:18:46.589+0000] {processor.py:157} INFO - Started process (PID=877) to work on /home/airflow/.local/lib/python3.8/site-packages/airflow/example_dags/example_latest_only.py
[2023-11-28T20:18:46.590+0000] {processor.py:829} INFO - Processing file /home/airflow/.local/lib/python3.8/site-packages/airflow/example_dags/example_latest_only.py for tasks to queue
[2023-11-28T20:18:46.594+0000] {logging_mixin.py:154} INFO - [2023-11-28T20:18:46.594+0000] {dagbag.py:536} INFO - Filling up the DagBag from /home/airflow/.local/lib/python3.8/site-packages/airflow/example_dags/example_latest_only.py
[2023-11-28T20:18:46.603+0000] {processor.py:839} INFO - DAG(s) dict_keys(['latest_only']) retrieved from /home/airflow/.local/lib/python3.8/site-packages/airflow/example_dags/example_latest_only.py
[2023-11-28T20:18:46.642+0000] {logging_mixin.py:154} INFO - [2023-11-28T20:18:46.642+0000] {dag.py:2941} INFO - Sync 1 DAGs
[2023-11-28T20:18:46.675+0000] {logging_mixin.py:154} INFO - [2023-11-28T20:18:46.675+0000] {dag.py:3722} INFO - Setting next_dagrun for latest_only to 2023-11-28T16:18:46.675180+00:00, run_after=2023-11-28T20:18:46.675180+00:00
[2023-11-28T20:18:46.900+0000] {processor.py:179} INFO - Processing /home/airflow/.local/lib/python3.8/site-packages/airflow/example_dags/example_latest_only.py took 0.318 seconds
[2023-11-28T20:19:16.955+0000] {processor.py:157} INFO - Started process (PID=930) to work on /home/airflow/.local/lib/python3.8/site-packages/airflow/example_dags/example_latest_only.py
[2023-11-28T20:19:16.958+0000] {processor.py:829} INFO - Processing file /home/airflow/.local/lib/python3.8/site-packages/airflow/example_dags/example_latest_only.py for tasks to queue
[2023-11-28T20:19:16.962+0000] {logging_mixin.py:154} INFO - [2023-11-28T20:19:16.962+0000] {dagbag.py:536} INFO - Filling up the DagBag from /home/airflow/.local/lib/python3.8/site-packages/airflow/example_dags/example_latest_only.py
[2023-11-28T20:19:16.971+0000] {processor.py:839} INFO - DAG(s) dict_keys(['latest_only']) retrieved from /home/airflow/.local/lib/python3.8/site-packages/airflow/example_dags/example_latest_only.py
[2023-11-28T20:19:17.007+0000] {logging_mixin.py:154} INFO - [2023-11-28T20:19:17.006+0000] {dag.py:2941} INFO - Sync 1 DAGs
[2023-11-28T20:19:17.039+0000] {logging_mixin.py:154} INFO - [2023-11-28T20:19:17.038+0000] {dag.py:3722} INFO - Setting next_dagrun for latest_only to 2023-11-28T16:19:17.038518+00:00, run_after=2023-11-28T20:19:17.038518+00:00
[2023-11-28T20:19:17.069+0000] {processor.py:179} INFO - Processing /home/airflow/.local/lib/python3.8/site-packages/airflow/example_dags/example_latest_only.py took 0.119 seconds
[2023-11-28T20:19:48.016+0000] {processor.py:157} INFO - Started process (PID=984) to work on /home/airflow/.local/lib/python3.8/site-packages/airflow/example_dags/example_latest_only.py
[2023-11-28T20:19:48.018+0000] {processor.py:829} INFO - Processing file /home/airflow/.local/lib/python3.8/site-packages/airflow/example_dags/example_latest_only.py for tasks to queue
[2023-11-28T20:19:48.023+0000] {logging_mixin.py:154} INFO - [2023-11-28T20:19:48.023+0000] {dagbag.py:536} INFO - Filling up the DagBag from /home/airflow/.local/lib/python3.8/site-packages/airflow/example_dags/example_latest_only.py
[2023-11-28T20:19:48.032+0000] {processor.py:839} INFO - DAG(s) dict_keys(['latest_only']) retrieved from /home/airflow/.local/lib/python3.8/site-packages/airflow/example_dags/example_latest_only.py
[2023-11-28T20:19:48.068+0000] {logging_mixin.py:154} INFO - [2023-11-28T20:19:48.068+0000] {dag.py:2941} INFO - Sync 1 DAGs
[2023-11-28T20:19:48.101+0000] {logging_mixin.py:154} INFO - [2023-11-28T20:19:48.101+0000] {dag.py:3722} INFO - Setting next_dagrun for latest_only to 2023-11-28T16:19:48.101043+00:00, run_after=2023-11-28T20:19:48.101043+00:00
[2023-11-28T20:19:48.132+0000] {processor.py:179} INFO - Processing /home/airflow/.local/lib/python3.8/site-packages/airflow/example_dags/example_latest_only.py took 0.121 seconds
[2023-11-28T20:20:18.924+0000] {processor.py:157} INFO - Started process (PID=1039) to work on /home/airflow/.local/lib/python3.8/site-packages/airflow/example_dags/example_latest_only.py
[2023-11-28T20:20:18.926+0000] {processor.py:829} INFO - Processing file /home/airflow/.local/lib/python3.8/site-packages/airflow/example_dags/example_latest_only.py for tasks to queue
[2023-11-28T20:20:18.930+0000] {logging_mixin.py:154} INFO - [2023-11-28T20:20:18.930+0000] {dagbag.py:536} INFO - Filling up the DagBag from /home/airflow/.local/lib/python3.8/site-packages/airflow/example_dags/example_latest_only.py
[2023-11-28T20:20:18.937+0000] {processor.py:839} INFO - DAG(s) dict_keys(['latest_only']) retrieved from /home/airflow/.local/lib/python3.8/site-packages/airflow/example_dags/example_latest_only.py
[2023-11-28T20:20:18.974+0000] {logging_mixin.py:154} INFO - [2023-11-28T20:20:18.973+0000] {dag.py:2941} INFO - Sync 1 DAGs
[2023-11-28T20:20:19.007+0000] {logging_mixin.py:154} INFO - [2023-11-28T20:20:19.006+0000] {dag.py:3722} INFO - Setting next_dagrun for latest_only to 2023-11-28T16:20:19.006440+00:00, run_after=2023-11-28T20:20:19.006440+00:00
[2023-11-28T20:20:19.032+0000] {processor.py:179} INFO - Processing /home/airflow/.local/lib/python3.8/site-packages/airflow/example_dags/example_latest_only.py took 0.114 seconds
[2023-11-28T20:20:49.264+0000] {processor.py:157} INFO - Started process (PID=1094) to work on /home/airflow/.local/lib/python3.8/site-packages/airflow/example_dags/example_latest_only.py
[2023-11-28T20:20:49.266+0000] {processor.py:829} INFO - Processing file /home/airflow/.local/lib/python3.8/site-packages/airflow/example_dags/example_latest_only.py for tasks to queue
[2023-11-28T20:20:49.271+0000] {logging_mixin.py:154} INFO - [2023-11-28T20:20:49.270+0000] {dagbag.py:536} INFO - Filling up the DagBag from /home/airflow/.local/lib/python3.8/site-packages/airflow/example_dags/example_latest_only.py
[2023-11-28T20:20:49.281+0000] {processor.py:839} INFO - DAG(s) dict_keys(['latest_only']) retrieved from /home/airflow/.local/lib/python3.8/site-packages/airflow/example_dags/example_latest_only.py
[2023-11-28T20:20:49.323+0000] {logging_mixin.py:154} INFO - [2023-11-28T20:20:49.323+0000] {dag.py:2941} INFO - Sync 1 DAGs
[2023-11-28T20:20:49.598+0000] {logging_mixin.py:154} INFO - [2023-11-28T20:20:49.598+0000] {dag.py:3722} INFO - Setting next_dagrun for latest_only to 2023-11-28T16:20:49.597993+00:00, run_after=2023-11-28T20:20:49.597993+00:00
[2023-11-28T20:20:49.630+0000] {processor.py:179} INFO - Processing /home/airflow/.local/lib/python3.8/site-packages/airflow/example_dags/example_latest_only.py took 0.371 seconds
[2023-11-28T20:21:19.752+0000] {processor.py:157} INFO - Started process (PID=1148) to work on /home/airflow/.local/lib/python3.8/site-packages/airflow/example_dags/example_latest_only.py
[2023-11-28T20:21:19.754+0000] {processor.py:829} INFO - Processing file /home/airflow/.local/lib/python3.8/site-packages/airflow/example_dags/example_latest_only.py for tasks to queue
[2023-11-28T20:21:19.758+0000] {logging_mixin.py:154} INFO - [2023-11-28T20:21:19.758+0000] {dagbag.py:536} INFO - Filling up the DagBag from /home/airflow/.local/lib/python3.8/site-packages/airflow/example_dags/example_latest_only.py
[2023-11-28T20:21:19.767+0000] {processor.py:839} INFO - DAG(s) dict_keys(['latest_only']) retrieved from /home/airflow/.local/lib/python3.8/site-packages/airflow/example_dags/example_latest_only.py
[2023-11-28T20:21:19.806+0000] {logging_mixin.py:154} INFO - [2023-11-28T20:21:19.806+0000] {dag.py:2941} INFO - Sync 1 DAGs
[2023-11-28T20:21:19.841+0000] {logging_mixin.py:154} INFO - [2023-11-28T20:21:19.841+0000] {dag.py:3722} INFO - Setting next_dagrun for latest_only to 2023-11-28T16:21:19.841184+00:00, run_after=2023-11-28T20:21:19.841184+00:00
[2023-11-28T20:21:20.069+0000] {processor.py:179} INFO - Processing /home/airflow/.local/lib/python3.8/site-packages/airflow/example_dags/example_latest_only.py took 0.323 seconds
[2023-11-28T20:21:50.520+0000] {processor.py:157} INFO - Started process (PID=1202) to work on /home/airflow/.local/lib/python3.8/site-packages/airflow/example_dags/example_latest_only.py
[2023-11-28T20:21:50.522+0000] {processor.py:829} INFO - Processing file /home/airflow/.local/lib/python3.8/site-packages/airflow/example_dags/example_latest_only.py for tasks to queue
[2023-11-28T20:21:50.526+0000] {logging_mixin.py:154} INFO - [2023-11-28T20:21:50.526+0000] {dagbag.py:536} INFO - Filling up the DagBag from /home/airflow/.local/lib/python3.8/site-packages/airflow/example_dags/example_latest_only.py
[2023-11-28T20:21:50.535+0000] {processor.py:839} INFO - DAG(s) dict_keys(['latest_only']) retrieved from /home/airflow/.local/lib/python3.8/site-packages/airflow/example_dags/example_latest_only.py
[2023-11-28T20:21:50.573+0000] {logging_mixin.py:154} INFO - [2023-11-28T20:21:50.572+0000] {dag.py:2941} INFO - Sync 1 DAGs
[2023-11-28T20:21:50.605+0000] {logging_mixin.py:154} INFO - [2023-11-28T20:21:50.605+0000] {dag.py:3722} INFO - Setting next_dagrun for latest_only to 2023-11-28T16:21:50.605243+00:00, run_after=2023-11-28T20:21:50.605243+00:00
[2023-11-28T20:21:50.646+0000] {processor.py:179} INFO - Processing /home/airflow/.local/lib/python3.8/site-packages/airflow/example_dags/example_latest_only.py took 0.131 seconds
[2023-11-28T20:22:21.366+0000] {processor.py:157} INFO - Started process (PID=1256) to work on /home/airflow/.local/lib/python3.8/site-packages/airflow/example_dags/example_latest_only.py
[2023-11-28T20:22:21.368+0000] {processor.py:829} INFO - Processing file /home/airflow/.local/lib/python3.8/site-packages/airflow/example_dags/example_latest_only.py for tasks to queue
[2023-11-28T20:22:21.372+0000] {logging_mixin.py:154} INFO - [2023-11-28T20:22:21.371+0000] {dagbag.py:536} INFO - Filling up the DagBag from /home/airflow/.local/lib/python3.8/site-packages/airflow/example_dags/example_latest_only.py
[2023-11-28T20:22:21.380+0000] {processor.py:839} INFO - DAG(s) dict_keys(['latest_only']) retrieved from /home/airflow/.local/lib/python3.8/site-packages/airflow/example_dags/example_latest_only.py
[2023-11-28T20:22:21.415+0000] {logging_mixin.py:154} INFO - [2023-11-28T20:22:21.414+0000] {dag.py:2941} INFO - Sync 1 DAGs
[2023-11-28T20:22:21.459+0000] {logging_mixin.py:154} INFO - [2023-11-28T20:22:21.456+0000] {dag.py:3722} INFO - Setting next_dagrun for latest_only to 2023-11-28T16:22:21.454636+00:00, run_after=2023-11-28T20:22:21.454636+00:00
[2023-11-28T20:22:21.493+0000] {processor.py:179} INFO - Processing /home/airflow/.local/lib/python3.8/site-packages/airflow/example_dags/example_latest_only.py took 0.132 seconds
[2023-11-28T20:22:51.800+0000] {processor.py:157} INFO - Started process (PID=1310) to work on /home/airflow/.local/lib/python3.8/site-packages/airflow/example_dags/example_latest_only.py
[2023-11-28T20:22:51.802+0000] {processor.py:829} INFO - Processing file /home/airflow/.local/lib/python3.8/site-packages/airflow/example_dags/example_latest_only.py for tasks to queue
[2023-11-28T20:22:51.807+0000] {logging_mixin.py:154} INFO - [2023-11-28T20:22:51.806+0000] {dagbag.py:536} INFO - Filling up the DagBag from /home/airflow/.local/lib/python3.8/site-packages/airflow/example_dags/example_latest_only.py
[2023-11-28T20:22:51.820+0000] {processor.py:839} INFO - DAG(s) dict_keys(['latest_only']) retrieved from /home/airflow/.local/lib/python3.8/site-packages/airflow/example_dags/example_latest_only.py
[2023-11-28T20:22:51.871+0000] {logging_mixin.py:154} INFO - [2023-11-28T20:22:51.871+0000] {dag.py:2941} INFO - Sync 1 DAGs
[2023-11-28T20:22:52.093+0000] {logging_mixin.py:154} INFO - [2023-11-28T20:22:52.093+0000] {dag.py:3722} INFO - Setting next_dagrun for latest_only to 2023-11-28T16:22:52.092938+00:00, run_after=2023-11-28T20:22:52.092938+00:00
[2023-11-28T20:22:52.124+0000] {processor.py:179} INFO - Processing /home/airflow/.local/lib/python3.8/site-packages/airflow/example_dags/example_latest_only.py took 0.329 seconds
[2023-11-28T21:07:53.384+0000] {processor.py:157} INFO - Started process (PID=57) to work on /home/airflow/.local/lib/python3.8/site-packages/airflow/example_dags/example_latest_only.py
[2023-11-28T21:07:53.386+0000] {processor.py:829} INFO - Processing file /home/airflow/.local/lib/python3.8/site-packages/airflow/example_dags/example_latest_only.py for tasks to queue
[2023-11-28T21:07:53.391+0000] {logging_mixin.py:154} INFO - [2023-11-28T21:07:53.391+0000] {dagbag.py:536} INFO - Filling up the DagBag from /home/airflow/.local/lib/python3.8/site-packages/airflow/example_dags/example_latest_only.py
[2023-11-28T21:07:53.410+0000] {processor.py:839} INFO - DAG(s) dict_keys(['latest_only']) retrieved from /home/airflow/.local/lib/python3.8/site-packages/airflow/example_dags/example_latest_only.py
[2023-11-28T21:07:53.563+0000] {logging_mixin.py:154} INFO - [2023-11-28T21:07:53.562+0000] {manager.py:499} INFO - Created Permission View: %s
[2023-11-28T21:07:53.591+0000] {logging_mixin.py:154} INFO - [2023-11-28T21:07:53.591+0000] {manager.py:499} INFO - Created Permission View: %s
[2023-11-28T21:07:53.600+0000] {logging_mixin.py:154} INFO - [2023-11-28T21:07:53.600+0000] {manager.py:499} INFO - Created Permission View: %s
[2023-11-28T21:07:53.601+0000] {logging_mixin.py:154} INFO - [2023-11-28T21:07:53.601+0000] {dag.py:2941} INFO - Sync 1 DAGs
[2023-11-28T21:07:54.320+0000] {logging_mixin.py:154} INFO - [2023-11-28T21:07:54.320+0000] {dag.py:2963} INFO - Creating ORM DAG for latest_only
[2023-11-28T21:07:54.388+0000] {logging_mixin.py:154} INFO - [2023-11-28T21:07:54.387+0000] {dag.py:3722} INFO - Setting next_dagrun for latest_only to 2023-11-28T17:07:54.386589+00:00, run_after=2023-11-28T21:07:54.386589+00:00
[2023-11-28T21:07:54.461+0000] {processor.py:179} INFO - Processing /home/airflow/.local/lib/python3.8/site-packages/airflow/example_dags/example_latest_only.py took 1.089 seconds
[2023-11-28T21:08:25.252+0000] {processor.py:157} INFO - Started process (PID=111) to work on /home/airflow/.local/lib/python3.8/site-packages/airflow/example_dags/example_latest_only.py
[2023-11-28T21:08:25.258+0000] {processor.py:829} INFO - Processing file /home/airflow/.local/lib/python3.8/site-packages/airflow/example_dags/example_latest_only.py for tasks to queue
[2023-11-28T21:08:25.264+0000] {logging_mixin.py:154} INFO - [2023-11-28T21:08:25.264+0000] {dagbag.py:536} INFO - Filling up the DagBag from /home/airflow/.local/lib/python3.8/site-packages/airflow/example_dags/example_latest_only.py
[2023-11-28T21:08:25.289+0000] {processor.py:839} INFO - DAG(s) dict_keys(['latest_only']) retrieved from /home/airflow/.local/lib/python3.8/site-packages/airflow/example_dags/example_latest_only.py
[2023-11-28T21:08:25.387+0000] {logging_mixin.py:154} INFO - [2023-11-28T21:08:25.387+0000] {dag.py:2941} INFO - Sync 1 DAGs
[2023-11-28T21:08:25.491+0000] {logging_mixin.py:154} INFO - [2023-11-28T21:08:25.490+0000] {dag.py:3722} INFO - Setting next_dagrun for latest_only to 2023-11-28T17:08:25.489227+00:00, run_after=2023-11-28T21:08:25.489227+00:00
[2023-11-28T21:08:25.589+0000] {processor.py:179} INFO - Processing /home/airflow/.local/lib/python3.8/site-packages/airflow/example_dags/example_latest_only.py took 0.345 seconds
[2023-11-28T21:08:55.891+0000] {processor.py:157} INFO - Started process (PID=165) to work on /home/airflow/.local/lib/python3.8/site-packages/airflow/example_dags/example_latest_only.py
[2023-11-28T21:08:55.893+0000] {processor.py:829} INFO - Processing file /home/airflow/.local/lib/python3.8/site-packages/airflow/example_dags/example_latest_only.py for tasks to queue
[2023-11-28T21:08:55.896+0000] {logging_mixin.py:154} INFO - [2023-11-28T21:08:55.896+0000] {dagbag.py:536} INFO - Filling up the DagBag from /home/airflow/.local/lib/python3.8/site-packages/airflow/example_dags/example_latest_only.py
[2023-11-28T21:08:55.905+0000] {processor.py:839} INFO - DAG(s) dict_keys(['latest_only']) retrieved from /home/airflow/.local/lib/python3.8/site-packages/airflow/example_dags/example_latest_only.py
[2023-11-28T21:08:55.937+0000] {logging_mixin.py:154} INFO - [2023-11-28T21:08:55.937+0000] {dag.py:2941} INFO - Sync 1 DAGs
[2023-11-28T21:08:55.971+0000] {logging_mixin.py:154} INFO - [2023-11-28T21:08:55.971+0000] {dag.py:3722} INFO - Setting next_dagrun for latest_only to 2023-11-28T17:08:55.971156+00:00, run_after=2023-11-28T21:08:55.971156+00:00
[2023-11-28T21:08:56.002+0000] {processor.py:179} INFO - Processing /home/airflow/.local/lib/python3.8/site-packages/airflow/example_dags/example_latest_only.py took 0.116 seconds
[2023-11-28T21:09:27.110+0000] {processor.py:157} INFO - Started process (PID=219) to work on /home/airflow/.local/lib/python3.8/site-packages/airflow/example_dags/example_latest_only.py
[2023-11-28T21:09:27.113+0000] {processor.py:829} INFO - Processing file /home/airflow/.local/lib/python3.8/site-packages/airflow/example_dags/example_latest_only.py for tasks to queue
[2023-11-28T21:09:27.117+0000] {logging_mixin.py:154} INFO - [2023-11-28T21:09:27.117+0000] {dagbag.py:536} INFO - Filling up the DagBag from /home/airflow/.local/lib/python3.8/site-packages/airflow/example_dags/example_latest_only.py
[2023-11-28T21:09:27.125+0000] {processor.py:839} INFO - DAG(s) dict_keys(['latest_only']) retrieved from /home/airflow/.local/lib/python3.8/site-packages/airflow/example_dags/example_latest_only.py
[2023-11-28T21:09:27.158+0000] {logging_mixin.py:154} INFO - [2023-11-28T21:09:27.157+0000] {dag.py:2941} INFO - Sync 1 DAGs
[2023-11-28T21:09:27.189+0000] {logging_mixin.py:154} INFO - [2023-11-28T21:09:27.189+0000] {dag.py:3722} INFO - Setting next_dagrun for latest_only to 2023-11-28T17:09:27.189218+00:00, run_after=2023-11-28T21:09:27.189218+00:00
[2023-11-28T21:09:27.217+0000] {processor.py:179} INFO - Processing /home/airflow/.local/lib/python3.8/site-packages/airflow/example_dags/example_latest_only.py took 0.112 seconds
[2023-11-28T21:09:58.086+0000] {processor.py:157} INFO - Started process (PID=274) to work on /home/airflow/.local/lib/python3.8/site-packages/airflow/example_dags/example_latest_only.py
[2023-11-28T21:09:58.088+0000] {processor.py:829} INFO - Processing file /home/airflow/.local/lib/python3.8/site-packages/airflow/example_dags/example_latest_only.py for tasks to queue
[2023-11-28T21:09:58.094+0000] {logging_mixin.py:154} INFO - [2023-11-28T21:09:58.093+0000] {dagbag.py:536} INFO - Filling up the DagBag from /home/airflow/.local/lib/python3.8/site-packages/airflow/example_dags/example_latest_only.py
[2023-11-28T21:09:58.104+0000] {processor.py:839} INFO - DAG(s) dict_keys(['latest_only']) retrieved from /home/airflow/.local/lib/python3.8/site-packages/airflow/example_dags/example_latest_only.py
[2023-11-28T21:09:58.141+0000] {logging_mixin.py:154} INFO - [2023-11-28T21:09:58.140+0000] {dag.py:2941} INFO - Sync 1 DAGs
[2023-11-28T21:09:58.175+0000] {logging_mixin.py:154} INFO - [2023-11-28T21:09:58.174+0000] {dag.py:3722} INFO - Setting next_dagrun for latest_only to 2023-11-28T17:09:58.174584+00:00, run_after=2023-11-28T21:09:58.174584+00:00
[2023-11-28T21:09:58.212+0000] {processor.py:179} INFO - Processing /home/airflow/.local/lib/python3.8/site-packages/airflow/example_dags/example_latest_only.py took 0.133 seconds
[2023-11-28T21:10:28.351+0000] {processor.py:157} INFO - Started process (PID=328) to work on /home/airflow/.local/lib/python3.8/site-packages/airflow/example_dags/example_latest_only.py
[2023-11-28T21:10:28.353+0000] {processor.py:829} INFO - Processing file /home/airflow/.local/lib/python3.8/site-packages/airflow/example_dags/example_latest_only.py for tasks to queue
[2023-11-28T21:10:28.358+0000] {logging_mixin.py:154} INFO - [2023-11-28T21:10:28.356+0000] {dagbag.py:536} INFO - Filling up the DagBag from /home/airflow/.local/lib/python3.8/site-packages/airflow/example_dags/example_latest_only.py
[2023-11-28T21:10:28.367+0000] {processor.py:839} INFO - DAG(s) dict_keys(['latest_only']) retrieved from /home/airflow/.local/lib/python3.8/site-packages/airflow/example_dags/example_latest_only.py
[2023-11-28T21:10:28.407+0000] {logging_mixin.py:154} INFO - [2023-11-28T21:10:28.406+0000] {dag.py:2941} INFO - Sync 1 DAGs
[2023-11-28T21:10:28.443+0000] {logging_mixin.py:154} INFO - [2023-11-28T21:10:28.443+0000] {dag.py:3722} INFO - Setting next_dagrun for latest_only to 2023-11-28T17:10:28.443176+00:00, run_after=2023-11-28T21:10:28.443176+00:00
[2023-11-28T21:10:28.487+0000] {processor.py:179} INFO - Processing /home/airflow/.local/lib/python3.8/site-packages/airflow/example_dags/example_latest_only.py took 0.142 seconds
[2023-11-28T21:10:58.628+0000] {processor.py:157} INFO - Started process (PID=382) to work on /home/airflow/.local/lib/python3.8/site-packages/airflow/example_dags/example_latest_only.py
[2023-11-28T21:10:58.630+0000] {processor.py:829} INFO - Processing file /home/airflow/.local/lib/python3.8/site-packages/airflow/example_dags/example_latest_only.py for tasks to queue
[2023-11-28T21:10:58.634+0000] {logging_mixin.py:154} INFO - [2023-11-28T21:10:58.633+0000] {dagbag.py:536} INFO - Filling up the DagBag from /home/airflow/.local/lib/python3.8/site-packages/airflow/example_dags/example_latest_only.py
[2023-11-28T21:10:58.642+0000] {processor.py:839} INFO - DAG(s) dict_keys(['latest_only']) retrieved from /home/airflow/.local/lib/python3.8/site-packages/airflow/example_dags/example_latest_only.py
[2023-11-28T21:10:58.681+0000] {logging_mixin.py:154} INFO - [2023-11-28T21:10:58.681+0000] {dag.py:2941} INFO - Sync 1 DAGs
[2023-11-28T21:10:58.715+0000] {logging_mixin.py:154} INFO - [2023-11-28T21:10:58.714+0000] {dag.py:3722} INFO - Setting next_dagrun for latest_only to 2023-11-28T17:10:58.714502+00:00, run_after=2023-11-28T21:10:58.714502+00:00
[2023-11-28T21:10:58.745+0000] {processor.py:179} INFO - Processing /home/airflow/.local/lib/python3.8/site-packages/airflow/example_dags/example_latest_only.py took 0.122 seconds
[2023-11-28T21:11:29.145+0000] {processor.py:157} INFO - Started process (PID=436) to work on /home/airflow/.local/lib/python3.8/site-packages/airflow/example_dags/example_latest_only.py
[2023-11-28T21:11:29.147+0000] {processor.py:829} INFO - Processing file /home/airflow/.local/lib/python3.8/site-packages/airflow/example_dags/example_latest_only.py for tasks to queue
[2023-11-28T21:11:29.151+0000] {logging_mixin.py:154} INFO - [2023-11-28T21:11:29.150+0000] {dagbag.py:536} INFO - Filling up the DagBag from /home/airflow/.local/lib/python3.8/site-packages/airflow/example_dags/example_latest_only.py
[2023-11-28T21:11:29.160+0000] {processor.py:839} INFO - DAG(s) dict_keys(['latest_only']) retrieved from /home/airflow/.local/lib/python3.8/site-packages/airflow/example_dags/example_latest_only.py
[2023-11-28T21:11:29.200+0000] {logging_mixin.py:154} INFO - [2023-11-28T21:11:29.200+0000] {dag.py:2941} INFO - Sync 1 DAGs
[2023-11-28T21:11:29.235+0000] {logging_mixin.py:154} INFO - [2023-11-28T21:11:29.234+0000] {dag.py:3722} INFO - Setting next_dagrun for latest_only to 2023-11-28T17:11:29.234339+00:00, run_after=2023-11-28T21:11:29.234339+00:00
[2023-11-28T21:11:29.262+0000] {processor.py:179} INFO - Processing /home/airflow/.local/lib/python3.8/site-packages/airflow/example_dags/example_latest_only.py took 0.123 seconds
[2023-11-28T21:11:59.618+0000] {processor.py:157} INFO - Started process (PID=490) to work on /home/airflow/.local/lib/python3.8/site-packages/airflow/example_dags/example_latest_only.py
[2023-11-28T21:11:59.620+0000] {processor.py:829} INFO - Processing file /home/airflow/.local/lib/python3.8/site-packages/airflow/example_dags/example_latest_only.py for tasks to queue
[2023-11-28T21:11:59.624+0000] {logging_mixin.py:154} INFO - [2023-11-28T21:11:59.624+0000] {dagbag.py:536} INFO - Filling up the DagBag from /home/airflow/.local/lib/python3.8/site-packages/airflow/example_dags/example_latest_only.py
[2023-11-28T21:11:59.636+0000] {processor.py:839} INFO - DAG(s) dict_keys(['latest_only']) retrieved from /home/airflow/.local/lib/python3.8/site-packages/airflow/example_dags/example_latest_only.py
[2023-11-28T21:11:59.672+0000] {logging_mixin.py:154} INFO - [2023-11-28T21:11:59.672+0000] {dag.py:2941} INFO - Sync 1 DAGs
[2023-11-28T21:11:59.709+0000] {logging_mixin.py:154} INFO - [2023-11-28T21:11:59.708+0000] {dag.py:3722} INFO - Setting next_dagrun for latest_only to 2023-11-28T17:11:59.708342+00:00, run_after=2023-11-28T21:11:59.708342+00:00
[2023-11-28T21:11:59.741+0000] {processor.py:179} INFO - Processing /home/airflow/.local/lib/python3.8/site-packages/airflow/example_dags/example_latest_only.py took 0.130 seconds
[2023-11-28T21:12:29.956+0000] {processor.py:157} INFO - Started process (PID=544) to work on /home/airflow/.local/lib/python3.8/site-packages/airflow/example_dags/example_latest_only.py
[2023-11-28T21:12:29.958+0000] {processor.py:829} INFO - Processing file /home/airflow/.local/lib/python3.8/site-packages/airflow/example_dags/example_latest_only.py for tasks to queue
[2023-11-28T21:12:29.963+0000] {logging_mixin.py:154} INFO - [2023-11-28T21:12:29.962+0000] {dagbag.py:536} INFO - Filling up the DagBag from /home/airflow/.local/lib/python3.8/site-packages/airflow/example_dags/example_latest_only.py
[2023-11-28T21:12:29.971+0000] {processor.py:839} INFO - DAG(s) dict_keys(['latest_only']) retrieved from /home/airflow/.local/lib/python3.8/site-packages/airflow/example_dags/example_latest_only.py
[2023-11-28T21:12:30.010+0000] {logging_mixin.py:154} INFO - [2023-11-28T21:12:30.010+0000] {dag.py:2941} INFO - Sync 1 DAGs
[2023-11-28T21:12:30.043+0000] {logging_mixin.py:154} INFO - [2023-11-28T21:12:30.043+0000] {dag.py:3722} INFO - Setting next_dagrun for latest_only to 2023-11-28T17:12:30.042703+00:00, run_after=2023-11-28T21:12:30.042703+00:00
[2023-11-28T21:12:30.075+0000] {processor.py:179} INFO - Processing /home/airflow/.local/lib/python3.8/site-packages/airflow/example_dags/example_latest_only.py took 0.124 seconds
[2023-11-28T21:13:00.561+0000] {processor.py:157} INFO - Started process (PID=599) to work on /home/airflow/.local/lib/python3.8/site-packages/airflow/example_dags/example_latest_only.py
[2023-11-28T21:13:00.563+0000] {processor.py:829} INFO - Processing file /home/airflow/.local/lib/python3.8/site-packages/airflow/example_dags/example_latest_only.py for tasks to queue
[2023-11-28T21:13:00.580+0000] {logging_mixin.py:154} INFO - [2023-11-28T21:13:00.580+0000] {dagbag.py:536} INFO - Filling up the DagBag from /home/airflow/.local/lib/python3.8/site-packages/airflow/example_dags/example_latest_only.py
[2023-11-28T21:13:00.595+0000] {processor.py:839} INFO - DAG(s) dict_keys(['latest_only']) retrieved from /home/airflow/.local/lib/python3.8/site-packages/airflow/example_dags/example_latest_only.py
[2023-11-28T21:13:00.656+0000] {logging_mixin.py:154} INFO - [2023-11-28T21:13:00.655+0000] {dag.py:2941} INFO - Sync 1 DAGs
[2023-11-28T21:13:00.690+0000] {logging_mixin.py:154} INFO - [2023-11-28T21:13:00.690+0000] {dag.py:3722} INFO - Setting next_dagrun for latest_only to 2023-11-28T17:13:00.689657+00:00, run_after=2023-11-28T21:13:00.689657+00:00
[2023-11-28T21:13:00.724+0000] {processor.py:179} INFO - Processing /home/airflow/.local/lib/python3.8/site-packages/airflow/example_dags/example_latest_only.py took 0.168 seconds
[2023-11-28T21:13:31.191+0000] {processor.py:157} INFO - Started process (PID=654) to work on /home/airflow/.local/lib/python3.8/site-packages/airflow/example_dags/example_latest_only.py
[2023-11-28T21:13:31.194+0000] {processor.py:829} INFO - Processing file /home/airflow/.local/lib/python3.8/site-packages/airflow/example_dags/example_latest_only.py for tasks to queue
[2023-11-28T21:13:31.200+0000] {logging_mixin.py:154} INFO - [2023-11-28T21:13:31.199+0000] {dagbag.py:536} INFO - Filling up the DagBag from /home/airflow/.local/lib/python3.8/site-packages/airflow/example_dags/example_latest_only.py
[2023-11-28T21:13:31.219+0000] {processor.py:839} INFO - DAG(s) dict_keys(['latest_only']) retrieved from /home/airflow/.local/lib/python3.8/site-packages/airflow/example_dags/example_latest_only.py
[2023-11-28T21:13:31.259+0000] {logging_mixin.py:154} INFO - [2023-11-28T21:13:31.259+0000] {dag.py:2941} INFO - Sync 1 DAGs
[2023-11-28T21:13:31.322+0000] {logging_mixin.py:154} INFO - [2023-11-28T21:13:31.321+0000] {dag.py:3722} INFO - Setting next_dagrun for latest_only to 2023-11-28T17:13:31.321418+00:00, run_after=2023-11-28T21:13:31.321418+00:00
[2023-11-28T21:13:31.356+0000] {processor.py:179} INFO - Processing /home/airflow/.local/lib/python3.8/site-packages/airflow/example_dags/example_latest_only.py took 0.171 seconds
[2023-11-28T21:14:02.140+0000] {processor.py:157} INFO - Started process (PID=708) to work on /home/airflow/.local/lib/python3.8/site-packages/airflow/example_dags/example_latest_only.py
[2023-11-28T21:14:02.142+0000] {processor.py:829} INFO - Processing file /home/airflow/.local/lib/python3.8/site-packages/airflow/example_dags/example_latest_only.py for tasks to queue
[2023-11-28T21:14:02.147+0000] {logging_mixin.py:154} INFO - [2023-11-28T21:14:02.146+0000] {dagbag.py:536} INFO - Filling up the DagBag from /home/airflow/.local/lib/python3.8/site-packages/airflow/example_dags/example_latest_only.py
[2023-11-28T21:14:02.156+0000] {processor.py:839} INFO - DAG(s) dict_keys(['latest_only']) retrieved from /home/airflow/.local/lib/python3.8/site-packages/airflow/example_dags/example_latest_only.py
[2023-11-28T21:14:02.220+0000] {logging_mixin.py:154} INFO - [2023-11-28T21:14:02.219+0000] {dag.py:2941} INFO - Sync 1 DAGs
[2023-11-28T21:14:02.269+0000] {logging_mixin.py:154} INFO - [2023-11-28T21:14:02.268+0000] {dag.py:3722} INFO - Setting next_dagrun for latest_only to 2023-11-28T17:14:02.268053+00:00, run_after=2023-11-28T21:14:02.268053+00:00
[2023-11-28T21:14:02.303+0000] {processor.py:179} INFO - Processing /home/airflow/.local/lib/python3.8/site-packages/airflow/example_dags/example_latest_only.py took 0.169 seconds
[2023-11-28T21:14:32.883+0000] {processor.py:157} INFO - Started process (PID=763) to work on /home/airflow/.local/lib/python3.8/site-packages/airflow/example_dags/example_latest_only.py
[2023-11-28T21:14:32.890+0000] {processor.py:829} INFO - Processing file /home/airflow/.local/lib/python3.8/site-packages/airflow/example_dags/example_latest_only.py for tasks to queue
[2023-11-28T21:14:32.896+0000] {logging_mixin.py:154} INFO - [2023-11-28T21:14:32.896+0000] {dagbag.py:536} INFO - Filling up the DagBag from /home/airflow/.local/lib/python3.8/site-packages/airflow/example_dags/example_latest_only.py
[2023-11-28T21:14:32.916+0000] {processor.py:839} INFO - DAG(s) dict_keys(['latest_only']) retrieved from /home/airflow/.local/lib/python3.8/site-packages/airflow/example_dags/example_latest_only.py
[2023-11-28T21:14:33.000+0000] {logging_mixin.py:154} INFO - [2023-11-28T21:14:33.000+0000] {dag.py:2941} INFO - Sync 1 DAGs
[2023-11-28T21:14:33.070+0000] {logging_mixin.py:154} INFO - [2023-11-28T21:14:33.069+0000] {dag.py:3722} INFO - Setting next_dagrun for latest_only to 2023-11-28T17:14:33.069524+00:00, run_after=2023-11-28T21:14:33.069524+00:00
[2023-11-28T21:14:33.230+0000] {processor.py:179} INFO - Processing /home/airflow/.local/lib/python3.8/site-packages/airflow/example_dags/example_latest_only.py took 0.352 seconds
[2023-11-28T21:15:03.541+0000] {processor.py:157} INFO - Started process (PID=817) to work on /home/airflow/.local/lib/python3.8/site-packages/airflow/example_dags/example_latest_only.py
[2023-11-28T21:15:03.542+0000] {processor.py:829} INFO - Processing file /home/airflow/.local/lib/python3.8/site-packages/airflow/example_dags/example_latest_only.py for tasks to queue
[2023-11-28T21:15:03.547+0000] {logging_mixin.py:154} INFO - [2023-11-28T21:15:03.547+0000] {dagbag.py:536} INFO - Filling up the DagBag from /home/airflow/.local/lib/python3.8/site-packages/airflow/example_dags/example_latest_only.py
[2023-11-28T21:15:03.556+0000] {processor.py:839} INFO - DAG(s) dict_keys(['latest_only']) retrieved from /home/airflow/.local/lib/python3.8/site-packages/airflow/example_dags/example_latest_only.py
[2023-11-28T21:15:03.608+0000] {logging_mixin.py:154} INFO - [2023-11-28T21:15:03.607+0000] {dag.py:2941} INFO - Sync 1 DAGs
[2023-11-28T21:15:03.654+0000] {logging_mixin.py:154} INFO - [2023-11-28T21:15:03.654+0000] {dag.py:3722} INFO - Setting next_dagrun for latest_only to 2023-11-28T17:15:03.653715+00:00, run_after=2023-11-28T21:15:03.653715+00:00
[2023-11-28T21:15:03.689+0000] {processor.py:179} INFO - Processing /home/airflow/.local/lib/python3.8/site-packages/airflow/example_dags/example_latest_only.py took 0.165 seconds
[2023-11-28T21:15:33.824+0000] {processor.py:157} INFO - Started process (PID=871) to work on /home/airflow/.local/lib/python3.8/site-packages/airflow/example_dags/example_latest_only.py
[2023-11-28T21:15:33.825+0000] {processor.py:829} INFO - Processing file /home/airflow/.local/lib/python3.8/site-packages/airflow/example_dags/example_latest_only.py for tasks to queue
[2023-11-28T21:15:33.830+0000] {logging_mixin.py:154} INFO - [2023-11-28T21:15:33.829+0000] {dagbag.py:536} INFO - Filling up the DagBag from /home/airflow/.local/lib/python3.8/site-packages/airflow/example_dags/example_latest_only.py
[2023-11-28T21:15:33.839+0000] {processor.py:839} INFO - DAG(s) dict_keys(['latest_only']) retrieved from /home/airflow/.local/lib/python3.8/site-packages/airflow/example_dags/example_latest_only.py
[2023-11-28T21:15:33.879+0000] {logging_mixin.py:154} INFO - [2023-11-28T21:15:33.878+0000] {dag.py:2941} INFO - Sync 1 DAGs
[2023-11-28T21:15:33.914+0000] {logging_mixin.py:154} INFO - [2023-11-28T21:15:33.914+0000] {dag.py:3722} INFO - Setting next_dagrun for latest_only to 2023-11-28T17:15:33.913791+00:00, run_after=2023-11-28T21:15:33.913791+00:00
[2023-11-28T21:15:33.946+0000] {processor.py:179} INFO - Processing /home/airflow/.local/lib/python3.8/site-packages/airflow/example_dags/example_latest_only.py took 0.129 seconds
[2023-11-28T21:16:04.146+0000] {processor.py:157} INFO - Started process (PID=926) to work on /home/airflow/.local/lib/python3.8/site-packages/airflow/example_dags/example_latest_only.py
[2023-11-28T21:16:04.149+0000] {processor.py:829} INFO - Processing file /home/airflow/.local/lib/python3.8/site-packages/airflow/example_dags/example_latest_only.py for tasks to queue
[2023-11-28T21:16:04.152+0000] {logging_mixin.py:154} INFO - [2023-11-28T21:16:04.151+0000] {dagbag.py:536} INFO - Filling up the DagBag from /home/airflow/.local/lib/python3.8/site-packages/airflow/example_dags/example_latest_only.py
[2023-11-28T21:16:04.161+0000] {processor.py:839} INFO - DAG(s) dict_keys(['latest_only']) retrieved from /home/airflow/.local/lib/python3.8/site-packages/airflow/example_dags/example_latest_only.py
[2023-11-28T21:16:04.199+0000] {logging_mixin.py:154} INFO - [2023-11-28T21:16:04.198+0000] {dag.py:2941} INFO - Sync 1 DAGs
[2023-11-28T21:16:04.232+0000] {logging_mixin.py:154} INFO - [2023-11-28T21:16:04.232+0000] {dag.py:3722} INFO - Setting next_dagrun for latest_only to 2023-11-28T17:16:04.231927+00:00, run_after=2023-11-28T21:16:04.231927+00:00
[2023-11-28T21:16:04.277+0000] {processor.py:179} INFO - Processing /home/airflow/.local/lib/python3.8/site-packages/airflow/example_dags/example_latest_only.py took 0.136 seconds
[2023-11-28T21:16:34.948+0000] {processor.py:157} INFO - Started process (PID=989) to work on /home/airflow/.local/lib/python3.8/site-packages/airflow/example_dags/example_latest_only.py
[2023-11-28T21:16:34.950+0000] {processor.py:829} INFO - Processing file /home/airflow/.local/lib/python3.8/site-packages/airflow/example_dags/example_latest_only.py for tasks to queue
[2023-11-28T21:16:34.954+0000] {logging_mixin.py:154} INFO - [2023-11-28T21:16:34.953+0000] {dagbag.py:536} INFO - Filling up the DagBag from /home/airflow/.local/lib/python3.8/site-packages/airflow/example_dags/example_latest_only.py
[2023-11-28T21:16:34.964+0000] {processor.py:839} INFO - DAG(s) dict_keys(['latest_only']) retrieved from /home/airflow/.local/lib/python3.8/site-packages/airflow/example_dags/example_latest_only.py
[2023-11-28T21:16:35.013+0000] {logging_mixin.py:154} INFO - [2023-11-28T21:16:35.012+0000] {dag.py:2941} INFO - Sync 1 DAGs
[2023-11-28T21:16:35.056+0000] {logging_mixin.py:154} INFO - [2023-11-28T21:16:35.055+0000] {dag.py:3722} INFO - Setting next_dagrun for latest_only to 2023-11-28T17:16:35.055514+00:00, run_after=2023-11-28T21:16:35.055514+00:00
[2023-11-28T21:16:35.086+0000] {processor.py:179} INFO - Processing /home/airflow/.local/lib/python3.8/site-packages/airflow/example_dags/example_latest_only.py took 0.143 seconds
[2023-11-28T21:17:05.598+0000] {processor.py:157} INFO - Started process (PID=1043) to work on /home/airflow/.local/lib/python3.8/site-packages/airflow/example_dags/example_latest_only.py
[2023-11-28T21:17:05.600+0000] {processor.py:829} INFO - Processing file /home/airflow/.local/lib/python3.8/site-packages/airflow/example_dags/example_latest_only.py for tasks to queue
[2023-11-28T21:17:05.604+0000] {logging_mixin.py:154} INFO - [2023-11-28T21:17:05.604+0000] {dagbag.py:536} INFO - Filling up the DagBag from /home/airflow/.local/lib/python3.8/site-packages/airflow/example_dags/example_latest_only.py
[2023-11-28T21:17:05.614+0000] {processor.py:839} INFO - DAG(s) dict_keys(['latest_only']) retrieved from /home/airflow/.local/lib/python3.8/site-packages/airflow/example_dags/example_latest_only.py
[2023-11-28T21:17:05.653+0000] {logging_mixin.py:154} INFO - [2023-11-28T21:17:05.653+0000] {dag.py:2941} INFO - Sync 1 DAGs
[2023-11-28T21:17:05.686+0000] {logging_mixin.py:154} INFO - [2023-11-28T21:17:05.686+0000] {dag.py:3722} INFO - Setting next_dagrun for latest_only to 2023-11-28T17:17:05.686078+00:00, run_after=2023-11-28T21:17:05.686078+00:00
[2023-11-28T21:17:05.714+0000] {processor.py:179} INFO - Processing /home/airflow/.local/lib/python3.8/site-packages/airflow/example_dags/example_latest_only.py took 0.121 seconds
[2023-11-28T21:17:35.878+0000] {processor.py:157} INFO - Started process (PID=1095) to work on /home/airflow/.local/lib/python3.8/site-packages/airflow/example_dags/example_latest_only.py
[2023-11-28T21:17:35.880+0000] {processor.py:829} INFO - Processing file /home/airflow/.local/lib/python3.8/site-packages/airflow/example_dags/example_latest_only.py for tasks to queue
[2023-11-28T21:17:35.883+0000] {logging_mixin.py:154} INFO - [2023-11-28T21:17:35.883+0000] {dagbag.py:536} INFO - Filling up the DagBag from /home/airflow/.local/lib/python3.8/site-packages/airflow/example_dags/example_latest_only.py
[2023-11-28T21:17:35.892+0000] {processor.py:839} INFO - DAG(s) dict_keys(['latest_only']) retrieved from /home/airflow/.local/lib/python3.8/site-packages/airflow/example_dags/example_latest_only.py
[2023-11-28T21:17:35.928+0000] {logging_mixin.py:154} INFO - [2023-11-28T21:17:35.928+0000] {dag.py:2941} INFO - Sync 1 DAGs
[2023-11-28T21:17:35.963+0000] {logging_mixin.py:154} INFO - [2023-11-28T21:17:35.963+0000] {dag.py:3722} INFO - Setting next_dagrun for latest_only to 2023-11-28T17:17:35.962871+00:00, run_after=2023-11-28T21:17:35.962871+00:00
[2023-11-28T21:17:35.996+0000] {processor.py:179} INFO - Processing /home/airflow/.local/lib/python3.8/site-packages/airflow/example_dags/example_latest_only.py took 0.123 seconds
[2023-11-28T21:18:06.324+0000] {processor.py:157} INFO - Started process (PID=1150) to work on /home/airflow/.local/lib/python3.8/site-packages/airflow/example_dags/example_latest_only.py
[2023-11-28T21:18:06.326+0000] {processor.py:829} INFO - Processing file /home/airflow/.local/lib/python3.8/site-packages/airflow/example_dags/example_latest_only.py for tasks to queue
[2023-11-28T21:18:06.331+0000] {logging_mixin.py:154} INFO - [2023-11-28T21:18:06.330+0000] {dagbag.py:536} INFO - Filling up the DagBag from /home/airflow/.local/lib/python3.8/site-packages/airflow/example_dags/example_latest_only.py
[2023-11-28T21:18:06.341+0000] {processor.py:839} INFO - DAG(s) dict_keys(['latest_only']) retrieved from /home/airflow/.local/lib/python3.8/site-packages/airflow/example_dags/example_latest_only.py
[2023-11-28T21:18:06.380+0000] {logging_mixin.py:154} INFO - [2023-11-28T21:18:06.380+0000] {dag.py:2941} INFO - Sync 1 DAGs
[2023-11-28T21:18:06.413+0000] {logging_mixin.py:154} INFO - [2023-11-28T21:18:06.413+0000] {dag.py:3722} INFO - Setting next_dagrun for latest_only to 2023-11-28T17:18:06.413006+00:00, run_after=2023-11-28T21:18:06.413006+00:00
[2023-11-28T21:18:06.448+0000] {processor.py:179} INFO - Processing /home/airflow/.local/lib/python3.8/site-packages/airflow/example_dags/example_latest_only.py took 0.129 seconds
[2023-11-28T21:18:37.412+0000] {processor.py:157} INFO - Started process (PID=1203) to work on /home/airflow/.local/lib/python3.8/site-packages/airflow/example_dags/example_latest_only.py
[2023-11-28T21:18:37.414+0000] {processor.py:829} INFO - Processing file /home/airflow/.local/lib/python3.8/site-packages/airflow/example_dags/example_latest_only.py for tasks to queue
[2023-11-28T21:18:37.418+0000] {logging_mixin.py:154} INFO - [2023-11-28T21:18:37.418+0000] {dagbag.py:536} INFO - Filling up the DagBag from /home/airflow/.local/lib/python3.8/site-packages/airflow/example_dags/example_latest_only.py
[2023-11-28T21:18:37.427+0000] {processor.py:839} INFO - DAG(s) dict_keys(['latest_only']) retrieved from /home/airflow/.local/lib/python3.8/site-packages/airflow/example_dags/example_latest_only.py
[2023-11-28T21:18:37.466+0000] {logging_mixin.py:154} INFO - [2023-11-28T21:18:37.465+0000] {dag.py:2941} INFO - Sync 1 DAGs
[2023-11-28T21:18:37.499+0000] {logging_mixin.py:154} INFO - [2023-11-28T21:18:37.498+0000] {dag.py:3722} INFO - Setting next_dagrun for latest_only to 2023-11-28T17:18:37.498340+00:00, run_after=2023-11-28T21:18:37.498340+00:00
[2023-11-28T21:18:37.539+0000] {processor.py:179} INFO - Processing /home/airflow/.local/lib/python3.8/site-packages/airflow/example_dags/example_latest_only.py took 0.133 seconds
[2023-11-28T21:19:07.785+0000] {processor.py:157} INFO - Started process (PID=1257) to work on /home/airflow/.local/lib/python3.8/site-packages/airflow/example_dags/example_latest_only.py
[2023-11-28T21:19:07.787+0000] {processor.py:829} INFO - Processing file /home/airflow/.local/lib/python3.8/site-packages/airflow/example_dags/example_latest_only.py for tasks to queue
[2023-11-28T21:19:07.791+0000] {logging_mixin.py:154} INFO - [2023-11-28T21:19:07.791+0000] {dagbag.py:536} INFO - Filling up the DagBag from /home/airflow/.local/lib/python3.8/site-packages/airflow/example_dags/example_latest_only.py
[2023-11-28T21:19:07.800+0000] {processor.py:839} INFO - DAG(s) dict_keys(['latest_only']) retrieved from /home/airflow/.local/lib/python3.8/site-packages/airflow/example_dags/example_latest_only.py
[2023-11-28T21:19:07.840+0000] {logging_mixin.py:154} INFO - [2023-11-28T21:19:07.840+0000] {dag.py:2941} INFO - Sync 1 DAGs
[2023-11-28T21:19:07.872+0000] {logging_mixin.py:154} INFO - [2023-11-28T21:19:07.872+0000] {dag.py:3722} INFO - Setting next_dagrun for latest_only to 2023-11-28T17:19:07.871914+00:00, run_after=2023-11-28T21:19:07.871914+00:00
[2023-11-28T21:19:07.905+0000] {processor.py:179} INFO - Processing /home/airflow/.local/lib/python3.8/site-packages/airflow/example_dags/example_latest_only.py took 0.125 seconds
[2023-11-28T21:19:38.144+0000] {processor.py:157} INFO - Started process (PID=1311) to work on /home/airflow/.local/lib/python3.8/site-packages/airflow/example_dags/example_latest_only.py
[2023-11-28T21:19:38.148+0000] {processor.py:829} INFO - Processing file /home/airflow/.local/lib/python3.8/site-packages/airflow/example_dags/example_latest_only.py for tasks to queue
[2023-11-28T21:19:38.153+0000] {logging_mixin.py:154} INFO - [2023-11-28T21:19:38.152+0000] {dagbag.py:536} INFO - Filling up the DagBag from /home/airflow/.local/lib/python3.8/site-packages/airflow/example_dags/example_latest_only.py
[2023-11-28T21:19:38.162+0000] {processor.py:839} INFO - DAG(s) dict_keys(['latest_only']) retrieved from /home/airflow/.local/lib/python3.8/site-packages/airflow/example_dags/example_latest_only.py
[2023-11-28T21:19:38.209+0000] {logging_mixin.py:154} INFO - [2023-11-28T21:19:38.209+0000] {dag.py:2941} INFO - Sync 1 DAGs
[2023-11-28T21:19:38.247+0000] {logging_mixin.py:154} INFO - [2023-11-28T21:19:38.246+0000] {dag.py:3722} INFO - Setting next_dagrun for latest_only to 2023-11-28T17:19:38.246452+00:00, run_after=2023-11-28T21:19:38.246452+00:00
[2023-11-28T21:19:38.282+0000] {processor.py:179} INFO - Processing /home/airflow/.local/lib/python3.8/site-packages/airflow/example_dags/example_latest_only.py took 0.142 seconds
[2023-11-28T21:20:08.616+0000] {processor.py:157} INFO - Started process (PID=1366) to work on /home/airflow/.local/lib/python3.8/site-packages/airflow/example_dags/example_latest_only.py
[2023-11-28T21:20:08.619+0000] {processor.py:829} INFO - Processing file /home/airflow/.local/lib/python3.8/site-packages/airflow/example_dags/example_latest_only.py for tasks to queue
[2023-11-28T21:20:08.623+0000] {logging_mixin.py:154} INFO - [2023-11-28T21:20:08.622+0000] {dagbag.py:536} INFO - Filling up the DagBag from /home/airflow/.local/lib/python3.8/site-packages/airflow/example_dags/example_latest_only.py
[2023-11-28T21:20:08.631+0000] {processor.py:839} INFO - DAG(s) dict_keys(['latest_only']) retrieved from /home/airflow/.local/lib/python3.8/site-packages/airflow/example_dags/example_latest_only.py
[2023-11-28T21:20:08.672+0000] {logging_mixin.py:154} INFO - [2023-11-28T21:20:08.672+0000] {dag.py:2941} INFO - Sync 1 DAGs
[2023-11-28T21:20:08.721+0000] {logging_mixin.py:154} INFO - [2023-11-28T21:20:08.720+0000] {dag.py:3722} INFO - Setting next_dagrun for latest_only to 2023-11-28T17:20:08.720305+00:00, run_after=2023-11-28T21:20:08.720305+00:00
[2023-11-28T21:20:08.764+0000] {processor.py:179} INFO - Processing /home/airflow/.local/lib/python3.8/site-packages/airflow/example_dags/example_latest_only.py took 0.153 seconds
[2023-11-28T21:20:39.000+0000] {processor.py:157} INFO - Started process (PID=1420) to work on /home/airflow/.local/lib/python3.8/site-packages/airflow/example_dags/example_latest_only.py
[2023-11-28T21:20:39.002+0000] {processor.py:829} INFO - Processing file /home/airflow/.local/lib/python3.8/site-packages/airflow/example_dags/example_latest_only.py for tasks to queue
[2023-11-28T21:20:39.006+0000] {logging_mixin.py:154} INFO - [2023-11-28T21:20:39.006+0000] {dagbag.py:536} INFO - Filling up the DagBag from /home/airflow/.local/lib/python3.8/site-packages/airflow/example_dags/example_latest_only.py
[2023-11-28T21:20:39.015+0000] {processor.py:839} INFO - DAG(s) dict_keys(['latest_only']) retrieved from /home/airflow/.local/lib/python3.8/site-packages/airflow/example_dags/example_latest_only.py
[2023-11-28T21:20:39.075+0000] {logging_mixin.py:154} INFO - [2023-11-28T21:20:39.074+0000] {dag.py:2941} INFO - Sync 1 DAGs
[2023-11-28T21:20:39.136+0000] {logging_mixin.py:154} INFO - [2023-11-28T21:20:39.135+0000] {dag.py:3722} INFO - Setting next_dagrun for latest_only to 2023-11-28T17:20:39.134859+00:00, run_after=2023-11-28T21:20:39.134859+00:00
[2023-11-28T21:20:39.298+0000] {processor.py:179} INFO - Processing /home/airflow/.local/lib/python3.8/site-packages/airflow/example_dags/example_latest_only.py took 0.304 seconds
[2023-11-28T21:21:09.376+0000] {processor.py:157} INFO - Started process (PID=1474) to work on /home/airflow/.local/lib/python3.8/site-packages/airflow/example_dags/example_latest_only.py
[2023-11-28T21:21:09.382+0000] {processor.py:829} INFO - Processing file /home/airflow/.local/lib/python3.8/site-packages/airflow/example_dags/example_latest_only.py for tasks to queue
[2023-11-28T21:21:09.392+0000] {logging_mixin.py:154} INFO - [2023-11-28T21:21:09.387+0000] {dagbag.py:536} INFO - Filling up the DagBag from /home/airflow/.local/lib/python3.8/site-packages/airflow/example_dags/example_latest_only.py
[2023-11-28T21:21:09.406+0000] {processor.py:839} INFO - DAG(s) dict_keys(['latest_only']) retrieved from /home/airflow/.local/lib/python3.8/site-packages/airflow/example_dags/example_latest_only.py
[2023-11-28T21:21:09.470+0000] {logging_mixin.py:154} INFO - [2023-11-28T21:21:09.469+0000] {dag.py:2941} INFO - Sync 1 DAGs
[2023-11-28T21:21:09.509+0000] {logging_mixin.py:154} INFO - [2023-11-28T21:21:09.508+0000] {dag.py:3722} INFO - Setting next_dagrun for latest_only to 2023-11-28T17:21:09.508046+00:00, run_after=2023-11-28T21:21:09.508046+00:00
[2023-11-28T21:21:09.582+0000] {processor.py:179} INFO - Processing /home/airflow/.local/lib/python3.8/site-packages/airflow/example_dags/example_latest_only.py took 0.212 seconds
[2023-11-28T21:21:40.383+0000] {processor.py:157} INFO - Started process (PID=1529) to work on /home/airflow/.local/lib/python3.8/site-packages/airflow/example_dags/example_latest_only.py
[2023-11-28T21:21:40.385+0000] {processor.py:829} INFO - Processing file /home/airflow/.local/lib/python3.8/site-packages/airflow/example_dags/example_latest_only.py for tasks to queue
[2023-11-28T21:21:40.389+0000] {logging_mixin.py:154} INFO - [2023-11-28T21:21:40.389+0000] {dagbag.py:536} INFO - Filling up the DagBag from /home/airflow/.local/lib/python3.8/site-packages/airflow/example_dags/example_latest_only.py
[2023-11-28T21:21:40.398+0000] {processor.py:839} INFO - DAG(s) dict_keys(['latest_only']) retrieved from /home/airflow/.local/lib/python3.8/site-packages/airflow/example_dags/example_latest_only.py
[2023-11-28T21:21:40.444+0000] {logging_mixin.py:154} INFO - [2023-11-28T21:21:40.444+0000] {dag.py:2941} INFO - Sync 1 DAGs
[2023-11-28T21:21:40.476+0000] {logging_mixin.py:154} INFO - [2023-11-28T21:21:40.476+0000] {dag.py:3722} INFO - Setting next_dagrun for latest_only to 2023-11-28T17:21:40.476301+00:00, run_after=2023-11-28T21:21:40.476301+00:00
[2023-11-28T21:21:40.510+0000] {processor.py:179} INFO - Processing /home/airflow/.local/lib/python3.8/site-packages/airflow/example_dags/example_latest_only.py took 0.132 seconds
