[2023-11-30T09:00:10.259+0000] {processor.py:157} INFO - Started process (PID=29955) to work on /home/airflow/.local/lib/python3.8/site-packages/airflow/example_dags/example_external_task_marker_dag.py
[2023-11-30T09:00:10.265+0000] {processor.py:829} INFO - Processing file /home/airflow/.local/lib/python3.8/site-packages/airflow/example_dags/example_external_task_marker_dag.py for tasks to queue
[2023-11-30T09:00:10.275+0000] {logging_mixin.py:154} INFO - [2023-11-30T09:00:10.274+0000] {dagbag.py:536} INFO - Filling up the DagBag from /home/airflow/.local/lib/python3.8/site-packages/airflow/example_dags/example_external_task_marker_dag.py
[2023-11-30T09:00:10.360+0000] {processor.py:839} INFO - DAG(s) dict_keys(['example_external_task_marker_child', 'example_external_task_marker_parent']) retrieved from /home/airflow/.local/lib/python3.8/site-packages/airflow/example_dags/example_external_task_marker_dag.py
[2023-11-30T09:00:10.906+0000] {logging_mixin.py:154} INFO - [2023-11-30T09:00:10.905+0000] {dag.py:2941} INFO - Sync 2 DAGs
[2023-11-30T09:00:11.136+0000] {logging_mixin.py:154} INFO - [2023-11-30T09:00:11.135+0000] {dag.py:3722} INFO - Setting next_dagrun for example_external_task_marker_child to None, run_after=None
[2023-11-30T09:00:11.225+0000] {logging_mixin.py:154} INFO - [2023-11-30T09:00:11.224+0000] {dag.py:3722} INFO - Setting next_dagrun for example_external_task_marker_parent to None, run_after=None
[2023-11-30T09:00:11.478+0000] {processor.py:179} INFO - Processing /home/airflow/.local/lib/python3.8/site-packages/airflow/example_dags/example_external_task_marker_dag.py took 1.256 seconds
[2023-11-30T09:32:54.263+0000] {processor.py:157} INFO - Started process (PID=30031) to work on /home/airflow/.local/lib/python3.8/site-packages/airflow/example_dags/example_external_task_marker_dag.py
[2023-11-30T09:32:54.265+0000] {processor.py:829} INFO - Processing file /home/airflow/.local/lib/python3.8/site-packages/airflow/example_dags/example_external_task_marker_dag.py for tasks to queue
[2023-11-30T09:32:54.267+0000] {logging_mixin.py:154} INFO - [2023-11-30T09:32:54.267+0000] {dagbag.py:536} INFO - Filling up the DagBag from /home/airflow/.local/lib/python3.8/site-packages/airflow/example_dags/example_external_task_marker_dag.py
[2023-11-30T09:32:54.278+0000] {processor.py:839} INFO - DAG(s) dict_keys(['example_external_task_marker_child', 'example_external_task_marker_parent']) retrieved from /home/airflow/.local/lib/python3.8/site-packages/airflow/example_dags/example_external_task_marker_dag.py
[2023-11-30T09:32:54.424+0000] {logging_mixin.py:154} INFO - [2023-11-30T09:32:54.424+0000] {dag.py:2941} INFO - Sync 2 DAGs
[2023-11-30T09:32:54.466+0000] {logging_mixin.py:154} INFO - [2023-11-30T09:32:54.464+0000] {dag.py:3722} INFO - Setting next_dagrun for example_external_task_marker_child to None, run_after=None
[2023-11-30T09:32:54.480+0000] {logging_mixin.py:154} INFO - [2023-11-30T09:32:54.479+0000] {dag.py:3722} INFO - Setting next_dagrun for example_external_task_marker_parent to None, run_after=None
[2023-11-30T09:32:54.585+0000] {processor.py:179} INFO - Processing /home/airflow/.local/lib/python3.8/site-packages/airflow/example_dags/example_external_task_marker_dag.py took 0.348 seconds
[2023-11-30T09:33:24.935+0000] {processor.py:157} INFO - Started process (PID=30086) to work on /home/airflow/.local/lib/python3.8/site-packages/airflow/example_dags/example_external_task_marker_dag.py
[2023-11-30T09:33:24.938+0000] {processor.py:829} INFO - Processing file /home/airflow/.local/lib/python3.8/site-packages/airflow/example_dags/example_external_task_marker_dag.py for tasks to queue
[2023-11-30T09:33:24.939+0000] {logging_mixin.py:154} INFO - [2023-11-30T09:33:24.939+0000] {dagbag.py:536} INFO - Filling up the DagBag from /home/airflow/.local/lib/python3.8/site-packages/airflow/example_dags/example_external_task_marker_dag.py
[2023-11-30T09:33:24.957+0000] {processor.py:839} INFO - DAG(s) dict_keys(['example_external_task_marker_parent', 'example_external_task_marker_child']) retrieved from /home/airflow/.local/lib/python3.8/site-packages/airflow/example_dags/example_external_task_marker_dag.py
[2023-11-30T09:33:25.040+0000] {logging_mixin.py:154} INFO - [2023-11-30T09:33:25.039+0000] {dag.py:2941} INFO - Sync 2 DAGs
[2023-11-30T09:33:25.066+0000] {logging_mixin.py:154} INFO - [2023-11-30T09:33:25.066+0000] {dag.py:3722} INFO - Setting next_dagrun for example_external_task_marker_child to None, run_after=None
[2023-11-30T09:33:25.072+0000] {logging_mixin.py:154} INFO - [2023-11-30T09:33:25.072+0000] {dag.py:3722} INFO - Setting next_dagrun for example_external_task_marker_parent to None, run_after=None
[2023-11-30T09:33:25.101+0000] {processor.py:179} INFO - Processing /home/airflow/.local/lib/python3.8/site-packages/airflow/example_dags/example_external_task_marker_dag.py took 0.173 seconds
[2023-11-30T09:33:55.661+0000] {processor.py:157} INFO - Started process (PID=30141) to work on /home/airflow/.local/lib/python3.8/site-packages/airflow/example_dags/example_external_task_marker_dag.py
[2023-11-30T09:33:55.663+0000] {processor.py:829} INFO - Processing file /home/airflow/.local/lib/python3.8/site-packages/airflow/example_dags/example_external_task_marker_dag.py for tasks to queue
[2023-11-30T09:33:55.665+0000] {logging_mixin.py:154} INFO - [2023-11-30T09:33:55.665+0000] {dagbag.py:536} INFO - Filling up the DagBag from /home/airflow/.local/lib/python3.8/site-packages/airflow/example_dags/example_external_task_marker_dag.py
[2023-11-30T09:33:55.677+0000] {processor.py:839} INFO - DAG(s) dict_keys(['example_external_task_marker_child', 'example_external_task_marker_parent']) retrieved from /home/airflow/.local/lib/python3.8/site-packages/airflow/example_dags/example_external_task_marker_dag.py
[2023-11-30T09:33:55.729+0000] {logging_mixin.py:154} INFO - [2023-11-30T09:33:55.728+0000] {dag.py:2941} INFO - Sync 2 DAGs
[2023-11-30T09:33:55.755+0000] {logging_mixin.py:154} INFO - [2023-11-30T09:33:55.755+0000] {dag.py:3722} INFO - Setting next_dagrun for example_external_task_marker_child to None, run_after=None
[2023-11-30T09:33:55.763+0000] {logging_mixin.py:154} INFO - [2023-11-30T09:33:55.762+0000] {dag.py:3722} INFO - Setting next_dagrun for example_external_task_marker_parent to None, run_after=None
[2023-11-30T09:33:55.790+0000] {processor.py:179} INFO - Processing /home/airflow/.local/lib/python3.8/site-packages/airflow/example_dags/example_external_task_marker_dag.py took 0.135 seconds
[2023-11-30T09:34:26.937+0000] {processor.py:157} INFO - Started process (PID=30195) to work on /home/airflow/.local/lib/python3.8/site-packages/airflow/example_dags/example_external_task_marker_dag.py
[2023-11-30T09:34:26.938+0000] {processor.py:829} INFO - Processing file /home/airflow/.local/lib/python3.8/site-packages/airflow/example_dags/example_external_task_marker_dag.py for tasks to queue
[2023-11-30T09:34:26.940+0000] {logging_mixin.py:154} INFO - [2023-11-30T09:34:26.940+0000] {dagbag.py:536} INFO - Filling up the DagBag from /home/airflow/.local/lib/python3.8/site-packages/airflow/example_dags/example_external_task_marker_dag.py
[2023-11-30T09:34:26.951+0000] {processor.py:839} INFO - DAG(s) dict_keys(['example_external_task_marker_parent', 'example_external_task_marker_child']) retrieved from /home/airflow/.local/lib/python3.8/site-packages/airflow/example_dags/example_external_task_marker_dag.py
[2023-11-30T09:34:27.003+0000] {logging_mixin.py:154} INFO - [2023-11-30T09:34:27.003+0000] {dag.py:2941} INFO - Sync 2 DAGs
[2023-11-30T09:34:27.023+0000] {logging_mixin.py:154} INFO - [2023-11-30T09:34:27.023+0000] {dag.py:3722} INFO - Setting next_dagrun for example_external_task_marker_child to None, run_after=None
[2023-11-30T09:34:27.030+0000] {logging_mixin.py:154} INFO - [2023-11-30T09:34:27.029+0000] {dag.py:3722} INFO - Setting next_dagrun for example_external_task_marker_parent to None, run_after=None
[2023-11-30T09:34:27.062+0000] {processor.py:179} INFO - Processing /home/airflow/.local/lib/python3.8/site-packages/airflow/example_dags/example_external_task_marker_dag.py took 0.133 seconds
[2023-11-30T09:34:57.653+0000] {processor.py:157} INFO - Started process (PID=30250) to work on /home/airflow/.local/lib/python3.8/site-packages/airflow/example_dags/example_external_task_marker_dag.py
[2023-11-30T09:34:57.655+0000] {processor.py:829} INFO - Processing file /home/airflow/.local/lib/python3.8/site-packages/airflow/example_dags/example_external_task_marker_dag.py for tasks to queue
[2023-11-30T09:34:57.657+0000] {logging_mixin.py:154} INFO - [2023-11-30T09:34:57.657+0000] {dagbag.py:536} INFO - Filling up the DagBag from /home/airflow/.local/lib/python3.8/site-packages/airflow/example_dags/example_external_task_marker_dag.py
[2023-11-30T09:34:57.671+0000] {processor.py:839} INFO - DAG(s) dict_keys(['example_external_task_marker_child', 'example_external_task_marker_parent']) retrieved from /home/airflow/.local/lib/python3.8/site-packages/airflow/example_dags/example_external_task_marker_dag.py
[2023-11-30T09:34:57.714+0000] {logging_mixin.py:154} INFO - [2023-11-30T09:34:57.713+0000] {dag.py:2941} INFO - Sync 2 DAGs
[2023-11-30T09:34:57.733+0000] {logging_mixin.py:154} INFO - [2023-11-30T09:34:57.733+0000] {dag.py:3722} INFO - Setting next_dagrun for example_external_task_marker_child to None, run_after=None
[2023-11-30T09:34:57.739+0000] {logging_mixin.py:154} INFO - [2023-11-30T09:34:57.738+0000] {dag.py:3722} INFO - Setting next_dagrun for example_external_task_marker_parent to None, run_after=None
[2023-11-30T09:34:57.766+0000] {processor.py:179} INFO - Processing /home/airflow/.local/lib/python3.8/site-packages/airflow/example_dags/example_external_task_marker_dag.py took 0.119 seconds
[2023-11-30T09:35:28.343+0000] {processor.py:157} INFO - Started process (PID=30301) to work on /home/airflow/.local/lib/python3.8/site-packages/airflow/example_dags/example_external_task_marker_dag.py
[2023-11-30T09:35:28.345+0000] {processor.py:829} INFO - Processing file /home/airflow/.local/lib/python3.8/site-packages/airflow/example_dags/example_external_task_marker_dag.py for tasks to queue
[2023-11-30T09:35:28.347+0000] {logging_mixin.py:154} INFO - [2023-11-30T09:35:28.347+0000] {dagbag.py:536} INFO - Filling up the DagBag from /home/airflow/.local/lib/python3.8/site-packages/airflow/example_dags/example_external_task_marker_dag.py
[2023-11-30T09:35:28.358+0000] {processor.py:839} INFO - DAG(s) dict_keys(['example_external_task_marker_parent', 'example_external_task_marker_child']) retrieved from /home/airflow/.local/lib/python3.8/site-packages/airflow/example_dags/example_external_task_marker_dag.py
[2023-11-30T09:35:28.412+0000] {logging_mixin.py:154} INFO - [2023-11-30T09:35:28.411+0000] {dag.py:2941} INFO - Sync 2 DAGs
[2023-11-30T09:35:28.451+0000] {logging_mixin.py:154} INFO - [2023-11-30T09:35:28.451+0000] {dag.py:3722} INFO - Setting next_dagrun for example_external_task_marker_child to None, run_after=None
[2023-11-30T09:35:28.458+0000] {logging_mixin.py:154} INFO - [2023-11-30T09:35:28.458+0000] {dag.py:3722} INFO - Setting next_dagrun for example_external_task_marker_parent to None, run_after=None
[2023-11-30T09:35:28.493+0000] {processor.py:179} INFO - Processing /home/airflow/.local/lib/python3.8/site-packages/airflow/example_dags/example_external_task_marker_dag.py took 0.156 seconds
[2023-11-30T09:35:59.008+0000] {processor.py:157} INFO - Started process (PID=30355) to work on /home/airflow/.local/lib/python3.8/site-packages/airflow/example_dags/example_external_task_marker_dag.py
[2023-11-30T09:35:59.011+0000] {processor.py:829} INFO - Processing file /home/airflow/.local/lib/python3.8/site-packages/airflow/example_dags/example_external_task_marker_dag.py for tasks to queue
[2023-11-30T09:35:59.015+0000] {logging_mixin.py:154} INFO - [2023-11-30T09:35:59.014+0000] {dagbag.py:536} INFO - Filling up the DagBag from /home/airflow/.local/lib/python3.8/site-packages/airflow/example_dags/example_external_task_marker_dag.py
[2023-11-30T09:35:59.039+0000] {processor.py:839} INFO - DAG(s) dict_keys(['example_external_task_marker_child', 'example_external_task_marker_parent']) retrieved from /home/airflow/.local/lib/python3.8/site-packages/airflow/example_dags/example_external_task_marker_dag.py
[2023-11-30T09:35:59.083+0000] {logging_mixin.py:154} INFO - [2023-11-30T09:35:59.082+0000] {dag.py:2941} INFO - Sync 2 DAGs
[2023-11-30T09:35:59.103+0000] {logging_mixin.py:154} INFO - [2023-11-30T09:35:59.103+0000] {dag.py:3722} INFO - Setting next_dagrun for example_external_task_marker_child to None, run_after=None
[2023-11-30T09:35:59.113+0000] {logging_mixin.py:154} INFO - [2023-11-30T09:35:59.112+0000] {dag.py:3722} INFO - Setting next_dagrun for example_external_task_marker_parent to None, run_after=None
[2023-11-30T09:35:59.148+0000] {processor.py:179} INFO - Processing /home/airflow/.local/lib/python3.8/site-packages/airflow/example_dags/example_external_task_marker_dag.py took 0.148 seconds
[2023-11-30T09:36:29.395+0000] {processor.py:157} INFO - Started process (PID=30410) to work on /home/airflow/.local/lib/python3.8/site-packages/airflow/example_dags/example_external_task_marker_dag.py
[2023-11-30T09:36:29.410+0000] {processor.py:829} INFO - Processing file /home/airflow/.local/lib/python3.8/site-packages/airflow/example_dags/example_external_task_marker_dag.py for tasks to queue
[2023-11-30T09:36:29.413+0000] {logging_mixin.py:154} INFO - [2023-11-30T09:36:29.413+0000] {dagbag.py:536} INFO - Filling up the DagBag from /home/airflow/.local/lib/python3.8/site-packages/airflow/example_dags/example_external_task_marker_dag.py
[2023-11-30T09:36:29.426+0000] {processor.py:839} INFO - DAG(s) dict_keys(['example_external_task_marker_parent', 'example_external_task_marker_child']) retrieved from /home/airflow/.local/lib/python3.8/site-packages/airflow/example_dags/example_external_task_marker_dag.py
[2023-11-30T09:36:29.480+0000] {logging_mixin.py:154} INFO - [2023-11-30T09:36:29.480+0000] {dag.py:2941} INFO - Sync 2 DAGs
[2023-11-30T09:36:29.515+0000] {logging_mixin.py:154} INFO - [2023-11-30T09:36:29.515+0000] {dag.py:3722} INFO - Setting next_dagrun for example_external_task_marker_child to None, run_after=None
[2023-11-30T09:36:29.521+0000] {logging_mixin.py:154} INFO - [2023-11-30T09:36:29.521+0000] {dag.py:3722} INFO - Setting next_dagrun for example_external_task_marker_parent to None, run_after=None
[2023-11-30T09:36:29.558+0000] {processor.py:179} INFO - Processing /home/airflow/.local/lib/python3.8/site-packages/airflow/example_dags/example_external_task_marker_dag.py took 0.171 seconds
[2023-11-30T09:36:59.819+0000] {processor.py:157} INFO - Started process (PID=30464) to work on /home/airflow/.local/lib/python3.8/site-packages/airflow/example_dags/example_external_task_marker_dag.py
[2023-11-30T09:36:59.821+0000] {processor.py:829} INFO - Processing file /home/airflow/.local/lib/python3.8/site-packages/airflow/example_dags/example_external_task_marker_dag.py for tasks to queue
[2023-11-30T09:36:59.825+0000] {logging_mixin.py:154} INFO - [2023-11-30T09:36:59.824+0000] {dagbag.py:536} INFO - Filling up the DagBag from /home/airflow/.local/lib/python3.8/site-packages/airflow/example_dags/example_external_task_marker_dag.py
[2023-11-30T09:36:59.838+0000] {processor.py:839} INFO - DAG(s) dict_keys(['example_external_task_marker_child', 'example_external_task_marker_parent']) retrieved from /home/airflow/.local/lib/python3.8/site-packages/airflow/example_dags/example_external_task_marker_dag.py
[2023-11-30T09:36:59.891+0000] {logging_mixin.py:154} INFO - [2023-11-30T09:36:59.891+0000] {dag.py:2941} INFO - Sync 2 DAGs
[2023-11-30T09:36:59.913+0000] {logging_mixin.py:154} INFO - [2023-11-30T09:36:59.913+0000] {dag.py:3722} INFO - Setting next_dagrun for example_external_task_marker_child to None, run_after=None
[2023-11-30T09:36:59.919+0000] {logging_mixin.py:154} INFO - [2023-11-30T09:36:59.919+0000] {dag.py:3722} INFO - Setting next_dagrun for example_external_task_marker_parent to None, run_after=None
[2023-11-30T09:36:59.952+0000] {processor.py:179} INFO - Processing /home/airflow/.local/lib/python3.8/site-packages/airflow/example_dags/example_external_task_marker_dag.py took 0.141 seconds
[2023-11-30T09:37:30.147+0000] {processor.py:157} INFO - Started process (PID=30519) to work on /home/airflow/.local/lib/python3.8/site-packages/airflow/example_dags/example_external_task_marker_dag.py
[2023-11-30T09:37:30.150+0000] {processor.py:829} INFO - Processing file /home/airflow/.local/lib/python3.8/site-packages/airflow/example_dags/example_external_task_marker_dag.py for tasks to queue
[2023-11-30T09:37:30.152+0000] {logging_mixin.py:154} INFO - [2023-11-30T09:37:30.152+0000] {dagbag.py:536} INFO - Filling up the DagBag from /home/airflow/.local/lib/python3.8/site-packages/airflow/example_dags/example_external_task_marker_dag.py
[2023-11-30T09:37:30.163+0000] {processor.py:839} INFO - DAG(s) dict_keys(['example_external_task_marker_parent', 'example_external_task_marker_child']) retrieved from /home/airflow/.local/lib/python3.8/site-packages/airflow/example_dags/example_external_task_marker_dag.py
[2023-11-30T09:37:30.210+0000] {logging_mixin.py:154} INFO - [2023-11-30T09:37:30.210+0000] {dag.py:2941} INFO - Sync 2 DAGs
[2023-11-30T09:37:30.231+0000] {logging_mixin.py:154} INFO - [2023-11-30T09:37:30.231+0000] {dag.py:3722} INFO - Setting next_dagrun for example_external_task_marker_child to None, run_after=None
[2023-11-30T09:37:30.238+0000] {logging_mixin.py:154} INFO - [2023-11-30T09:37:30.238+0000] {dag.py:3722} INFO - Setting next_dagrun for example_external_task_marker_parent to None, run_after=None
[2023-11-30T09:37:30.265+0000] {processor.py:179} INFO - Processing /home/airflow/.local/lib/python3.8/site-packages/airflow/example_dags/example_external_task_marker_dag.py took 0.124 seconds
[2023-11-30T09:38:00.409+0000] {processor.py:157} INFO - Started process (PID=30573) to work on /home/airflow/.local/lib/python3.8/site-packages/airflow/example_dags/example_external_task_marker_dag.py
[2023-11-30T09:38:00.411+0000] {processor.py:829} INFO - Processing file /home/airflow/.local/lib/python3.8/site-packages/airflow/example_dags/example_external_task_marker_dag.py for tasks to queue
[2023-11-30T09:38:00.413+0000] {logging_mixin.py:154} INFO - [2023-11-30T09:38:00.413+0000] {dagbag.py:536} INFO - Filling up the DagBag from /home/airflow/.local/lib/python3.8/site-packages/airflow/example_dags/example_external_task_marker_dag.py
[2023-11-30T09:38:00.424+0000] {processor.py:839} INFO - DAG(s) dict_keys(['example_external_task_marker_child', 'example_external_task_marker_parent']) retrieved from /home/airflow/.local/lib/python3.8/site-packages/airflow/example_dags/example_external_task_marker_dag.py
[2023-11-30T09:38:00.476+0000] {logging_mixin.py:154} INFO - [2023-11-30T09:38:00.476+0000] {dag.py:2941} INFO - Sync 2 DAGs
[2023-11-30T09:38:00.496+0000] {logging_mixin.py:154} INFO - [2023-11-30T09:38:00.496+0000] {dag.py:3722} INFO - Setting next_dagrun for example_external_task_marker_child to None, run_after=None
[2023-11-30T09:38:00.503+0000] {logging_mixin.py:154} INFO - [2023-11-30T09:38:00.503+0000] {dag.py:3722} INFO - Setting next_dagrun for example_external_task_marker_parent to None, run_after=None
[2023-11-30T09:38:00.540+0000] {processor.py:179} INFO - Processing /home/airflow/.local/lib/python3.8/site-packages/airflow/example_dags/example_external_task_marker_dag.py took 0.137 seconds
[2023-11-30T09:38:31.591+0000] {processor.py:157} INFO - Started process (PID=30626) to work on /home/airflow/.local/lib/python3.8/site-packages/airflow/example_dags/example_external_task_marker_dag.py
[2023-11-30T09:38:31.593+0000] {processor.py:829} INFO - Processing file /home/airflow/.local/lib/python3.8/site-packages/airflow/example_dags/example_external_task_marker_dag.py for tasks to queue
[2023-11-30T09:38:31.595+0000] {logging_mixin.py:154} INFO - [2023-11-30T09:38:31.595+0000] {dagbag.py:536} INFO - Filling up the DagBag from /home/airflow/.local/lib/python3.8/site-packages/airflow/example_dags/example_external_task_marker_dag.py
[2023-11-30T09:38:31.607+0000] {processor.py:839} INFO - DAG(s) dict_keys(['example_external_task_marker_parent', 'example_external_task_marker_child']) retrieved from /home/airflow/.local/lib/python3.8/site-packages/airflow/example_dags/example_external_task_marker_dag.py
[2023-11-30T09:38:31.656+0000] {logging_mixin.py:154} INFO - [2023-11-30T09:38:31.656+0000] {dag.py:2941} INFO - Sync 2 DAGs
[2023-11-30T09:38:31.676+0000] {logging_mixin.py:154} INFO - [2023-11-30T09:38:31.676+0000] {dag.py:3722} INFO - Setting next_dagrun for example_external_task_marker_child to None, run_after=None
[2023-11-30T09:38:31.682+0000] {logging_mixin.py:154} INFO - [2023-11-30T09:38:31.682+0000] {dag.py:3722} INFO - Setting next_dagrun for example_external_task_marker_parent to None, run_after=None
[2023-11-30T09:38:31.722+0000] {processor.py:179} INFO - Processing /home/airflow/.local/lib/python3.8/site-packages/airflow/example_dags/example_external_task_marker_dag.py took 0.136 seconds
[2023-11-30T09:39:02.077+0000] {processor.py:157} INFO - Started process (PID=30674) to work on /home/airflow/.local/lib/python3.8/site-packages/airflow/example_dags/example_external_task_marker_dag.py
[2023-11-30T09:39:02.079+0000] {processor.py:829} INFO - Processing file /home/airflow/.local/lib/python3.8/site-packages/airflow/example_dags/example_external_task_marker_dag.py for tasks to queue
[2023-11-30T09:39:02.080+0000] {logging_mixin.py:154} INFO - [2023-11-30T09:39:02.080+0000] {dagbag.py:536} INFO - Filling up the DagBag from /home/airflow/.local/lib/python3.8/site-packages/airflow/example_dags/example_external_task_marker_dag.py
[2023-11-30T09:39:02.103+0000] {processor.py:839} INFO - DAG(s) dict_keys(['example_external_task_marker_child', 'example_external_task_marker_parent']) retrieved from /home/airflow/.local/lib/python3.8/site-packages/airflow/example_dags/example_external_task_marker_dag.py
[2023-11-30T09:39:02.182+0000] {logging_mixin.py:154} INFO - [2023-11-30T09:39:02.182+0000] {dag.py:2941} INFO - Sync 2 DAGs
[2023-11-30T09:39:02.208+0000] {logging_mixin.py:154} INFO - [2023-11-30T09:39:02.208+0000] {dag.py:3722} INFO - Setting next_dagrun for example_external_task_marker_child to None, run_after=None
[2023-11-30T09:39:02.214+0000] {logging_mixin.py:154} INFO - [2023-11-30T09:39:02.214+0000] {dag.py:3722} INFO - Setting next_dagrun for example_external_task_marker_parent to None, run_after=None
[2023-11-30T09:39:02.245+0000] {processor.py:179} INFO - Processing /home/airflow/.local/lib/python3.8/site-packages/airflow/example_dags/example_external_task_marker_dag.py took 0.178 seconds
[2023-11-30T09:39:33.153+0000] {processor.py:157} INFO - Started process (PID=30729) to work on /home/airflow/.local/lib/python3.8/site-packages/airflow/example_dags/example_external_task_marker_dag.py
[2023-11-30T09:39:33.156+0000] {processor.py:829} INFO - Processing file /home/airflow/.local/lib/python3.8/site-packages/airflow/example_dags/example_external_task_marker_dag.py for tasks to queue
[2023-11-30T09:39:33.157+0000] {logging_mixin.py:154} INFO - [2023-11-30T09:39:33.157+0000] {dagbag.py:536} INFO - Filling up the DagBag from /home/airflow/.local/lib/python3.8/site-packages/airflow/example_dags/example_external_task_marker_dag.py
[2023-11-30T09:39:33.172+0000] {processor.py:839} INFO - DAG(s) dict_keys(['example_external_task_marker_parent', 'example_external_task_marker_child']) retrieved from /home/airflow/.local/lib/python3.8/site-packages/airflow/example_dags/example_external_task_marker_dag.py
[2023-11-30T09:39:33.236+0000] {logging_mixin.py:154} INFO - [2023-11-30T09:39:33.236+0000] {dag.py:2941} INFO - Sync 2 DAGs
[2023-11-30T09:39:33.268+0000] {logging_mixin.py:154} INFO - [2023-11-30T09:39:33.268+0000] {dag.py:3722} INFO - Setting next_dagrun for example_external_task_marker_child to None, run_after=None
[2023-11-30T09:39:33.275+0000] {logging_mixin.py:154} INFO - [2023-11-30T09:39:33.275+0000] {dag.py:3722} INFO - Setting next_dagrun for example_external_task_marker_parent to None, run_after=None
[2023-11-30T09:39:33.321+0000] {processor.py:179} INFO - Processing /home/airflow/.local/lib/python3.8/site-packages/airflow/example_dags/example_external_task_marker_dag.py took 0.177 seconds
[2023-11-30T09:40:04.174+0000] {processor.py:157} INFO - Started process (PID=30783) to work on /home/airflow/.local/lib/python3.8/site-packages/airflow/example_dags/example_external_task_marker_dag.py
[2023-11-30T09:40:04.179+0000] {processor.py:829} INFO - Processing file /home/airflow/.local/lib/python3.8/site-packages/airflow/example_dags/example_external_task_marker_dag.py for tasks to queue
[2023-11-30T09:40:04.181+0000] {logging_mixin.py:154} INFO - [2023-11-30T09:40:04.181+0000] {dagbag.py:536} INFO - Filling up the DagBag from /home/airflow/.local/lib/python3.8/site-packages/airflow/example_dags/example_external_task_marker_dag.py
[2023-11-30T09:40:04.193+0000] {processor.py:839} INFO - DAG(s) dict_keys(['example_external_task_marker_child', 'example_external_task_marker_parent']) retrieved from /home/airflow/.local/lib/python3.8/site-packages/airflow/example_dags/example_external_task_marker_dag.py
[2023-11-30T09:40:04.247+0000] {logging_mixin.py:154} INFO - [2023-11-30T09:40:04.247+0000] {dag.py:2941} INFO - Sync 2 DAGs
[2023-11-30T09:40:04.267+0000] {logging_mixin.py:154} INFO - [2023-11-30T09:40:04.267+0000] {dag.py:3722} INFO - Setting next_dagrun for example_external_task_marker_child to None, run_after=None
[2023-11-30T09:40:04.272+0000] {logging_mixin.py:154} INFO - [2023-11-30T09:40:04.271+0000] {dag.py:3722} INFO - Setting next_dagrun for example_external_task_marker_parent to None, run_after=None
[2023-11-30T09:40:04.306+0000] {processor.py:179} INFO - Processing /home/airflow/.local/lib/python3.8/site-packages/airflow/example_dags/example_external_task_marker_dag.py took 0.137 seconds
[2023-11-30T09:40:35.361+0000] {processor.py:157} INFO - Started process (PID=30838) to work on /home/airflow/.local/lib/python3.8/site-packages/airflow/example_dags/example_external_task_marker_dag.py
[2023-11-30T09:40:35.366+0000] {processor.py:829} INFO - Processing file /home/airflow/.local/lib/python3.8/site-packages/airflow/example_dags/example_external_task_marker_dag.py for tasks to queue
[2023-11-30T09:40:35.371+0000] {logging_mixin.py:154} INFO - [2023-11-30T09:40:35.370+0000] {dagbag.py:536} INFO - Filling up the DagBag from /home/airflow/.local/lib/python3.8/site-packages/airflow/example_dags/example_external_task_marker_dag.py
[2023-11-30T09:40:35.477+0000] {processor.py:839} INFO - DAG(s) dict_keys(['example_external_task_marker_parent', 'example_external_task_marker_child']) retrieved from /home/airflow/.local/lib/python3.8/site-packages/airflow/example_dags/example_external_task_marker_dag.py
