[2023-11-30T09:00:10.912+0000] {processor.py:157} INFO - Started process (PID=29962) to work on /home/airflow/.local/lib/python3.8/site-packages/airflow/example_dags/example_trigger_controller_dag.py
[2023-11-30T09:00:10.975+0000] {processor.py:829} INFO - Processing file /home/airflow/.local/lib/python3.8/site-packages/airflow/example_dags/example_trigger_controller_dag.py for tasks to queue
[2023-11-30T09:00:10.982+0000] {logging_mixin.py:154} INFO - [2023-11-30T09:00:10.980+0000] {dagbag.py:536} INFO - Filling up the DagBag from /home/airflow/.local/lib/python3.8/site-packages/airflow/example_dags/example_trigger_controller_dag.py
[2023-11-30T09:00:11.026+0000] {processor.py:839} INFO - DAG(s) dict_keys(['example_trigger_controller_dag']) retrieved from /home/airflow/.local/lib/python3.8/site-packages/airflow/example_dags/example_trigger_controller_dag.py
[2023-11-30T09:00:11.339+0000] {logging_mixin.py:154} INFO - [2023-11-30T09:00:11.338+0000] {dag.py:2941} INFO - Sync 1 DAGs
[2023-11-30T09:00:11.778+0000] {logging_mixin.py:154} INFO - [2023-11-30T09:00:11.771+0000] {dag.py:3722} INFO - Setting next_dagrun for example_trigger_controller_dag to 2021-01-01T00:00:00+00:00, run_after=2021-01-01T00:00:00+00:00
[2023-11-30T09:00:13.164+0000] {processor.py:179} INFO - Processing /home/airflow/.local/lib/python3.8/site-packages/airflow/example_dags/example_trigger_controller_dag.py took 2.309 seconds
[2023-11-30T09:32:54.527+0000] {processor.py:157} INFO - Started process (PID=30032) to work on /home/airflow/.local/lib/python3.8/site-packages/airflow/example_dags/example_trigger_controller_dag.py
[2023-11-30T09:32:54.542+0000] {processor.py:829} INFO - Processing file /home/airflow/.local/lib/python3.8/site-packages/airflow/example_dags/example_trigger_controller_dag.py for tasks to queue
[2023-11-30T09:32:54.544+0000] {logging_mixin.py:154} INFO - [2023-11-30T09:32:54.543+0000] {dagbag.py:536} INFO - Filling up the DagBag from /home/airflow/.local/lib/python3.8/site-packages/airflow/example_dags/example_trigger_controller_dag.py
[2023-11-30T09:32:54.584+0000] {processor.py:839} INFO - DAG(s) dict_keys(['example_trigger_controller_dag']) retrieved from /home/airflow/.local/lib/python3.8/site-packages/airflow/example_dags/example_trigger_controller_dag.py
[2023-11-30T09:32:54.728+0000] {logging_mixin.py:154} INFO - [2023-11-30T09:32:54.727+0000] {dag.py:2941} INFO - Sync 1 DAGs
[2023-11-30T09:32:54.825+0000] {logging_mixin.py:154} INFO - [2023-11-30T09:32:54.825+0000] {dag.py:3722} INFO - Setting next_dagrun for example_trigger_controller_dag to 2021-01-01T00:00:00+00:00, run_after=2021-01-01T00:00:00+00:00
[2023-11-30T09:32:54.917+0000] {processor.py:179} INFO - Processing /home/airflow/.local/lib/python3.8/site-packages/airflow/example_dags/example_trigger_controller_dag.py took 0.395 seconds
[2023-11-30T09:33:25.143+0000] {processor.py:157} INFO - Started process (PID=30087) to work on /home/airflow/.local/lib/python3.8/site-packages/airflow/example_dags/example_trigger_controller_dag.py
[2023-11-30T09:33:25.145+0000] {processor.py:829} INFO - Processing file /home/airflow/.local/lib/python3.8/site-packages/airflow/example_dags/example_trigger_controller_dag.py for tasks to queue
[2023-11-30T09:33:25.147+0000] {logging_mixin.py:154} INFO - [2023-11-30T09:33:25.146+0000] {dagbag.py:536} INFO - Filling up the DagBag from /home/airflow/.local/lib/python3.8/site-packages/airflow/example_dags/example_trigger_controller_dag.py
[2023-11-30T09:33:25.155+0000] {processor.py:839} INFO - DAG(s) dict_keys(['example_trigger_controller_dag']) retrieved from /home/airflow/.local/lib/python3.8/site-packages/airflow/example_dags/example_trigger_controller_dag.py
[2023-11-30T09:33:25.192+0000] {logging_mixin.py:154} INFO - [2023-11-30T09:33:25.192+0000] {dag.py:2941} INFO - Sync 1 DAGs
[2023-11-30T09:33:25.231+0000] {logging_mixin.py:154} INFO - [2023-11-30T09:33:25.231+0000] {dag.py:3722} INFO - Setting next_dagrun for example_trigger_controller_dag to 2021-01-01T00:00:00+00:00, run_after=2021-01-01T00:00:00+00:00
[2023-11-30T09:33:25.270+0000] {processor.py:179} INFO - Processing /home/airflow/.local/lib/python3.8/site-packages/airflow/example_dags/example_trigger_controller_dag.py took 0.132 seconds
[2023-11-30T09:33:55.833+0000] {processor.py:157} INFO - Started process (PID=30142) to work on /home/airflow/.local/lib/python3.8/site-packages/airflow/example_dags/example_trigger_controller_dag.py
[2023-11-30T09:33:55.835+0000] {processor.py:829} INFO - Processing file /home/airflow/.local/lib/python3.8/site-packages/airflow/example_dags/example_trigger_controller_dag.py for tasks to queue
[2023-11-30T09:33:55.837+0000] {logging_mixin.py:154} INFO - [2023-11-30T09:33:55.836+0000] {dagbag.py:536} INFO - Filling up the DagBag from /home/airflow/.local/lib/python3.8/site-packages/airflow/example_dags/example_trigger_controller_dag.py
[2023-11-30T09:33:55.847+0000] {processor.py:839} INFO - DAG(s) dict_keys(['example_trigger_controller_dag']) retrieved from /home/airflow/.local/lib/python3.8/site-packages/airflow/example_dags/example_trigger_controller_dag.py
[2023-11-30T09:33:55.890+0000] {logging_mixin.py:154} INFO - [2023-11-30T09:33:55.889+0000] {dag.py:2941} INFO - Sync 1 DAGs
[2023-11-30T09:33:55.922+0000] {logging_mixin.py:154} INFO - [2023-11-30T09:33:55.921+0000] {dag.py:3722} INFO - Setting next_dagrun for example_trigger_controller_dag to 2021-01-01T00:00:00+00:00, run_after=2021-01-01T00:00:00+00:00
[2023-11-30T09:33:55.956+0000] {processor.py:179} INFO - Processing /home/airflow/.local/lib/python3.8/site-packages/airflow/example_dags/example_trigger_controller_dag.py took 0.129 seconds
[2023-11-30T09:34:27.120+0000] {processor.py:157} INFO - Started process (PID=30196) to work on /home/airflow/.local/lib/python3.8/site-packages/airflow/example_dags/example_trigger_controller_dag.py
[2023-11-30T09:34:27.123+0000] {processor.py:829} INFO - Processing file /home/airflow/.local/lib/python3.8/site-packages/airflow/example_dags/example_trigger_controller_dag.py for tasks to queue
[2023-11-30T09:34:27.125+0000] {logging_mixin.py:154} INFO - [2023-11-30T09:34:27.125+0000] {dagbag.py:536} INFO - Filling up the DagBag from /home/airflow/.local/lib/python3.8/site-packages/airflow/example_dags/example_trigger_controller_dag.py
[2023-11-30T09:34:27.136+0000] {processor.py:839} INFO - DAG(s) dict_keys(['example_trigger_controller_dag']) retrieved from /home/airflow/.local/lib/python3.8/site-packages/airflow/example_dags/example_trigger_controller_dag.py
[2023-11-30T09:34:27.186+0000] {logging_mixin.py:154} INFO - [2023-11-30T09:34:27.185+0000] {dag.py:2941} INFO - Sync 1 DAGs
[2023-11-30T09:34:27.246+0000] {logging_mixin.py:154} INFO - [2023-11-30T09:34:27.245+0000] {dag.py:3722} INFO - Setting next_dagrun for example_trigger_controller_dag to 2021-01-01T00:00:00+00:00, run_after=2021-01-01T00:00:00+00:00
[2023-11-30T09:34:27.294+0000] {processor.py:179} INFO - Processing /home/airflow/.local/lib/python3.8/site-packages/airflow/example_dags/example_trigger_controller_dag.py took 0.185 seconds
[2023-11-30T09:34:57.807+0000] {processor.py:157} INFO - Started process (PID=30251) to work on /home/airflow/.local/lib/python3.8/site-packages/airflow/example_dags/example_trigger_controller_dag.py
[2023-11-30T09:34:57.809+0000] {processor.py:829} INFO - Processing file /home/airflow/.local/lib/python3.8/site-packages/airflow/example_dags/example_trigger_controller_dag.py for tasks to queue
[2023-11-30T09:34:57.810+0000] {logging_mixin.py:154} INFO - [2023-11-30T09:34:57.810+0000] {dagbag.py:536} INFO - Filling up the DagBag from /home/airflow/.local/lib/python3.8/site-packages/airflow/example_dags/example_trigger_controller_dag.py
[2023-11-30T09:34:57.818+0000] {processor.py:839} INFO - DAG(s) dict_keys(['example_trigger_controller_dag']) retrieved from /home/airflow/.local/lib/python3.8/site-packages/airflow/example_dags/example_trigger_controller_dag.py
[2023-11-30T09:34:57.857+0000] {logging_mixin.py:154} INFO - [2023-11-30T09:34:57.857+0000] {dag.py:2941} INFO - Sync 1 DAGs
[2023-11-30T09:34:57.892+0000] {logging_mixin.py:154} INFO - [2023-11-30T09:34:57.891+0000] {dag.py:3722} INFO - Setting next_dagrun for example_trigger_controller_dag to 2021-01-01T00:00:00+00:00, run_after=2021-01-01T00:00:00+00:00
[2023-11-30T09:34:57.925+0000] {processor.py:179} INFO - Processing /home/airflow/.local/lib/python3.8/site-packages/airflow/example_dags/example_trigger_controller_dag.py took 0.123 seconds
[2023-11-30T09:35:28.531+0000] {processor.py:157} INFO - Started process (PID=30302) to work on /home/airflow/.local/lib/python3.8/site-packages/airflow/example_dags/example_trigger_controller_dag.py
[2023-11-30T09:35:28.533+0000] {processor.py:829} INFO - Processing file /home/airflow/.local/lib/python3.8/site-packages/airflow/example_dags/example_trigger_controller_dag.py for tasks to queue
[2023-11-30T09:35:28.535+0000] {logging_mixin.py:154} INFO - [2023-11-30T09:35:28.535+0000] {dagbag.py:536} INFO - Filling up the DagBag from /home/airflow/.local/lib/python3.8/site-packages/airflow/example_dags/example_trigger_controller_dag.py
[2023-11-30T09:35:28.544+0000] {processor.py:839} INFO - DAG(s) dict_keys(['example_trigger_controller_dag']) retrieved from /home/airflow/.local/lib/python3.8/site-packages/airflow/example_dags/example_trigger_controller_dag.py
[2023-11-30T09:35:28.586+0000] {logging_mixin.py:154} INFO - [2023-11-30T09:35:28.586+0000] {dag.py:2941} INFO - Sync 1 DAGs
[2023-11-30T09:35:28.619+0000] {logging_mixin.py:154} INFO - [2023-11-30T09:35:28.618+0000] {dag.py:3722} INFO - Setting next_dagrun for example_trigger_controller_dag to 2021-01-01T00:00:00+00:00, run_after=2021-01-01T00:00:00+00:00
[2023-11-30T09:35:28.649+0000] {processor.py:179} INFO - Processing /home/airflow/.local/lib/python3.8/site-packages/airflow/example_dags/example_trigger_controller_dag.py took 0.123 seconds
[2023-11-30T09:35:59.190+0000] {processor.py:157} INFO - Started process (PID=30356) to work on /home/airflow/.local/lib/python3.8/site-packages/airflow/example_dags/example_trigger_controller_dag.py
[2023-11-30T09:35:59.193+0000] {processor.py:829} INFO - Processing file /home/airflow/.local/lib/python3.8/site-packages/airflow/example_dags/example_trigger_controller_dag.py for tasks to queue
[2023-11-30T09:35:59.194+0000] {logging_mixin.py:154} INFO - [2023-11-30T09:35:59.194+0000] {dagbag.py:536} INFO - Filling up the DagBag from /home/airflow/.local/lib/python3.8/site-packages/airflow/example_dags/example_trigger_controller_dag.py
[2023-11-30T09:35:59.201+0000] {processor.py:839} INFO - DAG(s) dict_keys(['example_trigger_controller_dag']) retrieved from /home/airflow/.local/lib/python3.8/site-packages/airflow/example_dags/example_trigger_controller_dag.py
[2023-11-30T09:35:59.239+0000] {logging_mixin.py:154} INFO - [2023-11-30T09:35:59.239+0000] {dag.py:2941} INFO - Sync 1 DAGs
[2023-11-30T09:35:59.286+0000] {logging_mixin.py:154} INFO - [2023-11-30T09:35:59.285+0000] {dag.py:3722} INFO - Setting next_dagrun for example_trigger_controller_dag to 2021-01-01T00:00:00+00:00, run_after=2021-01-01T00:00:00+00:00
[2023-11-30T09:35:59.335+0000] {processor.py:179} INFO - Processing /home/airflow/.local/lib/python3.8/site-packages/airflow/example_dags/example_trigger_controller_dag.py took 0.150 seconds
[2023-11-30T09:36:29.629+0000] {processor.py:157} INFO - Started process (PID=30411) to work on /home/airflow/.local/lib/python3.8/site-packages/airflow/example_dags/example_trigger_controller_dag.py
[2023-11-30T09:36:29.633+0000] {processor.py:829} INFO - Processing file /home/airflow/.local/lib/python3.8/site-packages/airflow/example_dags/example_trigger_controller_dag.py for tasks to queue
[2023-11-30T09:36:29.636+0000] {logging_mixin.py:154} INFO - [2023-11-30T09:36:29.635+0000] {dagbag.py:536} INFO - Filling up the DagBag from /home/airflow/.local/lib/python3.8/site-packages/airflow/example_dags/example_trigger_controller_dag.py
[2023-11-30T09:36:29.645+0000] {processor.py:839} INFO - DAG(s) dict_keys(['example_trigger_controller_dag']) retrieved from /home/airflow/.local/lib/python3.8/site-packages/airflow/example_dags/example_trigger_controller_dag.py
[2023-11-30T09:36:29.704+0000] {logging_mixin.py:154} INFO - [2023-11-30T09:36:29.704+0000] {dag.py:2941} INFO - Sync 1 DAGs
[2023-11-30T09:36:29.739+0000] {logging_mixin.py:154} INFO - [2023-11-30T09:36:29.738+0000] {dag.py:3722} INFO - Setting next_dagrun for example_trigger_controller_dag to 2021-01-01T00:00:00+00:00, run_after=2021-01-01T00:00:00+00:00
[2023-11-30T09:36:29.769+0000] {processor.py:179} INFO - Processing /home/airflow/.local/lib/python3.8/site-packages/airflow/example_dags/example_trigger_controller_dag.py took 0.149 seconds
[2023-11-30T09:36:59.993+0000] {processor.py:157} INFO - Started process (PID=30465) to work on /home/airflow/.local/lib/python3.8/site-packages/airflow/example_dags/example_trigger_controller_dag.py
[2023-11-30T09:36:59.994+0000] {processor.py:829} INFO - Processing file /home/airflow/.local/lib/python3.8/site-packages/airflow/example_dags/example_trigger_controller_dag.py for tasks to queue
[2023-11-30T09:36:59.996+0000] {logging_mixin.py:154} INFO - [2023-11-30T09:36:59.996+0000] {dagbag.py:536} INFO - Filling up the DagBag from /home/airflow/.local/lib/python3.8/site-packages/airflow/example_dags/example_trigger_controller_dag.py
[2023-11-30T09:37:00.004+0000] {processor.py:839} INFO - DAG(s) dict_keys(['example_trigger_controller_dag']) retrieved from /home/airflow/.local/lib/python3.8/site-packages/airflow/example_dags/example_trigger_controller_dag.py
[2023-11-30T09:37:00.045+0000] {logging_mixin.py:154} INFO - [2023-11-30T09:37:00.044+0000] {dag.py:2941} INFO - Sync 1 DAGs
[2023-11-30T09:37:00.076+0000] {logging_mixin.py:154} INFO - [2023-11-30T09:37:00.076+0000] {dag.py:3722} INFO - Setting next_dagrun for example_trigger_controller_dag to 2021-01-01T00:00:00+00:00, run_after=2021-01-01T00:00:00+00:00
[2023-11-30T09:37:00.107+0000] {processor.py:179} INFO - Processing /home/airflow/.local/lib/python3.8/site-packages/airflow/example_dags/example_trigger_controller_dag.py took 0.120 seconds
[2023-11-30T09:37:30.310+0000] {processor.py:157} INFO - Started process (PID=30520) to work on /home/airflow/.local/lib/python3.8/site-packages/airflow/example_dags/example_trigger_controller_dag.py
[2023-11-30T09:37:30.312+0000] {processor.py:829} INFO - Processing file /home/airflow/.local/lib/python3.8/site-packages/airflow/example_dags/example_trigger_controller_dag.py for tasks to queue
[2023-11-30T09:37:30.314+0000] {logging_mixin.py:154} INFO - [2023-11-30T09:37:30.313+0000] {dagbag.py:536} INFO - Filling up the DagBag from /home/airflow/.local/lib/python3.8/site-packages/airflow/example_dags/example_trigger_controller_dag.py
[2023-11-30T09:37:30.321+0000] {processor.py:839} INFO - DAG(s) dict_keys(['example_trigger_controller_dag']) retrieved from /home/airflow/.local/lib/python3.8/site-packages/airflow/example_dags/example_trigger_controller_dag.py
[2023-11-30T09:37:30.363+0000] {logging_mixin.py:154} INFO - [2023-11-30T09:37:30.362+0000] {dag.py:2941} INFO - Sync 1 DAGs
[2023-11-30T09:37:30.396+0000] {logging_mixin.py:154} INFO - [2023-11-30T09:37:30.396+0000] {dag.py:3722} INFO - Setting next_dagrun for example_trigger_controller_dag to 2021-01-01T00:00:00+00:00, run_after=2021-01-01T00:00:00+00:00
[2023-11-30T09:37:30.427+0000] {processor.py:179} INFO - Processing /home/airflow/.local/lib/python3.8/site-packages/airflow/example_dags/example_trigger_controller_dag.py took 0.124 seconds
[2023-11-30T09:38:00.571+0000] {processor.py:157} INFO - Started process (PID=30574) to work on /home/airflow/.local/lib/python3.8/site-packages/airflow/example_dags/example_trigger_controller_dag.py
[2023-11-30T09:38:00.573+0000] {processor.py:829} INFO - Processing file /home/airflow/.local/lib/python3.8/site-packages/airflow/example_dags/example_trigger_controller_dag.py for tasks to queue
[2023-11-30T09:38:00.574+0000] {logging_mixin.py:154} INFO - [2023-11-30T09:38:00.574+0000] {dagbag.py:536} INFO - Filling up the DagBag from /home/airflow/.local/lib/python3.8/site-packages/airflow/example_dags/example_trigger_controller_dag.py
[2023-11-30T09:38:00.582+0000] {processor.py:839} INFO - DAG(s) dict_keys(['example_trigger_controller_dag']) retrieved from /home/airflow/.local/lib/python3.8/site-packages/airflow/example_dags/example_trigger_controller_dag.py
[2023-11-30T09:38:00.622+0000] {logging_mixin.py:154} INFO - [2023-11-30T09:38:00.621+0000] {dag.py:2941} INFO - Sync 1 DAGs
[2023-11-30T09:38:00.656+0000] {logging_mixin.py:154} INFO - [2023-11-30T09:38:00.656+0000] {dag.py:3722} INFO - Setting next_dagrun for example_trigger_controller_dag to 2021-01-01T00:00:00+00:00, run_after=2021-01-01T00:00:00+00:00
[2023-11-30T09:38:00.687+0000] {processor.py:179} INFO - Processing /home/airflow/.local/lib/python3.8/site-packages/airflow/example_dags/example_trigger_controller_dag.py took 0.124 seconds
[2023-11-30T09:38:31.602+0000] {processor.py:157} INFO - Started process (PID=30627) to work on /home/airflow/.local/lib/python3.8/site-packages/airflow/example_dags/example_trigger_controller_dag.py
[2023-11-30T09:38:31.604+0000] {processor.py:829} INFO - Processing file /home/airflow/.local/lib/python3.8/site-packages/airflow/example_dags/example_trigger_controller_dag.py for tasks to queue
[2023-11-30T09:38:31.606+0000] {logging_mixin.py:154} INFO - [2023-11-30T09:38:31.606+0000] {dagbag.py:536} INFO - Filling up the DagBag from /home/airflow/.local/lib/python3.8/site-packages/airflow/example_dags/example_trigger_controller_dag.py
[2023-11-30T09:38:31.614+0000] {processor.py:839} INFO - DAG(s) dict_keys(['example_trigger_controller_dag']) retrieved from /home/airflow/.local/lib/python3.8/site-packages/airflow/example_dags/example_trigger_controller_dag.py
[2023-11-30T09:38:31.653+0000] {logging_mixin.py:154} INFO - [2023-11-30T09:38:31.653+0000] {dag.py:2941} INFO - Sync 1 DAGs
[2023-11-30T09:38:31.686+0000] {logging_mixin.py:154} INFO - [2023-11-30T09:38:31.686+0000] {dag.py:3722} INFO - Setting next_dagrun for example_trigger_controller_dag to 2021-01-01T00:00:00+00:00, run_after=2021-01-01T00:00:00+00:00
[2023-11-30T09:38:31.726+0000] {processor.py:179} INFO - Processing /home/airflow/.local/lib/python3.8/site-packages/airflow/example_dags/example_trigger_controller_dag.py took 0.129 seconds
[2023-11-30T09:39:02.287+0000] {processor.py:157} INFO - Started process (PID=30675) to work on /home/airflow/.local/lib/python3.8/site-packages/airflow/example_dags/example_trigger_controller_dag.py
[2023-11-30T09:39:02.289+0000] {processor.py:829} INFO - Processing file /home/airflow/.local/lib/python3.8/site-packages/airflow/example_dags/example_trigger_controller_dag.py for tasks to queue
[2023-11-30T09:39:02.291+0000] {logging_mixin.py:154} INFO - [2023-11-30T09:39:02.290+0000] {dagbag.py:536} INFO - Filling up the DagBag from /home/airflow/.local/lib/python3.8/site-packages/airflow/example_dags/example_trigger_controller_dag.py
[2023-11-30T09:39:02.299+0000] {processor.py:839} INFO - DAG(s) dict_keys(['example_trigger_controller_dag']) retrieved from /home/airflow/.local/lib/python3.8/site-packages/airflow/example_dags/example_trigger_controller_dag.py
[2023-11-30T09:39:02.343+0000] {logging_mixin.py:154} INFO - [2023-11-30T09:39:02.343+0000] {dag.py:2941} INFO - Sync 1 DAGs
[2023-11-30T09:39:02.377+0000] {logging_mixin.py:154} INFO - [2023-11-30T09:39:02.377+0000] {dag.py:3722} INFO - Setting next_dagrun for example_trigger_controller_dag to 2021-01-01T00:00:00+00:00, run_after=2021-01-01T00:00:00+00:00
[2023-11-30T09:39:02.409+0000] {processor.py:179} INFO - Processing /home/airflow/.local/lib/python3.8/site-packages/airflow/example_dags/example_trigger_controller_dag.py took 0.129 seconds
[2023-11-30T09:39:33.384+0000] {processor.py:157} INFO - Started process (PID=30730) to work on /home/airflow/.local/lib/python3.8/site-packages/airflow/example_dags/example_trigger_controller_dag.py
[2023-11-30T09:39:33.386+0000] {processor.py:829} INFO - Processing file /home/airflow/.local/lib/python3.8/site-packages/airflow/example_dags/example_trigger_controller_dag.py for tasks to queue
[2023-11-30T09:39:33.388+0000] {logging_mixin.py:154} INFO - [2023-11-30T09:39:33.387+0000] {dagbag.py:536} INFO - Filling up the DagBag from /home/airflow/.local/lib/python3.8/site-packages/airflow/example_dags/example_trigger_controller_dag.py
[2023-11-30T09:39:33.401+0000] {processor.py:839} INFO - DAG(s) dict_keys(['example_trigger_controller_dag']) retrieved from /home/airflow/.local/lib/python3.8/site-packages/airflow/example_dags/example_trigger_controller_dag.py
[2023-11-30T09:39:33.450+0000] {logging_mixin.py:154} INFO - [2023-11-30T09:39:33.450+0000] {dag.py:2941} INFO - Sync 1 DAGs
[2023-11-30T09:39:33.491+0000] {logging_mixin.py:154} INFO - [2023-11-30T09:39:33.490+0000] {dag.py:3722} INFO - Setting next_dagrun for example_trigger_controller_dag to 2021-01-01T00:00:00+00:00, run_after=2021-01-01T00:00:00+00:00
[2023-11-30T09:39:33.529+0000] {processor.py:179} INFO - Processing /home/airflow/.local/lib/python3.8/site-packages/airflow/example_dags/example_trigger_controller_dag.py took 0.154 seconds
[2023-11-30T09:40:04.356+0000] {processor.py:157} INFO - Started process (PID=30784) to work on /home/airflow/.local/lib/python3.8/site-packages/airflow/example_dags/example_trigger_controller_dag.py
[2023-11-30T09:40:04.357+0000] {processor.py:829} INFO - Processing file /home/airflow/.local/lib/python3.8/site-packages/airflow/example_dags/example_trigger_controller_dag.py for tasks to queue
[2023-11-30T09:40:04.359+0000] {logging_mixin.py:154} INFO - [2023-11-30T09:40:04.359+0000] {dagbag.py:536} INFO - Filling up the DagBag from /home/airflow/.local/lib/python3.8/site-packages/airflow/example_dags/example_trigger_controller_dag.py
[2023-11-30T09:40:04.369+0000] {processor.py:839} INFO - DAG(s) dict_keys(['example_trigger_controller_dag']) retrieved from /home/airflow/.local/lib/python3.8/site-packages/airflow/example_dags/example_trigger_controller_dag.py
[2023-11-30T09:40:04.410+0000] {logging_mixin.py:154} INFO - [2023-11-30T09:40:04.410+0000] {dag.py:2941} INFO - Sync 1 DAGs
[2023-11-30T09:40:04.449+0000] {logging_mixin.py:154} INFO - [2023-11-30T09:40:04.449+0000] {dag.py:3722} INFO - Setting next_dagrun for example_trigger_controller_dag to 2021-01-01T00:00:00+00:00, run_after=2021-01-01T00:00:00+00:00
[2023-11-30T09:40:04.484+0000] {processor.py:179} INFO - Processing /home/airflow/.local/lib/python3.8/site-packages/airflow/example_dags/example_trigger_controller_dag.py took 0.133 seconds
