[2023-11-30T09:00:30.570+0000] {processor.py:157} INFO - Started process (PID=29970) to work on /home/airflow/.local/lib/python3.8/site-packages/airflow/example_dags/example_skip_dag.py
[2023-11-30T09:00:30.580+0000] {processor.py:829} INFO - Processing file /home/airflow/.local/lib/python3.8/site-packages/airflow/example_dags/example_skip_dag.py for tasks to queue
[2023-11-30T09:00:30.595+0000] {logging_mixin.py:154} INFO - [2023-11-30T09:00:30.592+0000] {dagbag.py:536} INFO - Filling up the DagBag from /home/airflow/.local/lib/python3.8/site-packages/airflow/example_dags/example_skip_dag.py
[2023-11-30T09:00:30.916+0000] {processor.py:839} INFO - DAG(s) dict_keys(['example_skip_dag']) retrieved from /home/airflow/.local/lib/python3.8/site-packages/airflow/example_dags/example_skip_dag.py
[2023-11-30T09:00:33.559+0000] {logging_mixin.py:154} INFO - [2023-11-30T09:00:33.558+0000] {dag.py:2941} INFO - Sync 1 DAGs
[2023-11-30T09:28:03.175+0000] {logging_mixin.py:154} INFO - [2023-11-30T09:28:03.175+0000] {dag.py:3722} INFO - Setting next_dagrun for example_skip_dag to 2023-11-29T09:28:03.174344+00:00, run_after=2023-11-30T09:28:03.174344+00:00
[2023-11-30T09:33:02.290+0000] {processor.py:157} INFO - Started process (PID=30039) to work on /home/airflow/.local/lib/python3.8/site-packages/airflow/example_dags/example_skip_dag.py
[2023-11-30T09:33:02.295+0000] {processor.py:829} INFO - Processing file /home/airflow/.local/lib/python3.8/site-packages/airflow/example_dags/example_skip_dag.py for tasks to queue
[2023-11-30T09:33:02.303+0000] {logging_mixin.py:154} INFO - [2023-11-30T09:33:02.302+0000] {dagbag.py:536} INFO - Filling up the DagBag from /home/airflow/.local/lib/python3.8/site-packages/airflow/example_dags/example_skip_dag.py
[2023-11-30T09:33:02.318+0000] {processor.py:839} INFO - DAG(s) dict_keys(['example_skip_dag']) retrieved from /home/airflow/.local/lib/python3.8/site-packages/airflow/example_dags/example_skip_dag.py
[2023-11-30T09:33:02.407+0000] {logging_mixin.py:154} INFO - [2023-11-30T09:33:02.406+0000] {dag.py:2941} INFO - Sync 1 DAGs
[2023-11-30T09:33:02.484+0000] {logging_mixin.py:154} INFO - [2023-11-30T09:33:02.484+0000] {dag.py:3722} INFO - Setting next_dagrun for example_skip_dag to 2023-11-29T09:33:02.482752+00:00, run_after=2023-11-30T09:33:02.482752+00:00
[2023-11-30T09:33:02.530+0000] {processor.py:179} INFO - Processing /home/airflow/.local/lib/python3.8/site-packages/airflow/example_dags/example_skip_dag.py took 0.250 seconds
[2023-11-30T09:33:32.988+0000] {processor.py:157} INFO - Started process (PID=30094) to work on /home/airflow/.local/lib/python3.8/site-packages/airflow/example_dags/example_skip_dag.py
[2023-11-30T09:33:32.991+0000] {processor.py:829} INFO - Processing file /home/airflow/.local/lib/python3.8/site-packages/airflow/example_dags/example_skip_dag.py for tasks to queue
[2023-11-30T09:33:32.994+0000] {logging_mixin.py:154} INFO - [2023-11-30T09:33:32.993+0000] {dagbag.py:536} INFO - Filling up the DagBag from /home/airflow/.local/lib/python3.8/site-packages/airflow/example_dags/example_skip_dag.py
[2023-11-30T09:33:33.011+0000] {processor.py:839} INFO - DAG(s) dict_keys(['example_skip_dag']) retrieved from /home/airflow/.local/lib/python3.8/site-packages/airflow/example_dags/example_skip_dag.py
[2023-11-30T09:33:33.069+0000] {logging_mixin.py:154} INFO - [2023-11-30T09:33:33.069+0000] {dag.py:2941} INFO - Sync 1 DAGs
[2023-11-30T09:33:33.105+0000] {logging_mixin.py:154} INFO - [2023-11-30T09:33:33.105+0000] {dag.py:3722} INFO - Setting next_dagrun for example_skip_dag to 2023-11-29T09:33:33.105310+00:00, run_after=2023-11-30T09:33:33.105310+00:00
[2023-11-30T09:33:33.151+0000] {processor.py:179} INFO - Processing /home/airflow/.local/lib/python3.8/site-packages/airflow/example_dags/example_skip_dag.py took 0.168 seconds
[2023-11-30T09:34:03.653+0000] {processor.py:157} INFO - Started process (PID=30149) to work on /home/airflow/.local/lib/python3.8/site-packages/airflow/example_dags/example_skip_dag.py
[2023-11-30T09:34:03.655+0000] {processor.py:829} INFO - Processing file /home/airflow/.local/lib/python3.8/site-packages/airflow/example_dags/example_skip_dag.py for tasks to queue
[2023-11-30T09:34:03.657+0000] {logging_mixin.py:154} INFO - [2023-11-30T09:34:03.656+0000] {dagbag.py:536} INFO - Filling up the DagBag from /home/airflow/.local/lib/python3.8/site-packages/airflow/example_dags/example_skip_dag.py
[2023-11-30T09:34:03.671+0000] {processor.py:839} INFO - DAG(s) dict_keys(['example_skip_dag']) retrieved from /home/airflow/.local/lib/python3.8/site-packages/airflow/example_dags/example_skip_dag.py
[2023-11-30T09:34:03.737+0000] {logging_mixin.py:154} INFO - [2023-11-30T09:34:03.737+0000] {dag.py:2941} INFO - Sync 1 DAGs
[2023-11-30T09:34:03.775+0000] {logging_mixin.py:154} INFO - [2023-11-30T09:34:03.775+0000] {dag.py:3722} INFO - Setting next_dagrun for example_skip_dag to 2023-11-29T09:34:03.774939+00:00, run_after=2023-11-30T09:34:03.774939+00:00
[2023-11-30T09:34:03.810+0000] {processor.py:179} INFO - Processing /home/airflow/.local/lib/python3.8/site-packages/airflow/example_dags/example_skip_dag.py took 0.162 seconds
[2023-11-30T09:34:33.895+0000] {processor.py:157} INFO - Started process (PID=30203) to work on /home/airflow/.local/lib/python3.8/site-packages/airflow/example_dags/example_skip_dag.py
[2023-11-30T09:34:33.898+0000] {processor.py:829} INFO - Processing file /home/airflow/.local/lib/python3.8/site-packages/airflow/example_dags/example_skip_dag.py for tasks to queue
[2023-11-30T09:34:33.901+0000] {logging_mixin.py:154} INFO - [2023-11-30T09:34:33.900+0000] {dagbag.py:536} INFO - Filling up the DagBag from /home/airflow/.local/lib/python3.8/site-packages/airflow/example_dags/example_skip_dag.py
[2023-11-30T09:34:33.915+0000] {processor.py:839} INFO - DAG(s) dict_keys(['example_skip_dag']) retrieved from /home/airflow/.local/lib/python3.8/site-packages/airflow/example_dags/example_skip_dag.py
[2023-11-30T09:34:33.965+0000] {logging_mixin.py:154} INFO - [2023-11-30T09:34:33.964+0000] {dag.py:2941} INFO - Sync 1 DAGs
[2023-11-30T09:34:34.003+0000] {logging_mixin.py:154} INFO - [2023-11-30T09:34:34.002+0000] {dag.py:3722} INFO - Setting next_dagrun for example_skip_dag to 2023-11-29T09:34:34.002190+00:00, run_after=2023-11-30T09:34:34.002190+00:00
[2023-11-30T09:34:34.037+0000] {processor.py:179} INFO - Processing /home/airflow/.local/lib/python3.8/site-packages/airflow/example_dags/example_skip_dag.py took 0.149 seconds
[2023-11-30T09:35:04.398+0000] {processor.py:157} INFO - Started process (PID=30258) to work on /home/airflow/.local/lib/python3.8/site-packages/airflow/example_dags/example_skip_dag.py
[2023-11-30T09:35:04.400+0000] {processor.py:829} INFO - Processing file /home/airflow/.local/lib/python3.8/site-packages/airflow/example_dags/example_skip_dag.py for tasks to queue
[2023-11-30T09:35:04.403+0000] {logging_mixin.py:154} INFO - [2023-11-30T09:35:04.402+0000] {dagbag.py:536} INFO - Filling up the DagBag from /home/airflow/.local/lib/python3.8/site-packages/airflow/example_dags/example_skip_dag.py
[2023-11-30T09:35:04.416+0000] {processor.py:839} INFO - DAG(s) dict_keys(['example_skip_dag']) retrieved from /home/airflow/.local/lib/python3.8/site-packages/airflow/example_dags/example_skip_dag.py
[2023-11-30T09:35:04.458+0000] {logging_mixin.py:154} INFO - [2023-11-30T09:35:04.458+0000] {dag.py:2941} INFO - Sync 1 DAGs
[2023-11-30T09:35:04.493+0000] {logging_mixin.py:154} INFO - [2023-11-30T09:35:04.493+0000] {dag.py:3722} INFO - Setting next_dagrun for example_skip_dag to 2023-11-29T09:35:04.493197+00:00, run_after=2023-11-30T09:35:04.493197+00:00
[2023-11-30T09:35:04.527+0000] {processor.py:179} INFO - Processing /home/airflow/.local/lib/python3.8/site-packages/airflow/example_dags/example_skip_dag.py took 0.135 seconds
[2023-11-30T09:35:34.599+0000] {processor.py:157} INFO - Started process (PID=30311) to work on /home/airflow/.local/lib/python3.8/site-packages/airflow/example_dags/example_skip_dag.py
[2023-11-30T09:35:34.608+0000] {processor.py:829} INFO - Processing file /home/airflow/.local/lib/python3.8/site-packages/airflow/example_dags/example_skip_dag.py for tasks to queue
[2023-11-30T09:35:34.611+0000] {logging_mixin.py:154} INFO - [2023-11-30T09:35:34.611+0000] {dagbag.py:536} INFO - Filling up the DagBag from /home/airflow/.local/lib/python3.8/site-packages/airflow/example_dags/example_skip_dag.py
[2023-11-30T09:35:34.629+0000] {processor.py:839} INFO - DAG(s) dict_keys(['example_skip_dag']) retrieved from /home/airflow/.local/lib/python3.8/site-packages/airflow/example_dags/example_skip_dag.py
[2023-11-30T09:35:34.710+0000] {logging_mixin.py:154} INFO - [2023-11-30T09:35:34.710+0000] {dag.py:2941} INFO - Sync 1 DAGs
[2023-11-30T09:35:34.749+0000] {logging_mixin.py:154} INFO - [2023-11-30T09:35:34.749+0000] {dag.py:3722} INFO - Setting next_dagrun for example_skip_dag to 2023-11-29T09:35:34.749181+00:00, run_after=2023-11-30T09:35:34.749181+00:00
[2023-11-30T09:35:34.783+0000] {processor.py:179} INFO - Processing /home/airflow/.local/lib/python3.8/site-packages/airflow/example_dags/example_skip_dag.py took 0.191 seconds
[2023-11-30T09:36:04.942+0000] {processor.py:157} INFO - Started process (PID=30365) to work on /home/airflow/.local/lib/python3.8/site-packages/airflow/example_dags/example_skip_dag.py
[2023-11-30T09:36:04.944+0000] {processor.py:829} INFO - Processing file /home/airflow/.local/lib/python3.8/site-packages/airflow/example_dags/example_skip_dag.py for tasks to queue
[2023-11-30T09:36:04.947+0000] {logging_mixin.py:154} INFO - [2023-11-30T09:36:04.947+0000] {dagbag.py:536} INFO - Filling up the DagBag from /home/airflow/.local/lib/python3.8/site-packages/airflow/example_dags/example_skip_dag.py
[2023-11-30T09:36:04.960+0000] {processor.py:839} INFO - DAG(s) dict_keys(['example_skip_dag']) retrieved from /home/airflow/.local/lib/python3.8/site-packages/airflow/example_dags/example_skip_dag.py
[2023-11-30T09:36:05.008+0000] {logging_mixin.py:154} INFO - [2023-11-30T09:36:05.008+0000] {dag.py:2941} INFO - Sync 1 DAGs
[2023-11-30T09:36:05.041+0000] {logging_mixin.py:154} INFO - [2023-11-30T09:36:05.041+0000] {dag.py:3722} INFO - Setting next_dagrun for example_skip_dag to 2023-11-29T09:36:05.040727+00:00, run_after=2023-11-30T09:36:05.040727+00:00
[2023-11-30T09:36:05.085+0000] {processor.py:179} INFO - Processing /home/airflow/.local/lib/python3.8/site-packages/airflow/example_dags/example_skip_dag.py took 0.149 seconds
[2023-11-30T09:36:35.429+0000] {processor.py:157} INFO - Started process (PID=30420) to work on /home/airflow/.local/lib/python3.8/site-packages/airflow/example_dags/example_skip_dag.py
[2023-11-30T09:36:35.432+0000] {processor.py:829} INFO - Processing file /home/airflow/.local/lib/python3.8/site-packages/airflow/example_dags/example_skip_dag.py for tasks to queue
[2023-11-30T09:36:35.434+0000] {logging_mixin.py:154} INFO - [2023-11-30T09:36:35.434+0000] {dagbag.py:536} INFO - Filling up the DagBag from /home/airflow/.local/lib/python3.8/site-packages/airflow/example_dags/example_skip_dag.py
[2023-11-30T09:36:35.447+0000] {processor.py:839} INFO - DAG(s) dict_keys(['example_skip_dag']) retrieved from /home/airflow/.local/lib/python3.8/site-packages/airflow/example_dags/example_skip_dag.py
[2023-11-30T09:36:35.495+0000] {logging_mixin.py:154} INFO - [2023-11-30T09:36:35.495+0000] {dag.py:2941} INFO - Sync 1 DAGs
[2023-11-30T09:36:35.529+0000] {logging_mixin.py:154} INFO - [2023-11-30T09:36:35.529+0000] {dag.py:3722} INFO - Setting next_dagrun for example_skip_dag to 2023-11-29T09:36:35.529009+00:00, run_after=2023-11-30T09:36:35.529009+00:00
[2023-11-30T09:36:35.562+0000] {processor.py:179} INFO - Processing /home/airflow/.local/lib/python3.8/site-packages/airflow/example_dags/example_skip_dag.py took 0.138 seconds
[2023-11-30T09:37:05.750+0000] {processor.py:157} INFO - Started process (PID=30474) to work on /home/airflow/.local/lib/python3.8/site-packages/airflow/example_dags/example_skip_dag.py
[2023-11-30T09:37:05.753+0000] {processor.py:829} INFO - Processing file /home/airflow/.local/lib/python3.8/site-packages/airflow/example_dags/example_skip_dag.py for tasks to queue
[2023-11-30T09:37:05.755+0000] {logging_mixin.py:154} INFO - [2023-11-30T09:37:05.754+0000] {dagbag.py:536} INFO - Filling up the DagBag from /home/airflow/.local/lib/python3.8/site-packages/airflow/example_dags/example_skip_dag.py
[2023-11-30T09:37:05.768+0000] {processor.py:839} INFO - DAG(s) dict_keys(['example_skip_dag']) retrieved from /home/airflow/.local/lib/python3.8/site-packages/airflow/example_dags/example_skip_dag.py
[2023-11-30T09:37:05.807+0000] {logging_mixin.py:154} INFO - [2023-11-30T09:37:05.806+0000] {dag.py:2941} INFO - Sync 1 DAGs
[2023-11-30T09:37:05.839+0000] {logging_mixin.py:154} INFO - [2023-11-30T09:37:05.838+0000] {dag.py:3722} INFO - Setting next_dagrun for example_skip_dag to 2023-11-29T09:37:05.838651+00:00, run_after=2023-11-30T09:37:05.838651+00:00
[2023-11-30T09:37:05.870+0000] {processor.py:179} INFO - Processing /home/airflow/.local/lib/python3.8/site-packages/airflow/example_dags/example_skip_dag.py took 0.126 seconds
[2023-11-30T09:37:36.075+0000] {processor.py:157} INFO - Started process (PID=30529) to work on /home/airflow/.local/lib/python3.8/site-packages/airflow/example_dags/example_skip_dag.py
[2023-11-30T09:37:36.077+0000] {processor.py:829} INFO - Processing file /home/airflow/.local/lib/python3.8/site-packages/airflow/example_dags/example_skip_dag.py for tasks to queue
[2023-11-30T09:37:36.079+0000] {logging_mixin.py:154} INFO - [2023-11-30T09:37:36.079+0000] {dagbag.py:536} INFO - Filling up the DagBag from /home/airflow/.local/lib/python3.8/site-packages/airflow/example_dags/example_skip_dag.py
[2023-11-30T09:37:36.094+0000] {processor.py:839} INFO - DAG(s) dict_keys(['example_skip_dag']) retrieved from /home/airflow/.local/lib/python3.8/site-packages/airflow/example_dags/example_skip_dag.py
[2023-11-30T09:37:36.147+0000] {logging_mixin.py:154} INFO - [2023-11-30T09:37:36.146+0000] {dag.py:2941} INFO - Sync 1 DAGs
[2023-11-30T09:37:36.199+0000] {logging_mixin.py:154} INFO - [2023-11-30T09:37:36.198+0000] {dag.py:3722} INFO - Setting next_dagrun for example_skip_dag to 2023-11-29T09:37:36.198593+00:00, run_after=2023-11-30T09:37:36.198593+00:00
[2023-11-30T09:37:36.226+0000] {processor.py:179} INFO - Processing /home/airflow/.local/lib/python3.8/site-packages/airflow/example_dags/example_skip_dag.py took 0.157 seconds
[2023-11-30T09:38:06.829+0000] {processor.py:157} INFO - Started process (PID=30583) to work on /home/airflow/.local/lib/python3.8/site-packages/airflow/example_dags/example_skip_dag.py
[2023-11-30T09:38:06.840+0000] {processor.py:829} INFO - Processing file /home/airflow/.local/lib/python3.8/site-packages/airflow/example_dags/example_skip_dag.py for tasks to queue
[2023-11-30T09:38:06.842+0000] {logging_mixin.py:154} INFO - [2023-11-30T09:38:06.841+0000] {dagbag.py:536} INFO - Filling up the DagBag from /home/airflow/.local/lib/python3.8/site-packages/airflow/example_dags/example_skip_dag.py
[2023-11-30T09:38:06.855+0000] {processor.py:839} INFO - DAG(s) dict_keys(['example_skip_dag']) retrieved from /home/airflow/.local/lib/python3.8/site-packages/airflow/example_dags/example_skip_dag.py
[2023-11-30T09:38:06.897+0000] {logging_mixin.py:154} INFO - [2023-11-30T09:38:06.897+0000] {dag.py:2941} INFO - Sync 1 DAGs
[2023-11-30T09:38:06.931+0000] {logging_mixin.py:154} INFO - [2023-11-30T09:38:06.930+0000] {dag.py:3722} INFO - Setting next_dagrun for example_skip_dag to 2023-11-29T09:38:06.930580+00:00, run_after=2023-11-30T09:38:06.930580+00:00
[2023-11-30T09:38:06.964+0000] {processor.py:179} INFO - Processing /home/airflow/.local/lib/python3.8/site-packages/airflow/example_dags/example_skip_dag.py took 0.140 seconds
[2023-11-30T09:38:37.204+0000] {processor.py:157} INFO - Started process (PID=30637) to work on /home/airflow/.local/lib/python3.8/site-packages/airflow/example_dags/example_skip_dag.py
[2023-11-30T09:38:37.206+0000] {processor.py:829} INFO - Processing file /home/airflow/.local/lib/python3.8/site-packages/airflow/example_dags/example_skip_dag.py for tasks to queue
[2023-11-30T09:38:37.208+0000] {logging_mixin.py:154} INFO - [2023-11-30T09:38:37.207+0000] {dagbag.py:536} INFO - Filling up the DagBag from /home/airflow/.local/lib/python3.8/site-packages/airflow/example_dags/example_skip_dag.py
[2023-11-30T09:38:37.221+0000] {processor.py:839} INFO - DAG(s) dict_keys(['example_skip_dag']) retrieved from /home/airflow/.local/lib/python3.8/site-packages/airflow/example_dags/example_skip_dag.py
[2023-11-30T09:38:37.266+0000] {logging_mixin.py:154} INFO - [2023-11-30T09:38:37.265+0000] {dag.py:2941} INFO - Sync 1 DAGs
[2023-11-30T09:38:37.301+0000] {logging_mixin.py:154} INFO - [2023-11-30T09:38:37.300+0000] {dag.py:3722} INFO - Setting next_dagrun for example_skip_dag to 2023-11-29T09:38:37.300423+00:00, run_after=2023-11-30T09:38:37.300423+00:00
[2023-11-30T09:38:37.337+0000] {processor.py:179} INFO - Processing /home/airflow/.local/lib/python3.8/site-packages/airflow/example_dags/example_skip_dag.py took 0.140 seconds
[2023-11-30T09:39:07.728+0000] {processor.py:157} INFO - Started process (PID=30689) to work on /home/airflow/.local/lib/python3.8/site-packages/airflow/example_dags/example_skip_dag.py
[2023-11-30T09:39:07.730+0000] {processor.py:829} INFO - Processing file /home/airflow/.local/lib/python3.8/site-packages/airflow/example_dags/example_skip_dag.py for tasks to queue
[2023-11-30T09:39:07.732+0000] {logging_mixin.py:154} INFO - [2023-11-30T09:39:07.732+0000] {dagbag.py:536} INFO - Filling up the DagBag from /home/airflow/.local/lib/python3.8/site-packages/airflow/example_dags/example_skip_dag.py
[2023-11-30T09:39:07.747+0000] {processor.py:839} INFO - DAG(s) dict_keys(['example_skip_dag']) retrieved from /home/airflow/.local/lib/python3.8/site-packages/airflow/example_dags/example_skip_dag.py
[2023-11-30T09:39:07.795+0000] {logging_mixin.py:154} INFO - [2023-11-30T09:39:07.794+0000] {dag.py:2941} INFO - Sync 1 DAGs
[2023-11-30T09:39:07.832+0000] {logging_mixin.py:154} INFO - [2023-11-30T09:39:07.831+0000] {dag.py:3722} INFO - Setting next_dagrun for example_skip_dag to 2023-11-29T09:39:07.831415+00:00, run_after=2023-11-30T09:39:07.831415+00:00
[2023-11-30T09:39:07.867+0000] {processor.py:179} INFO - Processing /home/airflow/.local/lib/python3.8/site-packages/airflow/example_dags/example_skip_dag.py took 0.146 seconds
[2023-11-30T09:39:38.271+0000] {processor.py:157} INFO - Started process (PID=30743) to work on /home/airflow/.local/lib/python3.8/site-packages/airflow/example_dags/example_skip_dag.py
[2023-11-30T09:39:38.275+0000] {processor.py:829} INFO - Processing file /home/airflow/.local/lib/python3.8/site-packages/airflow/example_dags/example_skip_dag.py for tasks to queue
[2023-11-30T09:39:38.279+0000] {logging_mixin.py:154} INFO - [2023-11-30T09:39:38.278+0000] {dagbag.py:536} INFO - Filling up the DagBag from /home/airflow/.local/lib/python3.8/site-packages/airflow/example_dags/example_skip_dag.py
[2023-11-30T09:39:38.298+0000] {processor.py:839} INFO - DAG(s) dict_keys(['example_skip_dag']) retrieved from /home/airflow/.local/lib/python3.8/site-packages/airflow/example_dags/example_skip_dag.py
[2023-11-30T09:39:38.376+0000] {logging_mixin.py:154} INFO - [2023-11-30T09:39:38.373+0000] {dag.py:2941} INFO - Sync 1 DAGs
[2023-11-30T09:39:38.461+0000] {logging_mixin.py:154} INFO - [2023-11-30T09:39:38.460+0000] {dag.py:3722} INFO - Setting next_dagrun for example_skip_dag to 2023-11-29T09:39:38.459449+00:00, run_after=2023-11-30T09:39:38.459449+00:00
[2023-11-30T09:39:38.504+0000] {processor.py:179} INFO - Processing /home/airflow/.local/lib/python3.8/site-packages/airflow/example_dags/example_skip_dag.py took 0.252 seconds
[2023-11-30T09:40:08.665+0000] {processor.py:157} INFO - Started process (PID=30797) to work on /home/airflow/.local/lib/python3.8/site-packages/airflow/example_dags/example_skip_dag.py
[2023-11-30T09:40:08.667+0000] {processor.py:829} INFO - Processing file /home/airflow/.local/lib/python3.8/site-packages/airflow/example_dags/example_skip_dag.py for tasks to queue
[2023-11-30T09:40:08.669+0000] {logging_mixin.py:154} INFO - [2023-11-30T09:40:08.669+0000] {dagbag.py:536} INFO - Filling up the DagBag from /home/airflow/.local/lib/python3.8/site-packages/airflow/example_dags/example_skip_dag.py
[2023-11-30T09:40:08.686+0000] {processor.py:839} INFO - DAG(s) dict_keys(['example_skip_dag']) retrieved from /home/airflow/.local/lib/python3.8/site-packages/airflow/example_dags/example_skip_dag.py
[2023-11-30T09:40:08.734+0000] {logging_mixin.py:154} INFO - [2023-11-30T09:40:08.734+0000] {dag.py:2941} INFO - Sync 1 DAGs
[2023-11-30T09:40:08.775+0000] {logging_mixin.py:154} INFO - [2023-11-30T09:40:08.774+0000] {dag.py:3722} INFO - Setting next_dagrun for example_skip_dag to 2023-11-29T09:40:08.774569+00:00, run_after=2023-11-30T09:40:08.774569+00:00
[2023-11-30T09:40:08.807+0000] {processor.py:179} INFO - Processing /home/airflow/.local/lib/python3.8/site-packages/airflow/example_dags/example_skip_dag.py took 0.150 seconds
