[2023-11-30T09:32:48.838+0000] {processor.py:157} INFO - Started process (PID=30009) to work on /home/airflow/.local/lib/python3.8/site-packages/airflow/example_dags/example_datasets.py
[2023-11-30T09:32:48.897+0000] {processor.py:829} INFO - Processing file /home/airflow/.local/lib/python3.8/site-packages/airflow/example_dags/example_datasets.py for tasks to queue
[2023-11-30T09:32:48.910+0000] {logging_mixin.py:154} INFO - [2023-11-30T09:32:48.901+0000] {dagbag.py:536} INFO - Filling up the DagBag from /home/airflow/.local/lib/python3.8/site-packages/airflow/example_dags/example_datasets.py
[2023-11-30T09:32:50.327+0000] {processor.py:839} INFO - DAG(s) dict_keys(['dataset_produces_1', 'dataset_consumes_1_never_scheduled', 'dataset_produces_2', 'dataset_consumes_unknown_never_scheduled', 'dataset_consumes_1_and_2', 'dataset_consumes_1']) retrieved from /home/airflow/.local/lib/python3.8/site-packages/airflow/example_dags/example_datasets.py
[2023-11-30T09:32:50.783+0000] {logging_mixin.py:154} INFO - [2023-11-30T09:32:50.783+0000] {dag.py:2941} INFO - Sync 6 DAGs
[2023-11-30T09:32:50.895+0000] {logging_mixin.py:154} INFO - [2023-11-30T09:32:50.895+0000] {dag.py:3722} INFO - Setting next_dagrun for dataset_consumes_1 to None, run_after=None
[2023-11-30T09:32:50.900+0000] {logging_mixin.py:154} INFO - [2023-11-30T09:32:50.900+0000] {dag.py:3722} INFO - Setting next_dagrun for dataset_consumes_1_and_2 to None, run_after=None
[2023-11-30T09:32:50.903+0000] {logging_mixin.py:154} INFO - [2023-11-30T09:32:50.903+0000] {dag.py:3722} INFO - Setting next_dagrun for dataset_consumes_1_never_scheduled to None, run_after=None
[2023-11-30T09:32:50.905+0000] {logging_mixin.py:154} INFO - [2023-11-30T09:32:50.905+0000] {dag.py:3722} INFO - Setting next_dagrun for dataset_consumes_unknown_never_scheduled to None, run_after=None
[2023-11-30T09:32:50.910+0000] {logging_mixin.py:154} INFO - [2023-11-30T09:32:50.910+0000] {dag.py:3722} INFO - Setting next_dagrun for dataset_produces_1 to 2023-11-29T00:00:00+00:00, run_after=2023-11-30T00:00:00+00:00
[2023-11-30T09:32:50.913+0000] {logging_mixin.py:154} INFO - [2023-11-30T09:32:50.913+0000] {dag.py:3722} INFO - Setting next_dagrun for dataset_produces_2 to None, run_after=None
[2023-11-30T09:32:51.045+0000] {processor.py:179} INFO - Processing /home/airflow/.local/lib/python3.8/site-packages/airflow/example_dags/example_datasets.py took 2.290 seconds
[2023-11-30T09:33:21.439+0000] {processor.py:157} INFO - Started process (PID=30071) to work on /home/airflow/.local/lib/python3.8/site-packages/airflow/example_dags/example_datasets.py
[2023-11-30T09:33:21.441+0000] {processor.py:829} INFO - Processing file /home/airflow/.local/lib/python3.8/site-packages/airflow/example_dags/example_datasets.py for tasks to queue
[2023-11-30T09:33:21.443+0000] {logging_mixin.py:154} INFO - [2023-11-30T09:33:21.443+0000] {dagbag.py:536} INFO - Filling up the DagBag from /home/airflow/.local/lib/python3.8/site-packages/airflow/example_dags/example_datasets.py
[2023-11-30T09:33:21.464+0000] {processor.py:839} INFO - DAG(s) dict_keys(['dataset_consumes_unknown_never_scheduled', 'dataset_consumes_1_and_2', 'dataset_produces_1', 'dataset_consumes_1_never_scheduled', 'dataset_produces_2', 'dataset_consumes_1']) retrieved from /home/airflow/.local/lib/python3.8/site-packages/airflow/example_dags/example_datasets.py
[2023-11-30T09:33:21.551+0000] {logging_mixin.py:154} INFO - [2023-11-30T09:33:21.551+0000] {dag.py:2941} INFO - Sync 6 DAGs
[2023-11-30T09:33:21.632+0000] {logging_mixin.py:154} INFO - [2023-11-30T09:33:21.631+0000] {dag.py:3722} INFO - Setting next_dagrun for dataset_consumes_1 to None, run_after=None
[2023-11-30T09:33:21.650+0000] {logging_mixin.py:154} INFO - [2023-11-30T09:33:21.650+0000] {dag.py:3722} INFO - Setting next_dagrun for dataset_consumes_1_and_2 to None, run_after=None
[2023-11-30T09:33:21.654+0000] {logging_mixin.py:154} INFO - [2023-11-30T09:33:21.654+0000] {dag.py:3722} INFO - Setting next_dagrun for dataset_consumes_1_never_scheduled to None, run_after=None
[2023-11-30T09:33:21.660+0000] {logging_mixin.py:154} INFO - [2023-11-30T09:33:21.660+0000] {dag.py:3722} INFO - Setting next_dagrun for dataset_consumes_unknown_never_scheduled to None, run_after=None
[2023-11-30T09:33:21.673+0000] {logging_mixin.py:154} INFO - [2023-11-30T09:33:21.672+0000] {dag.py:3722} INFO - Setting next_dagrun for dataset_produces_1 to 2023-11-29T00:00:00+00:00, run_after=2023-11-30T00:00:00+00:00
[2023-11-30T09:33:21.677+0000] {logging_mixin.py:154} INFO - [2023-11-30T09:33:21.676+0000] {dag.py:3722} INFO - Setting next_dagrun for dataset_produces_2 to None, run_after=None
[2023-11-30T09:33:21.741+0000] {processor.py:179} INFO - Processing /home/airflow/.local/lib/python3.8/site-packages/airflow/example_dags/example_datasets.py took 0.332 seconds
[2023-11-30T09:33:51.790+0000] {processor.py:157} INFO - Started process (PID=30126) to work on /home/airflow/.local/lib/python3.8/site-packages/airflow/example_dags/example_datasets.py
[2023-11-30T09:33:51.794+0000] {processor.py:829} INFO - Processing file /home/airflow/.local/lib/python3.8/site-packages/airflow/example_dags/example_datasets.py for tasks to queue
[2023-11-30T09:33:51.797+0000] {logging_mixin.py:154} INFO - [2023-11-30T09:33:51.796+0000] {dagbag.py:536} INFO - Filling up the DagBag from /home/airflow/.local/lib/python3.8/site-packages/airflow/example_dags/example_datasets.py
[2023-11-30T09:33:51.824+0000] {processor.py:839} INFO - DAG(s) dict_keys(['dataset_consumes_1', 'dataset_produces_2', 'dataset_consumes_unknown_never_scheduled', 'dataset_consumes_1_and_2', 'dataset_produces_1', 'dataset_consumes_1_never_scheduled']) retrieved from /home/airflow/.local/lib/python3.8/site-packages/airflow/example_dags/example_datasets.py
[2023-11-30T09:33:51.952+0000] {logging_mixin.py:154} INFO - [2023-11-30T09:33:51.951+0000] {dag.py:2941} INFO - Sync 6 DAGs
[2023-11-30T09:33:52.009+0000] {logging_mixin.py:154} INFO - [2023-11-30T09:33:52.009+0000] {dag.py:3722} INFO - Setting next_dagrun for dataset_consumes_1 to None, run_after=None
[2023-11-30T09:33:52.015+0000] {logging_mixin.py:154} INFO - [2023-11-30T09:33:52.015+0000] {dag.py:3722} INFO - Setting next_dagrun for dataset_consumes_1_and_2 to None, run_after=None
[2023-11-30T09:33:52.019+0000] {logging_mixin.py:154} INFO - [2023-11-30T09:33:52.018+0000] {dag.py:3722} INFO - Setting next_dagrun for dataset_consumes_1_never_scheduled to None, run_after=None
[2023-11-30T09:33:52.021+0000] {logging_mixin.py:154} INFO - [2023-11-30T09:33:52.021+0000] {dag.py:3722} INFO - Setting next_dagrun for dataset_consumes_unknown_never_scheduled to None, run_after=None
[2023-11-30T09:33:52.029+0000] {logging_mixin.py:154} INFO - [2023-11-30T09:33:52.028+0000] {dag.py:3722} INFO - Setting next_dagrun for dataset_produces_1 to 2023-11-29T00:00:00+00:00, run_after=2023-11-30T00:00:00+00:00
[2023-11-30T09:33:52.032+0000] {logging_mixin.py:154} INFO - [2023-11-30T09:33:52.032+0000] {dag.py:3722} INFO - Setting next_dagrun for dataset_produces_2 to None, run_after=None
[2023-11-30T09:33:52.103+0000] {processor.py:179} INFO - Processing /home/airflow/.local/lib/python3.8/site-packages/airflow/example_dags/example_datasets.py took 0.318 seconds
[2023-11-30T09:34:22.458+0000] {processor.py:157} INFO - Started process (PID=30180) to work on /home/airflow/.local/lib/python3.8/site-packages/airflow/example_dags/example_datasets.py
[2023-11-30T09:34:22.461+0000] {processor.py:829} INFO - Processing file /home/airflow/.local/lib/python3.8/site-packages/airflow/example_dags/example_datasets.py for tasks to queue
[2023-11-30T09:34:22.463+0000] {logging_mixin.py:154} INFO - [2023-11-30T09:34:22.463+0000] {dagbag.py:536} INFO - Filling up the DagBag from /home/airflow/.local/lib/python3.8/site-packages/airflow/example_dags/example_datasets.py
[2023-11-30T09:34:22.484+0000] {processor.py:839} INFO - DAG(s) dict_keys(['dataset_consumes_1', 'dataset_consumes_1_never_scheduled', 'dataset_produces_1', 'dataset_consumes_unknown_never_scheduled', 'dataset_produces_2', 'dataset_consumes_1_and_2']) retrieved from /home/airflow/.local/lib/python3.8/site-packages/airflow/example_dags/example_datasets.py
[2023-11-30T09:34:22.556+0000] {logging_mixin.py:154} INFO - [2023-11-30T09:34:22.556+0000] {dag.py:2941} INFO - Sync 6 DAGs
[2023-11-30T09:34:22.601+0000] {logging_mixin.py:154} INFO - [2023-11-30T09:34:22.600+0000] {dag.py:3722} INFO - Setting next_dagrun for dataset_consumes_1 to None, run_after=None
[2023-11-30T09:34:22.609+0000] {logging_mixin.py:154} INFO - [2023-11-30T09:34:22.609+0000] {dag.py:3722} INFO - Setting next_dagrun for dataset_consumes_1_and_2 to None, run_after=None
[2023-11-30T09:34:22.613+0000] {logging_mixin.py:154} INFO - [2023-11-30T09:34:22.612+0000] {dag.py:3722} INFO - Setting next_dagrun for dataset_consumes_1_never_scheduled to None, run_after=None
[2023-11-30T09:34:22.616+0000] {logging_mixin.py:154} INFO - [2023-11-30T09:34:22.616+0000] {dag.py:3722} INFO - Setting next_dagrun for dataset_consumes_unknown_never_scheduled to None, run_after=None
[2023-11-30T09:34:22.624+0000] {logging_mixin.py:154} INFO - [2023-11-30T09:34:22.623+0000] {dag.py:3722} INFO - Setting next_dagrun for dataset_produces_1 to 2023-11-29T00:00:00+00:00, run_after=2023-11-30T00:00:00+00:00
[2023-11-30T09:34:22.627+0000] {logging_mixin.py:154} INFO - [2023-11-30T09:34:22.627+0000] {dag.py:3722} INFO - Setting next_dagrun for dataset_produces_2 to None, run_after=None
[2023-11-30T09:34:22.696+0000] {processor.py:179} INFO - Processing /home/airflow/.local/lib/python3.8/site-packages/airflow/example_dags/example_datasets.py took 0.244 seconds
[2023-11-30T09:34:52.853+0000] {processor.py:157} INFO - Started process (PID=30235) to work on /home/airflow/.local/lib/python3.8/site-packages/airflow/example_dags/example_datasets.py
[2023-11-30T09:34:52.855+0000] {processor.py:829} INFO - Processing file /home/airflow/.local/lib/python3.8/site-packages/airflow/example_dags/example_datasets.py for tasks to queue
[2023-11-30T09:34:52.856+0000] {logging_mixin.py:154} INFO - [2023-11-30T09:34:52.855+0000] {dagbag.py:536} INFO - Filling up the DagBag from /home/airflow/.local/lib/python3.8/site-packages/airflow/example_dags/example_datasets.py
[2023-11-30T09:34:52.875+0000] {processor.py:839} INFO - DAG(s) dict_keys(['dataset_produces_2', 'dataset_produces_1', 'dataset_consumes_1_and_2', 'dataset_consumes_1_never_scheduled', 'dataset_consumes_1', 'dataset_consumes_unknown_never_scheduled']) retrieved from /home/airflow/.local/lib/python3.8/site-packages/airflow/example_dags/example_datasets.py
[2023-11-30T09:34:52.936+0000] {logging_mixin.py:154} INFO - [2023-11-30T09:34:52.936+0000] {dag.py:2941} INFO - Sync 6 DAGs
[2023-11-30T09:34:52.993+0000] {logging_mixin.py:154} INFO - [2023-11-30T09:34:52.993+0000] {dag.py:3722} INFO - Setting next_dagrun for dataset_consumes_1 to None, run_after=None
[2023-11-30T09:34:52.999+0000] {logging_mixin.py:154} INFO - [2023-11-30T09:34:52.999+0000] {dag.py:3722} INFO - Setting next_dagrun for dataset_consumes_1_and_2 to None, run_after=None
[2023-11-30T09:34:53.002+0000] {logging_mixin.py:154} INFO - [2023-11-30T09:34:53.001+0000] {dag.py:3722} INFO - Setting next_dagrun for dataset_consumes_1_never_scheduled to None, run_after=None
[2023-11-30T09:34:53.004+0000] {logging_mixin.py:154} INFO - [2023-11-30T09:34:53.004+0000] {dag.py:3722} INFO - Setting next_dagrun for dataset_consumes_unknown_never_scheduled to None, run_after=None
[2023-11-30T09:34:53.009+0000] {logging_mixin.py:154} INFO - [2023-11-30T09:34:53.009+0000] {dag.py:3722} INFO - Setting next_dagrun for dataset_produces_1 to 2023-11-29T00:00:00+00:00, run_after=2023-11-30T00:00:00+00:00
[2023-11-30T09:34:53.012+0000] {logging_mixin.py:154} INFO - [2023-11-30T09:34:53.012+0000] {dag.py:3722} INFO - Setting next_dagrun for dataset_produces_2 to None, run_after=None
[2023-11-30T09:34:53.069+0000] {processor.py:179} INFO - Processing /home/airflow/.local/lib/python3.8/site-packages/airflow/example_dags/example_datasets.py took 0.221 seconds
[2023-11-30T09:35:23.587+0000] {processor.py:157} INFO - Started process (PID=30288) to work on /home/airflow/.local/lib/python3.8/site-packages/airflow/example_dags/example_datasets.py
[2023-11-30T09:35:23.595+0000] {processor.py:829} INFO - Processing file /home/airflow/.local/lib/python3.8/site-packages/airflow/example_dags/example_datasets.py for tasks to queue
[2023-11-30T09:35:23.598+0000] {logging_mixin.py:154} INFO - [2023-11-30T09:35:23.597+0000] {dagbag.py:536} INFO - Filling up the DagBag from /home/airflow/.local/lib/python3.8/site-packages/airflow/example_dags/example_datasets.py
[2023-11-30T09:35:23.644+0000] {processor.py:839} INFO - DAG(s) dict_keys(['dataset_produces_1', 'dataset_produces_2', 'dataset_consumes_1_never_scheduled', 'dataset_consumes_unknown_never_scheduled', 'dataset_consumes_1_and_2', 'dataset_consumes_1']) retrieved from /home/airflow/.local/lib/python3.8/site-packages/airflow/example_dags/example_datasets.py
[2023-11-30T09:35:23.861+0000] {logging_mixin.py:154} INFO - [2023-11-30T09:35:23.860+0000] {dag.py:2941} INFO - Sync 6 DAGs
[2023-11-30T09:35:24.086+0000] {logging_mixin.py:154} INFO - [2023-11-30T09:35:24.086+0000] {dag.py:3722} INFO - Setting next_dagrun for dataset_consumes_1 to None, run_after=None
[2023-11-30T09:35:24.099+0000] {logging_mixin.py:154} INFO - [2023-11-30T09:35:24.099+0000] {dag.py:3722} INFO - Setting next_dagrun for dataset_consumes_1_and_2 to None, run_after=None
[2023-11-30T09:35:24.111+0000] {logging_mixin.py:154} INFO - [2023-11-30T09:35:24.107+0000] {dag.py:3722} INFO - Setting next_dagrun for dataset_consumes_1_never_scheduled to None, run_after=None
[2023-11-30T09:35:24.115+0000] {logging_mixin.py:154} INFO - [2023-11-30T09:35:24.115+0000] {dag.py:3722} INFO - Setting next_dagrun for dataset_consumes_unknown_never_scheduled to None, run_after=None
[2023-11-30T09:35:24.158+0000] {logging_mixin.py:154} INFO - [2023-11-30T09:35:24.158+0000] {dag.py:3722} INFO - Setting next_dagrun for dataset_produces_1 to 2023-11-29T00:00:00+00:00, run_after=2023-11-30T00:00:00+00:00
[2023-11-30T09:35:24.167+0000] {logging_mixin.py:154} INFO - [2023-11-30T09:35:24.167+0000] {dag.py:3722} INFO - Setting next_dagrun for dataset_produces_2 to None, run_after=None
[2023-11-30T09:35:24.266+0000] {processor.py:179} INFO - Processing /home/airflow/.local/lib/python3.8/site-packages/airflow/example_dags/example_datasets.py took 0.687 seconds
[2023-11-30T09:35:54.523+0000] {processor.py:157} INFO - Started process (PID=30342) to work on /home/airflow/.local/lib/python3.8/site-packages/airflow/example_dags/example_datasets.py
[2023-11-30T09:35:54.525+0000] {processor.py:829} INFO - Processing file /home/airflow/.local/lib/python3.8/site-packages/airflow/example_dags/example_datasets.py for tasks to queue
[2023-11-30T09:35:54.527+0000] {logging_mixin.py:154} INFO - [2023-11-30T09:35:54.527+0000] {dagbag.py:536} INFO - Filling up the DagBag from /home/airflow/.local/lib/python3.8/site-packages/airflow/example_dags/example_datasets.py
[2023-11-30T09:35:54.542+0000] {processor.py:839} INFO - DAG(s) dict_keys(['dataset_consumes_1', 'dataset_consumes_1_never_scheduled', 'dataset_produces_2', 'dataset_consumes_unknown_never_scheduled', 'dataset_produces_1', 'dataset_consumes_1_and_2']) retrieved from /home/airflow/.local/lib/python3.8/site-packages/airflow/example_dags/example_datasets.py
[2023-11-30T09:35:54.612+0000] {logging_mixin.py:154} INFO - [2023-11-30T09:35:54.611+0000] {dag.py:2941} INFO - Sync 6 DAGs
[2023-11-30T09:35:54.652+0000] {logging_mixin.py:154} INFO - [2023-11-30T09:35:54.651+0000] {dag.py:3722} INFO - Setting next_dagrun for dataset_consumes_1 to None, run_after=None
[2023-11-30T09:35:54.658+0000] {logging_mixin.py:154} INFO - [2023-11-30T09:35:54.658+0000] {dag.py:3722} INFO - Setting next_dagrun for dataset_consumes_1_and_2 to None, run_after=None
[2023-11-30T09:35:54.660+0000] {logging_mixin.py:154} INFO - [2023-11-30T09:35:54.660+0000] {dag.py:3722} INFO - Setting next_dagrun for dataset_consumes_1_never_scheduled to None, run_after=None
[2023-11-30T09:35:54.665+0000] {logging_mixin.py:154} INFO - [2023-11-30T09:35:54.665+0000] {dag.py:3722} INFO - Setting next_dagrun for dataset_consumes_unknown_never_scheduled to None, run_after=None
[2023-11-30T09:35:54.671+0000] {logging_mixin.py:154} INFO - [2023-11-30T09:35:54.671+0000] {dag.py:3722} INFO - Setting next_dagrun for dataset_produces_1 to 2023-11-29T00:00:00+00:00, run_after=2023-11-30T00:00:00+00:00
[2023-11-30T09:35:54.675+0000] {logging_mixin.py:154} INFO - [2023-11-30T09:35:54.675+0000] {dag.py:3722} INFO - Setting next_dagrun for dataset_produces_2 to None, run_after=None
[2023-11-30T09:35:54.744+0000] {processor.py:179} INFO - Processing /home/airflow/.local/lib/python3.8/site-packages/airflow/example_dags/example_datasets.py took 0.226 seconds
[2023-11-30T09:36:25.328+0000] {processor.py:157} INFO - Started process (PID=30397) to work on /home/airflow/.local/lib/python3.8/site-packages/airflow/example_dags/example_datasets.py
[2023-11-30T09:36:25.330+0000] {processor.py:829} INFO - Processing file /home/airflow/.local/lib/python3.8/site-packages/airflow/example_dags/example_datasets.py for tasks to queue
[2023-11-30T09:36:25.333+0000] {logging_mixin.py:154} INFO - [2023-11-30T09:36:25.332+0000] {dagbag.py:536} INFO - Filling up the DagBag from /home/airflow/.local/lib/python3.8/site-packages/airflow/example_dags/example_datasets.py
[2023-11-30T09:36:25.348+0000] {processor.py:839} INFO - DAG(s) dict_keys(['dataset_produces_2', 'dataset_consumes_1', 'dataset_consumes_unknown_never_scheduled', 'dataset_produces_1', 'dataset_consumes_1_never_scheduled', 'dataset_consumes_1_and_2']) retrieved from /home/airflow/.local/lib/python3.8/site-packages/airflow/example_dags/example_datasets.py
[2023-11-30T09:36:25.415+0000] {logging_mixin.py:154} INFO - [2023-11-30T09:36:25.415+0000] {dag.py:2941} INFO - Sync 6 DAGs
[2023-11-30T09:36:25.450+0000] {logging_mixin.py:154} INFO - [2023-11-30T09:36:25.450+0000] {dag.py:3722} INFO - Setting next_dagrun for dataset_consumes_1 to None, run_after=None
[2023-11-30T09:36:25.456+0000] {logging_mixin.py:154} INFO - [2023-11-30T09:36:25.456+0000] {dag.py:3722} INFO - Setting next_dagrun for dataset_consumes_1_and_2 to None, run_after=None
[2023-11-30T09:36:25.459+0000] {logging_mixin.py:154} INFO - [2023-11-30T09:36:25.459+0000] {dag.py:3722} INFO - Setting next_dagrun for dataset_consumes_1_never_scheduled to None, run_after=None
[2023-11-30T09:36:25.462+0000] {logging_mixin.py:154} INFO - [2023-11-30T09:36:25.462+0000] {dag.py:3722} INFO - Setting next_dagrun for dataset_consumes_unknown_never_scheduled to None, run_after=None
[2023-11-30T09:36:25.467+0000] {logging_mixin.py:154} INFO - [2023-11-30T09:36:25.467+0000] {dag.py:3722} INFO - Setting next_dagrun for dataset_produces_1 to 2023-11-29T00:00:00+00:00, run_after=2023-11-30T00:00:00+00:00
[2023-11-30T09:36:25.471+0000] {logging_mixin.py:154} INFO - [2023-11-30T09:36:25.470+0000] {dag.py:3722} INFO - Setting next_dagrun for dataset_produces_2 to None, run_after=None
[2023-11-30T09:36:25.553+0000] {processor.py:179} INFO - Processing /home/airflow/.local/lib/python3.8/site-packages/airflow/example_dags/example_datasets.py took 0.229 seconds
[2023-11-30T09:36:56.271+0000] {processor.py:157} INFO - Started process (PID=30451) to work on /home/airflow/.local/lib/python3.8/site-packages/airflow/example_dags/example_datasets.py
[2023-11-30T09:36:56.273+0000] {processor.py:829} INFO - Processing file /home/airflow/.local/lib/python3.8/site-packages/airflow/example_dags/example_datasets.py for tasks to queue
[2023-11-30T09:36:56.275+0000] {logging_mixin.py:154} INFO - [2023-11-30T09:36:56.275+0000] {dagbag.py:536} INFO - Filling up the DagBag from /home/airflow/.local/lib/python3.8/site-packages/airflow/example_dags/example_datasets.py
[2023-11-30T09:36:56.291+0000] {processor.py:839} INFO - DAG(s) dict_keys(['dataset_produces_1', 'dataset_consumes_1', 'dataset_consumes_unknown_never_scheduled', 'dataset_consumes_1_and_2', 'dataset_produces_2', 'dataset_consumes_1_never_scheduled']) retrieved from /home/airflow/.local/lib/python3.8/site-packages/airflow/example_dags/example_datasets.py
[2023-11-30T09:36:56.380+0000] {logging_mixin.py:154} INFO - [2023-11-30T09:36:56.380+0000] {dag.py:2941} INFO - Sync 6 DAGs
[2023-11-30T09:36:56.419+0000] {logging_mixin.py:154} INFO - [2023-11-30T09:36:56.419+0000] {dag.py:3722} INFO - Setting next_dagrun for dataset_consumes_1 to None, run_after=None
[2023-11-30T09:36:56.431+0000] {logging_mixin.py:154} INFO - [2023-11-30T09:36:56.430+0000] {dag.py:3722} INFO - Setting next_dagrun for dataset_consumes_1_and_2 to None, run_after=None
[2023-11-30T09:36:56.434+0000] {logging_mixin.py:154} INFO - [2023-11-30T09:36:56.434+0000] {dag.py:3722} INFO - Setting next_dagrun for dataset_consumes_1_never_scheduled to None, run_after=None
[2023-11-30T09:36:56.437+0000] {logging_mixin.py:154} INFO - [2023-11-30T09:36:56.437+0000] {dag.py:3722} INFO - Setting next_dagrun for dataset_consumes_unknown_never_scheduled to None, run_after=None
[2023-11-30T09:36:56.445+0000] {logging_mixin.py:154} INFO - [2023-11-30T09:36:56.445+0000] {dag.py:3722} INFO - Setting next_dagrun for dataset_produces_1 to 2023-11-29T00:00:00+00:00, run_after=2023-11-30T00:00:00+00:00
[2023-11-30T09:36:56.449+0000] {logging_mixin.py:154} INFO - [2023-11-30T09:36:56.448+0000] {dag.py:3722} INFO - Setting next_dagrun for dataset_produces_2 to None, run_after=None
[2023-11-30T09:36:56.574+0000] {processor.py:179} INFO - Processing /home/airflow/.local/lib/python3.8/site-packages/airflow/example_dags/example_datasets.py took 0.308 seconds
[2023-11-30T09:37:26.998+0000] {processor.py:157} INFO - Started process (PID=30506) to work on /home/airflow/.local/lib/python3.8/site-packages/airflow/example_dags/example_datasets.py
[2023-11-30T09:37:26.999+0000] {processor.py:829} INFO - Processing file /home/airflow/.local/lib/python3.8/site-packages/airflow/example_dags/example_datasets.py for tasks to queue
[2023-11-30T09:37:27.001+0000] {logging_mixin.py:154} INFO - [2023-11-30T09:37:27.001+0000] {dagbag.py:536} INFO - Filling up the DagBag from /home/airflow/.local/lib/python3.8/site-packages/airflow/example_dags/example_datasets.py
[2023-11-30T09:37:27.018+0000] {processor.py:839} INFO - DAG(s) dict_keys(['dataset_consumes_1_never_scheduled', 'dataset_produces_2', 'dataset_produces_1', 'dataset_consumes_1_and_2', 'dataset_consumes_unknown_never_scheduled', 'dataset_consumes_1']) retrieved from /home/airflow/.local/lib/python3.8/site-packages/airflow/example_dags/example_datasets.py
[2023-11-30T09:37:27.082+0000] {logging_mixin.py:154} INFO - [2023-11-30T09:37:27.082+0000] {dag.py:2941} INFO - Sync 6 DAGs
[2023-11-30T09:37:27.119+0000] {logging_mixin.py:154} INFO - [2023-11-30T09:37:27.119+0000] {dag.py:3722} INFO - Setting next_dagrun for dataset_consumes_1 to None, run_after=None
[2023-11-30T09:37:27.125+0000] {logging_mixin.py:154} INFO - [2023-11-30T09:37:27.124+0000] {dag.py:3722} INFO - Setting next_dagrun for dataset_consumes_1_and_2 to None, run_after=None
[2023-11-30T09:37:27.128+0000] {logging_mixin.py:154} INFO - [2023-11-30T09:37:27.128+0000] {dag.py:3722} INFO - Setting next_dagrun for dataset_consumes_1_never_scheduled to None, run_after=None
[2023-11-30T09:37:27.141+0000] {logging_mixin.py:154} INFO - [2023-11-30T09:37:27.141+0000] {dag.py:3722} INFO - Setting next_dagrun for dataset_consumes_unknown_never_scheduled to None, run_after=None
[2023-11-30T09:37:27.150+0000] {logging_mixin.py:154} INFO - [2023-11-30T09:37:27.150+0000] {dag.py:3722} INFO - Setting next_dagrun for dataset_produces_1 to 2023-11-29T00:00:00+00:00, run_after=2023-11-30T00:00:00+00:00
[2023-11-30T09:37:27.161+0000] {logging_mixin.py:154} INFO - [2023-11-30T09:37:27.161+0000] {dag.py:3722} INFO - Setting next_dagrun for dataset_produces_2 to None, run_after=None
[2023-11-30T09:37:27.258+0000] {processor.py:179} INFO - Processing /home/airflow/.local/lib/python3.8/site-packages/airflow/example_dags/example_datasets.py took 0.267 seconds
[2023-11-30T09:37:57.880+0000] {processor.py:157} INFO - Started process (PID=30560) to work on /home/airflow/.local/lib/python3.8/site-packages/airflow/example_dags/example_datasets.py
[2023-11-30T09:37:57.883+0000] {processor.py:829} INFO - Processing file /home/airflow/.local/lib/python3.8/site-packages/airflow/example_dags/example_datasets.py for tasks to queue
[2023-11-30T09:37:57.887+0000] {logging_mixin.py:154} INFO - [2023-11-30T09:37:57.887+0000] {dagbag.py:536} INFO - Filling up the DagBag from /home/airflow/.local/lib/python3.8/site-packages/airflow/example_dags/example_datasets.py
[2023-11-30T09:37:57.937+0000] {processor.py:839} INFO - DAG(s) dict_keys(['dataset_consumes_1_never_scheduled', 'dataset_consumes_unknown_never_scheduled', 'dataset_consumes_1', 'dataset_consumes_1_and_2', 'dataset_produces_2', 'dataset_produces_1']) retrieved from /home/airflow/.local/lib/python3.8/site-packages/airflow/example_dags/example_datasets.py
[2023-11-30T09:37:58.020+0000] {logging_mixin.py:154} INFO - [2023-11-30T09:37:58.020+0000] {dag.py:2941} INFO - Sync 6 DAGs
[2023-11-30T09:37:58.059+0000] {logging_mixin.py:154} INFO - [2023-11-30T09:37:58.059+0000] {dag.py:3722} INFO - Setting next_dagrun for dataset_consumes_1 to None, run_after=None
[2023-11-30T09:37:58.068+0000] {logging_mixin.py:154} INFO - [2023-11-30T09:37:58.068+0000] {dag.py:3722} INFO - Setting next_dagrun for dataset_consumes_1_and_2 to None, run_after=None
[2023-11-30T09:37:58.072+0000] {logging_mixin.py:154} INFO - [2023-11-30T09:37:58.071+0000] {dag.py:3722} INFO - Setting next_dagrun for dataset_consumes_1_never_scheduled to None, run_after=None
[2023-11-30T09:37:58.074+0000] {logging_mixin.py:154} INFO - [2023-11-30T09:37:58.074+0000] {dag.py:3722} INFO - Setting next_dagrun for dataset_consumes_unknown_never_scheduled to None, run_after=None
[2023-11-30T09:37:58.089+0000] {logging_mixin.py:154} INFO - [2023-11-30T09:37:58.088+0000] {dag.py:3722} INFO - Setting next_dagrun for dataset_produces_1 to 2023-11-29T00:00:00+00:00, run_after=2023-11-30T00:00:00+00:00
[2023-11-30T09:37:58.095+0000] {logging_mixin.py:154} INFO - [2023-11-30T09:37:58.095+0000] {dag.py:3722} INFO - Setting next_dagrun for dataset_produces_2 to None, run_after=None
[2023-11-30T09:37:58.149+0000] {processor.py:179} INFO - Processing /home/airflow/.local/lib/python3.8/site-packages/airflow/example_dags/example_datasets.py took 0.280 seconds
[2023-11-30T09:38:28.417+0000] {processor.py:157} INFO - Started process (PID=30614) to work on /home/airflow/.local/lib/python3.8/site-packages/airflow/example_dags/example_datasets.py
[2023-11-30T09:38:28.421+0000] {processor.py:829} INFO - Processing file /home/airflow/.local/lib/python3.8/site-packages/airflow/example_dags/example_datasets.py for tasks to queue
[2023-11-30T09:38:28.428+0000] {logging_mixin.py:154} INFO - [2023-11-30T09:38:28.428+0000] {dagbag.py:536} INFO - Filling up the DagBag from /home/airflow/.local/lib/python3.8/site-packages/airflow/example_dags/example_datasets.py
[2023-11-30T09:38:28.513+0000] {processor.py:839} INFO - DAG(s) dict_keys(['dataset_consumes_unknown_never_scheduled', 'dataset_consumes_1_never_scheduled', 'dataset_produces_1', 'dataset_consumes_1_and_2', 'dataset_produces_2', 'dataset_consumes_1']) retrieved from /home/airflow/.local/lib/python3.8/site-packages/airflow/example_dags/example_datasets.py
[2023-11-30T09:38:28.756+0000] {logging_mixin.py:154} INFO - [2023-11-30T09:38:28.755+0000] {dag.py:2941} INFO - Sync 6 DAGs
[2023-11-30T09:38:28.887+0000] {logging_mixin.py:154} INFO - [2023-11-30T09:38:28.887+0000] {dag.py:3722} INFO - Setting next_dagrun for dataset_consumes_1 to None, run_after=None
[2023-11-30T09:38:28.895+0000] {logging_mixin.py:154} INFO - [2023-11-30T09:38:28.895+0000] {dag.py:3722} INFO - Setting next_dagrun for dataset_consumes_1_and_2 to None, run_after=None
[2023-11-30T09:38:28.900+0000] {logging_mixin.py:154} INFO - [2023-11-30T09:38:28.899+0000] {dag.py:3722} INFO - Setting next_dagrun for dataset_consumes_1_never_scheduled to None, run_after=None
[2023-11-30T09:38:28.904+0000] {logging_mixin.py:154} INFO - [2023-11-30T09:38:28.904+0000] {dag.py:3722} INFO - Setting next_dagrun for dataset_consumes_unknown_never_scheduled to None, run_after=None
[2023-11-30T09:38:28.914+0000] {logging_mixin.py:154} INFO - [2023-11-30T09:38:28.913+0000] {dag.py:3722} INFO - Setting next_dagrun for dataset_produces_1 to 2023-11-29T00:00:00+00:00, run_after=2023-11-30T00:00:00+00:00
[2023-11-30T09:38:28.920+0000] {logging_mixin.py:154} INFO - [2023-11-30T09:38:28.920+0000] {dag.py:3722} INFO - Setting next_dagrun for dataset_produces_2 to None, run_after=None
[2023-11-30T09:38:29.163+0000] {processor.py:179} INFO - Processing /home/airflow/.local/lib/python3.8/site-packages/airflow/example_dags/example_datasets.py took 0.759 seconds
[2023-11-30T09:38:59.299+0000] {processor.py:157} INFO - Started process (PID=30667) to work on /home/airflow/.local/lib/python3.8/site-packages/airflow/example_dags/example_datasets.py
[2023-11-30T09:38:59.300+0000] {processor.py:829} INFO - Processing file /home/airflow/.local/lib/python3.8/site-packages/airflow/example_dags/example_datasets.py for tasks to queue
[2023-11-30T09:38:59.302+0000] {logging_mixin.py:154} INFO - [2023-11-30T09:38:59.302+0000] {dagbag.py:536} INFO - Filling up the DagBag from /home/airflow/.local/lib/python3.8/site-packages/airflow/example_dags/example_datasets.py
[2023-11-30T09:38:59.323+0000] {processor.py:839} INFO - DAG(s) dict_keys(['dataset_consumes_1', 'dataset_produces_2', 'dataset_produces_1', 'dataset_consumes_1_and_2', 'dataset_consumes_1_never_scheduled', 'dataset_consumes_unknown_never_scheduled']) retrieved from /home/airflow/.local/lib/python3.8/site-packages/airflow/example_dags/example_datasets.py
[2023-11-30T09:38:59.412+0000] {logging_mixin.py:154} INFO - [2023-11-30T09:38:59.412+0000] {dag.py:2941} INFO - Sync 6 DAGs
[2023-11-30T09:38:59.455+0000] {logging_mixin.py:154} INFO - [2023-11-30T09:38:59.455+0000] {dag.py:3722} INFO - Setting next_dagrun for dataset_consumes_1 to None, run_after=None
[2023-11-30T09:38:59.461+0000] {logging_mixin.py:154} INFO - [2023-11-30T09:38:59.461+0000] {dag.py:3722} INFO - Setting next_dagrun for dataset_consumes_1_and_2 to None, run_after=None
[2023-11-30T09:38:59.464+0000] {logging_mixin.py:154} INFO - [2023-11-30T09:38:59.464+0000] {dag.py:3722} INFO - Setting next_dagrun for dataset_consumes_1_never_scheduled to None, run_after=None
[2023-11-30T09:38:59.466+0000] {logging_mixin.py:154} INFO - [2023-11-30T09:38:59.466+0000] {dag.py:3722} INFO - Setting next_dagrun for dataset_consumes_unknown_never_scheduled to None, run_after=None
[2023-11-30T09:38:59.472+0000] {logging_mixin.py:154} INFO - [2023-11-30T09:38:59.471+0000] {dag.py:3722} INFO - Setting next_dagrun for dataset_produces_1 to 2023-11-29T00:00:00+00:00, run_after=2023-11-30T00:00:00+00:00
[2023-11-30T09:38:59.475+0000] {logging_mixin.py:154} INFO - [2023-11-30T09:38:59.474+0000] {dag.py:3722} INFO - Setting next_dagrun for dataset_produces_2 to None, run_after=None
[2023-11-30T09:38:59.532+0000] {processor.py:179} INFO - Processing /home/airflow/.local/lib/python3.8/site-packages/airflow/example_dags/example_datasets.py took 0.238 seconds
[2023-11-30T09:39:29.589+0000] {processor.py:157} INFO - Started process (PID=30722) to work on /home/airflow/.local/lib/python3.8/site-packages/airflow/example_dags/example_datasets.py
[2023-11-30T09:39:29.595+0000] {processor.py:829} INFO - Processing file /home/airflow/.local/lib/python3.8/site-packages/airflow/example_dags/example_datasets.py for tasks to queue
[2023-11-30T09:39:29.599+0000] {logging_mixin.py:154} INFO - [2023-11-30T09:39:29.598+0000] {dagbag.py:536} INFO - Filling up the DagBag from /home/airflow/.local/lib/python3.8/site-packages/airflow/example_dags/example_datasets.py
[2023-11-30T09:39:29.624+0000] {processor.py:839} INFO - DAG(s) dict_keys(['dataset_consumes_1', 'dataset_consumes_1_and_2', 'dataset_consumes_1_never_scheduled', 'dataset_produces_1', 'dataset_consumes_unknown_never_scheduled', 'dataset_produces_2']) retrieved from /home/airflow/.local/lib/python3.8/site-packages/airflow/example_dags/example_datasets.py
[2023-11-30T09:39:29.814+0000] {logging_mixin.py:154} INFO - [2023-11-30T09:39:29.813+0000] {dag.py:2941} INFO - Sync 6 DAGs
[2023-11-30T09:39:29.906+0000] {logging_mixin.py:154} INFO - [2023-11-30T09:39:29.905+0000] {dag.py:3722} INFO - Setting next_dagrun for dataset_consumes_1 to None, run_after=None
[2023-11-30T09:39:29.920+0000] {logging_mixin.py:154} INFO - [2023-11-30T09:39:29.919+0000] {dag.py:3722} INFO - Setting next_dagrun for dataset_consumes_1_and_2 to None, run_after=None
[2023-11-30T09:39:29.925+0000] {logging_mixin.py:154} INFO - [2023-11-30T09:39:29.924+0000] {dag.py:3722} INFO - Setting next_dagrun for dataset_consumes_1_never_scheduled to None, run_after=None
[2023-11-30T09:39:29.935+0000] {logging_mixin.py:154} INFO - [2023-11-30T09:39:29.935+0000] {dag.py:3722} INFO - Setting next_dagrun for dataset_consumes_unknown_never_scheduled to None, run_after=None
[2023-11-30T09:39:29.951+0000] {logging_mixin.py:154} INFO - [2023-11-30T09:39:29.951+0000] {dag.py:3722} INFO - Setting next_dagrun for dataset_produces_1 to 2023-11-29T00:00:00+00:00, run_after=2023-11-30T00:00:00+00:00
[2023-11-30T09:39:29.956+0000] {logging_mixin.py:154} INFO - [2023-11-30T09:39:29.955+0000] {dag.py:3722} INFO - Setting next_dagrun for dataset_produces_2 to None, run_after=None
[2023-11-30T09:39:30.419+0000] {processor.py:179} INFO - Processing /home/airflow/.local/lib/python3.8/site-packages/airflow/example_dags/example_datasets.py took 0.835 seconds
[2023-11-30T09:40:00.547+0000] {processor.py:157} INFO - Started process (PID=30776) to work on /home/airflow/.local/lib/python3.8/site-packages/airflow/example_dags/example_datasets.py
[2023-11-30T09:40:00.550+0000] {processor.py:829} INFO - Processing file /home/airflow/.local/lib/python3.8/site-packages/airflow/example_dags/example_datasets.py for tasks to queue
[2023-11-30T09:40:00.552+0000] {logging_mixin.py:154} INFO - [2023-11-30T09:40:00.551+0000] {dagbag.py:536} INFO - Filling up the DagBag from /home/airflow/.local/lib/python3.8/site-packages/airflow/example_dags/example_datasets.py
[2023-11-30T09:40:00.572+0000] {processor.py:839} INFO - DAG(s) dict_keys(['dataset_produces_2', 'dataset_consumes_unknown_never_scheduled', 'dataset_consumes_1', 'dataset_consumes_1_never_scheduled', 'dataset_produces_1', 'dataset_consumes_1_and_2']) retrieved from /home/airflow/.local/lib/python3.8/site-packages/airflow/example_dags/example_datasets.py
[2023-11-30T09:40:00.651+0000] {logging_mixin.py:154} INFO - [2023-11-30T09:40:00.651+0000] {dag.py:2941} INFO - Sync 6 DAGs
[2023-11-30T09:40:00.690+0000] {logging_mixin.py:154} INFO - [2023-11-30T09:40:00.690+0000] {dag.py:3722} INFO - Setting next_dagrun for dataset_consumes_1 to None, run_after=None
[2023-11-30T09:40:00.699+0000] {logging_mixin.py:154} INFO - [2023-11-30T09:40:00.698+0000] {dag.py:3722} INFO - Setting next_dagrun for dataset_consumes_1_and_2 to None, run_after=None
[2023-11-30T09:40:00.702+0000] {logging_mixin.py:154} INFO - [2023-11-30T09:40:00.702+0000] {dag.py:3722} INFO - Setting next_dagrun for dataset_consumes_1_never_scheduled to None, run_after=None
[2023-11-30T09:40:00.704+0000] {logging_mixin.py:154} INFO - [2023-11-30T09:40:00.704+0000] {dag.py:3722} INFO - Setting next_dagrun for dataset_consumes_unknown_never_scheduled to None, run_after=None
[2023-11-30T09:40:00.710+0000] {logging_mixin.py:154} INFO - [2023-11-30T09:40:00.709+0000] {dag.py:3722} INFO - Setting next_dagrun for dataset_produces_1 to 2023-11-29T00:00:00+00:00, run_after=2023-11-30T00:00:00+00:00
[2023-11-30T09:40:00.714+0000] {logging_mixin.py:154} INFO - [2023-11-30T09:40:00.713+0000] {dag.py:3722} INFO - Setting next_dagrun for dataset_produces_2 to None, run_after=None
[2023-11-30T09:40:00.804+0000] {processor.py:179} INFO - Processing /home/airflow/.local/lib/python3.8/site-packages/airflow/example_dags/example_datasets.py took 0.264 seconds
[2023-11-30T09:40:31.227+0000] {processor.py:157} INFO - Started process (PID=30831) to work on /home/airflow/.local/lib/python3.8/site-packages/airflow/example_dags/example_datasets.py
[2023-11-30T09:40:31.229+0000] {processor.py:829} INFO - Processing file /home/airflow/.local/lib/python3.8/site-packages/airflow/example_dags/example_datasets.py for tasks to queue
[2023-11-30T09:40:31.230+0000] {logging_mixin.py:154} INFO - [2023-11-30T09:40:31.230+0000] {dagbag.py:536} INFO - Filling up the DagBag from /home/airflow/.local/lib/python3.8/site-packages/airflow/example_dags/example_datasets.py
[2023-11-30T09:40:31.248+0000] {processor.py:839} INFO - DAG(s) dict_keys(['dataset_consumes_1', 'dataset_consumes_1_never_scheduled', 'dataset_consumes_unknown_never_scheduled', 'dataset_produces_1', 'dataset_produces_2', 'dataset_consumes_1_and_2']) retrieved from /home/airflow/.local/lib/python3.8/site-packages/airflow/example_dags/example_datasets.py
[2023-11-30T09:40:31.330+0000] {logging_mixin.py:154} INFO - [2023-11-30T09:40:31.330+0000] {dag.py:2941} INFO - Sync 6 DAGs
[2023-11-30T09:40:31.370+0000] {logging_mixin.py:154} INFO - [2023-11-30T09:40:31.370+0000] {dag.py:3722} INFO - Setting next_dagrun for dataset_consumes_1 to None, run_after=None
[2023-11-30T09:40:31.376+0000] {logging_mixin.py:154} INFO - [2023-11-30T09:40:31.375+0000] {dag.py:3722} INFO - Setting next_dagrun for dataset_consumes_1_and_2 to None, run_after=None
[2023-11-30T09:40:31.378+0000] {logging_mixin.py:154} INFO - [2023-11-30T09:40:31.378+0000] {dag.py:3722} INFO - Setting next_dagrun for dataset_consumes_1_never_scheduled to None, run_after=None
[2023-11-30T09:40:31.380+0000] {logging_mixin.py:154} INFO - [2023-11-30T09:40:31.380+0000] {dag.py:3722} INFO - Setting next_dagrun for dataset_consumes_unknown_never_scheduled to None, run_after=None
[2023-11-30T09:40:31.386+0000] {logging_mixin.py:154} INFO - [2023-11-30T09:40:31.386+0000] {dag.py:3722} INFO - Setting next_dagrun for dataset_produces_1 to 2023-11-29T00:00:00+00:00, run_after=2023-11-30T00:00:00+00:00
[2023-11-30T09:40:31.390+0000] {logging_mixin.py:154} INFO - [2023-11-30T09:40:31.389+0000] {dag.py:3722} INFO - Setting next_dagrun for dataset_produces_2 to None, run_after=None
[2023-11-30T09:40:31.440+0000] {processor.py:179} INFO - Processing /home/airflow/.local/lib/python3.8/site-packages/airflow/example_dags/example_datasets.py took 0.219 seconds
