[2023-11-30T09:32:27.968+0000] {processor.py:157} INFO - Started process (PID=30004) to work on /home/airflow/.local/lib/python3.8/site-packages/airflow/example_dags/tutorial_dag.py
[2023-11-30T09:32:27.977+0000] {processor.py:829} INFO - Processing file /home/airflow/.local/lib/python3.8/site-packages/airflow/example_dags/tutorial_dag.py for tasks to queue
[2023-11-30T09:32:27.985+0000] {logging_mixin.py:154} INFO - [2023-11-30T09:32:27.980+0000] {dagbag.py:536} INFO - Filling up the DagBag from /home/airflow/.local/lib/python3.8/site-packages/airflow/example_dags/tutorial_dag.py
[2023-11-30T09:32:28.009+0000] {processor.py:839} INFO - DAG(s) dict_keys(['tutorial_dag']) retrieved from /home/airflow/.local/lib/python3.8/site-packages/airflow/example_dags/tutorial_dag.py
[2023-11-30T09:32:28.071+0000] {logging_mixin.py:154} INFO - [2023-11-30T09:32:28.071+0000] {dag.py:2941} INFO - Sync 1 DAGs
[2023-11-30T09:32:28.116+0000] {logging_mixin.py:154} INFO - [2023-11-30T09:32:28.116+0000] {dag.py:3722} INFO - Setting next_dagrun for tutorial_dag to None, run_after=None
[2023-11-30T09:32:28.171+0000] {processor.py:179} INFO - Processing /home/airflow/.local/lib/python3.8/site-packages/airflow/example_dags/tutorial_dag.py took 0.208 seconds
[2023-11-30T09:33:06.027+0000] {processor.py:157} INFO - Started process (PID=30058) to work on /home/airflow/.local/lib/python3.8/site-packages/airflow/example_dags/tutorial_dag.py
[2023-11-30T09:33:06.029+0000] {processor.py:829} INFO - Processing file /home/airflow/.local/lib/python3.8/site-packages/airflow/example_dags/tutorial_dag.py for tasks to queue
[2023-11-30T09:33:06.031+0000] {logging_mixin.py:154} INFO - [2023-11-30T09:33:06.030+0000] {dagbag.py:536} INFO - Filling up the DagBag from /home/airflow/.local/lib/python3.8/site-packages/airflow/example_dags/tutorial_dag.py
[2023-11-30T09:33:06.044+0000] {processor.py:839} INFO - DAG(s) dict_keys(['tutorial_dag']) retrieved from /home/airflow/.local/lib/python3.8/site-packages/airflow/example_dags/tutorial_dag.py
[2023-11-30T09:33:06.098+0000] {logging_mixin.py:154} INFO - [2023-11-30T09:33:06.097+0000] {dag.py:2941} INFO - Sync 1 DAGs
[2023-11-30T09:33:06.137+0000] {logging_mixin.py:154} INFO - [2023-11-30T09:33:06.136+0000] {dag.py:3722} INFO - Setting next_dagrun for tutorial_dag to None, run_after=None
[2023-11-30T09:33:06.190+0000] {processor.py:179} INFO - Processing /home/airflow/.local/lib/python3.8/site-packages/airflow/example_dags/tutorial_dag.py took 0.168 seconds
[2023-11-30T09:33:40.239+0000] {processor.py:157} INFO - Started process (PID=30113) to work on /home/airflow/.local/lib/python3.8/site-packages/airflow/example_dags/tutorial_dag.py
[2023-11-30T09:33:40.249+0000] {processor.py:829} INFO - Processing file /home/airflow/.local/lib/python3.8/site-packages/airflow/example_dags/tutorial_dag.py for tasks to queue
[2023-11-30T09:33:40.255+0000] {logging_mixin.py:154} INFO - [2023-11-30T09:33:40.251+0000] {dagbag.py:536} INFO - Filling up the DagBag from /home/airflow/.local/lib/python3.8/site-packages/airflow/example_dags/tutorial_dag.py
[2023-11-30T09:33:40.273+0000] {processor.py:839} INFO - DAG(s) dict_keys(['tutorial_dag']) retrieved from /home/airflow/.local/lib/python3.8/site-packages/airflow/example_dags/tutorial_dag.py
[2023-11-30T09:33:40.477+0000] {logging_mixin.py:154} INFO - [2023-11-30T09:33:40.476+0000] {dag.py:2941} INFO - Sync 1 DAGs
[2023-11-30T09:33:40.559+0000] {logging_mixin.py:154} INFO - [2023-11-30T09:33:40.559+0000] {dag.py:3722} INFO - Setting next_dagrun for tutorial_dag to None, run_after=None
[2023-11-30T09:33:40.671+0000] {processor.py:179} INFO - Processing /home/airflow/.local/lib/python3.8/site-packages/airflow/example_dags/tutorial_dag.py took 0.452 seconds
[2023-11-30T09:34:10.845+0000] {processor.py:157} INFO - Started process (PID=30168) to work on /home/airflow/.local/lib/python3.8/site-packages/airflow/example_dags/tutorial_dag.py
[2023-11-30T09:34:10.847+0000] {processor.py:829} INFO - Processing file /home/airflow/.local/lib/python3.8/site-packages/airflow/example_dags/tutorial_dag.py for tasks to queue
[2023-11-30T09:34:10.850+0000] {logging_mixin.py:154} INFO - [2023-11-30T09:34:10.849+0000] {dagbag.py:536} INFO - Filling up the DagBag from /home/airflow/.local/lib/python3.8/site-packages/airflow/example_dags/tutorial_dag.py
[2023-11-30T09:34:10.860+0000] {processor.py:839} INFO - DAG(s) dict_keys(['tutorial_dag']) retrieved from /home/airflow/.local/lib/python3.8/site-packages/airflow/example_dags/tutorial_dag.py
[2023-11-30T09:34:10.899+0000] {logging_mixin.py:154} INFO - [2023-11-30T09:34:10.899+0000] {dag.py:2941} INFO - Sync 1 DAGs
[2023-11-30T09:34:10.918+0000] {logging_mixin.py:154} INFO - [2023-11-30T09:34:10.918+0000] {dag.py:3722} INFO - Setting next_dagrun for tutorial_dag to None, run_after=None
[2023-11-30T09:34:10.969+0000] {processor.py:179} INFO - Processing /home/airflow/.local/lib/python3.8/site-packages/airflow/example_dags/tutorial_dag.py took 0.130 seconds
[2023-11-30T09:34:41.193+0000] {processor.py:157} INFO - Started process (PID=30222) to work on /home/airflow/.local/lib/python3.8/site-packages/airflow/example_dags/tutorial_dag.py
[2023-11-30T09:34:41.195+0000] {processor.py:829} INFO - Processing file /home/airflow/.local/lib/python3.8/site-packages/airflow/example_dags/tutorial_dag.py for tasks to queue
[2023-11-30T09:34:41.197+0000] {logging_mixin.py:154} INFO - [2023-11-30T09:34:41.196+0000] {dagbag.py:536} INFO - Filling up the DagBag from /home/airflow/.local/lib/python3.8/site-packages/airflow/example_dags/tutorial_dag.py
[2023-11-30T09:34:41.206+0000] {processor.py:839} INFO - DAG(s) dict_keys(['tutorial_dag']) retrieved from /home/airflow/.local/lib/python3.8/site-packages/airflow/example_dags/tutorial_dag.py
[2023-11-30T09:34:41.245+0000] {logging_mixin.py:154} INFO - [2023-11-30T09:34:41.245+0000] {dag.py:2941} INFO - Sync 1 DAGs
[2023-11-30T09:34:41.267+0000] {logging_mixin.py:154} INFO - [2023-11-30T09:34:41.267+0000] {dag.py:3722} INFO - Setting next_dagrun for tutorial_dag to None, run_after=None
[2023-11-30T09:34:41.300+0000] {processor.py:179} INFO - Processing /home/airflow/.local/lib/python3.8/site-packages/airflow/example_dags/tutorial_dag.py took 0.112 seconds
[2023-11-30T09:35:12.094+0000] {processor.py:157} INFO - Started process (PID=30277) to work on /home/airflow/.local/lib/python3.8/site-packages/airflow/example_dags/tutorial_dag.py
[2023-11-30T09:35:12.096+0000] {processor.py:829} INFO - Processing file /home/airflow/.local/lib/python3.8/site-packages/airflow/example_dags/tutorial_dag.py for tasks to queue
[2023-11-30T09:35:12.097+0000] {logging_mixin.py:154} INFO - [2023-11-30T09:35:12.097+0000] {dagbag.py:536} INFO - Filling up the DagBag from /home/airflow/.local/lib/python3.8/site-packages/airflow/example_dags/tutorial_dag.py
[2023-11-30T09:35:12.107+0000] {processor.py:839} INFO - DAG(s) dict_keys(['tutorial_dag']) retrieved from /home/airflow/.local/lib/python3.8/site-packages/airflow/example_dags/tutorial_dag.py
[2023-11-30T09:35:12.149+0000] {logging_mixin.py:154} INFO - [2023-11-30T09:35:12.149+0000] {dag.py:2941} INFO - Sync 1 DAGs
[2023-11-30T09:35:12.168+0000] {logging_mixin.py:154} INFO - [2023-11-30T09:35:12.168+0000] {dag.py:3722} INFO - Setting next_dagrun for tutorial_dag to None, run_after=None
[2023-11-30T09:35:12.204+0000] {processor.py:179} INFO - Processing /home/airflow/.local/lib/python3.8/site-packages/airflow/example_dags/tutorial_dag.py took 0.117 seconds
[2023-11-30T09:35:42.677+0000] {processor.py:157} INFO - Started process (PID=30330) to work on /home/airflow/.local/lib/python3.8/site-packages/airflow/example_dags/tutorial_dag.py
[2023-11-30T09:35:42.679+0000] {processor.py:829} INFO - Processing file /home/airflow/.local/lib/python3.8/site-packages/airflow/example_dags/tutorial_dag.py for tasks to queue
[2023-11-30T09:35:42.680+0000] {logging_mixin.py:154} INFO - [2023-11-30T09:35:42.680+0000] {dagbag.py:536} INFO - Filling up the DagBag from /home/airflow/.local/lib/python3.8/site-packages/airflow/example_dags/tutorial_dag.py
[2023-11-30T09:35:42.693+0000] {processor.py:839} INFO - DAG(s) dict_keys(['tutorial_dag']) retrieved from /home/airflow/.local/lib/python3.8/site-packages/airflow/example_dags/tutorial_dag.py
[2023-11-30T09:35:42.738+0000] {logging_mixin.py:154} INFO - [2023-11-30T09:35:42.737+0000] {dag.py:2941} INFO - Sync 1 DAGs
[2023-11-30T09:35:42.758+0000] {logging_mixin.py:154} INFO - [2023-11-30T09:35:42.758+0000] {dag.py:3722} INFO - Setting next_dagrun for tutorial_dag to None, run_after=None
[2023-11-30T09:35:42.793+0000] {processor.py:179} INFO - Processing /home/airflow/.local/lib/python3.8/site-packages/airflow/example_dags/tutorial_dag.py took 0.125 seconds
[2023-11-30T09:36:13.756+0000] {processor.py:157} INFO - Started process (PID=30384) to work on /home/airflow/.local/lib/python3.8/site-packages/airflow/example_dags/tutorial_dag.py
[2023-11-30T09:36:13.759+0000] {processor.py:829} INFO - Processing file /home/airflow/.local/lib/python3.8/site-packages/airflow/example_dags/tutorial_dag.py for tasks to queue
[2023-11-30T09:36:13.764+0000] {logging_mixin.py:154} INFO - [2023-11-30T09:36:13.763+0000] {dagbag.py:536} INFO - Filling up the DagBag from /home/airflow/.local/lib/python3.8/site-packages/airflow/example_dags/tutorial_dag.py
[2023-11-30T09:36:13.783+0000] {processor.py:839} INFO - DAG(s) dict_keys(['tutorial_dag']) retrieved from /home/airflow/.local/lib/python3.8/site-packages/airflow/example_dags/tutorial_dag.py
[2023-11-30T09:36:13.854+0000] {logging_mixin.py:154} INFO - [2023-11-30T09:36:13.853+0000] {dag.py:2941} INFO - Sync 1 DAGs
[2023-11-30T09:36:13.895+0000] {logging_mixin.py:154} INFO - [2023-11-30T09:36:13.894+0000] {dag.py:3722} INFO - Setting next_dagrun for tutorial_dag to None, run_after=None
[2023-11-30T09:36:13.954+0000] {processor.py:179} INFO - Processing /home/airflow/.local/lib/python3.8/site-packages/airflow/example_dags/tutorial_dag.py took 0.213 seconds
[2023-11-30T09:36:44.594+0000] {processor.py:157} INFO - Started process (PID=30439) to work on /home/airflow/.local/lib/python3.8/site-packages/airflow/example_dags/tutorial_dag.py
[2023-11-30T09:36:44.596+0000] {processor.py:829} INFO - Processing file /home/airflow/.local/lib/python3.8/site-packages/airflow/example_dags/tutorial_dag.py for tasks to queue
[2023-11-30T09:36:44.598+0000] {logging_mixin.py:154} INFO - [2023-11-30T09:36:44.597+0000] {dagbag.py:536} INFO - Filling up the DagBag from /home/airflow/.local/lib/python3.8/site-packages/airflow/example_dags/tutorial_dag.py
[2023-11-30T09:36:44.608+0000] {processor.py:839} INFO - DAG(s) dict_keys(['tutorial_dag']) retrieved from /home/airflow/.local/lib/python3.8/site-packages/airflow/example_dags/tutorial_dag.py
[2023-11-30T09:36:44.650+0000] {logging_mixin.py:154} INFO - [2023-11-30T09:36:44.650+0000] {dag.py:2941} INFO - Sync 1 DAGs
[2023-11-30T09:36:44.673+0000] {logging_mixin.py:154} INFO - [2023-11-30T09:36:44.672+0000] {dag.py:3722} INFO - Setting next_dagrun for tutorial_dag to None, run_after=None
[2023-11-30T09:36:44.707+0000] {processor.py:179} INFO - Processing /home/airflow/.local/lib/python3.8/site-packages/airflow/example_dags/tutorial_dag.py took 0.119 seconds
[2023-11-30T09:37:15.534+0000] {processor.py:157} INFO - Started process (PID=30493) to work on /home/airflow/.local/lib/python3.8/site-packages/airflow/example_dags/tutorial_dag.py
[2023-11-30T09:37:15.536+0000] {processor.py:829} INFO - Processing file /home/airflow/.local/lib/python3.8/site-packages/airflow/example_dags/tutorial_dag.py for tasks to queue
[2023-11-30T09:37:15.538+0000] {logging_mixin.py:154} INFO - [2023-11-30T09:37:15.537+0000] {dagbag.py:536} INFO - Filling up the DagBag from /home/airflow/.local/lib/python3.8/site-packages/airflow/example_dags/tutorial_dag.py
[2023-11-30T09:37:15.547+0000] {processor.py:839} INFO - DAG(s) dict_keys(['tutorial_dag']) retrieved from /home/airflow/.local/lib/python3.8/site-packages/airflow/example_dags/tutorial_dag.py
[2023-11-30T09:37:15.585+0000] {logging_mixin.py:154} INFO - [2023-11-30T09:37:15.585+0000] {dag.py:2941} INFO - Sync 1 DAGs
[2023-11-30T09:37:15.604+0000] {logging_mixin.py:154} INFO - [2023-11-30T09:37:15.604+0000] {dag.py:3722} INFO - Setting next_dagrun for tutorial_dag to None, run_after=None
[2023-11-30T09:37:15.635+0000] {processor.py:179} INFO - Processing /home/airflow/.local/lib/python3.8/site-packages/airflow/example_dags/tutorial_dag.py took 0.107 seconds
[2023-11-30T09:37:46.241+0000] {processor.py:157} INFO - Started process (PID=30548) to work on /home/airflow/.local/lib/python3.8/site-packages/airflow/example_dags/tutorial_dag.py
[2023-11-30T09:37:46.244+0000] {processor.py:829} INFO - Processing file /home/airflow/.local/lib/python3.8/site-packages/airflow/example_dags/tutorial_dag.py for tasks to queue
[2023-11-30T09:37:46.248+0000] {logging_mixin.py:154} INFO - [2023-11-30T09:37:46.247+0000] {dagbag.py:536} INFO - Filling up the DagBag from /home/airflow/.local/lib/python3.8/site-packages/airflow/example_dags/tutorial_dag.py
[2023-11-30T09:37:46.257+0000] {processor.py:839} INFO - DAG(s) dict_keys(['tutorial_dag']) retrieved from /home/airflow/.local/lib/python3.8/site-packages/airflow/example_dags/tutorial_dag.py
[2023-11-30T09:37:46.296+0000] {logging_mixin.py:154} INFO - [2023-11-30T09:37:46.296+0000] {dag.py:2941} INFO - Sync 1 DAGs
[2023-11-30T09:37:46.320+0000] {logging_mixin.py:154} INFO - [2023-11-30T09:37:46.319+0000] {dag.py:3722} INFO - Setting next_dagrun for tutorial_dag to None, run_after=None
[2023-11-30T09:37:46.356+0000] {processor.py:179} INFO - Processing /home/airflow/.local/lib/python3.8/site-packages/airflow/example_dags/tutorial_dag.py took 0.121 seconds
[2023-11-30T09:38:16.862+0000] {processor.py:157} INFO - Started process (PID=30602) to work on /home/airflow/.local/lib/python3.8/site-packages/airflow/example_dags/tutorial_dag.py
[2023-11-30T09:38:16.865+0000] {processor.py:829} INFO - Processing file /home/airflow/.local/lib/python3.8/site-packages/airflow/example_dags/tutorial_dag.py for tasks to queue
[2023-11-30T09:38:16.867+0000] {logging_mixin.py:154} INFO - [2023-11-30T09:38:16.866+0000] {dagbag.py:536} INFO - Filling up the DagBag from /home/airflow/.local/lib/python3.8/site-packages/airflow/example_dags/tutorial_dag.py
[2023-11-30T09:38:16.876+0000] {processor.py:839} INFO - DAG(s) dict_keys(['tutorial_dag']) retrieved from /home/airflow/.local/lib/python3.8/site-packages/airflow/example_dags/tutorial_dag.py
[2023-11-30T09:38:16.916+0000] {logging_mixin.py:154} INFO - [2023-11-30T09:38:16.915+0000] {dag.py:2941} INFO - Sync 1 DAGs
[2023-11-30T09:38:16.935+0000] {logging_mixin.py:154} INFO - [2023-11-30T09:38:16.935+0000] {dag.py:3722} INFO - Setting next_dagrun for tutorial_dag to None, run_after=None
[2023-11-30T09:38:16.969+0000] {processor.py:179} INFO - Processing /home/airflow/.local/lib/python3.8/site-packages/airflow/example_dags/tutorial_dag.py took 0.114 seconds
[2023-11-30T09:38:48.427+0000] {processor.py:157} INFO - Started process (PID=30656) to work on /home/airflow/.local/lib/python3.8/site-packages/airflow/example_dags/tutorial_dag.py
[2023-11-30T09:38:48.432+0000] {processor.py:829} INFO - Processing file /home/airflow/.local/lib/python3.8/site-packages/airflow/example_dags/tutorial_dag.py for tasks to queue
[2023-11-30T09:38:48.433+0000] {logging_mixin.py:154} INFO - [2023-11-30T09:38:48.432+0000] {dagbag.py:536} INFO - Filling up the DagBag from /home/airflow/.local/lib/python3.8/site-packages/airflow/example_dags/tutorial_dag.py
[2023-11-30T09:38:48.473+0000] {processor.py:839} INFO - DAG(s) dict_keys(['tutorial_dag']) retrieved from /home/airflow/.local/lib/python3.8/site-packages/airflow/example_dags/tutorial_dag.py
[2023-11-30T09:38:48.516+0000] {logging_mixin.py:154} INFO - [2023-11-30T09:38:48.515+0000] {dag.py:2941} INFO - Sync 1 DAGs
[2023-11-30T09:38:48.542+0000] {logging_mixin.py:154} INFO - [2023-11-30T09:38:48.541+0000] {dag.py:3722} INFO - Setting next_dagrun for tutorial_dag to None, run_after=None
[2023-11-30T09:38:48.625+0000] {processor.py:179} INFO - Processing /home/airflow/.local/lib/python3.8/site-packages/airflow/example_dags/tutorial_dag.py took 0.203 seconds
[2023-11-30T09:39:18.714+0000] {processor.py:157} INFO - Started process (PID=30709) to work on /home/airflow/.local/lib/python3.8/site-packages/airflow/example_dags/tutorial_dag.py
[2023-11-30T09:39:18.717+0000] {processor.py:829} INFO - Processing file /home/airflow/.local/lib/python3.8/site-packages/airflow/example_dags/tutorial_dag.py for tasks to queue
[2023-11-30T09:39:18.719+0000] {logging_mixin.py:154} INFO - [2023-11-30T09:39:18.719+0000] {dagbag.py:536} INFO - Filling up the DagBag from /home/airflow/.local/lib/python3.8/site-packages/airflow/example_dags/tutorial_dag.py
[2023-11-30T09:39:18.734+0000] {processor.py:839} INFO - DAG(s) dict_keys(['tutorial_dag']) retrieved from /home/airflow/.local/lib/python3.8/site-packages/airflow/example_dags/tutorial_dag.py
[2023-11-30T09:39:18.787+0000] {logging_mixin.py:154} INFO - [2023-11-30T09:39:18.787+0000] {dag.py:2941} INFO - Sync 1 DAGs
[2023-11-30T09:39:18.818+0000] {logging_mixin.py:154} INFO - [2023-11-30T09:39:18.818+0000] {dag.py:3722} INFO - Setting next_dagrun for tutorial_dag to None, run_after=None
[2023-11-30T09:39:18.852+0000] {processor.py:179} INFO - Processing /home/airflow/.local/lib/python3.8/site-packages/airflow/example_dags/tutorial_dag.py took 0.146 seconds
[2023-11-30T09:39:49.803+0000] {processor.py:157} INFO - Started process (PID=30764) to work on /home/airflow/.local/lib/python3.8/site-packages/airflow/example_dags/tutorial_dag.py
[2023-11-30T09:39:49.805+0000] {processor.py:829} INFO - Processing file /home/airflow/.local/lib/python3.8/site-packages/airflow/example_dags/tutorial_dag.py for tasks to queue
[2023-11-30T09:39:49.808+0000] {logging_mixin.py:154} INFO - [2023-11-30T09:39:49.808+0000] {dagbag.py:536} INFO - Filling up the DagBag from /home/airflow/.local/lib/python3.8/site-packages/airflow/example_dags/tutorial_dag.py
[2023-11-30T09:39:49.821+0000] {processor.py:839} INFO - DAG(s) dict_keys(['tutorial_dag']) retrieved from /home/airflow/.local/lib/python3.8/site-packages/airflow/example_dags/tutorial_dag.py
[2023-11-30T09:39:49.883+0000] {logging_mixin.py:154} INFO - [2023-11-30T09:39:49.882+0000] {dag.py:2941} INFO - Sync 1 DAGs
[2023-11-30T09:39:49.918+0000] {logging_mixin.py:154} INFO - [2023-11-30T09:39:49.918+0000] {dag.py:3722} INFO - Setting next_dagrun for tutorial_dag to None, run_after=None
[2023-11-30T09:39:49.969+0000] {processor.py:179} INFO - Processing /home/airflow/.local/lib/python3.8/site-packages/airflow/example_dags/tutorial_dag.py took 0.178 seconds
[2023-11-30T09:40:20.720+0000] {processor.py:157} INFO - Started process (PID=30818) to work on /home/airflow/.local/lib/python3.8/site-packages/airflow/example_dags/tutorial_dag.py
[2023-11-30T09:40:20.723+0000] {processor.py:829} INFO - Processing file /home/airflow/.local/lib/python3.8/site-packages/airflow/example_dags/tutorial_dag.py for tasks to queue
[2023-11-30T09:40:20.725+0000] {logging_mixin.py:154} INFO - [2023-11-30T09:40:20.725+0000] {dagbag.py:536} INFO - Filling up the DagBag from /home/airflow/.local/lib/python3.8/site-packages/airflow/example_dags/tutorial_dag.py
[2023-11-30T09:40:20.736+0000] {processor.py:839} INFO - DAG(s) dict_keys(['tutorial_dag']) retrieved from /home/airflow/.local/lib/python3.8/site-packages/airflow/example_dags/tutorial_dag.py
[2023-11-30T09:40:20.783+0000] {logging_mixin.py:154} INFO - [2023-11-30T09:40:20.782+0000] {dag.py:2941} INFO - Sync 1 DAGs
[2023-11-30T09:40:20.805+0000] {logging_mixin.py:154} INFO - [2023-11-30T09:40:20.805+0000] {dag.py:3722} INFO - Setting next_dagrun for tutorial_dag to None, run_after=None
[2023-11-30T09:40:20.842+0000] {processor.py:179} INFO - Processing /home/airflow/.local/lib/python3.8/site-packages/airflow/example_dags/tutorial_dag.py took 0.129 seconds
